# Time-averaged data for fix myMSD
# TimeStep MSD_X MSD_Y MSD_Z MSD_Total Temperture
100 0.0161937 0.0145508 0.016801 0.0475454 215.339
200 0.0741865 0.0654374 0.071265 0.210889 279.769
300 0.124661 0.131247 0.12119 0.377099 334.724
400 0.199742 0.196736 0.1558 0.552278 332.653
500 0.224879 0.210274 0.199562 0.634715 323.085
600 0.278301 0.209492 0.233082 0.720875 306.793
700 0.268672 0.226425 0.271888 0.766985 307.229
800 0.277509 0.2747 0.285059 0.837268 294.756
900 0.277346 0.293426 0.286077 0.856849 301.692
1000 0.268016 0.274882 0.303263 0.846161 322.467
1100 0.272052 0.288986 0.305575 0.866613 346.168
1200 0.286903 0.316289 0.322342 0.925534 319.737
1300 0.295437 0.318464 0.332541 0.946441 322.971
1400 0.298116 0.316646 0.35872 0.973483 313.577
1500 0.314072 0.3406 0.38469 1.03936 309.357
1600 0.362286 0.356617 0.433677 1.15258 292.397
1700 0.367915 0.361773 0.470087 1.19977 338.174
1800 0.365124 0.359468 0.469277 1.19387 342.856
1900 0.390829 0.384112 0.462908 1.23785 337.745
2000 0.40757 0.43033 0.462761 1.30066 326.854
2100 0.419264 0.446316 0.481242 1.34682 293.114
2200 0.463126 0.501204 0.553152 1.51748 306.332
2300 0.512021 0.567193 0.620765 1.69998 314.283
2400 0.556752 0.618099 0.655504 1.83035 307.571
2500 0.580716 0.620238 0.657885 1.85884 289.201
2600 0.556979 0.610157 0.640072 1.80721 289.997
2700 0.547016 0.615118 0.685171 1.8473 308.353
2800 0.555698 0.62816 0.723745 1.9076 321.68
2900 0.533058 0.645485 0.686146 1.86469 301.549
3000 0.533942 0.601387 0.684231 1.81956 309.381
3100 0.535077 0.570626 0.684727 1.79043 311.076
3200 0.583374 0.572819 0.635695 1.79189 307.904
3300 0.675805 0.606562 0.653751 1.93612 304.834
3400 0.768758 0.633958 0.661663 2.06438 308.978
3500 0.73898 0.644077 0.723933 2.10699 337.372
3600 0.709328 0.658291 0.825362 2.19298 340.78
3700 0.716425 0.662476 0.858006 2.23691 314.083
3800 0.680058 0.671579 0.866015 2.21765 301.414
3900 0.639844 0.656857 0.837112 2.13381 287.628
4000 0.660525 0.666412 0.871002 2.19794 296.546
4100 0.64794 0.685829 0.88902 2.22279 297.768
4200 0.646658 0.667574 0.902637 2.21687 323.888
4300 0.645346 0.687875 0.870258 2.20348 326.933
4400 0.636267 0.703172 0.861741 2.20118 317.272
4500 0.645428 0.71927 0.861366 2.22606 275.463
4600 0.633686 0.719202 0.901362 2.25425 312.444
4700 0.631564 0.723792 0.875771 2.23113 275.113
4800 0.593536 0.735726 0.890017 2.21928 308.07
4900 0.577819 0.730631 0.933888 2.24234 321.894
5000 0.583809 0.722927 0.984541 2.29128 280.729
5100 0.597701 0.729498 0.968881 2.29608 309.286
5200 0.635621 0.761001 0.981192 2.37781 283.712
5300 0.675095 0.787971 0.969319 2.43238 294.151
5400 0.660792 0.795116 0.989398 2.44531 284.006
5500 0.639673 0.798473 1.00416 2.4423 335.312
5600 0.62781 0.77427 0.998267 2.40035 320.035
5700 0.649894 0.799735 0.959076 2.4087 286.016
5800 0.65808 0.841202 0.875366 2.37465 300.963
5900 0.649953 0.827689 0.919339 2.39698 299.707
6000 0.648067 0.775622 0.889418 2.31311 316.963
6100 0.613894 0.812589 0.886253 2.31274 304.103
6200 0.591397 0.814208 0.907585 2.31319 303.989
6300 0.584282 0.773531 0.888499 2.24631 296.821
6400 0.598722 0.788484 0.924729 2.31194 284.385
6500 0.638579 0.836116 0.958445 2.43314 301.663
6600 0.637213 0.840252 0.93537 2.41283 324.247
6700 0.660715 0.810375 1.0095 2.48059 317.318
6800 0.627995 0.797401 0.974077 2.39947 299.061
6900 0.631589 0.80767 0.935707 2.37497 293.354
7000 0.643957 0.800284 0.952672 2.39691 303.178
7100 0.653938 0.822101 0.970097 2.44614 299.035
7200 0.685414 0.794199 0.935586 2.4152 312.899
7300 0.676912 0.816098 0.926709 2.41972 307.095
7400 0.651732 0.849782 0.927679 2.42919 307.655
7500 0.663903 0.912131 0.959795 2.53583 296.894
7600 0.694151 0.896383 0.973313 2.56385 293.632
7700 0.716653 0.867325 1.03348 2.61745 299.276
7800 0.707232 0.840314 1.0618 2.60934 313.718
7900 0.672064 0.857676 1.05335 2.58309 318.9
8000 0.670149 0.870041 1.04363 2.58382 296.104
8100 0.674657 0.836872 1.00653 2.51806 284.644
8200 0.709423 0.841616 1.0383 2.58934 295.774
8300 0.693469 0.853721 0.976079 2.52327 300.467
8400 0.686103 0.899571 0.995286 2.58096 313.731
8500 0.709332 0.913104 0.984276 2.60671 313.562
8600 0.710892 0.915872 0.970232 2.597 309.637
8700 0.707074 0.907968 0.970226 2.58527 300.424
8800 0.689736 0.881083 0.987154 2.55797 295.178
8900 0.647265 0.880875 1.00422 2.53236 290.538
9000 0.643567 0.867985 1.00011 2.51167 304.577
9100 0.660004 0.820222 1.0226 2.50283 312.022
9200 0.694235 0.818174 0.982357 2.49477 293.295
9300 0.690565 0.855109 0.946412 2.49209 303.602
9400 0.681459 0.870003 0.960605 2.51207 298.882
9500 0.704269 0.892625 1.00494 2.60183 302.734
9600 0.729913 0.882502 0.973573 2.58599 293.539
9700 0.703788 0.872871 0.959459 2.53612 301.937
9800 0.636805 0.845845 0.96556 2.44821 323.53
9900 0.635348 0.850262 0.976779 2.46239 311.709
10000 0.671797 0.863919 1.01626 2.55197 287.704
10100 0.689141 0.911432 1.02566 2.62623 291.484
10200 0.691976 0.933923 0.988991 2.61489 302.975
10300 0.694552 0.93665 0.986806 2.61801 330.003
10400 0.644084 0.909057 1.00465 2.55779 309.247
10500 0.638404 0.903966 0.975151 2.51752 304.164
10600 0.684738 0.909131 0.95115 2.54502 299.412
10700 0.699341 0.914721 1.00636 2.62042 293.846
10800 0.685626 0.90835 1.02832 2.62229 290.557
10900 0.676598 0.922533 0.971955 2.57109 301.815
11000 0.671952 0.893044 0.992282 2.55728 307.352
11100 0.689663 0.91616 0.99896 2.60478 300.699
11200 0.717348 0.917907 0.986922 2.62218 303.87
11300 0.729173 0.910065 1.01793 2.65717 298.713
11400 0.722124 0.895722 1.05858 2.67642 291.719
11500 0.691377 0.858131 1.04153 2.59104 291.921
11600 0.675493 0.886073 0.9702 2.53177 297.995
11700 0.674253 0.912526 0.988576 2.57536 311.212
11800 0.679533 0.891824 1.02204 2.5934 303.062
11900 0.688865 0.897307 0.982709 2.56888 283.942
12000 0.702774 0.923281 0.954196 2.58025 291.979
12100 0.694535 0.914929 0.981517 2.59098 304.646
12200 0.713945 0.940335 1.00849 2.66277 305.787
12300 0.68866 0.920587 1.01022 2.61947 305.135
12400 0.673823 0.923057 1.03396 2.63084 292.074
12500 0.670777 0.90001 1.02324 2.59403 293.638
12600 0.68659 0.930292 0.975374 2.59226 285.786
12700 0.690765 0.927427 0.958304 2.5765 263.052
12800 0.696824 0.911963 0.989346 2.59813 284.865
12900 0.649613 0.902868 1.0103 2.56279 290.792
13000 0.663304 0.898081 0.988097 2.54948 306.689
13100 0.698497 0.930233 1.03912 2.66785 312.682
13200 0.691061 0.940245 1.07826 2.70957 299.312
13300 0.700362 0.969466 1.035 2.70483 292.375
13400 0.666726 0.922552 1.00325 2.59253 294.816
13500 0.642824 0.938943 1.03137 2.61314 306.221
13600 0.669557 0.963056 1.04739 2.68 311.457
13700 0.695392 0.978801 1.00714 2.68133 312.546
13800 0.696883 0.956958 1.02047 2.67431 296.14
13900 0.723184 0.968786 1.02342 2.71539 298.614
14000 0.747109 0.99174 1.02801 2.76686 301.327
14100 0.731246 1.00655 1.01214 2.74993 282.662
14200 0.744943 0.993002 1.02328 2.76122 285.161
14300 0.743455 0.978029 1.05817 2.77965 293.176
14400 0.716369 0.976091 1.07026 2.76272 299.795
14500 0.717953 0.969806 1.00078 2.68854 302.695
14600 0.714166 0.995527 0.993433 2.70313 309.925
14700 0.71719 0.962577 1.01149 2.69125 287.528
14800 0.694254 0.971613 1.00816 2.67403 290.295
14900 0.666861 0.980373 1.00784 2.65508 291.896
15000 0.662492 0.967331 1.00737 2.6372 302.866
15100 0.656237 0.950182 0.958116 2.56454 298.091
15200 0.639369 0.958437 0.932688 2.53049 300.569
15300 0.639304 0.978535 0.995622 2.61346 301.623
15400 0.677472 0.971859 1.03309 2.68242 279.604
15500 0.713863 0.940701 1.05516 2.70972 284.346
15600 0.706235 0.938942 0.998307 2.64348 301.172
15700 0.68679 0.988829 0.927416 2.60303 305.434
15800 0.67898 0.985492 0.968295 2.63277 305.937
15900 0.671791 0.939382 0.917529 2.5287 287.756
16000 0.672785 0.940964 0.905739 2.51949 293.59
16100 0.68353 0.932384 0.958927 2.57484 311.8
16200 0.721822 0.927831 1.02862 2.67827 332.188
16300 0.758061 0.924789 1.00971 2.69256 293.964
16400 0.757336 0.945656 0.985733 2.68872 304.522
16500 0.744626 0.925552 1.00144 2.67162 291.99
16600 0.71449 0.917362 0.992268 2.62412 289.168
16700 0.688638 0.930146 0.971944 2.59073 305.32
16800 0.699861 0.912965 0.962095 2.57492 301.033
16900 0.704255 0.855201 0.957438 2.51689 316.719
17000 0.679351 0.870018 0.943719 2.49309 295.85
17100 0.660233 0.911544 0.928637 2.50041 294.591
17200 0.676699 0.940166 0.912094 2.52896 302.051
17300 0.711283 0.980405 0.948801 2.64049 296.52
17400 0.746073 1.00694 0.984913 2.73792 302.914
17500 0.735501 0.97595 1.00212 2.71357 312.656
17600 0.735306 0.951263 0.957343 2.64391 311.553
17700 0.716483 0.927493 0.907982 2.55196 311.582
17800 0.718364 0.919689 0.927023 2.56508 298.231
17900 0.711117 0.934888 0.938328 2.58433 290.965
18000 0.699364 0.884603 0.889053 2.47302 298.046
18100 0.718601 0.898644 0.884712 2.50196 322.977
18200 0.713148 0.912862 0.903819 2.52983 298.02
18300 0.719408 0.932978 0.908183 2.56057 289.532
18400 0.725049 0.960664 0.942206 2.62792 292.354
18500 0.713469 0.970828 0.945135 2.62943 301.086
18600 0.715168 0.96387 0.956151 2.63519 306.469
18700 0.737139 0.944696 0.967496 2.64933 305.099
18800 0.731501 0.933737 0.946849 2.61209 299.794
18900 0.73694 0.926751 0.951243 2.61493 286.325
19000 0.751814 0.938266 0.957695 2.64778 291.154
19100 0.756968 0.93946 0.948198 2.64463 308.886
19200 0.744376 0.943688 0.926646 2.61471 300.8
19300 0.71773 0.946077 0.937314 2.60112 302.527
19400 0.746132 0.925606 0.975593 2.64733 302.129
19500 0.74642 0.878543 0.995798 2.62076 295.74
19600 0.727436 0.901696 0.983811 2.61294 280.589
19700 0.758205 0.960345 0.977784 2.69633 281.897
19800 0.794284 0.935484 0.981251 2.71102 289.063
19900 0.768722 0.932674 0.915606 2.617 294.051
20000 0.744018 0.937157 0.887568 2.56874 306.285
20100 0.703405 0.940619 0.906474 2.5505 309.964
20200 0.706652 0.9508 0.915628 2.57308 294.748
20300 0.736297 0.931033 0.906825 2.57415 283.454
20400 0.727777 0.942272 0.929864 2.59991 291.952
20500 0.730056 0.968618 0.940603 2.63928 294.283
20600 0.751291 0.975496 0.967294 2.69408 311.253
20700 0.775092 1.00395 0.968443 2.74749 293.645
20800 0.788166 1.00681 0.942821 2.73779 284.318
20900 0.742932 0.983204 0.922457 2.64859 315.66
21000 0.74554 0.974061 0.920158 2.63976 310.103
21100 0.739197 0.941694 0.922671 2.60356 307.079
21200 0.713705 0.934994 0.951817 2.60051 297.97
21300 0.706263 0.89882 0.926304 2.53139 286.848
21400 0.710768 0.870429 0.982808 2.56401 297.748
21500 0.69895 0.886279 1.0378 2.62303 308.72
21600 0.718565 0.911978 1.06393 2.69447 308.417
21700 0.756869 0.90507 1.04179 2.70373 304
21800 0.770383 0.969882 0.977757 2.71802 291.435
21900 0.7625 0.99303 0.955745 2.71128 298.393
22000 0.730215 0.9566 0.95574 2.64256 321.669
22100 0.710664 0.951239 0.959226 2.62113 317.579
22200 0.698063 0.959715 0.991506 2.64929 312.058
22300 0.712499 0.932124 0.980711 2.62533 301.341
22400 0.73407 0.940094 0.928617 2.60278 294.581
22500 0.738165 0.909081 0.916905 2.56415 289.871
22600 0.736382 0.931869 0.894586 2.56284 300.108
22700 0.754613 0.978459 0.902233 2.63531 310.318
22800 0.750491 1.00683 0.920902 2.67822 308.787
22900 0.725929 0.970317 0.913521 2.60977 297.466
23000 0.722953 0.942314 0.930138 2.5954 300.292
23100 0.732803 0.943105 0.963488 2.63939 291.596
23200 0.740903 0.936087 0.972324 2.64931 277.668
23300 0.732758 0.932833 0.998779 2.66437 292.704
23400 0.795064 0.927206 0.982102 2.70437 301.589
23500 0.794807 0.911631 0.950895 2.65733 316.388
23600 0.818413 0.950755 0.97161 2.74078 303.956
23700 0.824941 0.97713 1.0108 2.81287 298.498
23800 0.781849 0.98489 0.997195 2.76393 293.584
23900 0.745089 0.940699 0.979977 2.66576 294.774
24000 0.719128 0.929335 0.943054 2.59152 315.141
24100 0.721018 0.931358 0.93465 2.58703 316.111
24200 0.728845 0.904715 0.943931 2.57749 297.318
24300 0.725525 0.941743 0.937098 2.60437 293.682
24400 0.731129 0.955583 0.931276 2.61799 294.816
24500 0.791479 0.919498 0.933895 2.64487 303.643
24600 0.818672 0.909056 0.958344 2.68607 301.459
24700 0.788804 0.909634 0.927375 2.62581 317.29
24800 0.756133 0.93151 0.932314 2.61996 307.04
24900 0.725933 0.942754 0.943619 2.61231 294.771
25000 0.748199 0.943757 0.913834 2.60579 297.732
25100 0.775751 0.947759 0.911153 2.63466 295.829
25200 0.771438 0.939433 0.9554 2.66627 305.593
25300 0.746182 0.908064 0.954517 2.60876 306.616
25400 0.742809 0.924858 0.943643 2.61131 312.421
25500 0.742762 0.920724 0.922717 2.5862 291.655
25600 0.792538 0.937701 0.93474 2.66498 288.304
25700 0.787459 0.937457 0.93365 2.65857 304.637
25800 0.74693 0.941361 0.878518 2.56681 301.187
25900 0.734286 0.91889 0.867037 2.52021 314.277
26000 0.698239 0.88066 0.872258 2.45116 293.287
26100 0.70072 0.861831 0.86825 2.4308 286.393
26200 0.700342 0.898033 0.867572 2.46595 287.464
26300 0.719088 0.911181 0.882826 2.5131 298.881
26400 0.739845 0.925377 0.91606 2.58128 306.88
26500 0.772596 0.940381 0.944214 2.65719 298.12
26600 0.778642 0.959792 0.963654 2.70209 298.792
26700 0.776933 1.00337 0.932326 2.71263 307.461
26800 0.781876 0.958724 0.954363 2.69496 326.893
26900 0.797296 0.944405 0.954432 2.69613 307.413
27000 0.798144 0.937089 0.905806 2.64104 301.55
27100 0.779787 0.926152 0.92407 2.63001 296.418
27200 0.797975 0.936874 0.945371 2.68022 294.438
27300 0.781385 0.993493 0.942541 2.71742 313.952
27400 0.760649 0.995873 0.929269 2.68579 314.562
27500 0.783715 1.00251 0.959043 2.74526 313.408
27600 0.807366 1.02769 0.941997 2.77706 302.158
27700 0.832189 0.969357 0.956037 2.75758 288.383
27800 0.824969 0.961487 0.999562 2.78602 298.72
27900 0.835107 0.94118 1.00424 2.78053 310.68
28000 0.81616 0.938764 0.983713 2.73864 303.22
28100 0.814247 0.936983 1.01482 2.76605 313.615
28200 0.818955 0.933721 1.03518 2.78785 302.97
28300 0.804206 0.910216 1.05065 2.76507 288.265
28400 0.771689 0.927771 1.01113 2.71059 290.235
28500 0.78594 0.974693 1.0093 2.76993 303.453
28600 0.765278 1.01471 1.00351 2.7835 306.431
28700 0.742984 1.03609 0.988887 2.76796 303.303
28800 0.720702 1.0169 0.988631 2.72623 297.394
28900 0.721813 0.98727 0.980047 2.68913 293.627
29000 0.699995 0.939934 0.972696 2.61262 293.69
29100 0.699414 0.908746 0.957973 2.56613 285.532
29200 0.725324 0.936114 0.969211 2.63065 309.639
29300 0.744574 0.935993 0.942234 2.6228 304.83
29400 0.734216 0.93768 0.945408 2.6173 302.555
29500 0.757442 0.915382 0.963225 2.63605 285.796
29600 0.77883 0.941184 0.951599 2.67161 298.455
29700 0.768636 0.953085 0.943562 2.66528 295.833
29800 0.76856 0.924725 0.968068 2.66135 316.436
29900 0.76502 0.965651 1.00189 2.73256 309.219
30000 0.755655 0.995002 1.00591 2.75657 301.03
30100 0.794136 0.982782 1.03776 2.81468 289.032
30200 0.803918 0.952985 1.05629 2.81319 302.476
30300 0.80381 0.942105 1.03178 2.77769 313.345
30400 0.83333 0.937294 0.98329 2.75391 321.863
30500 0.7912 0.889578 1.00736 2.68813 306.504
30600 0.704156 0.872112 1.04725 2.62351 300.663
30700 0.68684 0.834876 1.01766 2.53937 291.741
30800 0.699533 0.828407 1.03232 2.56026 295.353
30900 0.70269 0.827845 1.06363 2.59417 301.481
31000 0.713068 0.82689 1.05308 2.59304 314.766
31100 0.724161 0.883654 1.05614 2.66396 310.206
31200 0.749783 0.885565 1.09984 2.73518 295.915
31300 0.75509 0.879691 1.08573 2.72051 301.655
31400 0.766543 0.866092 1.10369 2.73632 293.008
31500 0.786742 0.854077 1.12082 2.76164 306.764
31600 0.775312 0.860064 1.14653 2.7819 315.507
31700 0.787735 0.887898 1.10499 2.78063 312.601
31800 0.800438 0.905011 1.10704 2.81248 295.827
31900 0.797794 0.882687 1.10209 2.78257 291.446
32000 0.790056 0.861439 1.07651 2.728 295.343
32100 0.782575 0.867154 1.06813 2.71786 307.489
32200 0.806781 0.85243 1.08347 2.74268 318.645
32300 0.791166 0.844338 1.1085 2.74401 321.331
32400 0.760494 0.836566 1.02881 2.62587 319.228
32500 0.757312 0.883815 1.05906 2.70019 301.69
32600 0.757512 0.901754 1.06451 2.72377 290.098
32700 0.745968 0.919686 1.07454 2.74019 289.036
32800 0.741135 0.932595 1.09716 2.77089 310.576
32900 0.735402 0.937363 1.09841 2.77118 293.057
33000 0.745168 0.937598 1.09249 2.77526 310.191
33100 0.736942 0.915356 1.10754 2.75984 290.87
33200 0.738084 0.909687 1.10426 2.75203 285.292
33300 0.738989 0.936248 1.10469 2.77993 290.998
33400 0.755629 0.909844 1.13277 2.79825 304.909
33500 0.772851 0.87716 1.11853 2.76854 301.554
33600 0.782377 0.880069 1.13574 2.79819 311.252
33700 0.776818 0.844647 1.0609 2.68237 294.513
33800 0.774897 0.825462 1.06416 2.66452 283.502
33900 0.751918 0.871852 1.08209 2.70586 286.415
34000 0.757391 0.894438 1.11768 2.76951 299.103
34100 0.754068 0.890543 1.09295 2.73756 302.709
34200 0.756425 0.922777 1.08926 2.76846 304.926
34300 0.772598 0.940517 1.10886 2.82197 310.741
34400 0.800274 0.913638 1.09273 2.80664 290.923
34500 0.778603 0.93162 1.03481 2.74504 296.333
34600 0.728808 0.937967 1.03172 2.6985 293.187
34700 0.675964 0.914674 1.04139 2.63203 308.39
34800 0.691845 0.87293 1.05319 2.61796 310.308
34900 0.698507 0.911659 1.04443 2.65459 304.529
35000 0.687486 0.958585 1.07429 2.72036 303.437
35100 0.685083 0.945784 1.05571 2.68658 295.799
35200 0.704898 0.909733 1.06312 2.67775 296.877
35300 0.724929 0.858014 1.05231 2.63525 302.249
35400 0.734051 0.831747 0.997184 2.56298 298.164
35500 0.727911 0.848084 1.0276 2.6036 303.284
35600 0.752302 0.866644 1.02387 2.64282 302.699
35700 0.768039 0.88491 1.02536 2.67831 311.657
35800 0.804738 0.898452 1.06169 2.76488 304.391
35900 0.790078 0.9003 1.08266 2.77304 298.411
36000 0.772077 0.891408 1.13122 2.79471 286.936
36100 0.754064 0.902054 1.08853 2.74465 308.224
36200 0.760712 0.898408 1.05122 2.71034 298.456
36300 0.74882 0.926299 1.05058 2.72569 310.414
36400 0.702359 0.941346 1.09199 2.7357 309.499
36500 0.69059 0.933715 1.08712 2.71143 297.61
36600 0.710211 0.933261 1.05481 2.69828 287.594
36700 0.693885 0.906021 1.07681 2.67672 293.103
36800 0.689386 0.890928 1.10755 2.68787 309.129
36900 0.711053 0.889821 1.08508 2.68595 310.415
37000 0.737147 0.879605 1.07535 2.6921 305.673
37100 0.767526 0.87099 1.11833 2.75684 290.003
37200 0.777791 0.873649 1.12806 2.7795 293.474
37300 0.755371 0.853273 1.10717 2.71581 309.626
37400 0.726267 0.859947 1.09233 2.67855 305.205
37500 0.737425 0.877315 1.09168 2.70642 287.751
37600 0.750629 0.876296 1.07158 2.6985 286.149
37700 0.736175 0.868599 0.995926 2.6007 290.88
37800 0.72871 0.908847 1.03856 2.67611 299.343
37900 0.709533 0.905535 1.04081 2.65588 304.249
38000 0.708576 0.919085 1.01136 2.63902 296.678
38100 0.742964 0.917728 1.06646 2.72716 306.857
38200 0.768415 0.872228 1.11203 2.75267 282.911
38300 0.763056 0.856967 1.11201 2.73203 284.442
38400 0.756589 0.861082 1.08961 2.70728 301.355
38500 0.733196 0.88982 1.13592 2.75894 298.198
38600 0.73147 0.887302 1.12 2.73878 305.263
38700 0.731766 0.888822 1.15416 2.77474 302.588
38800 0.7279 0.863504 1.10876 2.70017 287.664
38900 0.742269 0.845021 1.11029 2.69758 287.691
39000 0.734487 0.861704 1.09554 2.69174 293.883
39100 0.715949 0.85394 1.11469 2.68458 297.62
39200 0.736619 0.834122 1.10931 2.68005 301.83
39300 0.733698 0.850136 1.07756 2.66139 309.976
39400 0.704787 0.845321 1.06565 2.61576 293.721
39500 0.725264 0.8452 1.0664 2.63686 280.673
39600 0.770799 0.867836 1.14203 2.78067 280.736
39700 0.79643 0.910566 1.14209 2.84908 288.715
39800 0.780446 0.91889 1.13765 2.83699 293.114
39900 0.750655 0.904905 1.1283 2.78386 308.278
40000 0.761232 0.934333 1.12105 2.81661 300.146
40100 0.762918 0.942308 1.13065 2.83588 296.206
40200 0.722845 0.928367 1.10845 2.75966 289.642
40300 0.715161 0.914177 1.15749 2.78682 300.103
40400 0.741721 0.898839 1.14449 2.78505 302.442
40500 0.765364 0.886074 1.09378 2.74521 308.045
40600 0.786631 0.89138 1.0593 2.73731 311.079
40700 0.824862 0.916547 1.07845 2.81986 306.838
40800 0.828615 0.957267 1.08811 2.87399 288.701
40900 0.834785 0.982122 1.09409 2.911 294.949
41000 0.816875 0.966901 1.1146 2.89838 303.707
41100 0.79115 0.955564 1.14277 2.88949 309.641
41200 0.753756 0.957524 1.14816 2.85944 310.923
41300 0.750477 0.97507 1.13992 2.86547 310.247
41400 0.768826 0.919871 1.16133 2.85003 303.099
41500 0.773164 0.885644 1.15553 2.81434 289.806
41600 0.7961 0.872119 1.11716 2.78538 290.844
41700 0.778901 0.892666 1.11591 2.78748 305.539
41800 0.758045 0.920537 1.06642 2.74501 305.947
41900 0.746919 0.927135 1.06749 2.74154 311.245
42000 0.753763 0.94468 1.11132 2.80976 296.694
42100 0.754908 0.954315 1.12786 2.83708 299.305
42200 0.785946 0.975743 1.15387 2.91556 292.507
42300 0.796223 0.969525 1.15969 2.92544 299.087
42400 0.808295 0.969802 1.17345 2.95154 310.996
42500 0.815101 0.963933 1.17606 2.95509 298.278
42600 0.788276 0.95542 1.11631 2.86001 293.532
42700 0.782508 0.989752 1.10583 2.87809 278.149
42800 0.76913 0.978871 1.12349 2.87149 280.158
42900 0.768875 0.91436 1.09247 2.7757 293.384
43000 0.774638 0.890562 1.10466 2.76986 306.796
43100 0.767303 0.859859 1.11023 2.73739 304.017
43200 0.778205 0.897946 1.10018 2.77633 297.357
43300 0.763556 0.932089 1.09891 2.79456 296.061
43400 0.763864 0.927073 1.1149 2.80584 281.692
43500 0.748306 0.920041 1.12672 2.79506 292.603
43600 0.748538 0.907716 1.12973 2.78598 303.005
43700 0.756429 0.918901 1.09521 2.77054 303.214
43800 0.738954 0.902515 1.08394 2.7254 302.895
43900 0.73271 0.875121 1.09329 2.70112 287.899
44000 0.726017 0.896905 1.12777 2.7507 295.733
44100 0.721935 0.893509 1.09426 2.70971 305.033
44200 0.722805 0.915817 1.10243 2.74105 307.996
44300 0.71884 0.943463 1.14873 2.81103 303.639
44400 0.742181 0.970628 1.15289 2.8657 304.898
44500 0.757806 0.96554 1.17355 2.8969 286.53
44600 0.786524 0.954861 1.15807 2.89945 289.981
44700 0.776421 0.916299 1.12714 2.81986 307.897
44800 0.747399 0.891421 1.10584 2.74466 310.339
44900 0.746252 0.863161 1.0993 2.70871 302.895
45000 0.751195 0.86481 1.15802 2.77403 295.71
45100 0.746913 0.891318 1.1564 2.79463 293.665
45200 0.749037 0.899653 1.12594 2.77463 290.56
45300 0.76746 0.888714 1.11622 2.77239 303.761
45400 0.747789 0.879385 1.11778 2.74495 314.061
45500 0.71473 0.883141 1.09455 2.69242 305.718
45600 0.720034 0.868511 1.14675 2.73529 294.76
45700 0.759112 0.89403 1.15816 2.8113 297.246
45800 0.751126 0.908165 1.19613 2.85542 292.22
45900 0.728667 0.936134 1.1868 2.8516 293.694
46000 0.741827 0.920746 1.17971 2.84229 300.909
46100 0.736074 0.919038 1.14516 2.80027 318.729
46200 0.747434 0.899784 1.14894 2.79616 303.267
46300 0.751791 0.90575 1.09421 2.75175 299.285
46400 0.758116 0.944433 1.06226 2.76481 292.481
46500 0.77483 0.952586 1.08224 2.80965 299.119
46600 0.772644 0.919367 1.09847 2.79048 299.378
46700 0.762651 0.905407 1.1197 2.78776 310.049
46800 0.74038 0.884812 1.11098 2.73617 301.502
46900 0.746662 0.870953 1.15219 2.7698 290.428
47000 0.734269 0.869369 1.18001 2.78365 293.75
47100 0.733702 0.873332 1.14598 2.75301 302.608
47200 0.743288 0.897379 1.16 2.80066 311.906
47300 0.772849 0.95588 1.13975 2.86848 307.09
47400 0.787414 0.969961 1.13721 2.89458 290.179
47500 0.788844 0.924683 1.10223 2.81576 287.733
47600 0.809585 0.915672 1.09849 2.82375 296.961
47700 0.803867 0.951476 1.12893 2.88428 310.442
47800 0.802961 0.897276 1.15974 2.85998 306.461
47900 0.773553 0.875461 1.17279 2.8218 284.545
48000 0.759247 0.877137 1.13126 2.76765 277.958
48100 0.755042 0.883466 1.15101 2.78952 291.527
48200 0.777291 0.910104 1.09116 2.77855 297.173
48300 0.784016 0.912484 1.1036 2.8001 295.391
48400 0.76611 0.913881 1.15378 2.83377 300.916
48500 0.76331 0.944847 1.13066 2.83882 311.317
48600 0.755316 0.944321 1.12085 2.82049 309.113
48700 0.767972 0.906988 1.13614 2.8111 307.288
48800 0.786829 0.900536 1.08994 2.7773 301.879
48900 0.784015 0.927985 1.07664 2.78864 290.867
49000 0.791645 0.942516 1.11216 2.84633 300.937
49100 0.815988 0.9299 1.12268 2.86856 313.64
49200 0.819462 0.91329 1.10097 2.83372 300.522
49300 0.819627 0.934146 1.13576 2.88953 288.498
49400 0.78834 0.912326 1.11832 2.81899 283.974
49500 0.775387 0.920072 1.12754 2.823 291.076
49600 0.756876 0.885434 1.10316 2.74548 304.152
49700 0.716115 0.869376 1.12496 2.71045 305.127
49800 0.711359 0.872273 1.1261 2.70973 299.182
49900 0.742854 0.874001 1.10597 2.72282 283.82
50000 0.768846 0.881238 1.10586 2.75594 282.191
50100 0.80902 0.924151 1.11053 2.8437 273.963
50200 0.835187 0.960742 1.12661 2.92254 292.611
50300 0.79959 0.964851 1.20667 2.97112 299.051
50400 0.770558 0.937723 1.21678 2.92506 304.518
50500 0.787687 0.896458 1.25608 2.94023 305.848
50600 0.818248 0.898185 1.21606 2.93249 296.04
50700 0.799217 0.8894 1.16516 2.85378 287.251
50800 0.799726 0.921011 1.14721 2.86795 295.778
50900 0.787409 1.01166 1.14694 2.94601 299.755
51000 0.798237 1.00481 1.1303 2.93334 312.249
51100 0.81326 0.984464 1.12464 2.92236 309.758
51200 0.802458 0.965133 1.11201 2.87961 295.719
51300 0.794158 0.965598 1.1072 2.86695 300.624
51400 0.808839 0.985128 1.10533 2.8993 300.078
51500 0.79125 0.972126 1.14215 2.90552 301.662
51600 0.787169 0.939066 1.16721 2.89344 288.315
51700 0.804129 0.926411 1.17808 2.90862 277.919
51800 0.792542 0.940214 1.14883 2.88159 292.807
51900 0.775585 0.927833 1.13417 2.83759 301.665
52000 0.776079 0.935813 1.18261 2.8945 305.25
52100 0.758361 0.923695 1.1729 2.85496 299.766
52200 0.75958 0.927598 1.1578 2.84497 294.767
52300 0.780351 0.944605 1.17813 2.90308 290.081
52400 0.813716 0.961638 1.15174 2.92709 281.57
52500 0.823664 0.968339 1.15187 2.94388 280.115
52600 0.816904 0.969934 1.10869 2.89553 307.13
52700 0.822049 0.972401 1.11876 2.91321 304.239
52800 0.822279 0.974727 1.13531 2.93232 303.702
52900 0.803335 0.977744 1.15218 2.93326 293.931
53000 0.761488 0.944407 1.14616 2.85206 284.425
53100 0.767725 0.917303 1.16907 2.85409 287.807
53200 0.796415 0.905546 1.1759 2.87786 303.607
53300 0.809769 0.901588 1.19158 2.90294 307.577
53400 0.788663 0.916392 1.16196 2.86702 308.025
53500 0.782794 0.912565 1.11271 2.80807 295.19
53600 0.803465 0.90346 1.12783 2.83476 290.542
53700 0.788804 0.90471 1.18681 2.88033 295.08
53800 0.783874 0.941873 1.19124 2.91699 299.514
53900 0.775067 0.936278 1.1919 2.90325 306.954
54000 0.762896 0.929619 1.15032 2.84283 309.015
54100 0.786167 0.923568 1.13505 2.84478 295.983
54200 0.806299 0.932661 1.19829 2.93725 306.016
54300 0.810206 0.93287 1.14774 2.89081 300.663
54400 0.82945 0.919174 1.16722 2.91585 289.319
54500 0.843997 0.916474 1.17187 2.93234 286.13
54600 0.818458 0.94741 1.14797 2.91384 293.874
54700 0.823559 0.959275 1.15975 2.94259 298.137
54800 0.823412 0.938349 1.15638 2.91814 297.593
54900 0.784894 0.89811 1.17571 2.85871 309.242
55000 0.764986 0.880118 1.19886 2.84396 301.154
55100 0.759788 0.874894 1.18092 2.81561 288.118
55200 0.764215 0.918211 1.17674 2.85917 293.191
55300 0.794088 0.941696 1.17831 2.91409 301.456
55400 0.810916 0.962171 1.18112 2.95421 303.198
55500 0.84185 1.01701 1.17011 3.02897 315.372
55600 0.868369 1.03409 1.16543 3.06789 301.483
55700 0.844306 0.967241 1.15828 2.96982 295.678
55800 0.867051 0.963671 1.12182 2.95255 292.726
55900 0.872372 0.950433 1.16812 2.99092 297.841
56000 0.843171 0.928535 1.17617 2.94788 306.574
56100 0.840958 0.93978 1.16003 2.94077 303.475
56200 0.855721 0.922478 1.19457 2.97277 306.277
56300 0.834407 0.931779 1.17376 2.93995 297.947
56400 0.81037 0.933673 1.12784 2.87188 286.964
56500 0.805803 0.937027 1.15981 2.90264 285.096
56600 0.815214 0.92691 1.18902 2.93114 305.379
56700 0.828008 0.939901 1.18368 2.95159 309.416
56800 0.823625 0.947902 1.23653 3.00806 300.223
56900 0.794039 0.941748 1.17364 2.90943 293.184
57000 0.794847 0.925028 1.1543 2.87418 292.764
57100 0.811559 0.922981 1.12229 2.85683 289.5
57200 0.803372 0.921212 1.10396 2.82854 296.285
57300 0.791871 0.894513 1.11589 2.80227 311.487
57400 0.784148 0.886704 1.10407 2.77492 306.773
57500 0.771697 0.903374 1.08938 2.76445 295.424
57600 0.775558 0.883236 1.09513 2.75393 288.378
57700 0.789137 0.872756 1.13763 2.79952 292.551
57800 0.805734 0.891045 1.13392 2.8307 293.748
57900 0.792338 0.906592 1.13366 2.83259 303.275
58000 0.782362 0.922701 1.17755 2.88261 309.836
58100 0.788314 0.980261 1.16436 2.93294 308.771
58200 0.808815 1.01115 1.13439 2.95436 292.922
58300 0.822228 0.951788 1.15917 2.93318 304.537
58400 0.847667 0.933088 1.1991 2.97985 293.459
58500 0.857932 0.928227 1.1607 2.94686 297.378
58600 0.823809 0.926934 1.17112 2.92187 295.074
58700 0.806041 0.953156 1.13975 2.89895 295.862
58800 0.816336 0.975034 1.17066 2.96203 307.55
58900 0.804571 0.98474 1.13826 2.92757 305.425
59000 0.790744 0.950679 1.15044 2.89186 299.107
59100 0.788551 0.925677 1.15152 2.86575 304.418
59200 0.785801 0.918785 1.125 2.82959 294.872
59300 0.796722 0.891754 1.13923 2.82771 284.288
59400 0.787136 0.871785 1.07923 2.73815 287.117
59500 0.793508 0.88305 1.06155 2.73811 306.325
59600 0.772086 0.901644 1.10044 2.77417 304.498
59700 0.765137 0.913438 1.1074 2.78598 304.258
59800 0.795766 0.960968 1.18826 2.94499 298.581
59900 0.811606 0.967925 1.23229 3.01182 293.067
60000 0.80542 0.976556 1.20569 2.98766 287.848
60100 0.830776 0.948906 1.22433 3.00401 291.727
60200 0.863434 0.921743 1.19403 2.9792 296.097
60300 0.849846 0.924009 1.18259 2.95644 305.157
60400 0.832985 0.935751 1.20977 2.97851 300.059
60500 0.830563 0.919306 1.15077 2.90064 301.201
60600 0.821578 0.944257 1.19428 2.96011 291.002
60700 0.839808 0.938516 1.21957 2.99789 287.931
60800 0.840447 0.918695 1.23682 2.99596 299.957
60900 0.839087 0.908525 1.16985 2.91747 304.554
61000 0.834162 0.924923 1.17969 2.93877 302.819
61100 0.804573 0.950592 1.21424 2.96941 297.188
61200 0.784846 0.923509 1.17998 2.88833 303.351
61300 0.791915 0.902144 1.1469 2.84096 293.346
61400 0.789672 0.919809 1.13771 2.84719 286.765
61500 0.796055 0.937796 1.12594 2.85979 298.967
61600 0.814169 0.937418 1.1419 2.89349 306.144
61700 0.827448 0.974675 1.11881 2.92093 307.802
61800 0.825068 0.991902 1.09888 2.91585 300.69
61900 0.835708 0.989349 1.06163 2.88669 298.369
62000 0.824806 1.0007 1.04722 2.87273 303.77
62100 0.84799 0.973251 1.06964 2.89088 299.461
62200 0.841361 0.964798 1.06688 2.87304 304.557
62300 0.834609 0.953368 1.09027 2.87825 287.087
62400 0.831068 0.967333 1.11171 2.91012 281.232
62500 0.83113 0.976495 1.06217 2.8698 293
62600 0.872303 0.994702 1.04686 2.91386 298.095
62700 0.885471 1.00579 1.05634 2.9476 300.638
62800 0.873378 1.02008 1.05305 2.9465 297.404
62900 0.874391 1.02287 1.07719 2.97444 305.209
63000 0.859794 1.00578 1.10495 2.97053 308.494
63100 0.859114 0.984759 1.13897 2.98284 297.386
63200 0.833278 0.97972 1.11476 2.92776 289.177
63300 0.839748 0.956246 1.12484 2.92083 304.426
63400 0.871078 0.927302 1.1346 2.93299 312.16
63500 0.85588 0.90691 1.12604 2.88883 292.351
63600 0.834083 0.886421 1.08968 2.81019 283.072
63700 0.839792 0.851568 1.13495 2.82631 298.994
63800 0.829951 0.825587 1.20412 2.85966 302.655
63900 0.852645 0.856919 1.2279 2.93746 304.871
64000 0.865444 0.912201 1.19419 2.97183 298.704
64100 0.847687 0.919885 1.20278 2.97035 297.779
64200 0.846919 0.924752 1.15352 2.92519 277.879
64300 0.820794 0.925729 1.13231 2.87883 285.215
64400 0.827704 0.880959 1.12559 2.83425 295.718
64500 0.819074 0.836921 1.09522 2.75122 298.567
64600 0.830493 0.879963 1.11278 2.82324 304.897
64700 0.811493 0.93318 1.12502 2.86969 307.468
64800 0.77952 0.922969 1.1607 2.86319 296.111
64900 0.797153 0.911146 1.18066 2.88896 286.131
65000 0.819206 0.938088 1.16353 2.92082 289.211
65100 0.810101 0.947836 1.10782 2.86576 301.486
65200 0.833476 0.900225 1.13493 2.86863 308.06
65300 0.840601 0.867123 1.16174 2.86946 301.474
65400 0.829904 0.866735 1.1189 2.81554 288.982
65500 0.8234 0.887033 1.15096 2.86139 293.052
65600 0.821777 0.956766 1.1315 2.91005 297.592
65700 0.825847 0.932226 1.11761 2.87569 311.177
65800 0.780245 0.886606 1.13403 2.80088 309.179
65900 0.763654 0.864274 1.10175 2.72968 292.835
66000 0.777393 0.869963 1.14768 2.79504 295.095
66100 0.81793 0.889329 1.11323 2.82049 302.119
66200 0.814623 0.895377 1.10971 2.81971 300.223
66300 0.814339 0.898199 1.10073 2.81327 318.072
66400 0.798044 0.895783 1.13294 2.82677 314.641
66500 0.806672 0.89596 1.11691 2.81954 295.363
66600 0.826398 0.942275 1.15348 2.92215 296.821
66700 0.823001 0.976133 1.1723 2.97144 300.365
66800 0.805972 0.936361 1.11973 2.86207 301.639
66900 0.817426 0.909765 1.14182 2.86901 320.399
67000 0.836617 0.895659 1.14636 2.87864 309.871
67100 0.872468 0.91867 1.15447 2.9456 301.992
67200 0.857192 0.934111 1.14701 2.93831 297.094
67300 0.832792 0.957583 1.11468 2.90505 295.757
67400 0.81362 0.95627 1.0959 2.86579 306.636
67500 0.779195 0.911314 1.12647 2.81698 314.91
67600 0.780471 0.935272 1.1514 2.86714 316.727
67700 0.77738 0.917869 1.14583 2.84108 307.777
67800 0.77946 0.923174 1.13423 2.83687 294.659
67900 0.78712 0.937309 1.10226 2.82669 296.376
68000 0.797657 0.96074 1.07714 2.83554 311.686
68100 0.798655 0.968158 1.05149 2.8183 298.623
68200 0.808794 1.00222 1.05965 2.87066 291.962
68300 0.816672 0.933922 1.07363 2.82423 292.393
68400 0.79519 0.898131 1.0769 2.77022 293.534
68500 0.830118 0.90545 1.12816 2.86373 307.997
68600 0.851172 0.914501 1.16279 2.92846 314.185
68700 0.86462 0.918425 1.1453 2.92834 295.551
68800 0.857447 0.904644 1.15325 2.91534 294.349
68900 0.864933 0.910291 1.16551 2.94073 297.298
69000 0.860941 0.919677 1.15649 2.93711 305.695
69100 0.85104 0.900019 1.16311 2.91416 297.327
69200 0.833145 0.912231 1.13344 2.87882 294.111
69300 0.82228 0.93622 1.1463 2.9048 292.17
69400 0.801982 0.938701 1.14815 2.88883 289.165
69500 0.793415 0.953004 1.17772 2.92414 298.232
69600 0.787673 0.970772 1.16213 2.92057 306.016
69700 0.787635 0.965874 1.14575 2.89925 308.694
69800 0.803448 0.940526 1.14694 2.89091 296.953
69900 0.789485 0.930229 1.14069 2.86041 293.75
70000 0.779116 0.94423 1.08761 2.81096 279.691
70100 0.749664 0.971658 1.06386 2.78518 275.628
70200 0.736922 0.946157 1.0582 2.74128 291.356
70300 0.769693 0.928229 1.06629 2.76421 303.632
70400 0.790265 0.917564 1.12202 2.82985 303.595
70500 0.792939 0.906761 1.14089 2.84059 304.978
70600 0.789446 0.884579 1.13708 2.8111 290.552
70700 0.782809 0.886536 1.12132 2.79066 284.951
70800 0.81559 0.905087 1.1508 2.87148 301.845
70900 0.820194 0.936726 1.11116 2.86808 307.583
71000 0.808556 0.950422 1.11995 2.87893 318.903
71100 0.794077 0.937902 1.11145 2.84343 306.128
71200 0.831093 0.93466 1.07435 2.8401 297.463
71300 0.846183 0.953949 1.06943 2.86956 299.395
71400 0.860625 0.949198 1.11158 2.9214 292.503
71500 0.86198 0.960461 1.11581 2.93825 315.766
71600 0.851001 0.964643 1.14159 2.95723 310.7
71700 0.822388 0.950659 1.10125 2.87429 299.43
71800 0.799232 0.932679 1.1294 2.86131 296.077
71900 0.794432 0.933682 1.17068 2.8988 291.643
72000 0.791607 0.932132 1.09513 2.81887 301.364
72100 0.816618 0.944957 1.10772 2.86929 312.732
72200 0.849712 0.951708 1.19026 2.99168 297.4
72300 0.836795 0.934573 1.1551 2.92647 291.875
72400 0.829967 0.953409 1.14892 2.93229 285.64
72500 0.865122 0.95728 1.17545 2.99785 303.566
72600 0.904156 0.972679 1.1772 3.05404 301.811
72700 0.89058 0.982649 1.19128 3.06451 299.859
72800 0.895524 0.98205 1.19755 3.07512 299.938
72900 0.922087 1.00622 1.2305 3.15881 305.564
73000 0.92223 0.985259 1.19819 3.10568 296.953
73100 0.893233 0.994384 1.22317 3.11079 301.713
73200 0.87955 0.996471 1.19822 3.07424 306.983
73300 0.849867 1.00961 1.13558 2.99506 299.703
73400 0.846656 0.97987 1.15783 2.98436 295.451
73500 0.888935 0.937158 1.19691 3.023 289.933
73600 0.897891 0.950465 1.18382 3.03218 292.695
73700 0.899288 0.943402 1.13453 2.97722 312.981
73800 0.891034 0.918816 1.16594 2.97579 309.591
73900 0.882417 0.949201 1.19537 3.02699 297.804
74000 0.8668 0.956242 1.1544 2.97745 296.792
74100 0.842876 0.993324 1.1853 3.0215 295.402
74200 0.827459 1.0145 1.18298 3.02494 297.516
74300 0.829817 0.984319 1.16297 2.97711 306.564
74400 0.822418 0.93416 1.12251 2.87909 308.437
74500 0.822836 0.927827 1.15575 2.90641 301.459
74600 0.835075 0.939499 1.13366 2.90823 291.337
74700 0.834213 0.928269 1.08775 2.85023 297.465
74800 0.821435 0.920891 1.12832 2.87065 296.214
74900 0.859008 0.919559 1.16773 2.9463 302.387
75000 0.855522 0.941638 1.16662 2.96378 306.693
75100 0.86473 0.959561 1.19684 3.02113 297.795
75200 0.853213 0.956033 1.20989 3.01914 303.047
75300 0.852113 0.966219 1.23167 3.05 302.324
75400 0.87184 0.999228 1.21665 3.08772 294.432
75500 0.873316 1.0064 1.17972 3.05944 287.111
75600 0.896737 0.985703 1.15768 3.04012 297.128
75700 0.92327 0.970062 1.18408 3.07742 308.293
75800 0.928999 0.976829 1.1916 3.09742 303.376
75900 0.937519 0.965527 1.2044 3.10744 295.826
76000 0.944086 0.954096 1.19892 3.0971 289.816
76100 0.915544 0.945307 1.22089 3.08174 285.875
76200 0.86619 0.951192 1.18286 3.00024 281.161
76300 0.830502 0.950307 1.18292 2.96373 292.725
76400 0.840615 0.938725 1.16641 2.94575 301.157
76500 0.868774 0.915413 1.19152 2.97571 304.835
76600 0.889629 0.922789 1.15931 2.97173 298.46
76700 0.879465 0.910958 1.1504 2.94082 285.857
76800 0.842587 0.905928 1.15398 2.90249 282.26
76900 0.846083 0.93108 1.19421 2.97137 291.165
77000 0.891121 0.956996 1.17837 3.02648 311.813
77100 0.879929 0.986066 1.16646 3.03246 301.307
77200 0.877365 0.986445 1.19919 3.063 296.221
77300 0.89623 0.954368 1.20023 3.05083 287.486
77400 0.900847 0.973465 1.17526 3.04957 284.468
77500 0.881211 0.98508 1.07508 2.94137 300.628
77600 0.83733 0.964734 1.07272 2.87479 305.871
77700 0.801599 0.929983 1.11256 2.84414 307.739
77800 0.804843 0.908503 1.15595 2.86929 297.623
77900 0.810472 0.922244 1.12833 2.86105 288.036
78000 0.807323 0.910582 1.12345 2.84136 287.751
78100 0.832108 0.893322 1.17926 2.90469 301.114
78200 0.868943 0.908463 1.20001 2.97741 299.528
78300 0.913464 0.923716 1.16002 2.9972 307.334
78400 0.907919 0.922603 1.18282 3.01334 310.273
78500 0.898957 0.933519 1.18556 3.01804 298.477
78600 0.883975 0.948417 1.14302 2.97541 287.752
78700 0.852645 0.97615 1.15334 2.98213 293.599
78800 0.830845 0.975539 1.13136 2.93774 306.137
78900 0.826561 0.957967 1.12517 2.9097 304.391
79000 0.825593 0.946901 1.15356 2.92605 309.72
79100 0.830145 0.907897 1.15201 2.89005 297.998
79200 0.833819 0.907014 1.14286 2.8837 294.824
79300 0.851875 0.892875 1.14546 2.89021 301.268
79400 0.863059 0.894006 1.12678 2.88384 296.864
79500 0.836531 0.883269 1.14333 2.86313 306.227
79600 0.807859 0.88551 1.17498 2.86834 311.798
79700 0.811901 0.907773 1.12826 2.84794 300.169
79800 0.800997 0.938167 1.17857 2.91773 288.501
79900 0.822711 0.95846 1.18023 2.9614 297.779
80000 0.884774 0.992092 1.13212 3.00899 300.297
80100 0.904544 0.987204 1.12189 3.01364 315.257
80200 0.891011 0.975491 1.15168 3.01818 325.14
80300 0.870398 0.944627 1.20744 3.02247 307.849
80400 0.857966 0.920105 1.19416 2.97224 299.329
80500 0.863195 0.935459 1.19363 2.99228 297.547
80600 0.861592 0.94272 1.18304 2.98735 290.472
80700 0.881213 0.95368 1.19911 3.034 310.086
80800 0.933504 0.980743 1.19177 3.10602 314.486
80900 0.921395 0.99679 1.16015 3.07833 311.324
81000 0.887619 1.01371 1.14085 3.04218 302.32
81100 0.897567 1.03095 1.16526 3.09378 292.548
81200 0.889461 1.02197 1.14336 3.05478 298.633
81300 0.879946 1.03041 1.13484 3.0452 306.88
81400 0.857125 1.01504 1.17225 3.04441 316.168
81500 0.864526 0.966981 1.17414 3.00565 316.609
81600 0.890098 0.931655 1.1944 3.01616 305.573
81700 0.875234 0.951071 1.20948 3.03579 290.174
81800 0.876276 0.976099 1.2079 3.06027 294.969
81900 0.905434 0.967839 1.22129 3.09456 309.503
82000 0.891679 0.956942 1.14101 2.98963 315.476
82100 0.846251 0.962261 1.16371 2.97222 290.395
82200 0.812587 0.977324 1.19733 2.98724 292.79
82300 0.839471 0.990999 1.1492 2.97967 298.215
82400 0.86886 0.999718 1.17463 3.04321 302.309
82500 0.876906 0.988341 1.18433 3.04958 312.753
82600 0.908025 0.982841 1.21546 3.10633 304.258
82700 0.89672 0.951198 1.1794 3.02732 289.203
82800 0.910107 0.928462 1.20092 3.03949 288.777
82900 0.899829 0.918071 1.15795 2.97585 300.772
83000 0.860688 0.917112 1.12784 2.90563 305.209
83100 0.845453 0.909073 1.15869 2.91322 300.401
83200 0.854933 0.874835 1.16735 2.89712 301.808
83300 0.842466 0.899961 1.15808 2.9005 295.181
83400 0.827115 0.926836 1.1663 2.92025 302.988
83500 0.873844 0.933343 1.18097 2.98815 320.713
83600 0.873635 0.935902 1.16159 2.97113 320.581
83700 0.875492 0.973073 1.20954 3.0581 301.404
83800 0.870069 1.00257 1.22181 3.09445 306.865
83900 0.862906 0.984308 1.19097 3.03818 289.275
84000 0.871406 0.961096 1.21934 3.05184 298.733
84100 0.894839 0.941537 1.19175 3.02813 311.927
84200 0.874005 0.966877 1.16746 3.00834 317.267
84300 0.862107 0.96478 1.16608 2.99297 309.376
84400 0.907596 0.941719 1.20746 3.05678 304.186
84500 0.91979 0.929803 1.18431 3.0339 299.98
84600 0.901113 0.902293 1.18492 2.98833 298.874
84700 0.868422 0.904029 1.13715 2.9096 292.555
84800 0.827707 0.954052 1.10787 2.88963 285.457
84900 0.859958 0.991202 1.10476 2.95592 283.302
85000 0.856693 0.984334 1.09912 2.94014 300.895
85100 0.847768 0.997961 1.16547 3.0112 309.335
85200 0.878374 0.982221 1.21213 3.07272 297.854
85300 0.871144 0.949284 1.22034 3.04077 290.764
85400 0.835698 0.926413 1.19842 2.96053 289.97
85500 0.829552 0.950042 1.17781 2.95741 278.315
85600 0.843632 0.906212 1.1623 2.91214 309.695
85700 0.841613 0.909542 1.16314 2.91429 297.393
85800 0.818948 0.919123 1.13717 2.87525 305.019
85900 0.821385 0.90527 1.11035 2.837 298.234
86000 0.849115 0.911523 1.10723 2.86787 288.8
86100 0.838472 0.909779 1.14101 2.88926 287.947
86200 0.844489 0.906468 1.17828 2.92924 305.89
86300 0.839524 0.926488 1.18246 2.94847 317.603
86400 0.85173 0.958857 1.17503 2.98562 312.843
86500 0.880997 0.986007 1.13594 3.00294 296.696
86600 0.884001 0.98649 1.16602 3.03651 301.33
86700 0.882476 0.975343 1.1695 3.02732 294.037
86800 0.861628 0.983017 1.18411 3.02876 302.073
86900 0.842862 0.984588 1.22001 3.04746 306.677
87000 0.814386 0.965154 1.21009 2.98963 316.189
87100 0.791629 0.995162 1.21547 3.00226 297.427
87200 0.802726 0.996015 1.1925 2.99124 287.623
87300 0.836932 0.94638 1.20464 2.98795 302.44
87400 0.828484 0.924141 1.19679 2.94942 303.835
87500 0.842187 0.924246 1.17302 2.93945 311.488
87600 0.827296 0.9465 1.12125 2.89505 296.341
87700 0.826141 0.980193 1.15827 2.9646 287.966
87800 0.854452 0.953642 1.17735 2.98544 296.02
87900 0.860288 0.962617 1.16957 2.99247 304.918
88000 0.853186 0.981924 1.18467 3.01978 295.279
88100 0.868913 0.987729 1.17427 3.03091 313.268
88200 0.878184 0.983638 1.21709 3.07891 294.24
88300 0.84301 0.96998 1.19882 3.01181 294.989
88400 0.827217 0.977312 1.18178 2.98631 291.679
88500 0.830007 0.959016 1.17236 2.96138 291.041
88600 0.856139 0.924191 1.20025 2.98058 312.449
88700 0.883957 0.95272 1.1717 3.00838 307.198
88800 0.837048 0.96821 1.1407 2.94596 294.264
88900 0.814036 0.981352 1.15465 2.95004 293.266
89000 0.883483 1.02098 1.18882 3.09328 299.525
89100 0.943232 1.05833 1.167 3.16856 315.445
89200 0.962972 1.12329 1.17801 3.26428 313.546
89300 0.928932 1.09747 1.17178 3.19818 308.073
89400 0.93738 1.03944 1.20047 3.17729 295.549
89500 0.948934 1.00492 1.24258 3.19643 294.478
89600 0.933149 1.00538 1.20977 3.1483 300.113
89700 0.916293 0.996829 1.25356 3.16668 311.348
89800 0.928887 0.971227 1.22072 3.12084 307.813
89900 0.891989 0.993518 1.23938 3.12489 308.763
90000 0.846052 1.0574 1.19258 3.09604 301.023
90100 0.833742 1.04815 1.20386 3.08575 302.669
90200 0.851506 1.0057 1.18503 3.04223 299.021
90300 0.87582 1.01941 1.18156 3.07679 299.877
90400 0.885972 1.01322 1.15049 3.04968 305.617
90500 0.891502 1.00033 1.16962 3.06145 316.938
90600 0.886362 1.0216 1.17176 3.07973 304.239
90700 0.872596 1.02801 1.1572 3.05781 291.062
90800 0.878157 1.03511 1.17024 3.08351 299.423
90900 0.869783 1.01041 1.13881 3.019 297.968
91000 0.847133 1.00628 1.17235 3.02576 307.266
91100 0.837811 1.01933 1.18264 3.03978 310.088
91200 0.846825 1.02486 1.15079 3.02247 313.985
91300 0.888802 1.05669 1.14899 3.09447 304.697
91400 0.911864 1.0664 1.17744 3.1557 293.554
91500 0.910887 1.07684 1.20896 3.19668 298.155
91600 0.90314 1.0575 1.19669 3.15733 300.334
91700 0.87757 1.04144 1.23976 3.15877 317.078
91800 0.904989 1.04408 1.27899 3.22805 307.519
91900 0.950508 1.04505 1.25966 3.25522 304.314
92000 0.993486 1.0463 1.21906 3.25885 303.212
92100 0.986451 1.02053 1.17081 3.1778 300.631
92200 0.986213 1.00996 1.18944 3.18562 303.11
92300 0.99772 0.991405 1.20266 3.19178 285.91
92400 0.952079 0.931311 1.18729 3.07068 287.142
92500 0.927203 0.947305 1.15092 3.02543 311.421
92600 0.942514 0.972148 1.14406 3.05872 315.974
92700 0.911671 0.982142 1.17699 3.07081 301.821
92800 0.907192 1.01351 1.2208 3.1415 287.113
92900 0.93968 1.04006 1.23191 3.21165 293.682
93000 0.91359 1.02374 1.2396 3.17693 298.87
93100 0.891887 1.04317 1.21437 3.14943 299.33
93200 0.867577 1.01307 1.17397 3.05462 303.733
93300 0.853232 0.966791 1.1762 2.99623 317.623
93400 0.839315 0.953409 1.15616 2.94888 318.635
93500 0.865694 0.978136 1.15819 3.00202 304.072
93600 0.900602 1.00447 1.16238 3.06746 298.729
93700 0.906283 0.999648 1.13927 3.04521 297.113
93800 0.913642 0.997958 1.16568 3.07728 294.941
93900 0.929356 1.0164 1.19759 3.14335 314.164
94000 0.948497 1.04509 1.23895 3.23254 310.773
94100 0.94143 1.01778 1.23068 3.18989 304.989
94200 0.904732 0.991522 1.26289 3.15915 295.969
94300 0.909822 0.955463 1.23288 3.09817 291.629
94400 0.905868 0.981947 1.24572 3.13354 298.12
94500 0.90428 1.03369 1.20842 3.14639 308.461
94600 0.904102 1.02608 1.18899 3.11918 309.901
94700 0.935435 0.98689 1.2234 3.14573 297.823
94800 0.947255 0.995697 1.22055 3.1635 281.718
94900 0.906563 0.980078 1.18713 3.07378 296.61
95000 0.85406 0.975859 1.18658 3.0165 308.356
95100 0.862233 0.979716 1.14843 2.99038 305.905
95200 0.890931 0.978914 1.19599 3.06584 297.592
95300 0.894863 0.975488 1.24373 3.11408 284.148
95400 0.916256 0.969996 1.25523 3.14148 294.448
95500 0.910352 0.978885 1.21291 3.10215 292.292
95600 0.896817 0.993855 1.23235 3.12302 307.727
95700 0.882361 1.01184 1.23098 3.12519 305.157
95800 0.872172 1.00669 1.21885 3.09771 295.159
95900 0.865642 1.00399 1.19748 3.06711 285.526
96000 0.858931 0.949854 1.1962 3.00498 281.195
96100 0.902664 0.96446 1.22509 3.09222 295.655
96200 0.950577 0.994328 1.23573 3.18064 299.903
96300 0.978221 1.02399 1.22284 3.22505 299.111
96400 1.00595 1.02107 1.13707 3.16409 306.492
96500 0.920699 1.03527 1.1294 3.08536 316.953
96600 0.883438 1.03585 1.18481 3.10409 312.58
96700 0.892455 0.976715 1.17035 3.03952 300.722
96800 0.870221 0.95554 1.20221 3.02797 296.149
96900 0.88856 0.961723 1.24379 3.09407 298.117
97000 0.8974 0.977397 1.20544 3.08024 298.078
97100 0.884069 0.974985 1.22681 3.08587 306.265
97200 0.879304 0.953412 1.21134 3.04406 314.747
97300 0.895818 0.972897 1.24443 3.11314 304.477
97400 0.887913 1.01244 1.20705 3.1074 294.875
97500 0.90962 1.05512 1.20798 3.17272 301.576
97600 0.913078 1.02845 1.21104 3.15257 298.036
97700 0.878644 1.02778 1.1743 3.08072 302.873
97800 0.8317 1.04393 1.13272 3.00835 318.045
97900 0.815743 1.05359 1.11524 2.98458 311.489
98000 0.824722 1.04248 1.10562 2.97282 302.543
98100 0.841481 1.01102 1.11253 2.96503 293.937
98200 0.849506 0.996238 1.13748 2.98322 294.908
98300 0.869479 0.978602 1.19636 3.04444 303.849
98400 0.850578 0.968162 1.18176 3.0005 326.336
98500 0.854323 0.949331 1.197 3.00065 318.21
98600 0.866167 0.982781 1.16493 3.01388 296.441
98700 0.860163 0.996698 1.17508 3.03194 297.602
98800 0.875674 1.0613 1.11024 3.04722 307.68
98900 0.874229 1.07769 1.11007 3.06199 288.822
99000 0.88356 1.042 1.14969 3.07525 286.784
99100 0.888378 1.05558 1.15453 3.09849 296.149
99200 0.918605 1.02673 1.14988 3.09522 301.096
99300 0.895748 0.999779 1.21751 3.11304 309.693
99400 0.859884 0.971828 1.25219 3.08391 303.063
99500 0.877688 0.987538 1.22367 3.08889 292.909
99600 0.895558 1.0026 1.20275 3.1009 286.979
99700 0.896017 1.0094 1.13867 3.04408 273.172
99800 0.884588 1.02236 1.08946 2.9964 271.205
99900 0.911486 1.03032 1.10951 3.05132 278.414
100000 0.94498 1.07462 1.09668 3.11628 298.912
100100 0.965829 1.09891 1.09707 3.16181 309.902
100200 0.951032 1.03126 1.13734 3.11964 317.523
100300 0.919843 1.06296 1.15777 3.14058 303.866
100400 0.870864 1.0899 1.15213 3.11289 294.747
100500 0.852077 1.10665 1.14437 3.10309 298.97
100600 0.853159 1.1337 1.13992 3.12678 304.984
100700 0.873252 1.13319 1.11731 3.12375 317.848
100800 0.860428 1.08368 1.06707 3.01118 312.317
100900 0.837432 1.10655 1.10906 3.05304 298.656
101000 0.839701 1.14306 1.11879 3.10154 293.764
101100 0.868519 1.14132 1.09972 3.10956 300.073
101200 0.887829 1.11455 1.09507 3.09746 297.484
101300 0.88004 1.16032 1.09925 3.1396 313.179
101400 0.853962 1.12798 1.06093 3.04288 316.761
101500 0.846464 1.10802 1.10574 3.06022 307.065
101600 0.854078 1.05562 1.12394 3.03364 300.433
101700 0.840242 1.04565 1.10209 2.98798 293.978
101800 0.836029 1.03894 1.1228 2.99777 295.814
101900 0.851684 1.02605 1.151 3.02873 302.589
102000 0.902487 1.02328 1.18139 3.10716 316.817
102100 0.935164 1.01228 1.1572 3.10465 304.997
102200 0.901791 1.03262 1.14786 3.08227 298.569
102300 0.884271 1.00077 1.14041 3.02545 308.622
102400 0.907416 1.02222 1.13862 3.06825 292.044
102500 0.87389 1.09113 1.09448 3.0595 283.394
102600 0.848894 1.1059 1.08412 3.03892 279.364
102700 0.831994 1.05444 1.05837 2.9448 286.52
102800 0.837022 1.05739 1.0643 2.95871 296.86
102900 0.803943 1.04554 1.06018 2.90967 306.009
103000 0.815701 1.02984 1.07019 2.91573 305.288
103100 0.827826 1.04222 1.03979 2.90983 292.873
103200 0.833391 1.0157 1.06093 2.91002 293.017
103300 0.815808 0.993697 1.03687 2.84637 295.849
103400 0.83267 1.04692 1.05232 2.93191 279.853
103500 0.852972 1.06482 1.06107 2.97886 305.565
103600 0.906175 1.09102 1.06359 3.06078 305.273
103700 0.927679 1.10261 1.06297 3.09326 303.49
103800 0.885634 1.07599 1.0599 3.02152 291.6
103900 0.860228 1.11287 1.09651 3.06961 280.614
104000 0.846499 1.13297 1.16376 3.14323 292.817
104100 0.86786 1.1601 1.14868 3.17664 303.062
104200 0.870216 1.15017 1.1745 3.19489 294.469
104300 0.836255 1.11678 1.13856 3.09159 303.669
104400 0.839268 1.0827 1.12353 3.0455 309.387
104500 0.855231 1.08906 1.09991 3.0442 302.151
104600 0.863876 1.12075 1.06966 3.05429 279.2
104700 0.852974 1.10399 1.04783 3.0048 290.46
104800 0.852222 1.06756 1.09064 3.01043 304.179
104900 0.869165 1.08835 1.11588 3.07339 305.921
105000 0.877999 1.09831 1.11514 3.09145 307.053
105100 0.907662 1.07349 1.13616 3.11732 294.773
105200 0.903427 1.08179 1.13452 3.11975 289.485
105300 0.895802 1.05598 1.10117 3.05294 302.434
105400 0.889344 1.06706 1.09504 3.05144 308.64
105500 0.879697 1.08101 1.13394 3.09464 312.169
105600 0.888959 1.07013 1.12995 3.08905 300.396
105700 0.867539 1.06655 1.10609 3.04018 297.083
105800 0.846996 1.07355 1.12888 3.04943 291.452
105900 0.857929 1.13777 1.10255 3.09825 305.236
106000 0.878818 1.19073 1.07872 3.14827 320.076
106100 0.902037 1.22414 1.07322 3.1994 311.705
106200 0.897762 1.18599 1.10125 3.185 304.699
106300 0.884485 1.17717 1.1161 3.17775 286.041
106400 0.872804 1.1849 1.13141 3.18911 296.077
106500 0.873849 1.12884 1.06976 3.07245 314.087
106600 0.857356 1.09228 1.07506 3.0247 308.11
106700 0.873349 1.07345 1.0809 3.0277 299.916
106800 0.927819 1.02805 1.06975 3.02562 282.176
106900 0.894628 1.02306 1.0581 2.97578 286.509
107000 0.878531 1.01702 1.00012 2.89567 306.749
107100 0.879814 0.985465 1.02865 2.89392 308.118
107200 0.844427 0.998194 1.08192 2.92454 297.566
107300 0.870973 1.03871 1.07025 2.97994 280.661
107400 0.913851 1.09921 1.01776 3.03083 275.34
107500 0.934746 1.10891 1.05875 3.10241 295.987
107600 0.918113 1.10618 1.1215 3.1458 295.293
107700 0.903113 1.09219 1.07963 3.07493 305.54
107800 0.893169 1.09802 1.06005 3.05124 310.3
107900 0.86285 1.11147 1.07244 3.04676 297.551
108000 0.873717 1.06591 1.04659 2.98622 293.204
108100 0.855842 1.06969 1.10674 3.03226 288.566
108200 0.850663 1.06516 1.06133 2.97715 295.981
108300 0.853167 1.04949 1.0696 2.97227 296.678
108400 0.851134 1.05975 1.10157 3.01245 298.302
108500 0.860441 1.10886 1.10864 3.07794 303.732
108600 0.864561 1.06225 1.07846 3.00527 307.348
108700 0.859724 1.06248 1.05996 2.98216 301.579
108800 0.851529 1.06077 1.0906 3.0029 286.713
108900 0.848904 1.05973 1.07749 2.98613 288.044
109000 0.867423 1.06518 1.06533 2.99793 305.313
109100 0.853408 1.04001 1.07032 2.96374 308.636
109200 0.843649 1.05616 1.05146 2.95126 300.492
109300 0.822764 1.06082 1.02836 2.91195 292.473
109400 0.816435 1.00399 0.999424 2.81984 298.824
109500 0.832797 1.01742 1.01032 2.86054 305.682
109600 0.841338 1.02786 1.01718 2.88638 325.361
109700 0.859662 1.03819 1.05321 2.95106 302.906
109800 0.870213 1.01859 1.02966 2.91847 295.439
109900 0.874055 1.03593 1.02138 2.93137 292.861
110000 0.833026 1.02028 1.00931 2.86262 303.884
110100 0.829132 1.03252 1.03628 2.89794 308.296
110200 0.802049 1.00602 1.0428 2.85087 316.01
110300 0.786744 1.01086 1.00902 2.80663 302.156
110400 0.801917 1.02951 1.02838 2.85981 303.012
110500 0.800702 1.01012 0.975099 2.78592 300.282
110600 0.80296 0.994503 0.983102 2.78057 294.945
110700 0.797604 0.975499 0.974293 2.7474 291.967
110800 0.799486 0.968117 1.01563 2.78323 302.401
110900 0.852899 0.964031 1.02521 2.84214 309.275
111000 0.914489 0.979713 0.971357 2.86556 314.705
111100 0.926794 0.988267 1.02006 2.93512 299.227
111200 0.92083 1.02086 1.01688 2.95857 297.851
111300 0.882772 1.03899 1.00852 2.93028 303.045
111400 0.887578 1.01476 1.03082 2.93316 295.842
111500 0.933506 0.98682 1.06382 2.98415 293.007
111600 0.961631 0.986416 1.06811 3.01616 286.683
111700 0.930119 0.969948 1.07466 2.97473 296.134
111800 0.933231 1.00443 1.097 3.03467 317.468
111900 0.967513 1.03381 1.07584 3.07717 300.934
112000 0.99806 1.04628 1.06932 3.11367 297.587
112100 1.00063 1.02605 1.05428 3.08096 298.703
112200 0.996196 1.02015 1.04513 3.06147 296.738
112300 0.99491 1.00838 1.07362 3.07691 297.029
112400 1.00766 1.00379 1.10551 3.11696 308.451
112500 0.981194 0.993478 1.07794 3.05261 304.45
112600 0.934188 0.970544 1.0393 2.94403 307.491
112700 0.890865 1.00196 1.0053 2.89812 309.99
112800 0.882683 1.00531 1.02006 2.90806 293.47
112900 0.878728 1.00673 1.02119 2.90665 285.426
113000 0.910257 1.05177 1.05698 3.019 303.172
113100 0.903809 1.08951 1.05974 3.05306 298.467
113200 0.884523 1.08044 1.05838 3.02334 313.163
113300 0.892322 1.04167 1.02536 2.95935 308.878
113400 0.937308 1.03466 1.05252 3.02449 301.361
113500 0.96783 0.981423 1.06727 3.01652 296.192
113600 0.992465 0.987025 1.0797 3.05919 288.636
113700 0.957142 1.0222 1.06359 3.04293 300.43
113800 0.951892 1.02995 1.05109 3.03293 313.179
113900 0.92361 1.02288 1.04549 2.99198 307.451
114000 0.92223 0.988902 1.05696 2.96809 309.195
114100 0.901845 0.965184 1.04765 2.91468 300.916
114200 0.907708 0.996632 1.03254 2.93688 298.554
114300 0.903821 1.04144 1.05856 3.00382 295.124
114400 0.906009 1.04046 1.02747 2.97394 301.68
114500 0.873825 1.03468 1.01037 2.91887 317.477
114600 0.864865 1.00769 1.02299 2.89554 309.088
114700 0.900688 0.985639 1.03138 2.91771 294.372
114800 0.934766 0.975837 1.04595 2.95655 301.205
114900 0.939166 1.01344 1.06336 3.01596 301.553
115000 0.93635 1.05111 1.02595 3.01341 300.792
115100 0.897911 1.01828 1.04104 2.95723 284.283
115200 0.916871 1.02283 1.03916 2.97886 292.617
115300 0.905128 1.03653 1.04792 2.98958 302.085
115400 0.894106 0.982928 1.05119 2.92823 313.069
115500 0.914349 0.996488 1.06963 2.98047 305.619
115600 0.908543 1.00592 1.05068 2.96514 287.675
115700 0.903836 1.00366 1.02423 2.93172 279.706
115800 0.914789 0.987581 1.05031 2.95268 283.929
115900 0.913016 1.00237 1.07203 2.98742 286.531
116000 0.93158 0.998733 1.05636 2.98667 299.888
116100 0.923563 1.00766 1.02061 2.95183 307.22
116200 0.909459 0.996477 1.02637 2.93231 302.609
116300 0.884258 0.983532 1.05544 2.92323 299.276
116400 0.863441 1.01716 1.06108 2.94168 288.254
116500 0.868225 1.0333 1.04454 2.94607 286.018
116600 0.853798 1.02513 1.03067 2.9096 301.682
116700 0.874497 1.04166 1.01384 2.93 306.773
116800 0.862786 1.01376 1.0068 2.88335 301.704
116900 0.841675 0.966767 1.04504 2.85349 301.462
117000 0.854995 0.996061 1.07333 2.92439 289.15
117100 0.873201 1.00653 1.04638 2.92611 283.98
117200 0.906076 1.04846 1.05763 3.01217 291.371
117300 0.939695 1.04217 1.07953 3.06139 300.466
117400 0.922752 1.06088 1.0497 3.03333 305.079
117500 0.921721 1.05658 1.03656 3.01486 301.052
117600 0.898662 1.01362 1.00349 2.91577 303.755
117700 0.892751 1.01882 1.03059 2.94216 286.763
117800 0.903085 1.01366 1.02327 2.94001 285.999
117900 0.899257 1.00014 1.03933 2.93872 299.917
118000 0.877351 0.999428 1.03816 2.91494 304.32
118100 0.856532 1.00231 1.06267 2.92151 299.848
118200 0.865642 1.02044 1.04132 2.9274 300.458
118300 0.865269 0.978747 1.01348 2.85749 295.136
118400 0.868594 0.996474 1.01247 2.87754 289.617
118500 0.867644 1.0034 1.00103 2.87208 292.714
118600 0.889987 1.04838 1.01613 2.9545 304.233
118700 0.905149 1.04136 1.0154 2.96191 309.887
118800 0.919807 1.05603 1.04998 3.02582 300.362
118900 0.955559 1.02455 1.02935 3.00946 289.443
119000 0.95827 1.01465 1.02587 2.99879 284.918
119100 0.962761 1.01312 1.03272 3.00861 290.418
119200 0.968362 1.02489 1.02561 3.01886 297.475
119300 0.941057 1.00758 1.05151 3.00014 296.977
119400 0.949639 1.01813 1.07077 3.03854 304.991
119500 0.947148 1.05052 1.09958 3.09725 299.005
119600 0.96238 1.0237 1.09124 3.07733 301.136
119700 0.912112 1.02361 1.08871 3.02443 294.553
119800 0.888494 1.00573 1.04632 2.94055 294.161
119900 0.888674 1.02564 1.0095 2.92381 301.305
120000 0.879242 1.03304 1.00541 2.91769 301.871
120100 0.91209 1.02166 1.00862 2.94238 313.805
120200 0.949935 1.06119 1.03216 3.04329 302.929
120300 0.944963 1.04469 0.986952 2.9766 292.457
120400 0.939422 1.03027 0.999067 2.96876 291.863
120500 0.952998 0.967969 1.02411 2.94508 295.175
120600 0.956829 1.02376 1.00039 2.98098 302.115
120700 0.945386 1.03647 1.01684 2.99869 305.742
120800 0.946801 1.01607 1.03676 2.99963 306.282
120900 0.956733 1.03106 1.06005 3.04785 276.502
121000 0.937736 1.02716 1.06316 3.02806 295.774
121100 0.915696 0.979242 1.03146 2.9264 296.514
121200 0.933762 0.984013 1.00439 2.92217 310.65
121300 0.91966 1.02228 1.02143 2.96338 305.362
121400 0.944238 1.03202 1.01312 2.98938 291.996
121500 0.922074 1.01311 1.01828 2.95347 278.618
121600 0.903988 1.0654 1.04611 3.0155 279.533
121700 0.896995 1.06948 1.05585 3.02233 283.196
121800 0.912801 1.05185 1.0086 2.97325 294.064
121900 0.915206 1.09317 0.993514 3.00189 296.494
122000 0.917813 1.04771 1.0387 3.00422 304.738
122100 0.933313 0.994519 1.05893 2.98676 306.56
122200 0.945107 0.996877 1.05617 2.99816 296.019
122300 0.936506 1.01242 1.07873 3.02765 284.216
122400 0.947107 1.01221 1.01553 2.97485 292.226
122500 0.929769 0.989663 1.03042 2.94985 295.88
122600 0.911783 1.00537 1.04289 2.96005 299.96
122700 0.917236 1.01416 0.990354 2.92175 303.387
122800 0.917596 0.99081 1.00214 2.91054 301.585
122900 0.924343 0.976858 1.01016 2.91136 288.607
123000 0.900618 0.986791 1.0018 2.88921 279.639
123100 0.929266 1.02749 1.06085 3.01761 293.653
123200 0.981004 1.0078 1.09555 3.08435 301.575
123300 0.943337 1.01338 1.15978 3.11649 295.852
123400 0.914555 1.02313 1.15268 3.09037 305.336
123500 0.90166 0.996221 1.12909 3.02697 320.934
123600 0.922157 0.995247 1.16601 3.08341 312.653
123700 0.952491 0.992909 1.13979 3.08519 303.558
123800 0.925144 0.995369 1.07464 2.99515 302.321
123900 0.890745 1.01686 1.12664 3.03425 292.221
124000 0.882179 1.00319 1.09652 2.98188 298.537
124100 0.880495 0.997256 1.08423 2.96198 311.281
124200 0.876416 0.969311 1.08786 2.93359 310.281
124300 0.896707 0.954285 1.12091 2.9719 307.013
124400 0.944531 0.950881 1.1178 3.01321 297.377
124500 0.948447 0.965391 1.07464 2.98847 294.965
124600 0.921173 0.925835 1.07915 2.92616 296.761
124700 0.927042 0.960519 1.10211 2.98967 306.906
124800 0.947215 0.936629 1.09608 2.97993 311.606
124900 0.931279 0.927812 1.0928 2.95189 322.004
125000 0.912294 0.953914 1.09728 2.96349 308.596
125100 0.87831 0.990714 1.09539 2.96442 303.033
125200 0.870377 0.983462 1.07571 2.92955 296.65
125300 0.867988 0.986941 1.10022 2.95515 286.899
125400 0.860236 0.974156 1.11728 2.95167 300.486
125500 0.885722 0.971838 1.11856 2.97612 309.845
125600 0.917716 1.01154 1.11768 3.04694 309.54
125700 0.915712 1.02947 1.12601 3.0712 300.586
125800 0.928006 1.00318 1.12505 3.05623 292.219
125900 0.935881 0.963484 1.11021 3.00957 297.729
126000 0.935622 0.940604 1.13774 3.01396 302.225
126100 0.911315 0.961482 1.15619 3.02899 299.864
126200 0.955868 1.00161 1.14301 3.10049 318.566
126300 0.980743 0.981367 1.17136 3.13347 319.42
126400 1.01884 0.996792 1.20984 3.22548 311.923
126500 1.0429 1.0326 1.13436 3.20986 304.488
126600 1.01676 1.0789 1.09414 3.1898 292.973
126700 1.01365 1.06573 1.11193 3.19131 293.813
126800 0.964006 1.04325 1.12918 3.13644 299.901
126900 0.941366 1.02165 1.13937 3.10239 311.605
127000 0.957335 1.02927 1.19323 3.17983 312.104
127100 0.965611 1.0427 1.16016 3.16847 302.321
127200 0.915814 1.03453 1.12958 3.07992 295.663
127300 0.899355 1.02587 1.15907 3.08429 294.161
127400 0.918841 1.00897 1.12965 3.05746 306.658
127500 0.91367 1.02119 1.11687 3.05174 306.714
127600 0.939733 1.04357 1.11802 3.10133 292.785
127700 0.941441 1.01746 1.11525 3.07415 291.061
127800 0.949898 1.01043 1.11352 3.07385 290.322
127900 0.927419 1.01696 1.10198 3.04636 301.538
128000 0.927974 1.00837 1.12158 3.05792 300.572
128100 0.959916 0.973302 1.12968 3.0629 308.989
128200 0.981912 0.985187 1.12315 3.09025 300.93
128300 1.00317 1.0223 1.1297 3.15517 291.42
128400 0.994917 1.00761 1.11078 3.11331 292.105
128500 0.971417 0.986948 1.12251 3.08088 298.248
128600 0.94173 0.99262 1.17511 3.10946 301.447
128700 0.90104 0.97733 1.13304 3.01141 301.701
128800 0.869962 0.978428 1.10973 2.95812 290.458
128900 0.904986 1.01 1.11845 3.03344 283.081
129000 0.933637 0.971545 1.07602 2.98121 289.264
129100 0.915336 0.940266 1.09716 2.95276 297.799
129200 0.903465 0.954113 1.11627 2.97384 290.611
129300 0.908573 0.912182 1.07677 2.89753 313.081
129400 0.937586 0.932911 1.10987 2.98037 306.565
129500 0.96264 0.973469 1.14016 3.07627 290.372
129600 1.00422 0.942414 1.12992 3.07655 280.03
129700 0.990944 0.964799 1.13622 3.09197 296.081
129800 0.954131 1.01311 1.14728 3.11452 295.067
129900 0.968636 1.02264 1.14654 3.13781 297.778
130000 0.980064 0.99621 1.14577 3.12205 305.476
130100 0.996665 1.02028 1.14434 3.16128 308.183
130200 0.950174 1.00427 1.12603 3.08047 298.641
130300 0.885007 0.949049 1.10132 2.93537 294.754
130400 0.879879 0.910909 1.08646 2.87724 293.959
130500 0.866086 0.91545 1.11613 2.89767 296.179
130600 0.893407 0.918873 1.05409 2.86637 313.072
130700 0.903699 0.933724 1.0435 2.88092 306.032
130800 0.863813 0.962554 1.10377 2.93014 301.731
130900 0.854237 0.967222 1.05083 2.87229 301.968
131000 0.905755 0.979345 1.06592 2.95102 292.331
131100 0.936638 1.00174 1.11136 3.04973 298.467
131200 0.969889 0.991599 1.11823 3.07972 299.058
131300 0.968171 0.992552 1.1679 3.12862 314.87
131400 0.969097 0.981274 1.12499 3.07536 321.04
131500 1.00401 0.983382 1.14141 3.1288 313.059
131600 0.990693 0.986236 1.14402 3.12095 301.821
131700 0.978712 0.986866 1.13006 3.09564 301.105
131800 0.951816 0.973849 1.10959 3.03526 293.327
131900 0.958321 0.969279 1.10087 3.02847 301.646
132000 0.947772 0.96612 1.12357 3.03746 304.916
132100 0.917942 0.997103 1.09096 3.00601 304.908
132200 0.900735 1.05889 1.10027 3.0599 287.49
132300 0.915536 1.04927 1.13074 3.09555 290.867
132400 0.930389 0.996011 1.08836 3.01476 307.618
132500 0.906656 0.963232 1.11553 2.98542 310.129
132600 0.912106 0.941735 1.11815 2.97199 302.825
132700 0.939362 0.946463 1.09818 2.984 299.878
132800 0.942508 0.983265 1.14865 3.07443 299.166
132900 0.952411 1.02696 1.11554 3.09491 292.793
133000 0.966562 1.03467 1.16653 3.16777 295.819
133100 0.951544 1.00077 1.17575 3.12807 300.249
133200 0.942407 0.979466 1.13373 3.0556 307.756
133300 0.932931 0.975147 1.13575 3.04383 312.278
133400 0.939895 0.950881 1.10696 2.99774 304.291
133500 0.921532 0.969518 1.11068 3.00173 285.886
133600 0.909846 0.972017 1.09702 2.97888 295.372
133700 0.891816 0.934101 1.06227 2.88818 303.498
133800 0.912942 0.970904 1.13547 3.01932 316.908
133900 0.910951 0.974808 1.10921 2.99497 302.883
134000 0.941096 0.986113 1.11557 3.04278 288.068
134100 0.972013 1.02833 1.17604 3.17639 291.629
134200 0.956602 1.02684 1.12291 3.10636 297.277
134300 0.958115 1.04005 1.15245 3.15061 301.844
134400 0.952511 1.05122 1.15931 3.16304 310.138
134500 0.943024 1.02243 1.13059 3.09604 321.781
134600 0.927731 1.01062 1.12195 3.0603 318.311
134700 0.926204 1.04394 1.13359 3.10374 301.44
134800 0.965886 1.0521 1.13587 3.15385 299.54
134900 0.972086 1.00634 1.10409 3.08253 296.007
135000 0.961088 0.992792 1.10048 3.05436 290.578
135100 0.946621 0.991267 1.1171 3.05498 295.015
135200 0.919315 0.986953 1.09866 3.00493 303.973
135300 0.910697 0.980821 1.10005 2.99157 311.541
135400 0.933263 1.00229 1.11735 3.0529 303.658
135500 0.965956 0.999988 1.13939 3.10534 297.476
135600 0.978271 1.012 1.1583 3.14856 292.803
135700 0.985169 1.02709 1.16212 3.17438 302.63
135800 0.983605 0.99321 1.15041 3.12723 302.13
135900 0.975779 1.00276 1.16372 3.14226 312.304
136000 0.960917 1.04301 1.13641 3.14033 325.916
136100 0.977275 1.10606 1.10527 3.1886 319.161
136200 0.931632 1.08325 1.10436 3.11924 307.128
136300 0.948009 1.03978 1.14602 3.13381 297.708
136400 0.987521 0.991138 1.15499 3.13365 295.808
136500 0.976629 0.982968 1.11499 3.07459 294.874
136600 0.925279 1.02362 1.11442 3.06331 308.458
136700 0.949435 1.04617 1.1159 3.1115 310.225
136800 0.954971 0.977973 1.09111 3.02405 309.234
136900 0.939698 0.993862 1.11592 3.04948 293.485
137000 0.954613 1.01261 1.16637 3.13359 289.331
137100 0.972715 0.987099 1.16923 3.12905 303.443
137200 0.989756 1.0098 1.17899 3.17854 308.247
137300 1.01091 1.04492 1.1506 3.20643 311.06
137400 1.0282 1.05031 1.18211 3.26061 308.658
137500 1.02079 1.06802 1.17318 3.26199 294.658
137600 1.02012 1.07911 1.16522 3.26446 291.099
137700 0.963572 1.06201 1.12651 3.15209 299.668
137800 0.920477 1.0403 1.15638 3.11716 305.201
137900 0.910248 1.04276 1.13148 3.08449 306.239
138000 0.91146 1.05312 1.11005 3.07463 292.175
138100 0.918828 1.01058 1.13056 3.05997 284.904
138200 0.947804 0.975542 1.10945 3.0328 287.91
138300 0.980814 0.98642 1.11069 3.07792 297.977
138400 0.940289 1.00452 1.10983 3.05464 307.466
138500 0.909798 0.977009 1.10669 2.9935 303.668
138600 0.936569 1.00269 1.10342 3.04268 297.259
138700 0.971274 1.02054 1.12627 3.11808 296.118
138800 0.979391 1.03917 1.17028 3.18883 283.676
138900 0.971475 1.05585 1.17263 3.19995 299.807
139000 0.976691 1.05244 1.16093 3.19006 303.732
139100 0.970107 1.06336 1.15387 3.18734 305.674
139200 0.938224 1.04104 1.16381 3.14308 297.591
139300 0.95132 1.02684 1.16644 3.14461 294.108
139400 0.989963 1.03318 1.15232 3.17547 276.571
139500 0.95743 1.03977 1.16292 3.16012 298.424
139600 0.936527 1.0014 1.16375 3.10168 303.269
139700 0.940536 0.997923 1.155 3.09346 304.744
139800 0.943649 0.977557 1.12106 3.04226 300.656
139900 0.938583 0.977243 1.1258 3.04163 286.934
140000 0.941547 0.946488 1.17666 3.0647 293.194
140100 0.957803 0.985301 1.12531 3.06842 303.527
140200 0.977744 0.978076 1.0895 3.04532 321.639
140300 0.941581 0.988744 1.12238 3.0527 299.113
140400 0.888877 0.9563 1.12108 2.96626 297.279
140500 0.866659 0.94327 1.11829 2.92822 293.886
140600 0.897821 0.983646 1.1441 3.02557 295.377
140700 0.958483 0.996377 1.18931 3.14417 297.502
140800 0.991971 1.00208 1.20195 3.19599 303.335
140900 1.02571 1.03092 1.19706 3.25369 295.035
141000 0.986493 1.02649 1.18766 3.20064 303.443
141100 0.979723 1.02923 1.10066 3.10962 294.534
141200 0.990337 1.03385 1.06323 3.08741 295.181
141300 0.998522 1.0351 1.06309 3.09671 311.265
141400 0.982194 1.04141 1.09869 3.12228 304.636
141500 0.929514 1.00595 1.10653 3.04199 302.839
141600 0.87112 0.990878 1.13914 3.00114 301.121
141700 0.852203 0.937335 1.11473 2.90427 294.993
141800 0.88288 0.928576 1.11546 2.92691 292.374
141900 0.92289 0.947229 1.12835 2.99846 294.708
142000 0.945238 1.00779 1.14452 3.09754 310.974
142100 0.945271 1.00844 1.1754 3.12912 311.175
142200 0.930292 0.97671 1.1519 3.0589 299.794
142300 0.931985 0.985565 1.15738 3.07493 296.19
142400 0.94511 0.996614 1.12874 3.07046 298.525
142500 0.918428 0.987932 1.12803 3.03439 292.575
142600 0.944019 0.982344 1.1488 3.07517 280.057
142700 0.986014 0.969817 1.16541 3.12124 286.82
142800 1.00415 0.987062 1.15689 3.1481 299.67
142900 0.93588 0.995969 1.11704 3.04889 296.389
143000 0.924783 0.973898 1.09843 2.99711 315.904
143100 0.939212 0.944538 1.0585 2.94225 292.768
143200 0.937967 0.97165 1.09462 3.00424 290.255
143300 0.939148 1.01204 1.1306 3.08179 284.37
143400 0.952824 1.01925 1.11144 3.08351 294.829
143500 0.925368 1.05618 1.05605 3.03759 309.06
143600 0.936711 1.064 1.06186 3.06257 310.819
143700 0.944734 1.05965 1.08352 3.0879 296.167
143800 0.940818 1.07385 1.07528 3.08995 296.776
143900 0.939734 1.0783 1.07587 3.0939 291.671
144000 0.918336 1.04739 1.03758 3.00331 294.54
144100 0.919582 1.08492 0.995415 2.99992 300.868
144200 0.906609 1.10902 1.04269 3.05832 303.232
144300 0.9288 1.10758 1.05302 3.0894 300.935
144400 0.931905 1.07082 1.01924 3.02196 298.144
144500 0.911457 1.03359 0.994035 2.93908 291.311
144600 0.892208 1.02686 1.04433 2.96341 304.839
144700 0.908834 1.03619 1.02973 2.97476 313.748
144800 0.917369 1.03641 1.04438 2.99816 305.792
144900 0.919865 0.996328 1.04004 2.95623 299.391
145000 0.924302 1.02694 1.02619 2.97743 289.337
145100 0.910502 1.02598 1.0276 2.96408 291.478
145200 0.917193 1.04223 1.07693 3.03636 297.932
145300 0.905893 1.07305 1.03174 3.01068 302.632
145400 0.876924 1.04367 1.01857 2.93916 300.242
145500 0.88982 1.04739 1.07338 3.01059 302.208
145600 0.934505 1.11188 1.09388 3.14027 295.282
145700 0.932282 1.08377 1.03735 3.05341 305.342
145800 0.869079 1.01865 0.994135 2.88186 304.466
145900 0.865231 1.06954 1.00401 2.93878 307.445
146000 0.895727 1.07068 1.05112 3.01752 305.635
146100 0.924828 1.04693 1.03833 3.01009 293.927
146200 0.919748 1.08828 1.06938 3.07741 288.195
146300 0.916956 1.07546 1.08631 3.07873 295.457
146400 0.874477 1.04112 1.04228 2.95788 305.902
146500 0.895572 1.06293 1.05684 3.01534 301.371
146600 0.903146 1.05094 1.05373 3.00782 304.463
146700 0.892838 1.03359 1.01049 2.93691 295.775
146800 0.921774 1.0521 0.978347 2.95222 291.394
146900 0.916259 1.0451 1.00752 2.96888 275.697
147000 0.895363 1.03299 1.03454 2.96289 291.246
147100 0.898498 1.01069 1.05589 2.96508 308.106
147200 0.910391 1.03267 1.04972 2.99278 306.52
147300 0.915328 1.03009 1.0728 3.01823 294.987
147400 0.895269 1.0575 1.0889 3.04167 290.222
147500 0.888614 1.10177 1.07874 3.06913 284.755
147600 0.933427 1.09407 1.09663 3.12412 283.079
147700 0.943604 1.08325 1.13194 3.15879 291.45
147800 0.891795 1.0632 1.12722 3.08222 308.845
147900 0.885123 1.08525 1.11524 3.08561 301.844
148000 0.94011 1.06493 1.08791 3.09295 303.758
148100 0.939456 1.03366 1.11214 3.08526 289.702
148200 0.920018 1.01243 1.13023 3.06268 288.493
148300 0.957248 0.978001 1.14006 3.07531 299.245
148400 0.955433 0.975593 1.14586 3.07688 310.436
148500 0.903041 0.983551 1.09637 2.98296 309.587
148600 0.88908 1.01687 1.12542 3.03137 297.583
148700 0.924817 1.0165 1.12108 3.06239 292.035
148800 0.951938 0.980104 1.10776 3.0398 298.521
148900 0.94393 0.965597 1.14736 3.05689 305.975
149000 0.939522 0.947422 1.14565 3.0326 313.628
149100 0.933133 0.938677 1.12008 2.99189 313.096
149200 0.922269 0.979756 1.12033 3.02235 295.402
149300 0.933441 1.01195 1.09486 3.04025 301.796
149400 0.937028 1.00906 1.0945 3.04059 298.178
149500 0.958623 0.996778 1.07981 3.03521 293.254
149600 0.957945 1.03353 1.13525 3.12673 311.318
149700 0.921081 1.00594 1.14039 3.0674 307.291
149800 0.871152 1.00943 1.11762 2.99821 308.752
149900 0.881013 1.00234 1.10928 2.99264 292.645
150000 0.879511 0.993274 1.11026 2.98304 294.384
150100 0.874211 0.975696 1.12574 2.97565 292.087
150200 0.86222 0.978314 1.10063 2.94117 309.056
150300 0.873356 0.958404 1.10334 2.9351 301.949
150400 0.876459 0.940126 1.10563 2.92222 299.629
150500 0.9331 0.977391 1.0832 2.99369 295.016
150600 0.958286 1.02578 1.10741 3.09148 280.949
150700 0.971923 1.02545 1.13184 3.12921 302.203
150800 0.973005 1.00088 1.16006 3.13395 301.296
150900 0.948303 0.972524 1.1302 3.05103 303.247
151000 0.916512 0.973685 1.12183 3.01203 303.912
151100 0.90216 1.00164 1.13026 3.03407 290.177
151200 0.893514 1.01509 1.11158 3.02018 293.065
151300 0.898529 1.05051 1.12342 3.07245 289.09
151400 0.910076 1.04909 1.11453 3.0737 301.98
151500 0.892277 1.01479 1.09953 3.0066 295.865
151600 0.884439 0.951718 1.1354 2.97155 307.209
151700 0.892845 0.972415 1.15863 3.02389 308.214
151800 0.900636 1.00663 1.14163 3.04891 285.485
151900 0.92154 1.00353 1.11289 3.03796 286.715
152000 0.952343 1.00185 1.15351 3.1077 292.848
152100 0.970292 0.967661 1.1268 3.06476 306.074
152200 0.976119 0.969754 1.16665 3.11252 311.467
152300 0.958939 1.02065 1.11594 3.09552 297.319
152400 0.975108 1.01989 1.13497 3.12996 295.612
152500 0.961248 1.01747 1.17049 3.1492 285.877
152600 0.947646 1.03098 1.15251 3.13113 300.163
152700 0.931134 1.04985 1.14385 3.12484 298.656
152800 0.909533 1.03452 1.10303 3.04708 306.926
152900 0.923523 0.997783 1.12879 3.05009 305.776
153000 0.948923 1.00848 1.15036 3.10776 287.063
153100 0.975048 1.01823 1.14521 3.13848 291.074
153200 0.966258 1.04415 1.14837 3.15878 288.477
153300 0.95147 1.04429 1.1115 3.10726 307.587
153400 0.939518 1.00568 1.14751 3.09271 308.668
153500 0.933273 0.994891 1.17905 3.10721 293.219
153600 0.914413 1.02972 1.17102 3.11516 291.426
153700 0.910327 1.03954 1.14434 3.09421 308.228
153800 0.954239 1.01361 1.13858 3.10643 320.031
153900 0.993009 1.01219 1.14543 3.15063 300.302
154000 1.00668 1.03633 1.13651 3.17952 294.839
154100 1.00258 1.06115 1.19094 3.25467 298.665
154200 0.981085 1.04236 1.20811 3.23155 306.323
154300 0.983204 1.02925 1.16461 3.17706 313.501
154400 0.967039 1.03999 1.16831 3.17534 315.879
154500 0.963638 1.01328 1.17325 3.15017 305.691
154600 0.959389 0.983766 1.11541 3.05857 293.813
154700 0.942476 1.00003 1.14257 3.08507 296.119
154800 0.964517 1.01571 1.15206 3.13228 299.813
154900 0.950864 0.997201 1.14641 3.09448 318.014
155000 0.929525 1.00855 1.13599 3.07407 303.571
155100 0.953479 1.03968 1.121 3.11415 301.184
155200 0.920359 1.06109 1.14415 3.12559 300.567
155300 0.909061 1.02447 1.12117 3.0547 294.9
155400 0.955916 1.01097 1.13045 3.09734 300.58
155500 0.989619 1.01242 1.17345 3.17549 277.408
155600 0.982605 1.04763 1.16817 3.19841 290.283
155700 0.994382 1.0824 1.20358 3.28036 302.647
155800 0.991794 1.05993 1.20777 3.25949 303.193
155900 0.987306 1.039 1.23061 3.25691 296.828
156000 0.978908 1.0085 1.17513 3.16253 293.04
156100 0.941174 0.998501 1.12215 3.06182 284.006
156200 0.935343 1.00289 1.11646 3.0547 292.256
156300 0.950558 1.02207 1.09316 3.06578 299.165
156400 0.961062 1.04758 1.08219 3.09083 302.535
156500 0.969392 1.01973 1.12126 3.11038 309.607
156600 0.947489 0.982571 1.1355 3.06556 295.883
156700 0.935358 0.98356 1.15067 3.06959 295.577
156800 0.939124 1.01813 1.15486 3.11211 285.259
156900 0.902975 1.01325 1.13618 3.0524 299.842
157000 0.915066 1.05933 1.12959 3.10399 295.24
157100 0.964329 1.08136 1.18236 3.22804 297.61
157200 0.970683 1.07784 1.16491 3.21343 309.692
157300 0.92411 1.09954 1.1054 3.12905 327.684
157400 0.925095 1.05358 1.10915 3.08783 308.208
157500 0.977376 1.04175 1.14467 3.1638 294.279
157600 0.978584 1.05149 1.11604 3.14611 296.219
157700 0.932387 1.0277 1.09607 3.05616 295.948
157800 0.936431 1.03231 1.10315 3.07189 306.537
157900 0.936487 0.980464 1.10651 3.02346 313.992
158000 0.932222 0.962966 1.16606 3.06125 296.926
158100 0.924795 0.976285 1.15361 3.05469 293.508
158200 0.933702 1.00935 1.12541 3.06846 287.052
158300 0.961908 0.987109 1.13289 3.08191 296.579
158400 0.960721 0.979292 1.1372 3.07721 310.491
158500 0.932644 0.997428 1.15936 3.08943 304.389
158600 0.956875 1.03266 1.12871 3.11825 304.387
158700 0.991154 1.05679 1.14021 3.18816 297.255
158800 0.988984 1.07128 1.14546 3.20572 290.145
158900 0.983103 1.05826 1.16573 3.20709 283.978
159000 0.949122 1.03678 1.13324 3.11914 308.781
159100 0.916295 1.02107 1.10382 3.04119 306.872
159200 0.928029 1.02399 1.12219 3.07421 301.405
159300 0.953089 1.02406 1.17471 3.15186 293.904
159400 0.971709 1.0351 1.14649 3.15329 289.427
159500 0.972099 1.04483 1.14351 3.16043 312.938
159600 0.953319 1.03349 1.14549 3.1323 319.405
159700 0.937837 1.01914 1.13008 3.08706 303.473
159800 0.946661 0.99848 1.12932 3.07446 295.948
159900 0.961012 1.01296 1.12733 3.1013 297.639
160000 0.967837 1.04704 1.11288 3.12776 293.817
160100 0.978135 1.04388 1.14532 3.16733 308.748
160200 1.0199 1.03341 1.19899 3.2523 319.561
160300 0.999882 1.03461 1.20686 3.24135 306.169
160400 0.93317 1.02238 1.11205 3.06759 293.785
160500 0.895915 1.00332 1.11644 3.01567 294.317
160600 0.913617 1.01342 1.09762 3.02466 309.263
160700 0.922388 1.02699 1.10697 3.05634 310.586
160800 0.937975 1.05357 1.09752 3.08906 314.321
160900 0.971643 1.03884 1.13308 3.14356 298.644
161000 0.988345 1.02599 1.18257 3.1969 305.739
161100 0.962937 1.00439 1.13614 3.10346 293.032
161200 0.947641 0.967067 1.12687 3.04158 287.73
161300 0.996653 1.00593 1.12856 3.13115 293.134
161400 1.01039 1.04294 1.13185 3.18518 300.417
161500 0.944314 1.05674 1.1398 3.14085 297.527
161600 0.94435 1.04061 1.12406 3.10902 305.015
161700 0.949585 1.00104 1.09741 3.04803 299.406
161800 0.933951 1.00198 1.10982 3.04575 292.398
161900 0.928849 1.01905 1.10345 3.05135 283.617
162000 0.943736 1.01701 1.10651 3.06725 299.019
162100 0.966538 1.00038 1.13901 3.10593 302.865
162200 0.982556 0.98785 1.15854 3.12895 303.705
162300 0.951044 0.989284 1.15746 3.09779 301.598
162400 0.931201 1.01825 1.16392 3.11338 290.782
162500 0.961306 1.02583 1.15032 3.13746 285.476
162600 0.965197 0.98751 1.15952 3.11222 298.667
162700 0.943111 0.971929 1.12846 3.0435 293.918
162800 0.948831 0.961864 1.12089 3.03158 302.204
162900 0.982281 1.00186 1.10421 3.08835 304.885
163000 0.975914 1.02402 1.11607 3.116 312.903
163100 0.960132 1.02296 1.13562 3.11871 301.514
163200 0.970084 0.989643 1.13805 3.09777 289.915
163300 0.965575 0.966402 1.14555 3.07752 288.055
163400 0.954054 0.964026 1.12572 3.0438 306.485
163500 0.940026 0.970606 1.06376 2.97439 295.465
163600 0.923994 0.990577 1.11657 3.03114 304.992
163700 0.898526 0.981215 1.10661 2.98635 303.834
163800 0.893692 0.956353 1.06586 2.9159 296.273
163900 0.910473 1.00022 1.05716 2.96786 282.61
164000 0.957936 0.984804 1.09624 3.03898 278.955
164100 0.949925 0.971353 1.12975 3.05103 297.578
164200 0.967261 0.979673 1.18524 3.13218 298.607
164300 0.983726 0.99514 1.16474 3.14361 302.251
164400 0.992629 0.987105 1.16462 3.14435 311.592
164500 1.00848 0.980741 1.13167 3.12089 292.38
164600 0.974627 0.946125 1.10288 3.02363 298.238
164700 0.919887 0.928632 1.11165 2.96017 287.283
164800 0.920774 0.960668 1.12871 3.01015 294.361
164900 0.954999 0.99935 1.10138 3.05573 306.662
165000 0.976104 1.00449 1.09734 3.07794 308.984
165100 0.975241 0.967505 1.1271 3.06984 298.631
165200 0.970038 0.952926 1.13697 3.05993 291.485
165300 0.98431 0.977353 1.20286 3.16452 296.662
165400 1.00024 0.97492 1.15528 3.13044 300.891
165500 0.989049 1.00821 1.13164 3.12891 317.992
165600 0.945853 1.00426 1.13461 3.08472 326.809
165700 0.948781 0.969136 1.13769 3.05561 314.099
165800 0.951173 0.920034 1.13859 3.0098 305.238
165900 0.990236 0.931113 1.10175 3.0231 295.252
166000 1.02208 0.968049 1.10258 3.09271 291.284
166100 1.01634 0.938699 1.13236 3.0874 299.248
166200 1.01535 0.922524 1.16096 3.09883 314.682
166300 0.976812 0.961155 1.13707 3.07503 314.349
166400 0.963023 0.986659 1.11701 3.06669 302.055
166500 0.931688 0.974925 1.11374 3.02035 297.144
166600 0.931761 1.00314 1.10981 3.04471 299.461
166700 0.968059 1.04397 1.15467 3.1667 302.607
166800 0.967062 1.06058 1.15301 3.18065 300.44
166900 0.977243 1.02946 1.15818 3.16487 299.146
167000 0.965196 0.985365 1.19106 3.14162 303.807
167100 0.985446 0.981107 1.17251 3.13906 312.235
167200 1.00085 1.0166 1.20467 3.22212 300.838
167300 1.02606 1.01255 1.17596 3.21456 291.74
167400 0.996895 1.02864 1.13489 3.16042 289.036
167500 0.942844 1.03825 1.14769 3.12879 299.713
167600 0.966052 1.04305 1.09335 3.10245 292.75
167700 0.97743 1.0404 1.05234 3.07018 304.687
167800 0.994655 1.06444 1.02015 3.07924 302.366
167900 1.01998 1.06102 1.01478 3.09578 292.44
168000 1.02006 1.04994 1.0299 3.0999 288.575
168100 1.0041 1.04088 1.08992 3.13491 286.558
168200 0.98865 1.05422 1.11044 3.15331 293.954
168300 1.01058 1.02101 1.11307 3.14466 306.258
168400 1.02393 1.0165 1.11917 3.1596 308.471
168500 0.996659 1.02854 1.14564 3.17085 306.009
168600 0.945226 1.01823 1.12793 3.09139 283.501
168700 0.932356 0.967986 1.12895 3.0293 290.444
168800 0.98066 0.972652 1.1121 3.06541 299.573
168900 1.00904 0.945622 1.12226 3.07692 302.08
169000 1.00965 0.950928 1.14243 3.10301 302.175
169100 1.00784 0.982781 1.14711 3.13774 301.049
169200 0.984304 0.967039 1.14216 3.0935 298.06
169300 0.943623 0.962455 1.12097 3.02704 300.389
169400 0.967287 0.963326 1.09725 3.02787 301.1
169500 1.00154 0.952947 1.09431 3.0488 296.722
169600 0.985135 0.958787 1.14657 3.09049 294.592
169700 0.990781 0.969657 1.15314 3.11358 292.721
169800 0.999295 0.990867 1.16587 3.15603 295.43
169900 0.993528 0.983432 1.1592 3.13616 307.381
170000 0.992692 1.0079 1.18599 3.18658 316.928
170100 0.968356 1.02848 1.19649 3.19333 301.597
170200 0.929513 1.04765 1.12716 3.10432 296.246
170300 0.954537 1.025 1.17122 3.15075 299.176
170400 0.986814 1.02962 1.17754 3.19398 295.055
170500 1.00113 1.02755 1.20848 3.23716 315.958
170600 1.01752 1.03637 1.20896 3.26285 316.744
170700 1.0061 0.999482 1.15818 3.16376 297.044
170800 1.00029 0.974725 1.1156 3.09062 296.427
170900 0.986936 1.01299 1.12801 3.12793 297.01
171000 0.939862 1.01026 1.0769 3.02703 302.726
171100 0.946174 1.03461 1.0519 3.03268 305.356
171200 0.947027 1.05941 1.04607 3.05251 316.372
171300 0.927661 1.09346 1.08085 3.10197 289.313
171400 0.970756 1.1184 1.13202 3.22118 294.165
171500 0.995885 1.09052 1.14932 3.23572 296.43
171600 0.983337 1.04752 1.13276 3.16361 307.402
171700 0.979001 1.03462 1.10835 3.12197 313.743
171800 0.976719 1.03745 1.03893 3.0531 302.688
171900 0.944159 1.0764 1.06043 3.08099 295.225
172000 0.967771 1.10121 1.098 3.16699 299.749
172100 1.00212 1.08038 1.05898 3.14147 305.979
172200 0.997842 1.06439 1.06854 3.13078 315.648
172300 0.98941 0.994807 1.15352 3.13774 316.855
172400 0.990849 0.951939 1.14981 3.0926 310.542
172500 0.97231 0.977299 1.14954 3.09915 292.064
172600 0.946616 0.990804 1.1105 3.04792 297.206
172700 0.96804 1.00065 1.15179 3.12048 301.941
172800 1.00332 0.996703 1.14679 3.14681 315.192
172900 1.00172 1.00177 1.17818 3.18168 312.868
173000 0.959652 0.989635 1.1803 3.12959 304.15
173100 0.955879 0.949216 1.17415 3.07924 300.183
173200 0.95951 0.91886 1.15875 3.03712 290.783
173300 0.940488 0.93124 1.13998 3.01171 303.346
173400 0.938789 0.898898 1.14643 2.98412 307.893
173500 0.953055 0.898503 1.14257 2.99413 308.792
173600 0.945732 0.914845 1.11515 2.97573 311.947
173700 0.930768 0.919267 1.06577 2.91581 297.539
173800 0.946636 0.942597 1.0901 2.97934 291.956
173900 0.982369 0.968168 1.08078 3.03131 299.313
174000 0.987336 0.958252 1.05603 3.00162 302.923
174100 0.961851 0.98251 1.07118 3.01554 308.275
174200 0.964399 0.974192 1.09673 3.03532 315.142
174300 0.972509 0.954322 1.19703 3.12386 302.594
174400 0.979467 0.940571 1.16996 3.08999 303.005
174500 0.964197 0.96226 1.08282 3.00927 293.58
174600 0.973426 0.976361 1.12078 3.07056 294.103
174700 0.96103 0.967801 1.12979 3.05862 307.097
174800 0.979982 0.971624 1.18747 3.13908 315.245
174900 0.99231 0.981246 1.19269 3.16625 301.272
175000 0.980725 0.976236 1.17592 3.13288 296.923
175100 0.985767 0.995712 1.19482 3.1763 300.555
175200 0.981367 0.989064 1.13059 3.10102 297.664
175300 0.972181 0.98016 1.12709 3.07943 297.498
175400 0.955268 0.983166 1.0981 3.03654 293.455
175500 0.943366 0.968725 1.10697 3.01906 306.056
175600 0.96427 0.949965 1.08734 3.00157 305.733
175700 0.977516 0.941442 1.08697 3.00593 301.868
175800 0.97002 0.938461 1.09799 3.00647 297.605
175900 0.968448 0.934556 1.11685 3.01985 289.386
176000 0.940839 0.930186 1.14667 3.01769 296.755
176100 0.939987 0.91063 1.14819 2.99881 296.523
176200 0.941498 0.945593 1.15644 3.04353 315.605
176300 0.92681 1.00983 1.09949 3.03613 307.051
176400 0.930345 1.03193 1.08751 3.04978 299.63
176500 0.960264 1.0139 1.08567 3.05983 294.904
176600 0.96845 1.01625 1.1306 3.1153 295.992
176700 0.983551 0.963976 1.1247 3.07222 275.271
176800 0.994206 0.976479 1.13734 3.10802 276.935
176900 0.96594 0.973154 1.12327 3.06236 296.046
177000 0.956078 0.936835 1.10759 3.0005 297.685
177100 0.950331 0.962481 1.13794 3.05076 302.294
177200 0.976786 0.968406 1.13722 3.08241 304.431
177300 0.997769 1.01854 1.14556 3.16188 296.298
177400 0.956412 1.01642 1.14152 3.11436 301.197
177500 0.966795 0.978556 1.15006 3.09542 290.278
177600 0.981317 0.964843 1.11782 3.06398 293.184
177700 0.974509 0.953587 1.14246 3.07055 303.085
177800 0.95252 0.938241 1.09977 2.99053 315.103
177900 0.972948 0.98984 1.11705 3.07984 303.444
178000 0.999478 1.0099 1.13522 3.14459 304.074
178100 1.01348 0.999374 1.20526 3.21811 296.42
178200 1.02597 0.979099 1.20909 3.21416 294.484
178300 1.01331 0.975352 1.15641 3.14507 308.103
178400 0.980409 1.00799 1.12244 3.11084 319.389
178500 0.953058 1.04909 1.11645 3.1186 313.451
178600 0.956091 1.05108 1.0741 3.08127 307.369
178700 0.963357 1.00779 1.05529 3.02644 304.218
178800 0.977676 1.0291 1.09406 3.10084 290.181
178900 0.973411 1.0517 1.09958 3.12469 298.204
179000 0.948588 1.03024 1.04628 3.02511 310.348
179100 0.94004 1.02337 1.06786 3.03127 319.933
179200 0.973975 1.02924 1.08245 3.08566 311.552
179300 0.975034 1.04184 1.06718 3.08406 305.581
179400 0.956745 1.0467 1.05329 3.05674 297.488
179500 0.924478 1.01804 1.05082 2.99333 288.92
179600 0.949576 1.0162 1.06032 3.0261 307.407
179700 0.941777 0.994999 1.08068 3.01745 320.723
179800 0.968851 0.95387 1.10336 3.02608 302.742
179900 1.01553 0.94957 1.15808 3.12318 302.191
180000 1.00966 0.964077 1.1078 3.08154 298.827
180100 0.994763 1.00789 1.09761 3.10026 296.611
180200 1.00266 1.0297 1.07513 3.10749 306.163
180300 0.993965 1.02346 1.08528 3.10271 316.416
180400 1.00888 1.01034 1.09317 3.11239 312.056
180500 0.997977 1.08788 1.06943 3.15529 288.974
180600 0.973639 1.08144 1.04788 3.10296 298.886
180700 0.941383 1.05947 1.06017 3.06102 295.46
180800 0.949958 1.05967 1.0679 3.07753 307.972
180900 0.990204 1.05457 1.05524 3.10001 315.117
181000 1.00097 1.06823 1.03518 3.10438 308.522
181100 0.997611 1.06427 1.05162 3.1135 295.479
181200 1.01255 1.01505 1.02169 3.04929 297.574
181300 0.998454 1.01055 0.984776 2.99378 311.334
181400 0.995371 1.00993 1.00042 3.00571 295.641
181500 1.03183 0.976377 1.00328 3.01149 294.058
181600 1.02413 1.04941 1.00313 3.07668 284.914
181700 0.992229 1.03279 1.01456 3.03958 282.815
181800 0.969019 1.06456 1.03379 3.06737 309.386
181900 0.967359 1.05756 1.04823 3.07315 299.087
182000 1.02323 1.06925 1.12098 3.21346 307.246
182100 1.06292 1.06277 1.11473 3.24042 287.143
182200 1.06045 1.07274 1.09249 3.22568 295.365
182300 1.0419 1.10888 1.08618 3.23696 300.04
182400 1.03283 1.09293 1.11453 3.24029 307.848
182500 1.02921 1.05405 1.10878 3.19203 321.839
182600 1.00593 1.02742 1.11306 3.14641 314.791
182700 0.964349 1.03541 1.1116 3.11135 297.678
182800 0.977701 1.05951 1.08168 3.11889 299.379
182900 0.980295 1.03963 1.07707 3.097 295.221
183000 0.968396 1.01232 1.05405 3.03476 293.775
183100 0.956595 1.00002 1.06931 3.02592 304.99
183200 0.948257 0.998697 1.09992 3.04688 308.513
183300 0.952322 1.01174 1.10855 3.07261 305.407
183400 1.00178 1.05066 1.06516 3.11759 294.945
183500 1.01278 1.05319 1.10589 3.17186 288.856
183600 0.993436 1.04306 1.05013 3.08663 292.813
183700 0.989387 1.03784 1.05102 3.07825 299.886
183800 1.00918 1.0219 1.0759 3.10698 294.539
183900 1.03537 1.04604 1.06566 3.14707 309.369
184000 0.972839 1.05872 1.07578 3.10734 303.876
184100 0.967101 1.08055 1.10243 3.15008 303.326
184200 0.977383 1.12152 1.06536 3.16427 299.917
184300 1.0007 1.10236 1.06522 3.16829 291.77
184400 0.995542 1.0347 1.06001 3.09025 304.519
184500 0.992431 1.04708 1.03714 3.07665 305.97
184600 1.0008 1.09868 1.07465 3.17414 304.466
184700 0.998006 1.11033 1.0555 3.16384 305.111
184800 1.02072 1.05359 1.07218 3.14649 292.135
184900 1.02775 1.09062 1.11892 3.23728 292.976
185000 1.0116 1.08509 1.09148 3.18817 288.158
185100 1.00334 1.06168 1.06983 3.13485 306.129
185200 0.993697 1.05686 1.02718 3.07773 308.849
185300 0.996752 1.03021 1.03315 3.06012 303.262
185400 0.97435 0.983973 1.04905 3.00737 289.726
185500 0.997504 0.995146 1.0715 3.06415 292.468
185600 1.00171 0.977534 1.06795 3.04719 294.569
185700 0.985183 0.992241 1.07378 3.0512 304.433
185800 0.97925 1.05097 1.09378 3.12401 300.103
185900 0.968235 1.02831 1.07714 3.07369 301.959
186000 0.982443 1.00773 1.05799 3.04816 295.122
186100 0.981152 1.03434 1.02498 3.04046 288.422
186200 0.991072 1.07501 1.01461 3.08068 304.021
186300 0.965505 1.05238 1.07286 3.09075 310.385
186400 0.97307 1.02017 1.09145 3.08469 310.656
186500 0.977413 1.07389 1.09592 3.14722 285.301
186600 0.999326 1.0849 1.10088 3.18511 288.724
186700 1.00024 1.0367 1.0919 3.12884 299.199
186800 0.966888 1.05762 1.09542 3.11993 299.827
186900 0.97462 1.01829 1.06233 3.05524 302.242
187000 1.01639 1.01816 1.0628 3.09735 304.138
187100 1.02502 1.01814 1.05481 3.09798 319.643
187200 1.0182 0.997317 1.07636 3.09188 319.401
187300 0.989686 1.02735 1.10422 3.12125 300.278
187400 0.990332 1.02902 1.04725 3.0666 298.792
187500 0.995718 1.03658 1.0424 3.0747 299.622
187600 0.980065 1.05722 1.06395 3.10124 299.4
187700 0.953086 1.06419 1.09794 3.11522 291.252
187800 0.946685 1.09195 1.08958 3.12821 305.278
187900 0.986237 1.10118 1.06982 3.15723 314.037
188000 1.02886 1.08868 1.06813 3.18568 306.669
188100 1.04285 1.07446 1.06869 3.18601 288.869
188200 1.00883 1.04989 1.06412 3.12285 295.469
188300 0.968931 1.03638 1.02099 3.0263 293.672
188400 0.947859 1.04282 1.03726 3.02795 304.847
188500 0.965923 1.0317 1.01616 3.01378 310.372
188600 0.971642 1.06904 1.03499 3.07567 310.897
188700 0.990369 1.08917 1.07091 3.15045 302.531
188800 0.986852 1.09683 1.07272 3.15639 295.82
188900 0.99822 1.13802 1.09698 3.23322 289.372
189000 1.03447 1.05539 1.12498 3.21484 306.756
189100 1.05083 1.05105 1.10079 3.20266 313.118
189200 1.04298 1.04797 1.08241 3.17336 306.476
189300 0.977795 1.08351 1.0762 3.1375 302.188
189400 0.964472 1.10708 1.04615 3.1177 286.445
189500 0.997243 1.11811 1.06316 3.17851 296.525
189600 1.00583 1.12089 1.13746 3.26418 308.54
189700 1.02953 1.0989 1.18446 3.31289 309.365
189800 1.00288 1.09265 1.13979 3.23532 293.498
189900 1.01119 1.12206 1.09528 3.22853 292.251
190000 1.0115 1.09405 1.09236 3.19791 297.402
190100 1.091 1.0652 1.08277 3.23896 297.653
190200 1.14279 1.07291 1.08277 3.29847 306.431
190300 1.10409 1.02063 1.11468 3.2394 313.394
190400 1.07182 1.02695 1.07945 3.17823 305.067
190500 1.01928 1.04731 1.06667 3.13326 300.987
190600 1.00793 1.02742 1.07727 3.11262 289.503
190700 1.01569 1.04258 1.06478 3.12305 296.769
190800 1.0207 1.05231 1.06812 3.14113 309.178
190900 1.02524 1.1015 1.11257 3.23931 310.971
191000 1.05904 1.12238 1.09601 3.27743 293.385
191100 1.04706 1.08632 1.06985 3.20323 287.937
191200 1.01428 1.08178 1.03742 3.13349 297.165
191300 0.998382 1.10662 1.07619 3.1812 303.241
191400 0.986413 1.08599 1.13549 3.20788 303.716
191500 1.00446 1.08743 1.14692 3.23881 283.867
191600 1.02347 1.08192 1.12793 3.23332 285.371
191700 1.04331 1.04547 1.10118 3.18996 285.2
191800 1.02919 1.04081 1.09136 3.16135 295.133
191900 1.04245 1.0041 1.09345 3.14 301.295
192000 1.02578 0.962395 1.08383 3.07201 304.513
192100 1.01697 0.956054 1.12404 3.09706 305.735
192200 1.03408 0.967685 1.17169 3.17346 308.901
192300 0.996339 0.96446 1.14417 3.10497 298.719
192400 0.983098 0.978443 1.16961 3.13116 287.045
192500 0.999159 0.992637 1.17425 3.16605 292.07
192600 0.983725 1.01493 1.15816 3.15681 311.758
192700 0.991658 1.02415 1.13679 3.15259 307.93
192800 1.02689 1.00862 1.14522 3.18074 306.629
192900 1.03951 1.01092 1.13693 3.18736 299.119
193000 1.0156 1.00249 1.12546 3.14355 301.079
193100 1.05146 1.02512 1.15637 3.23295 294.161
193200 1.0507 1.01846 1.18135 3.25051 294.976
193300 1.04279 0.965591 1.18 3.18839 300.882
193400 1.03159 0.94691 1.21571 3.1942 303.27
193500 0.981256 0.967557 1.18643 3.13525 322.566
193600 0.987768 0.956766 1.11544 3.05997 325.726
193700 1.02284 0.989883 1.12398 3.13671 311.302
193800 1.02097 0.963808 1.12828 3.11306 300.158
193900 1.02351 0.948987 1.16225 3.13475 296.711
194000 1.00601 0.958593 1.19263 3.15724 295.494
194100 0.96223 0.958732 1.17359 3.09455 293.775
194200 0.980162 0.999399 1.16222 3.14178 303.999
194300 1.01765 1.03667 1.21822 3.27254 306.038
194400 1.02326 1.02637 1.18233 3.23197 305.132
194500 1.01234 0.980029 1.17252 3.16489 304.075
194600 1.00647 0.965331 1.16001 3.13181 288.542
194700 1.01416 0.941544 1.08619 3.0419 288.886
194800 1.02658 0.936635 1.12808 3.09129 299.09
194900 1.0544 0.948162 1.16624 3.1688 309.655
195000 1.04094 0.946543 1.19246 3.17995 301.89
195100 0.987608 0.962415 1.11559 3.06561 297.608
195200 0.955603 0.999055 1.00425 2.95891 279.246
195300 0.945217 1.03284 0.96756 2.94562 284.612
195400 0.952161 1.03807 0.981232 2.97147 291.308
195500 0.952804 1.04748 1.00762 3.0079 296.277
195600 0.974331 1.06327 1.03365 3.07125 302.627
195700 1.01352 1.0562 1.08989 3.1596 297.13
195800 1.02119 1.0451 1.11344 3.17973 309.899
195900 1.01864 1.04252 1.10205 3.16321 319.278
196000 1.03521 1.06156 1.10471 3.20148 305.91
196100 1.03014 1.05012 1.11211 3.19237 296.562
196200 1.0413 1.06689 1.1211 3.22929 296.151
196300 1.05618 1.04737 1.07963 3.18318 303.004
196400 1.0885 1.10399 1.0831 3.27559 298.11
196500 1.08413 1.11907 1.13231 3.33551 306.183
196600 1.05392 1.06672 1.14488 3.26551 320.484
196700 0.997658 1.03139 1.12419 3.15324 305.894
196800 1.00176 1.0442 1.14418 3.19014 296.301
196900 1.01485 0.992861 1.14887 3.15659 295.451
197000 1.00443 0.957402 1.17324 3.13508 298.238
197100 0.997803 0.994575 1.22035 3.21273 316.451
197200 0.969626 0.978269 1.18189 3.12979 304.834
197300 0.962018 0.974256 1.20997 3.14624 306.925
197400 1.01913 0.960765 1.16909 3.14898 295.85
197500 1.04082 0.988231 1.17785 3.2069 306
197600 1.04247 0.98847 1.20587 3.23681 296.586
197700 1.06118 0.969736 1.20525 3.23617 292.388
197800 1.09292 0.985412 1.22829 3.30662 284.342
197900 1.1034 0.99975 1.24943 3.35259 300.403
198000 1.06903 0.967026 1.23039 3.26645 309.49
198100 1.04155 0.913225 1.20794 3.16272 301.813
198200 1.05238 0.925724 1.18637 3.16447 298.709
198300 1.05998 0.946042 1.17707 3.18309 295.123
198400 1.04683 0.959064 1.15292 3.15881 284.35
198500 1.06098 0.996273 1.14396 3.20121 279.053
198600 1.04065 1.03016 1.17201 3.24283 295.126
198700 0.998224 1.03551 1.20792 3.24166 297.34
198800 1.01828 1.01011 1.24236 3.27074 306.308
198900 1.02573 0.999803 1.22229 3.24783 303.003
199000 1.00303 0.999292 1.22858 3.2309 293.056
199100 1.02296 0.974614 1.19629 3.19386 287.185
199200 1.0608 0.968444 1.25367 3.28292 290.286
199300 1.08925 1.00945 1.19387 3.29257 304.99
199400 1.10577 1.05744 1.17353 3.33674 303.376
199500 1.10809 1.04947 1.15749 3.31505 310.112
199600 1.12185 1.07334 1.18545 3.38064 295.095
199700 1.12017 1.11598 1.14316 3.37931 286.361
199800 1.09928 1.05541 1.13512 3.28981 289.85
199900 1.03872 1.03883 1.11415 3.1917 303.577
200000 1.03062 1.05822 1.13931 3.22815 298.685
