# Time-averaged data for fix myMSD
# TimeStep MSD_X MSD_Y MSD_Z MSD_Total Temperture
100 0.0236827 0.0232211 0.0248857 0.0717895 208.534
200 0.166994 0.132222 0.139235 0.43845 353.185
300 0.30608 0.293793 0.244717 0.84459 356.24
400 0.443771 0.35185 0.288329 1.08395 400.777
500 0.559767 0.45263 0.320306 1.3327 347.209
600 0.637459 0.586444 0.363442 1.58735 317.426
700 0.67855 0.680276 0.408313 1.76714 302.479
800 0.810744 0.676891 0.519326 2.00696 308.67
900 0.941883 0.697297 0.676871 2.31605 303.281
1000 0.955176 0.719853 0.798243 2.47327 333.959
1100 0.876269 0.726201 0.883585 2.48605 326.704
1200 0.882324 0.797892 1.02315 2.70337 315.125
1300 0.848814 0.858298 1.02981 2.73692 306.422
1400 0.852908 0.881358 0.987693 2.72196 288.165
1500 0.967498 0.973943 0.988996 2.93044 284.688
1600 1.00502 1.05388 1.06909 3.12799 292.864
1700 0.972967 1.13457 1.0344 3.14195 313.967
1800 1.14975 1.20491 1.14017 3.49483 338.368
1900 1.25851 1.21835 1.17237 3.64923 307.406
2000 1.32441 1.32114 1.21891 3.86447 322.741
2100 1.28536 1.21661 1.22936 3.73133 312.962
2200 1.3398 1.22319 1.22895 3.79194 301.937
2300 1.53894 1.19849 1.17494 3.91237 332.733
2400 1.74646 1.20568 1.30203 4.25417 323.137
2500 2.05022 1.29737 1.45168 4.79927 320.947
2600 2.29314 1.39975 1.53111 5.224 334.735
2700 2.2829 1.48825 1.56482 5.33597 358.502
2800 2.05248 1.53044 1.66695 5.24987 356.436
2900 1.74564 1.61433 1.76592 5.12589 322.252
3000 1.66903 1.66726 1.75681 5.09309 301.918
3100 1.50595 1.59899 1.84375 4.94869 306.143
3200 1.43767 1.54761 1.82297 4.80826 297.329
3300 1.39842 1.53088 1.72972 4.65902 305.679
3400 1.32976 1.58892 1.68108 4.59977 283.921
3500 1.3241 1.57724 1.68905 4.59039 295.073
3600 1.31827 1.62806 1.68624 4.63257 311.006
3700 1.39245 1.73795 1.78702 4.91742 321.222
3800 1.60925 1.81556 1.83305 5.25786 314.447
3900 1.86408 1.96499 1.82958 5.65865 305.466
4000 2.06992 2.07807 1.85099 5.99898 301.138
4100 2.01635 2.08156 1.86725 5.96516 298.055
4200 2.0115 2.04001 1.71644 5.76796 290.811
4300 2.31839 2.01836 1.58295 5.9197 293.25
4400 2.62629 1.97959 1.53839 6.14428 294.428
4500 2.72043 2.13772 1.50454 6.36269 295.018
4600 2.7353 2.24281 1.49853 6.47664 288.506
4700 2.72567 2.30311 1.58235 6.61113 311.313
4800 2.75859 2.2916 1.6085 6.65869 317.442
4900 2.67141 2.1692 1.58813 6.42873 306.022
5000 2.67254 2.03716 1.69596 6.40566 289.031
5100 2.76753 1.95325 1.81662 6.5374 293.939
5200 2.68236 1.89757 1.76848 6.3484 312.48
5300 2.71387 1.91062 1.77241 6.39689 304.265
5400 2.69194 1.97944 1.83261 6.50399 286.909
5500 2.62027 2.04423 1.86336 6.52786 289.538
5600 2.61612 2.0471 1.93465 6.59787 329.654
5700 2.61378 2.04587 1.9306 6.59025 328.603
5800 2.62148 2.21758 1.94131 6.78037 305.356
5900 2.73851 2.33405 2.00165 7.07421 312.248
6000 2.98397 2.3374 1.92546 7.24683 298.904
6100 3.27718 2.30192 1.95306 7.53216 298.449
6200 3.43415 2.1961 2.00945 7.63969 312.451
6300 3.30832 2.081 2.01396 7.40328 301.647
6400 3.0752 2.09928 2.08667 7.26115 300.53
6500 2.79959 2.04103 2.15771 6.99833 292.106
6600 2.52266 2.05841 2.22774 6.80882 299.451
6700 2.40694 2.04514 2.16361 6.61569 310.745
6800 2.36775 2.06606 2.07892 6.51274 346.185
6900 2.35041 2.10836 2.09696 6.55573 324.805
7000 2.3828 2.12005 2.14013 6.64298 306.425
7100 2.3387 2.15916 2.27464 6.77251 293.079
7200 2.34243 2.21438 2.22145 6.77826 292.101
7300 2.38585 2.28714 2.21038 6.88338 297.513
7400 2.40583 2.30743 2.17849 6.89175 320.234
7500 2.33529 2.24662 2.19509 6.77701 300.968
7600 2.31565 2.23153 2.35881 6.90598 289.375
7700 2.31778 2.20497 2.39835 6.92109 291.708
7800 2.31388 2.2278 2.45696 6.99864 312.909
7900 2.17587 2.19005 2.41216 6.77808 302.308
8000 2.14159 2.07478 2.4552 6.67157 337.715
8100 2.20549 2.05478 2.40394 6.66421 312.784
8200 2.25395 2.06055 2.26258 6.57708 309.781
8300 2.35538 2.05763 2.13036 6.54337 285.269
8400 2.49681 1.99081 2.05413 6.54175 286.552
8500 2.52021 2.01175 1.93763 6.46959 299.108
8600 2.50241 2.10373 1.9876 6.59374 317.564
8700 2.62668 2.14641 1.99349 6.76657 309.162
8800 2.76124 2.08841 1.9141 6.76375 298.676
8900 2.85553 2.1315 1.99715 6.98418 293.651
9000 2.88513 2.16599 2.16613 7.21725 299.692
9100 3.02628 2.11078 2.22844 7.3655 310.689
9200 3.1029 2.02609 2.30669 7.43568 311.45
9300 2.9997 2.02364 2.24623 7.26956 308.851
9400 3.01708 2.09754 2.23948 7.35409 284.306
9500 3.0115 2.08 2.31381 7.4053 295.736
9600 3.01264 2.00596 2.27471 7.29331 300.593
9700 3.01638 1.93951 2.21773 7.17362 316.687
9800 2.88797 1.9946 2.21216 7.09473 323.899
9900 2.70527 2.07079 2.27252 7.04859 331.284
10000 2.63475 2.1342 2.36517 7.13412 305.379
10100 2.64707 2.12005 2.4426 7.20972 297.592
10200 2.60619 2.0737 2.48516 7.16505 299.288
10300 2.59342 2.05982 2.48886 7.1421 314.868
10400 2.58439 2.09223 2.41807 7.09469 293.389
10500 2.57409 2.08138 2.42197 7.07743 298.691
10600 2.67456 2.06715 2.42591 7.16763 299.658
10700 2.71629 2.1154 2.47578 7.30747 310.433
10800 2.81729 2.13891 2.71317 7.66937 289.154
10900 2.83244 2.12219 2.70668 7.66131 299.701
11000 2.88171 2.20607 2.65252 7.74031 287.907
11100 2.806 2.29281 2.62075 7.71956 293.207
11200 2.82408 2.25594 2.6182 7.69823 283.607
11300 2.83702 2.18181 2.57011 7.58893 303.328
11400 2.85805 2.19544 2.67427 7.72777 310.89
11500 2.88917 2.24095 2.68991 7.82003 325.853
11600 2.74866 2.35158 2.64895 7.74919 306.989
11700 2.64515 2.41925 2.69776 7.76216 304.098
11800 2.6471 2.40874 2.67352 7.72937 305.433
11900 2.72584 2.41719 2.61259 7.75563 319.255
12000 2.77819 2.42644 2.63929 7.84392 323.842
12100 2.96494 2.37291 2.63226 7.97012 307.744
12200 3.12863 2.24066 2.59035 7.95964 292.341
12300 3.38312 2.1339 2.66388 8.1809 285.784
12400 3.4549 2.15349 2.70284 8.31122 305.992
12500 3.40441 2.20778 2.62356 8.23575 302.575
12600 3.27697 2.21002 2.54486 8.03186 310.868
12700 3.3046 2.25454 2.59716 8.1563 299.621
12800 3.26315 2.3203 2.62417 8.20762 313.494
12900 3.17633 2.32486 2.65057 8.15176 297.951
13000 3.0869 2.29604 2.54129 7.92423 288.968
13100 2.89604 2.32079 2.46239 7.67922 300.394
13200 2.90804 2.30836 2.47377 7.69017 310.216
13300 3.0191 2.29141 2.55665 7.86716 319.284
13400 3.06618 2.19557 2.50283 7.76458 315.306
13500 3.23756 2.17402 2.55711 7.96869 295.875
13600 3.37495 2.19308 2.62191 8.18994 296.04
13700 3.41982 2.16381 2.81965 8.40327 302.359
13800 3.51947 2.24758 2.77068 8.53772 281.319
13900 3.5821 2.3223 2.69405 8.59845 277.929
14000 3.51116 2.34566 2.66274 8.51955 289.761
14100 3.46257 2.33934 2.67705 8.47895 300.155
14200 3.48359 2.15867 2.67227 8.31453 305.374
14300 3.3693 2.10517 2.55249 8.02695 308.01
14400 3.14859 2.19464 2.61222 7.95545 283.709
14500 3.00149 2.13111 2.60012 7.73273 285.268
14600 3.10259 2.04107 2.5908 7.73446 284.352
14700 3.07551 2.03584 2.57181 7.68316 295.351
14800 3.04816 2.08433 2.59133 7.72383 314.048
14900 3.01933 2.12598 2.70223 7.84754 298.627
15000 2.98441 2.19659 2.83777 8.01877 289.155
15100 2.89449 2.19424 2.82928 7.918 277.483
15200 2.99352 2.1986 2.79283 7.98495 305.104
15300 3.17838 2.14842 2.69408 8.02088 301.348
15400 3.19296 2.167 2.56042 7.92038 304.662
15500 3.27589 2.15551 2.58003 8.01143 301.999
15600 3.45952 2.15578 2.65838 8.27369 286.73
15700 3.6481 2.26468 2.74519 8.65798 284.613
15800 3.62293 2.26685 2.76515 8.65494 305.803
15900 3.56651 2.27888 2.63493 8.48031 304.886
16000 3.28338 2.30667 2.49053 8.08057 303.867
16100 3.05732 2.27742 2.35607 7.69081 294.381
16200 2.91526 2.26732 2.42954 7.61212 284.868
16300 2.92477 2.18359 2.54542 7.65378 298.671
16400 2.98262 2.09425 2.51331 7.59019 316.169
16500 3.25126 2.06031 2.47886 7.79043 309.885
16600 3.3178 2.1709 2.63828 8.12698 295.412
16700 3.24412 2.23946 2.70776 8.19135 294.106
16800 3.28353 2.23032 2.72284 8.23669 293.866
16900 3.34077 2.24846 2.69746 8.28669 282.969
17000 3.34715 2.2996 2.65331 8.30006 302.992
17100 3.35179 2.331 2.66614 8.34894 313.943
17200 3.44585 2.47916 2.58051 8.50552 310.119
17300 3.51919 2.59577 2.62059 8.73555 296.106
17400 3.69523 2.52474 2.70795 8.92792 287.237
17500 3.78793 2.50289 2.66907 8.95989 298.065
17600 3.89096 2.47933 2.64522 9.01551 299.801
17700 4.03388 2.55019 2.63985 9.22391 310.581
17800 4.06755 2.62243 2.67025 9.36023 323.077
17900 4.15335 2.59608 2.63909 9.38852 322.345
18000 4.0262 2.48005 2.5399 9.04615 309.142
18100 3.88097 2.51939 2.43152 8.83188 303.256
18200 3.74096 2.60599 2.48775 8.8347 298.446
18300 3.83585 2.56551 2.60053 9.00189 290.041
18400 3.95384 2.5308 2.56282 9.04747 290.583
18500 4.04811 2.5247 2.55926 9.13207 310.643
18600 4.04957 2.47665 2.52592 9.05215 309.895
18700 3.98386 2.46037 2.4645 8.90873 302.491
18800 3.83309 2.43175 2.48706 8.75189 289.492
18900 3.73377 2.44564 2.56925 8.74866 271.417
19000 3.64945 2.43765 2.50235 8.58945 275.679
19100 3.38888 2.54313 2.43598 8.36799 298.271
19200 3.23311 2.73912 2.3915 8.36373 296.319
19300 3.27052 2.68222 2.45093 8.40366 300.149
19400 3.52431 2.76305 2.51135 8.7987 307.132
19500 3.70925 2.81509 2.53788 9.06222 302.803
19600 3.93099 2.76367 2.58667 9.28133 331.078
19700 4.14066 2.67736 2.61269 9.43072 305.259
19800 4.10653 2.6553 2.56452 9.32635 295.723
19900 4.02671 2.67721 2.5719 9.27582 303.912
20000 4.12243 2.72425 2.62442 9.4711 287.919
