# Stress and strain vectors, 333U-50C-33-vasp, positive deformation 6
# eps sig1 sig2 sig3 sig4 sig5 sig6
0 -0 -0 -0 -0 -0 -0
0.00400000000000002 0.887975315411922 0.487725718067971 0.577541429390086 0.0282671278682555 -0.159882390460946 0.125806799312865
1.67998262217419 0.401242696033071 0.233237980273575 0.0992231842031898 0.144842043652125 0.228399571930356 0.15560643280856
0.0120000000000001 0.43179384472211 0.755957356966887 0.171533225863118 0.0221909829482513 0.171041378188022 0.382773493803839
0.0160000000000001 0.61242413195774 0.539831481348234 0.751638116931031 0.124354058097678 0.301181549989431 0.354744704609777
0.0200000000000001 -0.162458418728497 0.12409218999391 -0.207902551321097 0.102789000217727 0.0722955774983379 0.326185291528859
0.0240000000000001 0.25991578492319 0.43090372339345 0.320658685991466 0.0379558552276694 -0.0305907521630411 -0.115219070313522
0.0280000000000001 0.0763278213076339 -0.0972477548850044 0.126899327713074 0.0454926628642471 0.153140275759637 0.104824735145095
0.0320000000000001 0.462935215875831 0.0751790502025257 0.111610401966936 -0.0583048562089542 0.391118242591627 0.357580230034338
0.0360000000000001 0.378587720982687 0.251758346780964 0.271971153692901 -0.0361022381602683 0.55756090447863 0.263156401360328
0.0400000000000002 0.366169192234608 -0.0216395194802347 0.157343275553841 0.276511567368515 0.319976719378748 0.224716193920296
0.0440000000000002 0.57289959107761 0.280288475548271 0.680519189869911 0.222354762099347 0.0324712876711576 0.377183831790811
0.0480000000000002 0.518747193678168 0.486590859481571 0.125782293601138 0.0382866491873409 0.377156557227463 0.476881432411901
0.0520000000000002 0.141839977058233 0.122454778543902 -0.170108402687207 -0.116747016353169 0.281033167205985 0.553577965652466
0.056 0.629380405230396 0.289514932165405 0.378371918741574 0.196840447798949 -0.0368285936270058 0.540050357343861
0.06 0.230275368873725 0.33745517770797 0.646447093132159 -0.0362717818432138 0.194411223343626 0.357219902413094
0.064 0.484686323587474 0.107361176015831 0.354085687357992 0.0243496632974712 0.219442106244343 0.614811301173978
0.068 0.404602834596552 0.166906952035789 0.281337231143316 0.285688031998556 -0.0846344168402525 0.504531738734794
0.072 0.131385279317809 0.0519051403175642 0.0417981317630259 0.312335965539693 0.196151370085665 0.67729900805389
0.076 0.0510913318976774 0.163109681340141 0.130648361169189 0.0424755800891915 0.462906931874902 0.540920536672126
0.08 0.296495347363148 -0.0436207967243008 -0.0819023515149451 -0.249873312105941 0.188687666493033 0.419622763510232
0.084 0.338229107911012 0.0258601154330604 0.59038833388388 0.123190296854457 0.380600257009127 0.673898054384863
0.088 0.381400572516117 -0.0995323395393564 0.137583100838062 -0.196405852850968 0.263179430913308 0.612802780617502
0.092 -0.122084022854988 -0.236412135987734 0.14722036783289 0.154282488144715 0.161205877664549 0.67319088348709
0.096 0.165906670615593 -0.369001631719953 -0.173627483495162 -0.00734926421921192 0.0257010627646638 0.646063502020918
0.1 0.202968447613542 0.202627080107157 -0.250785520233593 0.0277370613545204 0.0909076080977788 0.823459707322393
0.104 0.731558514098544 0.316598336401562 0.771829952405452 -0.276874317039157 0.359531023112658 0.858626968548412
0.108 0.403182338436091 -0.427941227693235 0.137239265556771 -0.436398061007572 0.308239255071556 0.917981288446328
0.112 0.267027779861474 -0.445935728047503 0.16895205743531 -0.254312156972528 0.263991409462753 0.700149015919154
0.116 0.432043563644385 -0.537032414511343 0.58713220864425 0.0563060140502439 0.21275522485267 0.790725999939682
0.12 -0.0697304690504842 -0.124015952774885 0.278828345567731 -0.0608749567328641 0.218059319727274 1.16772523326771
0.124 0.815586937427067 0.438129313851593 0.737140979213291 0.049576171695248 0.00623430332677108 1.16393428851957
0.128 -0.278705687246606 0.0923107572169114 0.261393713491444 0.00381047953842418 0.144962950842125 1.31124537891547
0.132 0.0346224402721195 -0.0272764225990707 -0.0419374641544693 -0.159792527660716 0.280494880043008 1.29057730426884
0.136 0.61169114068779 0.0131118753852888 0.146392233639689 -0.0935526670640271 0.232238827406897 1.03172393938832
0.14 0.502406210840272 0.427731093234536 0.273725807906807 -0.196019315975626 0.299271654720715 1.1874070994405
0.144 0.117627885877207 -0.4857348365224 -0.669858788022162 0.14300856042423 0.393826357350367 0.919761246449272
0.148 0.311006685017184 -0.38132929093663 0.209810346548148 -0.201458811373576 0.276350508516355 1.10602692697363
0.152 0.705858516562955 -0.1072290513491 0.252162343106016 -0.250147238806496 0.206080219394856 1.01396974333401
0.156 0.854008874388048 -0.126649500400358 0.389484336100913 -0.418069210380869 0.0633558007371151 1.02919014122323
0.16 0.524529145120201 -0.364627459296516 0.384770865255419 -0.128483218496864 -0.152471459237151 1.2575937293531
0.164 -0.207112543083033 -0.27422975496998 -0.306493405652362 -0.191072838090999 0.254169992482371 1.09495393500327
0.168 0.406264019361743 0.0212527515169291 -0.0108211694118103 -0.143198248235144 0.635025715261177 1.18965106736832
0.172 0.318601334827338 -0.370870443168514 -0.0290419948837869 0.173542228027631 0.113335824524484 1.26190956141876
0.176 0.405331794989126 -0.333122532419253 0.0414962550298905 0.137695007230903 0.228017561108689 1.18652453271535
0.18 0.0837894993367121 -0.357183183094092 -0.274271480336952 -0.111931715532964 0.26145299156802 1.16745565573096
0.184 0.106810236835312 -0.516988663083435 -0.039115413369018 -0.285171124841995 0.197356722095164 1.35758869124072
0.188 -0.179155351913563 -0.164048902672818 0.118636213298574 0.0114677618727749 0.206965863825459 1.20300712230931
0.192 0.348223923446521 -0.689356209577755 0.108197213905957 -0.106783503619597 0.110190431336126 1.18839878414679
0.196 0.671455450241405 -0.199820112741746 0.112326805724157 -0.101524662535267 0.308524234912046 1.02082106827263
0.2 0.660072266920188 -0.578741858766249 -0.10464122660754 -0.329019266997795 0.537363444410487 1.1216284651878
