# Time-averaged data for fix myMSD
# TimeStep MSD_X MSD_Y MSD_Z MSD_Total Temperture
100 0.314061 0.325597 0.51209 1.15175 1756.33
200 0.63602 0.551175 0.866939 2.05413 1103.34
300 0.713446 0.560278 0.912092 2.18582 732.219
400 0.78284 0.651372 1.03418 2.4684 483.039
500 0.805451 0.685229 1.08672 2.5774 368.971
600 0.865474 0.765109 1.07336 2.70395 335.459
700 0.907044 0.791924 1.13023 2.8292 302.747
800 0.925267 0.822082 1.21245 2.9598 282.028
900 0.954333 0.890228 1.21559 3.06015 270.472
1000 1.03239 0.88549 1.1269 3.04478 287.094
1100 1.10778 0.906467 1.18965 3.2039 314.269
1200 1.15437 0.97855 1.22971 3.36263 320.192
1300 1.21073 0.968837 1.26476 3.44432 311.12
1400 1.20905 1.03419 1.30602 3.54926 285.948
1500 1.23704 1.06096 1.30382 3.60181 283.017
1600 1.25188 1.08702 1.2659 3.6048 299.407
1700 1.25258 1.07213 1.2713 3.59601 314.465
1800 1.30497 1.07906 1.30813 3.69217 303.939
1900 1.32416 1.14544 1.29259 3.76219 294.633
2000 1.30644 1.17105 1.34853 3.82603 295.283
2100 1.36481 1.11682 1.46051 3.94214 289.18
2200 1.33144 1.18826 1.40585 3.92556 293.118
2300 1.36206 1.25734 1.43314 4.05254 311.907
2400 1.42755 1.23639 1.47303 4.13697 325.336
2500 1.39984 1.24844 1.51662 4.1649 294.997
2600 1.37722 1.2148 1.55421 4.14624 285.719
2700 1.32879 1.23301 1.4908 4.0526 285.47
2800 1.3897 1.24079 1.47045 4.10094 292.603
2900 1.4653 1.2329 1.47714 4.17534 316.674
3000 1.53937 1.25001 1.52889 4.31827 321.855
3100 1.48555 1.36419 1.52754 4.37728 298.117
3200 1.43269 1.36424 1.50745 4.30438 285.001
3300 1.44929 1.37592 1.52263 4.34784 289.086
3400 1.49236 1.37106 1.50562 4.36904 298.458
3500 1.49702 1.35503 1.4755 4.32755 308.843
3600 1.54867 1.35607 1.50479 4.40953 316.122
3700 1.57067 1.41766 1.52785 4.51618 308.435
3800 1.59783 1.39604 1.54602 4.53989 288.062
3900 1.61435 1.38632 1.52655 4.52722 280.915
4000 1.62092 1.36681 1.47628 4.46401 289.172
4100 1.58271 1.4287 1.46944 4.48085 307.074
4200 1.61139 1.46135 1.4368 4.50954 312.663
4300 1.60104 1.49225 1.51339 4.60668 322.197
4400 1.61882 1.55811 1.51328 4.6902 306.438
4500 1.57682 1.49918 1.45568 4.53168 286.887
4600 1.54215 1.48944 1.44954 4.48113 285.059
4700 1.57191 1.5445 1.48015 4.59656 291.143
4800 1.59277 1.57024 1.507 4.67 303.513
4900 1.6348 1.61516 1.52412 4.77408 325.782
5000 1.64181 1.63045 1.55495 4.82721 303.635
5100 1.69835 1.58795 1.62167 4.90797 293.583
5200 1.70964 1.68247 1.67978 5.07189 283.479
5300 1.71658 1.62867 1.57555 4.9208 285.705
5400 1.82413 1.66277 1.59845 5.08536 319.572
5500 1.84419 1.65959 1.68478 5.18856 306.113
5600 1.73337 1.6224 1.67251 5.02827 296.347
5700 1.74838 1.65451 1.66339 5.06629 298.38
5800 1.76264 1.70822 1.76951 5.24036 303.346
5900 1.7963 1.69094 1.75348 5.24072 296.375
6000 1.77144 1.64387 1.77246 5.18777 290.389
6100 1.79953 1.58574 1.77826 5.16353 301.122
6200 1.78055 1.61614 1.85801 5.25469 320.224
6300 1.78426 1.57665 1.84134 5.20224 314.717
6400 1.75678 1.54757 1.84846 5.15281 291.395
6500 1.82543 1.60301 1.88315 5.31159 278.577
6600 1.78052 1.63777 1.84411 5.2624 289.131
6700 1.75827 1.74568 1.86233 5.36628 298.571
6800 1.86093 1.78659 1.96423 5.61175 311.189
6900 1.8479 1.74135 1.97439 5.56365 323.748
7000 1.84578 1.71152 1.94842 5.50572 302.418
7100 1.92302 1.61251 1.92609 5.46162 287.91
7200 1.93529 1.62978 2.00641 5.57148 282.427
7300 1.94326 1.6409 2.04544 5.6296 293.046
7400 1.88538 1.7024 2.09991 5.68769 304.473
7500 1.89939 1.77503 2.16063 5.83506 320.148
7600 1.96543 1.82777 2.2074 6.0006 307.499
7700 2.00616 1.86123 2.23566 6.10305 306.055
7800 1.95084 1.74986 2.22013 5.92084 289.265
7900 1.85689 1.7114 2.21092 5.7792 288.601
8000 1.89427 1.69508 2.19234 5.78169 292.19
8100 1.82805 1.70453 2.15453 5.68712 313.434
8200 1.87394 1.79342 2.17453 5.84189 305.297
8300 1.98953 1.78724 2.1729 5.94966 302.284
8400 2.1277 1.82599 2.23519 6.18888 294.527
8500 2.10812 1.78453 2.27926 6.17191 284.346
8600 2.05361 1.78387 2.2719 6.10938 296.178
8700 2.04709 1.78741 2.24423 6.07873 312.967
8800 2.02062 1.81591 2.18178 6.0183 323.365
8900 2.01941 1.81582 2.12002 5.95525 297.145
9000 2.03629 1.74755 2.08352 5.86736 282.037
9100 1.95661 1.76566 2.11871 5.84099 290.924
9200 1.93645 1.71717 2.16407 5.81769 305.409
9300 1.97457 1.6588 2.15728 5.79064 315.921
9400 2.01305 1.67573 2.1626 5.85138 304.886
9500 2.04689 1.70597 2.20526 5.95812 294.824
9600 2.05821 1.76102 2.07875 5.89799 282.986
9700 2.10901 1.75627 2.12453 5.9898 295.357
9800 2.21427 1.75155 2.17638 6.1422 306.641
9900 2.20618 1.7502 2.30397 6.26035 312.206
10000 2.16131 1.71697 2.34749 6.22578 313.28
10100 2.14759 1.71141 2.31316 6.17216 299.683
10200 2.10325 1.78806 2.34886 6.24017 283.326
10300 2.08947 1.78674 2.34553 6.22175 287.971
10400 2.13444 1.81168 2.32174 6.26786 309.131
10500 2.26762 1.82556 2.2952 6.38838 311.89
10600 2.30624 1.78685 2.27056 6.36365 296.863
10700 2.29526 1.75419 2.22001 6.26947 298.465
10800 2.31123 1.73205 2.25956 6.30283 300.864
10900 2.29739 1.74095 2.17555 6.21389 290.892
11000 2.24492 1.72142 2.1493 6.11564 289.923
11100 2.15126 1.74422 2.19106 6.08655 294.74
11200 2.1431 1.73864 2.29486 6.1766 313.148
11300 2.06893 1.80123 2.3227 6.19286 302.255
11400 1.92548 1.81622 2.31545 6.05715 311.346
11500 1.97214 1.80226 2.29032 6.06472 293.681
11600 1.99164 1.86082 2.24673 6.09919 294.743
11700 2.00844 1.81511 2.23952 6.06307 295.047
11800 2.04618 1.83744 2.33916 6.22278 306.178
11900 2.00958 1.98633 2.46976 6.46566 314.58
12000 2.001 2.00691 2.41988 6.42779 297.383
12100 2.01421 2.01636 2.35528 6.38585 288.865
12200 1.93154 1.90916 2.43271 6.27341 289.982
12300 1.89082 2.0134 2.47527 6.37949 305.878
12400 1.93201 2.10413 2.51323 6.54937 307.242
12500 2.00314 2.0167 2.5477 6.56755 302.764
12600 2.03764 2.00111 2.4413 6.48004 292.174
12700 2.11637 2.03025 2.44035 6.58697 281.967
12800 2.15589 2.04652 2.44399 6.6464 298.728
12900 2.14164 2.05227 2.43147 6.62538 296.424
13000 2.12121 2.04602 2.49641 6.66365 301.989
13100 2.1061 2.02948 2.53475 6.67033 309.774
13200 2.10484 2.03461 2.56418 6.70363 307.871
13300 2.05814 2.0519 2.52102 6.63107 293.781
13400 2.13789 2.12726 2.52446 6.78961 305.324
13500 2.19232 2.08809 2.53547 6.81588 305.309
13600 2.18902 2.16189 2.47772 6.82863 291.096
13700 2.23143 2.14041 2.54568 6.91752 277.886
13800 2.25761 2.04778 2.54449 6.84989 293.953
13900 2.27932 2.04779 2.51109 6.8382 291.639
14000 2.25139 1.9924 2.47905 6.72284 301.439
14100 2.22771 1.95655 2.56351 6.74777 310.747
14200 2.18386 2.03202 2.59096 6.80684 302.109
14300 2.25342 2.12364 2.60226 6.97933 292.629
14400 2.22102 2.15378 2.55199 6.92679 297.571
14500 2.24201 2.17413 2.47093 6.88707 297.411
14600 2.25428 2.1266 2.40001 6.78089 302.606
14700 2.22338 2.14622 2.55713 6.92673 313.256
14800 2.13323 2.03825 2.65274 6.82422 318.263
14900 2.02149 1.91456 2.59847 6.53452 314.102
15000 1.9239 1.92492 2.51535 6.36417 306.254
15100 1.94449 2.03465 2.4889 6.46805 298.167
15200 1.90782 2.04028 2.45786 6.40596 299.836
15300 1.89273 1.96143 2.3746 6.22876 287.209
15400 1.91119 1.99803 2.38988 6.2991 307.627
15500 1.90172 2.01186 2.49558 6.40916 314.668
15600 1.89815 2.01 2.54244 6.45059 310.13
15700 1.95261 2.06252 2.5281 6.54323 300.954
15800 1.90114 2.10189 2.46611 6.46914 298.219
15900 1.88253 2.08379 2.42936 6.39568 296.561
16000 1.92437 2.04336 2.42455 6.39228 287.694
16100 1.97889 1.94144 2.39689 6.31722 320.014
16200 2.01622 2.01236 2.47376 6.50234 319.149
16300 2.07341 2.06952 2.63634 6.77927 303.508
16400 2.1026 2.0299 2.74095 6.87344 291.846
16500 2.19052 2.13302 2.71894 7.04247 294.466
16600 2.22216 2.13897 2.58511 6.94624 321.1
16700 2.19871 2.03212 2.57958 6.81041 307.483
16800 2.12793 2.00238 2.69175 6.82205 304.321
16900 2.10027 2.07047 2.75614 6.92688 307.343
17000 2.00656 2.22151 2.68349 6.91155 289.188
17100 2.05882 2.31392 2.69887 7.07161 307.619
17200 2.10271 2.4726 2.81479 7.3901 299.177
17300 2.15315 2.46599 2.90539 7.52453 291.956
17400 2.16309 2.45973 2.89018 7.513 285.398
17500 2.16999 2.44413 2.85461 7.46872 304.116
17600 2.07741 2.42349 2.78871 7.28961 307.093
17700 2.01265 2.44256 2.71874 7.17394 308.628
17800 1.91724 2.45251 2.67512 7.04487 301.648
17900 1.87861 2.43334 2.63563 6.94758 290.47
18000 1.91894 2.43846 2.68399 7.04139 289.538
18100 1.93753 2.37866 2.72338 7.03957 300.06
18200 1.95796 2.38593 2.67428 7.01817 312.379
18300 2.05228 2.39085 2.72327 7.16641 303.399
18400 2.07878 2.35943 2.68656 7.12476 292.628
18500 2.08514 2.37908 2.65105 7.11528 292.435
18600 2.10042 2.46073 2.67982 7.24096 281.241
18700 2.16158 2.57948 2.73289 7.47395 272.077
18800 2.13824 2.53383 2.81169 7.48376 290.274
18900 2.09338 2.39819 2.8149 7.30647 309.589
19000 2.08339 2.33773 2.72489 7.14601 307.171
19100 1.99067 2.37 2.77297 7.13364 293.829
19200 2.05617 2.255 2.8018 7.11297 289.238
19300 2.1875 2.21659 2.84328 7.24737 292.726
19400 2.17617 2.17553 2.91702 7.26872 308.753
19500 2.14745 2.15361 2.85989 7.16095 306.281
19600 2.12783 2.14396 2.78839 7.06018 311.538
19700 2.09086 2.18427 2.66284 6.93796 291.897
19800 2.02027 2.27641 2.678 6.97468 290.588
19900 1.9324 2.33082 2.71171 6.97494 290.112
20000 1.91058 2.43007 2.69516 7.03581 310.287
20100 1.86607 2.51019 2.6661 7.04236 314.019
20200 1.88713 2.40545 2.70722 6.99979 299.589
20300 1.91259 2.46886 2.83041 7.21186 292.957
20400 1.94083 2.41027 2.81404 7.16514 304.034
20500 1.92876 2.34995 2.87978 7.15848 320.676
20600 1.87798 2.33813 2.98948 7.20559 328.306
20700 1.89851 2.49311 3.08129 7.47291 303.874
20800 1.9848 2.50341 3.04773 7.53594 301.758
20900 2.03001 2.50459 3.04989 7.58448 290.727
21000 1.99663 2.58225 3.10464 7.68352 300.236
21100 2.00152 2.6146 3.10592 7.72203 314.142
21200 2.02779 2.58715 3.06486 7.67981 306.288
21300 2.04145 2.61766 3.05447 7.71357 294.841
21400 2.02335 2.53149 3.1339 7.68874 287.232
21500 2.02004 2.57886 3.09833 7.69722 292.127
21600 2.01292 2.75222 3.09204 7.85717 303.647
21700 2.00339 2.84054 3.04994 7.89387 304.877
21800 2.06925 2.75262 2.88291 7.70478 302.695
21900 2.04751 2.62319 2.80909 7.47979 284.122
22000 2.02963 2.59283 2.8924 7.51486 282.756
22100 2.02239 2.57429 2.96306 7.55973 293.508
22200 2.07429 2.47385 3.01688 7.56501 309.994
22300 2.08028 2.53357 3.00104 7.61489 302.58
22400 2.11345 2.46626 3.02796 7.60767 304.135
22500 2.18467 2.46911 3.00233 7.65612 294.039
22600 2.13288 2.4139 3.02037 7.56714 280.071
22700 2.07697 2.44343 3.05286 7.57327 301.514
22800 2.08828 2.51486 3.12223 7.72536 301.156
22900 2.18362 2.52151 3.20492 7.91006 301.532
23000 2.1855 2.50699 3.26287 7.95536 298.355
23100 2.18226 2.44844 3.23461 7.86532 297.697
23200 2.21714 2.40718 3.23957 7.86388 276.337
23300 2.18424 2.46617 3.25056 7.90097 295.922
23400 2.17647 2.64954 3.27589 8.1019 299.636
23500 2.09533 2.71339 3.30031 8.10903 304.896
23600 2.09054 2.71628 3.23772 8.04454 303.786
23700 2.13599 2.63474 3.16081 7.93154 285.663
23800 2.24089 2.61166 3.18806 8.04062 305.298
23900 2.26199 2.54039 3.16303 7.9654 321.996
24000 2.18209 2.459 3.16337 7.80447 307.9
24100 2.07844 2.40066 3.32683 7.80593 297.88
24200 2.04259 2.37231 3.26923 7.68413 299.482
24300 2.07316 2.38627 3.17354 7.63297 295.625
24400 2.15359 2.48896 3.11638 7.75892 296.123
24500 2.14948 2.6962 3.11076 7.95644 310.698
24600 2.09157 2.76333 3.14818 8.00307 321.054
24700 2.06375 2.84095 3.1532 8.05791 322.463
24800 2.08801 2.82551 3.16227 8.07579 317.184
24900 2.18497 2.6815 3.09116 7.95762 302.603
25000 2.14379 2.6093 3.05534 7.80842 296.049
25100 2.02543 2.58318 3.00938 7.61798 294.942
25200 2.03749 2.62982 3.02915 7.69646 292.44
25300 2.06204 2.66148 3.26043 7.98395 309.061
25400 2.03757 2.73807 3.29804 8.07368 310.862
25500 2.08107 2.62916 3.33223 8.04246 297.515
25600 2.07422 2.51577 3.21869 7.80868 284.336
25700 2.06463 2.61653 3.1393 7.82046 287.508
25800 2.14182 2.61257 3.15848 7.91287 306.522
25900 2.16077 2.58985 3.16766 7.91828 303.685
26000 2.2617 2.62909 3.22425 8.11504 302.137
26100 2.46863 2.72728 3.17675 8.37265 292.221
26200 2.41009 2.77757 3.01878 8.20644 282.085
26300 2.34485 2.83685 3.05343 8.23513 288.241
26400 2.36823 2.78477 3.41819 8.57119 297.345
26500 2.37606 2.63112 3.5389 8.54608 299.696
26600 2.36277 2.57296 3.4545 8.39022 307.06
26700 2.36668 2.63323 3.3329 8.33281 300.933
26800 2.3199 2.67542 3.3544 8.34972 295.644
26900 2.40996 2.81854 3.3445 8.57299 286.227
27000 2.30581 2.9415 3.32571 8.57302 285.579
27100 2.21926 3.01436 3.25655 8.49017 306.485
27200 2.28563 3.11778 3.3427 8.74611 302.515
27300 2.34166 3.12736 3.42955 8.89857 297.583
27400 2.33347 3.08327 3.49519 8.91193 295.275
27500 2.23037 3.24254 3.53573 9.00865 274.498
27600 2.29916 3.27683 3.5379 9.11388 287.739
27700 2.33887 3.2773 3.57846 9.19463 297.828
27800 2.30304 3.25439 3.54973 9.10717 298.64
27900 2.33302 3.3179 3.52538 9.1763 308.838
28000 2.38635 3.26096 3.53323 9.18054 305.378
28100 2.4803 3.31571 3.60474 9.40075 285.964
28200 2.46774 3.37203 3.64185 9.48162 285.414
28300 2.35997 3.19782 3.58879 9.14658 303.613
28400 2.23263 3.02787 3.68952 8.95002 300.499
28500 2.08758 3.01999 3.5899 8.69747 301.495
28600 2.00261 3.11837 3.47335 8.59434 297.57
28700 1.97228 3.18658 3.42116 8.58002 302.237
28800 1.99349 3.08703 3.56393 8.64446 316.068
28900 2.06138 3.0823 3.65544 8.79912 316.963
29000 2.024 3.10101 3.58522 8.71023 304.247
29100 1.99914 3.09053 3.4853 8.57496 295.397
29200 1.97082 3.15398 3.51961 8.64442 301.82
29300 1.99829 3.11893 3.66774 8.78496 297.691
29400 2.02681 3.07276 3.65904 8.75861 292.518
29500 2.10407 3.14801 3.53602 8.78811 284.826
29600 2.06065 3.25639 3.39543 8.71247 294.556
29700 1.96034 3.32649 3.40405 8.69088 306.67
29800 1.92658 3.47293 3.39607 8.79559 306.328
29900 2.0103 3.42723 3.49153 8.92906 300.559
30000 2.05837 3.30689 3.53286 8.89812 290.896
30100 1.99829 3.21961 3.57577 8.79367 278.372
30200 1.91571 3.23574 3.63592 8.78737 284.375
30300 1.94841 3.43762 3.59071 8.97674 289.495
30400 2.05395 3.55574 3.59411 9.2038 300.474
30500 2.12714 3.44444 3.63865 9.21022 312.926
30600 2.11155 3.43199 3.57879 9.12233 309.928
30700 2.1132 3.50795 3.58676 9.20791 287.416
30800 2.24973 3.34357 3.74323 9.33653 290.732
30900 2.23552 3.43176 3.86487 9.53215 301.728
31000 2.2425 3.48283 3.94574 9.67107 296.036
31100 2.34346 3.36065 3.87368 9.57779 309.815
31200 2.33719 3.20054 3.65067 9.1884 334.159
31300 2.37818 3.23575 3.47101 9.08494 329.619
31400 2.40862 3.40272 3.60562 9.41696 313.515
31500 2.43474 3.41484 3.74283 9.59242 302.531
31600 2.39049 3.34331 3.77646 9.51027 291.031
31700 2.42287 3.24908 3.87493 9.54688 283.084
31800 2.42212 3.17007 3.90375 9.49594 306.252
31900 2.29394 3.12612 3.98256 9.40262 300.894
32000 2.23375 2.97849 3.97233 9.18457 303.828
32100 2.18505 2.92464 4.01723 9.12692 304.137
32200 2.25529 2.85323 4.04393 9.15245 296.201
32300 2.30197 2.94688 4.07839 9.32724 280.629
32400 2.25126 2.88835 4.17104 9.31065 282.996
32500 2.19879 2.81214 4.11344 9.12438 297.685
32600 2.15213 2.68971 4.12225 8.96408 299.33
32700 2.25482 2.67752 3.96247 8.89481 299.047
32800 2.26881 2.80127 3.91643 8.98652 312.523
32900 2.29332 2.80106 4.05374 9.14812 308.176
33000 2.29454 2.76209 4.19632 9.25295 296.004
33100 2.29218 2.83709 4.38216 9.51144 289.314
33200 2.36844 2.81053 4.49952 9.67848 298.332
33300 2.51515 2.85448 4.54977 9.9194 328.361
33400 2.68008 2.83667 4.63594 10.1527 316.412
33500 2.5857 2.86791 4.58687 10.0405 311.939
33600 2.5048 2.76162 4.38217 9.64859 294.071
33700 2.44616 2.69133 4.29074 9.42823 291.312
33800 2.4538 2.71371 4.32211 9.48963 298.43
33900 2.46551 2.8688 4.4804 9.81471 318.647
34000 2.41533 2.99292 4.65851 10.0668 321.91
34100 2.37759 3.14582 4.666 10.1894 310.603
34200 2.42729 3.18801 4.76414 10.3794 295.645
34300 2.43352 3.28333 4.74194 10.4588 305.892
34400 2.4741 3.26507 4.73654 10.4757 298.965
34500 2.44512 3.28296 4.75043 10.4785 293.775
34600 2.58412 3.27799 4.79357 10.6557 295.004
34700 2.61947 3.25306 4.77974 10.6523 298.819
34800 2.54932 3.24401 4.74959 10.5429 311.101
34900 2.56704 3.3353 4.70215 10.6045 317.016
35000 2.47836 3.24856 4.64743 10.3743 304.685
35100 2.37007 3.20297 4.68601 10.259 290.471
35200 2.35922 3.35224 4.65331 10.3648 297.482
35300 2.39896 3.48233 4.6295 10.5108 305.169
35400 2.38524 3.47025 4.74202 10.5975 316.579
35500 2.46192 3.40447 4.83937 10.7058 331.201
35600 2.40489 3.23076 4.92926 10.5649 304.066
35700 2.3156 3.21898 4.77664 10.3112 295.222
35800 2.41278 3.2924 4.51415 10.2193 288.184
35900 2.44874 3.2631 4.4527 10.1645 304.866
36000 2.51936 3.35424 4.53314 10.4067 308.178
36100 2.52629 3.55359 4.65172 10.7316 311.158
36200 2.47414 3.53595 4.63369 10.6438 311.568
36300 2.52852 3.63595 4.59955 10.764 305.513
36400 2.61163 3.85964 4.66632 11.1376 284.835
36500 2.6432 3.92255 4.63661 11.2024 291.825
36600 2.68551 3.84814 4.50679 11.0404 308.892
36700 2.7041 3.70176 4.50662 10.9125 307.877
36800 2.68737 3.60717 4.5957 10.8902 297.188
36900 2.77526 3.71613 4.60447 11.0959 302.883
37000 2.76347 3.77097 4.59762 11.1321 274.915
37100 2.82874 3.69254 4.72937 11.2507 283.68
37200 3.01364 3.58114 4.8995 11.4943 294.406
37300 3.00777 3.52889 4.80843 11.3451 308.418
37400 2.95327 3.47855 4.59865 11.0305 301.979
37500 2.86234 3.6446 4.53971 11.0466 294.13
37600 2.70872 3.80252 4.60062 11.1118 283.026
37700 2.72058 3.92751 4.70224 11.3503 276.515
37800 2.79206 4.0395 4.66123 11.4928 296.588
37900 2.75923 4.12726 4.62877 11.5153 304.769
38000 2.72728 4.15586 4.51393 11.3971 309.967
38100 2.6617 4.19293 4.55249 11.4071 300.79
38200 2.64075 4.25003 4.4623 11.3531 292.879
38300 2.68941 4.3374 4.33789 11.3647 299.44
38400 2.65483 4.21193 4.18456 11.0513 296.572
38500 2.558 4.13794 4.31769 11.0136 306.676
38600 2.51703 4.09371 4.38538 10.9961 303.19
38700 2.60678 3.956 4.33 10.8928 297.6
38800 2.64134 3.81791 4.36435 10.8236 296.072
38900 2.69286 3.80451 4.49381 10.9912 293.989
39000 2.76744 3.81641 4.45413 11.038 274.833
39100 2.86735 3.89382 4.32577 11.0869 275.337
39200 2.85824 3.81829 4.39187 11.0684 300.806
39300 2.82047 3.61618 4.4652 10.9018 309.374
39400 2.79067 3.66789 4.60043 11.059 303.596
39500 2.76105 3.74453 4.59317 11.0988 301.935
39600 2.79985 3.74812 4.53517 11.0831 285.015
39700 2.79305 3.85166 4.42569 11.0704 291.326
39800 2.78404 3.83647 4.41384 11.0344 299.459
39900 2.7946 3.75715 4.56296 11.1147 303.279
40000 2.71521 3.81873 4.56994 11.1039 304.026
40100 2.68178 3.86454 4.503 11.0493 301.082
40200 2.67797 3.90596 4.4301 11.014 279.634
40300 2.77347 3.98839 4.50336 11.2652 284.916
40400 2.79937 4.02979 4.58075 11.4099 303.99
40500 2.74073 3.90085 4.70708 11.3487 311.487
40600 2.71249 3.81023 4.93855 11.4613 302.755
40700 2.79818 3.89676 5.27622 11.9712 290.885
40800 2.7968 4.10854 5.40384 12.3092 287.766
40900 2.7882 4.13613 5.48775 12.4121 286.989
41000 2.79984 3.96285 5.57872 12.3414 304.959
41100 2.82925 3.82312 5.6299 12.2823 310.574
41200 2.86076 3.91802 5.66494 12.4437 303.461
41300 2.978 4.02048 5.63102 12.6295 299.011
41400 2.87096 3.95842 5.55674 12.3861 290.827
41500 2.903 4.11312 5.53287 12.549 295.101
41600 2.94292 4.19644 5.55472 12.6941 305.461
41700 3.10717 4.33277 5.69739 13.1373 320.133
41800 3.2243 4.40239 5.69581 13.3225 320.126
41900 3.36962 4.44062 5.79074 13.601 311.867
42000 3.27264 4.55577 5.96168 13.7901 307.737
42100 3.14989 4.55122 6.0304 13.7315 300.951
42200 3.05203 4.45896 6.07518 13.5862 294.353
42300 3.02608 4.0991 6.23744 13.3626 292.615
42400 3.06884 3.88908 6.17041 13.1283 304.135
42500 3.14612 4.0961 5.98428 13.2265 314.571
42600 3.23751 4.3974 5.91267 13.5476 314.226
42700 3.31005 4.26724 5.98099 13.5583 296.473
42800 3.43614 4.14566 5.8908 13.4726 298.627
42900 3.66861 4.1574 5.70603 13.532 297.759
43000 3.58148 4.32161 5.71804 13.6211 308.1
43100 3.44645 4.14214 5.76151 13.3501 312.994
43200 3.45431 4.09331 5.82485 13.3725 313.183
43300 3.63168 4.12326 5.8358 13.5907 297.638
43400 3.68192 4.1644 5.93229 13.7786 295.63
43500 3.63785 4.30004 5.78391 13.7218 299.676
43600 3.61768 4.53822 5.6758 13.8317 295.505
43700 3.58015 4.47665 5.73546 13.7923 319.537
43800 3.51812 4.45624 5.91064 13.885 320.406
43900 3.57469 4.36808 5.87959 13.8224 314.776
44000 3.48009 4.41902 5.83411 13.7332 305.671
44100 3.42441 4.66418 5.86249 13.9511 299.937
44200 3.39571 4.90002 6.02301 14.3187 286.166
44300 3.32014 4.7446 6.28023 14.345 302.26
44400 3.25971 4.67587 6.59189 14.5275 314.206
44500 3.35114 4.71292 6.9949 15.059 310.828
44600 3.34994 4.88536 6.89434 15.1296 289.288
44700 3.32973 4.90341 6.65047 14.8836 290.059
44800 3.4799 4.69267 6.7096 14.8822 290.326
44900 3.43389 4.56308 6.6208 14.6178 300.707
45000 3.35432 4.64186 6.42293 14.4191 314.388
45100 3.27084 4.55412 6.63548 14.4604 303.058
45200 3.37297 4.56862 6.55595 14.4975 304.3
45300 3.5728 4.75876 6.43888 14.7704 294.747
45400 3.68343 4.69392 6.4617 14.839 302.95
45500 3.60634 4.69967 6.32773 14.6337 303.377
45600 3.47369 4.7383 6.3572 14.5692 298.581
45700 3.4696 4.69214 6.50561 14.6674 282.999
45800 3.55223 4.73682 6.61404 14.9031 292.528
45900 3.7001 4.71622 6.60734 15.0237 296.916
46000 3.80157 4.73055 6.51415 15.0463 307.117
46100 3.85165 4.70723 6.5078 15.0667 311.836
46200 3.66561 4.66277 6.45268 14.7811 296.541
46300 3.56424 4.57408 6.35275 14.4911 299.073
46400 3.40785 4.59592 6.52217 14.5259 295.733
46500 3.38997 4.80143 6.53761 14.729 299.72
46600 3.41202 4.99511 6.63083 15.038 306.236
46700 3.46009 5.24689 6.82069 15.5277 328.63
46800 3.47679 5.36359 6.94301 15.7834 308.177
46900 3.53897 5.30464 7.09453 15.9381 301.23
47000 3.45846 5.43776 7.05026 15.9465 297.444
47100 3.35677 5.44295 6.99711 15.7968 298.442
47200 3.27632 5.47112 6.85284 15.6003 313.217
47300 3.27979 5.6465 6.79635 15.7226 303.843
47400 3.35219 5.56957 6.82892 15.7507 287.128
47500 3.54365 5.41672 6.90183 15.8622 288.072
47600 3.85081 5.21215 6.99924 16.0622 294.397
47700 3.90076 5.26339 6.84656 16.0107 316.477
47800 3.81068 5.35109 6.71071 15.8725 299.32
47900 3.64097 5.4939 6.68314 15.818 297.565
48000 3.61794 5.3453 6.8206 15.7838 283.242
48100 3.68517 5.18091 7.105 15.9711 301.868
48200 3.77238 4.93995 7.32083 16.0332 307.987
48300 3.84246 4.83431 7.42242 16.0992 303.405
48400 3.92895 4.82298 7.48058 16.2325 294.758
48500 4.09376 4.84401 7.52953 16.4673 288.162
48600 4.19746 4.86802 7.46921 16.5347 301.62
48700 4.21852 4.90073 7.6239 16.7431 313.2
48800 4.04556 5.01359 7.63966 16.6988 300.66
48900 4.02994 5.01712 7.70919 16.7562 302.98
49000 4.2046 4.87824 7.62252 16.7054 298.327
49100 4.42406 4.87089 7.61247 16.9074 291.652
49200 4.60494 4.80357 7.50086 16.9094 289.616
49300 4.65297 4.60225 7.35811 16.6133 290.163
49400 4.79508 4.56763 7.33209 16.6948 306.681
49500 4.85741 4.81418 7.3113 16.9829 302.683
49600 4.83014 4.77353 7.40181 17.0055 288.218
49700 4.66078 4.6364 7.42844 16.7256 286.697
49800 4.4906 4.63525 7.51679 16.6426 293.168
49900 4.49231 4.62388 7.50805 16.6242 315.9
50000 4.56643 4.50352 7.39671 16.4667 302.756
50100 4.57385 4.43493 7.60883 16.6176 294.761
50200 4.49541 4.28915 7.79956 16.5841 288.509
50300 4.70668 4.36038 8.06027 17.1273 288.454
50400 4.90076 4.32004 8.09728 17.3181 297.56
50500 4.76968 4.32937 7.97417 17.0732 299.612
50600 4.84048 4.33425 8.26801 17.4427 305.309
50700 4.79065 4.3506 8.33982 17.4811 303.883
50800 4.83203 4.28572 7.97195 17.0897 295.284
50900 5.00908 4.20954 7.70318 16.9218 296.408
51000 4.99934 4.4069 7.74445 17.1507 308.429
51100 5.02458 4.56029 7.83043 17.4153 314.599
51200 4.96365 4.77231 7.88251 17.6185 308.307
51300 4.91082 4.82646 7.9088 17.6461 293.558
51400 4.87298 4.72469 8.02961 17.6273 288.599
51500 4.71675 4.70364 7.96449 17.3849 297.882
51600 4.70218 4.76613 7.86118 17.3295 304.944
51700 4.72066 4.61205 7.73687 17.0696 312.374
51800 4.70558 4.60947 7.79521 17.1103 331.071
51900 4.66924 4.6378 7.95389 17.2609 312.478
52000 4.62219 4.49406 8.01425 17.1305 303.305
52100 4.65896 4.43352 8.19578 17.2883 293.094
52200 4.85803 4.62657 8.28067 17.7653 294.229
52300 4.69157 4.73558 8.32475 17.7519 308.684
52400 4.65004 4.60806 8.31897 17.5771 310.507
52500 4.56845 4.66437 8.23876 17.4716 314.69
52600 4.66873 4.69365 8.23061 17.593 308.251
52700 4.6667 4.81172 8.08817 17.5666 304.257
52800 4.5672 4.88348 8.08524 17.5359 295.514
52900 4.5726 4.92714 8.27978 17.7795 303.879
53000 4.58478 4.88952 8.37613 17.8504 279.004
53100 4.6162 4.82468 8.39588 17.8368 286.078
53200 4.69937 4.75592 8.22812 17.6834 302.611
53300 4.87282 4.84186 8.10089 17.8156 308.302
53400 4.93089 4.95912 8.19689 18.0869 310.295
53500 4.90782 5.03338 8.33828 18.2795 292.358
53600 4.9265 5.12032 8.58351 18.6303 292.216
53700 4.74417 5.09117 8.59835 18.4337 298.3
53800 4.5359 5.01141 8.40392 17.9512 315.263
53900 4.37636 4.92292 8.38422 17.6835 315.775
54000 4.33018 5.06109 8.49829 17.8896 308.34
54100 4.34801 5.09386 8.32048 17.7623 300.36
54200 4.45026 5.19038 8.09663 17.7373 289.882
54300 4.65584 5.20867 8.04193 17.9064 303.158
54400 4.73285 5.1664 7.94993 17.8492 312.74
54500 4.69882 5.12755 7.9291 17.7555 318.618
54600 4.7748 5.12148 8.06285 17.9591 314.763
54700 4.74655 5.15189 8.37031 18.2687 301.905
54800 4.75475 5.09248 8.1604 18.0076 301.264
54900 4.76861 5.26049 8.14915 18.1782 298.016
55000 4.63279 5.19954 8.19306 18.0254 300.02
55100 4.54058 5.18898 8.21685 17.9464 303.79
55200 4.51796 5.10831 8.39602 18.0223 309.965
55300 4.59499 5.27828 8.60885 18.4821 315.693
55400 4.56347 5.33173 8.68389 18.5791 298.857
55500 4.64113 5.28952 8.61436 18.545 297.473
55600 4.74669 5.3237 8.50601 18.5764 299.686
55700 4.86222 5.33323 8.45121 18.6467 294.283
55800 4.91315 5.19269 8.46929 18.5751 304.388
55900 4.95047 4.89436 8.51556 18.3604 322.933
56000 4.84499 4.78179 8.37557 18.0024 308.059
56100 4.67355 4.6874 8.20856 17.5695 299.816
56200 4.57208 4.72137 8.3203 17.6138 291.788
56300 4.44224 4.79493 8.28971 17.5269 295.893
56400 4.40452 4.83321 8.30606 17.5438 317.109
56500 4.46097 4.84794 8.4112 17.7201 304.61
56600 4.54304 4.92135 8.47723 17.9416 290.044
56700 4.62507 4.99187 8.45429 18.0712 285.814
56800 4.59865 4.99115 8.41087 18.0007 297.761
56900 4.5027 5.05227 8.42879 17.9838 304.059
57000 4.42745 4.98114 8.42117 17.8298 302.403
57100 4.50554 4.80213 8.41119 17.7189 308.673
57200 4.49999 4.76749 8.2713 17.5388 295.372
57300 4.50444 4.72415 8.21599 17.4446 292.007
57400 4.5362 4.88417 8.32997 17.7503 291.116
57500 4.71019 4.92172 8.28182 17.9137 293.351
57600 4.89932 5.04649 8.28486 18.2307 310.742
57700 5.00616 4.98891 8.46836 18.4634 319.844
57800 5.07536 4.90691 8.58273 18.565 293.366
57900 5.1749 5.00834 8.5752 18.7584 296.693
58000 5.10955 4.87364 8.49554 18.4787 300.596
58100 5.00426 4.91876 8.59383 18.5168 310.609
58200 4.93513 4.88596 8.85757 18.6787 314.201
58300 5.08514 4.87927 8.79314 18.7575 321.381
58400 5.14988 4.98896 8.73203 18.8709 302.405
58500 5.20557 5.17129 8.68677 19.0636 298.71
58600 5.17322 5.08722 8.61165 18.8721 294.805
58700 5.17481 4.86131 8.8518 18.8879 308.236
58800 5.0539 4.82415 9.03875 18.9168 316.283
58900 4.99422 4.72979 9.2487 18.9727 299.506
59000 4.92199 4.7001 9.35649 18.9786 291.826
59100 4.90894 4.74392 9.46004 19.1129 301.425
59200 4.98226 4.71927 9.72442 19.426 296.256
59300 4.90512 4.55892 9.67607 19.1401 306.096
59400 4.82186 4.35742 9.56026 18.7395 318.324
59500 4.89404 4.29032 9.66715 18.8515 317.992
59600 4.97614 4.31951 9.79155 19.0872 307.087
59700 4.98358 4.36702 9.82916 19.1798 305.174
59800 5.01735 4.45772 9.6216 19.0967 287.267
59900 4.9579 4.55721 9.47858 18.9937 294.854
60000 4.90704 4.65325 9.38312 18.9434 314.238
60100 4.75465 4.76226 9.35928 18.8762 315.893
60200 4.75194 4.82607 9.24829 18.8263 308.512
60300 4.80785 4.91151 9.27751 18.9969 298.271
60400 4.7838 4.88928 9.35229 19.0254 297.662
60500 4.79926 4.78564 9.30934 18.8942 295.483
60600 4.85449 4.70453 9.40613 18.9652 306.121
60700 4.98283 4.76745 9.48655 19.2368 321.714
60800 5.15462 4.80876 9.50122 19.4646 303.96
60900 5.12912 4.88538 9.45724 19.4717 301.742
61000 5.16893 4.85909 9.45136 19.4794 300.356
61100 5.27206 4.878 9.79523 19.9453 288.977
61200 5.21289 4.94745 10.0506 20.211 295.18
61300 5.12404 5.07135 10.0471 20.2425 313.54
61400 5.27005 5.062 10.0466 20.3786 308.888
61500 5.42074 4.84115 10.1388 20.4007 309.534
61600 5.53282 4.91822 10.1399 20.5909 306.799
61700 5.51335 5.12667 10.1327 20.7728 286.403
61800 5.43215 5.21062 10.127 20.7698 295.324
61900 5.47354 5.28935 10.4199 21.1828 308.565
62000 5.3645 5.40855 10.4589 21.232 314.93
62100 5.42784 5.69914 10.6034 21.7304 304.22
62200 5.49646 5.93912 10.4518 21.8873 302.796
62300 5.54868 5.98843 10.6227 22.1598 300.13
62400 5.54653 6.0973 10.5382 22.182 297.725
62500 5.54538 6.0024 10.3599 21.9076 285.796
62600 5.51274 5.78805 10.1942 21.495 288.302
62700 5.43382 5.95566 10.0564 21.4459 291.507
62800 5.55087 6.20454 10.3983 22.1538 310.264
62900 5.57227 6.36967 10.6459 22.5878 310.472
63000 5.66096 6.38275 10.814 22.8577 292.155
63100 5.64589 6.26251 11.0558 22.9642 297.651
63200 5.66088 6.14852 11.2149 23.0243 303.475
63300 5.85133 6.38762 11.3589 23.5978 316.75
63400 5.73777 6.24806 11.5563 23.5421 317.902
63500 5.69565 6.09741 11.4986 23.2917 299.883
63600 5.65881 6.01994 11.2804 22.9592 298.551
63700 5.57051 5.92283 11.2048 22.6981 299.034
63800 5.51916 6.06631 11.1527 22.7381 302.975
63900 5.62929 6.18149 11.039 22.8498 307.53
64000 5.6085 6.13421 11.0695 22.8122 321.166
64100 5.50155 6.22567 10.9928 22.72 306.454
64200 5.43141 6.19327 10.93 22.5547 287.429
64300 5.47251 6.20757 10.7456 22.4257 302.989
64400 5.62596 6.26033 10.8634 22.7497 307.474
64500 5.58246 6.40314 11.0349 23.0205 287.841
64600 5.63113 6.41993 11.2879 23.3389 278.296
64700 5.53353 6.36751 11.4516 23.3526 287.538
64800 5.51941 6.32228 11.2676 23.1093 293.347
64900 5.42759 6.2761 10.9832 22.6869 310.534
65000 5.43726 6.42944 10.7432 22.6099 296.596
65100 5.33637 6.38348 10.8855 22.6053 295.933
65200 5.23379 6.36309 11.2914 22.8883 280.788
65300 5.2407 6.37974 11.604 23.2244 290.557
65400 5.76333 6.4614 11.8524 24.0772 301.597
65500 5.84097 6.33231 11.8246 23.9979 308.481
65600 5.60502 6.07395 11.5715 23.2505 307.416
65700 5.51308 5.96215 11.5174 22.9926 290.921
65800 5.33723 5.92817 11.5196 22.785 294.62
65900 5.38834 5.86123 11.3492 22.5988 304.777
66000 5.41196 5.92223 11.5588 22.893 304.85
66100 5.23415 5.88763 11.7126 22.8344 312.203
66200 5.3069 6.07368 11.7473 23.1278 304.243
66300 5.46071 6.09393 11.7393 23.2939 291.636
66400 5.73843 6.22087 11.9235 23.8828 289.881
66500 5.68516 6.18046 11.9642 23.8298 304.933
66600 5.64886 6.30098 12.0089 23.9587 315.318
66700 5.74579 6.57189 11.9935 24.3112 312.666
66800 5.72508 6.91106 11.9063 24.5425 291.654
66900 5.9233 7.02791 11.7896 24.7408 296.006
67000 6.15595 7.12991 12.2113 25.4972 311.572
67100 6.17293 7.24939 12.3692 25.7915 298.392
67200 6.18915 7.07252 12.4794 25.7411 294.677
67300 6.06547 6.99024 12.6337 25.6894 291.367
67400 6.11416 6.92011 12.5469 25.5812 289.379
67500 6.08473 7.02288 12.5004 25.608 296.768
67600 5.95084 6.90902 12.5933 25.4532 303.192
67700 5.89295 6.84461 12.6498 25.3873 297.182
67800 5.90339 7.11798 12.413 25.4343 302.598
67900 6.10848 7.22424 12.112 25.4447 305.3
68000 6.19245 7.22338 12.0392 25.455 303.168
68100 6.24441 7.16876 12.3559 25.7691 297.765
68200 6.15582 7.26961 12.4006 25.826 291.415
68300 6.10815 7.3066 12.4489 25.8636 282.585
68400 6.10114 7.09025 12.4803 25.6717 305.18
68500 6.12098 7.01319 12.5556 25.6898 307.253
68600 6.05646 7.08152 12.8161 25.9541 307.226
68700 6.04363 7.34714 12.8422 26.233 306.06
68800 6.00588 7.51174 12.9043 26.4219 291.499
68900 5.97668 7.5219 12.8556 26.3541 295.766
69000 5.89152 7.48475 12.9106 26.2869 303.398
69100 5.81728 7.54043 13.3326 26.6903 310.411
69200 6.09604 7.49442 13.3114 26.9018 311.739
69300 6.18475 7.40628 13.0229 26.6139 292.981
69400 6.12136 7.53384 12.9526 26.6078 283.978
69500 6.31232 7.82858 13.2182 27.3591 305.283
69600 6.48674 7.79603 13.2587 27.5415 305.389
69700 6.41643 7.8847 13.0863 27.3874 305.281
69800 6.50129 7.74291 12.9435 27.1877 290
69900 6.56228 7.65762 13.1967 27.4166 292.997
70000 6.60093 7.68789 13.2057 27.4945 292.757
70100 6.81269 7.78558 13.1866 27.7849 295.996
70200 6.87407 7.89202 12.9058 27.6719 303.839
70300 6.96146 7.89576 12.9393 27.7966 300.762
70400 6.94809 8.09829 13.3047 28.3511 305.557
70500 6.65284 8.16106 13.4543 28.2682 291.512
70600 6.33117 7.99043 13.4178 27.7394 292.995
70700 6.39064 7.7079 13.404 27.5026 292.578
70800 6.27271 7.51476 13.4463 27.2338 304.858
70900 6.10308 7.73769 13.5219 27.3627 311.819
71000 6.2682 7.75146 13.7563 27.776 305.711
71100 6.38361 7.53306 13.8315 27.7482 298.218
71200 6.53919 7.33143 13.7654 27.636 290.243
71300 6.6832 7.2664 13.6273 27.5769 293.052
71400 6.871 7.46596 13.6108 27.9478 300.613
71500 6.71366 7.57088 13.7164 28.001 302.408
71600 6.75158 7.45145 13.6299 27.8329 300.294
71700 6.78488 7.20716 13.2971 27.2892 315.611
71800 6.87296 7.36222 13.3524 27.5876 310.856
71900 6.70961 7.73894 13.5879 28.0364 294.322
72000 6.67015 7.81819 13.9046 28.3929 287.229
72100 6.77225 7.67587 13.9893 28.4374 299.89
72200 6.84416 7.6415 13.9096 28.3952 311.109
72300 6.85211 7.69722 13.7172 28.2665 327.494
72400 6.97766 7.86939 13.5586 28.4056 334.218
72500 6.83093 7.78327 13.2399 27.8541 309.453
72600 6.74642 7.49275 13.1772 27.4164 301.257
72700 6.93708 7.3701 13.4404 27.7476 297.277
72800 6.86494 7.25625 13.7244 27.8456 292.097
72900 6.74974 7.22119 13.7886 27.7596 292.191
73000 6.72295 7.447 14.2371 28.4071 298.748
73100 6.71408 7.68907 14.6602 29.0633 315.018
73200 6.65795 7.93217 14.9423 29.5324 306.931
73300 6.5626 8.28001 15.0465 29.8891 293.536
73400 6.69583 8.38084 15.1572 30.2339 289.244
73500 6.70665 8.41233 15.5015 30.6205 292.946
73600 6.73625 8.65206 15.5106 30.8989 299.316
73700 6.88842 8.46277 15.4414 30.7926 303.628
73800 6.87086 8.23166 15.1268 30.2294 306.167
73900 6.9687 8.20706 14.9615 30.1373 294.364
74000 7.06003 8.27044 14.811 30.1415 287.809
74100 6.89834 8.27818 14.5302 29.7067 298.926
74200 6.56278 8.08052 14.3123 28.9556 325.75
74300 6.5794 8.00232 14.1805 28.7622 311.616
74400 6.46363 7.76562 14.2043 28.4336 293.979
74500 6.43726 7.68797 14.2597 28.3849 301.831
74600 6.50112 7.8531 14.4156 28.7698 304.412
74700 6.73299 7.93012 14.4406 29.1037 300.449
74800 6.84329 7.8635 14.4181 29.1249 295.069
74900 7.09574 7.82341 14.3814 29.3006 284.009
75000 7.17421 7.76661 14.4751 29.4159 298.27
75100 7.20343 7.55194 14.6213 29.3767 307.671
75200 7.05763 7.57624 14.5615 29.1953 306
75300 7.00518 7.59967 14.3953 29.0001 295.878
75400 6.81184 7.76169 14.4053 28.9788 298.739
75500 6.83628 7.92402 14.106 28.8663 284.923
75600 6.92069 8.02018 14.1821 29.123 289.538
75700 7.02599 8.12807 14.2792 29.4332 303.319
75800 7.04681 8.06967 14.2616 29.3781 315.381
75900 6.98171 8.07028 14.1072 29.1591 304.285
76000 6.93665 8.25688 13.883 29.0765 301.387
76100 6.91547 8.35961 13.8211 29.0961 298.669
76200 6.96882 8.01355 14.0486 29.031 288.726
76300 7.09478 7.96456 14.2633 29.3226 307.51
76400 7.27521 8.28472 14.4783 30.0382 318.077
76500 7.43092 8.3134 14.6494 30.3937 303.851
76600 7.26812 8.46352 15.2906 31.0222 294.994
76700 7.21548 8.44618 15.7282 31.3899 305.927
76800 6.97559 8.29053 15.8508 31.1169 285.021
76900 6.94864 8.54521 15.7159 31.2098 280.031
77000 7.09058 8.60556 15.5431 31.2393 288.141
77100 7.33102 8.79072 15.6941 31.8158 311.487
77200 7.31885 8.98123 15.7525 32.0526 296.401
77300 7.16635 9.0299 15.982 32.1783 297.466
77400 6.87282 8.88376 16.1491 31.9057 303.039
77500 6.73616 8.73311 16.1225 31.5918 298.055
77600 6.58143 8.83941 16.0583 31.4791 305.996
77700 6.56092 8.60804 15.9152 31.0842 306.812
77800 6.53549 8.50318 15.8053 30.8439 290.566
77900 6.57511 8.62587 15.9908 31.1918 288.85
78000 6.55232 8.78034 16.0781 31.4108 308.238
78100 6.62965 9.0395 16.1323 31.8015 310.214
78200 6.87953 9.13053 16.4308 32.4409 311.513
78300 7.07272 9.21136 16.6137 32.8978 301.645
78400 7.16914 9.21899 16.4558 32.8439 291.973
78500 7.22558 9.40001 16.639 33.2646 296.845
78600 7.27329 9.64407 16.9843 33.9016 304.955
78700 7.2013 9.67733 17.0971 33.9757 309.869
78800 6.93673 9.55556 17.1276 33.6199 298.137
78900 6.92109 9.63195 17.1466 33.6997 295.32
79000 6.82758 9.72263 17.3281 33.8784 286.999
79100 6.88028 9.78231 17.8218 34.4844 307.385
79200 6.75716 9.59446 18.285 34.6366 316.084
79300 6.91541 9.62914 18.3729 34.9175 320.158
79400 7.14219 9.43961 18.5429 35.1247 310.298
79500 6.91846 9.14767 18.6548 34.721 305.934
79600 6.85376 9.02908 18.6337 34.5166 293.161
79700 6.75928 9.00071 18.6488 34.4088 296.7
79800 6.57058 8.97334 18.5494 34.0934 298.802
79900 6.43059 9.27568 18.517 34.2232 314.163
80000 6.46376 9.51376 18.6096 34.5872 303.588
80100 6.66709 9.65485 18.7906 35.1126 305.97
80200 6.69223 9.49599 19.1784 35.3667 291.531
80300 6.66472 9.35473 19.5064 35.5258 291.969
80400 6.4552 9.27915 19.57 35.3043 305.814
80500 6.30163 9.10461 19.6498 35.0561 301.576
80600 6.58299 8.98856 19.7128 35.2844 317.722
80700 6.67019 9.06367 19.9909 35.7248 302.811
80800 6.7172 9.12879 20.3082 36.1542 293.896
80900 6.81418 9.21569 20.1355 36.1654 291.38
81000 6.90195 9.36032 19.7384 36.0007 303.803
81100 6.92654 9.36915 19.3442 35.6399 310.373
81200 6.99085 9.39912 19.241 35.6309 322.42
81300 7.07613 9.37975 19.1058 35.5616 312.206
81400 7.26485 9.34039 19.3263 35.9315 297.042
81500 7.58707 9.29678 19.4814 36.3652 301.667
81600 7.68657 9.40408 19.2945 36.3851 296.614
81700 7.57648 9.49112 19.4607 36.5283 294.193
81800 7.42445 9.40245 19.897 36.7239 304.742
81900 7.52604 9.39007 20.3193 37.2354 312.406
82000 7.59173 9.68969 20.6696 37.951 303.836
82100 7.62121 9.96173 20.6499 38.2329 289.162
82200 7.62516 10.0676 20.6198 38.3125 291.632
82300 7.81582 10.036 20.4351 38.287 298.839
82400 7.96281 9.81618 20.3534 38.1324 305.969
82500 7.79554 9.66412 20.3823 37.8419 304.189
82600 7.6122 9.74975 20.6129 37.9748 298.744
82700 7.58921 9.8417 20.5292 37.9602 304.106
82800 7.57891 9.94944 20.5704 38.0987 287.785
82900 7.5416 9.95149 20.9395 38.4326 284.948
83000 7.53844 9.85423 21.0096 38.4023 289.605
83100 7.63924 9.97608 21.1502 38.7655 299.612
83200 7.48699 10.1896 21.3928 39.0693 298.664
83300 7.56053 10.3734 21.7128 39.6467 306.447
83400 7.76253 10.3905 22.0601 40.2132 298.581
83500 7.83258 10.3739 22.2395 40.446 294.755
83600 7.98931 10.3133 22.4232 40.7258 287.32
83700 7.97617 10.1971 22.4326 40.6059 285.261
83800 7.96123 10.102 22.386 40.4492 311.993
83900 8.12262 10.3399 22.3686 40.8311 307.022
84000 8.19385 10.4459 22.5163 41.1561 297.682
84100 8.07284 10.4007 22.829 41.3025 292.413
84200 8.0154 10.3106 23.4749 41.8009 280.173
84300 8.19809 10.4198 23.4071 42.0249 283.495
84400 8.14426 10.3224 23.215 41.6817 296.473
84500 8.03484 10.3601 22.8806 41.2756 307.509
84600 7.94478 10.2042 22.6111 40.7601 301.904
84700 7.82498 10.2633 22.2572 40.3456 304.77
84800 7.79928 10.2819 22.0669 40.1481 285.187
84900 7.81277 10.4097 22.0227 40.2451 291.007
85000 7.73479 10.3589 22.0477 40.1414 302.92
85100 7.72323 10.1775 22.0967 39.9974 306.159
85200 7.67064 10.0694 22.0011 39.7411 311.076
85300 7.79015 10.1355 21.6328 39.5585 300.86
85400 7.84645 10.2034 21.7661 39.8159 305.337
85500 7.77483 10.2985 22.0875 40.1607 302.276
85600 7.83608 10.3432 22.1104 40.2897 307.128
85700 8.02142 10.3383 22.1073 40.467 303.293
85800 8.02906 10.5019 21.7274 40.2583 294.62
85900 7.97265 10.4475 21.4619 39.882 298.025
86000 7.6912 10.3811 21.433 39.5053 307.41
86100 7.62116 10.4053 21.4698 39.4963 319.606
86200 7.54123 10.5851 21.2976 39.4239 306.728
86300 7.50554 10.4764 21.3245 39.3064 306.082
86400 7.4611 10.3601 21.7439 39.5652 292.485
86500 7.59745 10.2805 21.6469 39.5249 292.811
86600 7.42897 10.3247 21.6601 39.4138 320.703
86700 7.32828 10.3387 21.7719 39.4389 308.986
86800 7.37001 10.4 21.3412 39.1113 302.516
86900 7.35873 10.7302 21.2217 39.3106 302.465
87000 7.39603 10.8415 21.305 39.5425 289.762
87100 7.34474 10.8789 21.5282 39.7519 296.806
87200 7.37915 10.6359 21.7901 39.8051 304.074
87300 7.06626 10.3995 21.9723 39.4381 302.905
87400 6.86539 10.3522 22.121 39.3385 325.33
87500 7.01659 10.1707 22.2807 39.468 308.922
87600 7.06888 10.213 22.0508 39.3327 293.783
87700 6.90304 10.3481 21.8162 39.0673 290.986
87800 7.00471 10.3597 22.1887 39.5531 311.92
87900 7.14304 10.6574 22.3378 40.1383 312.241
88000 7.17135 10.7922 22.1361 40.0996 298.424
88100 7.15085 10.6393 22.0158 39.806 286.944
88200 7.25337 10.5699 22.4638 40.2871 300.263
88300 7.25708 10.5346 22.7512 40.5429 303.948
88400 7.12756 10.3853 22.8407 40.3536 317.548
88500 7.08267 10.2198 22.6868 39.9893 322.798
88600 7.28609 10.4075 22.5426 40.2363 308.743
88700 7.57747 10.5034 22.3392 40.42 299.053
88800 7.63143 10.5441 22.2214 40.3969 295.753
88900 7.63843 10.4795 22.3582 40.4762 297.017
89000 7.64695 10.698 22.5463 40.8912 316.598
89100 7.57185 10.7478 22.4585 40.7782 317.035
89200 7.62435 10.5511 22.5462 40.7217 302.857
89300 7.69833 10.6866 22.6594 41.0443 297.239
89400 7.96292 10.8745 22.4088 41.2463 295.738
89500 8.17267 11.0697 22.4405 41.6829 301.696
89600 8.28758 11.0683 22.7743 42.1302 323.941
89700 8.39983 11.1264 23.0578 42.584 313.467
89800 8.40629 11.0343 23.5239 42.9645 297.236
89900 8.47372 11.056 23.8717 43.4014 288.515
90000 8.60315 10.8824 23.8214 43.3069 311.349
90100 8.70552 10.9518 23.8616 43.5189 300.153
90200 8.91295 10.6232 23.8213 43.3575 291.342
90300 9.30933 10.2844 23.7957 43.3894 315.66
90400 9.66342 10.1407 24.0333 43.8374 313.385
90500 9.76106 10.2689 24.3575 44.3874 321.441
90600 9.83594 10.4049 24.3035 44.5443 321.505
90700 9.98953 10.6617 23.87 44.5212 298.812
90800 10.0132 10.5475 23.7045 44.2651 298.633
90900 10.0563 10.2921 23.653 44.0014 292.117
91000 10.217 10.7009 24.0164 44.9343 291.633
91100 10.5332 11.0662 24.5398 46.1392 303.738
91200 10.5797 11.0978 24.8548 46.5323 309.691
91300 10.9414 11.2288 24.7891 46.9593 310.983
91400 11.1228 11.4811 24.405 47.0088 298.431
91500 11.0245 11.6031 24.5118 47.1394 296.413
91600 10.8269 11.9744 25.0312 47.8325 294.277
91700 10.631 12.0176 25.2983 47.9469 303.498
91800 10.6612 12.1338 25.2219 48.0168 330.655
91900 10.4617 12.1562 25.0386 47.6565 302.235
92000 10.254 11.9626 25.2458 47.4623 297.393
92100 10.0338 12.1107 25.5709 47.7155 304.127
92200 9.83558 12.5513 25.653 48.0399 298.603
92300 9.96679 12.7758 25.733 48.4756 304.308
92400 10.0997 12.6707 26.0239 48.7943 292.461
92500 10.199 12.3268 26.3299 48.8557 286.185
92600 10.1186 12.2194 26.1821 48.5201 300.599
92700 10.1335 11.9992 25.9773 48.11 306.697
92800 10.1642 11.7744 25.9214 47.8601 305.842
92900 10.283 11.666 26.0581 48.0071 304.459
93000 10.3231 11.7036 26.1478 48.1745 291.203
93100 10.1613 11.8807 26.4885 48.5306 282.091
93200 9.96336 11.7565 26.5684 48.2883 307.179
93300 9.91356 11.6211 26.4379 47.9725 311.222
93400 9.74986 11.621 25.8938 47.2646 298.699
93500 9.98894 11.435 25.7043 47.1283 285.458
93600 10.0722 11.4221 25.3782 46.8726 291.701
93700 10.1115 11.4599 25.4127 46.984 307.478
93800 10.1397 11.5381 25.5318 47.2096 317.969
93900 9.90146 11.2422 25.6711 46.8147 302.276
94000 9.72359 10.9088 25.6912 46.3235 291.435
94100 9.68144 10.8568 25.6566 46.1948 300.546
94200 9.61236 10.7227 25.6948 46.0299 303.159
94300 9.60789 10.6 25.4823 45.6902 317.233
94400 9.87476 10.5981 25.5687 46.0416 325.628
94500 10.164 10.6134 25.8604 46.6379 308.881
94600 10.471 10.5123 26.2848 47.2681 295.886
94700 10.6795 10.4405 26.3545 47.4745 302.295
94800 10.8204 10.1854 26.2828 47.2885 302.737
94900 10.7386 9.93586 26.1804 46.8548 284.618
95000 10.5471 9.89256 26.2238 46.6634 289.088
95100 10.4111 10.0614 26.8892 47.3617 317.069
95200 10.6296 10.2745 27.0909 47.995 308.689
95300 11.0141 10.5731 27.1115 48.6987 312.997
95400 11.2208 10.7392 27.1743 49.1343 301.863
95500 11.4401 10.8204 27.0207 49.2812 283.664
95600 11.374 11.1571 27.3135 49.8445 307.948
95700 11.1824 11.3936 27.8749 50.4509 314.939
95800 10.7659 11.4273 28.4361 50.6293 296.766
95900 10.2441 11.6466 28.6235 50.5143 292.312
96000 9.9864 11.6917 28.6245 50.3026 303.168
96100 9.8942 11.4705 28.4898 49.8546 309.335
96200 9.99638 11.2047 28.5965 49.7976 301.527
96300 10.0383 11.2033 28.8117 50.0533 286.391
96400 10.0253 11.3756 28.955 50.3559 289.051
96500 10.3273 11.5642 29.1632 51.0547 300.246
96600 10.5663 11.9666 29.2718 51.8047 305.485
96700 10.5895 12.268 29.0232 51.8808 302.921
96800 10.7984 12.511 29.1 52.4094 307.738
96900 11.0194 12.7154 29.0101 52.745 291.127
97000 10.9613 12.5927 29.218 52.772 297.443
97100 10.7653 12.5588 29.624 52.948 288.144
97200 10.6646 12.3592 29.813 52.8368 305.071
97300 10.6418 12.1875 29.9073 52.7366 311.368
97400 10.318 12.194 29.7179 52.23 291.879
97500 9.87469 12.0268 29.8307 51.7322 283.695
97600 9.69567 11.816 29.9522 51.4638 293.275
97700 9.63696 12.0061 30.0612 51.7042 298.519
97800 9.74129 12.312 30.2669 52.3202 313.88
97900 9.79354 12.5887 30.2062 52.5884 303.673
98000 9.86659 12.789 30.0713 52.7269 294.45
98100 9.79442 12.8508 29.8156 52.4608 294.53
98200 9.5675 13.0839 29.2976 51.9491 303.454
98300 9.41591 13.6235 28.9253 51.9647 316.148
98400 9.65346 13.7097 28.762 52.1252 318.874
98500 9.73829 13.5095 28.4765 51.7243 302.339
98600 9.82109 13.1534 28.6325 51.607 294.92
98700 9.70431 12.6768 28.4171 50.7982 300.437
98800 9.39419 12.1274 28.4347 49.9563 302.058
98900 9.3487 12.0033 28.5697 49.9217 307.696
99000 9.36867 12.0085 28.2713 49.6485 318.764
99100 9.30497 11.94 27.7236 48.9686 312.411
99200 9.30166 11.8653 27.5739 48.7408 298.042
99300 9.26963 11.7431 27.5353 48.548 293.315
99400 9.25055 11.5426 27.3478 48.141 303.226
99500 9.16188 11.4731 27.3199 47.9548 300.426
99600 9.19192 11.6235 27.4511 48.2665 312.782
99700 9.09727 11.5836 27.3146 47.9955 312.455
99800 8.968 11.2951 27.0879 47.3509 299.761
99900 8.94099 11.0617 27.1431 47.1458 288.778
100000 8.88403 10.8749 27.1352 46.8941 296.301
100100 8.77803 11.0682 26.9607 46.807 300.186
100200 8.8139 11.2325 27.0379 47.0843 306.94
100300 8.84721 11.4859 27.721 48.0541 304.018
100400 8.65777 11.4436 28.3539 48.4553 306.357
100500 8.43579 10.9962 28.339 47.771 297.913
100600 8.33662 10.7686 28.3119 47.4171 287.556
100700 8.22113 10.8211 28.2212 47.2635 302.235
100800 8.2323 11.0606 28.3975 47.6904 314.021
100900 8.52916 11.4004 28.4194 48.349 310.149
101000 8.70299 11.2805 28.4792 48.4626 307.442
101100 8.69207 11.331 28.7019 48.7249 292.939
101200 8.68356 10.9544 28.8399 48.4779 301.198
101300 8.70224 10.3591 28.7103 47.7717 293.006
101400 8.59253 10.1899 28.3028 47.0852 315.998
101500 8.44269 10.1821 28.0367 46.6614 322.493
101600 8.39039 10.2791 28.2129 46.8824 300.952
101700 8.3552 10.2549 28.8262 47.4363 296.139
101800 8.19927 10.2493 29.1025 47.5511 308.271
101900 8.06475 10.3594 29.4245 47.8486 289.348
102000 8.14341 10.5611 29.3755 48.08 290.056
102100 8.26501 11.0133 29.2159 48.4942 315.771
102200 8.28375 11.3121 28.9508 48.5466 314.624
102300 8.15114 11.1324 28.8508 48.1343 297.383
102400 8.07962 11.0076 29.096 48.1832 298.697
102500 7.88905 11.04 29.1424 48.0714 300.147
102600 7.91046 11.1119 29.4213 48.4437 293.223
102700 7.85445 11.4189 29.3557 48.6291 303.075
102800 7.99427 11.625 29.5088 49.1281 297.653
102900 8.06051 11.9384 29.3535 49.3524 306.248
103000 7.85971 11.8562 29.5283 49.2442 296.351
103100 7.99837 11.5595 29.7308 49.2886 281.718
103200 8.22619 11.6148 29.713 49.554 287.718
103300 8.57942 11.3806 29.9096 49.8696 309.017
103400 8.62959 11.0903 29.8069 49.5268 307.498
103500 8.27689 11.1204 29.5633 48.9606 303.783
103600 8.22569 10.9713 30.0182 49.2153 316.695
103700 8.19962 10.6337 30.2776 49.1109 312.299
103800 8.16373 10.2926 30.8306 49.2869 298.92
103900 8.13809 10.6295 31.6645 50.4321 291.209
104000 8.32347 10.8564 32.4462 51.6261 291.144
104100 8.54353 10.8177 33.0864 52.4476 312.731
104200 8.82705 10.8794 33.6714 53.3778 316.452
104300 9.03538 10.9587 33.6894 53.6835 309.492
104400 9.27429 10.9182 33.3072 53.4997 289.867
104500 9.49196 10.7547 32.756 53.0027 295.033
104600 9.46741 10.7984 32.4716 52.7374 308.371
104700 9.3753 10.9183 32.1522 52.4458 321.808
104800 9.14232 11.1185 31.866 52.1268 296.274
104900 9.01009 11.1773 31.588 51.7754 285.078
105000 8.75857 11.013 31.442 51.2136 298.585
105100 8.48558 11.4063 31.7172 51.6091 305.922
105200 8.45286 11.839 31.8526 52.1445 300.924
105300 8.81257 11.7087 32.1034 52.6247 297.686
105400 9.07564 11.7059 32.0269 52.8085 300.727
105500 9.24222 11.63 32.0965 52.9687 287.194
105600 9.50217 11.5225 32.0086 53.0333 280.287
105700 9.77845 11.2148 32.183 53.1763 305.854
105800 10.0774 10.874 32.5019 53.4533 305.635
105900 10.2304 10.7507 32.893 53.874 292.02
106000 10.0463 10.9916 32.8354 53.8733 296.24
106100 9.72477 11.44 32.6955 53.8603 304.546
106200 9.58414 11.6324 32.4938 53.7104 319.185
106300 9.45666 11.8147 32.0726 53.3439 303.03
106400 9.49911 11.9188 32.0611 53.4791 289.064
106500 9.65752 12.153 32.3951 54.2056 297.289
106600 9.89113 12.1966 32.8543 54.942 308.005
106700 10.0265 12.4043 33.4361 55.8668 312.031
106800 10.3449 12.5248 34.0767 56.9463 290.293
106900 10.5603 12.487 34.5437 57.5911 285.744
107000 10.9592 12.5449 34.5766 58.0806 296.348
107100 11.26 12.6419 34.3415 58.2434 324.898
107200 11.4311 12.3215 34.1627 57.9153 307.099
107300 11.6471 12.2681 33.9802 57.8954 297.705
107400 11.8091 12.178 33.6282 57.6153 295.044
107500 12.0938 12.1721 34.2366 58.5024 299.757
107600 12.259 12.3931 34.212 58.8641 320.232
107700 12.0922 12.2875 34.0034 58.3831 321.319
107800 11.8364 12.1838 33.9346 57.9548 306.903
107900 11.9033 11.9884 33.764 57.6557 302.886
108000 11.8565 11.9574 33.8249 57.6388 296.042
108100 11.803 11.8808 33.7812 57.465 291.256
108200 12.0657 11.8389 33.7679 57.6725 297.85
108300 12.2621 11.9433 33.9043 58.1096 299.601
108400 12.1375 11.7016 33.7048 57.5439 318.406
108500 12.0464 11.5014 33.3676 56.9155 305.732
108600 12.1231 11.4878 33.1312 56.7421 297.991
108700 11.9966 11.6255 32.8024 56.4245 289.464
108800 11.8085 11.6394 32.6262 56.074 298.336
108900 11.6488 11.5729 32.4668 55.6885 300.451
109000 11.6106 11.7712 32.2517 55.6335 309.066
109100 11.5597 11.8458 31.9444 55.3499 296.568
109200 11.5463 11.5735 31.8838 55.0037 288.115
109300 11.4529 11.1238 31.5757 54.1525 288.783
109400 11.3683 10.8338 31.6433 53.8455 294.991
109500 11.2546 10.6746 31.8448 53.774 304.759
109600 11.0798 10.5022 31.8032 53.3852 308.707
109700 11.1949 10.4178 31.4864 53.0991 291.026
109800 11.3455 10.4759 32.0632 53.8846 296.089
109900 11.345 10.3823 32.2729 54.0001 294.858
110000 11.2176 10.4587 32.1795 53.8558 310.761
110100 11.1358 10.5189 32.0651 53.7199 313.18
110200 11.2756 10.6298 31.9711 53.8766 293.931
110300 11.5752 10.6744 32.2101 54.4596 286.797
110400 11.6007 10.8309 31.8653 54.2969 306.79
110500 11.8102 10.9969 31.7243 54.5313 309.958
110600 11.8946 11.003 31.9177 54.8154 307.929
110700 12.0711 11.0649 32.2484 55.3845 286.2
110800 12.2364 11.4368 32.1788 55.852 282.621
110900 12.2695 11.6772 32.0905 56.0372 302.118
111000 12.6668 11.6235 31.8803 56.1706 307.012
111100 12.9814 11.7581 31.4332 56.1728 306.817
111200 12.7181 11.9254 31.1653 55.8088 297.301
111300 12.3201 12.1788 31.2857 55.7846 283.447
111400 12.1447 12.1558 31.7033 56.0038 301.844
111500 12.2072 11.942 31.728 55.8772 309.724
111600 11.8101 11.6416 31.5876 55.0394 317.91
111700 11.6626 11.2916 31.1348 54.089 311.647
111800 12.0152 11.1473 30.8341 53.9966 299.503
111900 12.2481 10.8749 30.8477 53.9707 297.602
112000 12.2318 10.7901 31.1202 54.1421 294.35
112100 12.1083 10.9104 31.435 54.4537 310.258
112200 12.0651 11.093 31.8353 54.9935 321.061
112300 12.2278 10.839 32.1188 55.1856 305.496
112400 12.48 11.1087 31.9092 55.4979 295.493
112500 12.9303 11.404 31.8944 56.2287 296.858
112600 13.2412 11.6385 32.1863 57.066 305.139
112700 13.1217 11.6599 31.9799 56.7615 315.386
112800 12.9388 11.7425 31.6726 56.3539 312.258
112900 12.6459 11.6084 31.42 55.6743 310.332
113000 12.4454 11.7266 31.7978 55.9698 310.227
113100 12.4286 11.8054 32.2564 56.4905 293.673
113200 12.4364 12.0812 32.5186 57.0361 294.45
113300 12.3184 12.3923 32.4515 57.1622 298.991
113400 12.4374 12.2099 32.4563 57.1036 311.434
113500 12.8431 11.9445 32.4254 57.213 316.348
113600 12.9964 11.8287 32.4344 57.2595 304.284
113700 12.9862 11.6835 32.6351 57.3048 304.672
113800 13.2516 11.5342 32.7225 57.5083 298.089
113900 13.3239 11.2667 32.7443 57.335 289.989
114000 13.4809 10.9969 33.0637 57.5415 285.261
114100 13.2833 11.2369 33.0298 57.55 300.78
114200 12.7464 11.7435 32.9392 57.4291 312.111
114300 12.2536 12.1881 33.0721 57.5137 302.294
114400 12.1726 12.414 32.7043 57.2909 293.539
114500 12.3529 12.2893 32.5875 57.2297 280.354
114600 12.3561 11.753 32.5048 56.614 284.934
114700 12.3078 11.5994 32.4107 56.318 284.199
114800 12.2621 11.5761 32.4635 56.3017 306.254
114900 12.2451 11.4287 32.6016 56.2754 308.441
115000 12.3062 11.5342 32.8978 56.7382 301.017
115100 12.3973 11.3603 33.2242 56.9818 290.055
115200 12.6551 11.0741 33.6435 57.3727 273.991
115300 12.7456 11.0187 33.9097 57.6741 299.241
115400 12.6566 10.9561 33.8225 57.4352 302.16
115500 12.7943 11.2133 33.5769 57.5845 306.875
115600 12.9822 11.2979 33.7062 57.9863 299.71
115700 13.0412 11.3559 33.5872 57.9842 288.38
115800 13.1845 11.5346 33.5303 58.2494 284.705
115900 12.846 11.7784 33.6199 58.2443 308.875
116000 12.5868 11.6513 33.4932 57.7313 304.474
116100 12.4664 11.8403 33.4631 57.7698 290.714
116200 12.5404 11.9442 33.2541 57.7387 295.102
116300 12.6444 12.2681 33.2949 58.2074 315.662
116400 12.8067 12.6781 33.2297 58.7146 317.464
116500 13.0876 12.8945 33.5339 59.5161 298.65
116600 12.9254 13.1449 33.8494 59.9197 296.631
116700 12.7752 13.1466 33.9042 59.826 292.537
116800 12.7946 13.2039 33.9274 59.9259 309.154
116900 13.004 13.499 33.6271 60.1302 308.609
117000 12.9425 13.5309 33.059 59.5324 288.493
117100 13.0479 13.6806 32.7622 59.4907 286.978
117200 12.9525 14.0972 32.7622 59.812 294.025
117300 12.9901 14.2643 33.057 60.3115 297.287
117400 13.216 14.5076 33.3465 61.0701 305.076
117500 13.1836 14.5128 33.5998 61.2962 310.726
117600 12.8603 14.4887 33.4358 60.7848 303.779
117700 12.8782 14.5995 33.2304 60.7081 291.567
117800 13.0275 14.6599 33.4492 61.1367 286.812
117900 13.2584 14.6612 33.7555 61.6751 303.084
118000 13.1399 15.1307 33.5273 61.798 303.459
118100 13.1412 15.4343 33.232 61.8074 310.402
118200 13.3768 15.2545 33.1853 61.8165 325.078
118300 13.3966 15.6505 32.9702 62.0172 302.148
118400 13.3162 15.9137 32.979 62.2089 301.792
118500 13.2408 16.1786 32.9402 62.3596 292.073
118600 13.0988 16.463 32.8311 62.393 292.288
118700 12.8415 16.8538 32.9066 62.6019 307.675
118800 12.6108 16.9162 33.0039 62.5308 312.937
118900 12.298 16.9503 33.0883 62.3365 314.13
119000 12.2106 16.7267 33.2356 62.1728 308.839
119100 12.5563 16.7322 33.7492 63.0378 293.493
119200 12.8165 16.9517 33.7194 63.4876 293.016
119300 12.6184 17.2779 33.6186 63.5148 310.93
119400 12.2294 17.6328 33.3168 63.179 308.162
119500 12.409 17.6997 33.1423 63.2511 297.893
119600 12.6493 17.7239 33.2873 63.6605 281.455
119700 12.7157 17.558 33.2212 63.4949 296.814
119800 12.7928 17.9172 32.6396 63.3496 305.016
119900 12.9383 17.9087 32.9483 63.7954 303.455
120000 13.0692 18.193 33.0775 64.3396 298.564
