# Time-averaged data for fix myRDF
# TimeStep Number-of-rows
# Row r g1(r) coor1(r) ...
0 100
1 0.025 0 0 0 0 0 0 0 0
2 0.075 0 0 0 0 0 0 0 0
3 0.125 0 0 0 0 0 0 0 0
4 0.175 0 0 0 0 0 0 0 0
5 0.225 0 0 0 0 0 0 0 0
6 0.275 0 0 0 0 0 0 0 0
7 0.325 0 0 0 0 0 0 0 0
8 0.375 0 0 0 0 0 0 0 0
9 0.425 0 0 0 0 0 0 0 0
10 0.475 0 0 0 0 0 0 0 0
11 0.525 0 0 0 0 0 0 0 0
12 0.575 0 0 0 0 0 0 0 0
13 0.625 0 0 0 0 0 0 0 0
14 0.675 0 0 0 0 0 0 0 0
15 0.725 0 0 0 0 0 0 0 0
16 0.775 0 0 0 0 0 0 0 0
17 0.825 0 0 0 0 0 0 0 0
18 0.875 0 0 0 0 0 0 0 0
19 0.925 0 0 0 0 0 0 0 0
20 0.975 0 0 0 0 0 0 0 0
21 1.025 0 0 0 0 0 0 0 0
22 1.075 0 0 0 0 0 0 113.647 2.9
23 1.125 0 0 0 0 0 0 0 2.9
24 1.175 0 0 0 0 0 0 0 2.9
25 1.225 0 0 0 0 0 0 0 2.9
26 1.275 0 0 0 0 0 0 0 2.9
27 1.325 0 0 0 0 0 0 0 2.9
28 1.375 0 0 0 0 0 0 0 2.9
29 1.425 0 0 0 0 0 0 0 2.9
30 1.475 0 0 0 0 0 0 0 2.9
31 1.525 0 0 0 0 0 0 0 2.9
32 1.575 0 0 0 0 6.15161 0.140845 0 2.9
33 1.625 0 0 0 0 62.4121 1.66197 0 2.9
34 1.675 0 0 0 0 10.8781 1.94366 0 2.9
35 1.725 0 0 0 0 0 1.94366 0 2.9
36 1.775 0 0 0 0 0 1.94366 0 2.9
37 1.825 0 0 0 0 0 1.94366 0 2.9
38 1.875 0 0 0 0 0 1.94366 0 2.9
39 1.925 0 0 0 0 1.23544 1.98592 0 2.9
40 1.975 0 0 0 0 0 1.98592 0 2.9
41 2.025 0 0 0.880747 0.0333333 0 1.98592 0 2.9
42 2.075 0 0 13.421 0.566667 0 1.98592 0 2.9
43 2.125 0 0 3.99904 0.733333 0 1.98592 0 2.9
44 2.175 0 0 5.34421 0.966667 0 1.98592 0 2.9
45 2.225 0 0 0.729533 1 0 1.98592 0.304969 2.93333
46 2.275 0 0 0 1 0 1.98592 0.291711 2.96667
47 2.325 0 0 0 1 0 1.98592 0 2.96667
48 2.375 0 0 0 1 0 1.98592 0 2.96667
49 2.425 0 0 0 1 0 1.98592 0 2.96667
50 2.475 0 0 0 1 0 1.98592 0.492945 3.03333
51 2.525 0 0 0 1 0 1.98592 0 3.03333
52 2.575 0 0 0 1 0 1.98592 0.455403 3.1
53 2.625 0 0 0 1 0 1.98592 0.43822 3.16667
54 2.675 0 0 0 1 0 1.98592 0.632987 3.26667
55 2.725 0 0 0 1 0 1.98592 0.813296 3.4
56 2.775 0 0 0 1 0 1.98592 0.196063 3.43333
57 2.825 0 0 0 1 0 1.98592 1.13511 3.63333
58 2.875 0 0 0 1 0.184629 2 1.27863 3.86667
59 2.925 0 0 0 1 0 2 1.41176 4.13333
60 2.975 0 0 0 1 0 2 1.19412 4.36667
61 3.025 1.38824 0.0666667 0 1 0 2 1.31997 4.63333
62 3.075 0 0.0666667 0 1 0 2 1.59674 4.96667
63 3.125 0 0.0666667 0 1 0 2 1.85526 5.36667
64 3.175 2.52034 0.2 0 1 0 2 1.04842 5.6
65 3.225 2.4428 0.333333 0 1 0.14673 2.01408 1.59683 5.96667
66 3.275 0 0.333333 0 1 0.426851 2.05634 2.11151 6.46667
67 3.325 3.44711 0.533333 0 1 0.552147 2.11268 1.63879 6.86667
68 3.375 1.11524 0.6 0 1 0.669886 2.1831 1.85569 7.33333
69 3.425 2.16584 0.733333 0.307889 1.03333 0.65047 2.25352 2.05933 7.86667
70 3.475 2.10396 0.866667 0.299093 1.06667 1.26377 2.39437 1.00025 8.13333
71 3.525 0 0.866667 0.290668 1.1 0.614088 2.46479 1.82263 8.63333
72 3.575 0 0.866667 0.847785 1.2 1.55228 2.64789 1.65387 9.1
73 3.625 0.966724 0.933333 0.549706 1.26667 1.62589 2.84507 1.26387 9.46667
74 3.675 0.940598 1 0.802275 1.36667 1.12996 2.98592 1.00613 9.76667
75 3.725 0.915517 1.06667 0.260294 1.4 1.75973 3.21127 0.979303 10.0667
76 3.775 3.5657 1.33333 0.760334 1.5 1.28507 3.38028 0.741637 10.3
77 3.825 0.868274 1.4 0.740586 1.6 2.08616 3.66197 0.619179 10.5
78 3.875 1.69202 1.53333 1.20266 1.76667 1.62614 3.88732 0.804404 10.7667
79 3.925 2.47378 1.73333 2.81332 2.16667 1.38685 4.08451 0.784041 11.0333
80 3.975 1.60796 1.86667 1.3715 2.36667 1.54535 4.30986 0.764441 11.3
81 4.025 2.35239 2.06667 3.78996 2.93333 2.16659 4.6338 0.838762 11.6
82 4.075 0.765006 2.13333 1.52251 3.16667 1.10283 4.80282 0.909229 11.9333
83 4.125 2.98629 2.4 1.69809 3.43333 2.06282 5.12676 0.887321 12.2667
84 4.175 0.728798 2.46667 0.82883 3.56667 1.48839 5.3662 1.55915 12.8667
85 4.225 0.711651 2.53333 1.61866 3.83333 2.82125 5.83099 1.43789 13.4333
86 4.275 1.3902 2.66667 1.77864 4.13333 2.0041 6.16901 0.991375 13.8333
87 4.325 2.71649 2.93333 1.93084 4.46667 2.36596 6.57746 0.807155 14.1667
88 4.375 0.663689 3 1.50957 4.73333 1.51488 6.84507 0.552168 14.4
89 4.425 0.648776 3.06667 1.47565 5 1.4029 7.09859 0.925303 14.8
90 4.475 2.53744 3.33333 1.98393 5.36667 1.52414 7.38028 1.20632 15.3333
91 4.525 1.24083 3.46667 2.29311 5.8 0.745323 7.52113 0.737381 15.6667
92 4.575 1.21386 3.6 1.55303 6.1 0.874946 7.69014 1.2263 16.2333
93 4.625 1.78164 3.8 2.19502 6.53333 0.784786 7.84507 0.635256 16.5333
94 4.675 0.581244 3.86667 1.81781 6.9 0.55861 7.95775 0.898069 16.9667
95 4.725 1.70702 4.06667 0.97066 7.1 0.820276 8.12676 0.946791 17.4333
96 4.775 0.557154 4.13333 0.633626 7.23333 0.669323 8.26761 0.993286 17.9333
97 4.825 1.637 4.33333 0.930842 7.43333 0.85218 8.4507 0.972807 18.4333
98 4.875 1.06906 4.46667 1.51974 7.76667 0.770574 8.61972 0.825894 18.8667
99 4.925 1.04746 4.6 0.595617 7.9 1.13251 8.87324 0.809209 19.3
100 4.975 1.02652 4.73333 1.02148 8.13333 0.554931 9 1.03703 19.8667
