# Time-averaged data for fix myMSD
# TimeStep MSD_X MSD_Y MSD_Z MSD_Total Temperture
0 3.41745e-30 3.71082e-30 2.28209e-30 9.41036e-30 902.978
100 0.0330014 0.0251886 0.0369527 0.0951426 913.926
200 0.0552463 0.0476076 0.0696258 0.17248 865.21
300 0.0640593 0.0589399 0.0779567 0.200956 849.909
400 0.0668882 0.0627331 0.0729248 0.202546 926.463
500 0.0628488 0.0660065 0.0765509 0.205406 868.44
600 0.0533427 0.0700972 0.0802688 0.203709 852.072
700 0.0581638 0.0524061 0.0482069 0.158777 956.179
800 0.0505839 0.0418588 0.0430381 0.135481 942.26
900 0.0473468 0.0427596 0.0452082 0.135315 909.476
1000 0.0448621 0.0480149 0.0633744 0.156251 856.067
1100 0.044987 0.0441992 0.0582696 0.147456 910.787
1200 0.0439072 0.0417565 0.0554672 0.141131 898.731
1300 0.0418049 0.0502784 0.0581241 0.150207 943.851
1400 0.0566879 0.0563209 0.0657164 0.178725 892.956
1500 0.0548021 0.0566391 0.0625842 0.174025 885.216
1600 0.0434467 0.0566821 0.0631865 0.163315 848.882
1700 0.0524265 0.0574798 0.0563894 0.166296 877.023
1800 0.0561461 0.0485613 0.0602791 0.164986 972.855
1900 0.0639983 0.0462291 0.0676916 0.177919 1001.18
2000 0.0549479 0.0471856 0.0589199 0.161053 962.035
2100 0.0469777 0.0495234 0.0511235 0.147625 958.041
2200 0.0540744 0.0588348 0.0452043 0.158113 882.05
2300 0.0440193 0.0557702 0.0539347 0.153724 961.77
2400 0.0530138 0.0634232 0.0611358 0.177573 892.51
2500 0.0487247 0.0571043 0.0792363 0.185065 922.297
2600 0.0521515 0.0555356 0.0843503 0.192037 916.342
2700 0.0555087 0.0595967 0.0619146 0.17702 1010.78
2800 0.0582931 0.05784 0.0527606 0.168894 932.699
2900 0.047422 0.058377 0.0576856 0.163485 897.247
3000 0.0505028 0.0499726 0.0486169 0.149092 932.859
3100 0.0569285 0.0527716 0.0513945 0.161095 852.324
3200 0.0581025 0.0592305 0.0634981 0.180831 877.88
3300 0.0570351 0.0665719 0.0673572 0.190964 918.455
3400 0.050096 0.0577399 0.0707222 0.178558 1022.96
3500 0.0553701 0.0555939 0.0594871 0.170451 894.887
3600 0.0512494 0.0583919 0.0598569 0.169498 862.307
3700 0.0416296 0.0566175 0.0504118 0.148659 908.715
3800 0.0424467 0.0563861 0.0561897 0.155022 919.183
3900 0.0489359 0.056932 0.0647836 0.170651 940.343
4000 0.0575207 0.0579496 0.073276 0.188746 977.776
4100 0.0734873 0.064639 0.0784981 0.216624 899.408
4200 0.0780022 0.0693748 0.067252 0.214629 929.938
4300 0.0608822 0.056804 0.0592662 0.176952 847.88
4400 0.0513212 0.043435 0.0560298 0.150786 845.015
4500 0.0489232 0.039613 0.0536597 0.142196 979.287
4600 0.0511437 0.0442019 0.0671664 0.162512 910.52
4700 0.0484795 0.0433311 0.0649097 0.15672 944.884
4800 0.0436169 0.0440251 0.0626705 0.150312 939.418
4900 0.0460653 0.046642 0.064264 0.156971 932.763
5000 0.055195 0.0572597 0.0691906 0.181645 854.189
5100 0.0590083 0.0602604 0.0665231 0.185792 913.32
5200 0.0587517 0.0598572 0.0712318 0.189841 926.046
5300 0.0712533 0.0589609 0.0570647 0.187279 931.31
5400 0.0625809 0.0604152 0.0564549 0.179451 918.013
5500 0.0503695 0.0491366 0.0580241 0.15753 1029.52
5600 0.0414375 0.0540018 0.0678513 0.163291 941.299
5700 0.044365 0.0556499 0.0573083 0.157323 937.839
5800 0.0497808 0.0516004 0.0551721 0.156553 928.596
5900 0.0449193 0.0524578 0.0667848 0.164162 899.131
6000 0.0595485 0.0407283 0.0704276 0.170704 1013.35
6100 0.0656032 0.0528807 0.076961 0.195445 999.602
6200 0.075339 0.0619176 0.0782 0.215457 945.097
6300 0.0850281 0.057207 0.071332 0.213567 949.046
6400 0.0715153 0.0581627 0.0603215 0.189999 975.981
6500 0.0671434 0.056512 0.0764332 0.200089 973.461
6600 0.0643439 0.0589897 0.0920131 0.215347 961.468
6700 0.0552931 0.0680465 0.080774 0.204114 970.133
6800 0.0537744 0.0732392 0.0736474 0.200661 1005.32
6900 0.0568718 0.0753529 0.0733237 0.205548 905.887
7000 0.0603234 0.0658764 0.0721749 0.198375 952.909
7100 0.0689791 0.0532098 0.074506 0.196695 1055.18
7200 0.0783812 0.0558518 0.0813993 0.215632 958.977
7300 0.0757977 0.0579218 0.0744118 0.208131 1001.14
7400 0.0702043 0.0767012 0.0811442 0.22805 902.849
7500 0.0639476 0.0767149 0.0815578 0.22222 994.963
7600 0.0599027 0.057346 0.073682 0.190931 1017.72
7700 0.0632204 0.059542 0.0712342 0.193997 951.184
7800 0.0491987 0.0624012 0.0734942 0.185094 1067
7900 0.0578488 0.0629919 0.0716975 0.192538 968.16
8000 0.0578502 0.0728894 0.0782539 0.208993 876.528
8100 0.0548098 0.0940919 0.091878 0.24078 920.901
8200 0.0671275 0.0947951 0.0976921 0.259615 924.472
8300 0.0655843 0.0826877 0.0985489 0.246821 971.344
8400 0.0692194 0.0805592 0.100519 0.250298 1060.36
8500 0.0666327 0.0788406 0.0849706 0.230444 987.735
8600 0.0742449 0.0727664 0.0813052 0.228316 1102.24
8700 0.0989679 0.0719228 0.0831447 0.254035 870.407
8800 0.103738 0.0780082 0.0948816 0.276628 984.7
8900 0.0987145 0.0901767 0.106924 0.295815 958.729
9000 0.10748 0.0999788 0.111172 0.318631 986.106
9100 0.115125 0.109168 0.111092 0.335385 1072.19
9200 0.106659 0.101502 0.120731 0.328893 1015.97
9300 0.0855843 0.0928621 0.127473 0.305919 1034.84
9400 0.0817488 0.0922236 0.121078 0.29505 953.229
9500 0.0823735 0.0978744 0.108741 0.288989 968.735
9600 0.0878825 0.106059 0.115097 0.309038 930.484
9700 0.0812151 0.104515 0.105673 0.291403 1037.55
9800 0.0864353 0.100836 0.112171 0.299443 1031.4
9900 0.0932386 0.0975495 0.116519 0.307307 1012.56
10000 0.0893926 0.0909569 0.130475 0.310824 1045
10100 0.0936842 0.0959935 0.120959 0.310637 964.313
10200 0.0909075 0.102103 0.118374 0.311385 972.618
10300 0.0959418 0.107488 0.120019 0.323449 938.039
10400 0.0998104 0.0979648 0.119055 0.31683 1033.6
10500 0.102172 0.101831 0.129472 0.333475 1015.58
10600 0.103706 0.123085 0.143509 0.3703 1008.6
10700 0.103879 0.121844 0.137436 0.363159 1061.79
10800 0.098694 0.105655 0.134464 0.338813 1034.25
10900 0.0970117 0.110809 0.127576 0.335397 1013.73
11000 0.111318 0.115083 0.125454 0.351855 966.737
11100 0.108172 0.115435 0.122602 0.346209 981.194
11200 0.10978 0.117218 0.122697 0.349695 1019.52
11300 0.122359 0.116129 0.128133 0.366621 1040.71
11400 0.117623 0.106772 0.123302 0.347697 1018.14
11500 0.101709 0.103814 0.128544 0.334067 955.985
11600 0.0943896 0.114257 0.121103 0.329749 969.222
11700 0.100407 0.104516 0.122238 0.327161 918.098
11800 0.0956914 0.0885163 0.114608 0.298815 950.264
11900 0.102203 0.0965294 0.12107 0.319802 1069.2
12000 0.0899394 0.107423 0.119953 0.317315 1055.86
12100 0.0900383 0.0994513 0.11792 0.30741 1093.57
12200 0.0876904 0.0871223 0.120856 0.295669 1022.89
12300 0.0896655 0.0780503 0.11037 0.278086 975.557
12400 0.0931769 0.0751244 0.0999227 0.268224 1018.99
12500 0.0975402 0.06621 0.091953 0.255703 1008.43
12600 0.0959785 0.0739323 0.099746 0.269657 1089.71
12700 0.0843546 0.0750298 0.0944434 0.253828 1077.88
12800 0.070187 0.0832003 0.0842703 0.237658 1074.72
12900 0.078408 0.0971829 0.0818276 0.257418 966.098
13000 0.0956227 0.0824855 0.0970521 0.27516 961.702
13100 0.0822691 0.0782541 0.105319 0.265842 1069.83
13200 0.0797072 0.0776857 0.110386 0.267779 1086.86
13300 0.0839243 0.0896969 0.10858 0.282201 1073.88
13400 0.0862372 0.101743 0.123944 0.311924 1083.97
13500 0.10279 0.110484 0.123214 0.336488 978.726
13600 0.106525 0.112091 0.119276 0.337892 1087.17
13700 0.114637 0.10145 0.122025 0.338112 1028.43
13800 0.112361 0.104037 0.127313 0.343711 1002.41
13900 0.0964739 0.111822 0.122131 0.330426 1060.32
14000 0.103599 0.12209 0.118405 0.344093 1067.52
14100 0.101815 0.112796 0.11077 0.325382 1073.5
14200 0.088673 0.106142 0.109546 0.304361 1120.76
14300 0.0704826 0.101634 0.104255 0.276372 1065.77
14400 0.0660926 0.0967666 0.102077 0.264936 1012.6
14500 0.0638646 0.0790463 0.0948204 0.237731 1008.59
14600 0.0658068 0.0798217 0.0915785 0.237207 1090.09
14700 0.0775998 0.0938103 0.0956847 0.267095 1116.25
14800 0.0763149 0.100387 0.0978104 0.274512 1206.86
14900 0.0752391 0.115844 0.105577 0.29666 1066.13
15000 0.0857021 0.0972866 0.0971839 0.280173 978.904
15100 0.086071 0.0753916 0.0947633 0.256226 1053.57
15200 0.0902964 0.0742622 0.0908873 0.255446 1069.73
15300 0.0805558 0.0735668 0.0788026 0.232925 1059.34
15400 0.0702749 0.0642091 0.07125 0.205734 1148.57
15500 0.0611697 0.0608676 0.0722468 0.194284 1029.25
15600 0.0519165 0.0520312 0.0662887 0.170236 1146.81
15700 0.0522658 0.0659773 0.0697113 0.187954 981.445
15800 0.0505229 0.0616851 0.0761408 0.188349 1058.19
15900 0.053051 0.0563981 0.0771636 0.186613 1104.61
16000 0.063663 0.0609418 0.0711702 0.195775 1044.18
16100 0.0735721 0.0588997 0.0685791 0.201051 1103.41
16200 0.0628511 0.0515054 0.0711416 0.185498 989.375
16300 0.0496589 0.0505209 0.0719165 0.172096 942.016
16400 0.0462161 0.0618183 0.0714328 0.179467 1005.02
16500 0.046451 0.0612506 0.061594 0.169296 1134.31
16600 0.0472381 0.0645206 0.0567843 0.168543 1081.33
16700 0.0461734 0.068545 0.0647744 0.179493 1157.94
16800 0.0552157 0.075401 0.0742782 0.204895 1034.36
16900 0.0600506 0.0691225 0.0959102 0.225083 962.703
17000 0.0733593 0.0580508 0.0956535 0.227064 1013.11
17100 0.0741525 0.0637147 0.081377 0.219244 1104.63
17200 0.0674034 0.0529225 0.0726423 0.192968 1068.3
17300 0.0636904 0.052487 0.0569787 0.173156 1142.49
17400 0.0695241 0.0563657 0.0551506 0.181041 1013.74
17500 0.0702288 0.0589277 0.0607847 0.189941 886.417
17600 0.0591491 0.0595244 0.0633485 0.182022 1030.92
17700 0.0564773 0.0610042 0.0786565 0.196138 1040.83
17800 0.0725087 0.0669 0.0891433 0.228552 1030.67
17900 0.0732373 0.0678255 0.0924112 0.233474 1115.44
18000 0.0807778 0.0690684 0.0696148 0.219461 1126.28
18100 0.0722027 0.0585301 0.0629942 0.193727 1193.06
18200 0.0582095 0.0537764 0.0582411 0.170227 1074.7
18300 0.0449712 0.0561401 0.0678878 0.168999 1103.83
18400 0.0438448 0.0574536 0.0697515 0.17105 989.601
18500 0.0432377 0.0484785 0.0554906 0.147207 1110.75
18600 0.0542709 0.0572729 0.0460899 0.157634 1145.96
18700 0.0515953 0.0507293 0.0563748 0.158699 1117.75
18800 0.056947 0.0528126 0.0606876 0.170447 1160.32
18900 0.0659451 0.0623841 0.076313 0.204642 1131.04
19000 0.0756363 0.0673432 0.0768967 0.219876 1061.05
19100 0.078364 0.0640986 0.0650744 0.207537 1179.68
19200 0.0744258 0.0520929 0.0535094 0.180028 1173.69
19300 0.0689305 0.0555596 0.0536222 0.178112 1136.75
19400 0.0556656 0.0555972 0.0615255 0.172788 1140.22
19500 0.0582048 0.0485099 0.0659972 0.172712 1121.24
19600 0.0573413 0.0492859 0.0653305 0.171958 1068.55
19700 0.0435721 0.0501854 0.0580379 0.151795 1047.89
19800 0.0521863 0.0507047 0.0562469 0.159138 1112.44
19900 0.064177 0.0446156 0.0506333 0.159426 1166.32
20000 0.0650945 0.0650019 0.0667081 0.196804 1044.29
20100 0.0574079 0.0717646 0.0706092 0.199782 1135.77
20200 0.0577138 0.0762767 0.0765758 0.210566 1148.35
20300 0.0524381 0.0848933 0.084507 0.221838 1102.37
20400 0.054536 0.075469 0.082516 0.212521 1118.43
20500 0.0416547 0.0637484 0.0724467 0.17785 1284.79
20600 0.0442977 0.0674564 0.0637941 0.175548 1134.66
20700 0.0539023 0.077027 0.0666126 0.197542 1144.94
20800 0.0719228 0.0696391 0.0646393 0.206201 1116.54
20900 0.068457 0.0635235 0.0670392 0.19902 1115.27
21000 0.067986 0.0671799 0.0836751 0.218841 1133.29
21100 0.06636 0.0745876 0.0818035 0.222751 1198.65
21200 0.0705562 0.0779799 0.0842722 0.232808 1143.66
21300 0.0710921 0.0858699 0.0963065 0.253269 1084.47
21400 0.0678042 0.0861395 0.0912762 0.24522 1129.98
21500 0.0677743 0.0922 0.0922385 0.252213 1086.39
21600 0.0814067 0.103313 0.0934799 0.278199 1175.88
21700 0.0889938 0.106495 0.0812749 0.276764 1134.98
21800 0.090495 0.0947656 0.0876179 0.272878 1288.43
21900 0.0794037 0.102596 0.1027 0.2847 1128.75
22000 0.0883775 0.0875932 0.104199 0.28017 1144.63
22100 0.0961738 0.0759921 0.105777 0.277943 1099.68
22200 0.079349 0.0905935 0.101137 0.27108 1105.86
22300 0.0738103 0.0920381 0.0779351 0.243783 1115.75
22400 0.0629148 0.0645994 0.0735413 0.201056 1262.81
22500 0.072146 0.0681734 0.0794276 0.219747 1058.79
22600 0.0725545 0.0649167 0.0786078 0.216079 1152.11
22700 0.0825631 0.0645833 0.0809567 0.228103 1102.67
22800 0.0853084 0.0690333 0.0861833 0.240525 1159.48
22900 0.0998777 0.0780531 0.0958673 0.273798 1212.62
23000 0.102777 0.101771 0.111064 0.315612 1053.66
23100 0.0927971 0.0960723 0.0899315 0.278801 992.64
23200 0.0749787 0.0835869 0.0777194 0.236285 1066.98
23300 0.0668637 0.0776667 0.0838818 0.228412 1174.03
23400 0.0789105 0.0772667 0.0845632 0.24074 1135.09
23500 0.0883928 0.0925091 0.0963589 0.277261 1168.71
23600 0.0944432 0.122151 0.0983859 0.31498 1126.96
23700 0.114978 0.120864 0.118894 0.354736 1181.42
23800 0.111589 0.112631 0.117418 0.341638 1152.88
23900 0.098298 0.108709 0.123091 0.330098 1135.45
24000 0.0903787 0.114165 0.122876 0.327419 1110.52
24100 0.0894664 0.109262 0.106751 0.30548 1163.59
24200 0.0911378 0.105968 0.10568 0.302786 1150.71
24300 0.0952313 0.114544 0.106116 0.315891 1225.5
24400 0.0927632 0.115247 0.124114 0.332125 1137.25
24500 0.0975851 0.110371 0.104113 0.31207 1073.52
24600 0.106088 0.113449 0.127057 0.346594 1089.74
24700 0.122652 0.123391 0.147518 0.393561 1196.74
24800 0.115886 0.127167 0.154301 0.397353 1234.25
24900 0.120718 0.101061 0.13966 0.361439 1219.52
25000 0.120855 0.101938 0.149696 0.37249 1106.05
25100 0.113351 0.107023 0.138851 0.359225 1134.86
25200 0.0893789 0.112312 0.124134 0.325825 1122.35
25300 0.0861723 0.10825 0.128224 0.322647 1258.59
25400 0.0986425 0.115188 0.140394 0.354224 1271.28
25500 0.0989825 0.110866 0.133582 0.34343 1172.89
25600 0.110555 0.105218 0.115323 0.331096 1124.5
25700 0.109777 0.104569 0.115355 0.329701 1095.1
25800 0.0983964 0.105814 0.1188 0.323011 1181.14
25900 0.110548 0.111967 0.128882 0.351396 1135.79
26000 0.116666 0.0968137 0.142761 0.356241 1270.94
26100 0.105189 0.0988851 0.135877 0.339951 1160.83
26200 0.0936215 0.110171 0.120495 0.324287 1212.01
26300 0.093762 0.120464 0.129754 0.343979 1116.93
26400 0.123207 0.119272 0.12844 0.370918 1124.18
26500 0.120366 0.114522 0.13212 0.367008 1196.69
26600 0.113235 0.12007 0.123548 0.356853 1258.87
26700 0.120778 0.113297 0.132229 0.366303 1115.74
26800 0.113501 0.0979989 0.133209 0.344708 1163.41
26900 0.1309 0.103076 0.130551 0.364527 1194.36
27000 0.121611 0.1088 0.139179 0.36959 1140.56
27100 0.109609 0.12056 0.128015 0.358184 1253.95
27200 0.117323 0.115339 0.120941 0.353602 1239.84
27300 0.100766 0.118139 0.137417 0.356322 1100.98
27400 0.100265 0.124083 0.115975 0.340324 1077.56
27500 0.100125 0.125327 0.129598 0.35505 1024.02
27600 0.107643 0.120622 0.142617 0.370882 1197.02
27700 0.123973 0.115068 0.151688 0.390729 1179.13
27800 0.110621 0.111015 0.137892 0.359527 1274.36
27900 0.12755 0.101758 0.139601 0.368909 1195.81
28000 0.136012 0.100963 0.150931 0.387906 1168.64
28100 0.126267 0.0930276 0.126049 0.345344 1205.15
28200 0.117658 0.100534 0.120038 0.338229 1155.66
28300 0.0995966 0.115853 0.122094 0.337543 1195.88
28400 0.106653 0.126053 0.151894 0.3846 1205.66
28500 0.0992702 0.115431 0.130432 0.345133 1171.86
28600 0.0871314 0.106755 0.140956 0.334843 1204.17
28700 0.10108 0.120922 0.131666 0.353668 1200.89
28800 0.105972 0.117343 0.151275 0.37459 1150.78
28900 0.100397 0.094697 0.128091 0.323185 1157.9
29000 0.106697 0.0935037 0.125978 0.326178 1092.53
29100 0.110501 0.120562 0.138518 0.36958 1119.09
29200 0.129705 0.129113 0.152736 0.411554 1177.46
29300 0.139068 0.114645 0.14591 0.399623 1211.7
29400 0.133168 0.109881 0.148259 0.391308 1242.78
29500 0.139301 0.112662 0.151831 0.403795 1134.09
29600 0.12986 0.118561 0.138521 0.386941 1191.32
29700 0.111228 0.104904 0.132279 0.348411 1100.37
29800 0.102894 0.0983595 0.130484 0.331737 1224.28
29900 0.106848 0.130679 0.135303 0.372831 1183.55
30000 0.11952 0.115957 0.140518 0.375995 1187.19
30100 0.114102 0.108665 0.129095 0.351863 1261.51
30200 0.100371 0.106055 0.119732 0.326158 1178.51
30300 0.0964919 0.108138 0.125303 0.329933 1189.45
30400 0.110636 0.108319 0.137797 0.356753 1164.37
30500 0.116852 0.104376 0.123028 0.344255 1303.67
30600 0.124003 0.102836 0.126665 0.353504 1264.57
30700 0.141537 0.112154 0.132572 0.386264 1162.38
30800 0.138909 0.108017 0.14237 0.389296 1160.15
30900 0.12526 0.121177 0.128162 0.374599 1178
31000 0.116691 0.111447 0.133143 0.361282 1294.51
31100 0.124036 0.115174 0.148439 0.387649 1275.67
31200 0.121285 0.132884 0.148348 0.402517 1223.76
31300 0.109093 0.116855 0.139875 0.365823 1121.14
31400 0.0962142 0.108685 0.126345 0.331244 1244.38
31500 0.101699 0.114474 0.13768 0.353853 1237.33
31600 0.11305 0.114531 0.141791 0.369373 1164.69
31700 0.104861 0.111814 0.137165 0.353839 1203.77
31800 0.111621 0.100034 0.127019 0.338674 1318.94
31900 0.10874 0.106562 0.124792 0.340094 1190.1
32000 0.120547 0.109422 0.119309 0.349279 1182.72
32100 0.10734 0.0970841 0.111478 0.315902 1273.99
32200 0.102462 0.110637 0.125472 0.338571 1317.19
32300 0.125583 0.116603 0.148749 0.390935 1247.38
32400 0.114433 0.121454 0.15232 0.388207 1333.73
32500 0.106997 0.103315 0.126569 0.336881 1278.01
32600 0.101147 0.104031 0.117323 0.322501 1168.4
32700 0.111114 0.0939149 0.0974778 0.302507 1155.38
32800 0.100238 0.0845552 0.114655 0.299448 1196.57
32900 0.104661 0.0903399 0.101929 0.29693 1256.28
33000 0.117975 0.0936702 0.103804 0.315449 1357.49
33100 0.147058 0.105701 0.114119 0.366877 1205.61
33200 0.121828 0.113546 0.110816 0.34619 1374.24
33300 0.111574 0.110453 0.12083 0.342857 1280.95
33400 0.111656 0.106361 0.118225 0.336242 1109.95
33500 0.0953052 0.108212 0.120227 0.323744 1226.18
33600 0.10651 0.0888531 0.110957 0.30632 1244.89
33700 0.109612 0.0979314 0.114034 0.321577 1284.58
33800 0.107988 0.123902 0.11467 0.34656 1294.56
33900 0.113116 0.141447 0.130243 0.384806 1036.95
34000 0.101103 0.129057 0.11684 0.347 1322.73
34100 0.112771 0.0957002 0.112896 0.321368 1408.4
34200 0.125684 0.0937949 0.110015 0.329494 1290.38
34300 0.113401 0.0926519 0.121712 0.327765 1279.99
34400 0.123803 0.101395 0.119178 0.344376 1118.78
34500 0.135063 0.0838709 0.133044 0.351978 1231.39
34600 0.137716 0.0961681 0.145273 0.379157 1274.82
34700 0.119196 0.129656 0.140149 0.389001 1348.97
34800 0.104246 0.108275 0.115162 0.327684 1391.59
34900 0.0883288 0.085611 0.100889 0.274828 1276.49
35000 0.0827957 0.090278 0.0928329 0.265907 1237.97
35100 0.0958753 0.109675 0.0838382 0.289389 1249.19
35200 0.0958629 0.105277 0.0944815 0.295622 1249.21
35300 0.108638 0.0923928 0.0961173 0.297148 1306.55
35400 0.0916623 0.0983828 0.095366 0.285411 1326.73
35500 0.0804681 0.0914825 0.0861707 0.258121 1359.64
35600 0.0586396 0.0763925 0.0732504 0.208283 1370.41
35700 0.0544561 0.062884 0.0715037 0.188844 1263.52
35800 0.0770284 0.0744475 0.0726948 0.224171 1235.72
35900 0.085532 0.0754935 0.0739575 0.234983 1287.51
36000 0.0836395 0.0682244 0.075866 0.22773 1240.12
36100 0.0906372 0.0671444 0.0693565 0.227138 1294.85
36200 0.0848018 0.0662826 0.0751713 0.226256 1330.54
36300 0.0745081 0.067883 0.0749834 0.217375 1192.94
36400 0.0617195 0.0543374 0.0750294 0.191086 1226.59
36500 0.0670718 0.0627197 0.0653374 0.195129 1140.08
36600 0.0678956 0.0689786 0.0614067 0.198281 1237.06
36700 0.0779034 0.072924 0.0653448 0.216172 1378.25
36800 0.0724576 0.0715883 0.0844636 0.228509 1299.51
36900 0.065581 0.0782043 0.0725999 0.216385 1295.17
37000 0.0685878 0.0858674 0.0707863 0.225242 1157.95
37100 0.0664991 0.0868352 0.07946 0.232794 1216.19
37200 0.0646951 0.0781385 0.0799086 0.222742 1250.45
37300 0.0545355 0.0805201 0.0761896 0.211245 1303.58
37400 0.063796 0.0908057 0.074761 0.229363 1392.7
37500 0.073754 0.0803345 0.0769732 0.231062 1285.49
37600 0.0661102 0.0774626 0.080393 0.223966 1257.13
37700 0.067342 0.0721831 0.0801052 0.21963 1238.75
37800 0.0610845 0.0726482 0.0768113 0.210544 1249.59
37900 0.052889 0.0720167 0.0826148 0.207521 1277.7
38000 0.0611664 0.0673308 0.0628578 0.191355 1170.45
38100 0.0560808 0.0528517 0.05228 0.161212 1365.55
38200 0.0515843 0.045811 0.0547615 0.152157 1313.54
38300 0.05865 0.0452264 0.0523184 0.156195 1195.27
38400 0.0526648 0.0549893 0.0604511 0.168105 1202.69
38500 0.054372 0.0576167 0.0599318 0.17192 1226.11
38600 0.049653 0.0644235 0.07586 0.189936 1312.38
38700 0.0577348 0.0745915 0.0732014 0.205528 1280.01
38800 0.0549285 0.0820469 0.0572435 0.194219 1319.65
38900 0.0491895 0.0638159 0.0629313 0.175937 1416.16
39000 0.0555307 0.0545298 0.0728463 0.182907 1326.31
39100 0.0653222 0.0552941 0.0732013 0.193818 1284.61
39200 0.0704382 0.0520881 0.0644851 0.187011 1304.55
39300 0.0642541 0.0477934 0.0566713 0.168719 1295.5
39400 0.0490106 0.0443674 0.0652424 0.15862 1312.85
39500 0.0525326 0.0562445 0.0629843 0.171761 1304.15
39600 0.0595354 0.0624408 0.0775903 0.199566 1375.83
39700 0.063713 0.0764414 0.0708471 0.211002 1330.23
39800 0.0656192 0.0709585 0.0820052 0.218583 1314.48
39900 0.0649935 0.0637042 0.0765688 0.205266 1239.52
40000 0.0602579 0.0606465 0.0807784 0.201683 1248.16
40100 0.068667 0.06595 0.0564515 0.191068 1346.89
40200 0.0726627 0.0671884 0.0618426 0.201694 1394.29
40300 0.081717 0.0595081 0.0614866 0.202712 1301.72
40400 0.0694413 0.0512538 0.0690536 0.189749 1291.18
40500 0.0559662 0.0518799 0.0723093 0.180155 1257.72
40600 0.0630255 0.0606924 0.0872564 0.210974 1174.87
40700 0.0650008 0.0587791 0.0848923 0.208672 1320.97
40800 0.0675966 0.0655807 0.0837902 0.216968 1344.42
40900 0.0677993 0.0723706 0.0875991 0.227769 1300.86
41000 0.0704422 0.058889 0.0820958 0.211427 1348.06
41100 0.0523741 0.0559558 0.0687649 0.177095 1352.02
41200 0.0566354 0.051648 0.0642831 0.172567 1254.16
41300 0.0574769 0.0563629 0.0684389 0.182279 1413.46
41400 0.067863 0.0726297 0.0856133 0.226106 1308.32
41500 0.0615112 0.0753777 0.0778276 0.214717 1326.92
41600 0.0555222 0.0635078 0.0813073 0.200337 1192.55
41700 0.0624133 0.0697749 0.0662699 0.198458 1195.28
41800 0.058422 0.0804341 0.0749509 0.213807 1268.99
41900 0.0618662 0.0766238 0.0837692 0.222259 1327.04
42000 0.0616999 0.0707813 0.0897958 0.222277 1391.55
42100 0.0683531 0.0653193 0.0764297 0.210102 1344.44
42200 0.0693765 0.0580947 0.078004 0.205475 1387.19
42300 0.0685181 0.0651569 0.0724839 0.206159 1240.02
42400 0.0773364 0.0618088 0.0652626 0.204408 1322.46
42500 0.0874304 0.0475503 0.0627931 0.197774 1268.7
42600 0.0650061 0.0531356 0.0618674 0.180009 1335.89
42700 0.0552852 0.0589608 0.0673814 0.181627 1385.6
42800 0.0593233 0.066771 0.068199 0.194293 1371.61
42900 0.0535626 0.0625688 0.0711719 0.187303 1294.31
43000 0.0598832 0.0546788 0.089112 0.203674 1281.16
43100 0.0620625 0.0572918 0.086749 0.206103 1258.96
43200 0.0620172 0.0708899 0.0816485 0.214556 1334.44
43300 0.0658293 0.0752268 0.0827451 0.223801 1299.47
43400 0.047516 0.0544009 0.071761 0.173678 1419.38
43500 0.0631138 0.0517093 0.0674881 0.182311 1452.43
43600 0.0679102 0.0595113 0.0699186 0.19734 1339.83
43700 0.0584409 0.0545399 0.0522464 0.165227 1324.7
43800 0.0615059 0.0590468 0.0592193 0.179772 1297.92
43900 0.0666158 0.0596832 0.0846742 0.210973 1301.09
44000 0.0651522 0.068502 0.0855094 0.219164 1430.25
44100 0.0622659 0.0671224 0.0877979 0.217186 1449.29
44200 0.058688 0.0743675 0.077654 0.210709 1374.13
44300 0.0534823 0.0720188 0.0803653 0.205866 1362.88
44400 0.0605358 0.0716249 0.0768194 0.20898 1232.49
44500 0.0650979 0.0623652 0.0772638 0.204727 1450.01
44600 0.0796064 0.0679768 0.0840012 0.231584 1352.78
44700 0.0770299 0.061757 0.0924278 0.231215 1357.63
44800 0.0724302 0.0690349 0.0895243 0.230989 1352.56
44900 0.0674343 0.0699579 0.0874687 0.224861 1260.85
45000 0.0539793 0.0608783 0.0663033 0.181161 1407.25
45100 0.0488229 0.0737383 0.0567153 0.179276 1400.11
45200 0.0567486 0.0809867 0.0566193 0.194355 1384.18
45300 0.0648424 0.0788659 0.0700788 0.213787 1388.29
45400 0.0801069 0.0720466 0.0836594 0.235813 1241.06
45500 0.10127 0.0703429 0.0693616 0.240975 1315.88
45600 0.111698 0.0638872 0.0761623 0.251748 1304.43
45700 0.13005 0.06458 0.0836665 0.278297 1394.44
45800 0.126164 0.0705342 0.0871457 0.283844 1410.26
45900 0.110273 0.0675434 0.0874006 0.265217 1435.2
46000 0.102533 0.0707048 0.101614 0.274852 1326.89
46100 0.0821763 0.0767721 0.100049 0.258998 1278.7
46200 0.0601967 0.0648381 0.0809288 0.205964 1407.77
46300 0.0550414 0.0513097 0.0701247 0.176476 1454.23
46400 0.06886 0.0624956 0.0672758 0.198631 1463.51
46500 0.086351 0.0731239 0.0766809 0.236156 1466.05
46600 0.0848377 0.0759421 0.0849043 0.245684 1333.27
46700 0.0812718 0.0736038 0.0871718 0.242047 1315.58
46800 0.0719577 0.0795879 0.0886437 0.240189 1284.2
46900 0.0747098 0.0919746 0.0914077 0.258092 1357.47
47000 0.0828759 0.0884611 0.0965387 0.267876 1360.71
47100 0.0885731 0.0861494 0.0909327 0.265655 1332.57
47200 0.0830509 0.0626478 0.0910768 0.236776 1438.63
47300 0.0946452 0.0565859 0.0738241 0.225055 1346.26
47400 0.0874776 0.0557764 0.0768086 0.220063 1339.35
47500 0.0869657 0.0613647 0.0828931 0.231224 1451.12
47600 0.100817 0.0759249 0.0948502 0.271592 1356.34
47700 0.0953075 0.0874792 0.101842 0.284629 1572.9
47800 0.0835094 0.116554 0.102531 0.302595 1434.62
47900 0.0731614 0.099844 0.0843282 0.257334 1369.33
48000 0.0618534 0.0881225 0.0776588 0.227635 1331.46
48100 0.0644626 0.0859476 0.0728842 0.223294 1358.49
48200 0.0735251 0.0842459 0.0807255 0.238496 1367.02
48300 0.0720277 0.067168 0.094803 0.233999 1527.59
48400 0.0808087 0.0784754 0.0913293 0.250613 1485.44
48500 0.0876512 0.101126 0.0977423 0.28652 1363.02
48600 0.0781876 0.110047 0.0925926 0.280827 1394.81
48700 0.0797712 0.106139 0.0890482 0.274958 1273.69
48800 0.0769045 0.0925768 0.0889165 0.258398 1411.44
48900 0.0669042 0.0849087 0.0892243 0.241037 1469.37
49000 0.0675647 0.0822757 0.0857968 0.235637 1496.03
49100 0.073023 0.0849546 0.0795679 0.237545 1474.08
49200 0.0783967 0.0871472 0.0803867 0.245931 1370.26
49300 0.0673385 0.0743482 0.0760285 0.217715 1415.56
49400 0.063871 0.0639387 0.077769 0.205579 1277.58
49500 0.0716673 0.0582585 0.0615267 0.191452 1294.68
49600 0.0700321 0.0565691 0.0619493 0.18855 1367.13
49700 0.083041 0.0589917 0.0678386 0.209871 1478.9
49800 0.0857296 0.0649733 0.0601657 0.210869 1446.42
49900 0.0865196 0.0791166 0.0663584 0.231995 1401.69
50000 0.0866986 0.0872229 0.0828387 0.25676 1422.24
50100 0.0786174 0.0903759 0.0902248 0.259218 1314.5
50200 0.0643345 0.0769555 0.0779642 0.219254 1376.7
50300 0.0598211 0.0569242 0.0622622 0.179007 1450.92
50400 0.0540887 0.0522756 0.0505488 0.156913 1400.79
50500 0.0665083 0.0449769 0.0683111 0.179796 1416.37
50600 0.0677473 0.0696575 0.0771418 0.214547 1388
50700 0.064191 0.0768134 0.0873548 0.228359 1405.52
50800 0.0784596 0.0816422 0.0825067 0.242608 1430.07
50900 0.0714946 0.0852542 0.0944622 0.251211 1448.31
51000 0.076912 0.0983134 0.0915921 0.266818 1380.51
51100 0.0777736 0.108601 0.109201 0.295575 1240.97
51200 0.0935175 0.11396 0.100007 0.307484 1456
51300 0.104664 0.13123 0.113797 0.349692 1368.94
51400 0.112362 0.141135 0.120871 0.374368 1504.38
51500 0.105471 0.136074 0.125125 0.36667 1410.82
51600 0.109899 0.119227 0.123595 0.352721 1355.58
51700 0.110657 0.117 0.11902 0.346677 1308.94
51800 0.0942896 0.109628 0.117029 0.320946 1302.92
51900 0.0716914 0.0916448 0.104555 0.267891 1378.54
52000 0.0868736 0.0910625 0.106664 0.2846 1392.61
52100 0.103257 0.0978144 0.118399 0.31947 1424.87
52200 0.12165 0.120387 0.117804 0.359841 1381.29
52300 0.111803 0.10727 0.113727 0.332799 1552.8
52400 0.116954 0.101094 0.0973178 0.315366 1457.9
52500 0.110883 0.0971034 0.081327 0.289314 1358.42
52600 0.108851 0.0877069 0.0738284 0.270387 1396.59
52700 0.0987426 0.0876492 0.0819639 0.268356 1344.27
52800 0.100463 0.0946169 0.0922318 0.287312 1392.08
52900 0.0898604 0.103831 0.0979261 0.291618 1477.34
53000 0.0832879 0.106724 0.0920718 0.282084 1510.96
53100 0.100453 0.115222 0.10094 0.316614 1296.21
53200 0.100265 0.121959 0.0955377 0.317761 1344.38
53300 0.0747214 0.126141 0.100005 0.300867 1487.69
53400 0.075245 0.118777 0.0958961 0.289918 1440.03
53500 0.0799538 0.10008 0.0989205 0.278954 1562.14
53600 0.106284 0.0829677 0.0987484 0.288 1329.6
53700 0.114839 0.092596 0.0907148 0.298149 1389.41
53800 0.122041 0.0974904 0.105208 0.324739 1474.51
53900 0.141507 0.0866755 0.110085 0.338268 1526.01
54000 0.140532 0.0849814 0.123969 0.349483 1492.39
54100 0.121396 0.0856569 0.123525 0.330578 1504.03
54200 0.107755 0.094922 0.110166 0.312843 1408.34
54300 0.104264 0.100272 0.108717 0.313252 1226.49
54400 0.0948086 0.0909024 0.100367 0.286078 1399.93
54500 0.093776 0.102453 0.10574 0.301969 1438.32
54600 0.125278 0.109381 0.118793 0.353452 1416.54
54700 0.120674 0.117683 0.115563 0.35392 1538.4
54800 0.113122 0.133594 0.129084 0.3758 1488.18
54900 0.109662 0.130052 0.121326 0.36104 1396.99
55000 0.0899914 0.106792 0.109133 0.305916 1379.28
55100 0.0878235 0.0931604 0.11612 0.297104 1462.15
55200 0.10105 0.0909987 0.111658 0.303707 1447.8
55300 0.101929 0.098729 0.0988258 0.299484 1468.24
55400 0.0923485 0.0848976 0.0856009 0.262847 1484.36
55500 0.0744406 0.0777654 0.0708178 0.223024 1456.83
55600 0.063839 0.0752909 0.0839539 0.223084 1462.62
55700 0.0646568 0.087295 0.079521 0.231473 1433.27
55800 0.0814751 0.0969627 0.100185 0.278623 1478.48
55900 0.0910052 0.127845 0.104718 0.323568 1525.71
56000 0.0986656 0.142532 0.132923 0.37412 1473.67
56100 0.092592 0.122972 0.104526 0.32009 1528.94
56200 0.0782854 0.110026 0.101127 0.289438 1541.56
56300 0.086073 0.0945327 0.0928121 0.273418 1543.31
56400 0.0862779 0.0893144 0.0810124 0.256605 1538.3
56500 0.0716965 0.0930412 0.0869978 0.251735 1436.07
56600 0.0721435 0.0995555 0.091295 0.262994 1488.2
56700 0.0673919 0.113652 0.107058 0.288102 1542.14
56800 0.0779187 0.130062 0.124168 0.332149 1554.09
56900 0.101863 0.119344 0.145424 0.366631 1385.12
57000 0.113214 0.109069 0.143771 0.366054 1387.62
57100 0.129695 0.122594 0.140947 0.393236 1362.41
57200 0.109572 0.142378 0.147599 0.399549 1436.62
57300 0.103131 0.132539 0.12976 0.365429 1436.6
57400 0.106521 0.0908524 0.122733 0.320107 1530.57
57500 0.119134 0.11111 0.130175 0.360419 1356.24
57600 0.131546 0.132991 0.137344 0.40188 1469.51
57700 0.124294 0.134734 0.130956 0.389984 1599.92
57800 0.117415 0.16031 0.143809 0.421533 1431.52
57900 0.128973 0.148634 0.146262 0.42387 1405.25
58000 0.112991 0.129796 0.141226 0.384013 1453.89
58100 0.100561 0.116212 0.129382 0.346156 1572.88
58200 0.110954 0.112412 0.136249 0.359615 1507.07
58300 0.120387 0.0985246 0.123679 0.342591 1666.69
58400 0.123177 0.100181 0.136102 0.35946 1415.84
58500 0.0946337 0.107038 0.119481 0.321153 1351.36
58600 0.0882025 0.0944486 0.109874 0.292525 1482.59
58700 0.0875265 0.086925 0.114192 0.288644 1515.35
58800 0.0941682 0.108244 0.122635 0.325047 1434.11
58900 0.0954818 0.10308 0.12351 0.322071 1530.59
59000 0.0991362 0.102124 0.108907 0.310168 1579.11
59100 0.106097 0.107659 0.102242 0.315997 1483.69
59200 0.095679 0.0946508 0.089415 0.279745 1549.78
59300 0.0996665 0.0845831 0.0802174 0.264467 1569.41
59400 0.114172 0.0981184 0.0932186 0.305509 1407.01
59500 0.110129 0.0960894 0.0982281 0.304447 1516.6
59600 0.100201 0.094377 0.0977173 0.292295 1652.58
59700 0.10739 0.0838545 0.0959535 0.287198 1492.52
59800 0.0927573 0.0807993 0.0877187 0.261275 1393.95
59900 0.0747469 0.0631302 0.0782012 0.216078 1518.54
60000 0.0813003 0.0743801 0.0708288 0.226509 1414.11
60100 0.0927247 0.0800039 0.074778 0.247507 1370.52
60200 0.0685672 0.0610183 0.073075 0.20266 1667.83
60300 0.0721728 0.0632437 0.0793805 0.214797 1745.67
60400 0.0741966 0.088851 0.0872454 0.250293 1495.86
60500 0.0832041 0.0961231 0.105275 0.284602 1448.91
60600 0.0861531 0.0969928 0.102646 0.285792 1439.53
60700 0.0902387 0.0940593 0.103085 0.287383 1599.82
60800 0.0840587 0.119866 0.101649 0.305574 1476.41
60900 0.0824124 0.0946235 0.10235 0.279386 1504.9
61000 0.0851072 0.0705893 0.093584 0.24928 1349.32
61100 0.0705187 0.0623463 0.0923199 0.225185 1447.28
61200 0.0836586 0.0806151 0.0788922 0.243166 1509.72
61300 0.0848997 0.0851814 0.0870881 0.257169 1496.79
61400 0.0726178 0.088348 0.0804916 0.241457 1645.35
61500 0.0821605 0.0862583 0.0968092 0.265228 1599.56
61600 0.0794571 0.0886939 0.106111 0.274262 1487.28
61700 0.082567 0.0876183 0.10289 0.273075 1570.03
61800 0.114676 0.0993244 0.114588 0.328589 1629.73
61900 0.129415 0.125527 0.13357 0.388511 1597.89
62000 0.122048 0.135462 0.125775 0.383284 1465.23
62100 0.125759 0.1371 0.128892 0.391752 1420.71
62200 0.107785 0.118754 0.118398 0.344938 1541.33
62300 0.0996846 0.101885 0.114475 0.316045 1525.11
62400 0.109016 0.097327 0.117562 0.323905 1606.17
62500 0.0949022 0.105769 0.125159 0.32583 1545.37
62600 0.108095 0.119482 0.13055 0.358128 1486.89
62700 0.101478 0.144079 0.130022 0.375579 1511.68
62800 0.116229 0.106587 0.111934 0.33475 1451.43
62900 0.132203 0.0893836 0.117642 0.339228 1566.36
63000 0.114907 0.1034 0.122149 0.340457 1506.11
63100 0.105489 0.101723 0.128996 0.336209 1582.49
63200 0.0897597 0.130434 0.124131 0.344324 1453.12
63300 0.100627 0.143579 0.140272 0.384479 1468.59
63400 0.119792 0.11789 0.148517 0.386199 1511.88
63500 0.121238 0.106968 0.130883 0.359088 1499.91
63600 0.114611 0.118258 0.138883 0.371752 1466.76
63700 0.125388 0.13254 0.124776 0.382704 1533.9
63800 0.135996 0.138277 0.124372 0.398645 1525.46
63900 0.128092 0.131338 0.113646 0.373076 1698.98
64000 0.131476 0.122936 0.120073 0.374485 1594.97
64100 0.11844 0.131424 0.126952 0.376817 1560.12
64200 0.124774 0.111154 0.123448 0.359377 1493.19
64300 0.107445 0.109313 0.114581 0.331339 1565.47
64400 0.120709 0.0928245 0.120191 0.333724 1562.86
64500 0.117164 0.105892 0.128454 0.35151 1569.67
64600 0.102117 0.132389 0.13595 0.370455 1573.91
64700 0.0893181 0.145734 0.129465 0.364517 1548.18
64800 0.0876574 0.130835 0.134478 0.35297 1443.93
64900 0.0944553 0.112027 0.107449 0.313932 1598.06
65000 0.112115 0.0970818 0.11165 0.320847 1547.4
65100 0.105872 0.107334 0.120682 0.333888 1667.88
65200 0.12438 0.101712 0.121 0.347092 1663.7
65300 0.131398 0.0989759 0.120219 0.350593 1527.02
65400 0.127105 0.0805321 0.110698 0.318335 1503.23
65500 0.139328 0.071518 0.0953595 0.306206 1446.15
65600 0.113103 0.0579208 0.0777129 0.248737 1643.72
65700 0.0934405 0.0669242 0.0700359 0.230401 1579.21
65800 0.0918724 0.0580666 0.0757528 0.225692 1572.13
65900 0.0779931 0.0544839 0.0695499 0.202027 1634.4
66000 0.0795938 0.0664218 0.0729303 0.218946 1439.14
66100 0.100282 0.087532 0.0937592 0.281573 1438.82
66200 0.125065 0.0974701 0.102671 0.325207 1683.44
66300 0.134508 0.107646 0.113243 0.355398 1590.87
66400 0.106483 0.113445 0.108828 0.328756 1628.31
66500 0.0871217 0.112155 0.111184 0.310461 1580.91
66600 0.0920844 0.100886 0.110253 0.303223 1596.4
66700 0.0755968 0.11179 0.0947357 0.282122 1542.31
66800 0.0598147 0.0980346 0.0993049 0.257154 1678.27
66900 0.0641933 0.0968122 0.100032 0.261038 1641.19
67000 0.0829334 0.101141 0.0977193 0.281793 1631.94
67100 0.0994659 0.113369 0.112462 0.325297 1548.24
67200 0.108748 0.100014 0.100515 0.309277 1618.02
67300 0.101549 0.0967257 0.100201 0.298476 1617.64
67400 0.0983505 0.104652 0.110242 0.313244 1603.58
67500 0.100137 0.10278 0.0848458 0.287763 1678.69
67600 0.0895999 0.0855782 0.0990839 0.274262 1745.82
67700 0.0879464 0.0738734 0.102101 0.26392 1693.46
67800 0.098118 0.0828514 0.124851 0.305821 1483.95
67900 0.110675 0.0885609 0.118967 0.318203 1572.64
68000 0.101795 0.101702 0.101593 0.30509 1580.51
68100 0.100464 0.114675 0.0954848 0.310624 1623.91
68200 0.126685 0.132639 0.100084 0.359409 1624.59
68300 0.119108 0.134244 0.108404 0.361755 1606.1
68400 0.107078 0.117381 0.113049 0.337508 1533.57
68500 0.101966 0.110577 0.10639 0.318933 1482.08
68600 0.0978849 0.110502 0.100146 0.308532 1591.25
68700 0.0885034 0.104599 0.13027 0.323372 1610.55
68800 0.0922901 0.106063 0.137612 0.335964 1677.16
68900 0.100196 0.125407 0.150828 0.37643 1738.38
69000 0.127116 0.124151 0.128359 0.379626 1696.49
69100 0.130726 0.113726 0.136291 0.380743 1594.43
69200 0.127755 0.118193 0.116529 0.362478 1655.91
69300 0.129322 0.114394 0.139871 0.383586 1529.47
69400 0.116868 0.130613 0.125584 0.373065 1640.56
69500 0.118088 0.133108 0.136074 0.38727 1634.5
69600 0.135051 0.121291 0.132492 0.388834 1722.15
69700 0.141727 0.141149 0.133952 0.416829 1618.68
69800 0.115533 0.163265 0.153036 0.431834 1544.06
69900 0.136261 0.145117 0.146057 0.427436 1499.54
70000 0.144727 0.128332 0.148254 0.421312 1677.16
70100 0.129719 0.131705 0.140431 0.401855 1664.63
70200 0.1281 0.115949 0.148286 0.392334 1656.94
70300 0.115478 0.11002 0.125995 0.351492 1611.45
70400 0.112819 0.102122 0.120905 0.335845 1635.37
70500 0.130104 0.117165 0.128919 0.376188 1621.09
70600 0.133255 0.12342 0.138591 0.395266 1635.48
70700 0.148425 0.123267 0.129563 0.401254 1612.68
70800 0.142618 0.130494 0.127868 0.40098 1742.44
70900 0.152302 0.119148 0.127025 0.398475 1671.82
71000 0.174479 0.0928768 0.120956 0.388311 1590.2
71100 0.151413 0.100118 0.125506 0.377037 1560.43
71200 0.150644 0.110375 0.127773 0.388792 1671.19
71300 0.127458 0.126248 0.117235 0.370941 1698.46
71400 0.113583 0.133112 0.10954 0.356235 1728.78
71500 0.123184 0.132448 0.125685 0.381317 1671.56
71600 0.148683 0.132048 0.141084 0.421815 1652.13
71700 0.140186 0.131016 0.141326 0.412528 1658.68
71800 0.113096 0.126185 0.117386 0.356666 1652.69
71900 0.116105 0.116581 0.116456 0.349142 1592.65
72000 0.12517 0.0986107 0.123997 0.347777 1602.14
72100 0.139895 0.0969185 0.122481 0.359294 1562.46
72200 0.139957 0.0860122 0.12321 0.349179 1562.03
72300 0.130194 0.0784729 0.108561 0.317228 1590.9
72400 0.115075 0.0955857 0.126486 0.337147 1621.59
72500 0.119857 0.116103 0.134023 0.369982 1450.92
72600 0.100153 0.115143 0.136572 0.351867 1555.43
72700 0.109399 0.0925239 0.125314 0.327237 1709.98
72800 0.112041 0.091007 0.100522 0.30357 1725.14
72900 0.105494 0.0917659 0.109714 0.306973 1647.52
73000 0.120544 0.102128 0.125829 0.348501 1689.17
73100 0.113709 0.0893469 0.117572 0.320628 1676.81
73200 0.116839 0.0952991 0.10063 0.312769 1598.23
73300 0.108853 0.102352 0.0957683 0.306973 1653.23
73400 0.0808893 0.0996831 0.0766015 0.257174 1671.9
73500 0.058549 0.103382 0.0819113 0.243842 1602.07
73600 0.0528378 0.0875747 0.101989 0.242401 1475.1
73700 0.0535656 0.077856 0.0792127 0.210634 1498.74
73800 0.0654405 0.066312 0.0836613 0.215414 1568.59
73900 0.0873933 0.0709872 0.093221 0.251601 1525.72
74000 0.0861684 0.0663925 0.0800506 0.232612 1575.47
74100 0.0859061 0.0609624 0.0644143 0.211283 1748.61
74200 0.0791482 0.0668311 0.0750704 0.22105 1621.57
74300 0.0630624 0.0658179 0.0845149 0.213395 1747.53
74400 0.0736417 0.0856312 0.0905596 0.249832 1703.79
74500 0.0709334 0.110114 0.0833305 0.264378 1800.42
74600 0.0758396 0.107376 0.0944033 0.277619 1579.07
74700 0.077288 0.0928041 0.0977784 0.26787 1554.11
74800 0.0809868 0.0793615 0.0989776 0.259326 1597.4
74900 0.092435 0.0818979 0.0906448 0.264978 1588.66
75000 0.0982218 0.0928139 0.0831631 0.274199 1660.34
75100 0.0883205 0.0825622 0.0820325 0.252915 1910.25
75200 0.0921741 0.081554 0.0787163 0.252444 1656.21
75300 0.075142 0.0740936 0.0659892 0.215225 1684.84
75400 0.0801887 0.0753015 0.0718457 0.227336 1545.56
75500 0.0962799 0.0706492 0.0893425 0.256272 1677.38
75600 0.10173 0.0810562 0.0929554 0.275742 1727.84
75700 0.104499 0.0971814 0.10977 0.311451 1604.67
75800 0.108789 0.103993 0.123077 0.335859 1897.58
75900 0.110577 0.145669 0.133346 0.389593 1660.44
76000 0.121485 0.13805 0.126974 0.386509 1715.71
76100 0.114382 0.110276 0.115892 0.340551 1746.68
76200 0.113957 0.10743 0.108086 0.329473 1469.37
76300 0.104161 0.0984515 0.114704 0.317316 1528.03
76400 0.0912856 0.109381 0.0973519 0.298018 1756.45
76500 0.0843672 0.09505 0.104102 0.283519 1679.4
76600 0.0923713 0.0973137 0.131049 0.320734 1735.46
76700 0.105327 0.106532 0.144699 0.356558 1635.73
76800 0.124626 0.118424 0.148071 0.391122 1686.47
76900 0.125385 0.139281 0.148353 0.413019 1619.31
77000 0.135927 0.136722 0.146382 0.419031 1498.08
77100 0.131298 0.136705 0.145009 0.413012 1461.41
77200 0.129332 0.129959 0.153503 0.412794 1608.62
77300 0.123177 0.14527 0.153452 0.421899 1719.25
77400 0.112337 0.143279 0.156086 0.411701 1752.85
77500 0.136179 0.16105 0.150959 0.448187 1655.12
77600 0.126731 0.161624 0.149828 0.438182 1613.9
77700 0.110958 0.118498 0.131465 0.360922 1655.17
77800 0.0970067 0.0993393 0.107631 0.303977 1506.73
77900 0.0931913 0.0992906 0.125906 0.318388 1510.3
78000 0.109611 0.105777 0.131391 0.346779 1513.12
78100 0.117435 0.112503 0.136857 0.366795 1795.36
78200 0.125365 0.13504 0.128886 0.389291 1625.67
78300 0.108943 0.13288 0.113497 0.35532 1911.55
78400 0.12466 0.124495 0.117958 0.367114 1638.47
78500 0.091057 0.116211 0.10004 0.307308 1697.94
78600 0.078506 0.109099 0.0987769 0.286382 1541.87
78700 0.0804858 0.105433 0.0846593 0.270578 1710.99
78800 0.0861988 0.106634 0.101024 0.293857 1767.01
78900 0.106755 0.102284 0.097879 0.306918 1814.81
79000 0.107674 0.106191 0.122202 0.336067 1678.65
79100 0.0949327 0.0953539 0.126338 0.316624 1719.55
79200 0.0823255 0.0928238 0.124949 0.300099 1648.31
79300 0.0842341 0.108095 0.104677 0.297005 1641.04
79400 0.111761 0.109399 0.110378 0.331538 1607.35
79500 0.116545 0.101888 0.123431 0.341865 1787.02
79600 0.0988258 0.0831072 0.0968202 0.278753 1855.4
79700 0.0938641 0.0810657 0.0825128 0.257443 1540.33
79800 0.0739758 0.0818454 0.0722332 0.228054 1713.09
79900 0.0775988 0.0765481 0.0771555 0.231302 1691.58
80000 0.0721806 0.0705845 0.0871112 0.229876 1772.04
80100 0.0670209 0.0807829 0.0874491 0.235253 1749.92
80200 0.0698224 0.0980144 0.0919305 0.259767 1800.59
80300 0.0889066 0.0941709 0.0818849 0.264962 1727.44
80400 0.0796488 0.108282 0.0859104 0.273842 1754.89
80500 0.0637962 0.0915026 0.0793965 0.234695 1730.9
80600 0.0781034 0.0749403 0.0865666 0.23961 1622.59
80700 0.0970785 0.0742305 0.086542 0.257851 1545.65
80800 0.0976525 0.0825645 0.0866094 0.266826 1743.03
80900 0.0867902 0.0737337 0.0737281 0.234252 1869.54
81000 0.0828078 0.0775045 0.0653042 0.225617 1681.9
81100 0.084093 0.0756716 0.0828631 0.242628 1732.06
81200 0.0970096 0.066038 0.0914396 0.254487 1611.18
81300 0.0864087 0.0797163 0.0966829 0.262808 1806.91
81400 0.0749196 0.0829842 0.110178 0.268082 1772.45
81500 0.0738108 0.0892773 0.0891876 0.252276 2004
81600 0.07582 0.0932817 0.0923317 0.261433 1791.38
81700 0.0779603 0.0863478 0.0689934 0.233301 1739.7
81800 0.0688452 0.0784663 0.0717776 0.219089 1753.69
81900 0.07389 0.0691666 0.0814148 0.224471 1690.19
82000 0.0783457 0.0806488 0.0802656 0.23926 1733.38
82100 0.0791807 0.0882703 0.0939131 0.261364 1877.57
82200 0.0900714 0.0865601 0.100884 0.277515 1872.13
82300 0.0777798 0.0693325 0.0930848 0.240197 1762.93
82400 0.0762492 0.0693907 0.0754467 0.221087 1750.12
82500 0.0792447 0.0722713 0.0806521 0.232168 1797.03
82600 0.0626114 0.0723112 0.0869439 0.221866 1626.51
82700 0.0616917 0.071029 0.0806191 0.21334 1718.3
82800 0.080761 0.0751276 0.0766016 0.23249 1867.74
82900 0.0801891 0.0784997 0.0820313 0.24072 1844.82
83000 0.0779587 0.0924457 0.0676559 0.23806 1817.59
83100 0.075661 0.0758801 0.0722834 0.223825 1778.91
83200 0.0802978 0.0638916 0.0778791 0.222069 1646.6
83300 0.0918348 0.0670571 0.0804591 0.239351 1586.48
83400 0.0907492 0.0871277 0.0883908 0.266268 1685.04
83500 0.10968 0.103875 0.0957554 0.30931 1744.3
83600 0.106112 0.0963841 0.102434 0.30493 1859.47
83700 0.110273 0.0926356 0.121345 0.324253 1840.2
83800 0.132759 0.10696 0.115724 0.355443 1712.17
83900 0.135375 0.113149 0.110732 0.359257 1717.19
84000 0.118409 0.115663 0.111738 0.34581 1691.88
84100 0.101531 0.109428 0.120299 0.331257 1752.49
84200 0.112733 0.121549 0.135171 0.369453 1713.34
84300 0.127818 0.131221 0.135645 0.394685 1825
84400 0.123508 0.142927 0.147148 0.413584 1808.9
84500 0.123245 0.13188 0.138874 0.394 1888.95
84600 0.117852 0.131373 0.146784 0.396008 1649.65
84700 0.133614 0.131591 0.147455 0.412661 1643.64
84800 0.113739 0.132195 0.144369 0.390303 1697.34
84900 0.0980549 0.131347 0.13607 0.365473 1631.43
85000 0.101594 0.135105 0.12674 0.363439 1787.75
85100 0.117349 0.129618 0.133015 0.379981 1834.87
85200 0.133571 0.105483 0.130019 0.369072 1730.1
85300 0.129189 0.105367 0.136093 0.370649 1688.08
85400 0.115865 0.110963 0.122666 0.349493 1643.9
85500 0.118855 0.134655 0.142155 0.395666 1701.94
85600 0.139426 0.139216 0.141506 0.420148 1878.5
85700 0.120916 0.123061 0.14159 0.385567 1799.29
85800 0.0998712 0.105342 0.106863 0.312076 1729.54
85900 0.0872369 0.0992345 0.1159 0.302371 1690.02
86000 0.0911111 0.0903501 0.0963172 0.277778 1741.77
86100 0.0808722 0.0836853 0.0913313 0.255889 1685.27
86200 0.0906895 0.077651 0.0917493 0.26009 1795.57
86300 0.108176 0.0816962 0.106103 0.295975 1755.28
86400 0.116393 0.0841572 0.109512 0.310062 1675.15
86500 0.103513 0.0770482 0.0933231 0.273885 1662.87
86600 0.0830934 0.0755713 0.0907827 0.249447 1796.12
86700 0.0833139 0.0775543 0.0985463 0.259414 1699.64
86800 0.0902086 0.0590724 0.0805691 0.22985 1882.9
86900 0.0912325 0.0662374 0.0882673 0.245737 1782.26
87000 0.0613099 0.0945408 0.0709438 0.226795 1689.73
87100 0.074265 0.119433 0.0844805 0.278178 1651.28
87200 0.111188 0.107169 0.0993863 0.317744 1696.81
87300 0.116165 0.125745 0.114578 0.356488 1566.19
87400 0.112859 0.144288 0.111272 0.368419 1668.12
87500 0.115405 0.12587 0.116212 0.357487 1741.28
87600 0.141456 0.120047 0.127053 0.388555 1817.7
87700 0.153388 0.145697 0.123843 0.422928 1574.03
87800 0.120848 0.129529 0.120087 0.370464 1731.15
87900 0.108744 0.10649 0.0992234 0.314458 2054.86
88000 0.112098 0.118805 0.115742 0.346645 1674.7
88100 0.12233 0.118928 0.122564 0.363823 1758.12
88200 0.13371 0.126635 0.146975 0.407321 1784.28
88300 0.138733 0.10822 0.136928 0.383881 1785.03
88400 0.138234 0.110808 0.14854 0.397582 1846.73
88500 0.138806 0.12168 0.133119 0.393605 1832.41
88600 0.149843 0.144733 0.141075 0.435651 1779.67
88700 0.142801 0.133902 0.128769 0.405473 1663.34
88800 0.0962386 0.107763 0.133633 0.337635 1903.52
88900 0.0863702 0.128574 0.137589 0.352533 1729.63
89000 0.077808 0.120281 0.142183 0.340272 1828.75
89100 0.0836098 0.107102 0.105254 0.295965 1894.39
89200 0.0840397 0.109689 0.0819501 0.275679 1925.33
89300 0.0881329 0.102618 0.103716 0.294468 1609.36
89400 0.0814993 0.0833112 0.0770381 0.241849 1665.72
89500 0.0868064 0.061823 0.0772595 0.225889 1855.13
89600 0.0873593 0.0801255 0.0959447 0.263429 1946.26
89700 0.0990072 0.0780637 0.0971766 0.274248 1824.41
89800 0.0896051 0.0851046 0.0896773 0.264387 1746.11
89900 0.0923211 0.0976249 0.105642 0.295588 1731.51
90000 0.0979009 0.0950041 0.112713 0.305618 1734.86
90100 0.0845215 0.0901104 0.116033 0.290665 1784.74
90200 0.0832601 0.104237 0.113834 0.301331 1793.85
90300 0.0725085 0.102294 0.101828 0.27663 1794.96
90400 0.0692858 0.0885613 0.088511 0.246358 1784.57
90500 0.0834205 0.110549 0.09097 0.28494 1768.03
90600 0.0979579 0.117921 0.109263 0.325143 1908.58
90700 0.110421 0.125491 0.110152 0.346063 1759.3
90800 0.114777 0.114744 0.126003 0.355523 1794.7
90900 0.1373 0.113207 0.132137 0.382643 1829.47
91000 0.133018 0.118052 0.117762 0.368832 1805.69
91100 0.134582 0.11476 0.121486 0.370828 1599.27
91200 0.0970077 0.103873 0.10686 0.307741 1847.77
91300 0.0765203 0.0891334 0.096752 0.262406 1850.26
91400 0.0783453 0.0735909 0.0961321 0.248068 1852.09
91500 0.0960072 0.0803819 0.0966895 0.273079 1800.19
91600 0.106512 0.102559 0.104094 0.313165 1617.23
91700 0.119331 0.107816 0.116368 0.343515 1787.23
91800 0.111043 0.140247 0.143833 0.395122 1804.26
91900 0.105893 0.132504 0.135567 0.373963 1992.76
92000 0.142401 0.128001 0.149651 0.420053 1748.61
92100 0.137309 0.115137 0.142265 0.394711 1713.13
92200 0.114468 0.111029 0.11996 0.345456 1736.27
92300 0.103491 0.100563 0.131038 0.335092 1707.13
92400 0.118016 0.0959597 0.148413 0.362388 1837.69
92500 0.117359 0.101315 0.140366 0.35904 1810.07
92600 0.118499 0.113497 0.129873 0.361869 2016.55
92700 0.131389 0.139198 0.143642 0.414229 1837.33
92800 0.134136 0.133418 0.155102 0.422656 1877.51
92900 0.148378 0.10552 0.167298 0.421196 1823.38
93000 0.130546 0.0937312 0.135033 0.359311 1890.51
93100 0.132103 0.117812 0.145033 0.394949 1834.16
93200 0.157338 0.152809 0.148323 0.45847 1743.87
93300 0.129441 0.1475 0.15706 0.434001 1794.21
93400 0.0983373 0.129424 0.153295 0.381056 1975.87
93500 0.0949362 0.0979465 0.126128 0.31901 1929.39
93600 0.0897037 0.0740093 0.11331 0.277024 1791.32
93700 0.0818432 0.0850052 0.0971143 0.263963 1704.36
93800 0.0954719 0.0993531 0.104742 0.299567 1856.5
93900 0.106454 0.107231 0.100522 0.314207 1877.43
94000 0.114814 0.101371 0.111346 0.32753 1952
94100 0.138694 0.114515 0.136177 0.389386 1724.1
94200 0.117497 0.122043 0.141475 0.381016 1885.41
94300 0.109346 0.125156 0.118771 0.353273 1807.29
94400 0.106256 0.102376 0.119986 0.328618 1832.13
94500 0.107108 0.0943326 0.122611 0.324052 1670.71
94600 0.110211 0.0744558 0.114298 0.298965 1739.81
94700 0.11299 0.0854049 0.109514 0.307909 1921.75
94800 0.122265 0.121999 0.131454 0.375719 1828.4
94900 0.111575 0.111697 0.124111 0.347383 1875.21
95000 0.121431 0.0949165 0.122126 0.338474 1791.4
95100 0.113323 0.0987096 0.141833 0.353865 1710.9
95200 0.104967 0.103989 0.152934 0.36189 1710.44
95300 0.102899 0.127205 0.15289 0.382994 1846.67
95400 0.1152 0.134142 0.158514 0.407856 1885.74
95500 0.105564 0.112529 0.148611 0.366703 1870.65
95600 0.0832954 0.106457 0.126261 0.316013 1825.37
95700 0.0989677 0.0862054 0.103715 0.288889 1687.98
95800 0.0991413 0.108388 0.115742 0.323272 1688.15
95900 0.123142 0.12706 0.139289 0.389492 1767.33
96000 0.111679 0.144643 0.135228 0.39155 1887.54
96100 0.114056 0.144681 0.122258 0.380996 1939.66
96200 0.127516 0.130193 0.139695 0.397403 1809.42
96300 0.126731 0.121246 0.126104 0.374081 1861.63
96400 0.115297 0.136246 0.122308 0.373852 1689.12
96500 0.131574 0.112654 0.0947502 0.338979 1837.63
96600 0.150063 0.0982328 0.116088 0.364384 1954.98
96700 0.142575 0.128566 0.137486 0.408627 1764.69
96800 0.130288 0.124955 0.142237 0.39748 2104.61
96900 0.114919 0.132195 0.147078 0.394192 1925.42
97000 0.110719 0.107442 0.14632 0.364481 1883.66
97100 0.0967373 0.110977 0.132352 0.340066 1916.41
97200 0.0971229 0.107053 0.143099 0.347275 1901.19
97300 0.0982635 0.10371 0.136938 0.338911 1864.5
97400 0.0859388 0.110349 0.112587 0.308874 2176.01
97500 0.119841 0.109542 0.102501 0.331884 1838.28
97600 0.127899 0.105093 0.117853 0.350845 1883.23
97700 0.124712 0.0957303 0.115405 0.335847 1809.87
97800 0.0963516 0.0902339 0.099604 0.286189 1881.7
97900 0.0804736 0.0752549 0.0911661 0.246895 2135.71
98000 0.0957494 0.102253 0.0955318 0.293534 1833.18
98100 0.0890264 0.0939561 0.0971697 0.280152 1784.76
98200 0.0756734 0.0708359 0.0752618 0.221771 1923.99
98300 0.0636654 0.0627873 0.0799348 0.206388 1856.62
98400 0.0883925 0.0697574 0.0714593 0.229609 1882.11
98500 0.0966399 0.0757325 0.0775231 0.249895 1759.09
98600 0.105159 0.0852532 0.0866112 0.277023 1814.4
98700 0.111436 0.096502 0.10438 0.312319 1973.09
98800 0.105693 0.13555 0.118196 0.359439 1974.42
98900 0.120758 0.138838 0.133373 0.39297 1838.86
99000 0.118131 0.1115 0.107779 0.33741 1875.96
99100 0.109854 0.0968869 0.109225 0.315966 1842.13
99200 0.0929698 0.081303 0.108265 0.282538 1847.72
99300 0.0884949 0.0950805 0.101473 0.285048 1905.83
99400 0.102511 0.127631 0.119293 0.349435 1883.95
99500 0.118835 0.107537 0.122214 0.348586 1887.51
99600 0.107154 0.0991998 0.114242 0.320595 1957.78
99700 0.113834 0.105664 0.130029 0.349528 1854.56
99800 0.10187 0.109116 0.135564 0.34655 1779.1
99900 0.105184 0.104903 0.119413 0.3295 1855.12
100000 0.121697 0.106123 0.123468 0.351289 1824.18
100100 0.128055 0.120035 0.120873 0.368963 1874.72
100200 0.116729 0.135339 0.125087 0.377155 1920.22
100300 0.112112 0.135669 0.125831 0.373612 2158.33
100400 0.104284 0.124943 0.123108 0.352335 2057.34
100500 0.112183 0.110776 0.135444 0.358403 1878.14
100600 0.0946974 0.0973226 0.114118 0.306138 1905.57
100700 0.0639127 0.104211 0.102096 0.27022 1837.61
100800 0.0746583 0.0960919 0.0839163 0.254666 1791.55
100900 0.0884753 0.0959792 0.0847355 0.26919 1832.09
101000 0.0823459 0.0948268 0.103764 0.280936 1823.44
101100 0.0936755 0.082148 0.105312 0.281135 1886.77
101200 0.0993271 0.0815547 0.105006 0.285888 2021.77
101300 0.108261 0.0686652 0.102659 0.279585 1910.26
101400 0.105188 0.0631936 0.0971864 0.265568 1838.15
101500 0.112356 0.0801198 0.0783719 0.270848 1759.49
101600 0.126456 0.0825755 0.0808778 0.289909 1847.31
101700 0.0964115 0.0733783 0.0736884 0.243478 1954.14
101800 0.0917516 0.0928583 0.0809703 0.26558 1926.4
101900 0.1164 0.117358 0.108061 0.341819 1908.09
102000 0.141766 0.12474 0.124041 0.390547 1918.28
102100 0.131412 0.115912 0.118428 0.365752 2061.59
102200 0.121801 0.115582 0.119292 0.356676 2092.23
102300 0.143262 0.127028 0.131499 0.40179 1909.26
102400 0.116489 0.127403 0.140792 0.384684 1846.43
102500 0.110045 0.120607 0.112983 0.343635 1891.62
102600 0.127655 0.114674 0.127987 0.370317 1980.83
102700 0.137281 0.119558 0.126396 0.383235 1994.72
102800 0.138733 0.107485 0.131497 0.377715 2117.55
102900 0.152213 0.111884 0.129253 0.39335 2012.41
103000 0.140631 0.110464 0.120447 0.371542 1927.27
103100 0.136812 0.116129 0.141614 0.394556 1912.18
103200 0.140816 0.120114 0.148154 0.409084 1929.04
103300 0.126723 0.133713 0.146961 0.407396 1843.32
103400 0.121201 0.127227 0.123113 0.371541 1980.53
103500 0.124864 0.120497 0.12892 0.37428 2042.91
103600 0.1243 0.133294 0.124335 0.381929 1867.12
103700 0.1229 0.151076 0.127182 0.401159 1779.57
103800 0.118727 0.158426 0.128177 0.40533 1946.97
103900 0.123811 0.158834 0.125325 0.407971 1964.41
104000 0.117459 0.132956 0.117537 0.367953 1981.72
104100 0.105486 0.116107 0.115805 0.337398 2014.25
104200 0.0985902 0.128183 0.11499 0.341763 2015.06
104300 0.102137 0.107507 0.139195 0.348839 1813.01
104400 0.12132 0.0987832 0.138103 0.358206 1869.5
104500 0.136238 0.11985 0.126991 0.383079 1930.9
104600 0.129024 0.113489 0.133708 0.376221 1986.19
104700 0.117378 0.125385 0.139623 0.382386 1920.59
104800 0.113404 0.130099 0.139657 0.38316 1966.81
104900 0.140427 0.125756 0.127758 0.393941 1888.12
105000 0.135035 0.131916 0.141527 0.408478 1937.17
105100 0.144658 0.142077 0.14748 0.434216 1926.35
105200 0.160488 0.1391 0.154828 0.454416 1960.57
105300 0.140019 0.133595 0.136069 0.409683 2107.18
105400 0.115453 0.143907 0.130607 0.389968 1919.2
105500 0.0772626 0.141965 0.13344 0.352668 1968.06
105600 0.118986 0.13434 0.146584 0.39991 1925.46
105700 0.129026 0.126167 0.142255 0.397448 1871.22
105800 0.142044 0.110635 0.118008 0.370687 2028.93
105900 0.148831 0.135171 0.116502 0.400505 2107.6
106000 0.155474 0.144674 0.148565 0.448713 1936.25
106100 0.146978 0.127546 0.155247 0.429771 1954.51
106200 0.133177 0.10783 0.143937 0.384944 2028.34
106300 0.148836 0.10872 0.152444 0.410001 1895.24
106400 0.177841 0.166833 0.153759 0.498433 1993.97
106500 0.191741 0.173273 0.164251 0.529265 1942.45
106600 0.168247 0.143138 0.141364 0.452748 2023.14
106700 0.161819 0.115162 0.133746 0.410727 1976.91
106800 0.11929 0.122193 0.132059 0.373542 2003.4
106900 0.0953265 0.131773 0.129047 0.356147 1975.59
107000 0.106121 0.102101 0.127168 0.33539 2073.08
107100 0.118928 0.0957038 0.130523 0.345154 1978.99
107200 0.112979 0.117043 0.14042 0.370442 1916.3
107300 0.113617 0.13334 0.137329 0.384285 1804.58
107400 0.117547 0.133765 0.141661 0.392974 1820.48
107500 0.155255 0.148322 0.148629 0.452206 1975.97
107600 0.168404 0.148254 0.157726 0.474384 1951.61
107700 0.154403 0.150009 0.155585 0.459997 1997.82
107800 0.149808 0.149325 0.176088 0.475222 1987.87
107900 0.123348 0.134926 0.141658 0.399933 1935.97
108000 0.106285 0.127407 0.112963 0.346656 1919.29
108100 0.106805 0.121111 0.114109 0.342025 1881.73
108200 0.106579 0.120907 0.128926 0.356412 1951.8
108300 0.123713 0.117908 0.122101 0.363722 1885.15
108400 0.134566 0.116679 0.114263 0.365508 2005.93
108500 0.128201 0.0942919 0.12317 0.345662 2097.11
108600 0.10503 0.104964 0.109835 0.319829 1998.34
108700 0.117914 0.113466 0.110112 0.341492 1780.62
108800 0.113603 0.096718 0.121965 0.332286 1916.2
108900 0.102537 0.0930119 0.142195 0.337743 1948.97
109000 0.108476 0.110815 0.131112 0.350403 2016.17
109100 0.113864 0.123458 0.128174 0.365496 2019.26
109200 0.129798 0.12556 0.135355 0.390713 2056.38
109300 0.122475 0.11665 0.119592 0.358716 1814.7
109400 0.139977 0.122766 0.131686 0.394429 1820.94
109500 0.115538 0.1188 0.149727 0.384065 2060.5
109600 0.134975 0.122934 0.156103 0.414012 1953.92
109700 0.109625 0.125689 0.120818 0.356132 2040.66
109800 0.105408 0.128702 0.100271 0.334381 2143.32
109900 0.121922 0.122279 0.110606 0.354807 1922.94
110000 0.124369 0.0995362 0.121303 0.345209 1942.92
110100 0.110192 0.111041 0.0983495 0.319583 2090.95
110200 0.121717 0.12235 0.102977 0.347044 2028.64
110300 0.100251 0.130933 0.115978 0.347161 2006.67
110400 0.0897973 0.111152 0.121808 0.322757 1891.72
110500 0.11977 0.104096 0.120479 0.344345 1914.12
110600 0.146613 0.110569 0.139573 0.396755 2017.01
110700 0.171506 0.119285 0.124628 0.415419 2097.3
110800 0.154683 0.123998 0.13776 0.41644 2070.72
110900 0.120624 0.099483 0.137464 0.357571 2040.05
111000 0.104574 0.100398 0.11123 0.316203 1975.83
111100 0.10547 0.0926914 0.116477 0.314638 1932.77
111200 0.12307 0.104519 0.111493 0.339082 1857.57
111300 0.133955 0.0998856 0.11665 0.35049 1840.88
111400 0.0865366 0.0998925 0.106625 0.293054 2083.03
111500 0.0941052 0.0910938 0.116123 0.301322 1915.72
111600 0.108166 0.078406 0.102889 0.289461 1991.26
111700 0.110947 0.112292 0.102169 0.325407 1902.16
111800 0.0907201 0.118724 0.11611 0.325555 2129.14
111900 0.0976857 0.115894 0.143012 0.356592 2026.83
112000 0.12467 0.102395 0.127532 0.354596 1889.91
112100 0.103697 0.0927386 0.113885 0.31032 1940.52
112200 0.0990404 0.10681 0.116691 0.322541 1840.42
112300 0.11822 0.114708 0.120817 0.353744 1979.42
112400 0.155012 0.144974 0.128067 0.428052 1982.24
112500 0.134506 0.143879 0.132085 0.41047 2162.64
112600 0.13133 0.127797 0.138153 0.39728 2057.89
112700 0.115696 0.123477 0.134143 0.373316 1924.57
112800 0.0996071 0.129675 0.12788 0.357163 2005.98
112900 0.106944 0.119967 0.124592 0.351504 1995.87
113000 0.0812049 0.0895805 0.090914 0.261699 2143.33
113100 0.0815063 0.0721264 0.105139 0.258772 2129.77
113200 0.0755723 0.0692818 0.113387 0.258241 1870.24
113300 0.0661351 0.0705114 0.0734129 0.210059 2052.03
113400 0.0672064 0.0839563 0.065916 0.217079 2139.66
113500 0.109712 0.100823 0.0893581 0.299893 2170.96
113600 0.114676 0.0998942 0.106021 0.320591 2058.85
113700 0.097755 0.0951994 0.105602 0.298556 2130.59
113800 0.105219 0.09194 0.112166 0.309325 1964.51
113900 0.0913381 0.106629 0.118179 0.316146 2039.94
114000 0.109191 0.120434 0.148792 0.378417 1903.82
114100 0.124068 0.132009 0.129038 0.385115 2053.05
114200 0.114578 0.114108 0.119191 0.347877 2156.65
114300 0.089468 0.111552 0.103542 0.304562 2135.1
114400 0.0825739 0.097 0.121692 0.301266 2024.49
114500 0.0936612 0.107962 0.104258 0.305881 1969.57
114600 0.105092 0.0979724 0.138775 0.341839 1919.43
114700 0.139721 0.105653 0.138011 0.383385 2159.05
114800 0.125253 0.121117 0.134153 0.380524 2117.88
114900 0.120354 0.132487 0.107258 0.360099 2139.2
115000 0.120522 0.117104 0.134852 0.372477 1972.69
115100 0.133452 0.118596 0.119605 0.371653 1980.45
115200 0.124525 0.0993741 0.134904 0.358803 2072.46
115300 0.118238 0.122249 0.144928 0.385415 2145.08
115400 0.126096 0.12016 0.123546 0.369802 2242.9
115500 0.131953 0.106136 0.117492 0.35558 1951.24
115600 0.14775 0.112082 0.127445 0.387277 1999.71
115700 0.150045 0.129833 0.151586 0.431463 2003.15
115800 0.154968 0.153381 0.144258 0.452607 2180.39
115900 0.167423 0.15521 0.160396 0.483029 2119.05
116000 0.165168 0.130941 0.160103 0.456213 1999.36
116100 0.145231 0.127356 0.160011 0.432598 1804.79
116200 0.127094 0.113427 0.155984 0.396505 1940.91
116300 0.132908 0.121338 0.154088 0.408334 1789.85
116400 0.118126 0.125776 0.141515 0.385417 2188.84
116500 0.130621 0.144567 0.134343 0.409531 2086.57
116600 0.0972279 0.135087 0.152798 0.385114 2091.04
116700 0.105424 0.111155 0.123805 0.340385 2196.62
116800 0.0975423 0.107127 0.127828 0.332498 1851.62
116900 0.111967 0.100001 0.127353 0.339321 1880.36
117000 0.114658 0.105872 0.114463 0.334993 1936.28
117100 0.103377 0.110135 0.117941 0.331453 2104.23
117200 0.101824 0.106781 0.119847 0.328452 2087.48
117300 0.101302 0.0935188 0.0942023 0.289023 2187.34
117400 0.113703 0.0779863 0.0878513 0.27954 1853.86
117500 0.115307 0.0844663 0.110683 0.310456 1913.49
117600 0.135871 0.10616 0.128786 0.370817 1959.5
117700 0.166369 0.113484 0.137971 0.417824 2118.1
117800 0.175583 0.127785 0.143813 0.447181 2093.06
117900 0.156905 0.163358 0.145187 0.46545 1973.04
118000 0.145586 0.178007 0.147016 0.470609 1968.26
118100 0.142969 0.131523 0.140447 0.414938 1979.48
118200 0.117755 0.132391 0.121777 0.371923 1867.29
118300 0.117362 0.109634 0.121605 0.348602 1994.71
118400 0.1351 0.110724 0.134502 0.380325 1948.62
118500 0.138614 0.11201 0.150064 0.400687 1967.23
118600 0.141385 0.120939 0.118684 0.381007 2203.56
118700 0.151485 0.118641 0.0990883 0.369214 2153.36
118800 0.127047 0.110246 0.0863791 0.323672 2136.61
118900 0.103751 0.111367 0.0764039 0.291522 1900.66
119000 0.0884885 0.100854 0.0862228 0.275565 2163.89
119100 0.104576 0.112709 0.0910201 0.308305 2126.93
119200 0.109934 0.0962715 0.112531 0.318737 2325.24
119300 0.107769 0.0979923 0.115073 0.320834 2295.91
119400 0.107452 0.104561 0.109639 0.321651 2159.37
119500 0.124785 0.110814 0.109257 0.344855 2069.26
119600 0.12219 0.125364 0.112961 0.360515 2081.75
119700 0.133244 0.138699 0.133122 0.405066 1952.63
119800 0.123994 0.118749 0.120303 0.363046 2183.24
119900 0.124419 0.100012 0.141068 0.365499 2300.91
120000 0.157905 0.10751 0.130221 0.395635 2150.43
