# Stress and strain vectors, 333U-50C-48-vasp, positive deformation 2
# eps sig1 sig2 sig3 sig4 sig5 sig6
0 -0 -0 -0 -0 -0 -0
0.02 0.219966808240397 -0.21034028351512 -0.0995802110141958 -0.624205969474733 0.00911652612420881 0.135938098348925
0.0399999999999999 1.03427125053068 1.37634388102002 0.148193803818123 -0.727500778045023 0.297700852351695 0.109558131768025
0.0600000000000001 0.509731072795475 1.10676191550317 0.394150270180415 -0.728013998034833 0.246395792841424 0.0738488527267688
0.08 1.32413602946193 2.64202001036687 0.88386714288678 -0.751505285410472 -0.0575201095491221 0.369841358630569
0.1 1.03401679482756 3.2706620268599 1.21190784198027 -0.625310874329078 -0.252577690864941 0.0220364315810032
0.12 1.23770300859661 2.99224561639653 1.55643589441456 -0.859503178864864 -0.22642986499058 -0.01544978276873
0.14 1.50055914891304 3.80251413971064 1.36218294522135 -0.554176877276341 0.179318228252407 0.172244057749765
0.16 2.13910094065043 4.32562169962749 1.68755727991323 -0.190318284737356 0.280698451669257 0.155311263001876
0.18 1.59549659370665 4.7890164456774 1.55409038553658 -0.386341396015853 0.00489315435863552 -0.19804199411276
0.2 1.34611959332795 4.77948587035584 1.51318578520627 -0.14651912582926 0.0846787622270348 -0.111229633587011
0.22 1.92643747530005 5.06953690418606 1.70549561958158 -0.420445194633536 0.0113615967937429 -0.320228282300229
0.24 1.66642474718375 4.41403218257034 1.47972205752209 -0.632137608834227 0.352595913776425 -0.408338092426842
0.26 1.67393551658637 3.90196924278741 1.32515403874199 -0.501610455219034 0.00737129598934561 -0.227719601531404
0.28 0.477733711987853 2.40542369764422 0.731013423858389 -0.423435097447795 0.320042254590371 -0.651776588435191
0.3 0.509683389872189 0.952370172925405 1.01234412122127 -0.545891748924401 0.37742132478616 -0.79158705891892
0.32 0.757906565769998 0.890817299895533 0.964583616837406 -0.696432230065478 0.166354669995094 -0.543093193019997
0.34 0.67350867873224 1.10192934552816 1.05523091571436 -0.536106356707441 0.160459285787748 -0.37517514237348
0.36 0.459150688593481 1.00923409925528 0.901991670990942 -0.737917561536691 0.142218774819625 -0.249369486160075
0.38 0.94098488471991 1.3095434779696 1.18201156966859 -0.756364214839122 -0.0107601315005459 -0.189596088971364
0.4 0.605732298143637 1.75264910857279 1.16979775382698 -0.811095455003705 0.21231718174827 -0.390151244990473
0.42 0.648644273527573 1.7019812695811 1.3958403255861 -0.918312974830933 0.127497631664027 -0.430471062998922
0.44 0.580735049970625 1.89971282100905 1.09974508329216 -0.742233816152909 -0.0371328384437105 -0.511526206351939
0.46 0.476410375833891 2.06772396542687 1.44645414958123 -0.8377355239757 0.0597739014273928 -0.420946284895806
0.48 0.742486101517938 1.85827296428887 1.59325751153532 -0.895315653300213 0.198949047414154 -0.50694036864981
0.5 0.44188971178459 1.90342394863701 1.21455460498712 -0.977848522781947 -0.00571510772267265 -0.553108627400709
0.52 0.714842286204223 2.40520404027387 1.47052605424952 -0.859475056469078 0.169909985814331 -0.392294592973139
0.54 0.776504946445053 2.33160821943385 1.16709552778747 -0.89849391438239 0.174144535002264 -0.392077790797345
0.56 1.03176886001547 2.84948069796418 1.71809747536372 -0.83745068514961 -0.00640920389776538 -0.453982631124606
0.58 0.919204639327274 2.83914205667867 1.46738739525013 -1.06857354196724 0.0464868300394823 -0.511374980646476
0.6 0.794566841300885 2.81187090754134 1.48495407670901 -0.999975033724215 0.201093001177057 -0.52955771167061
0.62 0.96744508515426 3.23639854541008 1.52073366424648 -0.954729213985399 0.130939959796446 -0.491086501032563
0.64 1.00266215259555 3.41865124400145 1.55887714579405 -0.89745076032681 0.182524595878334 -0.502078248632746
0.66 0.906218103200726 3.4833713085067 1.30810696717016 -0.90235627128789 0.00661931509531401 -0.436558160819172
0.68 1.00353295482726 3.61167615691825 1.39375880830172 -0.96934464612087 0.0390345242356525 -0.450246984532938
0.7 1.15727126088149 3.78822032987486 1.44898532460224 -0.92889810968719 -0.0997174162405994 -0.396005366216738
0.72 1.02591565258897 3.90258175706109 1.36787192835727 -0.796786412108683 -0.0255587157115679 -0.394209882918249
0.74 0.551456826967886 2.14058761890843 0.798978747741437 -0.553743678991911 -0.0308384122831529 -0.207900763289927
0.76 -0.0783445273236124 0.827447687132981 0.287088480964139 -0.205690434627796 -0.0719929283355553 0.0656125755384409
0.78 -0.100795665068039 0.0612875691773313 -0.0418575066563562 0.0626220769279499 -0.150504149545632 0.120737815106567
0.8 0.0716177839076461 0.255360095029355 -0.0996790788524238 -0.0339162729962434 -0.171630664693952 0.0408394039692025
0.82 -0.0936622624585485 0.260477786169001 -0.19512670211558 0.0538007982178122 0.00814517442518607 0.212264025038487
0.84 -0.0735722203171813 0.128859916684516 0.000468828584467725 -0.00784234415242965 -0.177412493593942 0.123722901491669
0.86 -0.0375340182373322 0.304786229796406 4.35807926959588e-05 0.132817798546779 -0.0649181910379526 0.0453958989855724
0.88 0.113585570489525 0.205072385603145 -0.222783768741968 0.157710485694847 0.0323298779848829 0.142879444716541
0.9 0.156343664325462 0.420245862786128 0.118071694456936 0.0187112813520159 0.00828246076960872 -0.0150512349273894
0.92 0.106809991689285 0.244939392430344 -0.181221535119797 0.118151110912366 0.011743821171138 -0.045333298797725
0.94 -0.168658391399739 -0.201493364150753 -0.522531881777177 0.0537112620942753 0.108704482279521 0.0927753823343348
0.96 -0.105230020449274 -0.107946000402354 -0.217818849236115 0.0585540772650226 0.0647166492500977 0.0675522580797371
0.98 0.0825627130125733 0.0842790407582056 -0.189374728330913 -0.0185989075868424 -0.18485079055071 -0.131418543431171
1 0.166309749061526 0.237012422935422 -0.103465301824289 -0.107896601335096 -0.0910863864024041 -0.0374985370119362
