# Time-averaged data for fix myRDF
# TimeStep Number-of-rows
# Row r g1(r) coor1(r) ...
0 100
1 0.025 0 0 0 0 0 0 0 0
2 0.075 0 0 0 0 0 0 0 0
3 0.125 0 0 0 0 0 0 0 0
4 0.175 0 0 0 0 0 0 0 0
5 0.225 0 0 0 0 0 0 0 0
6 0.275 0 0 0 0 0 0 0 0
7 0.325 0 0 0 0 0 0 0 0
8 0.375 0 0 0 0 0 0 0 0
9 0.425 0 0 0 0 0 0 0 0
10 0.475 0 0 0 0 0 0 0 0
11 0.525 0 0 0 0 0 0 0 0
12 0.575 0 0 0 0 0 0 0 0
13 0.625 0 0 0 0 0 0 0 0
14 0.675 0 0 0 0 0 0 0 0
15 0.725 0 0 0 0 0 0 0 0
16 0.775 0 0 0 0 0 0 0 0
17 0.825 0 0 0 0 0 0 0 0
18 0.875 0 0 0 0 0 0 0 0
19 0.925 0 0 0 0 0 0 0 0
20 0.975 0 0 0 0 0 0 0 0
21 1.025 0 0 0 0 0 0 0 0
22 1.075 0 0 0 0 0 0 100.526 3
23 1.125 0 0 0 0 0 0 0 3
24 1.175 0 0 0 0 0 0 0 3
25 1.225 0 0 0 0 0 0 0 3
26 1.275 0 0 0 0 0 0 0 3
27 1.325 0 0 0 0 0 0 0 3
28 1.375 0 0 0 0 0 0 0 3
29 1.425 0 0 0 0 0 0 0 3
30 1.475 0 0 0 0 0 0 0 3
31 1.525 0 0 0 0 0 0 0 3
32 1.575 0 0 0 0 7.5122 0.186813 0 3
33 1.625 0 0 0 0 59.3623 1.75824 0 3
34 1.675 0 0 0 0 5.86064 1.92308 0 3
35 1.725 0 0 0 0 1.10517 1.95604 0 3
36 1.775 0 0 0 0 0.347929 1.96703 0 3
37 1.825 0 0 0 0 0 1.96703 0 3
38 1.875 0 0 0 0 0 1.96703 0 3
39 1.925 0 0 0 0 0.887465 2 0 3
40 1.975 0 0 0 0 0 2 0 3
41 2.025 0 0 1.10576 0.0454545 0 2 0 3
42 2.075 0 0 13.6905 0.636364 0 2 0 3
43 2.125 0 0 5.5228 0.886364 0 2 0 3
44 2.175 0 0 2.39628 1 0 2 0 3
45 2.225 0 0 0 1 0 2 0 3
46 2.275 0 0 0 1 0 2 0 3
47 2.325 0 0 0 1 0 2 0 3
48 2.375 0 0 0 1 0 2 0.156047 3.02273
49 2.425 0 0 0 1 0 2 0 3.02273
50 2.475 0 0 0 1 0 2 0 3.02273
51 2.525 0 0 0 1 0 2 0.82835 3.15909
52 2.575 0 0 0 1 0 2 0.929243 3.31818
53 2.625 0 0 0 1 0 2 0.894182 3.47727
54 2.675 0 0 0 1 0 2 1.10709 3.68182
55 2.725 0 0 0 1 0 2 0.948297 3.86364
56 2.775 0 0 0 1 0 2 0.800129 4.02273
57 2.825 0 0 0 1 0 2 1.98529 4.43182
58 2.875 0 0 0 1 0 2 1.27789 4.70455
59 2.925 0 0 0 1 0.128131 2.01099 1.23458 4.97727
60 2.975 0 0 0 1 0 2.01099 1.79014 5.38636
61 3.025 0.760588 0.0454545 0 1 0 2.01099 1.82765 5.81818
62 3.075 0.736055 0.0909091 0 1 0.231871 2.03297 1.58252 6.20455
63 3.125 1.42538 0.181818 0 1 0 2.03297 1.44215 6.56818
64 3.175 2.76168 0.363636 0.22491 1.02273 0.108747 2.04396 1.4844 6.95455
65 3.225 2.00753 0.5 0.43598 1.06818 0.210803 2.06593 1.3541 7.31818
66 3.275 0.648902 0.545455 0.422769 1.11364 0.204416 2.08791 1.14894 7.63636
67 3.325 1.25907 0.636364 0.615225 1.18182 0.396629 2.13187 1.59235 8.09091
68 3.375 2.44407 0.818182 0.597132 1.25 0.481205 2.18681 1.39097 8.5
69 3.425 4.74647 1.18182 0.38655 1.29545 1.12142 2.31868 0.97547 8.79545
70 3.475 1.72908 1.31818 0.938766 1.40909 0.817036 2.41758 1.38496 9.22727
71 3.525 2.80062 1.54545 0.912324 1.52273 0.441123 2.47253 1.13343 9.59091
72 3.575 2.17827 1.72727 1.24178 1.68182 1.20084 2.62637 1.10195 9.95455
73 3.625 0 1.72727 1.72537 1.90909 1.41821 2.81319 1.3397 10.4091
74 3.675 1.03067 1.81818 1.34299 2.09091 0.892867 2.93407 0.782095 10.6818
75 3.725 1.50478 1.95455 1.79737 2.34091 1.81712 3.18681 0.888113 11
76 3.775 0.976786 2.04545 1.27278 2.52273 1.92316 3.46154 0.864743 11.3182
77 3.825 2.37854 2.27273 1.39469 2.72727 1.94814 3.74725 1.38375 11.8409
78 3.875 1.85405 2.45455 1.35893 2.93182 0.876088 3.87912 1.05517 12.25
79 3.925 3.61422 2.81818 1.32453 3.13636 1.2097 4.06593 1.0856 12.6818
80 3.975 1.76194 3 1.43491 3.36364 1.73451 4.34066 0.501374 12.8864
81 4.025 1.71843 3.18182 1.53943 3.61364 2.30069 4.71429 0.923658 13.2727
82 4.075 0.838261 3.27273 1.50188 3.86364 1.58441 4.97802 1.00715 13.7045
83 4.125 0.818063 3.36364 1.86543 4.18182 1.35295 5.20879 0.724226 14.0227
84 4.175 0.399293 3.40909 2.21124 4.56818 2.83015 5.7033 0.959478 14.4545
85 4.225 0 3.40909 1.27012 4.79545 2.4565 6.14286 1.62725 15.2045
86 4.275 1.52333 3.59091 0.99247 4.97727 2.75928 6.64835 1.25226 15.7955
87 4.325 1.48831 3.77273 1.57569 5.27273 1.64096 6.95604 0.988193 16.2727
88 4.375 2.18173 4.04545 2.60595 5.77273 1.14547 7.17582 0.965735 16.75
89 4.425 1.06635 4.18182 1.62107 6.09091 1.17572 7.40659 1.03394 17.2727
90 4.475 0.695103 4.27273 0.792523 6.25 0.766396 7.56044 1.09888 17.8409
91 4.525 0.339913 4.31818 1.66094 6.59091 0.481855 7.65934 0.988748 18.3636
92 4.575 0.997573 4.45455 1.29987 6.86364 0.628507 7.79121 1.21958 19.0227
93 4.625 0.325374 4.5 2.01386 7.29545 0.71749 7.94505 1.11105 19.6364
94 4.675 1.2738 4.68182 1.03738 7.52273 0.551748 8.06593 1.04714 20.2273
95 4.725 0.935241 4.81818 1.01554 7.75 0.736545 8.23077 0.788536 20.6818
96 4.775 0.610505 4.90909 0.994383 7.97727 0.913521 8.43956 0.772109 21.1364
97 4.825 1.49479 5.13636 0.486941 8.09091 0.800509 8.62637 0.642761 21.5227
98 4.875 0.292858 5.18182 0.763205 8.27273 0.784172 8.81319 1.11114 22.2045
99 4.925 1.14777 5.36364 0.747788 8.45455 0.858723 9.02198 1.12498 22.9091
100 4.975 0.843609 5.5 0.91604 8.68182 0.620089 9.17582 0.782406 23.4091
