# Stress and strain vectors, 333-RV-32, negative deformation 5
# eps sig1 sig2 sig3 sig4 sig5 sig6
0 -0 -0 -0 -0 -0 -0
-0.000200000000000082 -0.503304040067944 -0.175397512383878 -0.414697269073014 -0.243816566558098 -0.482529013906389 -0.106839696779173
-0.000399999999999972 -0.53315509967926 -0.573657196658681 -0.500168520681119 0.0855992439068173 -0.274133406972288 -0.123845432398585
-0.000600000000000134 -0.114884690675452 -0.744263534961214 -0.59526820490846 -0.242979890573006 -0.361083475989089 -0.249594263655691
-0.000800000000000023 -0.566237378669253 -0.580328892093272 -1.15572284872242 -0.271217738385035 -0.351839988081305 -0.225270905084564
-0.000999999999999916 -0.591624963585523 -0.393637699180117 -0.495305642645865 0.0305569534918576 0.094907001113686 -0.747512874878979
-0.00120000000000008 -0.303026402506915 -0.543377722305939 -0.0618008457560634 -0.369320423545914 0.19173680951271 -0.423766150084264
-0.00139999999999997 -0.361576904380352 -0.396948581998374 -0.874310131802644 -0.269934276356551 -0.250619340146993 -0.129650100708657
-0.00160000000000013 -0.0187285746359316 -0.00703389371011226 0.0743268756856328 0.108827966921373 -0.104422842656933 -0.0838906468390073
-0.00180000000000002 -0.269977522484796 -0.580681124854752 -0.549036173047345 -0.296391465612602 -0.0355532775421018 0.0180977218169663
-0.00199999999999992 -0.291428097327356 -0.176798594718216 -0.206952324388571 -0.340295428399765 -0.02340798732703 0.0154780171908338
-0.00220000000000008 -1.09185062158187 -0.62392443712962 -0.593500196641381 -0.125787559358954 0.0860659381806483 -0.292571241603069
-0.00239999999999996 -0.51410423388201 -0.741786010276986 -0.316661758372035 0.209156178125117 -0.00484858660150838 -0.207154423996662
-0.00260000000000013 -0.709460399642611 -0.850840526427692 -0.294161989716861 -0.0476018039345092 0.0139429151707926 -0.316614060504897
-0.00280000000000002 -0.644154963914412 -0.0875292874241234 -0.394851182352528 -0.389372659287232 -0.125366819123305 -0.146723729627126
-0.00299999999999991 -0.131389092134858 -0.146130464582621 -0.652963795178578 0.00232083629161171 0.0887989320932124 -0.166228747620434
-0.00320000000000007 -0.6928860276181 -0.543480208461995 -0.15695419631658 -0.0241843971354199 -0.0740106596069315 0.0680537615113973
-0.00339999999999996 -0.656356901545706 -0.408310682343359 -0.320144218836991 -0.256680204656145 -0.0396830103928373 -0.0682838527956921
-0.00360000000000012 -0.206429331600598 -0.52672103142614 -0.839814287059677 -0.307238281432881 -0.151509066306075 -0.163997134325887
-0.00380000000000002 -0.302319478710644 -0.332675819007897 -0.814039064888711 -0.410197164486188 -0.196786179967226 -0.160967352362499
-0.00399999999999991 -0.0465112039570987 -0.164294916139201 -0.0718946261181202 -0.327345002464823 -0.163998980933139 -0.254363959822056
-0.00420000000000007 -0.235179891305917 -0.323245328534205 -0.436119627782294 -0.280527341596368 -0.185060876054716 -0.321214191516229
-0.00439999999999996 -0.163413896956966 -0.804064958224623 -0.479173124618116 0.259955777849523 0.0316407004368639 -0.292990971328171
-0.00460000000000012 -0.244999729654791 -0.508213132792916 -0.0616829006784144 -0.236905665405029 -0.528613642580866 -0.270671950244196
-0.00480000000000001 -0.319098398169328 -0.262793763865273 -0.516183747464055 -0.430474526695527 -0.293497709041305 -0.0582585356423666
-0.0049999999999999 -0.71211526867228 -0.595905098863189 -0.981874700871607 -0.0167477362370932 -0.375539241109318 -0.00646252714428423
-0.00520000000000006 -0.132000551086591 -0.225292747806354 -0.68923808959066 -0.368843505462512 -0.21791072680925 0.0935161604723262
-0.00539999999999995 0.031127624205192 -0.400079213812287 0.0824429760919754 -0.294153034792662 -0.237631176441045 0.00471130232387907
-0.00560000000000011 -0.654976133785881 -0.412716224439698 -0.353558730680708 -0.272293413122785 -0.231559357847564 0.044233394304869
-0.00580000000000001 -0.458884746484537 -0.472442433309827 -0.823189274236335 -0.542930862136345 0.0944414588354866 -0.285302449457649
-0.0059999999999999 -0.0789742908867061 -0.178966098545776 0.109887554209634 -0.101221485360285 -0.0480599447783441 -0.176987614145232
-0.00620000000000006 -0.510806624154249 -0.695578852279794 -0.624348883611566 0.144837309511841 -0.149196852613519 0.103779477032735
-0.00639999999999995 -0.582631378286055 -0.752058737368655 -0.901667315244939 -0.0806346240899444 -0.26066887431072 -0.0400281480582242
-0.00660000000000011 -0.197442442565559 -0.430182488673996 -0.476015580587174 -0.248393519159129 -0.0210627217119033 -0.428176559696481
-0.00680000000000001 -0.245705970227985 -0.19910912214505 -0.527287767982027 -0.394239043418831 0.218421194427945 -0.21731661797471
-0.00699999999999989 -0.487136019141468 -0.426278585223713 -0.887022031599094 -0.217118547622528 -0.0322344779680076 -0.319879696623581
-0.00720000000000005 0.078762942651339 0.191963204243397 -0.476390255560963 -0.0618060228486252 -0.171124879025893 -0.278199899995825
-0.00739999999999995 -0.54072237017752 -0.637451179470851 -0.396028789768908 -0.182520773338894 -0.0150513613653342 -0.478156445237583
-0.00760000000000011 -0.648810789833659 -0.277116062843333 -0.292136141060472 -0.149006726831858 -0.120436432229834 -0.435188972929069
-0.0078 -0.397706090886862 0.0771973739503598 -0.722417383170325 -0.259386246743676 -0.419913512630995 -0.563378432200015
-0.00799999999999992 -0.46639609134251 -0.77382250623515 -0.919688450539539 -0.339364317145081 -0.341705527798275 -0.223243292744452
-0.00820000000000008 -0.47784740705316 -0.376348993433349 -1.04828508027246 -0.300938538543977 -0.169032795674728 -0.158310318781
-0.00839999999999992 -0.456112776536322 -0.447994944884014 -0.672606714543692 -0.224668483469775 -0.241210855295154 -0.0881236379519645
-0.00860000000000008 -0.444733140843161 -0.135647072538418 -0.659201882737662 -0.13452617928603 -0.00347867702665966 -0.468550107797094
-0.0088 -0.589416040162213 0.0206690469983028 -0.578169300822637 -0.14198122534144 0.0167505025729777 -0.371558082468129
-0.00899999999999992 -0.925706884844548 -0.672465761036226 -1.06298528097919 -0.290087874693819 -0.319316318794678 -0.462013128220062
-0.00920000000000008 -0.673261827611015 -0.551310621073595 -0.529721964900534 -0.364886774556972 -0.0469048172578452 0.0107652672058443
-0.00939999999999992 -0.453666193707437 -0.284529788681391 -0.59118638434052 -0.241542776252704 -0.28188021349193 -0.218365737989147
-0.00960000000000008 -0.172537105520591 -0.358242763710261 -0.708780030254656 -0.150866281233889 -0.135173911209889 -0.34364023579372
-0.0098 -0.643281092955882 -0.155242701510322 -0.886721621748153 -0.0131702877174848 0.163966996723021 -0.361231433132759
-0.00999999999999985 -0.353385521659258 -0.879261599269748 -0.78936927709995 0.0410009476821328 -0.0831929521453973 -0.307978960772117
-0.0102000000000001 -0.365935043449029 -0.398438583163157 -0.746367799211903 -0.0543809233444516 -0.24840905468019 -0.265720659348017
-0.0103999999999999 -0.86465557766405 -0.576487875860733 -0.942066705391232 -0.414753481005492 -0.259696419829166 -0.169557631907476
-0.0106000000000001 -0.141828031898478 -0.580230049579971 -0.494987714255119 -0.210574879197986 -0.370547749529983 -0.458818948914075
-0.0108 -0.420607859158972 -0.330890920120299 -0.765838425516456 -0.0268659747210019 -0.193390142572685 -0.309925376518802
-0.0109999999999998 -0.2304484725833 -0.275212613642216 -0.893890120328079 0.0317710599535941 -0.0504879918041712 -0.565509259366186
-0.0112000000000001 -0.295757007627071 -0.272994978031521 -0.518194265445096 -0.462599566412513 -0.268755755110564 -0.645734604219763
-0.0113999999999999 -0.328366911658237 0.0285267547898402 -0.430965728437084 -0.245428906094947 -0.0541156179198933 0.0482354613479082
-0.0116000000000001 -0.444728262942075 -0.364332841636043 -1.13333687942815 -0.230316379614643 -0.256069704284806 -0.177902079967776
-0.0118 -0.156085881609486 -0.0189120698270625 -0.717889992322022 -0.673787127849136 -0.229887109052434 -0.366445488044842
-0.0119999999999998 -0.74869480013809 -0.478244016447527 -0.647222577233978 0.0523069180503976 -0.054337001265884 -0.325298160325454
-0.0122000000000001 -0.151372271141712 -0.267938598447741 -0.125091844365385 -0.188817933446487 -0.119795582674375 -0.421176756849595
-0.0123999999999999 -0.799804512806914 -0.55733252234954 -1.18166606665256 0.0852250113994754 -0.403700898615719 -0.256833866977791
-0.0126000000000001 -0.190759047549636 -0.149715265611339 -0.430951683889261 0.0325661473510162 -0.253658372009065 -0.168835316614874
-0.0128 -0.919499795212054 -0.70209149742076 -1.04252424958591 -0.108040340292564 -0.353801689348747 -0.376160385354403
-0.0129999999999998 -0.695249251439776 -0.686591980868702 -0.63936472252755 0.0166765134715832 -0.237982068310259 -0.403034268817427
-0.0132 -0.639966213387788 -0.554038450968371 -0.432571995417813 -0.134005133610655 -0.436661943440377 -0.172811528339649
-0.0133999999999999 -0.273697087695803 -0.747025255416565 -1.22844758729652 0.121648242501201 -0.128105675401632 -0.284641992291178
-0.0136000000000001 -0.644258240217443 -0.0630807146169709 -0.904409553738437 0.0523069304785706 -0.133547673290175 -0.149495963634035
-0.0138 -0.144021339072601 -0.461857378697926 -0.338301548585795 -0.011638559862804 -0.270733844646426 0.0690242945599735
-0.0139999999999998 -0.319633307963334 -0.298380036708115 -0.346232585395697 -0.0300817565601797 -0.00820615234710084 -0.296412917219465
-0.0142 -0.581714855748808 -0.771965540352983 -0.806596232368356 -0.0578529494781404 -0.0197624737462854 -0.375283800035583
-0.0143999999999999 -0.169949011257088 0.0733536452768903 -0.341963302037843 -0.0287493165644928 -0.255707028682514 -0.193062888463925
-0.0146000000000001 -0.276289840495684 -0.387078154018345 -0.562407229148537 -0.0804859033169673 -0.0145303291927738 0.000985938144201879
-0.0148 -0.162257222104139 -0.68444624488575 -0.940261068711404 0.0835475965300235 -0.51965202446977 -0.473207650942474
-0.0149999999999998 0.0219865960642939 -0.563006358930656 -0.560426802003554 -0.113173000107077 -0.259211821025876 -0.274792596045881
-0.0152 -0.0379388630113384 0.0381991420513906 -0.648146748865296 -0.180174586825896 -0.242255893033335 -0.461437824142333
-0.0153999999999999 -0.402929383610877 -0.543169191212798 -0.580554476475417 -0.0874231930820531 -0.365364340514281 -0.261151669527526
-0.0156000000000001 0.102786007909182 -0.493939670361108 -0.690531504871895 -0.164796414388427 -0.569696606180567 -0.446179893258915
-0.0158 -0.717549765801086 -0.292854198128227 -0.658618910259845 -0.0768970591698197 -0.231689857867476 -0.199106711277634
-0.0160000000000002 -0.480354430160201 -0.559079463468289 -0.84843126345586 -0.0604069349900851 -0.0314634949818284 -0.348868418257072
-0.0162 -0.608109247890985 -0.601739732296865 -0.500742842184644 0.0320942300372449 0.00525767697788725 -0.386328381341055
-0.0163999999999999 -0.612083364315777 -0.818998674383235 -0.582142488511997 -0.0646050092278768 -0.112754296256288 -0.51573772002776
-0.0166000000000001 0.136232937028347 0.19999917644357 -0.353351469819009 -0.24356277442806 -0.00711468806769004 -0.202418034570145
-0.0168 -0.415620429353162 -0.703218113689175 -0.593471268542874 0.143178678668621 -0.289460757181673 -0.257794584915895
-0.0170000000000002 -0.676255280374498 -0.467660962411301 -0.668367332784638 -0.153211356931933 0.0824914806245414 -0.337976859501099
-0.0172 -0.303977684809065 -0.349471449854731 -0.435046969915591 0.317268084804585 -0.13484005616327 -0.152571401177899
-0.0173999999999999 -0.548613830405564 -0.594114073946978 -0.519220286176311 0.151703394609124 -0.36732873999147 -0.0518962961266702
-0.0176000000000001 0.194134544829962 -0.0684080632024154 -0.587191072856504 -0.395205357152009 -0.0584099914455152 -0.0790651701804622
-0.0178 -0.768840285920831 -0.745180531497655 -0.574104658845451 -0.191447275125341 -0.348751370224864 -0.27349778098899
-0.0180000000000002 -0.310467620432426 -0.454125335015282 -0.771378228740601 -0.224888837810232 -0.067672462045985 -0.496010212120417
-0.0182 -0.349885944887687 -0.350653068835765 -0.659112740401966 -0.0849544717578301 -0.0189918271172529 -0.213023590344545
-0.0183999999999999 -0.7730963944357 -0.497347429437732 -0.662089119863586 0.161161278823804 -0.332475358631911 -0.523362466067266
-0.0186000000000001 -0.315321381592169 -0.451869823504439 -0.992645766465544 -0.113455548828214 0.0715639841349724 -0.201656527715182
-0.0188 -0.172959786698154 -0.247884844660455 -0.546460634330311 -0.115500959357157 -0.375404251658309 -0.597746585365584
-0.0190000000000002 -0.701608680045863 -0.603602705782433 -0.82507689801535 -0.116797417726989 -0.457467164190653 -0.29584924288996
-0.0192 -0.427919054401992 -0.0865853005157486 -0.488050419145194 -0.260216002590612 -0.487942643567931 -0.415246695339078
-0.0193999999999999 -0.262865410102186 -0.476157349736194 -0.758134927417009 -0.389100422233359 -0.475958959894546 -0.374391286917187
-0.0196000000000001 0.182565680310242 -0.22701899588699 -0.34256959244645 -0.20888585145869 -0.350269713929182 -0.391054287192751
-0.0197999999999999 -0.384824313243443 -0.600375324897713 -0.784125516393448 0.0741313215879345 -0.108253637267829 -0.386146220598733
-0.0200000000000002 0.0586391200123905 0.140688434276716 -0.562668332309866 -0.136209724399814 -0.330860845567053 -0.215680381386949
