# Time-averaged data for fix myMSD
# TimeStep MSD_X MSD_Y MSD_Z MSD_Total Temperture
0 3.42126e-30 1.12519e-30 4.02645e-31 4.9491e-30 294.586
100 0.0240842 0.022567 0.0211044 0.0677556 309.144
200 0.0386873 0.0276295 0.0388409 0.105158 294.638
300 0.0438172 0.0376636 0.0594763 0.140957 306.713
400 0.0575052 0.0508407 0.0745312 0.182877 280.498
500 0.0729241 0.0622432 0.0600913 0.195259 313.195
600 0.0842696 0.0612369 0.0576602 0.203167 301.049
700 0.0950436 0.0657106 0.0626037 0.223358 320.106
800 0.0997618 0.0772877 0.0687737 0.245823 308.203
900 0.0961324 0.0841661 0.0762987 0.256597 335.32
1000 0.0947928 0.088652 0.0838281 0.267273 323.591
1100 0.080151 0.0767682 0.0850555 0.241975 318.098
1200 0.0771868 0.0761031 0.0843797 0.23767 329.059
1300 0.0806152 0.0675457 0.0832326 0.231393 301.581
1400 0.0843871 0.075784 0.0801184 0.24029 296.228
1500 0.0786292 0.0604257 0.0720958 0.211151 332.354
1600 0.0897237 0.0681822 0.070155 0.228061 323.346
1700 0.0785286 0.0577121 0.0650519 0.201293 319.058
1800 0.0821261 0.0571038 0.0693583 0.208588 317.562
1900 0.0937418 0.0611985 0.0728489 0.227789 299.336
2000 0.0952345 0.0555964 0.0729088 0.22374 317.892
2100 0.0777672 0.0498278 0.0691116 0.196707 324.69
2200 0.0784835 0.0549278 0.0681606 0.201572 305.532
2300 0.0830318 0.0577566 0.0778576 0.218646 314.612
2400 0.0688725 0.0513334 0.0709735 0.191179 329.127
2500 0.0760913 0.0572436 0.0667758 0.200111 315.733
2600 0.0748819 0.058604 0.0558224 0.189308 302.19
2700 0.0703054 0.0479523 0.0546966 0.172954 323.196
2800 0.0786934 0.0563576 0.0678479 0.202899 318.394
2900 0.0934442 0.0574601 0.0751578 0.226062 325.132
3000 0.101778 0.0668759 0.0754034 0.244057 347.877
3100 0.11198 0.0793668 0.0718615 0.263208 344.612
3200 0.126406 0.0818784 0.0747822 0.283066 319.012
3300 0.134935 0.0817504 0.0797549 0.296441 311.343
3400 0.124662 0.0770189 0.0795827 0.281264 326.932
3500 0.099764 0.0803428 0.0759321 0.256039 335.367
3600 0.100507 0.0672195 0.0786859 0.246412 357.144
3700 0.0828746 0.0702971 0.079251 0.232423 329.351
3800 0.0798701 0.0640864 0.0703474 0.214304 300.881
3900 0.0821521 0.061136 0.0679375 0.211226 314.957
4000 0.0852709 0.0640494 0.0704083 0.219729 338.635
4100 0.0812505 0.0712925 0.0659649 0.218508 351.778
4200 0.0926826 0.0862888 0.0707119 0.249683 331.751
4300 0.110715 0.0825043 0.0599576 0.253177 350.609
4400 0.139418 0.0751073 0.0712731 0.285799 362.286
4500 0.133238 0.0735783 0.0800655 0.286882 351.853
4600 0.114935 0.080289 0.0801591 0.275383 340.135
4700 0.103801 0.0842445 0.0792838 0.267329 339.386
4800 0.0922765 0.0843687 0.0859029 0.262548 347.103
4900 0.0934769 0.0735563 0.0787637 0.245797 369.762
5000 0.088221 0.0720418 0.0710378 0.231301 350.288
5100 0.0785009 0.0695157 0.0713104 0.219327 338.3
5200 0.0736717 0.077131 0.0683336 0.219136 339.066
5300 0.0788878 0.0791885 0.0640197 0.222096 336.478
5400 0.0841047 0.0748445 0.0718836 0.230833 348.021
5500 0.0922242 0.0781499 0.0885538 0.258928 349.782
5600 0.094897 0.086022 0.0846517 0.265571 358.445
5700 0.106422 0.0935624 0.0982202 0.298204 362.41
5800 0.125845 0.0942507 0.0939333 0.314029 336.774
5900 0.134298 0.0898757 0.0926321 0.316806 323.81
6000 0.13305 0.0901653 0.0934764 0.316691 327.957
6100 0.122033 0.0920002 0.0860188 0.300052 349.65
6200 0.1324 0.0990996 0.0907037 0.322204 346.276
6300 0.121417 0.0956615 0.092612 0.309691 343.945
6400 0.104899 0.0791707 0.0962274 0.280297 375.358
6500 0.0880272 0.0779204 0.0894066 0.255354 351.375
6600 0.0934016 0.0772984 0.0863822 0.257082 348.687
6700 0.0827559 0.069248 0.0854406 0.237445 353.757
6800 0.0857117 0.0807913 0.0856475 0.252151 348.944
6900 0.0974361 0.0802026 0.0994118 0.277051 367.908
7000 0.112611 0.0842435 0.0934761 0.290331 377.181
7100 0.119563 0.0874144 0.0897951 0.296773 386.803
7200 0.127224 0.0841676 0.0861064 0.297498 401.84
7300 0.137927 0.100622 0.0944189 0.332968 358.266
7400 0.128323 0.0989606 0.0990513 0.326335 388.671
7500 0.121379 0.0848158 0.0930756 0.299271 386.71
7600 0.13503 0.102858 0.0982699 0.336158 408.868
7700 0.142983 0.0999273 0.0952267 0.338137 366.456
7800 0.137845 0.100117 0.105754 0.343716 364.189
7900 0.14092 0.0961186 0.113993 0.351032 368.225
8000 0.12259 0.100863 0.107664 0.331118 398.205
8100 0.10838 0.0940332 0.091692 0.294105 403.434
8200 0.112035 0.0972495 0.0965203 0.305805 381.954
8300 0.113678 0.0966519 0.0918056 0.302135 361.283
8400 0.101793 0.0817124 0.0928766 0.276382 374.126
8500 0.100692 0.0683827 0.0889885 0.258063 389.033
8600 0.106179 0.0815382 0.0913562 0.279073 374.619
8700 0.114111 0.0892616 0.121448 0.32482 386.394
8800 0.116193 0.102323 0.120529 0.339045 386.436
8900 0.121398 0.109314 0.122808 0.35352 372.203
9000 0.120845 0.117274 0.108713 0.346831 382.698
9100 0.116347 0.10671 0.103216 0.326274 398.364
9200 0.116733 0.0997833 0.109086 0.325602 392.884
9300 0.120875 0.0972665 0.106845 0.324986 392.786
9400 0.127952 0.109811 0.113864 0.351627 408.072
9500 0.12331 0.117407 0.11821 0.358927 406.172
9600 0.124739 0.130782 0.146304 0.401825 390.859
9700 0.126476 0.146003 0.151009 0.423488 387.903
9800 0.11701 0.142424 0.136999 0.396433 402.061
9900 0.120844 0.132133 0.125699 0.378677 403.789
10000 0.133305 0.136086 0.1205 0.38989 414.314
10100 0.151978 0.130579 0.113295 0.395852 408.878
10200 0.15633 0.121329 0.115084 0.392743 402.611
10300 0.187327 0.127046 0.129943 0.444316 403.861
10400 0.182724 0.130787 0.137802 0.451314 423.246
10500 0.158827 0.122506 0.128449 0.409782 359.412
10600 0.146423 0.117629 0.134094 0.398146 380.954
10700 0.131108 0.116576 0.126407 0.374091 401.1
10800 0.129439 0.107511 0.115535 0.352485 392.063
10900 0.123866 0.120261 0.12106 0.365187 406.932
11000 0.112084 0.118599 0.139556 0.370239 410.028
11100 0.114337 0.125728 0.139948 0.380013 424.828
11200 0.116732 0.129192 0.166955 0.412879 449.155
11300 0.126031 0.135815 0.158692 0.420539 428.628
11400 0.148847 0.148345 0.154526 0.451717 404.502
11500 0.135075 0.140041 0.146521 0.421636 418.314
11600 0.129342 0.145594 0.13905 0.413987 408.272
11700 0.126826 0.141061 0.146999 0.414886 417.794
11800 0.137102 0.160811 0.178084 0.475997 414.265
11900 0.145304 0.159813 0.156317 0.461433 435.935
12000 0.167502 0.155524 0.150962 0.473988 433.873
12100 0.166665 0.141111 0.144305 0.452082 404.245
12200 0.163538 0.14273 0.151583 0.457851 420.071
12300 0.175084 0.149471 0.142458 0.467012 394.771
12400 0.168691 0.165979 0.153167 0.487837 412.788
12500 0.177105 0.14213 0.150205 0.46944 437.371
12600 0.173007 0.160268 0.162711 0.495986 421.812
12700 0.177621 0.176315 0.16424 0.518176 435.735
12800 0.178514 0.195047 0.192736 0.566297 402.323
12900 0.180325 0.220637 0.186325 0.587288 405.577
13000 0.190677 0.248983 0.213326 0.652986 435.016
13100 0.173932 0.252469 0.237501 0.663902 405.872
13200 0.176063 0.213155 0.238592 0.62781 438.365
13300 0.19825 0.211956 0.241093 0.651298 422.244
13400 0.220537 0.232473 0.246544 0.699555 449.04
13500 0.212141 0.22778 0.225111 0.665033 434.089
13600 0.201191 0.214986 0.232912 0.649088 454.854
13700 0.200062 0.222918 0.22421 0.647189 442.655
13800 0.196646 0.204048 0.248463 0.649157 438.373
13900 0.226793 0.200377 0.235342 0.662512 418.253
14000 0.221921 0.233948 0.247415 0.703284 430.673
14100 0.245339 0.220191 0.274696 0.740225 432.201
14200 0.303734 0.258232 0.277222 0.839188 439.849
14300 0.289192 0.265418 0.284019 0.838629 460.483
14400 0.291818 0.257682 0.278712 0.828213 419.706
14500 0.299466 0.272606 0.267834 0.839906 431.025
14600 0.27396 0.283619 0.27201 0.829589 420.151
14700 0.286943 0.283293 0.310191 0.880426 478.363
14800 0.326249 0.279803 0.336992 0.943044 459.714
14900 0.329067 0.276839 0.350827 0.956733 467.117
15000 0.31162 0.27193 0.378015 0.961566 427.881
15100 0.306853 0.283037 0.394889 0.984779 431.511
15200 0.307374 0.294076 0.358798 0.960248 434.326
15300 0.310217 0.299382 0.331806 0.941405 448.492
15400 0.28314 0.291439 0.326666 0.901245 423.872
15500 0.282718 0.275526 0.30456 0.862804 442.083
15600 0.296822 0.26093 0.304126 0.861878 458.655
15700 0.25598 0.253213 0.309619 0.818812 483.421
15800 0.263191 0.271775 0.309262 0.844227 464.723
15900 0.271629 0.287564 0.327851 0.887044 444.264
16000 0.28678 0.313527 0.338161 0.938468 438.314
16100 0.289253 0.304776 0.360408 0.954437 432.677
16200 0.307528 0.326411 0.345907 0.979846 492.005
16300 0.33072 0.320811 0.353839 1.00537 464.93
16400 0.356592 0.346393 0.356989 1.05997 492.29
16500 0.361092 0.355048 0.403197 1.11934 474.104
16600 0.395486 0.358515 0.41767 1.17167 403.669
16700 0.382564 0.377652 0.412776 1.17299 491.064
16800 0.379995 0.372684 0.381469 1.13415 469.243
16900 0.403617 0.365165 0.388536 1.15732 462.325
17000 0.373509 0.327188 0.370921 1.07162 469.153
17100 0.374351 0.332503 0.361163 1.06802 461.585
17200 0.37109 0.321564 0.36471 1.05736 467.389
17300 0.359743 0.336508 0.374746 1.071 482.261
17400 0.33524 0.344192 0.366767 1.0462 471.798
17500 0.31451 0.350399 0.367179 1.03209 493.555
17600 0.318916 0.33258 0.372327 1.02382 438.111
17700 0.305449 0.360094 0.345755 1.0113 460.571
17800 0.299794 0.367645 0.345035 1.01247 452.621
17900 0.286162 0.331898 0.34997 0.96803 470.459
18000 0.302274 0.32611 0.349427 0.977811 468.496
18100 0.331461 0.32655 0.378676 1.03669 470.684
18200 0.332574 0.313796 0.370126 1.0165 514.483
18300 0.339511 0.341755 0.345862 1.02713 519.336
18400 0.31353 0.337963 0.340043 0.991536 492.995
18500 0.299774 0.326842 0.339806 0.966423 483.361
18600 0.295062 0.33632 0.344955 0.976336 472.322
18700 0.303823 0.32897 0.365436 0.998229 496.308
18800 0.305572 0.328442 0.369332 1.00334 504.165
18900 0.315338 0.307319 0.374481 0.997138 497.468
19000 0.329559 0.314342 0.350687 0.994588 469.353
19100 0.306987 0.320565 0.357808 0.985359 440.844
19200 0.301837 0.312368 0.370406 0.98461 473.243
19300 0.306902 0.340059 0.386487 1.03345 513.956
19400 0.31598 0.345126 0.372237 1.03334 510.191
19500 0.305518 0.323426 0.339729 0.968674 491.299
19600 0.301169 0.313866 0.371247 0.986281 489.472
19700 0.300678 0.317518 0.354519 0.972714 503.019
19800 0.330934 0.339869 0.353336 1.02414 480.39
19900 0.371093 0.350696 0.390483 1.11227 506.703
20000 0.379659 0.395852 0.389314 1.16482 518.017
20100 0.406912 0.409755 0.391514 1.20818 511.312
20200 0.386861 0.409378 0.401571 1.19781 490.084
20300 0.361763 0.412916 0.399539 1.17422 514.907
20400 0.341916 0.385068 0.392711 1.11969 503.46
20500 0.409042 0.38614 0.365508 1.16069 506.565
20600 0.424142 0.382432 0.403835 1.21041 483.093
20700 0.436157 0.398051 0.391329 1.22554 563.262
20800 0.446266 0.402496 0.397263 1.24603 502.039
20900 0.416644 0.407748 0.461878 1.28627 494.979
21000 0.401196 0.413634 0.443141 1.25797 491.651
21100 0.368525 0.391367 0.432259 1.19215 524.389
21200 0.367113 0.365993 0.426994 1.1601 511.079
21300 0.380703 0.372631 0.462721 1.21605 506.275
21400 0.404168 0.367066 0.450893 1.22213 551.723
21500 0.403458 0.38116 0.420192 1.20481 520.802
21600 0.379684 0.380968 0.392952 1.1536 542.077
21700 0.376662 0.377117 0.382525 1.1363 489.856
21800 0.405798 0.395956 0.393107 1.19486 502.794
21900 0.440927 0.400872 0.418739 1.26054 516.31
22000 0.4326 0.413973 0.444409 1.29098 491.241
22100 0.39 0.385758 0.42928 1.20504 530.494
22200 0.348493 0.362748 0.389288 1.10053 515.83
22300 0.344477 0.397463 0.382903 1.12484 493.11
22400 0.338198 0.364727 0.395929 1.09885 498.119
22500 0.345054 0.369665 0.417299 1.13202 483.093
22600 0.358375 0.364119 0.418549 1.14104 497.371
22700 0.34778 0.375208 0.402669 1.12566 552.092
22800 0.336072 0.322275 0.394111 1.05246 540.737
22900 0.343845 0.282982 0.378953 1.00578 493.238
23000 0.362895 0.290323 0.358222 1.01144 558.405
23100 0.3615 0.28073 0.356204 0.998435 551.619
23200 0.393067 0.323052 0.342455 1.05857 524.732
23300 0.421653 0.339482 0.388285 1.14942 496.207
23400 0.428213 0.354861 0.400944 1.18402 500.083
23500 0.421714 0.352421 0.42509 1.19922 529.211
23600 0.401937 0.358187 0.415364 1.17549 544.052
23700 0.39042 0.359265 0.380323 1.13001 518.502
23800 0.363193 0.351574 0.334627 1.04939 567.84
23900 0.359937 0.312036 0.333407 1.00538 531.321
24000 0.328256 0.286401 0.330825 0.945482 516.351
24100 0.363685 0.305766 0.358546 1.028 511.945
24200 0.373563 0.316559 0.371693 1.06181 570.989
24300 0.371724 0.35598 0.402854 1.13056 552.984
24400 0.391106 0.365161 0.442639 1.19891 532.371
24500 0.376465 0.38981 0.428872 1.19515 517.843
24600 0.398942 0.388341 0.432506 1.21979 506.3
24700 0.420779 0.373685 0.463431 1.2579 508.169
24800 0.393298 0.377075 0.447066 1.21744 529.39
24900 0.388644 0.358119 0.441827 1.18859 567.135
25000 0.343094 0.355444 0.401921 1.10046 583.357
25100 0.318354 0.347323 0.393344 1.05902 578.594
25200 0.338708 0.338384 0.396545 1.07364 524.387
25300 0.361039 0.363799 0.410964 1.1358 520.381
25400 0.363428 0.364934 0.413204 1.14157 566.021
25500 0.360281 0.348517 0.396004 1.1048 548.299
25600 0.373543 0.379392 0.432479 1.18541 549.3
25700 0.37705 0.382785 0.42703 1.18686 567.358
25800 0.379501 0.369455 0.44129 1.19025 583.226
25900 0.393285 0.382854 0.457297 1.23344 498.043
26000 0.376319 0.369064 0.467143 1.21253 526.924
26100 0.39696 0.33819 0.446925 1.18207 577.551
26200 0.384883 0.347764 0.423257 1.1559 585.226
26300 0.39394 0.384263 0.432353 1.21056 575.587
26400 0.397572 0.399263 0.439542 1.23638 579.996
26500 0.392549 0.410443 0.415523 1.21851 567.539
26600 0.38136 0.42102 0.41514 1.21752 556.952
26700 0.349469 0.398936 0.450732 1.19914 539.724
26800 0.348493 0.381635 0.442849 1.17298 560.736
26900 0.349097 0.373769 0.451098 1.17396 567.95
27000 0.365262 0.397222 0.447431 1.20992 607.247
27100 0.385777 0.398236 0.437914 1.22193 573.345
27200 0.393945 0.407889 0.441292 1.24313 560.388
27300 0.410391 0.436049 0.478094 1.32453 523.148
27400 0.404331 0.399943 0.508091 1.31236 540.094
27500 0.394433 0.386737 0.490883 1.27205 598.396
27600 0.368758 0.396939 0.460685 1.22638 593.268
27700 0.37565 0.409454 0.480984 1.26609 572.239
27800 0.384267 0.390644 0.484077 1.25899 561.428
27900 0.397189 0.403643 0.484788 1.28562 546.489
28000 0.414294 0.420757 0.51798 1.35303 592.625
28100 0.449221 0.443223 0.523645 1.41609 588.478
28200 0.403869 0.449018 0.512788 1.36567 603.748
28300 0.385763 0.437445 0.499382 1.32259 576.206
28400 0.421688 0.427517 0.501669 1.35087 551.073
28500 0.407616 0.428125 0.512184 1.34792 567.565
28600 0.377046 0.429991 0.490241 1.29728 596.036
28700 0.420153 0.428558 0.533573 1.38228 602.183
28800 0.393996 0.456616 0.534797 1.38541 594.273
28900 0.34833 0.452417 0.521825 1.32257 592.852
29000 0.392069 0.447101 0.536435 1.3756 572.787
29100 0.368646 0.431202 0.522764 1.32261 598.868
29200 0.375173 0.423489 0.472452 1.27111 627.701
29300 0.404951 0.450106 0.483527 1.33858 611.154
29400 0.410753 0.445318 0.508578 1.36465 605.698
29500 0.42495 0.442684 0.531853 1.39949 572.625
29600 0.417506 0.495911 0.519009 1.43243 643.725
29700 0.426381 0.514316 0.480416 1.42111 596.357
29800 0.411541 0.545576 0.501008 1.45813 603.147
29900 0.391454 0.507332 0.526009 1.4248 572.341
30000 0.404535 0.493472 0.491384 1.38939 627.359
30100 0.419728 0.493918 0.512472 1.42612 592.16
30200 0.432846 0.47176 0.534442 1.43905 604.902
30300 0.413014 0.450623 0.516127 1.37976 584.046
30400 0.390123 0.428892 0.48936 1.30837 635.188
30500 0.39379 0.476733 0.487684 1.35821 612.737
30600 0.436662 0.455065 0.483206 1.37493 613.613
30700 0.434191 0.447378 0.510852 1.39242 573.352
30800 0.45755 0.451392 0.478083 1.38702 634.65
30900 0.462383 0.49488 0.475037 1.4323 592.271
31000 0.469789 0.486155 0.473452 1.4294 608.703
31100 0.466328 0.499284 0.525322 1.49093 612.456
31200 0.499556 0.473263 0.485917 1.45874 639.472
31300 0.530472 0.487518 0.484205 1.5022 621.24
31400 0.502036 0.486802 0.482401 1.47124 654.662
31500 0.469067 0.463646 0.490913 1.42363 604.464
31600 0.418372 0.415864 0.504842 1.33908 636.877
31700 0.377348 0.404704 0.468782 1.25083 603.582
31800 0.347425 0.404115 0.461425 1.21297 647.459
31900 0.402857 0.421798 0.435398 1.26005 640.186
32000 0.421952 0.448712 0.463164 1.33383 612.582
32100 0.408403 0.473894 0.482391 1.36469 653.966
32200 0.400614 0.465345 0.459724 1.32568 583.102
32300 0.358499 0.459429 0.489482 1.30741 593.788
32400 0.383205 0.461782 0.484003 1.32899 610.178
32500 0.400207 0.483725 0.467183 1.35111 613.611
32600 0.393524 0.427523 0.493216 1.31426 611.421
32700 0.412254 0.429414 0.475136 1.3168 671.871
32800 0.41371 0.467668 0.485793 1.36717 616.199
32900 0.414492 0.483564 0.489007 1.38706 592.354
33000 0.412128 0.474604 0.482013 1.36874 641.833
33100 0.416313 0.466643 0.471045 1.354 664.134
33200 0.41732 0.463502 0.458142 1.33896 608.091
33300 0.399306 0.429752 0.433497 1.26256 618.015
33400 0.383704 0.447491 0.43322 1.26442 610.714
33500 0.370664 0.449684 0.424404 1.24475 573.875
33600 0.407951 0.460599 0.400781 1.26933 587.121
33700 0.395571 0.485328 0.443392 1.32429 600.019
33800 0.416547 0.447822 0.483542 1.34791 633.086
33900 0.427534 0.411316 0.497639 1.33649 689.288
34000 0.427187 0.457623 0.525886 1.4107 651.32
34100 0.409327 0.48282 0.565586 1.45773 636.92
34200 0.413314 0.471653 0.583284 1.46825 615.702
34300 0.417325 0.488655 0.550406 1.45639 609.62
34400 0.443879 0.512935 0.546631 1.50344 592.003
34500 0.485472 0.495677 0.570235 1.55138 688.657
34600 0.4879 0.482052 0.561977 1.53193 674.335
34700 0.498923 0.467561 0.522095 1.48858 658.697
34800 0.471307 0.47644 0.513014 1.46076 637.451
34900 0.46084 0.473117 0.491129 1.42509 649.661
35000 0.448811 0.478574 0.492266 1.41965 607.383
35100 0.443833 0.508289 0.531992 1.48411 641.145
35200 0.481376 0.50006 0.539555 1.52099 667.399
35300 0.477398 0.493905 0.524691 1.49599 657.125
35400 0.467768 0.507899 0.54813 1.5238 684.865
35500 0.488833 0.496908 0.533971 1.51971 669.189
35600 0.551093 0.478846 0.506632 1.53657 658.319
35700 0.547653 0.52543 0.492173 1.56526 647.904
35800 0.526435 0.493652 0.472956 1.49304 692.328
35900 0.489465 0.460652 0.496392 1.44651 691.308
36000 0.501001 0.436118 0.46137 1.39849 668.936
36100 0.478128 0.455063 0.484164 1.41735 651.638
36200 0.462985 0.457096 0.482522 1.4026 642.86
36300 0.479025 0.44923 0.504284 1.43254 628.252
36400 0.472931 0.472829 0.524104 1.46986 670.201
36500 0.481815 0.492409 0.517981 1.49221 720.973
36600 0.544587 0.494498 0.522503 1.56159 684.309
36700 0.524994 0.486032 0.520669 1.53169 630.581
36800 0.535075 0.440713 0.511701 1.48749 642.706
36900 0.512307 0.419268 0.500451 1.43203 684.526
37000 0.527193 0.472553 0.495398 1.49514 686.889
37100 0.578889 0.474327 0.486246 1.53946 674.398
37200 0.60387 0.458864 0.510334 1.57307 676.973
37300 0.567675 0.496546 0.546469 1.61069 705.85
37400 0.55926 0.527563 0.521863 1.60869 670.997
37500 0.549316 0.488614 0.492181 1.53011 656.218
37600 0.592942 0.504687 0.491734 1.58936 664.022
37700 0.539322 0.458456 0.511693 1.50947 750.143
37800 0.570316 0.459968 0.5059 1.53618 726.441
37900 0.598777 0.49412 0.536524 1.62942 708.058
38000 0.54968 0.493682 0.53362 1.57698 687.72
38100 0.542683 0.493994 0.504782 1.54146 679.826
38200 0.544952 0.522377 0.520397 1.58773 674.48
38300 0.58255 0.529476 0.552304 1.66433 716.405
38400 0.586559 0.553486 0.543384 1.68343 710.916
38500 0.618414 0.517669 0.539555 1.67564 689.353
38600 0.5909 0.458114 0.565211 1.61423 697.257
38700 0.5378 0.461076 0.540385 1.53926 701.139
38800 0.517246 0.49228 0.562075 1.5716 679.055
38900 0.520411 0.452485 0.525846 1.49874 707.828
39000 0.495466 0.429278 0.503021 1.42776 658.686
39100 0.515939 0.463639 0.49804 1.47762 630.35
39200 0.520999 0.488726 0.488645 1.49837 709.437
39300 0.522038 0.460845 0.531043 1.51393 671.485
39400 0.545541 0.493049 0.514337 1.55293 686.368
39500 0.52633 0.50482 0.529917 1.56107 683.345
39600 0.514871 0.524848 0.549242 1.58896 723.515
39700 0.543673 0.53962 0.559927 1.64322 757.627
39800 0.548737 0.520041 0.567548 1.63633 757.45
39900 0.477575 0.493276 0.512684 1.48353 719.572
40000 0.475478 0.495901 0.507747 1.47913 675.472
40100 0.470382 0.517848 0.489621 1.47785 740.001
40200 0.450882 0.477355 0.485146 1.41338 716.54
40300 0.492601 0.466684 0.467089 1.42637 690.065
40400 0.548265 0.480569 0.478558 1.50739 653.98
40500 0.543826 0.491955 0.504144 1.53992 661.269
40600 0.549818 0.494455 0.537996 1.58227 730.876
40700 0.561427 0.484638 0.551679 1.59774 724.872
40800 0.544538 0.495344 0.556614 1.5965 699.086
40900 0.490091 0.535091 0.556941 1.58212 665.471
41000 0.468238 0.500508 0.524639 1.49338 687.764
41100 0.487654 0.463831 0.539885 1.49137 715.205
41200 0.527802 0.485648 0.497724 1.51117 741.924
41300 0.495215 0.490093 0.494644 1.47995 706.051
41400 0.48989 0.485856 0.492863 1.46861 718.527
41500 0.499718 0.490835 0.513081 1.50363 729.289
41600 0.428132 0.53219 0.545322 1.50565 706.222
41700 0.453437 0.596146 0.572611 1.62219 750.622
41800 0.497259 0.573629 0.606331 1.67722 707.886
41900 0.488846 0.565266 0.553832 1.60794 763.027
42000 0.473574 0.573981 0.564395 1.61195 672.602
42100 0.503441 0.555043 0.594178 1.65266 661.89
42200 0.500407 0.524405 0.588619 1.61343 707.198
42300 0.543908 0.57341 0.584751 1.70207 738.097
42400 0.545033 0.524052 0.565166 1.63425 746.452
42500 0.547606 0.524939 0.559603 1.63215 713.333
42600 0.536832 0.516544 0.537467 1.59084 709.761
42700 0.465368 0.51337 0.565292 1.54403 664.52
42800 0.480783 0.484814 0.587028 1.55263 716.424
42900 0.55891 0.463926 0.612965 1.6358 709.819
43000 0.543818 0.496202 0.55254 1.59256 713.65
43100 0.54286 0.487821 0.583909 1.61459 762.36
43200 0.512069 0.483351 0.556204 1.55162 769.392
43300 0.506592 0.479084 0.49026 1.47594 649.665
43400 0.558541 0.499467 0.555632 1.61364 677.471
43500 0.562312 0.516105 0.539558 1.61798 688.206
43600 0.539637 0.50752 0.581774 1.62893 713.309
43700 0.497044 0.537111 0.564493 1.59865 754.174
43800 0.439524 0.522857 0.548818 1.5112 755.819
43900 0.438191 0.519105 0.585843 1.54314 723.691
44000 0.482442 0.514137 0.643618 1.6402 732.98
44100 0.567046 0.523508 0.668528 1.75908 715.761
44200 0.58737 0.57678 0.649172 1.81332 716.058
44300 0.519369 0.535457 0.58328 1.63811 764.98
44400 0.555167 0.515634 0.603766 1.67457 697.38
44500 0.587665 0.518514 0.59672 1.7029 739.434
44600 0.584604 0.496442 0.595008 1.67605 766.811
44700 0.514271 0.49501 0.549111 1.55839 794.301
44800 0.535676 0.476923 0.527128 1.53973 805.108
44900 0.506472 0.461642 0.52053 1.48864 780.636
45000 0.516441 0.484492 0.519393 1.52033 786.866
45100 0.50114 0.489945 0.497917 1.489 713.893
45200 0.506274 0.477017 0.504121 1.48741 770.769
45300 0.533247 0.484129 0.533717 1.55109 759.183
45400 0.565943 0.489026 0.581032 1.636 820.667
45500 0.627212 0.462049 0.607588 1.69685 732.003
45600 0.592354 0.466853 0.643692 1.7029 768.806
45700 0.588972 0.475473 0.660998 1.72544 742.651
45800 0.648044 0.489296 0.640906 1.77825 736.584
45900 0.735181 0.55167 0.660213 1.94706 702.596
46000 0.78626 0.58759 0.674622 2.04847 774.595
46100 0.77388 0.57795 0.653173 2.005 752.043
46200 0.687559 0.554118 0.595732 1.83741 797.263
46300 0.675875 0.526374 0.584855 1.7871 791.087
46400 0.628643 0.5222 0.604351 1.75519 759.961
46500 0.627101 0.515845 0.63881 1.78176 763.159
46600 0.640016 0.508978 0.631481 1.78047 736.627
46700 0.619437 0.48775 0.648777 1.75596 820.713
46800 0.635909 0.53826 0.674533 1.8487 767.048
46900 0.688279 0.543319 0.656903 1.8885 709.822
47000 0.66817 0.495891 0.631422 1.79548 745.971
47100 0.716034 0.47024 0.608818 1.79509 781.575
47200 0.698165 0.546597 0.573324 1.81809 776.899
47300 0.685218 0.572555 0.570743 1.82852 808.107
47400 0.63055 0.596849 0.605023 1.83242 786.241
47500 0.679468 0.612944 0.59753 1.88994 745.226
47600 0.714811 0.600424 0.673053 1.98829 758.913
47700 0.712587 0.559063 0.662782 1.93443 813.405
47800 0.751985 0.536802 0.752561 2.04135 801.281
47900 0.774374 0.564563 0.726264 2.0652 788.354
48000 0.748864 0.559757 0.721597 2.03022 768.835
48100 0.72202 0.603185 0.690895 2.0161 741.751
48200 0.625358 0.621911 0.650999 1.89827 772.578
48300 0.657835 0.594131 0.669261 1.92123 757.654
48400 0.652193 0.539577 0.657536 1.84931 829.946
48500 0.642197 0.49628 0.584947 1.72342 821.288
48600 0.673756 0.513431 0.617898 1.80508 737.511
48700 0.716052 0.528543 0.674201 1.9188 734.549
48800 0.703069 0.531833 0.700323 1.93523 777.617
48900 0.764447 0.572576 0.729143 2.06617 754.074
49000 0.714383 0.602992 0.682946 2.00032 770.28
49100 0.704819 0.601018 0.582676 1.88851 813.441
49200 0.746318 0.620017 0.564065 1.9304 824.585
49300 0.733794 0.569811 0.5742 1.87781 805.185
49400 0.730654 0.531628 0.579823 1.84211 781.449
49500 0.756217 0.551024 0.522383 1.82962 769.284
49600 0.714275 0.544843 0.559067 1.81818 778.989
49700 0.75419 0.556421 0.586108 1.89672 846.553
49800 0.799366 0.616806 0.621619 2.03779 824.194
49900 0.772567 0.602228 0.678675 2.05347 783.592
50000 0.761862 0.621445 0.668479 2.05179 855.707
50100 0.798069 0.61412 0.641904 2.05409 791.783
50200 0.788942 0.596689 0.636854 2.02248 774.216
50300 0.762761 0.597856 0.660307 2.02092 732.6
50400 0.737 0.582353 0.65726 1.97661 806.747
50500 0.730326 0.614263 0.630921 1.97551 877.116
50600 0.699796 0.620081 0.591801 1.91168 817.941
50700 0.742775 0.593002 0.57189 1.90767 792.049
50800 0.738192 0.553491 0.567677 1.85936 783.028
50900 0.753336 0.580213 0.56046 1.89401 738.397
51000 0.817475 0.611285 0.571838 2.0006 801.037
51100 0.806536 0.600765 0.598158 2.00546 748.064
51200 0.789078 0.610868 0.625406 2.02535 804.766
51300 0.819083 0.585603 0.610396 2.01508 843.662
51400 0.790902 0.589403 0.658178 2.03848 830.37
51500 0.80116 0.563614 0.697188 2.06196 785.216
51600 0.791796 0.563578 0.656688 2.01206 758.756
51700 0.72191 0.602586 0.602961 1.92746 791.646
51800 0.730373 0.612773 0.58534 1.92849 801.068
51900 0.714802 0.638549 0.617092 1.97044 856.731
52000 0.764257 0.685499 0.613109 2.06286 843.417
52100 0.742129 0.66794 0.625014 2.03508 813.791
52200 0.760161 0.589891 0.633286 1.98334 789.421
52300 0.755159 0.570683 0.666271 1.99211 818.311
52400 0.740021 0.629622 0.641599 2.01124 789.676
52500 0.764416 0.612359 0.602432 1.97921 831.183
52600 0.760362 0.60681 0.646572 2.01374 909.625
52700 0.773123 0.662602 0.65495 2.09067 850.257
52800 0.735339 0.653766 0.585969 1.97507 824.005
52900 0.698822 0.601998 0.579747 1.88057 795.769
53000 0.677639 0.586838 0.567599 1.83208 831.821
53100 0.706227 0.592011 0.547467 1.84571 844.309
53200 0.719102 0.602117 0.560357 1.88158 874.079
53300 0.737746 0.660707 0.530641 1.92909 854.519
53400 0.754092 0.672917 0.564803 1.99181 824.75
53500 0.757852 0.676304 0.65828 2.09244 768.549
53600 0.728627 0.669026 0.674315 2.07197 784.674
53700 0.75092 0.689447 0.698756 2.13912 818.962
53800 0.72168 0.703592 0.710401 2.13567 839.064
53900 0.758425 0.664705 0.672555 2.09568 838.268
54000 0.766676 0.627487 0.699126 2.09329 805.769
54100 0.7738 0.604082 0.730994 2.10888 849.73
54200 0.764769 0.64405 0.67835 2.08717 852.99
54300 0.818359 0.680657 0.684766 2.18378 766.578
54400 0.795211 0.716631 0.659637 2.17148 824.452
54500 0.864932 0.666076 0.667505 2.19851 838.663
54600 0.879987 0.670333 0.701176 2.2515 865.94
54700 0.815888 0.648092 0.724523 2.1885 910.136
54800 0.778572 0.633054 0.765246 2.17687 822.455
54900 0.791432 0.635226 0.748756 2.17541 818.337
55000 0.763713 0.599502 0.704192 2.06741 804.743
55100 0.720584 0.570633 0.66293 1.95415 853.096
55200 0.682925 0.569874 0.647561 1.90036 837.781
55300 0.772589 0.596189 0.653274 2.02205 854.256
55400 0.828373 0.628798 0.665261 2.12243 853.405
55500 0.886605 0.692015 0.700303 2.27892 833.325
55600 0.916548 0.74083 0.718582 2.37596 766.441
55700 0.946743 0.665926 0.716591 2.32926 817.884
55800 0.978931 0.619039 0.692904 2.29087 897.016
55900 0.922734 0.614178 0.724515 2.26143 902.154
56000 0.855545 0.601293 0.73219 2.18903 888.571
56100 0.867435 0.624976 0.725047 2.21746 835.404
56200 0.78753 0.594867 0.718926 2.10132 844.766
56300 0.802288 0.568559 0.752439 2.12329 831.242
56400 0.756443 0.585199 0.717535 2.05918 826.133
56500 0.770422 0.576286 0.682301 2.02901 891.615
56600 0.779092 0.673829 0.711505 2.16443 865.194
56700 0.795365 0.678832 0.759037 2.23323 828.608
56800 0.841481 0.723932 0.764819 2.33023 847.1
56900 0.881048 0.777238 0.750701 2.40899 868.157
57000 0.881552 0.727693 0.779414 2.38866 874.255
57100 0.85635 0.71226 0.786692 2.3553 829.781
57200 0.857605 0.723007 0.770492 2.35111 881.145
57300 0.917142 0.695289 0.824912 2.43734 911.908
57400 0.852275 0.657562 0.827237 2.33707 829.213
57500 0.839703 0.640698 0.76579 2.24619 887.397
57600 0.83903 0.713166 0.712422 2.26462 868.263
57700 0.829123 0.723408 0.671329 2.22386 818.637
57800 0.822276 0.702712 0.731757 2.25674 797.624
57900 0.860924 0.704165 0.725234 2.29032 872.601
58000 0.785731 0.637288 0.677249 2.10027 858.264
58100 0.79382 0.648379 0.648887 2.09109 916.855
58200 0.81719 0.621082 0.663482 2.10175 922.595
58300 0.777151 0.616117 0.698234 2.0915 885.469
58400 0.825213 0.678366 0.739951 2.24353 916.736
58500 0.878557 0.694242 0.725285 2.29808 888.757
58600 0.875863 0.753552 0.711994 2.34141 842.401
58700 0.866403 0.729482 0.765977 2.36186 894.062
58800 0.857419 0.735537 0.805963 2.39892 884.565
58900 0.930578 0.713269 0.800412 2.44426 879.014
59000 0.875685 0.694973 0.77768 2.34834 859.313
59100 0.914449 0.681451 0.786774 2.38267 867.419
59200 0.915936 0.690106 0.837478 2.44352 874.805
59300 0.92886 0.663968 0.848767 2.4416 806.092
59400 0.867953 0.749822 0.8649 2.48268 868.571
59500 0.923879 0.762795 0.926528 2.6132 946.256
59600 0.988821 0.747881 0.974807 2.71151 896.551
59700 1.02836 0.764952 0.967881 2.76119 868.794
59800 0.94793 0.692349 0.888479 2.52876 850.54
59900 0.962737 0.721755 0.836302 2.52079 888.134
60000 0.956672 0.687299 0.851087 2.49506 922.636
60100 0.978396 0.694117 0.824771 2.49728 881.196
60200 1.01952 0.735426 0.751802 2.50674 939.777
60300 1.02099 0.803315 0.704383 2.52868 886.759
60400 0.931524 0.815 0.759822 2.50635 863.629
60500 0.85788 0.805669 0.771206 2.43475 892.853
60600 0.900001 0.779606 0.845265 2.52487 969.489
60700 0.950474 0.754015 0.923808 2.6283 934.369
60800 0.947142 0.751613 0.879967 2.57872 896.779
60900 1.0213 0.722843 0.8556 2.59975 929.149
61000 1.10333 0.751679 0.829343 2.68435 905.461
61100 1.09632 0.714442 0.858147 2.66891 954.14
61200 1.08385 0.714332 0.833718 2.6319 952.814
61300 1.02495 0.732421 0.762387 2.51976 879.349
61400 1.02959 0.751795 0.787477 2.56886 932.279
61500 0.99568 0.776634 0.802249 2.57456 901.363
61600 1.01448 0.788654 0.830881 2.63401 885.202
61700 0.946587 0.761412 0.800022 2.50802 941.144
61800 0.910223 0.816059 0.804855 2.53114 923.685
61900 0.944024 0.864964 0.852679 2.66167 906.138
62000 1.013 0.839376 0.842151 2.69453 935.054
62100 0.995422 0.778967 0.922718 2.69711 934.317
62200 0.949443 0.764115 0.902797 2.61635 874.341
62300 0.964497 0.797484 0.951652 2.71363 924.724
62400 1.0237 0.794318 0.89619 2.71421 906.116
62500 1.0488 0.758939 0.885353 2.6931 878.017
62600 1.02058 0.784069 0.83806 2.6427 963.831
62700 0.990834 0.760157 0.801961 2.55295 892.931
62800 1.00209 0.700672 0.75814 2.46091 933.985
62900 0.965232 0.794996 0.732736 2.49296 891.466
63000 0.900397 0.818039 0.790809 2.50924 870.487
63100 0.971913 0.822156 0.805995 2.60006 907.13
63200 1.0642 0.831128 0.853358 2.74868 938.148
63300 1.06524 0.840952 0.784411 2.6906 991.514
63400 1.03483 0.800832 0.8722 2.70786 946.003
63500 1.00658 0.798909 0.8079 2.61339 884.397
63600 1.07605 0.838914 0.800415 2.71538 854.97
63700 1.16911 0.850022 0.776841 2.79597 922.003
63800 1.12646 0.813864 0.721977 2.6623 915.384
63900 1.04024 0.771218 0.683145 2.4946 976.702
64000 0.970507 0.755855 0.670481 2.39684 954.52
64100 0.973971 0.767958 0.65766 2.39959 861.518
64200 1.03135 0.736158 0.682831 2.45034 968.423
64300 1.12096 0.824749 0.772073 2.71778 1001.76
64400 1.16494 0.890658 0.861178 2.91678 935.702
64500 1.1791 0.876335 0.949381 3.00482 937.148
64600 1.12073 0.855327 0.933899 2.90995 891.006
64700 1.00203 0.873369 0.834244 2.70964 976.649
64800 0.99919 0.809545 0.842239 2.65098 979.179
64900 0.98111 0.784707 0.791858 2.55767 893.799
65000 0.995777 0.766404 0.715167 2.47735 885.857
65100 0.980154 0.83815 0.757342 2.57565 976.747
65200 1.02268 0.825906 0.782478 2.63107 960.727
65300 0.989711 0.749735 0.770457 2.5099 973.635
65400 0.964172 0.728012 0.828428 2.52061 1028.64
65500 1.05866 0.743995 0.835991 2.63864 885.342
65600 1.0752 0.73477 0.822557 2.63253 952.618
65700 1.06774 0.778189 0.794835 2.64076 936.593
65800 1.07026 0.833359 0.847672 2.75129 899.283
65900 1.12063 0.870795 0.84658 2.83801 930.039
66000 1.11291 0.911446 0.803928 2.82829 985.375
66100 1.08841 0.892332 0.862284 2.84302 946.776
66200 1.07912 0.940472 0.874193 2.89379 1004.12
66300 1.11581 0.908156 0.860549 2.88451 897.013
66400 1.09959 0.891814 0.839771 2.83117 949.066
66500 1.07642 0.900937 0.847286 2.82465 991.973
66600 1.15513 0.875147 0.836726 2.86701 963.409
66700 1.15181 0.876693 0.81397 2.84248 959.898
66800 1.16517 0.897897 0.782698 2.84576 927.772
66900 1.10815 0.906099 0.752712 2.76696 1006.74
67000 1.04897 0.929826 0.793651 2.77245 990.432
67100 1.01564 0.942044 0.82173 2.77942 1038.6
67200 0.981926 0.918761 0.830896 2.73158 958.154
67300 0.978914 0.888594 0.874627 2.74213 945.121
67400 0.986398 0.823734 0.922553 2.73269 939.437
67500 0.99054 0.78584 0.881111 2.65749 973.798
67600 0.97131 0.79735 0.936732 2.70539 952.884
67700 1.02258 0.788653 0.847413 2.65864 931.187
67800 0.98114 0.843363 0.80627 2.63077 967.835
67900 1.01088 0.848323 0.803724 2.66293 963.356
68000 1.09704 0.926585 0.801298 2.82492 1067.79
68100 1.13178 0.991464 0.834158 2.9574 974.567
68200 1.12001 0.978819 0.808732 2.90756 958.947
68300 1.06674 0.941558 0.850875 2.85917 945.844
68400 1.0512 0.893716 0.907322 2.85223 873.638
68500 1.06323 0.838884 0.974872 2.87699 967.827
68600 1.03286 0.798981 0.956148 2.78799 975.514
68700 1.00701 0.856392 0.896864 2.76027 1033.55
68800 1.02687 0.8025 0.861888 2.69126 1002.55
68900 1.04936 0.788708 0.872736 2.71081 987.286
69000 1.0417 0.804846 0.797692 2.64423 972.706
69100 0.998514 0.76179 0.798946 2.55925 1041.87
69200 0.972125 0.821511 0.832413 2.62605 1059.38
69300 0.992234 0.872202 0.829078 2.69351 937.157
69400 1.03711 0.921076 0.788356 2.74655 1004.31
69500 1.08654 0.968927 0.795302 2.85077 987.314
69600 1.0753 0.991458 0.821251 2.88801 971.349
69700 1.1051 0.946426 0.794737 2.84627 972.477
69800 1.11864 0.841471 0.801533 2.76164 1017.9
69900 1.10556 0.824262 0.809049 2.73887 1031.84
70000 1.08452 0.796677 0.856006 2.73721 1004.04
70100 1.05602 0.817265 0.872953 2.74624 966.701
70200 1.08398 0.831927 0.893356 2.80927 939.678
70300 1.20407 0.930908 0.879644 3.01462 1035.52
70400 1.1907 0.85289 0.905933 2.94952 1021.03
70500 1.17933 0.829895 0.913824 2.92304 994.475
70600 1.16046 0.873234 0.893641 2.92733 1040.31
70700 1.15073 0.833393 0.91439 2.89851 1005.75
70800 1.22621 0.877599 0.862395 2.96621 974.696
70900 1.22653 0.936808 0.924977 3.08832 1005.19
71000 1.22759 0.927155 0.885821 3.04057 1018.93
71100 1.26636 0.839412 0.877604 2.98338 1081.53
71200 1.31925 0.860884 0.852897 3.03303 1025.79
71300 1.25418 0.854656 0.856107 2.96494 956.495
71400 1.33511 0.778251 0.796714 2.91007 976.499
71500 1.30489 0.824742 0.873175 3.0028 981.258
71600 1.29698 0.742253 0.93771 2.97694 986.587
71700 1.22225 0.753773 0.966527 2.94255 1072.14
71800 1.20229 0.783471 0.954956 2.94071 1105.96
71900 1.25904 0.831355 0.819108 2.9095 1016.38
72000 1.24153 0.808085 0.857409 2.90703 1012.59
72100 1.15409 0.749518 0.819432 2.72304 1013.79
72200 1.0645 0.706991 0.822537 2.59403 1027.51
72300 1.09388 0.714683 0.875628 2.68419 924.78
72400 1.10848 0.685701 0.852942 2.64713 1076.05
72500 1.14539 0.704433 0.882139 2.73196 1050.06
72600 1.15647 0.774611 0.845377 2.77646 1044.8
72700 1.20703 0.792409 0.775412 2.77485 1014.95
72800 1.14059 0.816722 0.783018 2.74033 988.528
72900 1.13676 0.845083 0.745385 2.72723 948.255
73000 1.14449 0.796418 0.814794 2.7557 1097.31
73100 1.10441 0.822395 0.822175 2.74898 988.535
73200 1.04998 0.792948 0.807442 2.65037 1028.94
73300 1.01869 0.733037 0.804991 2.55672 1012.2
73400 1.03713 0.776741 0.789526 2.6034 961.879
73500 1.11059 0.818975 0.796337 2.7259 1013.51
73600 1.12081 0.841518 0.850037 2.81237 956.035
73700 1.17297 0.819309 0.848961 2.84124 1017.64
73800 1.14972 0.852911 0.841773 2.84441 1062.37
73900 1.15241 0.889058 0.808596 2.85007 1097.67
74000 1.12971 0.974437 0.846986 2.95114 1065.86
74100 1.10843 0.98297 0.822114 2.91352 944.58
74200 1.05242 0.954562 0.789399 2.79638 1016.48
74300 1.15307 0.995261 0.828965 2.97729 992.859
74400 1.12302 0.971588 0.850366 2.94497 1048.42
74500 1.04437 0.91911 0.894411 2.85789 1057.8
74600 1.10057 0.876308 0.921783 2.89866 1019.32
74700 1.09191 0.80983 0.936027 2.83777 1057.9
74800 1.17206 0.82578 0.902086 2.89993 1111.82
74900 1.1977 0.918267 0.912736 3.0287 1086.88
75000 1.14967 0.865668 0.973814 2.98916 1141.91
75100 1.17077 0.837172 0.96441 2.97235 1075.64
75200 1.15704 0.808968 0.908796 2.87481 997.656
75300 1.14827 0.788765 0.961286 2.89833 1037.76
75400 1.11364 0.759233 0.884076 2.75695 1134.27
75500 1.09568 0.778815 0.888871 2.76337 1120.95
75600 1.0607 0.7894 0.809561 2.65966 1081.22
75700 1.1101 0.784839 0.800439 2.69537 1028.12
75800 1.13806 0.771147 0.793934 2.70314 1074.13
75900 1.15162 0.772924 0.806648 2.73119 1055.29
76000 1.10743 0.733574 0.816831 2.65783 1070.53
76100 1.07698 0.754567 0.832624 2.66417 1145.43
76200 1.0894 0.838804 0.902397 2.8306 1033.53
76300 1.04884 0.873133 0.854247 2.77622 1076.7
76400 1.08288 0.910382 0.931266 2.92453 988.663
76500 1.11941 0.857345 0.922851 2.89961 985.132
76600 1.19697 0.837884 0.89419 2.92904 1043.85
76700 1.13508 0.791274 0.876318 2.80267 1110.02
76800 1.09482 0.733225 0.94084 2.76889 1107.74
76900 1.0819 0.725483 0.926353 2.73374 1021.41
77000 1.14726 0.714196 0.941904 2.80336 1040.23
77100 1.11809 0.692599 0.952375 2.76306 1119.75
77200 1.08433 0.718982 0.931641 2.73495 1149.74
77300 1.08443 0.772689 0.863439 2.72056 1155.46
77400 1.07202 0.782838 0.811755 2.66661 1105.47
77500 1.12664 0.797713 0.743709 2.66807 1084.4
77600 1.07772 0.818331 0.737678 2.63373 1026.68
77700 1.05798 0.827259 0.818101 2.70334 1040.47
77800 1.04746 0.827223 0.855654 2.73034 1121.07
77900 1.04072 0.795324 0.867817 2.70386 1143.56
78000 0.992451 0.816541 0.771223 2.58021 1074.35
78100 0.992826 0.91156 0.765042 2.66943 989.922
78200 0.934909 0.927249 0.699947 2.56211 1040.68
78300 1.07811 0.941656 0.754187 2.77395 1167.62
78400 1.06397 0.917716 0.764855 2.74654 993.532
78500 1.09959 0.948958 0.780348 2.8289 1126.5
78600 1.01923 0.937016 0.836801 2.79304 1119.62
78700 0.94387 0.895722 0.787901 2.62749 1176.37
78800 0.917245 0.81888 0.787557 2.52368 1028.6
78900 0.933883 0.782641 0.769627 2.48615 1108.52
79000 1.04771 0.774969 0.813575 2.63626 1066.82
79100 1.04095 0.87097 0.85546 2.76738 1105.44
79200 0.936181 0.908562 0.963642 2.80839 1118.09
79300 0.94777 0.949455 0.891896 2.78912 1146.41
79400 0.960558 0.908362 0.925537 2.79446 1128.73
79500 0.914931 0.787245 0.950873 2.65305 1062.58
79600 0.9937 0.830143 0.88132 2.70516 1105.79
79700 0.923572 0.820437 0.828871 2.57288 1143.06
79800 1.02878 0.818855 0.902619 2.75025 1139.42
79900 1.14584 0.845099 0.86945 2.86039 1159.5
80000 1.09476 0.856526 0.902595 2.85388 1138.22
80100 1.07714 0.852136 0.869796 2.79908 1047.82
80200 1.05903 0.84195 0.850937 2.75192 1073.71
80300 1.12691 0.852995 0.809772 2.78967 1070.87
80400 1.11629 0.853585 0.788413 2.75829 1174.59
80500 1.09841 0.806825 0.889507 2.79474 1152.81
80600 1.1134 0.818893 0.931038 2.86333 1140.24
80700 1.19311 0.870604 0.938936 3.00265 1072.07
80800 1.20789 0.949878 1.00827 3.16604 1107.39
80900 1.2 1.05726 1.06941 3.32667 1039.62
81000 1.2131 1.09427 1.06498 3.37235 1115.57
81100 1.19228 1.07389 1.11608 3.38224 1189.75
81200 1.15551 1.03235 1.10844 3.2963 1171.43
81300 1.17913 1.05286 1.01306 3.24505 1100.23
81400 1.11089 1.03174 0.960744 3.10337 1146.82
81500 1.06986 1.04806 0.915827 3.03375 1070.88
81600 1.08215 1.09941 0.922559 3.10412 1103.64
81700 1.04128 1.04416 0.943355 3.0288 1135.99
81800 1.09022 1.06328 0.981005 3.13451 1129.86
81900 1.1047 1.02897 1.01508 3.14874 1141.71
82000 1.17135 1.01752 1.03635 3.22523 1186.6
82100 1.24716 0.965218 1.03099 3.24337 1085.27
82200 1.22099 0.989956 1.09506 3.30601 1063.12
82300 1.09403 0.851659 1.04927 2.99496 1109.38
82400 1.14308 0.876494 0.983895 3.00347 1149.6
82500 1.22401 0.943087 1.04639 3.21348 1089.24
82600 1.23247 0.924399 1.08345 3.24032 1201.06
82700 1.25194 0.86398 1.09466 3.21058 1192.46
82800 1.38207 0.870468 1.19039 3.44293 1063.84
82900 1.3885 0.881369 1.23154 3.50141 1139.21
83000 1.43804 0.95505 1.22862 3.62171 1180.18
83100 1.40681 0.956178 1.19499 3.55798 1109.31
83200 1.24072 0.906659 1.14299 3.29037 1172.82
83300 1.17885 0.954582 1.04356 3.177 1144.66
83400 1.15935 0.970217 1.03052 3.16009 1178.55
83500 1.23903 1.11198 1.04042 3.39143 1145.86
83600 1.18869 1.16354 0.986504 3.33873 1156.74
83700 1.18741 1.13609 0.91856 3.24205 1202.09
83800 1.1921 1.10968 0.91569 3.21746 1130.69
83900 1.24218 0.975047 0.973145 3.19037 1107.17
84000 1.30041 0.913073 1.02356 3.23704 1026.16
84100 1.27746 0.92419 1.04672 3.24837 1021.24
84200 1.1518 0.923562 0.99412 3.06948 1044.93
84300 1.24122 0.929082 1.01248 3.18278 1153.41
84400 1.31372 0.983114 1.03987 3.3367 1140.62
84500 1.38828 1.0187 0.984159 3.39114 1118.67
84600 1.43081 1.04328 0.995808 3.46989 1177.03
84700 1.3867 0.966347 1.01904 3.37208 1044.9
84800 1.30368 0.933765 1.03038 3.26783 1050.68
84900 1.25105 0.93584 1.01579 3.20267 1147.22
85000 1.16273 1.0196 1.03189 3.21422 1174.74
85100 1.24381 1.0889 1.003 3.33571 1144.54
85200 1.31403 1.05914 1.14085 3.51403 1204.52
85300 1.32134 0.980899 1.23723 3.53947 1172.27
85400 1.30927 1.00362 1.21179 3.52468 1156.53
85500 1.25375 0.979416 1.19911 3.43227 1137.72
85600 1.23479 1.02831 1.0677 3.3308 1228.97
85700 1.24252 1.02442 1.05552 3.32246 1160.15
85800 1.24321 1.03301 1.05927 3.33549 1124.14
85900 1.26626 1.04436 1.11559 3.42621 1179.12
86000 1.36774 0.993848 1.10769 3.46928 1078.57
86100 1.33377 0.948904 1.06383 3.34651 1142.62
86200 1.3994 1.00983 1.02745 3.43667 1126.94
86300 1.32306 1.02443 1.01217 3.35965 1181.58
86400 1.2486 1.07975 1.08729 3.41563 1128.07
86500 1.27313 1.04759 1.0946 3.41531 1138.62
86600 1.28706 1.01878 1.1374 3.44324 1104.8
86700 1.2216 1.02316 1.09053 3.33529 1230.33
86800 1.14025 0.95737 1.10322 3.20084 1212.48
86900 1.22169 1.0493 1.02174 3.29273 1159.36
87000 1.23849 0.966274 0.972756 3.17752 1320.22
87100 1.32345 0.996766 0.948536 3.26876 1203.85
87200 1.28518 0.919625 0.886941 3.09174 1222.13
87300 1.33877 0.913073 0.984688 3.23653 1216.48
87400 1.19977 1.02235 0.923268 3.14539 1226.11
87500 1.15294 1.12598 0.920809 3.19972 1131.79
87600 1.14558 1.1569 0.955648 3.25813 1230.46
87700 1.14564 1.13971 0.945419 3.23077 1149.7
87800 1.15048 1.14738 0.989699 3.28756 1219.57
87900 1.25479 1.09496 1.01883 3.36858 1216.06
88000 1.39608 1.07566 1.06617 3.53791 1140.36
88100 1.43337 1.02773 1.14105 3.60214 1176.5
88200 1.47442 1.00535 1.09738 3.57715 1109.85
88300 1.48515 1.14444 1.19662 3.82622 1194.27
88400 1.40464 1.15164 1.21327 3.76954 1218.68
88500 1.36656 1.22097 1.19774 3.78527 1154.04
88600 1.42047 1.24816 1.12825 3.79688 1158.58
88700 1.38431 1.17993 1.17033 3.73457 1181.04
88800 1.3368 1.14085 1.20586 3.68352 1153.25
88900 1.25866 1.13264 1.10382 3.49513 1229.77
89000 1.25732 1.13104 1.09974 3.4881 1234.01
89100 1.34572 1.20163 1.13388 3.68123 1175.52
89200 1.3384 1.22886 1.15031 3.71756 1185.2
89300 1.37403 1.21565 1.1131 3.70278 1244.37
89400 1.2941 1.16731 1.17854 3.63995 1263.88
89500 1.23833 1.1478 1.27712 3.66324 1261
89600 1.29868 1.15031 1.22795 3.67694 1342.88
89700 1.31268 1.10178 1.19742 3.61188 1203.78
89800 1.26385 1.07033 1.15739 3.49157 1276.43
89900 1.21921 1.03506 1.14564 3.39991 1211.19
90000 1.27978 1.05195 1.15929 3.49103 1165.14
90100 1.29167 0.954989 1.19414 3.44081 1206.92
90200 1.3387 0.9842 1.20001 3.52292 1146.11
90300 1.34243 0.960214 1.22413 3.52677 1223.47
90400 1.36383 0.958984 1.19683 3.51965 1191.4
90500 1.33543 0.987014 1.28017 3.60261 1153.04
90600 1.33306 0.994066 1.2533 3.58043 1222.63
90700 1.26208 1.08279 1.1987 3.54357 1273.18
90800 1.36164 1.21439 1.19847 3.7745 1236.96
90900 1.38928 1.10313 1.21681 3.70922 1153.08
91000 1.48742 1.15549 1.28931 3.93222 1192.22
91100 1.44439 1.08832 1.30032 3.83303 1139.95
91200 1.49706 1.04635 1.39726 3.94067 1205.52
91300 1.53408 1.10868 1.45585 4.09861 1256.39
91400 1.47334 1.07078 1.46977 4.01389 1272.14
91500 1.42843 1.04839 1.39536 3.87217 1145.65
91600 1.42885 1.07301 1.38894 3.8908 1224.69
91700 1.42637 1.12228 1.47418 4.02284 1146.68
91800 1.39188 1.12361 1.44118 3.95667 1127.21
91900 1.40738 1.16448 1.36059 3.93245 1142.32
92000 1.43717 1.09501 1.26888 3.80106 1206.62
92100 1.41267 1.10626 1.15752 3.67645 1212.1
92200 1.39681 1.12758 1.12202 3.64642 1287.67
92300 1.40231 1.19146 1.1899 3.78366 1224.73
92400 1.30318 1.18594 1.20026 3.68938 1238.47
92500 1.28992 1.25408 1.22273 3.76673 1241.7
92600 1.34852 1.24765 1.24856 3.84473 1236.12
92700 1.33334 1.21119 1.30356 3.84808 1197.22
92800 1.34349 1.17401 1.33235 3.84985 1157.76
92900 1.31541 1.23547 1.29194 3.84282 1116.3
93000 1.39215 1.24476 1.30153 3.93844 1264.96
93100 1.40282 1.23633 1.30342 3.94257 1249.83
93200 1.4568 1.36883 1.25852 4.08415 1204.86
93300 1.51934 1.41847 1.17068 4.1085 1214.9
93400 1.61903 1.36727 1.17255 4.15885 1241.8
93500 1.61571 1.50746 1.32469 4.44786 1287.89
93600 1.62364 1.58207 1.32191 4.52763 1318.93
93700 1.54652 1.47573 1.35702 4.37927 1196.09
93800 1.63169 1.49729 1.33499 4.46397 1164.25
93900 1.65924 1.57146 1.38584 4.61654 1182.51
94000 1.66007 1.58136 1.35096 4.59238 1300.35
94100 1.49353 1.69692 1.26839 4.45884 1307.59
94200 1.48531 1.66417 1.33878 4.48826 1235.58
94300 1.43712 1.63624 1.34403 4.41739 1182.68
94400 1.40785 1.53914 1.38416 4.33114 1162.97
94500 1.40481 1.44349 1.37831 4.22661 1138.86
94600 1.35921 1.3599 1.35284 4.07194 1195.27
94700 1.36592 1.38301 1.30262 4.05155 1234.06
94800 1.35236 1.43659 1.19061 3.97956 1274.17
94900 1.31613 1.43173 1.24155 3.98941 1291.72
95000 1.36734 1.50916 1.33156 4.20806 1132.61
95100 1.34916 1.45801 1.37189 4.17907 1223.92
95200 1.3499 1.46114 1.4327 4.24374 1253.8
95300 1.40872 1.52991 1.4844 4.42303 1223.14
95400 1.44052 1.53888 1.40899 4.38839 1193.99
95500 1.52331 1.50192 1.35002 4.37524 1303.85
95600 1.61766 1.4312 1.32669 4.37555 1305.94
95700 1.58718 1.37953 1.24378 4.2105 1198.27
95800 1.44244 1.32285 1.25363 4.01891 1217.96
95900 1.39109 1.32282 1.29365 4.00757 1244.16
96000 1.44094 1.43467 1.28155 4.15716 1264.77
96100 1.47474 1.41073 1.33722 4.22269 1303.55
96200 1.59937 1.41341 1.35706 4.36984 1278.15
96300 1.72481 1.44682 1.43306 4.60469 1218.38
96400 1.67188 1.47565 1.44082 4.58835 1238.28
96500 1.5422 1.38979 1.48478 4.41677 1204.63
96600 1.49003 1.36425 1.42132 4.2756 1187.74
96700 1.34963 1.39673 1.37921 4.12558 1176.16
96800 1.32415 1.51759 1.32293 4.16467 1370.63
96900 1.35092 1.59493 1.37287 4.31872 1260.1
97000 1.38978 1.62373 1.32044 4.33395 1256.02
97100 1.40632 1.69298 1.2965 4.3958 1252.47
97200 1.32257 1.57778 1.35212 4.25247 1230.95
97300 1.36559 1.54395 1.3395 4.24905 1263.79
97400 1.42971 1.63539 1.37614 4.44124 1227.69
97500 1.47482 1.68143 1.39168 4.54793 1291.71
97600 1.39838 1.59255 1.34174 4.33266 1347.42
97700 1.39711 1.525 1.42255 4.34466 1252.11
97800 1.59902 1.57716 1.49451 4.67069 1263.04
97900 1.64816 1.63673 1.53634 4.82124 1231.98
98000 1.60316 1.59118 1.5593 4.75364 1218.95
98100 1.53821 1.54606 1.62736 4.71163 1230.22
98200 1.47262 1.53992 1.57855 4.59109 1395.43
98300 1.48477 1.45537 1.56165 4.50179 1308.21
98400 1.47901 1.5183 1.47591 4.47322 1181.29
98500 1.4503 1.60822 1.47269 4.53121 1245.18
98600 1.42256 1.6634 1.40594 4.4919 1237.59
98700 1.44727 1.69914 1.32269 4.4691 1387.77
98800 1.56155 1.6573 1.27448 4.49333 1357.58
98900 1.52044 1.62119 1.3199 4.46153 1271.69
99000 1.51392 1.59572 1.27181 4.38146 1290.66
99100 1.37634 1.53757 1.41517 4.32908 1292.35
99200 1.3692 1.45542 1.54716 4.37178 1306.99
99300 1.36774 1.5286 1.73902 4.63536 1390.63
99400 1.46422 1.66382 1.71737 4.84542 1304.66
99500 1.57229 1.69474 1.63451 4.90155 1324.17
99600 1.62285 1.80487 1.62106 5.04879 1240.39
99700 1.57511 1.78036 1.63721 4.99268 1350.99
99800 1.61387 1.67238 1.68898 4.97523 1237.58
99900 1.63509 1.61327 1.68184 4.9302 1288.01
100000 1.69095 1.55829 1.55356 4.80279 1301.26
100100 1.53512 1.59404 1.56641 4.69557 1367.49
100200 1.47657 1.57956 1.5167 4.57283 1344.32
100300 1.40298 1.61046 1.47482 4.48827 1277.07
100400 1.41281 1.5505 1.41099 4.37429 1244.28
100500 1.47396 1.4843 1.43081 4.38908 1223.16
100600 1.52115 1.48584 1.47009 4.47709 1280.19
100700 1.54861 1.56885 1.59309 4.71055 1279.37
100800 1.47573 1.66543 1.56101 4.70217 1342.94
100900 1.42074 1.64429 1.45478 4.51982 1284.32
101000 1.37286 1.61583 1.42535 4.41404 1315.6
101100 1.3624 1.56786 1.52659 4.45685 1284.92
101200 1.46584 1.47847 1.54387 4.48818 1293.24
101300 1.55046 1.48909 1.54237 4.58193 1337.25
101400 1.58727 1.44021 1.47173 4.49921 1359.83
101500 1.61572 1.47147 1.46098 4.54816 1329.46
101600 1.62076 1.40552 1.45079 4.47707 1319.83
101700 1.63625 1.47633 1.52213 4.63471 1270.86
101800 1.69064 1.51926 1.60907 4.81896 1267.62
101900 1.77129 1.53137 1.52428 4.82694 1417.55
102000 1.69611 1.54195 1.50254 4.74061 1304.87
102100 1.57222 1.65063 1.46179 4.68464 1227.01
102200 1.56366 1.64798 1.383 4.59464 1349.33
102300 1.53781 1.63153 1.4321 4.60144 1259.37
102400 1.61426 1.62117 1.37905 4.61448 1235.05
102500 1.70849 1.5376 1.44254 4.68863 1346.58
102600 1.71239 1.51765 1.46975 4.69979 1388.67
102700 1.73372 1.67071 1.43668 4.84111 1278.23
102800 1.6194 1.59695 1.49734 4.7137 1292.32
102900 1.71695 1.5921 1.51728 4.82634 1351.69
103000 1.72973 1.61953 1.60088 4.95014 1316.91
103100 1.75251 1.54529 1.53596 4.83375 1469.08
103200 1.92198 1.55779 1.47604 4.95581 1371.91
103300 1.8097 1.5717 1.43027 4.81167 1386.84
103400 1.72923 1.6803 1.3698 4.77933 1280.32
103500 1.71143 1.69788 1.47352 4.88283 1305.63
103600 1.75992 1.70504 1.47324 4.9382 1345.56
103700 1.74657 1.63973 1.56419 4.95049 1434.87
103800 1.75763 1.6612 1.55512 4.97396 1317.03
103900 1.85701 1.64331 1.45919 4.95951 1249.71
104000 1.84324 1.6019 1.48817 4.93331 1227.58
104100 1.74829 1.55902 1.4354 4.7427 1338.66
104200 1.80083 1.62565 1.38216 4.80865 1442.16
104300 1.81573 1.53063 1.55689 4.90325 1372.76
104400 1.57786 1.50369 1.55566 4.63722 1298.77
104500 1.55364 1.68232 1.51586 4.75182 1285.9
104600 1.57117 1.61572 1.55614 4.74303 1401.08
104700 1.70199 1.52719 1.55362 4.7828 1409.56
104800 1.6565 1.47532 1.50272 4.63454 1519.01
104900 1.71474 1.45232 1.47789 4.64495 1495.7
105000 1.68821 1.4866 1.51954 4.69434 1346.27
105100 1.79393 1.56945 1.44483 4.80821 1267.27
105200 1.77432 1.57006 1.46018 4.80455 1327.67
105300 1.71245 1.62413 1.49759 4.83417 1435.04
105400 1.77578 1.76227 1.55134 5.08939 1495.67
105500 1.92836 1.87073 1.61323 5.41232 1428.57
105600 1.87494 1.82571 1.54838 5.24903 1401.19
105700 1.79826 1.75143 1.54745 5.09714 1305.85
105800 1.84161 1.77332 1.46512 5.08006 1329.64
105900 1.80783 1.80926 1.52859 5.14568 1324.25
106000 1.86682 1.83358 1.56905 5.26945 1399.61
106100 1.96426 1.92364 1.65335 5.54125 1410.68
106200 1.93744 1.97869 1.67876 5.59489 1344.28
106300 1.9103 1.92242 1.80648 5.63921 1344.59
106400 1.96258 1.87066 1.83494 5.66819 1449.91
106500 2.13787 1.92527 1.75764 5.82078 1339.15
106600 2.20733 1.98195 1.83584 6.02512 1337.15
106700 2.00811 1.98888 1.9359 5.93289 1348.96
106800 1.96575 1.92967 2.0169 5.91233 1387.75
106900 1.8927 1.9563 1.98126 5.83026 1462.44
107000 1.93893 1.94586 2.03362 5.91841 1446.12
107100 1.8258 1.91259 2.01568 5.75408 1359.77
107200 1.82912 2.01885 1.97922 5.82719 1353.83
107300 1.87651 1.89864 1.98387 5.75903 1322.92
107400 1.78707 1.92359 1.85586 5.56652 1405.43
107500 1.7369 1.98969 1.76712 5.49371 1411.7
107600 1.74818 2.05906 1.66453 5.47177 1436.66
107700 1.73231 1.99815 1.72539 5.45584 1441.1
107800 1.87301 1.94121 1.74612 5.56034 1395.99
107900 1.97728 1.92667 1.76824 5.67219 1360.5
108000 1.95275 1.88415 1.94585 5.78275 1354.19
108100 1.87527 1.83382 1.96963 5.67871 1381.28
108200 1.93959 1.77578 1.85204 5.56741 1432.04
108300 2.1072 1.62104 1.9452 5.67344 1419.25
108400 2.17562 1.62995 1.89771 5.70328 1433.17
108500 2.3557 1.68208 1.97121 6.00899 1347.52
108600 2.35217 1.7334 1.93965 6.02522 1430.21
108700 2.11967 1.78416 1.85579 5.75962 1329.64
108800 2.10144 1.7809 1.87449 5.75683 1399.58
108900 1.88758 1.77405 1.77977 5.44139 1285.18
109000 1.76945 1.69708 1.72908 5.1956 1186.28
109100 1.71851 1.6705 1.56884 4.95785 1395.76
109200 1.68399 1.65394 1.54784 4.88577 1446.04
109300 1.82863 1.71013 1.6265 5.16526 1403.35
109400 1.72712 1.68927 1.82793 5.24432 1359.17
109500 1.74072 1.81239 1.82326 5.37637 1351.7
109600 1.70463 2.02369 1.89076 5.61907 1379.15
109700 1.70546 1.86425 1.81159 5.38131 1362.44
109800 1.76525 1.77821 1.88049 5.42395 1523.23
109900 1.7321 1.79032 1.93526 5.45768 1385.17
110000 1.60423 1.79588 1.85022 5.25032 1376.73
110100 1.6774 1.80533 1.81259 5.29531 1415.1
110200 1.65229 1.82609 1.69202 5.1704 1420.54
110300 1.72945 1.84764 1.73122 5.30831 1429.85
110400 1.63844 1.82949 1.73084 5.19876 1472.59
110500 1.63131 1.80932 1.69003 5.13066 1429.22
110600 1.58031 1.83989 1.72056 5.14076 1378.47
110700 1.65226 1.74827 1.75489 5.15542 1383.88
110800 1.64178 1.62365 1.8537 5.11912 1367.79
110900 1.65443 1.67867 1.95992 5.29302 1496.78
111000 1.72152 1.69102 1.84626 5.2588 1485.1
111100 1.72134 1.70084 1.85578 5.27796 1355.33
111200 1.75961 1.69717 1.8939 5.35068 1378.36
111300 1.81886 1.72508 1.93471 5.47865 1377.73
111400 1.72949 1.64628 1.82358 5.19935 1426.92
111500 1.66464 1.6378 1.8151 5.11754 1421.01
111600 1.5555 1.70232 1.83558 5.0934 1433.97
111700 1.69371 1.70667 1.85238 5.25276 1360.83
111800 1.71288 1.69264 1.90651 5.31203 1367.75
111900 1.79957 1.75139 1.93516 5.48612 1357.56
112000 1.81017 1.7448 1.93998 5.49495 1393.97
112100 1.88467 1.66686 2.00812 5.55965 1518.63
112200 1.92689 1.78576 2.11257 5.82522 1435.36
112300 1.82512 1.71103 2.11832 5.65446 1404.25
112400 1.84288 1.64651 2.01031 5.4997 1354.53
112500 1.8111 1.68481 1.99431 5.49023 1416.67
112600 1.70863 1.82374 1.99363 5.526 1410.18
112700 1.75337 1.8921 2.06198 5.70744 1430.46
112800 1.91009 1.80645 2.29231 6.00885 1457.86
112900 1.98968 1.77578 2.25174 6.0172 1461
113000 1.87178 1.79719 1.92979 5.59876 1376.34
113100 1.85707 1.77988 1.98864 5.6256 1315.37
113200 1.99957 1.81992 2.00936 5.82885 1478.91
113300 1.96227 1.91035 2.10304 5.97567 1414.19
113400 1.7263 1.89147 1.94193 5.55969 1395.47
113500 1.78101 1.90457 2.05746 5.74305 1432.2
113600 1.97408 1.8834 2.08702 5.9445 1435.84
113700 2.03727 1.891 2.07598 6.00425 1386.31
113800 1.9283 1.92736 2.14838 6.00404 1422.07
113900 1.94114 1.97415 2.08741 6.0027 1381.53
114000 2.07715 1.94504 2.04599 6.06819 1444.11
114100 2.01179 1.92346 2.09685 6.03209 1534.67
114200 1.94248 1.87198 2.00705 5.82151 1429.73
114300 2.08648 1.73749 2.04607 5.87003 1415.69
114400 2.16667 1.72493 1.93169 5.82329 1423.32
114500 2.21738 1.67736 1.91453 5.80926 1439.08
114600 2.14997 1.79717 1.94103 5.88817 1419.33
114700 2.06448 1.68862 2.06917 5.82227 1458.28
114800 2.03961 1.55018 2.08757 5.67736 1444.42
114900 1.99226 1.51019 2.01101 5.51345 1460.79
115000 2.05199 1.59764 1.9655 5.61512 1469.77
115100 1.97252 1.6097 1.82858 5.4108 1496.9
115200 1.84475 1.67176 1.90451 5.42102 1397.73
115300 1.81337 1.68255 2.00232 5.49824 1389.16
115400 1.7158 1.70723 1.9467 5.36974 1425.32
115500 1.78788 1.54529 1.9256 5.25877 1546.18
115600 1.67548 1.6546 1.95201 5.28208 1467.62
115700 1.7782 1.7522 1.97332 5.50373 1459.92
115800 1.83911 1.83784 2.1399 5.81685 1436.52
115900 1.82943 1.81914 2.20156 5.85012 1388.36
116000 1.84384 1.92993 2.26046 6.03422 1509.53
116100 1.99453 2.05224 2.24155 6.28831 1479.49
116200 1.85905 2.10877 2.29451 6.26233 1304.97
116300 1.71087 1.92389 2.29194 5.92669 1388.28
116400 1.78118 1.99993 2.21094 5.99205 1462.64
116500 1.99078 1.92548 2.16887 6.08513 1453.68
116600 2.0386 1.90573 2.10091 6.04524 1478.57
116700 1.97668 1.83598 1.89037 5.70303 1530.83
116800 1.9256 1.84797 1.98329 5.75686 1382.38
116900 1.97883 1.96138 2.16011 6.10033 1457.26
117000 2.01377 2.07579 2.18056 6.27013 1364.61
117100 2.07921 1.95291 2.14773 6.17985 1429.14
117200 2.07478 1.96307 2.18066 6.21851 1506.27
117300 2.00725 2.03514 2.24216 6.28454 1416.34
117400 2.08406 2.10903 2.15009 6.34318 1560.02
117500 2.14971 2.09221 2.11202 6.35394 1568.48
117600 2.11428 2.06116 2.07956 6.255 1437.88
117700 2.20511 1.89924 1.98687 6.09122 1466.27
117800 2.34813 1.81706 1.88417 6.04936 1436.92
117900 2.34567 1.88964 1.93827 6.17358 1563.76
118000 2.44593 1.86777 2.01647 6.33017 1561.94
118100 2.53902 1.82548 1.99486 6.35936 1407.91
118200 2.56272 1.7984 2.04761 6.40873 1459.86
118300 2.49203 1.85765 2.0702 6.41989 1449.9
118400 2.59345 1.91811 2.03885 6.55041 1504.84
118500 2.66585 2.13544 1.96344 6.76474 1519.01
118600 2.68631 2.13355 2.02372 6.84358 1540.28
118700 2.75775 2.11591 1.95085 6.82451 1575.42
118800 2.66362 2.11885 2.06622 6.84869 1465.95
118900 2.54883 1.99338 2.11651 6.65872 1485.46
119000 2.50257 2.03536 2.06094 6.59887 1492.67
119100 2.44058 1.92009 2.11749 6.47816 1385.49
119200 2.50715 1.91785 2.00204 6.42705 1334.8
119300 2.52365 1.99006 1.97189 6.4856 1571.53
119400 2.63043 2.02948 2.00979 6.66971 1516.69
119500 2.75089 2.1048 1.92169 6.77738 1503.37
119600 2.81825 2.14098 2.02592 6.98516 1477.46
119700 2.7885 2.16405 2.10337 7.05593 1504.52
119800 2.76459 2.17846 2.09003 7.03309 1447.04
119900 2.97737 2.11132 2.32101 7.4097 1359.26
120000 2.90994 2.07673 2.2536 7.24027 1571.85
120100 2.93702 2.03794 2.10532 7.08028 1464.03
120200 2.92459 1.8767 2.1438 6.94509 1518.43
120300 2.67641 1.87532 1.90943 6.46116 1561.58
120400 2.65349 1.90763 1.96997 6.53109 1518.16
120500 2.78668 1.99124 1.98785 6.76577 1482.53
120600 2.88476 2.02548 1.89369 6.80394 1483.46
120700 2.85685 2.17478 1.99116 7.02279 1463.77
120800 2.80348 2.10027 2.14638 7.05013 1507.48
120900 2.99667 2.03442 2.01627 7.04735 1602.43
121000 2.99882 1.92639 2.1441 7.06931 1529.83
121100 2.98141 1.9045 2.18538 7.0713 1428.91
121200 2.97752 1.88515 2.11207 6.97474 1436.52
121300 2.93023 1.88373 1.91584 6.7298 1516.38
121400 2.97587 1.9585 1.79641 6.73078 1450.43
121500 3.00508 1.98985 1.74689 6.74182 1560.41
121600 3.12957 2.1667 1.917 7.21328 1579.48
121700 3.09885 2.14718 2.05222 7.29825 1467.31
121800 3.14975 2.13213 1.83828 7.12016 1680.15
121900 3.3498 2.05925 1.93857 7.34762 1562.01
122000 3.33032 2.18369 2.00185 7.51585 1460.84
122100 3.35183 2.04797 2.0144 7.4142 1548.78
122200 3.24035 2.00732 1.93441 7.18208 1463.71
122300 3.17555 2.01272 2.00531 7.19359 1558.33
122400 2.92351 2.04606 1.89471 6.86428 1498.87
122500 2.83136 2.16065 1.96924 6.96126 1573.06
122600 2.9061 2.23811 1.8532 6.99742 1546.51
122700 3.06754 2.33711 1.85686 7.26151 1507.05
122800 3.30775 2.56326 1.86133 7.73234 1536.79
122900 3.29768 2.41817 1.89949 7.61534 1577.57
123000 3.32325 2.37589 1.96917 7.66831 1526.77
123100 3.37832 2.46638 1.98247 7.82716 1552.36
123200 3.42238 2.45386 2.06857 7.94481 1493.3
123300 3.32532 2.53704 2.13781 8.00016 1562.7
123400 3.1763 2.38761 2.13362 7.69753 1497.07
123500 3.09664 2.32301 2.06942 7.48907 1585.37
123600 3.12147 2.29198 1.9178 7.33125 1482.39
123700 3.22126 2.30922 1.99805 7.52853 1463.02
123800 3.42381 2.35523 2.01964 7.79868 1444.74
123900 3.49606 2.52184 1.9493 7.9672 1517.95
124000 3.36699 2.63392 1.94202 7.94293 1597.24
124100 3.19388 2.69098 2.04616 7.93103 1528.77
124200 3.22367 2.50547 1.98322 7.71236 1575.85
124300 3.14179 2.43405 2.07923 7.65506 1552.26
124400 3.10535 2.46029 2.12741 7.69305 1478.66
124500 3.01402 2.6296 2.23491 7.87853 1517.38
124600 2.96098 2.60081 2.2746 7.83639 1464.62
124700 3.01047 2.61837 2.18732 7.81617 1426.31
124800 3.05703 2.51973 2.1058 7.68256 1572.68
124900 2.91186 2.45593 2.12619 7.49398 1581.6
125000 2.78426 2.58483 2.13915 7.50824 1566.29
125100 2.69759 2.79397 2.11848 7.61004 1563.14
125200 2.86858 2.78581 1.96102 7.61541 1471.05
125300 2.98224 2.76462 2.00813 7.75498 1518.72
125400 3.14889 2.58562 2.00091 7.73542 1513.38
125500 3.07305 2.40181 1.99695 7.4718 1545.74
125600 3.18311 2.52805 2.04184 7.75301 1525.16
125700 3.06336 2.5193 2.04391 7.62657 1666.66
125800 3.13281 2.68742 2.11194 7.93217 1593.39
125900 3.02689 2.74267 2.05924 7.82881 1408.23
126000 3.06519 2.69632 2.13873 7.90025 1510.2
126100 3.08376 2.71096 2.19669 7.99141 1592.84
126200 2.82927 2.5318 2.12482 7.48589 1579.85
126300 2.83239 2.39517 1.98196 7.20952 1509.22
126400 2.87075 2.32288 1.96734 7.16097 1568.36
126500 2.90686 2.43532 1.94049 7.28266 1531.19
126600 3.07386 2.5345 2.01206 7.62041 1400.09
126700 3.12321 2.5365 1.98211 7.64182 1568.9
126800 3.08403 2.56358 1.91692 7.56454 1583.92
126900 3.06051 2.60719 1.79973 7.46743 1506.72
127000 3.13005 2.44059 1.74231 7.31295 1607.44
127100 3.17664 2.33626 1.74908 7.26198 1492.51
127200 3.04665 2.38252 1.90067 7.32985 1677.1
127300 3.05964 2.47992 2.01704 7.55661 1564.22
127400 2.96461 2.57967 2.06951 7.61379 1541.44
127500 3.03966 2.41153 2.07995 7.53114 1644.68
127600 2.99858 2.51888 2.07487 7.59233 1596.38
127700 3.00397 2.50788 2.07817 7.59002 1704.71
127800 3.06085 2.54662 2.10944 7.71691 1566.95
127900 2.95854 2.47787 2.16656 7.60297 1640.12
128000 3.03681 2.40308 2.15552 7.5954 1579.57
128100 3.042 2.30144 2.05555 7.39899 1537.99
128200 3.01198 2.12147 2.03658 7.17002 1531.9
128300 3.31183 2.07654 1.93404 7.32241 1510.36
128400 3.32496 2.17336 1.92358 7.4219 1646.83
128500 3.38857 2.21951 1.98308 7.59116 1703.42
128600 3.29807 2.34199 1.99001 7.63008 1579.12
128700 3.23291 2.50276 2.03929 7.77496 1624.85
128800 3.10273 2.54686 2.03645 7.68604 1504.43
128900 3.16381 2.37523 1.95286 7.49191 1544.31
129000 3.20363 2.25068 1.90548 7.35979 1582.38
129100 3.14304 2.27533 1.85158 7.26994 1701.18
129200 3.26936 2.33146 1.7712 7.37201 1648.04
129300 3.29369 2.48019 1.82209 7.59597 1705.95
129400 3.16664 2.72224 1.91822 7.80711 1556.93
129500 3.1873 2.93186 1.97813 8.0973 1480.32
129600 3.02354 3.07299 2.08593 8.18247 1522.98
129700 3.02648 3.0862 2.23285 8.34553 1671.03
129800 3.13117 3.23925 2.28945 8.65987 1618.71
129900 2.98284 3.28738 2.289 8.55923 1547.76
130000 2.82729 3.17767 2.33849 8.34345 1560.56
130100 2.71994 3.17964 2.37205 8.27163 1474.54
130200 2.77607 2.83543 2.40885 8.02034 1658.78
130300 3.03391 2.73906 2.4598 8.23277 1730.2
130400 2.97887 2.65037 2.36523 7.99447 1606.31
130500 2.87903 2.63929 2.09287 7.61119 1617.52
130600 2.92625 2.68723 2.08383 7.69732 1568.46
130700 3.11756 2.80239 2.20546 8.12541 1568.44
130800 3.00663 2.93545 2.13417 8.07625 1643.2
130900 2.99847 2.9568 2.28824 8.24351 1621.78
131000 3.03956 2.67691 2.2673 7.98376 1541.76
131100 3.10345 2.54719 2.2095 7.86014 1492.34
131200 3.22808 2.65311 2.32734 8.20852 1602.03
131300 3.33557 2.68653 2.40945 8.43155 1633.79
131400 3.12626 2.6677 2.40841 8.20237 1690.27
131500 3.23225 2.69153 2.37553 8.29931 1701.76
131600 3.37021 2.69181 2.29615 8.35816 1758.23
131700 3.41434 2.56568 2.32018 8.3002 1659.12
131800 3.32774 2.64381 2.27439 8.24594 1635.64
131900 3.01777 2.80847 2.19633 8.02257 1557.09
132000 2.93116 2.80957 2.09751 7.83824 1560.02
132100 2.9826 2.7489 2.11536 7.84686 1660.43
132200 2.97779 2.5853 2.08916 7.65225 1704.1
132300 3.04576 2.53263 2.19862 7.77701 1619.96
132400 3.02852 2.61237 2.35279 7.99368 1557.1
132500 3.17433 2.47815 2.36417 8.01665 1677.58
132600 3.1034 2.25945 2.34647 7.70931 1748.54
132700 2.88601 2.41341 2.24462 7.54404 1636.71
132800 2.91055 2.3468 2.15381 7.41116 1746.77
132900 2.84569 2.2703 2.33693 7.45293 1559.76
133000 2.86371 2.3153 2.39838 7.57738 1573.16
133100 3.10503 2.30951 2.49238 7.90693 1614.98
133200 3.13403 2.30278 2.40001 7.83682 1790.51
133300 3.53369 2.31196 2.21878 8.06443 1712.51
133400 3.50843 2.59256 2.34355 8.44454 1677.38
133500 3.46697 2.72576 2.42334 8.61607 1634.23
133600 3.52836 2.72208 2.40755 8.65799 1601.41
133700 3.42287 2.63921 2.33048 8.39255 1592.1
133800 3.64022 2.58277 2.39081 8.6138 1662.16
133900 3.73446 2.43264 2.43177 8.59886 1646.08
134000 3.50449 2.43859 2.4234 8.36648 1628.61
134100 3.72009 2.42952 2.31524 8.46485 1732.3
134200 3.69001 2.49866 2.33817 8.52684 1701.43
134300 3.4288 2.4498 2.18886 8.06746 1628.82
134400 3.19675 2.52888 2.11871 7.84435 1624.46
134500 3.26219 2.56379 2.01628 7.84226 1590.15
134600 3.35993 2.54629 2.00973 7.91595 1593.03
134700 3.43221 2.29993 2.16393 7.89607 1663.79
134800 3.31416 2.46115 2.13504 7.91034 1750.17
134900 3.23728 2.5208 2.16416 7.92224 1672.57
135000 3.22712 2.49794 2.30388 8.02893 1631.82
135100 3.18757 2.49558 2.27661 7.95975 1634.68
135200 3.1829 2.39935 2.3173 7.89955 1730.04
135300 3.51568 2.53592 2.26837 8.31997 1641.24
135400 3.93332 2.54631 2.0874 8.56703 1604.37
135500 4.0136 2.68811 1.97552 8.67723 1579.12
135600 3.66261 2.41159 1.92662 8.00083 1657.82
135700 3.60095 2.19355 1.90995 7.70445 1689.01
135800 3.48011 2.1419 1.93173 7.55375 1817.24
135900 3.43978 2.2489 1.89388 7.58256 1641.08
136000 3.56243 2.41536 1.97051 7.9483 1606.89
136100 3.55592 2.42815 2.05685 8.04092 1560
136200 3.63132 2.48329 2.02887 8.14349 1574.62
136300 3.72316 2.46567 2.08375 8.27258 1716.96
136400 3.60039 2.59467 2.11899 8.31405 1777.29
136500 3.56148 2.52873 2.04841 8.13862 1714.32
136600 3.60727 2.58089 1.98659 8.17475 1660.93
136700 3.78495 2.54028 2.06258 8.3878 1773.5
136800 3.63803 2.28893 2.19217 8.11912 1646.79
136900 3.90369 2.34653 2.23751 8.48774 1714.99
137000 4.12595 2.56361 2.08073 8.77029 1576.32
137100 4.01822 2.63951 2.07771 8.73543 1754.64
137200 3.921 2.74489 2.11472 8.7806 1722.37
137300 3.98047 2.79924 2.02916 8.80887 1721.48
137400 3.73823 2.79158 2.15737 8.68718 1735.49
137500 3.99839 2.86016 2.28434 9.1429 1662.41
137600 3.72661 2.92492 2.19574 8.84727 1635.17
137700 3.62923 2.85565 2.20344 8.68832 1654.49
137800 3.49462 2.75816 2.39626 8.64905 1673.02
137900 3.73201 2.85419 2.57945 9.16564 1644.51
138000 3.78764 2.97335 2.50163 9.26262 1796.85
138100 3.66879 3.19276 2.4771 9.33866 1617.94
138200 3.66062 3.17133 2.35172 9.18366 1663.58
138300 3.62058 2.98317 2.43883 9.04258 1582.1
138400 3.27443 2.7547 2.35782 8.38694 1600.92
138500 3.64635 2.612 2.31737 8.57572 1678.68
138600 3.84805 2.38135 2.38723 8.61663 1673.83
138700 3.56588 2.37649 2.44207 8.38444 1665.12
138800 3.53041 2.39546 2.6188 8.54466 1793.66
138900 3.70728 2.44662 2.65763 8.81153 1745.28
139000 3.69548 2.50126 2.78583 8.98258 1679.59
139100 3.63406 2.77969 2.86333 9.27708 1666.51
139200 3.39299 2.66974 3.02197 9.08471 1731.58
139300 3.26346 2.68353 2.92536 8.87235 1785.68
139400 3.22506 2.6433 2.84738 8.71574 1871.42
139500 3.44629 2.61043 2.86623 8.92295 1742.62
139600 3.66005 2.56285 2.9695 9.1924 1728.31
139700 3.67262 2.63333 2.86774 9.17369 1678.27
139800 3.54144 2.55464 2.95037 9.04646 1699.7
139900 3.44181 2.47598 2.8874 8.80519 1612.8
140000 3.49523 2.53703 2.74875 8.78101 1641.39
140100 3.58511 2.66492 2.67368 8.92371 1588.16
140200 3.39651 2.85359 2.74685 8.99695 1797.94
140300 3.64402 2.89775 2.72881 9.27058 1774.95
140400 3.67667 2.90394 2.84708 9.42769 1675.84
140500 3.70394 2.81916 2.83208 9.35517 1664.64
140600 3.76078 2.85479 2.93074 9.54631 1605.87
140700 3.67915 3.00091 2.97506 9.65511 1747.88
140800 3.57551 3.08 3.02356 9.67907 1769.89
140900 3.70195 2.97525 3.1607 9.8379 1726.68
141000 3.59905 2.78091 3.17951 9.55946 1607.65
141100 3.53502 2.68603 3.30597 9.52701 1555.71
141200 3.33777 2.69641 3.07665 9.11083 1778.91
141300 3.45464 2.76978 3.01191 9.23633 1763.63
141400 3.49334 3.09866 3.00763 9.59963 1708.39
141500 3.51238 3.22078 2.96632 9.69948 1772.77
141600 3.64389 2.98905 3.08578 9.71872 1780.8
141700 3.74645 2.67419 3.05827 9.47891 1756.93
141800 3.61564 2.4479 3.05702 9.12056 1552.62
141900 3.77476 2.38664 2.90596 9.06737 1752.56
142000 3.9508 2.55227 2.90031 9.40338 1667.95
142100 3.93596 2.68127 2.90787 9.5251 1694.98
142200 4.085 2.53175 2.85632 9.47307 1729.5
142300 3.97534 2.52825 2.55772 9.06131 1804.72
142400 4.1954 2.49834 2.60939 9.30314 1797
142500 4.312 2.5652 2.7591 9.6363 1613.02
142600 4.466 2.55221 2.77723 9.79544 1626.31
142700 4.57555 2.61193 2.64102 9.8285 1690.47
142800 4.70597 2.80016 2.63375 10.1399 1722.98
142900 4.77707 2.64504 2.66486 10.087 1693.59
143000 4.71766 2.60816 2.63162 9.95744 1652.65
143100 4.77762 2.63523 2.8235 10.2364 1688.1
143200 4.81811 2.72461 2.93246 10.4752 1728.02
143300 4.8835 2.7815 2.87737 10.5424 1756.72
143400 4.85767 2.87855 2.72123 10.4574 1697.39
143500 4.75682 2.87674 2.68407 10.3176 1842.29
143600 4.79215 2.74423 2.8754 10.4118 1738.06
143700 4.83907 2.86876 2.79387 10.5017 1804.35
143800 4.77601 2.76664 2.91968 10.4623 1606.55
143900 4.83289 2.75911 2.93052 10.5225 1652.78
144000 5.05117 2.6762 2.88268 10.61 1830.96
144100 5.01653 2.74148 2.83338 10.5914 1728.32
144200 4.95735 2.61647 2.74101 10.3148 1782.77
144300 5.11353 2.56833 2.60265 10.2845 1634.22
144400 5.07863 2.50476 2.76587 10.3493 1655.4
144500 5.03112 2.49656 2.70742 10.2351 1731.1
144600 4.91699 2.57068 2.90791 10.3956 1736.25
144700 4.79845 2.77583 2.9306 10.5049 1750.83
144800 4.79058 2.77763 2.93985 10.5081 1820.98
144900 5.08413 2.75265 2.76387 10.6006 1779.21
145000 5.01711 2.83091 2.69443 10.5425 1695.4
145100 5.27297 2.7507 2.76241 10.7861 1693.73
145200 5.20906 2.7554 2.8722 10.8367 1831.2
145300 5.18218 2.85044 2.78749 10.8201 1860.15
145400 5.12823 2.9298 2.93317 10.9912 1669.23
145500 5.15745 2.8865 2.88406 10.928 1799.91
145600 5.15073 3.03004 2.99435 11.1751 1844.2
145700 5.03302 3.18609 3.01263 11.2317 1819.12
145800 5.26256 3.34521 3.09354 11.7013 1789.97
145900 5.19343 3.45842 3.06396 11.7158 1676.38
146000 4.98046 3.43711 3.18442 11.602 1678.44
146100 5.21138 3.44098 3.29343 11.9458 1796.03
146200 5.4704 3.63189 3.4092 12.5115 1827.77
146300 5.37987 3.51536 3.30947 12.2047 1800.98
146400 4.90906 3.65995 3.49228 12.0613 1753.43
146500 5.04641 3.5579 3.54725 12.1516 1663.29
146600 5.22242 3.42027 3.36652 12.0092 1671.86
146700 5.3309 3.39091 3.15227 11.8741 1740.43
146800 5.20165 3.21709 3.00963 11.4284 1741
146900 5.11871 3.27899 3.18281 11.5805 1795.44
147000 5.07898 3.2448 3.16492 11.4887 1733.44
147100 4.9364 3.19772 3.27624 11.4104 1875.66
147200 5.06046 3.20728 3.36758 11.6353 2005.52
147300 5.37728 3.35652 3.36488 12.0987 1854.49
147400 5.20018 3.40366 3.47026 12.0741 1766.07
147500 5.14484 3.57792 3.50232 12.2251 1768.6
147600 5.18552 3.80005 3.30831 12.2939 1830.91
147700 5.34727 3.75459 3.35048 12.4523 1833.49
147800 5.28805 3.7863 3.479 12.5534 1608.61
147900 5.30367 3.9772 3.56555 12.8464 1845.13
148000 5.39886 3.72209 3.5589 12.6799 1863.03
148100 5.46195 3.49109 3.61334 12.5664 1921.82
148200 5.26839 3.45103 3.74737 12.4668 1819.78
148300 5.0219 3.3773 3.55142 11.9506 1905.38
148400 5.0745 3.36299 3.52859 11.9661 1567.08
148500 5.12835 3.55623 3.62665 12.3112 1701.72
148600 5.06847 3.40849 3.69046 12.1674 1835.59
148700 4.9199 3.43162 3.61425 11.9658 1772.94
148800 5.02381 3.43089 3.57856 12.0333 1925.4
148900 5.32413 3.5586 3.74674 12.6295 1822.06
149000 5.27865 3.35677 3.62272 12.2581 1764.55
149100 5.32723 3.333 3.77552 12.4358 1702.14
149200 5.19424 3.34717 3.90025 12.4417 1598.81
149300 4.80537 3.3679 4.08358 12.2569 1753.12
149400 4.60978 3.6243 4.1428 12.3769 1808.39
149500 4.51684 3.55828 4.08647 12.1616 1699.68
149600 4.49009 3.69871 4.22732 12.4161 1721.01
149700 4.38697 3.78658 4.11322 12.2868 1920.53
149800 4.36198 3.73242 4.03286 12.1273 1769.34
149900 4.4182 3.71273 4.08227 12.2132 1750.92
150000 4.73717 3.67806 3.9915 12.4067 1824.02
150100 4.84209 3.44886 3.81715 12.1081 1817.36
150200 5.16466 3.35783 3.69626 12.2188 1772.82
150300 5.10484 3.49259 3.82628 12.4237 1916.92
150400 4.94311 3.46106 3.96757 12.3717 1717.59
150500 4.94346 3.73834 4.18547 12.8673 1914
150600 4.973 3.63175 4.31621 12.921 1727.39
150700 4.93655 3.55805 4.30513 12.7997 1815.5
150800 4.75078 3.48301 4.23584 12.4696 1728.75
150900 5.20316 3.47207 4.37741 13.0526 1872.35
151000 5.24778 3.44764 4.52667 13.2221 1743.53
151100 5.42383 3.56615 4.45217 13.4422 1775.38
151200 5.39589 3.64214 4.50927 13.5473 1859.29
151300 5.29363 3.79257 4.4483 13.5345 1825.47
151400 5.18384 3.75021 4.0983 13.0324 1907.87
151500 5.29743 3.71003 4.22474 13.2322 1884.4
151600 5.40969 3.49195 4.30418 13.2058 1764.54
151700 5.21316 3.4242 4.39627 13.0336 1835.43
151800 5.11158 3.57875 4.54103 13.2314 1790.24
151900 5.09217 3.55536 4.52871 13.1762 1870.52
152000 5.26331 3.54798 4.38012 13.1914 1675.65
152100 5.27741 3.47214 4.18477 12.9343 1786.44
152200 5.29539 3.44033 4.22391 12.9596 1810.5
152300 5.32283 3.61725 4.39119 13.3313 1844.45
152400 5.3659 3.89607 4.74742 14.0094 1833.58
152500 5.33761 4.01337 4.4815 13.8325 1933.46
152600 5.37989 3.88384 4.23061 13.4943 1801.74
152700 5.29791 3.79665 4.15928 13.2538 1725.81
152800 5.05442 3.69995 4.48037 13.2347 1798.61
152900 5.1166 3.49666 4.54608 13.1594 1889.85
153000 4.90941 3.59918 4.3152 12.8238 1873.74
153100 4.92759 3.7099 4.40341 13.0409 1823.96
153200 5.00596 3.59982 4.6058 13.2116 1814.5
153300 4.76051 3.53829 4.50423 12.803 1787.09
153400 4.89575 3.73631 4.18835 12.8204 1729.62
153500 5.03764 3.78554 4.13283 12.956 1762.77
153600 5.06529 3.8138 4.15005 13.0291 1888.28
153700 5.28281 3.5428 4.15399 12.9796 1852.31
153800 5.47228 3.41839 4.04144 12.9321 1960.75
153900 5.61993 3.37352 4.05873 13.0522 1834.71
154000 5.6513 3.37465 3.99834 13.0243 1854.33
154100 5.84234 3.44418 4.0289 13.3154 1869.74
154200 5.75702 3.34356 4.2473 13.3479 1905.84
154300 5.63956 3.59448 4.46675 13.7008 1837.37
154400 5.58174 3.44698 4.34833 13.377 1812.1
154500 5.61742 3.29853 4.49742 13.4134 1855.09
154600 5.47154 3.57093 3.99616 13.0386 1883.36
154700 5.57115 3.53311 3.90048 13.0047 1922.31
154800 5.56879 3.38229 3.98239 12.9335 1823.08
154900 5.41847 3.37818 4.34418 13.1408 1781.04
155000 5.25878 3.5491 4.39349 13.2014 1803.73
155100 5.64766 3.53421 4.05329 13.2352 1778.69
155200 5.61801 3.72391 3.99855 13.3405 1973.28
155300 5.67654 3.70959 4.24193 13.6281 1985.61
155400 5.44037 3.91682 4.33045 13.6876 1922.9
155500 5.26045 3.9884 4.34318 13.592 1942.84
155600 5.17191 4.00739 4.37283 13.5521 1846.2
155700 5.07611 3.90956 4.53881 13.5245 1808.29
155800 5.08847 3.92501 4.58753 13.601 1838.34
155900 5.24113 3.86866 4.75489 13.8647 1882.18
156000 5.43381 3.97908 4.74688 14.1598 1710.89
156100 5.21414 4.02017 4.59147 13.8258 1975.7
156200 5.38194 3.93058 4.61795 13.9305 1992.57
156300 5.47331 4.09027 4.5742 14.1378 1916
156400 5.67187 4.30541 4.76792 14.7452 1890.3
156500 5.818 4.13867 4.62075 14.5774 1768.8
156600 5.74876 4.19341 4.59457 14.5367 1892.09
156700 5.56516 3.98963 4.69567 14.2505 1803.95
156800 5.63571 4.07169 4.66141 14.3688 1846.79
156900 5.5775 4.12498 4.91826 14.6208 2048.64
157000 5.49397 4.03387 4.72634 14.2542 1953.93
157100 5.50906 3.98267 4.51591 14.0076 1882.43
157200 5.56979 3.93017 4.49478 13.9947 1821.42
157300 5.6471 4.00991 4.49743 14.1544 1823.24
157400 5.8491 4.08893 4.51385 14.4519 1906.58
157500 5.94245 4.10035 4.49701 14.5398 1921.81
157600 5.73733 4.12857 4.83785 14.7038 1818.7
157700 5.78297 4.15819 4.85671 14.7979 1833.34
157800 5.80955 4.22202 4.76436 14.7959 1794.93
157900 5.70497 4.16171 4.88034 14.747 1858.74
158000 5.53142 4.28854 4.9845 14.8045 1949.72
158100 5.63839 4.05337 5.05812 14.7499 1901.41
158200 5.53829 4.04692 5.04443 14.6296 1889.65
158300 5.70694 3.93683 4.9154 14.5592 1835.69
158400 5.70121 3.98716 4.81137 14.4997 1735.23
158500 5.58914 3.96834 4.96587 14.5234 1796.23
158600 5.76557 4.19261 4.76877 14.727 1765.48
158700 5.73617 4.24984 4.72929 14.7153 1983.66
158800 5.74941 4.29905 4.78705 14.8355 1830.1
158900 5.63299 4.28697 4.72543 14.6454 1814.83
159000 5.35956 4.39716 5.0777 14.8344 1805.75
159100 5.45363 4.36157 4.93067 14.7459 1942.89
159200 5.56746 4.33365 5.0348 14.9359 1935.21
159300 5.42742 4.42055 5.07917 14.9271 1792.13
159400 5.66152 4.41452 5.16655 15.2426 1713.78
159500 5.72611 4.34313 5.37812 15.4474 1807.09
159600 5.85426 4.27381 5.37626 15.5043 2010.01
159700 5.85883 4.51077 5.1997 15.5693 1884.56
159800 6.00033 4.61351 5.25936 15.8732 1917.96
159900 6.02153 4.62428 5.17452 15.8203 1847.39
160000 6.09718 4.68828 5.22958 16.015 1788.5
160100 6.11635 4.72788 5.09466 15.9389 1836.5
160200 6.27046 4.90016 5.08513 16.2557 1729.03
160300 6.44917 4.98045 5.4392 16.8688 1820.96
160400 6.89285 4.76595 5.52983 17.1886 1852.71
160500 6.59737 4.8474 5.35187 16.7966 1994.7
160600 6.55881 4.90739 5.42745 16.8937 1837.11
160700 6.60649 4.66736 5.68672 16.9606 1878.22
160800 6.28895 4.58091 5.31326 16.1831 1887.14
160900 6.0934 4.80298 5.21821 16.1146 1796.05
161000 5.88417 4.90503 5.55723 16.3464 1881.59
161100 6.19277 4.93032 5.76339 16.8865 1911.27
161200 6.27763 4.97108 5.56169 16.8104 1853.68
161300 6.06095 4.92258 5.45652 16.44 1995.17
161400 6.53738 5.02139 5.72147 17.2802 1860.41
161500 6.19924 5.18521 5.5012 16.8856 1784.03
161600 5.75416 5.17784 5.49351 16.4255 1886.6
161700 5.97688 5.20374 5.52637 16.707 1923.03
161800 6.31355 5.11677 5.51619 16.9465 1871.18
161900 6.38476 5.10061 5.66933 17.1547 1777.37
162000 6.0923 5.16753 5.41167 16.6715 1808.58
162100 6.03117 5.01514 5.159 16.2053 1958.95
162200 5.99859 4.97113 5.2399 16.2096 1932.55
162300 6.01683 4.97827 5.48795 16.4831 1830.8
162400 6.0261 5.07849 5.22624 16.3308 1971.45
162500 6.05613 5.03712 5.43154 16.5248 2049.53
162600 5.84207 4.86199 5.41666 16.1207 1950
162700 6.04174 5.01938 5.42366 16.4848 1929.8
162800 6.28064 5.11482 5.538 16.9335 1820.62
162900 6.3192 5.36714 5.27047 16.9568 1825.11
163000 6.2954 5.44967 5.49014 17.2352 1867.01
163100 6.2314 5.19919 5.77498 17.2056 2026.85
163200 6.44681 5.32136 5.8469 17.6151 2006.36
163300 6.55604 5.38675 5.52523 17.468 1783.69
163400 6.42352 5.49872 5.20524 17.1275 1935.25
163500 6.52016 5.51731 5.20651 17.244 2002.1
163600 6.36659 5.35856 5.17336 16.8985 1910.89
163700 6.45695 5.40699 5.24647 17.1104 2016.32
163800 6.43996 5.22554 5.15304 16.8185 2006.19
163900 6.73807 5.48805 5.11869 17.3448 1886.38
164000 6.82031 5.28405 4.97752 17.0819 1836.18
164100 6.68664 5.44637 4.93432 17.0673 1868.86
164200 6.54873 5.42174 4.9439 16.9144 1848.26
164300 6.44893 5.51679 5.13532 17.101 2044.16
164400 7.06318 5.41596 5.13937 17.6185 1816.15
164500 7.08965 5.5819 5.03181 17.7034 1813.28
164600 7.00771 5.68837 5.25324 17.9493 1816.82
164700 7.26785 5.3571 5.35992 17.9849 1761.04
164800 7.2146 5.21774 5.36366 17.796 1891.34
164900 7.29128 4.92389 5.56524 17.7804 1863.99
165000 6.77665 4.93038 5.59457 17.3016 2085.09
165100 6.77903 5.24189 5.60584 17.6268 1902.22
165200 6.70808 5.3291 5.72793 17.7651 2045.01
165300 6.8227 5.3294 5.83348 17.9856 1931.34
165400 6.95965 5.43888 5.82342 18.222 1953.34
165500 7.13716 5.45914 5.76572 18.362 1899.13
165600 7.31161 5.36843 5.55495 18.235 1913.17
165700 7.24853 5.5609 5.51906 18.3285 1957.1
165800 7.45694 5.74786 5.87722 19.082 1974.26
165900 7.86849 5.82761 5.92733 19.6234 1920.93
166000 7.73832 5.91485 5.98316 19.6363 1973.54
166100 7.46437 5.72426 6.20558 19.3942 1810.79
166200 7.52447 5.54993 5.88833 18.9627 2020.85
166300 7.7386 5.6393 5.82099 19.1989 1901.32
166400 7.497 5.26156 5.68562 18.4442 2054.17
166500 7.49656 5.43516 5.96058 18.8923 1991.13
166600 7.33582 5.3321 5.96868 18.6366 1905.91
166700 7.45079 5.23964 5.74862 18.4391 1883.77
166800 7.66789 5.28162 6.03302 18.9825 1952.61
166900 7.36447 5.07113 6.16092 18.5965 1973.3
167000 7.44484 5.26962 6.32565 19.0401 1936.22
167100 7.30153 5.31051 6.48678 19.0988 1862.63
167200 7.24482 5.57328 6.6922 19.5103 1901.24
167300 7.06727 5.77395 6.65542 19.4966 1901.45
167400 7.26057 6.21298 6.52196 19.9955 2122.26
167500 7.23664 6.40538 6.68013 20.3221 2045.63
167600 7.19225 6.18655 6.52183 19.9006 2046.43
167700 7.16971 6.02464 6.58755 19.7819 2001.64
167800 6.97349 5.96004 6.79732 19.7309 1964.74
167900 6.96544 6.00288 6.91536 19.8837 1906.4
168000 7.15969 6.18089 6.98621 20.3268 1974
168100 6.93014 6.38465 6.36347 19.6783 2175.64
168200 7.52009 6.26202 6.35806 20.1402 1955.04
168300 7.67458 6.51373 6.61409 20.8024 1966.59
168400 7.64807 6.61559 7.01351 21.2772 2033.54
168500 7.72537 6.54166 7.04399 21.311 2065.94
168600 7.83999 6.69762 7.17162 21.7092 2144.55
168700 8.09401 6.61485 7.3429 22.0518 2042.04
168800 7.96844 6.51536 7.17185 21.6556 1931.7
168900 7.66664 6.83388 7.02423 21.5247 2028.76
169000 7.78489 6.83624 7.29116 21.9123 1851.54
169100 7.62273 6.78434 7.21537 21.6224 2047.48
169200 7.6858 6.87117 7.15267 21.7096 2030.86
169300 7.6333 6.76553 7.32302 21.7218 2083.21
169400 7.79006 6.75168 7.62896 22.1707 1928.17
169500 7.69073 6.81693 7.69616 22.2038 1980.74
169600 7.74898 7.05826 7.69157 22.4988 1896.14
169700 7.62586 7.02857 7.55398 22.2084 1956.86
169800 7.48359 7.16743 7.47104 22.1221 2007.41
169900 7.73288 7.22184 7.43663 22.3914 2016.38
170000 7.86495 7.13163 7.41477 22.4114 1954.37
170100 7.97408 7.09913 7.53529 22.6085 1938.36
170200 7.93008 6.70563 7.4315 22.0672 2010
170300 7.93884 6.96321 7.31016 22.2122 2125.61
170400 7.8608 7.07731 7.35069 22.2888 2043.12
170500 7.53347 7.10985 7.38279 22.0261 1952.04
170600 7.53703 7.19558 7.23583 21.9684 1954.51
170700 7.63935 7.42788 7.16652 22.2338 1943.35
170800 7.63734 7.44777 7.47799 22.5631 2087.98
170900 7.76294 7.25363 7.7325 22.7491 2023.86
171000 7.81753 6.95892 7.27891 22.0554 2011.47
171100 7.8234 7.0818 7.25119 22.1564 1962.38
171200 7.62546 6.97876 7.64753 22.2518 2035.28
171300 7.64136 7.33011 7.85566 22.8271 2036.68
171400 7.5561 7.34737 7.54736 22.4508 1820.09
171500 7.57512 7.46255 7.73308 22.7707 1888.05
171600 7.91583 7.30416 7.86602 23.086 1986.88
171700 8.04039 7.68344 8.11935 23.8432 2072.07
171800 7.88462 7.84987 8.04413 23.7786 2076.26
171900 8.19132 7.8571 8.13656 24.185 1986.73
172000 8.19036 7.95429 8.10535 24.25 1963.81
172100 8.05683 7.83224 8.23664 24.1257 1936.14
172200 7.67881 7.92266 8.01928 23.6207 1938.61
172300 7.58091 8.01198 8.1849 23.7778 1973.35
172400 7.50468 7.7122 8.40071 23.6176 2030.64
172500 7.5934 7.5877 8.12336 23.3045 2116.21
172600 7.69364 7.78284 7.6789 23.1554 1961.49
172700 7.80953 7.8549 7.60834 23.2728 2159.16
172800 7.89118 8.01145 7.60005 23.5027 1894.02
172900 8.05049 7.7983 7.37509 23.2239 2040.31
173000 7.9651 7.89615 7.7825 23.6437 2110.91
173100 8.32019 8.25616 7.80666 24.383 2125.57
173200 8.75067 8.44428 7.65047 24.8454 2037.43
173300 8.73499 8.47463 7.26494 24.4746 1963.65
173400 8.12583 8.22706 7.17822 23.5311 2075.49
173500 8.03174 8.17728 7.4649 23.6739 2093.38
173600 8.10295 8.15272 7.98558 24.2413 2058.76
173700 8.12695 8.38799 7.89323 24.4082 2017.4
173800 8.5054 8.41005 7.92356 24.839 2046.23
173900 8.7443 8.5405 7.70383 24.9886 2039.13
174000 8.75679 8.43793 8.19401 25.3887 2170.76
174100 9.12906 7.96963 8.42732 25.526 2088.06
174200 8.95737 8.10918 8.16348 25.23 2004.11
174300 8.74988 8.02123 7.9572 24.7283 1991.31
174400 8.93053 7.80325 8.02893 24.7627 2050.73
174500 8.71565 7.73557 7.76783 24.219 2055.47
174600 8.45723 7.606 7.91657 23.9798 2250.2
174700 8.50602 7.5584 8.18831 24.2527 2197.72
174800 8.70989 7.72988 8.25175 24.6915 2047.53
174900 8.40068 7.87896 8.43363 24.7133 2061.53
175000 8.75926 7.9592 8.42598 25.1444 1950.39
175100 9.24028 7.8223 8.63155 25.6941 2231.78
175200 9.31357 7.90407 8.53945 25.7571 1939.93
175300 9.35123 7.983 8.48012 25.8144 1948.72
175400 9.50134 8.54606 8.38752 26.4349 1911.48
175500 9.46948 8.43976 7.92537 25.8346 2134.33
175600 9.08196 8.67189 8.23789 25.9917 2039.06
175700 9.14912 8.73828 8.21218 26.0996 2067.39
175800 9.1627 9.00708 8.16604 26.3358 1975.37
175900 9.14467 9.17185 8.38937 26.7059 1905.39
176000 9.4442 9.11213 8.41989 26.9762 2060.79
176100 9.79712 9.05656 8.48342 27.3371 2032.19
176200 9.72132 9.15662 8.95581 27.8338 2170.94
176300 9.42449 8.90966 9.46075 27.7949 2023.38
176400 9.65676 8.95007 9.47297 28.0798 1889.64
176500 9.76249 9.23168 9.29001 28.2842 1977.33
176600 9.93248 8.8697 9.15912 27.9613 1865.85
176700 10.056 8.82871 8.77093 27.6556 2044.61
176800 10.2311 8.84174 8.94395 28.0168 2032.29
176900 10.5078 9.24368 8.93077 28.6822 2067.03
177000 10.7512 9.20921 8.82371 28.7841 2068.16
177100 10.1075 9.28406 8.71747 28.109 2067.08
177200 9.93787 9.40167 8.99374 28.3333 2072.49
177300 10.0507 9.52588 8.91264 28.4893 2062.07
177400 9.71079 9.3376 8.93311 27.9815 2069.63
177500 10.0634 9.66191 8.71195 28.4373 2049.3
177600 10.1628 9.78049 9.31911 29.2624 2216.43
177700 9.88141 9.92551 9.55302 29.3599 2158.14
177800 9.92232 9.83725 9.36464 29.1242 2129.49
177900 10.1963 9.96641 9.18221 29.3449 2085.77
178000 9.97618 10.1367 9.12173 29.2346 2057.63
178100 9.68718 10.0558 8.92476 28.6677 2076.28
178200 9.83786 9.90771 9.079 28.8246 1830.84
178300 9.95451 9.92942 9.2223 29.1062 1948.28
178400 9.725 9.53348 9.66668 28.9252 2058.73
178500 9.81616 9.65132 9.6036 29.0711 2024.81
178600 9.86632 9.82952 9.20402 28.8999 2036.13
178700 9.99734 9.66888 9.40413 29.0704 2173.96
178800 9.84933 9.62746 9.51782 28.9946 1983.89
178900 9.8213 10.07 9.39145 29.2827 2105.78
179000 9.90111 10.1286 9.55418 29.5839 2091.62
179100 9.96337 10.0176 9.59514 29.5761 2078.36
179200 9.70293 10.4016 9.77024 29.8747 2191.26
179300 9.88446 10.2408 9.34939 29.4746 2129.92
179400 9.83785 10.3467 9.66701 29.8516 2014.07
179500 10.2933 10.3241 10.2265 30.8439 2003.97
179600 10.4255 9.77907 10.1508 30.3554 2117.68
179700 10.5269 10.0152 10.0731 30.6151 2085.8
179800 10.6889 10.1003 10.452 31.2412 2008.91
179900 10.9968 9.94303 10.4752 31.415 2047.54
180000 11.3262 9.97466 10.5438 31.8447 2096.16
180100 11.7058 10.1856 10.5131 32.4045 1179.59
180200 11.5996 10.0263 10.6551 32.281 786.645
180300 11.3152 10.0763 10.7292 32.1207 498.021
180400 11.3123 10.0354 10.6398 31.9876 387.467
180500 11.2273 10.1688 10.5974 31.9935 304.762
180600 11.2238 10.2367 10.5181 31.9787 273.67
180700 11.2219 10.3009 10.5082 32.031 263.089
180800 11.1923 10.3969 10.5977 32.187 280.121
180900 11.2523 10.3727 10.6118 32.2367 323.182
181000 11.3692 10.2846 10.5762 32.23 323.968
181100 11.3637 10.2095 10.5939 32.1672 328.954
181200 11.3007 10.1365 10.5844 32.0216 316.235
181300 11.3184 10.2425 10.5999 32.1608 279.567
181400 11.1591 10.3007 10.6207 32.0804 285.523
181500 11.2033 10.3272 10.6657 32.1963 303.458
181600 11.1491 10.3857 10.5038 32.0387 294.678
181700 11.2122 10.3961 10.5133 32.1216 316.783
181800 11.3628 10.271 10.4985 32.1323 300.949
181900 11.3831 10.3274 10.3907 32.1013 292.865
182000 11.3669 10.3995 10.4164 32.1828 309.792
182100 11.3136 10.3708 10.3968 32.0813 309.965
182200 11.3417 10.1947 10.4376 31.9741 307.65
182300 11.4235 10.17 10.5495 32.143 293.402
182400 11.4663 10.226 10.6269 32.3192 290.971
182500 11.4545 10.1858 10.5681 32.2084 292.42
182600 11.5259 10.2384 10.5879 32.3522 326.795
182700 11.4394 10.2785 10.5196 32.2375 312.701
182800 11.4154 10.3315 10.4816 32.2285 318.822
182900 11.5109 10.3221 10.2979 32.1308 277.913
183000 11.5747 10.372 10.3214 32.2681 265.902
183100 11.5271 10.3469 10.2966 32.1706 305.019
183200 11.5755 10.3757 10.4377 32.3889 313.216
183300 11.581 10.3964 10.415 32.3924 333.341
183400 11.6593 10.3215 10.4127 32.3936 297.941
183500 11.7746 10.3079 10.4799 32.5624 270.854
183600 11.7036 10.3129 10.4979 32.5144 288.914
183700 11.56 10.3627 10.3704 32.2931 287.326
183800 11.4193 10.3441 10.2535 32.0169 297.037
183900 11.4786 10.2636 10.2952 32.0375 301.047
184000 11.5533 10.219 10.3998 32.1721 301.793
184100 11.6114 10.2314 10.4276 32.2704 294.985
184200 11.5627 10.3242 10.4389 32.3257 297.788
184300 11.5374 10.3553 10.414 32.3067 281.696
184400 11.6121 10.351 10.2499 32.2129 301.955
184500 11.596 10.2484 10.1586 32.0031 312.479
184600 11.6401 10.2178 10.2503 32.1082 308.424
184700 11.5636 10.2171 10.2396 32.0203 301.101
184800 11.5656 10.2378 10.2796 32.083 308.553
184900 11.4955 10.2196 10.2914 32.0065 282.29
185000 11.5574 10.319 10.3525 32.2289 305.425
