# Stress and strain vectors, 333-EXP-6-vasp, positive deformation 6
# eps sig1 sig2 sig3 sig4 sig5 sig6
0 -0 -0 -0 -0 -0 -0
0.00399999999999997 1.59593280309551 0.95191432178433 1.08972835399961 0.112453032417321 -0.166601791241028 0.14150940478565
0.00800000000000006 1.35935510580604 0.745331160403658 0.853825280726359 0.192688225882529 -0.104615323680019 0.107182242376005
0.0120000000000001 1.34914310851011 0.45986507205053 0.482498405374013 -0.154763080522847 0.223612218265927 0.168874934488864
0.0160000000000002 1.16168442906875 0.614549001468429 0.447185811122901 0.0461262544408161 0.167688846388305 0.0806665166292916
0.0199999999999998 1.00433284758848 0.719694107933734 0.115763417012025 -0.277617119728071 0.229680320297779 0.174569078133172
0.0239999999999999 1.29244376098208 1.09515145087615 0.630241551974172 -0.109758028563742 -0.103562593786848 0.00774897106237751
0.028 0.829406833303895 0.827844664857712 0.639557482430501 -0.157401097068158 0.154171584224384 -0.10165027539768
0.0320000000000001 1.48377848416732 0.589195252421318 1.15709820468078 -0.0935186557135305 -0.0847387696777786 0.101037316606729
0.0360000000000001 1.20426099339749 0.691840987138785 1.08504481990437 0.0340171707097181 0.117100235802627 0.0534526484223964
0.0399999999999998 1.26770971895652 1.52784481677332 1.04204125943811 0.0853032143358169 -0.20967637620856 0.194158635510294
0.0439999999999999 1.57799818086625 1.20068911412051 1.19534109183885 -0.107523786377786 -0.101662260982275 0.16803123528048
0.0479999999999999 1.30008984560861 0.729797229892264 1.30228857227523 0.0419114241523008 0.218868018021014 0.420380947464033
0.052 1.15528670972373 0.628434828753913 0.964637665303516 0.0181528128149221 -0.117027905988185 0.192640005053722
0.0560000000000001 1.45284372634256 1.01024123563832 0.935290867499535 -0.137591632543314 0.124343542656362 0.352893816013017
0.06 1.14908142143594 0.481430656213926 0.787226790705678 0.0497918878254842 -0.00889823885447284 0.487078490666552
0.064 1.58241088299035 1.01081782266531 1.02704785168471 0.0294547532599626 -0.0746313373842309 0.38670535244432
0.068 1.40966354593357 0.539333734466737 0.839884797987359 -0.178973562356325 0.23489398952423 0.236300998207942
0.072 1.32942579523014 0.84098398412009 0.831042446404442 -0.233523785271727 0.170255640222734 0.222550617648011
0.076 1.18274762915497 0.736943162610685 0.468481588753798 -0.497607207516974 0.0989953419423048 0.216811249943309
0.08 1.07231505482521 1.07158788392686 0.684421036814175 -0.460792294422507 0.0512189840453383 0.275870342865721
0.084 1.25726715562284 1.26667785901428 0.904269166614688 -0.365109986444441 -0.015452445900901 0.544402653107933
0.088 1.90290971599971 1.30693246437304 1.20179226124339 -0.345086578625555 -0.0350960030688049 0.740421166631763
0.092 1.5182215157406 1.450331150371 0.943384398372186 0.0975565554485715 -0.146572651958009 0.731040778238017
0.096 1.3264283781243 0.660652761450562 1.09660819669858 0.0521381932569766 -0.171372287749205 0.633951682969082
0.1 0.437067547441824 0.164537066834413 0.53472355144306 -0.161595162927055 0.190767358522189 0.186483715707356
0.104 0.939461006227245 0.555206898814775 0.780790914678154 -0.0599117450723617 0.0665164979368484 0.355428032573654
0.108 1.40411406415265 1.22351170786358 1.02796477449009 -0.0484717499982441 0.121842147178375 0.749970390455057
0.112 0.893180784020662 0.428483362419627 0.435090393783522 0.0707741851396786 0.240810523947025 0.597277626119721
0.116 0.917976835582338 0.667710737892563 0.746557803067366 -0.18997961003276 0.228468478490366 0.69614773166699
0.12 0.692349907797989 0.688925720751499 0.458976178010439 -0.142760983524006 -0.0221349008614341 0.48920132992282
0.124 1.0556706148373 0.863707378146183 0.732481993984849 -0.357587798656897 -0.168969533763874 0.941544137623662
0.128 1.23991230529256 0.763216954854109 0.664226949654501 -0.368976655066489 0.160751872550764 0.698768964992973
0.132 1.33030424865381 0.671055847512088 0.73113484825309 -0.137086040746231 0.0232297624371461 0.706095222567344
0.136 1.39877387820822 0.931867264111003 0.954383038737452 -0.201029387463761 0.165184185214376 0.432653943391949
0.14 1.21178004731659 0.75232185483516 1.06254005869512 0.137102198315526 -0.130558371485032 0.586763234114547
0.144 1.18592836292428 0.36533216262195 0.868421923817084 -0.0790308868901549 -0.212585418566178 0.764040672859241
0.148 1.2285011779438 0.71775528224364 1.0802109864186 -0.161256493314909 0.188104896443628 0.742414665287532
0.152 1.13553371178238 0.522598493411864 0.831126060593639 -0.217058380374423 0.00614745425619209 0.558457199783153
0.156 1.24032977008654 0.913325573140666 0.958249550238047 -0.38661893884122 -0.0685612220603942 0.952687861647126
0.16 0.899214735899413 -0.0156587322989793 0.46578674611691 -0.331374006301767 -0.169452178458265 0.953955095999786
0.164 1.46177878042481 1.14376856083272 1.13920105311577 -0.0208385232198639 0.0102721152675179 0.952296708392209
0.168 0.945666878728101 0.613308162909858 0.221998604913436 -0.286536703300902 0.119728532872173 0.850248966340451
0.172 0.76596762570547 1.04152809043211 0.751761696659337 -0.334416415332616 -0.229482218945618 0.991608012051756
0.176 1.6651232284863 0.941737345442389 0.804300450033853 -0.335171236148545 -0.249350983313137 1.00202395376288
0.18 1.37666078741955 0.857370007071939 0.778375759880317 -0.146954231384243 0.0297805264898436 0.835069421831357
0.184 1.42954499937425 1.04727185647226 0.882767464111856 -0.583614817546755 -0.0361901604530652 0.846039895526212
0.188 1.39098683971207 1.31829347682701 1.2128716132976 -0.422786157546025 -0.0874365609144989 1.19363350370601
0.192 1.28474941539997 1.09502643153905 0.904726035684651 -0.134568842179349 -0.0416531624239075 1.03665894773283
0.196 1.23703078799177 0.984279701532747 1.09897685064814 -0.13247481758186 0.0698989823726283 1.18025662647961
0.2 1.46342760035428 1.00369757464059 1.28694651216873 0.0201695422061873 -0.610485865179805 0.989964459411513
