# Time-averaged data for fix myRDF
# TimeStep Number-of-rows
# Row r g1(r) coor1(r) ...
0 100
1 0.025 0 0 0 0 0 0 0 0
2 0.075 0 0 0 0 0 0 0 0
3 0.125 0 0 0 0 0 0 0 0
4 0.175 0 0 0 0 0 0 0 0
5 0.225 0 0 0 0 0 0 0 0
6 0.275 0 0 0 0 0 0 0 0
7 0.325 0 0 0 0 0 0 0 0
8 0.375 0 0 0 0 0 0 0 0
9 0.425 0 0 0 0 0 0 0 0
10 0.475 0 0 0 0 0 0 0 0
11 0.525 0 0 0 0 0 0 0 0
12 0.575 0 0 0 0 0 0 0 0
13 0.625 0 0 0 0 0 0 0 0
14 0.675 0 0 0 0 0 0 0 0
15 0.725 0 0 0 0 0 0 0 0
16 0.775 0 0 0 0 0 0 0 0
17 0.825 0 0 0 0 0 0 0 0
18 0.875 0 0 0 0 0 0 0 0
19 0.925 0 0 0 0 0 0 0 0
20 0.975 0 0 0 0 0 0 0 0
21 1.025 0 0 0 0 0 0 0 0
22 1.075 0 0 0 0 0 0 88.3394 2.97959
23 1.125 0 0 0 0 0 0 0.552485 3
24 1.175 0 0 0 0 0 0 0 3
25 1.225 0 0 0 0 0 0 0 3
26 1.275 0 0 0 0 0 0 0 3
27 1.325 0 0 0 0 0 0 0 3
28 1.375 0 0 0 0 0 0 0 3
29 1.425 0 0 0 0 0 0 0 3
30 1.475 0 0 0 0 0 0 0 3
31 1.525 0 0 0 0 0 0 0 3
32 1.575 0 0 0 0 7.45169 0.197802 0 3
33 1.625 0 0 0 0 54.0572 1.72527 0 3
34 1.675 0 0 0 0 8.05269 1.96703 0 3
35 1.725 0 0 0 0 1.03536 2 0 3
36 1.775 0 0 1.21068 0.0408163 0 2 0 3
37 1.825 0 0 0 0.0408163 0 2 0 3
38 1.875 0 0 0 0.0408163 0 2 0 3
39 1.925 0 0 0 0.0408163 0 2 0 3
40 1.975 0 0 0.488954 0.0612245 0 2 0 3
41 2.025 0 0 4.18597 0.244898 0 2 0 3
42 2.075 0 0 11.0741 0.755102 0 2 0 3
43 2.125 0 0 1.68946 0.836735 0 2 0 3
44 2.175 0 0 2.82219 0.979592 0 2 0 3
45 2.225 0 0 0.385254 1 0 2 0 3
46 2.275 0 0 0 1 0 2 0.270238 3.04082
47 2.325 0 0 0 1 0 2 0 3.04082
48 2.375 0 0 0 1 0 2 0.743883 3.16327
49 2.425 0 0 0 1 0 2 0.475683 3.2449
50 2.475 0 0 0 1 0 2 0.570823 3.34694
51 2.525 0 0 0 1 0 2 0.329065 3.40816
52 2.575 0 0 0 1 0 2 0.31641 3.46939
53 2.625 0 0 0 1 0 2 1.42087 3.7551
54 2.675 0 0 0 1 0 2 1.07505 3.97959
55 2.725 0 0 0 1 0 2 1.41268 4.28571
56 2.775 0 0 0 1 0 2 1.63468 4.65306
57 2.825 0 0 0 1 0 2 1.31444 4.95918
58 2.875 0 0 0 1 0 2 1.94598 5.42857
59 2.925 0 0 0 1 0 2 1.55306 5.81633
60 2.975 0.592617 0.0408163 0 1 0 2 1.89637 6.30612
61 3.025 1.71957 0.163265 0 1 0 2 1.8342 6.79592
62 3.075 0 0.163265 0.201709 1.02041 0.108613 2.01099 1.33128 7.16327
63 3.125 2.14837 0.326531 0 1.02041 0 2.01099 1.86192 7.69388
64 3.175 2.60155 0.530612 0.189203 1.04082 0.101879 2.02198 1.45687 8.12245
65 3.225 1.0086 0.612245 0.366765 1.08163 0.197489 2.04396 1.54652 8.59184
66 3.275 1.95608 0.77551 0.711303 1.16327 0.383009 2.08791 1.17365 8.95918
67 3.325 3.32097 1.06122 1.03511 1.28571 0.650259 2.16484 1.39164 9.40816
68 3.375 4.60471 1.46939 0.837221 1.38776 0.540973 2.23077 1.28932 9.83673
69 3.425 1.34138 1.59184 0.650364 1.46939 1.05059 2.36264 0.834634 10.1224
70 3.475 2.60611 1.83673 1.10562 1.61224 1.19067 2.51648 1.2741 10.5714
71 3.525 2.5327 2.08163 1.07448 1.7551 0.661218 2.6044 1.06936 10.9592
72 3.575 1.23118 2.20408 1.04463 1.89796 1.12499 2.75824 0.820784 11.2653
73 3.625 1.19745 2.32653 2.46747 2.2449 1.25048 2.93407 1.27728 11.7551
74 3.675 2.33017 2.57143 1.83589 2.5102 1.0646 3.08791 0.776724 12.0612
75 3.725 1.51203 2.73469 1.37457 2.71429 1.25826 3.27473 1.00802 12.4694
76 3.775 1.8403 2.93878 2.0076 3.02041 1.87376 3.56044 1.03057 12.898
77 3.825 1.434 3.10204 2.21618 3.36735 1.6145 3.81319 0.6214 13.1633
78 3.875 0.698616 3.18367 1.39723 3.59184 1.98348 4.13187 0.791765 13.5102
79 3.925 1.36186 3.34694 1.85708 3.89796 1.06663 4.30769 0.862512 13.898
80 3.975 0.663908 3.42857 1.56924 4.16327 0.909972 4.46154 0.708169 14.2245
81 4.025 1.61879 3.63265 1.88368 4.4898 2.09198 4.82418 0.77702 14.5918
82 4.075 0.947586 3.7551 1.60803 4.77551 1.73172 5.13187 0.800184 14.9796
83 4.125 1.23301 3.91837 1.68137 5.08163 1.81071 5.46154 0.575402 15.2653
84 4.175 0.601825 4 1.75076 5.40816 1.7676 5.79121 0.962919 15.7551
85 4.225 1.46916 4.20408 1.28218 5.65306 2.18628 6.20879 1.4104 16.4898
86 4.275 1.435 4.40816 0.834907 5.81633 2.30402 6.65934 1.18626 17.1224
87 4.325 0.280402 4.44898 1.63143 6.14286 1.92164 7.04396 1.08422 17.7143
88 4.375 0.274029 4.4898 1.79365 6.5102 1.18043 7.28571 1.02304 18.2857
89 4.425 0.535744 4.57143 1.36371 6.79592 0.734306 7.43956 1.17864 18.9592
90 4.475 0.785758 4.69388 0.57146 6.91837 0.358994 7.51648 1.01275 19.551
91 4.525 1.28082 4.89796 1.4904 7.2449 0.802525 7.69231 0.819722 20.0408
92 4.575 0.751784 5.02041 1.73138 7.63265 0.539742 7.81319 1.10262 20.7143
93 4.625 0.980823 5.18367 0.802491 7.81633 0.768197 7.98901 0.817352 21.2245
94 4.675 0.479977 5.26531 1.6581 8.20408 0.939816 8.20879 0.607971 21.6122
95 4.725 0 5.26531 0.768883 8.38776 0.874029 8.41758 1.06505 22.3061
96 4.775 0.920169 5.42857 0.585562 8.53061 0.585562 8.56044 0.889496 22.898
97 4.825 0.675898 5.55102 0.81927 8.73469 0.617603 8.71429 0.901197 23.5102
98 4.875 0.441403 5.63265 0.802551 8.93878 0.691428 8.89011 1.08879 24.2653
99 4.925 0.216243 5.67347 0.943606 9.18367 0.846826 9.10989 0.864972 24.8776
100 4.975 1.27151 5.91837 0.693551 9.36735 0.580923 9.26374 0.73465 25.4082
