# Time-averaged data for fix myRDF
# TimeStep Number-of-rows
# Row r g1(r) coor1(r) ...
0 10
1 0.25 0 0 0 0 0 0 0 0 0 0
2 0.75 0 0 0 0 0 0 0 0 0 0
3 1.25 0 0 0 0 0 0 7.89555 3 0 0
4 1.75 0 0 0.184294 0.0625 5.89741 2 0 3 0 0
5 2.25 0 0 1.67677 1 0 2 0.324487 3.39583 0 0
6 2.75 0.350749 0.208333 0 1 0 2 1.67142 6.4375 0.44268 0.363636
7 3.25 3.06615 2.75 0.357947 1.41667 0.373855 2.43519 1.77184 10.9375 2.53757 3.27273
8 3.75 1.8131 4.75 1.46599 3.6875 1.596 4.90741 1.34383 15.4792 0.0993192 3.42424
9 4.25 0.706024 5.75 1.07887 5.83333 2.09024 9.06481 1.1714 20.5625 1.06743 5.51515
10 4.75 0.942234 7.41667 0.947766 8.1875 0.890918 11.2778 0.903383 25.4583 1.56081 9.33333
100 10
1 0.25 0 0 0 0 0 0 0 0 0 0
2 0.75 0 0 0 0 0 0 0 0 0 0
3 1.25 0 0 0 0 0 0 7.89555 3 0 0
4 1.75 0 0 0.368588 0.125 5.89741 2 0 3 0 0
5 2.25 0 0 1.56499 1 0 2 0.358643 3.4375 0 0
6 2.75 0.561199 0.333333 0 1 0 2 1.7859 6.6875 0.22134 0.181818
7 3.25 2.76457 2.625 0.411638 1.47917 0.397718 2.46296 1.53395 10.5833 2.69616 3.27273
8 3.75 1.73756 4.54167 1.23735 3.39583 1.54221 4.85185 1.36848 15.2083 0.158911 3.51515
9 4.25 0.941365 5.875 1.19409 5.77083 2.07627 8.98148 1.1906 20.375 0.912729 5.30303
10 4.75 0.84801 7.375 0.99809 8.25 0.894646 11.2037 0.934136 25.4375 1.54843 9.09091
200 10
1 0.25 0 0 0 0 0 0 0 0 0 0
2 0.75 0 0 0 0 0 0 0 0 0 0
3 1.25 0 0 0 0 0 0 7.89555 3 0 0
4 1.75 0 0 0.184294 0.0625 5.89741 2 0 3 0 0
5 2.25 0 0 1.67677 1 0 2 0.29033 3.35417 0 0
6 2.75 0.420899 0.25 0 1 0.0111011 2.00926 1.7859 6.60417 0.22134 0.181818
7 3.25 2.8651 2.625 0.304255 1.35417 0.413627 2.49074 1.71441 10.9583 2.69616 3.27273
8 3.75 1.85088 4.66667 1.45254 3.60417 1.5183 4.84259 1.36232 15.5625 0.158911 3.51515
9 4.25 0.706024 5.66667 1.12077 5.83333 2.11352 9.0463 1.10418 20.3542 0.866319 5.21212
10 4.75 0.918678 7.29167 0.947766 8.1875 0.87228 11.213 0.953357 25.5208 1.61036 9.15152
300 10
1 0.25 0 0 0 0 0 0 0 0 0 0
2 0.75 0 0 0 0 0 0 0 0 0 0
3 1.25 0 0 0 0 0 0 7.89555 3 0 0
4 1.75 0 0 0.184294 0.0625 5.89741 2 0 3 0 0
5 2.25 0 0 1.67677 1 0 2 0.409878 3.5 0 0
6 2.75 0.491049 0.291667 0 1 0 2 1.57983 6.375 0.25823 0.212121
7 3.25 2.7143 2.54167 0.322152 1.375 0.373855 2.43519 1.70621 10.7083 2.66973 3.27273
8 3.75 1.85088 4.58333 1.57359 3.8125 1.61991 4.94444 1.25136 14.9375 0.119183 3.45455
9 4.25 0.88253 5.83333 1.12077 6.04167 2.09024 9.10185 1.181 20.0625 0.928199 5.27273
10 4.75 0.84801 7.33333 0.914217 8.3125 0.831275 11.1667 0.880318 24.8333 1.5732 9.12121
400 10
1 0.25 0 0 0 0 0 0 0 0 0 0
2 0.75 0 0 0 0 0 0 0 0 0 0
3 1.25 0 0 0 0 0 0 7.89555 3 0 0
4 1.75 0 0 0.307157 0.104167 5.87011 1.99074 0 3 0 0
5 2.25 0 0 1.60225 1 0.0165607 2 0.358643 3.4375 0 0
6 2.75 0.280599 0.166667 0 1 0 2 1.51114 6.1875 0.25823 0.212121
7 3.25 2.76457 2.45833 0.340049 1.39583 0.365901 2.42593 1.78824 10.7292 2.66973 3.27273
8 3.75 1.8131 4.45833 1.56014 3.8125 1.63785 4.96296 1.22054 14.8542 0.0993192 3.42424
9 4.25 0.853112 5.66667 1.14172 6.08333 1.98317 8.90741 1.1714 19.9375 0.866319 5.12121
10 4.75 0.96579 7.375 0.87228 8.25 0.950562 11.2685 1.04177 25.5833 1.59798 9.0303
500 10
1 0.25 0 0 0 0 0 0 0 0 0 0
2 0.75 0 0 0 0 0 0 0 0 0 0
3 1.25 0 0 0 0 0 0 7.89555 3 0 0
4 1.75 0 0 0.245725 0.0833333 5.89741 2 0 3 0 0
5 2.25 0 0 1.63951 1 0 2 0.239096 3.29167 0 0
6 2.75 0.631348 0.375 0 1 0 2 1.74011 6.45833 0.22134 0.181818
7 3.25 2.51324 2.45833 0.357947 1.41667 0.413627 2.48148 1.78824 11 2.69616 3.27273
8 3.75 1.88865 4.54167 1.46599 3.6875 1.596 4.9537 1.18972 15.0208 0.0993192 3.42424
9 4.25 0.911948 5.83333 1.19409 6.0625 2.02972 8.99074 1.1858 20.1667 0.897259 5.18182
10 4.75 0.989345 7.58333 0.889055 8.27083 0.917012 11.2685 1.03409 25.7708 1.51126 8.87879
600 10
1 0.25 0 0 0 0 0 0 0 0 0 0
2 0.75 0 0 0 0 0 0 0 0 0 0
3 1.25 0 0 0 0 0 0 7.89555 3 0 0
4 1.75 0 0 0.184294 0.0625 5.89741 2 0 3 0 0
5 2.25 0 0 1.67677 1 0 2 0.375722 3.45833 0 0
6 2.75 0.420899 0.25 0 1 0 2 1.41956 6.04167 0.14756 0.121212
7 3.25 2.66404 2.45833 0.393741 1.45833 0.302266 2.35185 1.82926 10.6875 2.74903 3.27273
8 3.75 1.66201 4.29167 1.37185 3.58333 1.66773 4.93519 1.31917 15.1458 0.0595915 3.36364
9 4.25 1.17671 5.95833 1.20456 5.97917 2.06696 9.0463 1.14259 20.1042 0.866319 5.06061
10 4.75 0.84801 7.45833 0.914217 8.25 0.883463 11.2407 0.999487 25.5208 1.63514 9.06061
700 10
1 0.25 0 0 0 0 0 0 0 0 0 0
2 0.75 0 0 0 0 0 0 0 0 0 0
3 1.25 0 0 0 0 0 0 7.89555 3 0 0
4 1.75 0 0 0.307157 0.104167 5.89741 2 0 3 0 0
5 2.25 0 0 1.60225 1 0 2 0.3928 3.47917 0 0
6 2.75 0.561199 0.333333 0 1 0 2 1.4997 6.20833 0.18445 0.151515
7 3.25 2.7143 2.58333 0.375844 1.4375 0.334083 2.38889 1.78004 10.7292 2.7226 3.27273
8 3.75 1.73756 4.5 1.45254 3.6875 1.53623 4.76852 1.25753 14.9792 0.0595915 3.36364
9 4.25 0.941365 5.83333 1.16267 6 2.10886 8.96296 1.25301 20.4167 0.897259 5.12121
10 4.75 0.989345 7.58333 0.96454 8.39583 0.943106 11.3056 0.961046 25.625 1.62275 9.09091
800 10
1 0.25 0 0 0 0 0 0 0 0 0 0
2 0.75 0 0 0 0 0 0 0 0 0 0
3 1.25 0 0 0 0 0 0 7.84072 2.97917 0 0
4 1.75 0 0 0.184294 0.0625 5.89741 2 0 2.97917 0 0
5 2.25 0 0 1.67677 1 0 2 0.409878 3.47917 0 0
6 2.75 0.420899 0.25 0 1 0 2 1.72866 6.625 0.22134 0.181818
7 3.25 2.8651 2.625 0.340049 1.39583 0.342038 2.39815 1.75543 11.0833 2.69616 3.27273
8 3.75 1.77533 4.58333 1.34495 3.47917 1.59003 4.86111 1.14657 14.9583 0.139047 3.48485
9 4.25 0.794277 5.70833 1.25694 5.97917 2.08558 9.00926 1.2098 20.2083 0.866319 5.18182
10 4.75 0.989345 7.45833 0.947766 8.33333 0.924468 11.3056 0.976422 25.5 1.61036 9.12121
900 10
1 0.25 0 0 0 0 0 0 0 0 0 0
2 0.75 0 0 0 0 0 0 0 0 0 0
3 1.25 0 0 0 0 0 0 7.89555 3 0 0
4 1.75 0 0 0.184294 0.0625 5.89741 2 0 3 0 0
5 2.25 0 0 1.67677 1 0 2 0.375722 3.45833 0 0
6 2.75 0.350749 0.208333 0 1 0 2 1.69431 6.54167 0.18445 0.151515
7 3.25 2.91536 2.625 0.304255 1.35417 0.302266 2.35185 1.6816 10.8125 2.7226 3.27273
8 3.75 1.88865 4.70833 1.3315 3.41667 1.61394 4.85185 1.33766 15.3333 0.119183 3.45455
9 4.25 0.970783 6.08333 1.33026 6.0625 2.06231 8.9537 1.14739 20.3125 0.866319 5.15152
10 4.75 0.683119 7.29167 0.863893 8.20833 0.935651 11.2778 1.01871 25.8333 1.64753 9.18182
1000 10
1 0.25 0 0 0 0 0 0 0 0 0 0
2 0.75 0 0 0 0 0 0 0 0 0 0
3 1.25 0 0 0 0 0 0 7.89555 3 0 0
4 1.75 0 0 0.245725 0.0833333 5.89741 2 0 3 0 0
5 2.25 0 0 1.63951 1 0 2 0.409878 3.5 0 0
6 2.75 0.350749 0.208333 0 1 0 2 1.48825 6.20833 0.22134 0.181818
7 3.25 3.01589 2.70833 0.286357 1.33333 0.349992 2.40741 1.86207 10.9375 2.69616 3.27273
8 3.75 1.62424 4.5 1.41219 3.52083 1.63785 4.94444 1.20821 15.0208 0.158911 3.51515
9 4.25 0.941365 5.83333 1.23599 5.97917 2.05765 9.03704 1.16659 20.0833 0.835379 5.15152
10 4.75 0.871566 7.375 0.989702 8.4375 0.905829 11.287 1.02255 25.625 1.64753 9.18182
1100 10
1 0.25 0 0 0 0 0 0 0 0 0 0
2 0.75 0 0 0 0 0 0 0 0 0 0
3 1.25 0 0 0 0 0 0 7.89555 3 0 0
4 1.75 0 0 0.368588 0.125 5.89741 2 0 3 0 0
5 2.25 0 0 1.56499 1 0 2 0.273252 3.33333 0 0
6 2.75 0.280599 0.166667 0 1 0 2 1.54549 6.14583 0.18445 0.151515
7 3.25 3.01589 2.66667 0.304255 1.35417 0.413627 2.48148 2.05074 11.3542 2.7226 3.27273
8 3.75 1.47315 4.29167 1.37185 3.47917 1.58405 4.93519 1.02944 14.8333 0.119183 3.45455
9 4.25 1.08845 5.83333 1.16267 5.79167 2.09955 9.11111 1.205 20.0625 0.881789 5.18182
10 4.75 0.824454 7.29167 1.07358 8.45833 0.868552 11.2685 0.987955 25.4167 1.69707 9.33333
1200 10
1 0.25 0 0 0 0 0 0 0 0 0 0
2 0.75 0 0 0 0 0 0 0.148825 0.0208333 0 0
3 1.25 0 0 0 0 0 0 7.84072 3 0 0
4 1.75 0 0 0.184294 0.0625 5.89741 2 0 3 0 0
5 2.25 0 0 1.67677 1 0 2 0.324487 3.39583 0 0
6 2.75 0.561199 0.333333 0 1 0 2 1.69431 6.47917 0.25823 0.212121
7 3.25 2.96562 2.79167 0.340049 1.39583 0.373855 2.43519 1.86207 11.2083 2.66973 3.27273
8 3.75 1.47315 4.41667 1.2777 3.375 1.55416 4.84259 1.20205 15.2708 0.139047 3.48485
9 4.25 1.11787 6 1.19409 5.75 2.16007 9.13889 1.14259 20.2292 0.928199 5.30303
10 4.75 0.730231 7.29167 1.04841 8.35417 0.838731 11.2222 1.0264 25.7917 1.5732 9.15152
1300 10
1 0.25 0 0 0 0 0 0 0 0 0 0
2 0.75 0 0 0 0 0 0 0 0 0 0
3 1.25 0 0 0 0 0 0 7.89555 3 0 0
4 1.75 0 0 0.0614314 0.0208333 5.89741 2 0 3 0 0
5 2.25 0 0 1.7513 1 0 2 0.409878 3.5 0 0
6 2.75 0.561199 0.333333 0 1 0 2 1.63707 6.47917 0.33201 0.272727
7 3.25 2.36245 2.29167 0.375844 1.4375 0.38181 2.44444 1.74723 10.9167 2.61686 3.27273
8 3.75 2.00197 4.5 1.26425 3.39583 1.56612 4.87037 1.17122 14.875 0.139047 3.48485
9 4.25 1.02962 5.95833 1.35121 6.08333 2.07162 8.99074 1.16179 19.9167 0.990079 5.42424
10 4.75 0.659564 7.125 0.863893 8.22917 0.92074 11.2778 1.04562 25.5833 1.5732 9.27273
1400 10
1 0.25 0 0 0 0 0 0 0 0 0 0
2 0.75 0 0 0 0 0 0 0 0 0 0
3 1.25 0 0 0 0 0 0 7.89555 3 0 0
4 1.75 0 0 0.368588 0.125 5.89741 2 0 3 0 0
5 2.25 0 0 1.56499 1 0 2 0.29033 3.35417 0 0
6 2.75 0.420899 0.25 0 1 0 2 1.67142 6.39583 0.25823 0.212121
7 3.25 2.56351 2.375 0.429536 1.5 0.405673 2.47222 1.6652 10.625 2.66973 3.27273
8 3.75 1.96419 4.54167 1.37185 3.625 1.56014 4.88889 1.18355 14.625 0.0794553 3.39394
9 4.25 0.794277 5.66667 1.21504 6.04167 2.09024 9.0463 1.2242 19.9375 0.943669 5.24242
10 4.75 0.824454 7.125 0.956153 8.41667 0.890918 11.2593 1.03409 25.5417 1.54843 9.0303
1500 10
1 0.25 0 0 0 0 0 0 0 0 0 0
2 0.75 0 0 0 0 0 0 0 0 0 0
3 1.25 0 0 0 0 0 0 7.89555 3 0 0
4 1.75 0 0 0.184294 0.0625 5.8428 1.98148 0 3 0 0
5 2.25 0 0 1.67677 1 0.0331215 2 0.341565 3.41667 0 0
6 2.75 0.561199 0.333333 0 1 0 2 1.70576 6.52083 0.25823 0.212121
7 3.25 2.51324 2.41667 0.411638 1.47917 0.405673 2.47222 1.59957 10.5833 2.66973 3.27273
8 3.75 1.77533 4.375 1.42564 3.6875 1.57209 4.90741 1.28218 14.9167 0.119183 3.45455
9 4.25 1.05904 5.875 1.19409 6.0625 2.03438 8.9537 1.1906 20.0833 0.881789 5.18182
10 4.75 0.777343 7.25 0.922604 8.35417 0.917012 11.2315 0.991799 25.4583 1.61036 9.12121
1600 10
1 0.25 0 0 0 0 0 0 0 0 0 0
2 0.75 0 0 0 0 0 0 0 0 0 0
3 1.25 0 0 0 0 0 0 7.89555 3 0 0
4 1.75 0 0 0.307157 0.104167 5.89741 2 0 3 0 0
5 2.25 0 0 1.60225 1 0 2 0.375722 3.45833 0 0
6 2.75 0.1403 0.0833333 0.0249776 1.02083 0 2 1.59128 6.35417 0.22134 0.181818
7 3.25 3.01589 2.58333 0.447433 1.54167 0.318175 2.37037 1.78004 10.875 2.69616 3.27273
8 3.75 1.54869 4.29167 1.197 3.39583 1.56612 4.7963 1.20821 14.9583 0.139047 3.48485
9 4.25 1.14729 5.91667 1.34073 6.0625 2.10886 8.99074 1.1762 20.0625 0.850849 5.15152
10 4.75 0.800899 7.33333 0.914217 8.33333 0.913285 11.2593 1.02255 25.6042 1.61036 9.09091
1700 10
1 0.25 0 0 0 0 0 0 0 0 0 0
2 0.75 0 0 0 0 0 0 0 0 0 0
3 1.25 0 0 0 0 0 0 7.89555 3 0 0
4 1.75 0 0 0.368588 0.125 5.89741 2 0 3 0 0
5 2.25 0 0 1.56499 1 0 2 0.341565 3.41667 0 0
6 2.75 0.561199 0.333333 0 1 0 2 1.82024 6.72917 0.18445 0.151515
7 3.25 2.8651 2.70833 0.393741 1.45833 0.357947 2.41667 1.63239 10.875 2.7226 3.27273
8 3.75 1.51092 4.375 1.2777 3.4375 1.55416 4.82407 1.25753 15.125 0.0993192 3.42424
9 4.25 1.11787 5.95833 1.42453 6.27083 2.02972 8.86111 1.2098 20.375 0.897259 5.18182
10 4.75 0.84801 7.45833 0.855505 8.39583 0.980383 11.2963 0.984111 25.7083 1.59798 9.09091
1800 10
1 0.25 0 0 0 0 0 0 0 0 0 0
2 0.75 0 0 0 0 0 0 0 0 0 0
3 1.25 0 0 0 0 0 0 7.89555 3 0 0
4 1.75 0 0 0.245725 0.0833333 5.87011 1.99074 0 3 0 0
5 2.25 0 0 1.63951 1 0.0165607 2 0.358643 3.4375 0 0
6 2.75 0.210449 0.125 0 1 0 2 1.83169 6.77083 0.25823 0.212121
7 3.25 3.21695 2.79167 0.304255 1.35417 0.334083 2.38889 1.59137 10.8125 2.66973 3.27273
8 3.75 1.51092 4.45833 1.3584 3.45833 1.60796 4.87963 1.36232 15.4167 0.0993192 3.42424
9 4.25 1.05904 5.95833 1.25694 5.95833 2.01575 8.88889 1.2194 20.7083 0.912729 5.21212
10 4.75 0.824454 7.41667 1.00648 8.45833 0.965472 11.287 0.945669 25.8333 1.62275 9.18182
1900 10
1 0.25 0 0 0 0 0 0 0 0 0 0
2 0.75 0 0 0 0 0 0 0 0 0 0
3 1.25 0 0 0 0 0 0 7.89555 3 0 0
4 1.75 0 0 0.368588 0.125 5.89741 2 0 3 0 0
5 2.25 0 0 1.56499 1 0 2 0.29033 3.35417 0 0
6 2.75 0.420899 0.25 0 1 0 2 1.72866 6.5 0.18445 0.151515
7 3.25 3.01589 2.75 0.393741 1.45833 0.357947 2.41667 1.71441 10.8542 2.7226 3.27273
8 3.75 1.47315 4.375 1.29115 3.45833 1.63785 4.9537 1.25136 15.0833 0.119183 3.45455
9 4.25 1.05904 5.875 1.22551 5.89583 2.08093 9.09259 1.10418 19.875 0.912729 5.24242
10 4.75 0.706675 7.125 0.981315 8.33333 0.87228 11.2593 1.03409 25.4792 1.5732 9.09091
2000 10
1 0.25 0 0 0 0 0 0 0 0 0 0
2 0.75 0 0 0 0 0 0 0 0 0 0
3 1.25 0 0 0 0 0 0 7.89555 3 0 0
4 1.75 0 0 0.122863 0.0416667 5.89741 2 0 3 0 0
5 2.25 0 0 1.71404 1 0 2 0.324487 3.39583 0 0
6 2.75 0.491049 0.291667 0 1 0 2 1.75155 6.58333 0.29512 0.242424
7 3.25 2.91536 2.70833 0.357947 1.41667 0.342038 2.39815 1.81285 11.1875 2.6433 3.27273
8 3.75 1.51092 4.375 1.37185 3.54167 1.55416 4.80556 1.09725 14.8958 0.139047 3.48485
9 4.25 0.941365 5.70833 1.19409 5.91667 2.12748 9.03704 1.16659 19.9583 0.928199 5.30303
10 4.75 0.871566 7.25 1.04003 8.5 0.864825 11.1852 1.0264 25.5208 1.52365 9.0303
2100 10
1 0.25 0 0 0 0 0 0 0 0 0 0
2 0.75 0 0 0 0 0 0 0 0 0 0
3 1.25 0 0 0 0 0 0 7.89555 3 0 0
4 1.75 0 0 0.122863 0.0416667 5.89741 2 0 3 0 0
5 2.25 0 0 1.71404 1 0 2 0.478191 3.58333 0 0
6 2.75 0.280599 0.166667 0 1 0 2 1.67142 6.625 0.25823 0.212121
7 3.25 3.16668 2.79167 0.375844 1.4375 0.349992 2.40741 1.74723 11.0625 2.66973 3.27273
8 3.75 1.58647 4.54167 1.3584 3.54167 1.596 4.87963 1.1589 14.9792 0.119183 3.45455
9 4.25 0.941365 5.875 1.15219 5.83333 2.03903 8.93519 1.1906 20.1458 0.850849 5.12121
10 4.75 0.659564 7.04167 1.00648 8.33333 0.887191 11.1389 0.995643 25.5417 1.61036 9.06061
2200 10
1 0.25 0 0 0 0 0 0 0 0 0 0
2 0.75 0 0 0 0 0 0 0 0 0 0
3 1.25 0 0 0 0 0 0 7.89555 3 0 0
4 1.75 0 0 0.122863 0.0416667 5.89741 2 0 3 0 0
5 2.25 0 0 1.71404 1 0 2 0.478191 3.58333 0 0
6 2.75 0.420899 0.25 0 1 0 2 1.70576 6.6875 0.22134 0.181818
7 3.25 3.06615 2.79167 0.304255 1.35417 0.334083 2.38889 1.69801 11 2.69616 3.27273
8 3.75 1.66201 4.625 1.26425 3.3125 1.63785 4.92593 1.20205 15.0625 0.119183 3.45455
9 4.25 0.853112 5.83333 1.38263 6.0625 2.07162 9.0463 1.16659 20.125 0.866319 5.15152
10 4.75 0.636008 6.95833 0.922604 8.35417 0.924468 11.3426 0.949513 25.2708 1.62275 9.12121
2300 10
1 0.25 0 0 0 0 0 0 0 0 0 0
2 0.75 0 0 0 0 0 0 0 0 0 0
3 1.25 0 0 0 0 0 0 7.89555 3 0 0
4 1.75 0 0 0.184294 0.0625 5.87011 1.99074 0 3 0 0
5 2.25 0 0 1.67677 1 0.0165607 2 0.29033 3.35417 0 0
6 2.75 0.350749 0.208333 0 1 0 2 1.68286 6.41667 0.3689 0.30303
7 3.25 3.06615 2.75 0.357947 1.41667 0.357947 2.41667 1.84566 11.1042 2.59043 3.27273
8 3.75 1.62424 4.54167 1.29115 3.41667 1.61394 4.91667 1.10342 14.8333 0.139047 3.48485
9 4.25 0.853112 5.75 1.38263 6.16667 2.03903 8.97222 1.23381 20.1875 0.819909 5.09091
10 4.75 0.871566 7.29167 0.838731 8.25 0.913285 11.2407 0.972578 25.4583 1.72185 9.30303
2400 10
1 0.25 0 0 0 0 0 0 0 0 0 0
2 0.75 0 0 0 0 0 0 0 0 0 0
3 1.25 0 0 0 0 0 0 7.84072 2.97917 0 0
4 1.75 0 0 0.184294 0.0625 5.89741 2 0 2.97917 0 0
5 2.25 0 0 1.67677 1 0 2 0.341565 3.39583 0 0
6 2.75 0.491049 0.291667 0 1 0 2 1.63707 6.375 0.33201 0.272727
7 3.25 3.01589 2.79167 0.46533 1.54167 0.405673 2.47222 1.82105 11 2.61686 3.27273
8 3.75 1.66201 4.625 1.26425 3.5 1.51232 4.81481 1.2267 15.1458 0.198638 3.57576
9 4.25 0.823695 5.79167 1.26741 6.02083 2.12748 9.0463 1.14739 20.125 0.773499 5.09091
10 4.75 0.942234 7.45833 0.880667 8.20833 0.909557 11.3056 0.972578 25.3958 1.72185 9.30303
2500 10
1 0.25 0 0 0 0 0 0 0 0 0 0
2 0.75 0 0 0 0 0 0 0 0 0 0
3 1.25 0 0 0 0 0 0 7.89555 3 0 0
4 1.75 0 0 0.245725 0.0833333 5.89741 2 0 3 0 0
5 2.25 0 0 1.63951 1 0 2 0.324487 3.39583 0 0
6 2.75 0.491049 0.291667 0 1 0 2 1.68286 6.45833 0.18445 0.151515
7 3.25 2.56351 2.41667 0.340049 1.39583 0.373855 2.43519 1.73902 10.875 2.7226 3.27273
8 3.75 1.92642 4.54167 1.41219 3.58333 1.53025 4.80556 1.22054 15 0.139047 3.48485
9 4.25 0.941365 5.875 1.18362 5.9375 2.05765 8.89815 1.24821 20.4167 0.819909 5.09091
10 4.75 0.800899 7.29167 0.972928 8.35417 0.972928 11.3148 0.945669 25.5417 1.6723 9.18182
2600 10
1 0.25 0 0 0 0 0 0 0 0 0 0
2 0.75 0 0 0 0 0 0 0 0 0 0
3 1.25 0 0 0 0 0 0 7.89555 3 0 0
4 1.75 0 0 0.184294 0.0625 5.87011 1.99074 0 3 0 0
5 2.25 0 0 1.67677 1 0.0165607 2 0.204939 3.25 0 0
6 2.75 0.491049 0.291667 0 1 0 2 1.74011 6.41667 0.18445 0.151515
7 3.25 2.51324 2.375 0.375844 1.4375 0.389764 2.4537 1.79644 10.9792 2.7226 3.27273
8 3.75 1.96419 4.54167 1.37185 3.5625 1.56612 4.87963 1.18972 15 0.119183 3.45455
9 4.25 1.02962 6 1.26741 6.08333 2.0111 8.87963 1.1906 20.1667 0.788969 5
10 4.75 0.753787 7.33333 0.914217 8.35417 0.961745 11.2685 0.999487 25.5833 1.72185 9.21212
2700 10
1 0.25 0 0 0 0 0 0 0 0 0 0
2 0.75 0 0 0 0 0 0 0 0 0 0
3 1.25 0 0 0 0 0 0 7.89555 3 0 0
4 1.75 0 0 0.307157 0.104167 5.89741 2 0 3 0 0
5 2.25 0 0 1.60225 1 0 2 0.375722 3.45833 0 0
6 2.75 0.350749 0.208333 0 1 0 2 1.68286 6.52083 0.18445 0.151515
7 3.25 2.81483 2.54167 0.26846 1.3125 0.405673 2.47222 1.6816 10.7917 2.7226 3.27273
8 3.75 1.96419 4.70833 1.51979 3.66667 1.45852 4.73148 1.31917 15.25 0.119183 3.45455
9 4.25 0.823695 5.875 1.15219 5.95833 2.12748 8.96296 1.16179 20.2917 0.819909 5.06061
10 4.75 0.84801 7.375 0.96454 8.35417 0.924468 11.2593 0.976422 25.5833 1.72185 9.27273
2800 10
1 0.25 0 0 0 0 0 0 0 0 0 0
2 0.75 0 0 0 0 0 0 0 0 0 0
3 1.25 0 0 0 0 0 0 7.89555 3 0 0
4 1.75 0 0 0.122863 0.0416667 5.89741 2 0 3 0 0
5 2.25 0 0 1.71404 1 0 2 0.341565 3.41667 0 0
6 2.75 0.631348 0.375 0 1 0 2 1.7859 6.66667 0.22134 0.181818
7 3.25 2.7143 2.625 0.340049 1.39583 0.365901 2.42593 1.59137 10.7083 2.69616 3.27273
8 3.75 1.85088 4.66667 1.49289 3.70833 1.66176 5 1.38698 15.3958 0.0993192 3.42424
9 4.25 0.823695 5.83333 1.16267 6.02083 1.98782 8.9537 1.10898 20.2083 0.912729 5.21212
10 4.75 0.777343 7.20833 0.939378 8.35417 0.950562 11.3148 0.96489 25.4375 1.70946 9.39394
2900 10
1 0.25 0 0 0 0 0 0 0 0 0 0
2 0.75 0 0 0 0 0 0 0 0 0 0
3 1.25 0 0 0 0 0 0 7.89555 3 0 0
4 1.75 0 0 0.184294 0.0625 5.87011 1.99074 0 3 0 0
5 2.25 0 0 1.67677 1 0.0165607 2 0.495269 3.60417 0 0
6 2.75 0.701498 0.416667 0 1 0 2 1.53404 6.39583 0.3689 0.30303
7 3.25 2.41271 2.41667 0.340049 1.39583 0.389764 2.4537 1.74723 10.8333 2.59043 3.27273
8 3.75 2.00197 4.625 1.41219 3.58333 1.61394 4.9537 1.25136 15.0625 0.139047 3.48485
9 4.25 0.911948 5.91667 1.24646 6.0625 2.03438 9 1.15219 20.0625 0.850849 5.15152
10 4.75 0.753787 7.25 0.914217 8.33333 0.924468 11.2963 1.07637 25.8958 1.73424 9.39394
3000 10
1 0.25 0 0 0 0 0 0 0 0 0 0
2 0.75 0 0 0 0 0 0 0 0 0 0
3 1.25 0 0 0 0 0 0 7.89555 3 0 0
4 1.75 0 0 0.368588 0.125 5.89741 2 0 3 0 0
5 2.25 0 0 1.56499 1 0 2 0.273252 3.33333 0 0
6 2.75 0.491049 0.291667 0 1 0 2 1.72866 6.47917 0.25823 0.212121
7 3.25 2.61377 2.45833 0.447433 1.52083 0.405673 2.47222 1.59137 10.5208 2.6433 3.24242
8 3.75 2.03974 4.70833 1.34495 3.60417 1.57209 4.90741 1.26369 14.7917 0.139047 3.45455
9 4.25 0.706024 5.70833 1.21504 6.02083 2.06231 9.00926 1.15699 19.8125 0.881789 5.18182
10 4.75 0.84801 7.20833 0.972928 8.4375 0.917012 11.287 1.03024 25.3958 1.64753 9.21212
3100 10
1 0.25 0 0 0 0 0 0 0 0 0 0
2 0.75 0 0 0 0 0 0 0 0 0 0
3 1.25 0 0 0 0 0 0 7.89555 3 0 0
4 1.75 0 0 0.184294 0.0625 5.89741 2 0 3 0 0
5 2.25 0 0 1.67677 1 0 2 0.461113 3.5625 0 0
6 2.75 0.631348 0.375 0 1 0 2 1.62562 6.52083 0.18445 0.151515
7 3.25 2.31218 2.29167 0.322152 1.375 0.397718 2.46296 1.64059 10.6875 2.69616 3.24242
8 3.75 1.96419 4.45833 1.3584 3.47917 1.53623 4.84259 1.26369 14.9583 0.139047 3.45455
9 4.25 0.970783 5.83333 1.31978 6.10417 2.09489 9.00926 1.09458 19.7083 0.850849 5.12121
10 4.75 0.730231 7.125 0.972928 8.52083 0.894646 11.2315 1.03024 25.2917 1.63514 9.12121
3200 10
1 0.25 0 0 0 0 0 0 0 0 0 0
2 0.75 0 0 0 0 0 0 0 0 0 0
3 1.25 0 0 0 0 0 0 7.84072 2.97917 0 0
4 1.75 0 0 0.122863 0.0416667 5.89741 2 0 2.97917 0 0
5 2.25 0 0 1.71404 1 0 2 0.358643 3.41667 0 0
6 2.75 0.561199 0.333333 0 1 0 2 1.68286 6.47917 0.33201 0.272727
7 3.25 2.76457 2.625 0.340049 1.39583 0.373855 2.43519 1.74723 10.9167 2.59043 3.24242
8 3.75 1.77533 4.58333 1.47944 3.6875 1.64382 4.98148 1.14657 14.7917 0.158911 3.48485
9 4.25 0.823695 5.75 1.21504 6.10417 1.97851 8.91667 1.12339 19.6667 0.850849 5.15152
10 4.75 0.753787 7.08333 0.922604 8.39583 0.946834 11.2685 1.0879 25.5625 1.65991 9.21212
3300 10
1 0.25 0 0 0 0 0 0 0 0 0 0
2 0.75 0 0 0 0 0 0 0 0 0 0
3 1.25 0 0 0 0 0 0 7.89555 3 0 0
4 1.75 0 0 0.122863 0.0416667 5.89741 2 0 3 0 0
5 2.25 0 0 1.71404 1 0 2 0.529426 3.64583 0 0
6 2.75 0.841798 0.5 0 1 0 2 1.57983 6.52083 0.29512 0.242424
7 3.25 2.61377 2.66667 0.411638 1.47917 0.389764 2.4537 1.71441 10.875 2.6433 3.27273
8 3.75 1.58647 4.41667 1.31805 3.52083 1.62589 4.97222 1.13424 14.7083 0.158911 3.51515
9 4.25 0.941365 5.75 1.23599 5.97917 2.03903 9.02778 1.13299 19.625 0.912729 5.30303
10 4.75 0.730231 7.04167 1.03164 8.54167 0.913285 11.2963 1.10712 25.625 1.54843 9.09091
3400 10
1 0.25 0 0 0 0 0 0 0 0 0 0
2 0.75 0 0 0 0 0 0 0 0 0 0
3 1.25 0 0 0 0 0 0 7.89555 3 0 0
4 1.75 0 0 0.307157 0.104167 5.89741 2 0 3 0 0
5 2.25 0 0 1.60225 1 0 2 0.256174 3.3125 0 0
6 2.75 0.491049 0.291667 0 1 0 2 1.80879 6.60417 0.29512 0.242424
7 3.25 2.56351 2.41667 0.429536 1.5 0.349992 2.40741 1.50934 10.4375 2.6433 3.27273
8 3.75 1.88865 4.5 1.3315 3.5625 1.68567 5.01852 1.32533 14.9167 0.139047 3.48485
9 4.25 0.676606 5.45833 1.28836 6.125 1.95523 8.90741 1.13779 19.8542 0.974609 5.39394
10 4.75 1.08357 7.375 0.855505 8.25 0.958017 11.287 1.06099 25.6042 1.52365 9.12121
3500 10
1 0.25 0 0 0 0 0 0 0 0 0 0
2 0.75 0 0 0 0 0 0 0 0 0 0
3 1.25 0 0 0 0 0 0 7.89555 3 0 0
4 1.75 0 0 0.184294 0.0625 5.89741 2 0 3 0 0
5 2.25 0 0 1.67677 1 0 2 0.375722 3.45833 0 0
6 2.75 0.701498 0.416667 0 1 0 2 1.77445 6.6875 0.33201 0.272727
7 3.25 2.76457 2.70833 0.429536 1.5 0.405673 2.47222 1.64879 10.875 2.61686 3.27273
8 3.75 1.54869 4.41667 1.2239 3.39583 1.56612 4.89815 1.14657 14.75 0.0595915 3.36364
9 4.25 0.941365 5.75 1.34073 6.0625 2.053 8.98148 1.23861 20.125 1.02102 5.36364
10 4.75 0.753787 7.08333 0.889055 8.27083 0.905829 11.2315 1.05331 25.8333 1.48649 9
3600 10
1 0.25 0 0 0 0 0 0 0 0 0 0
2 0.75 0 0 0 0 0 0 0 0 0 0
3 1.25 0 0 0 0 0 0 7.84072 2.97917 0 0
4 1.75 0 0 0.122863 0.0416667 5.89741 2 0 2.97917 0 0
5 2.25 0 0 1.71404 1 0 2 0.239096 3.27083 0 0
6 2.75 0.561199 0.333333 0.0249776 1.02083 0 2 1.72866 6.41667 0.25823 0.212121
7 3.25 2.7143 2.58333 0.411638 1.5 0.334083 2.38889 1.65699 10.625 2.6433 3.24242
8 3.75 1.73756 4.5 1.3046 3.52083 1.60796 4.87963 1.30684 15.0417 0.0993192 3.39394
9 4.25 0.764859 5.58333 1.28836 6.08333 2.04834 8.9537 1.229 20.375 0.943669 5.24242
10 4.75 1.0129 7.375 0.880667 8.27083 0.943106 11.2963 0.957201 25.5625 1.56081 9.06061
3700 10
1 0.25 0 0 0 0 0 0 0 0 0 0
2 0.75 0 0 0 0 0 0 0 0 0 0
3 1.25 0 0 0 0 0 0 7.89555 3 0 0
4 1.75 0 0 0.0614314 0.0208333 5.89741 2 0 3 0 0
5 2.25 0 0 1.7513 1 0 2 0.478191 3.58333 0 0
6 2.75 0.350749 0.208333 0 1 0 2 1.763 6.79167 0.11067 0.0909091
7 3.25 2.91536 2.625 0.411638 1.47917 0.373855 2.43519 1.43551 10.4375 2.77546 3.27273
8 3.75 1.66201 4.45833 1.34495 3.5625 1.57209 4.87037 1.28835 14.7917 0.0794553 3.39394
9 4.25 0.970783 5.83333 1.17314 5.89583 2.08558 9.01852 1.2194 20.0833 0.990079 5.33333
10 4.75 0.800899 7.25 0.930991 8.20833 0.890918 11.2315 1.08022 25.9375 1.63514 9.33333
3800 10
1 0.25 0 0 0 0 0 0 0 0 0 0
2 0.75 0 0 0 0 0 0 0 0 0 0
3 1.25 0 0 0 0 0 0 7.84072 2.97917 0 0
4 1.75 0 0 0.0614314 0.0208333 5.89741 2 0 2.97917 0 0
5 2.25 0 0 1.7513 1 0 2 0.239096 3.27083 0 0
6 2.75 0.491049 0.291667 0 1 0 2 1.80879 6.5625 0.33201 0.272727
7 3.25 2.91536 2.70833 0.375844 1.4375 0.373855 2.43519 1.53395 10.4583 2.61686 3.27273
8 3.75 1.47315 4.33333 1.34495 3.52083 1.67371 5.02778 1.25136 14.6875 0.178774 3.54545
9 4.25 0.941365 5.66667 1.24646 6 2.053 9.11111 1.2242 20 0.928199 5.36364
10 4.75 0.918678 7.29167 0.855505 8.125 0.846186 11.213 1.09944 25.9583 1.5732 9.21212
3900 10
1 0.25 0 0 0 0 0 0 0 0 0 0
2 0.75 0 0 0 0 0 0 0 0 0 0
3 1.25 0 0 0 0 0 0 7.89555 3 0 0
4 1.75 0 0 0.184294 0.0625 5.87011 1.99074 0 3 0 0
5 2.25 0 0 1.67677 1 0.0165607 2 0.324487 3.39583 0 0
6 2.75 0.771648 0.458333 0 1 0 2 1.65997 6.41667 0.25823 0.212121
7 3.25 2.46298 2.5 0.429536 1.5 0.397718 2.46296 1.68981 10.7083 2.66973 3.27273
8 3.75 1.77533 4.45833 1.42564 3.70833 1.61394 4.96296 1.2452 14.9167 0.139047 3.48485
9 4.25 0.941365 5.79167 1.11029 5.91667 2.01575 8.97222 1.2002 20.125 0.912729 5.27273
10 4.75 0.895122 7.375 0.981315 8.35417 0.902102 11.213 1.03409 25.7292 1.5732 9.12121
4000 10
1 0.25 0 0 0 0 0 0 0 0 0 0
2 0.75 0 0 0 0 0 0 0 0 0 0
3 1.25 0 0 0 0 0 0 7.89555 3 0 0
4 1.75 0 0 0.122863 0.0416667 5.89741 2 0 3 0 0
5 2.25 0 0 1.71404 1 0 2 0.375722 3.45833 0 0
6 2.75 0.561199 0.333333 0 1 0 2 1.77445 6.6875 0.29512 0.242424
7 3.25 2.7143 2.58333 0.393741 1.45833 0.413627 2.48148 1.56676 10.6667 2.61686 3.24242
8 3.75 1.85088 4.625 1.2777 3.4375 1.56014 4.89815 1.39931 15.3958 0.139047 3.45455
9 4.25 0.853112 5.83333 1.27789 5.97917 2.08093 9.03704 1.04177 19.9167 0.990079 5.39394
10 4.75 0.777343 7.20833 0.880667 8.16667 0.883463 11.2315 1.05715 25.6458 1.61036 9.33333
4100 10
1 0.25 0 0 0 0 0 0 0 0 0 0
2 0.75 0 0 0 0 0 0 0 0 0 0
3 1.25 0 0 0 0 0 0 7.89555 3 0 0
4 1.75 0 0 0.245725 0.0833333 5.89741 2 0 3 0 0
5 2.25 0 0 1.63951 1 0 2 0.29033 3.35417 0 0
6 2.75 0.631348 0.375 0 1 0 2 1.75155 6.54167 0.14756 0.121212
7 3.25 2.51324 2.45833 0.411638 1.47917 0.397718 2.46296 1.59137 10.5833 2.74903 3.27273
8 3.75 1.92642 4.58333 1.41219 3.66667 1.49439 4.77778 1.23287 14.75 0.139047 3.48485
9 4.25 0.794277 5.70833 1.17314 6 2.12283 9 1.1954 19.9375 0.959139 5.36364
10 4.75 0.824454 7.16667 0.838731 8.08333 0.876008 11.1759 0.961046 25.1458 1.51126 9.06061
4200 10
1 0.25 0 0 0 0 0 0 0 0 0 0
2 0.75 0 0 0 0 0 0 0 0 0 0
3 1.25 0 0 0 0 0 0 7.89555 3 0 0
4 1.75 0 0 0.245725 0.0833333 5.89741 2 0 3 0 0
5 2.25 0 0 1.63951 1 0 2 0.307409 3.375 0 0
6 2.75 0.631348 0.375 0 1 0.0111011 2.00926 1.67142 6.41667 0.25823 0.212121
7 3.25 2.56351 2.5 0.411638 1.47917 0.349992 2.41667 1.72262 10.7917 2.6433 3.24242
8 3.75 1.73756 4.41667 1.3853 3.625 1.49439 4.73148 1.2267 14.9375 0.0993192 3.39394
9 4.25 1.02962 5.875 1.15219 5.91667 2.13679 8.98148 1.16179 19.9792 0.912729 5.18182
10 4.75 0.683119 7.08333 0.956153 8.29167 0.887191 11.1852 1.01102 25.4583 1.72185 9.39394
4300 10
1 0.25 0 0 0 0 0 0 0 0 0 0
2 0.75 0 0 0 0 0 0 0 0 0 0
3 1.25 0 0 0 0 0 0 7.89555 3 0 0
4 1.75 0 0 0.184294 0.0625 5.89741 2 0 3 0 0
5 2.25 0 0 1.67677 1 0 2 0.324487 3.39583 0 0
6 2.75 0.631348 0.375 0 1 0 2 1.68286 6.45833 0.22134 0.181818
7 3.25 2.61377 2.54167 0.429536 1.5 0.413627 2.48148 1.74723 10.8958 2.69616 3.27273
8 3.75 1.69978 4.41667 1.31805 3.54167 1.53623 4.86111 1.13424 14.7292 0.119183 3.45455
9 4.25 1.02962 5.875 1.20456 5.9375 2.07627 8.99074 1.1858 19.875 0.943669 5.30303
10 4.75 0.588896 6.91667 0.930991 8.25 0.868552 11.1481 1.02255 25.4167 1.69707 9.45455
4400 10
1 0.25 0 0 0 0 0 0 0 0 0 0
2 0.75 0 0 0 0 0 0 0 0 0 0
3 1.25 0 0 0 0 0 0 7.89555 3 0 0
4 1.75 0 0 0.0614314 0.0208333 5.89741 2 0 3 0 0
5 2.25 0 0 1.7513 1 0 2 0.461113 3.5625 0 0
6 2.75 0.350749 0.208333 0.0249776 1.02083 0 2 1.56838 6.41667 0.22134 0.181818
7 3.25 3.01589 2.70833 0.447433 1.54167 0.38181 2.44444 1.69801 10.7292 2.66973 3.24242
8 3.75 1.47315 4.33333 1.3315 3.60417 1.52427 4.80556 1.19588 14.7708 0.119183 3.42424
9 4.25 1.05904 5.83333 1.21504 6.02083 2.10886 9 1.2002 19.9792 0.804439 5
10 4.75 0.824454 7.29167 0.930991 8.33333 0.894646 11.2222 0.999487 25.3958 1.7714 9.33333
4500 10
1 0.25 0 0 0 0 0 0 0 0 0 0
2 0.75 0 0 0 0 0 0 0 0 0 0
3 1.25 0 0 0 0 0 0 7.89555 3 0 0
4 1.75 0 0 0.307157 0.104167 5.89741 2 0 3 0 0
5 2.25 0 0 1.60225 1 0 2 0.426956 3.52083 0 0
6 2.75 0.841798 0.5 0.0249776 1.02083 0 2 1.62562 6.47917 0.22134 0.181818
7 3.25 2.7143 2.75 0.340049 1.41667 0.413627 2.48148 1.77184 10.9792 2.69616 3.27273
8 3.75 1.3976 4.29167 1.3853 3.5625 1.5183 4.83333 1.21438 15.0833 0.139047 3.48485
9 4.25 1.08845 5.83333 1.23599 6.02083 2.12283 9.05556 1.10418 19.875 0.912729 5.27273
10 4.75 0.800899 7.25 0.855505 8.14583 0.894646 11.2778 1.04177 25.5208 1.64753 9.30303
4600 10
1 0.25 0 0 0 0 0 0 0 0 0 0
2 0.75 0 0 0 0 0 0 0 0 0 0
3 1.25 0 0 0 0 0 0 7.84072 2.97917 0 0
4 1.75 0 0 0.122863 0.0416667 5.89741 2 0 2.97917 0 0
5 2.25 0 0 1.71404 1 0 2 0.358643 3.41667 0 0
6 2.75 0.701498 0.416667 0 1 0 2 1.59128 6.3125 0.25823 0.212121
7 3.25 2.81483 2.75 0.340049 1.39583 0.421581 2.49074 1.70621 10.6458 2.66973 3.27273
8 3.75 1.47315 4.375 1.49289 3.70833 1.53623 4.87037 1.2452 14.8542 0.158911 3.51515
9 4.25 0.853112 5.58333 1.11029 5.91667 2.07627 9 1.12339 19.7292 0.866319 5.21212
10 4.75 0.942234 7.25 0.981315 8.35417 0.890918 11.213 1.01871 25.25 1.68469 9.33333
4700 10
1 0.25 0 0 0 0 0 0 0 0 0 0
2 0.75 0 0 0 0 0 0 0 0 0 0
3 1.25 0 0 0 0 0 0 7.84072 2.97917 0 0
4 1.75 0 0 0.368588 0.125 5.89741 2 0 2.97917 0 0
5 2.25 0 0 1.56499 1 0 2 0.239096 3.27083 0 0
6 2.75 0.280599 0.166667 0 1 0 2 1.71721 6.39583 0.14756 0.121212
7 3.25 3.01589 2.66667 0.46533 1.54167 0.342038 2.39815 1.73082 10.7917 2.74903 3.27273
8 3.75 1.43537 4.25 1.3046 3.5625 1.62589 4.91667 1.13424 14.625 0.178774 3.54545
9 4.25 0.970783 5.625 1.28836 6.125 2.05765 9.00926 1.15699 19.6458 0.819909 5.15152
10 4.75 0.84801 7.125 0.889055 8.33333 0.842458 11.1019 1.03409 25.25 1.64753 9.18182
4800 10
1 0.25 0 0 0 0 0 0 0 0 0 0
2 0.75 0 0 0 0 0 0 0 0 0 0
3 1.25 0 0 0 0 0 0 7.78589 2.95833 0 0
4 1.75 0 0 0.368588 0.125 5.89741 2 0 2.95833 0 0
5 2.25 0 0 1.56499 1 0 2 0.324487 3.35417 0 0
6 2.75 0.631348 0.375 0 1 0 2 1.72866 6.5 0.14756 0.121212
7 3.25 2.66404 2.58333 0.357947 1.41667 0.357947 2.41667 1.68981 10.7917 2.7226 3.24242
8 3.75 1.66201 4.41667 1.42564 3.625 1.64382 4.96296 1.17739 14.7708 0.198638 3.54545
9 4.25 0.823695 5.58333 1.26741 6.14583 2.02972 9 1.1906 19.9375 0.866319 5.24242
10 4.75 0.942234 7.25 0.838731 8.22917 0.835003 11.0741 1.03024 25.5208 1.54843 9.0303
4900 10
1 0.25 0 0 0 0 0 0 0 0 0 0
2 0.75 0 0 0 0 0 0 0 0 0 0
3 1.25 0 0 0 0 0 0 7.89555 3 0 0
4 1.75 0 0 0.307157 0.104167 5.89741 2 0 3 0 0
5 2.25 0 0 1.60225 1 0 2 0.307409 3.375 0 0
6 2.75 0.631348 0.375 0 1 0 2 1.69431 6.45833 0.22134 0.181818
7 3.25 2.7143 2.625 0.519022 1.60417 0.397718 2.46296 1.61598 10.5625 2.69616 3.27273
8 3.75 1.54869 4.33333 1.26425 3.5625 1.48841 4.76852 1.25136 14.7917 0.178774 3.54545
9 4.25 0.88253 5.58333 1.25694 6.0625 2.11352 8.97222 1.2002 20 0.881789 5.27273
10 4.75 0.96579 7.29167 0.930991 8.375 0.917012 11.25 1.03024 25.5833 1.56081 9.09091
5000 10
1 0.25 0 0 0 0 0 0 0 0 0 0
2 0.75 0 0 0 0 0 0 0 0 0 0
3 1.25 0 0 0 0 0 0 7.89555 3 0 0
4 1.75 0 0 0.368588 0.125 5.89741 2 0 3 0 0
5 2.25 0 0 1.56499 1 0 2 0.3928 3.47917 0 0
6 2.75 0.701498 0.416667 0 1 0 2 1.74011 6.64583 0.29512 0.242424
7 3.25 2.51324 2.5 0.483228 1.5625 0.365901 2.42593 1.50934 10.4792 2.6433 3.27273
8 3.75 1.85088 4.54167 1.3046 3.58333 1.54221 4.81481 1.30684 14.8958 0.119183 3.45455
9 4.25 0.647189 5.45833 1.29883 6.16667 2.06696 8.92593 1.06098 19.5 0.866319 5.15152
10 4.75 0.918678 7.08333 0.855505 8.29167 0.950562 11.287 1.0879 25.3958 1.59798 9.06061
