# Stress and strain vectors, 333U-50C-9, negative deformation 4
# eps sig1 sig2 sig3 sig4 sig5 sig6
0 -0 -0 -0 -0 -0 -0
-0.000200000000000089 -1.02642354489033 -1.22828707127629 -1.23373004390423 0.0101186322957327 -0.1291943541396 0.456782306097391
-0.000400000000000079 -0.633732019093327 -1.10124006743204 -1.76541741422717 0.22893263433904 -0.0656537394142796 0.341271334967229
-0.000600000000000069 -1.54471059302631 -1.5080396146554 -2.30484589852073 -0.254688083209024 -0.165372503567452 0.500774602446168
-0.00080000000000006 -0.554948527538653 -1.04157119698047 -0.664160466212612 0.106541946459273 -0.141456327863174 0.0962349479201993
-0.00100000000000005 -0.404692145103842 -1.50504945154257 -1.44109894674268 0.200344597041036 -0.0499931881600312 0.341435053816381
-0.00120000000000004 -1.04534238740465 -1.44044199158215 -1.29457609210624 -0.266060613462465 -0.131513568148778 0.140555671123315
-0.00140000000000003 -1.38073143419074 -1.51783674412987 -1.59198238930716 -0.356019791733579 -0.141902922543799 0.498393729316364
-0.00160000000000002 -1.32868999706377 -1.28623975132484 -1.72216685305972 -0.353477855151538 -0.0537183977040148 0.287387740868876
-0.00180000000000001 -0.497643880470224 -1.49319785723759 -1.17293423904517 -0.162019535812336 -0.0186756791412866 0.312334187978245
-0.002 -0.818320332466943 -1.20379661409236 -1.71663019748607 -0.0719312115011282 0.0208227170856193 0.110569611934398
-0.00219999999999999 -1.04948098123129 -1.58174406856076 -2.00814592095672 -0.202665929855495 -0.124122266099582 0.379845083334209
-0.00239999999999998 -0.208544593418133 -0.981495199394026 -1.24947657325987 -0.265550191515755 -0.24681422327518 0.168564179402612
-0.00259999999999997 -0.921737783680012 -0.992364051573597 -1.72639876570095 -0.150220387878662 -0.334911943932726 0.305888239835407
-0.00279999999999996 -0.944589418514336 -1.22327166681193 -1.63121756532626 0.0891568282018025 0.252369063646246 0.348577754771576
-0.00299999999999995 -1.25371219846889 -1.14124034299865 -1.17097470204178 0.116249708312595 0.184128087003564 0.490588502681445
-0.00319999999999994 -0.800907906911668 -1.69281236779364 -1.29947185069102 0.125933430761125 0.00305770511555769 0.0162927250040132
-0.00339999999999993 -0.620088516695206 -1.38405866846626 -0.920977657837318 0.165143300384983 -0.299727157737752 0.231134839933551
-0.00359999999999992 -0.58618922632226 -1.40581585712699 -1.60266449233177 -0.0238303902303234 -0.0375191055570533 0.101246770774533
-0.00379999999999991 -1.02208556015733 -1.80819682752967 -1.33441640071366 -0.0475208284025719 -0.236430495093517 0.175958347403207
-0.0039999999999999 -1.0427548701708 -1.30180514865165 -1.557963312307 -0.179294825652899 0.160231839564181 0.0801092920745533
-0.0042000000000001 -0.254681074042276 -0.640793569061664 -0.663627484906668 -0.280989626816371 -0.128435940876134 0.547010286873535
-0.0044000000000001 -0.499926644628436 -1.3345335757472 -1.67589363758663 0.325916002207839 -0.126697795116643 0.344927208583826
-0.00460000000000008 -0.701318215978714 -1.60398437529464 -1.5815006127363 0.360331213344319 0.0956017461456933 0.525853403082611
-0.00480000000000007 -0.642336809968332 -1.16819335344626 -0.979244569043689 -0.153179262718398 -0.0856823738949865 0.12142165790644
-0.00500000000000007 -0.570027200364305 -0.825346370480657 -1.21513429306107 -0.0522757072744807 -0.140236955434853 0.252678615060447
-0.00520000000000005 -1.46120889831363 -1.21512578787741 -1.98898820968686 -0.015286232999812 -0.0825945648983078 0.119496617262698
-0.00540000000000004 -0.978855288573007 -1.35394938565524 -1.28451393081239 0.044088535605359 0.190142986502473 0.412243305156469
-0.00560000000000004 -0.895050304886182 -1.31282936008228 -0.885313801219421 0.168350564705262 -0.0744937532004864 0.265937084507022
-0.00580000000000002 -1.3178573586842 -1.60446049415588 -2.11745741918419 -0.278034208585661 -0.217874363518405 0.255983680948515
-0.00600000000000001 -0.729323551425438 -1.13332193868859 -1.13383805075415 0.406203561706235 -0.00396740422150762 0.163561552424168
-0.0062 -0.501681820655074 -1.57475140696702 -1.74875216970279 0.129256899612067 0.00353538184502832 0.386541350690399
-0.0064 -0.189074256925887 -1.0117190492865 -0.769580476708025 -0.284756972488134 0.100335103064848 0.456387043607736
-0.0066 -0.536511851778394 -1.25735516952591 -1.3643655657562 0.132689099128767 -0.0699318127142512 0.299383579562789
-0.0068 -0.617810352377011 -1.06994303528329 -1.61201592769202 0.028793166251221 -0.0522099484011404 0.064165102388073
-0.00699999999999994 -0.905525173393435 -1.14538593063333 -1.59115082185224 0.0859842873955226 0.038513289459141 0.310785090369156
-0.00719999999999994 -0.238274554739665 -0.943752814927106 -1.24849999384661 -0.273885144347223 0.117561119849807 0.516783591512206
-0.00739999999999994 0.0218742989571637 -0.801676274735247 -0.609388901665055 -0.142406278170762 -0.230500975954621 0.588619865782847
-0.00759999999999994 -0.797173894130241 -1.18341695188286 -1.1870095626784 0.057291020742658 -0.295379606138296 0.516674299838391
-0.00779999999999994 -1.09659526295184 -1.1461174288604 -1.89368605780559 -0.324003224221841 -0.0529891457788072 0.0762856432159797
-0.00799999999999994 -1.16702345963783 -1.45481312289491 -1.67985050020834 -0.305579897184626 -0.12061736007061 0.089997384676149
-0.00819999999999988 -0.866725373643902 -1.17667127151512 -1.7014193346429 -0.0893600695931515 0.0408044429550635 0.361394565644526
-0.00839999999999988 -0.889582581423147 -1.03534892659924 -1.61232978514231 -0.324863658034776 -0.249102513870277 0.490464429186131
-0.00860000000000012 -0.952808556241121 -1.74445048154277 -2.0223180943601 -0.015006171967186 -0.357419936620172 0.557805349810481
-0.00880000000000006 -0.645712076785255 -1.76366538041744 -1.00562340139728 -0.0890806524130143 0.0856999306215988 0.361771844328977
-0.00900000000000006 -0.946757137179936 -1.52662690537705 -1.50571043168957 -0.00491944047247211 0.136242402396425 0.372106159355776
-0.00920000000000006 -0.602765406737846 -1.09261090776235 -1.25000823985152 -0.10757699467765 -0.0967580766177861 0.213213309920252
-0.00940000000000006 -1.44280968732803 -1.76782775835272 -2.0131954933092 -0.140410368418898 0.0687813697302458 0.499223985582204
-0.00960000000000006 -0.753175571953351 -1.13092212298884 -1.41440187140185 -0.233988855701334 -0.375167980181994 0.364362171135375
-0.00980000000000006 -1.32713343911995 -1.75742237631143 -1.90980180489062 -0.352830166629711 -0.285302116313449 0.14976760542385
-0.01 -0.714150385661316 -1.42558969222797 -1.93490583550278 -0.25663431335759 0.109181637777889 0.38358132881066
-0.0102 -0.497986535416794 -1.05744935298228 -1.20369086255621 0.100003301172285 -0.000295191424797817 0.235500312071684
-0.0104 -0.851129053194467 -1.04903111823472 -1.57934090559775 0.093322309029214 -0.155351320254071 0.157527990697664
-0.0106 -0.545700357725813 -1.34392946423703 -1.16124554882434 -0.115522519277288 -0.073257472936776 0.162706250177023
-0.0108 -0.815914241036465 -1.10732024883505 -1.59493834333031 -0.0857120629431054 0.152518080107217 0.627709908032841
-0.011 -0.976738572878015 -1.38923216738956 -1.92651453709664 -0.133644910158155 0.059392709207135 0.348982892661958
-0.0111999999999999 -0.495194917689194 -1.29439972908696 -1.64804182228132 -0.339010169687008 -0.146344394774597 0.165928348349416
-0.0113999999999999 -1.03676103229618 -0.850586303033145 -1.33069998608515 -0.230887285746454 -0.22679929508503 0.26208880490943
-0.0115999999999999 -0.799750855574816 -1.40923677602999 -1.51187724502921 -0.0284569508766182 0.0385276494837858 0.456061902782923
-0.0117999999999999 -0.649322084313219 -1.19954490442823 -1.82608627820165 -0.350691820600892 -0.0618450018881556 0.537208706980703
-0.0119999999999999 -0.839586989088176 -1.41860428746274 -1.73019678217723 0.0300747156078896 -0.0587089105729099 0.488179615971113
-0.0121999999999999 -0.861855179769839 -1.50260130985619 -1.51492541852307 -0.314059329195993 -0.163754807551202 0.241811454166245
-0.0123999999999999 -0.563043622678372 -1.00828101910175 -1.40980126580582 -0.172300846964469 -0.144945414688722 0.261855869153042
-0.0125999999999999 -0.926601241947761 -1.41956758813078 -1.72707052888045 -0.652254609342488 0.0703696123546036 0.221665314785859
-0.0128000000000001 -0.501599278647476 -1.47517356070407 -1.56812451005913 -0.650287688163109 0.0220153200349514 0.137405398036547
-0.0130000000000001 -1.11229648780477 -1.60004896449274 -1.98190500716283 -0.202203170154055 0.144187410469917 0.208961789194817
-0.0132000000000001 -0.443062819038121 -1.20679614905702 -1.77342273446036 -0.132435599127507 0.205056385882784 0.600314394157804
-0.0134000000000001 -0.663048800867875 -1.2414824280198 -1.00861918414829 0.0032265370909664 -0.0272106125487368 0.279683175946114
-0.0136000000000001 -1.14678152387147 -1.81042761274281 -1.99481001933239 0.0115601676477403 -0.1252152653083 0.132705161535438
-0.0138000000000001 -0.647098323834546 -0.719688398515932 -0.566305408200719 -0.260512349366535 -0.20474391472603 0.470535150178046
-0.0140000000000001 -0.848591653344983 -1.83736618965561 -1.73150257257127 0.132767205215022 -0.0663476680891495 0.641376874842818
-0.0142000000000001 -0.588312182462531 -0.970100393473489 -1.1848646856288 -0.29406792314542 -0.100833191780395 0.211235710865909
-0.0144 -0.890268711559786 -1.43302452961033 -1.69032785402406 -0.479982090481889 -0.34855285876283 0.251400586872836
-0.0146 -0.866158818206591 -2.0173207478606 -2.06281932989466 -0.0634701690213566 0.0268299062282781 0.207339190066843
-0.0148 -1.21951261518405 -1.34674750677631 -2.13696270338489 -0.352107440289916 -0.086163779984562 0.405889225156884
-0.015 -0.629411062778093 -1.1889057694782 -1.82105443769457 -0.235373527287261 0.104325565092768 0.559571118394076
-0.0152 -0.505934841160989 -1.49705901926167 -1.59895630803877 -0.311606074778626 -0.0695830140094878 -0.110526639796403
-0.0154 -0.381683591570898 -1.34704120916551 -1.38442585384996 -0.510541043670578 -0.294646382029074 0.185413129649121
-0.0155999999999999 -0.461422525073295 -1.3494475611516 -2.04426716535473 -0.157208807007395 -0.018247185993563 0.305459978822767
-0.0157999999999999 -1.02225539787392 -1.53527382965683 -1.31369618140588 -0.321982188835236 -0.136207353492886 0.451065401658339
-0.0159999999999999 -1.24450116504529 -1.44371459592939 -1.73365642386342 -0.329880175593451 0.290344674126816 0.497220567078035
-0.0161999999999999 -1.30124125610811 -0.623899478721606 -1.98032408097653 -0.381593401400102 0.15369679862601 0.227870087185298
-0.0163999999999999 -0.335500002443553 -1.11796563712226 -1.24988351786422 -0.341455025825102 0.0242910676952234 0.156043979946158
-0.0165999999999999 -0.660763191365829 -1.59012591586261 -2.02457035892428 -0.17182601707193 -0.438628222183364 0.479340511879485
-0.0167999999999999 -0.819233294889362 -1.34156802932642 -1.88155800511295 -0.0873774236287537 -0.42838469566115 0.116861135814075
-0.0170000000000001 -1.36109132833558 -1.87028257577261 -1.70167609750824 -0.314447169562084 -0.157491066420847 0.437760385642839
-0.0172000000000001 -0.579742643033728 -0.919981999240374 -1.83357312814778 -0.274255488820449 -0.177243670611464 0.0901725469557939
-0.0174000000000001 -0.732548478049046 -1.03658703870891 -1.77016405925647 -0.522101776792909 -0.0679705283975301 0.437081561466742
-0.0176000000000001 -0.73453858999449 -1.58246953686087 -2.33930796166686 -0.187476752830061 -0.275452394609437 0.24163740026466
-0.0178000000000001 -0.833493988011526 -0.788815120068348 -1.52198621402889 -0.0472354453072141 0.0750288165706719 0.404263058242529
-0.0180000000000001 -0.966515499808038 -0.718792158388936 -1.29248868521416 -0.536745774729607 0.155989662438422 0.168561333596075
-0.0182000000000001 -0.790807529070048 -1.31746853902317 -1.64990940702447 -0.34924118656007 -0.0239489048277056 0.365858204894744
-0.0184000000000001 -0.507379801886176 -0.845603872656996 -0.838943473283257 -0.0930558592688645 0.110603110899088 0.0711612350403791
-0.0186 -1.25689010856609 -1.88322685831317 -1.61769369361593 -0.0929344743682486 0.175762345432652 0.381990966858
-0.0188 -1.40058385184231 -1.30156799334577 -1.9755819212056 -0.213375782201643 0.00187620338758732 0.361052273534089
-0.019 -0.791208771953786 -0.803687542814174 -1.33196581026891 -0.0452163732258044 -0.0963843230449968 0.573215604269127
-0.0192 -1.1662021140263 -1.20892194710478 -1.68718500125797 -0.296831813731921 -0.426413743642656 0.382983190929553
-0.0194 -0.550326278370463 -0.84660650433918 -1.37873016388923 -0.327866387490934 0.146261031527584 0.164429436837761
-0.0196 -0.708021128075285 -0.936603316391814 -1.51073267086702 -0.158632106810458 0.167437898199266 0.201740241247409
-0.0197999999999999 -0.390639327093499 -1.15248844538035 -1.43630794903169 -0.102471074125703 0.122302469682925 0.338661808781053
-0.0199999999999999 -1.25795509324642 -1.22967804978657 -1.93811868379183 -0.293395520013969 0.0693518768288447 0.205245667466579
