# Stress and strain vectors, 333U-50C-33-vasp, negative deformation 5
# eps sig1 sig2 sig3 sig4 sig5 sig6
0 -0 -0 -0 -0 -0 -0
-0.00400000000000003 0.88723397394536 0.488825568321249 0.572475012016247 0.0269898903244217 -0.162463943391926 0.124424318709003
-0.008 0.3843674345078 0.249275594394496 0.122036406637613 0.184475505328294 0.171609982101171 0.0859458041662725
-0.012 0.33655432142905 0.594790468768073 0.072503112978136 0.0961810152035696 0.0794394219404827 0.255736372484878
-0.016 0.731785606195441 0.702837396180756 0.849945825454911 0.16220265426374 0.243937489897914 0.141024810850729
-0.02 -0.101514956233881 0.109775659421047 -0.04078905183709 0.141482251510127 -0.0370471292146427 0.121570140288037
-0.024 0.308838096051742 0.348828391033018 0.388448256689975 0.0513980556630178 -0.074116143413239 -0.278442899724928
-0.028 -0.00439739174632184 -0.239877560188078 -0.0494592612317441 0.0727351433806947 -0.0514777289861506 -0.19425349572825
-0.032 0.282613769304298 0.170133457968042 0.296908811774796 0.0808430478802756 0.0043434927271399 0.0769325540628888
-0.036 0.489059656401198 0.546060269945102 0.309207266511991 0.152902393308031 0.287237313241368 -0.220273523304332
-0.04 0.136089061913583 0.283453944720724 0.0553732603411368 0.174164141093593 -0.27071350943092 -0.165441754652133
-0.0439999999999999 -0.107309002784784 -0.035783715907732 0.303572441315753 0.0660798653767716 -0.160940968435275 -0.290484539213692
-0.0479999999999999 0.121500463714046 0.473036279970598 0.769556777798981 0.139918877694088 0.125284327415932 -0.0499474947795547
-0.0519999999999999 0.257636332883624 0.493307040678561 -0.283231421317222 0.0605263583428488 -0.302361672502471 -0.267754363122516
-0.0559999999999999 0.641158910645423 0.172117340815243 -0.0798624312917717 0.0937615996508574 -0.536024578678234 -0.0421556609031453
-0.0599999999999999 0.427357669618614 0.24128148508954 0.182843255940486 0.00940020266611415 -0.365393822168706 -0.0470570547369731
-0.0639999999999999 0.127925949517278 -0.008462109621736 0.0908958126862806 0.0703576969421242 -0.415105553218375 -0.203783626297856
-0.0679999999999999 -0.169637479863027 -0.0273857804742494 -0.371667185392662 0.0399704071270466 -0.427700760455065 -0.0868968422583131
-0.0719999999999999 0.535600596363828 0.124624980243034 0.42836766160569 0.144662509210628 -0.206825894484887 -0.198627107457266
-0.076 0.373772291594126 0.38466459137557 0.574086907121494 0.0509831746065147 -0.189937436066238 -0.224548573139848
-0.08 -0.0243346138758522 0.438594849540843 0.590916279257451 0.0899979042904696 -0.196376704406306 0.161400248909101
-0.084 0.139928260951882 0.510211866541335 0.786673247548954 0.105599673967444 -0.214725573761849 0.0986951675540111
-0.088 0.104886486655923 0.0916487068483012 0.345605619586832 0.0299510834008662 -0.306744777334241 0.0370927911525661
-0.092 0.280912691917764 -0.118907715901209 0.371401037256871 0.204454096780127 -0.145947542973373 -0.0467508741168809
-0.096 0.65210175106797 0.180004039673844 0.530741396806455 -0.215020023518511 -0.540789616806647 -0.0998746965466599
-0.1 0.0303158273586466 0.017501451109176 -0.132184683394888 0.0216147862203747 -0.498148648672298 -0.178541571066636
-0.104 -0.316869912994105 -0.0398882811562016 0.055915121395801 0.101068692057409 -0.34456104491618 -0.35567933722407
-0.108 -0.0231251372124286 0.841675018322307 0.239077605955672 0.185001373417327 -0.395079753641377 -0.324145771549963
-0.112 0.755782990010342 0.347670708414837 0.267664519767567 0.152528801319796 -0.52684326434938 -0.129179594773168
-0.116 0.776800551620714 0.508176332096428 0.821351644334627 -0.203027592047315 -0.491315368223487 -0.145596800513452
-0.12 0.347624777251232 -0.269467627231469 0.302942336377932 -0.177936268052937 -0.550648073325616 -0.314303783314575
-0.124 0.490496268097691 0.171425628894162 0.552665181486694 0.002485297096928 -0.764824074979104 -0.225140180478537
-0.128 -0.0434636490821125 0.00825806809565557 0.0692128951447886 0.0651035435484103 -0.807565594270239 -0.109053265883983
-0.132 0.346645617711862 0.53134412969642 1.00454746155339 0.0965679131658224 -0.598932669489417 -0.09069428003817
-0.136 0.318645467057903 -0.0108416218876834 0.274027041095599 0.0989419017839558 -0.4004075645788 -0.0831028524614737
-0.14 0.58992307202235 0.510267935871954 0.969485374814105 0.160731198105613 -0.766158173941477 0.0394532613083958
-0.144 -0.0952018061566292 -0.0181253286997175 0.464846472933892 0.039681617767226 -0.705465081549188 -0.398441281527052
-0.148 0.25568810465649 0.415685350591401 0.673431754369047 0.31021180737065 -0.724415334203415 -0.2115884836379
-0.152 -0.231371175940979 -0.143777163295371 -0.218035494661106 -0.0652370830101811 -0.826803523070157 -0.00204296539592019
-0.156 0.282136570632234 0.569528340812614 0.601610682832974 0.0846741541270579 -0.492009986021473 0.139247660376153
-0.16 0.156543001065292 -0.287361799494312 0.365142186267359 -0.166585794144764 -0.390001619721551 -0.124278706556802
-0.164 0.735816613747921 0.784648564598897 0.501344691049253 0.0363564399442379 -0.737972418739207 -0.549182597130565
-0.168 -0.203543639272911 -0.248354280152673 -0.0625989732094175 0.210166574676592 -1.11850194851317 -0.112574271520297
-0.172 0.0742449114029805 0.10640904989862 0.713882238796673 0.251850593532923 -0.862880167495069 -0.238740825966951
-0.176 -0.0122670646150493 0.619638990218965 0.510767338533555 -0.186638389502162 -0.544879386878162 -0.020402729050865
-0.18 -0.408975734771613 -0.412240011055107 -0.313441187016241 -0.148877161322169 -0.846928562594495 -0.27455033452255
-0.184 0.620429015519332 0.354568163665634 0.785786180208856 -0.0436446912993223 -1.01081092741564 -0.00578727974400528
-0.188 0.112930370712463 0.514122876869889 0.879817140342078 0.111380633835614 -0.968101473817545 -0.1108066432928
-0.192 0.182328406690794 -0.00861938980961536 0.393835053031012 0.071823986550672 -0.963807103958303 0.121894444793863
-0.196 0.343506949492141 0.640096230266615 0.487799428359318 0.0734589522700302 -1.02301408590105 -0.0373562306685616
-0.2 0.111387118136839 0.0968930564056514 0.362661634018669 0.0379688986966152 -0.869578823059616 -0.189165456018139
