# Stress and strain vectors, 333-RV-32-vasp, positive deformation 3
# eps sig1 sig2 sig3 sig4 sig5 sig6
0 -0 -0 -0 -0 -0 -0
0.00200000000000004 0.25888410325002 -0.0280421519107991 0.24461329608804 -0.0607389114055067 0.0481903331339364 -0.336836809305218
0.00400000000000008 0.588569439353433 0.725137351745425 0.922059110980684 -0.00257553155084818 -0.135091881983423 -0.361963692208053
0.00599999999999989 0.221321012064805 0.719972201939882 0.740419727532304 0.29532955084918 -0.0437360673636747 -0.343982967950545
0.00799999999999994 0.646567771890296 0.43588037673369 1.2637289570846 -0.111647951278842 -0.140041153749881 -0.350678509393265
0.01 -0.0287824088337744 0.0820713361536056 0.58847620116787 -0.119599054779907 -0.512021208829124 -0.481806897248491
0.0120000000000001 0.272883965566611 0.172331676849588 1.02633001248447 0.0385119232865039 -0.376901962743525 -0.625205466543819
0.0140000000000001 0.552444670088707 0.0241979710578498 0.772002436445429 -0.18517931554937 0.118799801003735 -0.265356154860083
0.0159999999999999 0.206749432688137 -0.0182137715279188 0.638804768812187 -0.064086820077916 -0.42850114097564 -0.480132791402944
0.0179999999999999 0.260636621803001 0.508922792946675 0.832250321862669 0.0698582381995792 -0.193766550526703 -0.317857911860478
0.02 0.422560464438147 0.194996103443656 0.632307478848363 0.234598149491188 0.0212255937250221 -0.157916583612912
0.022 0.0923007680584097 0.467849975778076 0.509878648415095 0.0125894379565696 -0.335183426039956 -0.151438197726822
0.0240000000000001 0.35043689776899 0.444210344609656 0.893911604821762 0.234092109309823 -0.348907747905713 -0.513889886117426
0.0259999999999999 0.0947402778260509 0.377109470419429 0.723732232268587 0.206045660617402 0.221463001986543 -0.371403513922614
0.0279999999999999 0.858182365708646 1.02826319251921 1.51542658649234 0.0618574677792703 0.105725329465408 -0.389333298069467
0.03 -0.502295646447254 -0.484287962941007 -0.343193551106208 0.237573010957787 -0.27809014507484 -0.454591501683683
0.032 0.587532643448551 0.169721527584215 1.09398797386557 0.359651695421852 -0.404468240241175 -0.477416115026702
0.0340000000000001 0.485671287551513 0.948464503699623 1.32390919374268 0.13223840591241 -0.143710742950842 -0.4747493525015
0.0359999999999999 0.00278040225278921 0.100441071537943 0.63692287816971 0.0966971512420295 -0.313823550301559 -0.1637314121517
0.038 0.492968691780794 0.422913024967111 0.742768734980293 -0.0411865849323624 -0.35457741107941 -0.637531112265529
0.0399999999999999 0.300314141861093 -0.116787659569869 0.353311312747648 0.0618928389731027 -0.371467370443139 -0.719038481830374
0.042 0.0281765468879007 -0.211984185142132 0.681967206574418 -0.0743790807106944 -0.288082766402942 -0.618470588619336
0.0440000000000001 -0.480751076013714 -0.107065314316999 0.34187108999855 -0.0506281665542524 -0.0232239028577938 -0.169078103983389
0.0459999999999999 0.0462959497941128 0.619209382584057 1.27878842794294 -0.0652018291695749 -0.752740792326105 -0.259272640067282
0.0479999999999999 0.59646052375547 0.299373513306396 1.08508268184495 -0.0758250027466637 -0.329917547390383 -0.161255631777783
0.0499999999999999 -0.122830899200114 0.0625864389389441 0.78413094999797 -0.0790399016433056 -0.43346893720124 -0.290313024344865
0.052 0.138291865730198 0.506475478445543 1.05000811035245 -0.110379887934696 -0.325078027806306 -0.205466490210332
0.0540000000000001 0.777162799778656 0.785212214562545 1.79869621404081 0.463566558424644 -0.394989154025902 -0.315559456258956
0.0559999999999999 0.705026632035321 0.877450056872107 1.95717249414247 0.333605690461258 -0.269297405932835 -0.508267995291231
0.058 0.451332721133077 0.683759679492346 1.15445175183671 0.16970457425784 -0.434415949120905 -0.268872142856473
0.06 0.554294696899154 0.68585146049985 0.968382793524686 -0.0396589633013099 -0.301786469856757 -0.280564887557956
0.062 0.226201676549611 0.214990637665451 0.606068841271622 -0.0236815569942448 -0.390206389562783 -0.0282492062909117
0.064 0.761148957400001 0.52370018136076 1.66912073648188 0.128706174297543 -0.653601178617584 -0.218698027961448
0.066 0.768179975139787 0.891775646857655 2.07832674021504 0.28926831040984 -0.698001014898208 -0.343081925749225
0.068 0.503340587841865 0.735056581393977 1.70874349785104 0.328012492269702 -0.514724072827481 -0.314018767073641
0.07 0.610327228021663 0.869346084561523 1.46763545958092 0.158158588565062 -0.590054390161556 -0.203467918067543
0.072 0.484217549206711 0.792758979612269 1.59243073885601 0.279733228845478 -0.502581799260208 -0.185203630796819
0.074 0.918998970733917 1.03172203239747 2.00848468230845 0.199058737372639 -0.411125278980951 -0.254791374356818
0.076 0.351581852700565 0.768537922955275 1.66907302576951 0.118264089682104 -0.691758501789952 -0.0578765680561542
0.078 0.679420752694804 0.777110103440182 1.77349244748543 -0.345247081029992 -0.531500337827269 -0.317019243530832
0.08 0.710181834356248 0.744419087094365 1.97332165515364 0.291843859543673 -0.602953320802856 -0.404187130583592
0.082 0.430161664293233 1.2068718860455 1.31274235461562 0.294449417546823 -0.493225015289858 -0.463849433269029
0.084 1.24491469457615 1.28985723087499 2.35430519818 0.353792268142251 -0.443754304806948 -0.366521514779483
0.086 1.14927453313865 0.749034608904893 2.16101711303049 0.321616751010907 -0.370187762314057 -0.0405631309176637
0.088 0.669683531254599 0.707993185011712 1.91995084465716 -0.00649032300029518 -0.498572883445133 -0.22684930906961
0.09 1.2217135409635 1.15792543929888 2.58216240573582 0.275106685885244 -0.533087386744627 -0.468027931226723
0.092 0.819089105890876 1.26669049215439 2.19682878311833 0.218230755532702 -0.730255177231931 -0.0353183946843975
0.094 1.07433333471912 1.12135291958581 1.89180049318022 0.228341756987601 -0.376034672054907 -0.11813244764793
0.096 1.05981084949162 0.941087713453075 2.43187354550511 0.153011571974234 -0.351385766379663 -0.00637573467450693
0.098 0.877902738467606 1.45938059480303 2.41613451171245 0.194115994541762 -0.422133616843944 -0.146474930982329
0.1 1.08252390943539 1.06874625777336 2.39873320258858 0.182716291392127 -0.410718660397664 -0.0911416624309187
