# Time-averaged data for fix myRDF
# TimeStep Number-of-rows
# Row r g1(r) coor1(r) ...
0 100
1 0.025 0 0 0 0 0 0 0 0
2 0.075 0 0 0 0 0 0 0 0
3 0.125 0 0 0 0 0 0 0 0
4 0.175 0 0 0 0 0 0 0 0
5 0.225 0 0 0 0 0 0 0 0
6 0.275 0 0 0 0 0 0 0 0
7 0.325 0 0 0 0 0 0 0 0
8 0.375 0 0 0 0 0 0 0 0
9 0.425 0 0 0 0 0 0 0 0
10 0.475 0 0 0 0 0 0 0 0
11 0.525 0 0 0 0 0 0 0 0
12 0.575 0 0 0 0 0 0 0 0
13 0.625 0 0 0 0 0 0 0 0
14 0.675 0 0 0 0 0 0 0 0
15 0.725 0 0 0 0 0 0 0 0
16 0.775 0 0 0 0 0 0 0 0
17 0.825 0 0 0 0 0 0 0 0
18 0.875 0 0 0 0 0 0 0 0
19 0.925 0 0 0 0 0 0 0 0
20 0.975 0 0 0 0 0 0 0 0
21 1.025 0 0 0 0 0 0 0 0
22 1.075 0 0 0 0 0 0 104.985 3
23 1.125 0 0 0 0 0 0 0 3
24 1.175 0 0 0 0 0 0 0 3
25 1.225 0 0 0 0 0 0 0 3
26 1.275 0 0 0 0 0 0 0 3
27 1.325 0 0 0 0 0 0 0 3
28 1.375 0 0 0 0 0 0 0 3
29 1.425 0 0 0 0 0 0 0 3
30 1.475 0 0 0 0 0 0 0 3
31 1.525 0 0 0 0 0 0 0 3
32 1.575 0 0 0 0 2.63506 0.0740741 0 3
33 1.625 0 0 0 0 55.6967 1.74074 0 3
34 1.675 0 0 0 0 6.69828 1.9537 0 3
35 1.725 0 0 0 0 0.823778 1.98148 0 3
36 1.775 0 0 0 0 0 1.98148 0 3
37 1.825 0 0 0 0 0.245327 1.99074 0 3
38 1.875 0 0 0 0 0 1.99074 0 3
39 1.925 0 0 0 0 0.220502 2 0 3
40 1.975 0 0 0 0 0 2 0 3
41 2.025 0 0 4.93175 0.229167 0 2 0 3
42 2.075 0 0 12.3829 0.833333 0 2 0 3
43 2.125 0 0 2.84997 0.979167 0 2 0 3
44 2.175 0 0 0.388635 1 0 2 0 3
45 2.225 0 0 0 1 0 2 0 3
46 2.275 0 0 0 1 0 2 0.16281 3.02083
47 2.325 0 0 0 1 0 2 0.155883 3.04167
48 2.375 0 0 0 1 0 2 0.746944 3.14583
49 2.425 0 0 0 1 0 2 1.14634 3.3125
50 2.475 0 0 0 1 0 2 0.962929 3.45833
51 2.525 0 0 0 1 0 2 1.71818 3.72917
52 2.575 0 0 0 1 0 2 1.6521 4
53 2.625 0 0 0 1 0 2 1.71206 4.29167
54 2.675 0 0 0 1 0 2 2.82626 4.79167
55 2.725 0 0 0 1 0 2 1.92915 5.14583
56 2.775 0.67053 0.0416667 0 1 0 2 1.86026 5.5
57 2.825 1.29401 0.125 0 1 0 2 1.79499 5.85417
58 2.875 0.624697 0.166667 0 1 0.0988578 2.00926 2.14089 6.29167
59 2.925 1.20705 0.25 0 1 0 2.00926 2.26531 6.77083
60 2.975 2.33363 0.416667 0.207728 1.02083 0 2.00926 0.952089 6.97917
61 3.025 1.12856 0.5 0 1.02083 0 2.00926 2.11801 7.45833
62 3.075 3.82256 0.791667 0.388875 1.0625 0.0864167 2.01852 2.22793 7.97917
63 3.125 1.05749 0.875 0.188266 1.08333 0.0836736 2.02778 1.55319 8.35417
64 3.175 2.0489 1.04167 0 1.08333 0.162118 2.0463 2.25699 8.91667
65 3.225 2.48232 1.25 0.176771 1.10417 0.0785651 2.05556 1.86346 9.39583
66 3.275 6.7399 1.83333 0.514245 1.16667 0 2.05556 1.88557 9.89583
67 3.325 3.26936 2.125 0.332597 1.20833 0.295642 2.09259 1.5244 10.3125
68 3.375 4.53316 2.54167 0.807039 1.3125 0.358684 2.13889 1.55355 10.75
69 3.425 1.32053 2.66667 1.09711 1.45833 0.696576 2.23148 1.50852 11.1875
70 3.475 2.99321 2.95833 0.76126 1.5625 0.879678 2.35185 1.46543 11.625
71 3.525 2.07779 3.16667 0.739817 1.66667 1.18371 2.51852 1.69541 12.1458
72 3.575 2.42409 3.41667 1.00698 1.8125 1.34263 2.71296 1.25273 12.5417
73 3.625 2.35768 3.66667 1.25921 2 1.05712 2.87037 1.21841 12.9375
74 3.675 4.58792 4.16667 0.952921 2.14583 1.39157 3.08333 0.998298 13.2708
75 3.725 1.48853 4.33333 1.59002 2.39583 1.82558 3.37037 0.789489 13.5417
76 3.775 0.36234 4.375 1.29015 2.60417 1.94956 3.68519 0.946109 13.875
77 3.825 1.76464 4.58333 0.753984 2.72917 1.61967 3.9537 1.3823 14.375
78 3.875 0.34388 4.625 2.3264 3.125 1.63256 4.23148 1.12239 14.7917
79 3.925 1.67587 4.83333 1.55145 3.39583 1.85644 4.55556 1.53156 15.375
80 3.975 1.96077 5.08333 1.27995 3.625 2.27547 4.96296 0.959962 15.75
81 4.025 1.27491 5.25 0.680917 3.75 1.61402 5.25926 0.988275 16.1458
82 4.075 0.310954 5.29167 1.88221 4.10417 2.31278 5.69444 1.52238 16.7708
83 4.125 0.303461 5.33333 1.40466 4.375 2.01694 6.08333 1.73331 17.5
84 4.175 0.592472 5.41667 1.26574 4.625 3.32842 6.74074 1.40198 18.1042
85 4.225 1.44633 5.625 0.720974 4.77083 2.74657 7.2963 0.991339 18.5417
86 4.275 1.13016 5.79167 1.71022 5.125 2.45914 7.80556 1.29105 19.125
87 4.325 1.38022 6 1.47433 5.4375 2.62103 8.36111 1.12622 19.6458
88 4.375 1.07908 6.16667 1.63293 5.79167 2.00648 8.7963 1.0566 20.1458
89 4.425 0.791127 6.29167 1.69014 6.16667 1.62754 9.15741 1.59233 20.9167
90 4.475 1.54709 6.54167 1.00991 6.39583 0.897697 9.36111 1.05199 21.4375
91 4.525 0.504365 6.625 1.52647 6.75 1.0376 9.60185 1.19349 22.0417
92 4.575 0.493401 6.70833 1.14192 7.02083 0.546562 9.73148 1.16754 22.6458
93 4.625 0.48279 6.79167 0.945464 7.25 0.993215 9.97222 0.984859 23.1667
94 4.675 0.945037 6.95833 1.26184 7.5625 0.785144 10.1667 1.27235 23.8542
95 4.725 0.231286 7 0.741165 7.75 1.13462 10.4537 1.32106 24.5833
96 4.775 0.452935 7.08333 0.645089 7.91667 0.931795 10.6944 1.25658 25.2917
97 4.825 1.33079 7.33333 0.552815 8.0625 0.877484 10.9259 0.904905 25.8125
98 4.875 0.651815 7.45833 0.773619 8.27083 0.550129 11.0741 1.13464 26.4792
99 4.925 0.85153 7.625 0.606393 8.4375 0.976966 11.3426 0.83379 26.9792
100 4.975 1.46037 7.91667 0.965681 8.70833 0.891398 11.5926 1.12353 27.6667
