# Time-averaged data for fix myMSD
# TimeStep MSD_X MSD_Y MSD_Z MSD_Total Temperture
100 0.0159245 0.0117818 0.0106335 0.0383398 179.067
200 0.0564849 0.0372373 0.0304584 0.124181 211.216
300 0.100804 0.0649576 0.0516823 0.217443 253.124
400 0.144048 0.09834 0.0784547 0.320843 278.341
500 0.174635 0.123996 0.111787 0.410419 301.26
600 0.198107 0.147355 0.131993 0.477455 307.02
700 0.183105 0.136827 0.134574 0.454507 323.318
800 0.168261 0.128156 0.11855 0.414968 303.928
900 0.140194 0.115422 0.113998 0.369614 296.967
1000 0.126925 0.109834 0.112408 0.349166 283.519
1100 0.117721 0.108154 0.112546 0.33842 294.656
1200 0.115133 0.0960625 0.125849 0.337045 299.069
1300 0.111825 0.0902513 0.108847 0.310923 310.865
1400 0.108504 0.0945557 0.0996595 0.302719 309.006
1500 0.0968713 0.0990271 0.0922463 0.288145 298.437
1600 0.109512 0.110537 0.0964747 0.316523 299.432
1700 0.12562 0.118369 0.112822 0.356811 293.004
1800 0.128156 0.137537 0.138289 0.403982 286.135
1900 0.153827 0.141674 0.159218 0.454719 311.148
2000 0.184417 0.139614 0.171987 0.496018 304.733
2100 0.199487 0.138861 0.175869 0.514218 295.937
2200 0.206085 0.130756 0.172991 0.509832 300.839
2300 0.193234 0.129246 0.165186 0.487667 281.975
2400 0.168846 0.131034 0.155702 0.455582 282.88
2500 0.164568 0.133693 0.163806 0.462067 310.289
2600 0.178445 0.14494 0.178867 0.502253 293.39
2700 0.180749 0.126768 0.170841 0.478359 296.564
2800 0.167228 0.106389 0.157189 0.430807 315.208
2900 0.172573 0.120765 0.157541 0.45088 300.64
3000 0.156814 0.11051 0.151516 0.418841 289.844
3100 0.147273 0.101975 0.133893 0.383141 288.041
3200 0.15497 0.106968 0.1313 0.393239 296.492
3300 0.152675 0.117853 0.148695 0.419223 307.632
3400 0.158517 0.144111 0.15447 0.457098 298.705
3500 0.155168 0.153163 0.157981 0.466312 290.856
3600 0.159565 0.14097 0.160306 0.460842 307.901
3700 0.16941 0.137879 0.162799 0.470087 323.331
3800 0.199061 0.164327 0.176471 0.539859 311.024
3900 0.222501 0.172176 0.180882 0.575559 301.255
4000 0.227227 0.168562 0.16897 0.564759 294.824
4100 0.216708 0.161988 0.171293 0.54999 296.659
4200 0.199153 0.1507 0.171066 0.520919 302.006
4300 0.162342 0.150454 0.157252 0.470048 322.884
4400 0.146058 0.14553 0.136688 0.428276 311.441
4500 0.155756 0.12895 0.137287 0.421994 298.433
4600 0.166586 0.130287 0.167827 0.464699 303.419
4700 0.161072 0.133987 0.170462 0.465521 298.651
4800 0.156684 0.146501 0.168904 0.472088 291.66
4900 0.166495 0.142453 0.163357 0.472304 325.667
5000 0.188751 0.143687 0.16405 0.496487 298.977
5100 0.20716 0.143017 0.166275 0.516452 291.794
5200 0.21481 0.137996 0.170911 0.523717 295.019
5300 0.217482 0.15145 0.188691 0.557623 294.249
5400 0.216908 0.156605 0.185911 0.559425 301.139
5500 0.196995 0.157315 0.174732 0.529042 314.244
5600 0.181153 0.174565 0.179537 0.535255 289.028
5700 0.165447 0.183646 0.178239 0.527332 286.876
5800 0.173031 0.182525 0.18781 0.543366 289.833
5900 0.170395 0.188167 0.189948 0.54851 296.334
6000 0.172649 0.192381 0.196202 0.561232 306.084
6100 0.169838 0.168114 0.181315 0.519268 306.583
6200 0.169005 0.158808 0.175957 0.50377 293.789
6300 0.162689 0.158086 0.170504 0.49128 294.923
6400 0.177428 0.14439 0.166761 0.48858 291.179
6500 0.189578 0.14661 0.170791 0.506979 304.434
6600 0.185396 0.149032 0.169336 0.503765 313.182
6700 0.170041 0.149963 0.156576 0.476579 313.594
6800 0.158941 0.149241 0.156244 0.464426 291.774
6900 0.153891 0.148423 0.156886 0.4592 289.582
7000 0.159185 0.160342 0.156449 0.475976 307.098
7100 0.158186 0.163635 0.151836 0.473656 306.684
7200 0.164725 0.161518 0.162683 0.488926 319.493
7300 0.180125 0.170268 0.177904 0.528296 317.584
7400 0.199224 0.186514 0.189026 0.574764 301.253
7500 0.208898 0.187228 0.197892 0.594019 303.732
7600 0.207763 0.185504 0.201349 0.594616 298.277
7700 0.211897 0.206182 0.209273 0.627352 293.454
7800 0.217758 0.204994 0.22099 0.643742 291.795
7900 0.224015 0.207718 0.226316 0.658049 294.989
8000 0.229873 0.203061 0.222756 0.65569 308.729
8100 0.214403 0.185346 0.209611 0.609361 310.477
8200 0.212675 0.171927 0.189491 0.574093 296.106
8300 0.200952 0.156461 0.180807 0.53822 291.392
8400 0.18604 0.15447 0.177182 0.517692 285.299
8500 0.19516 0.151052 0.18069 0.526902 298.52
8600 0.190849 0.149646 0.170639 0.511135 308.267
8700 0.188978 0.156279 0.166574 0.511831 309.018
8800 0.204304 0.15625 0.175469 0.536023 290.161
8900 0.209272 0.165167 0.179983 0.554422 304.091
9000 0.20812 0.166529 0.183825 0.558475 299.529
9100 0.228302 0.169905 0.199213 0.59742 296.906
9200 0.220021 0.173509 0.213924 0.607454 299.256
9300 0.221436 0.1784 0.213495 0.613332 289.593
9400 0.228575 0.186257 0.223387 0.638219 280.986
9500 0.21398 0.188212 0.207002 0.609195 303.239
9600 0.193905 0.188943 0.194195 0.577043 299.156
9700 0.204125 0.177533 0.200209 0.581867 300.871
9800 0.209948 0.178337 0.202576 0.590862 301.904
9900 0.204854 0.191881 0.205342 0.602078 293.251
10000 0.210018 0.189868 0.204066 0.603951 281.466
10100 0.218675 0.188955 0.210872 0.618502 292.211
10200 0.22256 0.192251 0.218677 0.633487 301.919
10300 0.227705 0.178844 0.226588 0.633137 301.59
10400 0.22903 0.182501 0.23073 0.64226 306.899
10500 0.239342 0.181935 0.225395 0.646673 298.995
10600 0.248721 0.1865 0.234359 0.669581 288.726
10700 0.266027 0.20151 0.244021 0.711559 282.679
10800 0.263859 0.218397 0.232883 0.715139 290.323
10900 0.276577 0.240092 0.243645 0.760313 299.072
11000 0.285616 0.24446 0.255111 0.785187 302.651
11100 0.269216 0.221642 0.245448 0.736306 307.311
11200 0.247733 0.20411 0.235893 0.687736 297.744
11300 0.262799 0.217405 0.244892 0.725096 280.404
11400 0.279528 0.233207 0.260958 0.773693 284.93
11500 0.257325 0.236061 0.262899 0.756285 303.553
11600 0.264515 0.229406 0.263776 0.757697 303.446
11700 0.274066 0.247333 0.27725 0.798649 300.066
11800 0.285344 0.254274 0.273229 0.812847 288.888
11900 0.28356 0.243246 0.259625 0.786431 274.623
12000 0.296979 0.249167 0.268844 0.814991 302.711
12100 0.31886 0.255603 0.281439 0.855902 308.165
12200 0.313726 0.255612 0.292407 0.861745 294.144
12300 0.310147 0.270445 0.297634 0.878226 292.595
12400 0.301352 0.253438 0.291528 0.846318 302.09
12500 0.292799 0.252033 0.265134 0.809966 304.911
12600 0.28534 0.261602 0.268095 0.815038 306.318
12700 0.273752 0.266997 0.267993 0.808742 309.24
12800 0.282324 0.263677 0.259726 0.805727 296.709
12900 0.282771 0.255793 0.266173 0.804736 284.904
13000 0.251404 0.2266 0.259982 0.737986 295.149
13100 0.251872 0.220956 0.264811 0.737639 299.332
13200 0.257288 0.218889 0.275502 0.75168 298.667
13300 0.267272 0.216341 0.262975 0.746589 300.094
13400 0.275549 0.221702 0.25883 0.75608 296.89
13500 0.291345 0.239796 0.27383 0.80497 307.913
13600 0.30395 0.254935 0.279749 0.838634 303.055
13700 0.304626 0.256744 0.278985 0.840356 291.794
13800 0.308556 0.268464 0.294307 0.871327 295.145
13900 0.309215 0.268689 0.289242 0.867147 301.191
14000 0.31296 0.266699 0.296963 0.876622 304.789
14100 0.312271 0.26422 0.309613 0.886104 309.3
14200 0.324528 0.25689 0.312681 0.894099 301.909
14300 0.308209 0.247728 0.285774 0.841711 305.867
14400 0.298089 0.234005 0.264828 0.796921 294.161
14500 0.285408 0.224289 0.245668 0.755365 286.43
14600 0.273901 0.215153 0.24248 0.731535 294.623
14700 0.277927 0.220883 0.252271 0.751081 295.739
14800 0.269241 0.224828 0.254945 0.749014 303.088
14900 0.268993 0.214698 0.250431 0.734122 308.466
15000 0.282626 0.208325 0.251253 0.742205 301.631
15100 0.290729 0.215993 0.255012 0.761734 282.771
15200 0.281762 0.220006 0.263846 0.765614 292.764
15300 0.268112 0.215316 0.26741 0.750838 305.379
15400 0.273138 0.219339 0.26935 0.761827 303.781
15500 0.272141 0.224359 0.265341 0.761841 289.504
15600 0.279921 0.227581 0.26908 0.776582 275.266
15700 0.296785 0.232924 0.255733 0.785442 287.868
15800 0.286536 0.222687 0.249279 0.758502 303.061
15900 0.267664 0.216056 0.229194 0.712914 302.877
16000 0.271922 0.209872 0.226034 0.707828 299.87
16100 0.267097 0.196895 0.230636 0.694628 295.808
16200 0.263156 0.179897 0.222565 0.665617 280.576
16300 0.260086 0.166355 0.23332 0.659762 289.708
16400 0.248586 0.164073 0.231194 0.643853 299.679
16500 0.256165 0.192281 0.242345 0.690791 295.594
16600 0.254901 0.205958 0.258871 0.71973 297.44
16700 0.274857 0.201851 0.246532 0.72324 302.934
16800 0.292813 0.211272 0.248499 0.752583 318.539
16900 0.29689 0.210641 0.256504 0.764036 300.384
17000 0.289421 0.217854 0.259036 0.766311 290.423
17100 0.276938 0.220141 0.244202 0.741281 294.653
17200 0.277067 0.21052 0.243145 0.730732 298.526
17300 0.268862 0.219811 0.244134 0.732807 309.543
17400 0.26263 0.209587 0.23893 0.711147 313.105
17500 0.258194 0.207223 0.23776 0.703176 299.622
17600 0.252468 0.196384 0.228914 0.677766 299.482
17700 0.258371 0.185565 0.221603 0.66554 303.65
17800 0.264958 0.195359 0.227354 0.68767 288.633
17900 0.25848 0.196208 0.224523 0.679211 284.497
18000 0.263293 0.197204 0.230312 0.690809 286.404
18100 0.265211 0.206375 0.232811 0.704397 296.036
18200 0.268831 0.223413 0.233331 0.725575 304.615
18300 0.252217 0.223823 0.22657 0.70261 296.712
18400 0.256992 0.237464 0.251506 0.745962 310.179
18500 0.289669 0.255594 0.271985 0.817249 304.474
18600 0.286495 0.25514 0.268126 0.809761 295.961
18700 0.249019 0.229791 0.264495 0.743304 285.783
18800 0.245684 0.20119 0.258853 0.705728 298.102
18900 0.259879 0.19824 0.251943 0.710063 316.013
19000 0.288463 0.209844 0.263036 0.761343 307.539
19100 0.287241 0.201158 0.247752 0.736152 305.886
19200 0.272409 0.18718 0.241273 0.700862 300.823
19300 0.282583 0.19775 0.265658 0.745991 298.557
19400 0.277202 0.210681 0.28194 0.769823 295.678
19500 0.249284 0.202085 0.261507 0.712876 309.974
19600 0.247776 0.207296 0.254908 0.70998 317.348
19700 0.263619 0.21528 0.255095 0.733993 309.49
19800 0.25589 0.221279 0.265559 0.742728 291.583
19900 0.264542 0.217319 0.265193 0.747053 294.517
20000 0.271167 0.214149 0.268662 0.753979 309.174
