# Time-averaged data for fix myRDF
# TimeStep Number-of-rows
# Row r g1(r) coor1(r) ...
0 100
1 0.025 0 0 0 0 0 0 0 0
2 0.075 0 0 0 0 0 0 0 0
3 0.125 0 0 0 0 0 0 0 0
4 0.175 0 0 0 0 0 0 0 0
5 0.225 0 0 0 0 0 0 0 0
6 0.275 0 0 0 0 0 0 0 0
7 0.325 0 0 0 0 0 0 0 0
8 0.375 0 0 0 0 0 0 0 0
9 0.425 0 0 0 0 0 0 0 0
10 0.475 0 0 0 0 0 0 0 0
11 0.525 0 0 0 0 0 0 0 0
12 0.575 0 0 0 0 0 0 0 0
13 0.625 0 0 0 0 0 0 0 0
14 0.675 0 0 0 0 0 0 0 0
15 0.725 0 0 0 0 0 0 0 0
16 0.775 0 0 0 0 0 0 0 0
17 0.825 0 0 0 0 0 0 0 0
18 0.875 0 0 0 0 0 0 0 0
19 0.925 0 0 0 0 0 0 0 0
20 0.975 0 0 0 0 0 0 0 0
21 1.025 0 0 0 0 0 0 0 0
22 1.075 0 0 0 0 0 0 113.269 3
23 1.125 0 0 0 0 0 0 0 3
24 1.175 0 0 0 0 0 0 0 3
25 1.225 0 0 0 0 0 0 0 3
26 1.275 0 0 0 0 0 0 0 3
27 1.325 0 0 0 0 0 0 0 3
28 1.375 0 0 0 0 0 0 0 3
29 1.425 0 0 0 0 0 0 0 3
30 1.475 0 0 0 0 0 0 0 3
31 1.525 0 0 0 0 0 0 0 3
32 1.575 0 0 0 0 8.16148 0.197183 0 3
33 1.625 0 0 0 0 67.3601 1.92958 0 3
34 1.675 0 0 0 0 2.57719 2 0 3
35 1.725 0 0 0 0 0 2 0 3
36 1.775 0 0 0 0 0 2 0 3
37 1.825 0 0 0 0 0 2 0 3
38 1.875 0 0 0 0 0 2 0 3
39 1.925 0 0 0 0 0 2 0 3
40 1.975 0 0 0 0 0 2 0 3
41 2.025 0 0 1.72686 0.0689655 0 2 0 3
42 2.075 0 0 13.1572 0.62069 0 2 0 3
43 2.125 0 0 5.48857 0.862069 0 2 0 3
44 2.175 0 0 2.24534 0.965517 0 2 0 3
45 2.225 0 0 0.715189 1 0 2 0 3
46 2.275 0 0 0 1 0 2 0 3
47 2.325 0 0 0 1 0 2 0 3
48 2.375 0 0 0 1 0 2 0 3
49 2.425 0 0 0 1 0 2 0 3
50 2.475 0 0 0 1 0 2 0 3
51 2.525 0 0 0 1 0 2 0.472042 3.06897
52 2.575 0 0 0 1 0 2 0.226945 3.10345
53 2.625 0 0 0 1 0 2 1.09191 3.27586
54 2.675 0 0 0 1 0 2 1.05147 3.44828
55 2.725 0 0 0 1 0 2 0.405296 3.51724
56 2.775 0 0 0 1 0 2 0.977058 3.68966
57 2.825 0 0 0 1 0 2 0.754223 3.82759
58 2.875 0 0 0 1 0 2 1.63849 4.13793
59 2.925 0 0 0 1 0 2 1.93472 4.51724
60 2.975 0 0 0 1 0 2 1.70022 4.86207
61 3.025 0 0 0 1 0 2 1.80892 5.24138
62 3.075 0 0 0 1 0 2 1.59143 5.58621
63 3.125 0 0 0 1 0 2 0.770458 5.75862
64 3.175 0 0 0 1 0 2 1.64204 6.13793
65 3.225 2.48029 0.137931 0 1 0.2781 2.02817 1.15747 6.41379
66 3.275 0 0.137931 0 1 0.269673 2.05634 2.2448 6.96552
67 3.325 5.83337 0.482759 0 1 0.523248 2.11268 1.22501 7.27586
68 3.375 2.26473 0.62069 0.310845 1.03448 1.01572 2.22535 1.32109 7.62069
69 3.425 1.09954 0.689655 0.301835 1.06897 0.986279 2.33803 0.76968 7.82759
70 3.475 0 0.689655 0 1.06897 1.67668 2.53521 0.623076 8
71 3.525 0 0.689655 0.569906 1.13793 1.51306 2.71831 0.968841 8.27586
72 3.575 4.03684 0.965517 0.554077 1.2069 1.69735 2.92958 0.706448 8.48276
73 3.625 0.981563 1.03448 1.34724 1.37931 1.43073 3.11268 1.14516 8.82759
74 3.675 0.955036 1.10345 2.3595 1.68966 1.8204 3.35211 0.445684 8.96552
75 3.725 0.92957 1.17241 1.0207 1.82759 1.87608 3.60563 1.19295 9.34483
76 3.775 0.905109 1.24138 1.49077 2.03448 1.72523 3.84507 0.950365 9.65517
77 3.825 2.6448 1.44828 1.69406 2.27586 1.97697 4.12676 1.02853 10
78 3.875 2.57699 1.65517 2.82964 2.68966 0.96314 4.26761 1.00216 10.3448
79 3.925 0.837252 1.72414 1.60884 2.93103 2.06527 4.57746 0.781435 10.6207
80 3.975 0 1.72414 2.24088 3.27586 1.09835 4.74648 0.857138 10.931
81 4.025 3.18467 2 1.967 3.58621 1.69611 5.01408 0.743089 11.2069
82 4.075 0.776749 2.06897 1.7058 3.86207 2.78694 5.46479 0.906207 11.5517
83 4.125 1.51607 2.2069 2.70514 4.31034 1.95485 5.78873 1.06125 11.9655
84 4.175 2.21996 2.41379 1.42193 4.55172 2.24019 6.16901 0.949648 12.3448
85 4.225 0.722575 2.48276 1.38848 4.7931 2.67359 6.6338 1.0959 12.7931
86 4.275 0 2.48276 2.71238 5.27586 2.37401 7.05634 0.65872 13.069
87 4.325 0.689547 2.55172 2.27145 5.68966 1.15972 7.26761 1.20671 13.5862
88 4.375 1.34775 2.68966 0.739943 5.82759 0.755576 7.40845 1.17928 14.1034
89 4.425 0.658734 2.75862 1.44663 6.10345 0.664737 7.53521 1.07593 14.5862
90 4.475 0 2.75862 1.76811 6.44828 0.577748 7.64789 0.375723 14.7586
91 4.525 0.629941 2.82759 2.7668 7 0.635682 7.77465 0.95541 15.2069
92 4.575 0 2.82759 1.69166 7.34483 0.552767 7.88732 1.29412 15.8276
93 4.625 1.80898 3.03448 0.662112 7.48276 0.60849 8.01408 0.633144 16.1379
94 4.675 1.18033 3.17241 0.972037 7.68966 0.595544 8.14085 0.826232 16.5517
95 4.725 1.15548 3.31034 0.951574 7.89655 0.647785 8.28169 0.876241 17
96 4.775 1.69712 3.51724 0.776459 8.06897 0.761148 8.4507 0.989985 17.5172
97 4.825 1.10808 3.65517 0.60836 8.2069 0.807576 8.6338 0.969574 18.0345
98 4.875 1.62821 3.86207 0.893917 8.41379 0.730242 8.80282 0.823149 18.4828
99 4.925 0.531771 3.93103 0.291953 8.48276 0.357745 8.88732 0.9306 19
100 4.975 1.04227 4.06897 0.858342 8.68966 0.584318 9.02817 0.729591 19.4138
