# Time-averaged data for fix myMSD
# TimeStep MSD_X MSD_Y MSD_Z MSD_Total Temperture
100 0.0164166 0.0164965 0.0140985 0.0470116 193.883
200 0.0817024 0.0817702 0.0607039 0.224176 251.373
300 0.168759 0.157449 0.128239 0.454447 293.718
400 0.240093 0.206471 0.188646 0.635211 377.451
500 0.278579 0.248368 0.272585 0.799533 394.97
600 0.338536 0.338346 0.355622 1.0325 354.848
700 0.37857 0.393061 0.365823 1.13745 328.599
800 0.372939 0.396889 0.359266 1.12909 304.335
900 0.398008 0.405739 0.376006 1.17975 297.928
1000 0.410995 0.396615 0.408014 1.21562 280.574
1100 0.400184 0.362399 0.371121 1.1337 289.532
1200 0.391058 0.370713 0.364666 1.12644 304.946
1300 0.406073 0.38604 0.420467 1.21258 321.9
1400 0.411377 0.461856 0.427038 1.30027 319.536
1500 0.435591 0.538989 0.434461 1.40904 303.626
1600 0.474163 0.499381 0.436127 1.40967 307.964
1700 0.528209 0.500382 0.428655 1.45725 306.217
1800 0.537862 0.517225 0.484647 1.53973 307.979
1900 0.534483 0.539752 0.520412 1.59465 291.07
2000 0.576943 0.554598 0.560442 1.69198 299.164
2100 0.644768 0.611064 0.601911 1.85774 294.819
2200 0.666458 0.656074 0.619724 1.94226 306.115
2300 0.658622 0.666624 0.664178 1.98942 311.742
2400 0.67672 0.677613 0.747571 2.1019 311.747
2500 0.72999 0.702356 0.734907 2.16725 317.332
2600 0.755998 0.725864 0.758823 2.24068 314.127
2700 0.759992 0.747533 0.775994 2.28352 331.436
2800 0.808436 0.771084 0.770809 2.35033 343.704
2900 0.821215 0.808139 0.77165 2.401 332.109
3000 0.842337 0.833158 0.794265 2.46976 304.068
3100 0.916614 0.86157 0.828396 2.60658 298.106
3200 0.931462 0.878838 0.85907 2.66937 303.09
3300 0.974286 0.920049 0.945475 2.83981 309.674
3400 1.03056 0.979636 1.06011 3.0703 308.27
3500 1.07598 1.02529 1.06853 3.1698 306.686
3600 1.14357 1.06139 1.05792 3.26288 308.244
3700 1.11802 1.08101 1.09677 3.2958 305.131
3800 1.08563 1.04515 1.09541 3.22618 289.503
3900 1.10643 1.03119 1.14649 3.28411 299.415
4000 1.08576 1.05709 1.22178 3.36463 308.015
4100 1.16861 1.07816 1.2564 3.50317 329.663
4200 1.26169 1.0889 1.33384 3.68442 326.61
4300 1.32025 1.13733 1.39426 3.85184 315.373
4400 1.29792 1.16294 1.40519 3.86604 303.471
4500 1.28047 1.15889 1.4185 3.85786 294.645
4600 1.28535 1.17075 1.45174 3.90783 296.414
4700 1.33409 1.1752 1.47296 3.98226 293.994
4800 1.38191 1.2298 1.51526 4.12697 307.279
4900 1.3816 1.25005 1.43534 4.067 328.042
5000 1.34987 1.25531 1.32205 3.92723 325.141
5100 1.40912 1.25496 1.30398 3.96807 310.001
5200 1.38333 1.22024 1.29894 3.90251 309.974
5300 1.3465 1.23533 1.32307 3.9049 298.425
5400 1.38115 1.27613 1.37905 4.03633 291.444
5500 1.36725 1.27536 1.41288 4.05549 301.986
5600 1.29641 1.21128 1.42302 3.9307 310.109
5700 1.28465 1.16751 1.41979 3.87195 331.958
5800 1.30263 1.1719 1.43786 3.91239 330.468
5900 1.29417 1.19749 1.43523 3.92689 321.977
6000 1.28283 1.2437 1.4723 3.99883 305.551
6100 1.29355 1.24082 1.45649 3.99086 286.895
6200 1.3313 1.23546 1.43512 4.00189 291.856
6300 1.38816 1.24122 1.47796 4.10734 294.4
6400 1.40373 1.27 1.50656 4.1803 308.805
6500 1.38785 1.29661 1.57258 4.25703 312.716
6600 1.37467 1.3067 1.59291 4.27428 305.332
6700 1.37425 1.32979 1.53694 4.24097 299.952
6800 1.31988 1.31508 1.51703 4.152 295.106
6900 1.30643 1.28811 1.49721 4.09175 307.184
7000 1.28205 1.26825 1.54716 4.09747 297.72
7100 1.28716 1.22359 1.52965 4.0404 282.928
7200 1.26938 1.23439 1.54531 4.04908 292.551
7300 1.28985 1.21537 1.49314 3.99836 300.557
7400 1.29121 1.24179 1.47038 4.00338 313.136
7500 1.2788 1.24388 1.45541 3.97809 312.346
7600 1.28185 1.30083 1.44148 4.02416 299.85
7700 1.27185 1.33982 1.41542 4.02709 296.46
7800 1.25489 1.27929 1.42905 3.96323 301.097
7900 1.2426 1.24422 1.45624 3.94305 292.357
8000 1.22873 1.22631 1.4506 3.90565 293.469
8100 1.17018 1.21317 1.43559 3.81893 288.565
8200 1.14469 1.21254 1.42183 3.77906 294.98
8300 1.13745 1.22476 1.39918 3.76139 302.26
8400 1.16619 1.20469 1.38753 3.75842 308.873
8500 1.13061 1.19174 1.35265 3.675 290.109
8600 1.12545 1.19593 1.36988 3.69126 279.714
8700 1.06261 1.16376 1.35109 3.57746 280.848
8800 1.0745 1.16236 1.34652 3.58338 290.52
8900 1.10559 1.17175 1.35726 3.6346 294.802
9000 1.13434 1.15252 1.32028 3.60714 314.11
9100 1.14381 1.17781 1.32282 3.64444 297.023
9200 1.16529 1.21452 1.31712 3.69693 291.878
9300 1.16606 1.19032 1.30135 3.65773 288.741
9400 1.14262 1.18299 1.30763 3.63325 288.588
9500 1.15957 1.1895 1.31085 3.65992 307.47
9600 1.177 1.22272 1.32392 3.72364 317.955
9700 1.20775 1.23381 1.35731 3.79887 296.009
9800 1.24892 1.24754 1.33624 3.83269 298.217
9900 1.253 1.2355 1.32539 3.81389 288.422
10000 1.31657 1.2417 1.3571 3.91536 303.748
10100 1.35274 1.25644 1.38055 3.98972 309.124
10200 1.39289 1.25088 1.41439 4.05815 315.184
10300 1.41344 1.31323 1.43018 4.15686 299.329
10400 1.41769 1.37484 1.45756 4.25009 295.47
10500 1.39188 1.37464 1.46705 4.23357 304.182
10600 1.37297 1.37766 1.44609 4.19671 301.741
10700 1.33002 1.39813 1.42253 4.15068 290.03
10800 1.36334 1.36736 1.39648 4.12718 296.906
10900 1.40501 1.38336 1.35283 4.14119 284.26
11000 1.40731 1.36225 1.35528 4.12484 292.46
11100 1.36827 1.38846 1.30915 4.06588 307.713
11200 1.37733 1.41754 1.31357 4.10844 302.219
11300 1.42868 1.41517 1.40694 4.2508 308.901
11400 1.44005 1.40147 1.45827 4.29979 287.5
11500 1.46096 1.35793 1.46462 4.28352 292.853
11600 1.47356 1.36609 1.50293 4.34258 309.567
11700 1.5175 1.39698 1.4966 4.41107 310.578
11800 1.47454 1.42133 1.50382 4.39969 312.186
11900 1.4249 1.37804 1.56736 4.37031 303.519
12000 1.40991 1.3489 1.54898 4.30779 301.253
12100 1.4107 1.32792 1.5003 4.23892 294.417
12200 1.45262 1.31517 1.43022 4.19801 302.75
12300 1.4169 1.33527 1.42749 4.17965 297.016
12400 1.3797 1.35188 1.38791 4.11949 288.82
12500 1.3865 1.2939 1.40101 4.08141 288.155
12600 1.33029 1.25733 1.41199 3.99961 301.362
12700 1.28877 1.24895 1.37751 3.91523 304.553
12800 1.31013 1.26788 1.38543 3.96345 303.587
12900 1.31711 1.28963 1.41553 4.02227 306.757
13000 1.32631 1.33709 1.3489 4.0123 294.382
13100 1.36291 1.3742 1.35321 4.09031 289.669
13200 1.37669 1.41893 1.43648 4.2321 298.389
13300 1.43321 1.42129 1.50233 4.35684 315.293
13400 1.51439 1.4605 1.58265 4.55754 303.275
13500 1.52 1.46567 1.63656 4.62222 294.378
13600 1.47761 1.46209 1.61923 4.55892 292.403
13700 1.52585 1.4924 1.63242 4.65067 295.31
13800 1.56414 1.50912 1.62291 4.69618 311.244
13900 1.56719 1.51127 1.66955 4.74801 306.662
14000 1.57639 1.48687 1.58608 4.64934 297.358
14100 1.50669 1.47507 1.52434 4.50609 294.478
14200 1.43684 1.43308 1.48055 4.35047 291.913
14300 1.38676 1.39441 1.44192 4.2231 306.11
14400 1.39228 1.34215 1.4444 4.17883 313.584
14500 1.40788 1.32465 1.4469 4.17942 297.929
14600 1.40636 1.34704 1.49549 4.24889 289.575
14700 1.42584 1.37379 1.49447 4.29409 301.565
14800 1.44623 1.41791 1.5072 4.37134 299.621
14900 1.4609 1.45892 1.47651 4.39633 296.439
15000 1.46748 1.47396 1.46472 4.40616 312.948
15100 1.45893 1.45997 1.46309 4.38199 313.518
15200 1.43935 1.4252 1.45176 4.31632 308.416
15300 1.51323 1.41966 1.44895 4.38184 302.392
15400 1.55643 1.46638 1.5002 4.52301 296.063
15500 1.53858 1.47271 1.56596 4.57726 296.943
15600 1.53303 1.47169 1.54909 4.55382 306.154
15700 1.52102 1.49013 1.57234 4.58349 312.24
15800 1.50726 1.49598 1.54739 4.55062 315.462
15900 1.50855 1.50532 1.49728 4.51115 303.273
16000 1.51641 1.48944 1.51466 4.5205 299.374
16100 1.48168 1.43732 1.5327 4.45169 297.818
16200 1.47769 1.47566 1.50715 4.4605 291.762
16300 1.48539 1.45919 1.51434 4.45892 305.424
16400 1.4817 1.42312 1.52479 4.42961 312.779
16500 1.48029 1.39412 1.50689 4.3813 310.785
16600 1.47512 1.38766 1.47909 4.34188 305.307
16700 1.4821 1.39622 1.44227 4.32059 295.575
16800 1.48732 1.43175 1.50379 4.42287 306.691
16900 1.50783 1.437 1.55945 4.50428 294.349
17000 1.51881 1.41094 1.49914 4.42889 286.105
17100 1.51199 1.41626 1.45253 4.38079 279.705
17200 1.52987 1.46694 1.47884 4.47565 290.275
17300 1.52464 1.49427 1.52253 4.54144 301.034
17400 1.52663 1.48671 1.54394 4.55728 298.06
17500 1.52134 1.50061 1.56177 4.58373 307.548
17600 1.51473 1.54937 1.54996 4.61406 295.923
17700 1.5197 1.56086 1.55008 4.63065 289.618
17800 1.56425 1.53242 1.50759 4.60426 295.147
17900 1.5875 1.4852 1.51038 4.58308 302.172
18000 1.59583 1.47654 1.52781 4.60017 312.632
18100 1.54525 1.48128 1.51941 4.54594 306.24
18200 1.55067 1.48797 1.47138 4.51003 302.756
18300 1.54402 1.49217 1.47998 4.51616 294.183
18400 1.50046 1.51473 1.5427 4.55789 300.282
18500 1.45907 1.48951 1.5696 4.51818 297.897
18600 1.46771 1.43118 1.61348 4.51237 308.897
18700 1.55485 1.43937 1.57787 4.5721 314.305
18800 1.55553 1.47524 1.5374 4.56817 314.114
18900 1.53632 1.52803 1.54797 4.61232 296.841
19000 1.56485 1.48537 1.54844 4.59866 298.269
19100 1.54442 1.42098 1.53543 4.50083 294.594
19200 1.55778 1.43964 1.50524 4.50266 308.382
19300 1.55882 1.44107 1.56289 4.56278 314.094
19400 1.59537 1.43622 1.57777 4.60936 296.117
19500 1.64117 1.47359 1.57866 4.69342 294.827
19600 1.6547 1.4999 1.60319 4.75779 290.176
19700 1.65889 1.49686 1.66117 4.81692 290.339
19800 1.69784 1.45285 1.62672 4.77742 296.645
19900 1.66707 1.44808 1.57921 4.69436 306.323
20000 1.60341 1.45774 1.60533 4.66648 304.573
20100 1.55954 1.48378 1.62098 4.66431 292.826
20200 1.53079 1.49877 1.60574 4.63529 298.663
20300 1.5328 1.51579 1.57912 4.62772 309.029
20400 1.58768 1.51774 1.53916 4.64458 311.927
20500 1.62654 1.53517 1.52627 4.68798 304.045
20600 1.63719 1.53397 1.49585 4.66702 287.429
20700 1.6198 1.48572 1.54332 4.64885 294.136
20800 1.58786 1.49765 1.60047 4.68597 306.901
20900 1.56912 1.50082 1.58522 4.65516 318.746
21000 1.58255 1.46905 1.61785 4.66945 313.091
21100 1.54642 1.49371 1.6205 4.66063 305.539
21200 1.54866 1.51126 1.59702 4.65694 292.524
21300 1.61218 1.49359 1.55729 4.66305 291.626
21400 1.6502 1.45834 1.55254 4.66107 310.17
21500 1.67086 1.4828 1.54358 4.69724 314.759
21600 1.65262 1.49819 1.55404 4.70485 313.632
21700 1.61238 1.50901 1.52364 4.64503 300.161
21800 1.59571 1.49531 1.49499 4.586 296.235
21900 1.56182 1.50039 1.53263 4.59483 297.225
22000 1.55562 1.50558 1.54484 4.60604 306.127
22100 1.59087 1.50639 1.56843 4.66569 322.048
22200 1.59841 1.52872 1.53699 4.66412 309.494
22300 1.539 1.52842 1.5368 4.60423 296.282
22400 1.5218 1.48487 1.52003 4.5267 295.21
22500 1.52588 1.45258 1.53065 4.50911 303.644
22600 1.543 1.4309 1.55948 4.53338 307.163
22700 1.55858 1.42342 1.58925 4.57125 313.635
22800 1.57043 1.43386 1.55618 4.56046 313.305
22900 1.58012 1.4292 1.6212 4.63051 302.971
23000 1.63452 1.48721 1.62266 4.74439 295.675
23100 1.67108 1.52443 1.63087 4.82637 289.818
23200 1.70194 1.48959 1.62586 4.81739 304.13
23300 1.66821 1.43087 1.62117 4.72025 306.565
23400 1.60481 1.44015 1.56039 4.60535 297.02
23500 1.54279 1.47239 1.51186 4.52704 289.538
23600 1.51092 1.48811 1.49352 4.49255 285.267
23700 1.44892 1.47072 1.52726 4.4469 293.275
23800 1.42379 1.46333 1.5439 4.43102 301.44
23900 1.45662 1.48799 1.56016 4.50477 308.175
24000 1.46499 1.52266 1.582 4.56965 296.953
24100 1.51414 1.4387 1.62063 4.57347 288.631
24200 1.54111 1.38493 1.60927 4.53532 284.901
24300 1.51425 1.38232 1.56917 4.46574 279.115
24400 1.52569 1.34547 1.54631 4.41747 297.866
24500 1.56648 1.40865 1.5416 4.51674 308.041
24600 1.63076 1.50762 1.53775 4.67613 304.795
24700 1.62856 1.53318 1.60357 4.76532 296.779
24800 1.57592 1.55456 1.64799 4.77847 284.702
24900 1.52098 1.55228 1.65507 4.72834 291.815
25000 1.51035 1.57612 1.63647 4.72294 308.444
25100 1.5158 1.58893 1.62611 4.73083 310.293
25200 1.48342 1.55034 1.60884 4.6426 296.995
25300 1.49257 1.52795 1.55308 4.5736 290.263
25400 1.4995 1.50001 1.55243 4.55194 292.057
25500 1.51277 1.44926 1.55942 4.52144 303.785
25600 1.48962 1.4358 1.61882 4.54425 320.363
25700 1.4609 1.47696 1.61215 4.55001 300.266
25800 1.47875 1.47813 1.59242 4.5493 298.731
25900 1.57425 1.49559 1.63629 4.70613 292.44
26000 1.62332 1.4723 1.67882 4.77444 297.403
26100 1.67358 1.45465 1.65263 4.78085 320.037
26200 1.64552 1.49233 1.66565 4.8035 316.955
26300 1.64167 1.52005 1.68771 4.84942 300.72
26400 1.62538 1.50016 1.73191 4.85744 302.465
26500 1.60832 1.52138 1.75614 4.88583 294.486
26600 1.60871 1.55858 1.74996 4.91725 294.593
26700 1.61926 1.58974 1.72985 4.93885 286.36
26800 1.58102 1.60544 1.68271 4.86916 286.998
26900 1.54601 1.62886 1.64815 4.82302 298.984
27000 1.55551 1.58762 1.66598 4.80911 308.445
27100 1.56944 1.55877 1.62644 4.75465 305.624
27200 1.56878 1.52121 1.58509 4.67508 298.397
27300 1.57035 1.52504 1.5788 4.67419 285.614
27400 1.58332 1.5076 1.60974 4.70066 295.165
27500 1.61396 1.4996 1.61282 4.72639 303.015
27600 1.63991 1.53393 1.63957 4.8134 299.728
27700 1.66714 1.56004 1.71146 4.93863 308.351
27800 1.65388 1.5781 1.72266 4.95464 312.107
27900 1.60569 1.58567 1.75356 4.94492 300.196
28000 1.61015 1.59728 1.70635 4.91377 291.997
28100 1.59348 1.54844 1.66807 4.80998 288.148
28200 1.59353 1.52222 1.63221 4.74797 309.06
28300 1.6 1.51232 1.63011 4.74244 302.389
28400 1.60359 1.53717 1.58105 4.72182 304.099
28500 1.58676 1.55711 1.58336 4.72723 303.733
28600 1.59243 1.56419 1.64077 4.79739 299.098
28700 1.59407 1.57915 1.67818 4.8514 291.922
28800 1.6061 1.58182 1.65486 4.84278 288.092
28900 1.62052 1.56179 1.63869 4.82101 302.138
29000 1.63177 1.52716 1.62491 4.78385 305.699
29100 1.61852 1.5374 1.61788 4.7738 312.573
29200 1.59804 1.52858 1.62808 4.75471 288.933
29300 1.5611 1.48435 1.59968 4.64514 291.792
29400 1.59169 1.50751 1.59339 4.69259 297.223
29500 1.62023 1.58541 1.61317 4.8188 294.927
29600 1.60207 1.6298 1.62637 4.85824 307.632
29700 1.55891 1.57857 1.65235 4.78983 299.388
29800 1.53321 1.53837 1.66467 4.73624 306.427
29900 1.51851 1.53226 1.63063 4.6814 294.463
30000 1.57352 1.53579 1.66388 4.77319 296.726
30100 1.61165 1.49822 1.66627 4.77615 303.004
30200 1.60502 1.5401 1.65725 4.80237 303.785
30300 1.57114 1.54623 1.62665 4.74402 303.292
30400 1.57258 1.49769 1.63652 4.70679 297.23
30500 1.56498 1.4814 1.60703 4.65341 287.377
30600 1.56658 1.48833 1.57888 4.63379 286.879
30700 1.57328 1.46911 1.63599 4.67838 295.526
30800 1.52384 1.4934 1.66145 4.67869 302.87
30900 1.55148 1.56496 1.66563 4.78207 314.292
31000 1.58363 1.63716 1.68982 4.91061 298.308
31100 1.58015 1.66202 1.67799 4.92016 286.883
31200 1.54811 1.6665 1.64205 4.85665 300.847
31300 1.52063 1.62111 1.62049 4.76223 299.755
31400 1.51093 1.58012 1.60922 4.70027 302.296
31500 1.50933 1.56651 1.59079 4.66663 302.376
31600 1.51835 1.57812 1.64104 4.73751 295.351
31700 1.53107 1.57498 1.70852 4.81457 298.91
31800 1.60556 1.55846 1.71039 4.87441 314.77
31900 1.62685 1.58767 1.71654 4.93106 317.669
32000 1.62369 1.60582 1.68098 4.91048 310.508
32100 1.59445 1.60949 1.64901 4.85295 300.592
32200 1.58265 1.55638 1.64808 4.7871 295.549
32300 1.56465 1.53083 1.6148 4.71028 292.147
32400 1.51142 1.50967 1.59182 4.61291 309.899
32500 1.49784 1.51573 1.58422 4.59779 311.905
32600 1.49637 1.49652 1.5689 4.56179 313.297
32700 1.51564 1.51831 1.58731 4.62126 291.894
32800 1.55333 1.5423 1.57903 4.67467 291.651
32900 1.57614 1.53057 1.59167 4.69838 296.653
33000 1.61932 1.51971 1.60637 4.7454 308.092
33100 1.63008 1.51311 1.60548 4.74866 311.159
33200 1.60277 1.5159 1.63501 4.75368 307.139
33300 1.56473 1.54454 1.65382 4.76309 301.378
33400 1.58633 1.52096 1.69039 4.79768 298.378
33500 1.59621 1.53705 1.65023 4.78349 293.036
33600 1.58563 1.54582 1.65852 4.78996 301.486
33700 1.56701 1.53494 1.61093 4.71288 321.317
33800 1.51001 1.57888 1.55142 4.64031 303.904
33900 1.49171 1.61848 1.55125 4.66144 292.294
34000 1.52553 1.62541 1.56564 4.71658 299.043
34100 1.52501 1.56168 1.57144 4.65814 305.111
34200 1.54573 1.54372 1.56948 4.65893 288.245
34300 1.52795 1.53548 1.60176 4.66518 285.461
34400 1.56022 1.50466 1.61044 4.67532 290.449
34500 1.60651 1.51668 1.59592 4.71911 293.507
34600 1.57098 1.5148 1.57424 4.66001 307.046
34700 1.54021 1.49519 1.59769 4.63308 306.003
34800 1.56038 1.50123 1.64509 4.7067 303.078
34900 1.58764 1.50262 1.63525 4.7255 288.678
35000 1.57048 1.50413 1.62008 4.69469 295.92
35100 1.55219 1.50249 1.57723 4.6319 296.777
35200 1.55593 1.46673 1.48374 4.5064 297.629
35300 1.52625 1.44361 1.49584 4.4657 316.837
35400 1.4734 1.46513 1.56107 4.4996 319.418
35500 1.48751 1.49416 1.56488 4.54655 329.984
35600 1.50403 1.55759 1.57788 4.63951 315.662
35700 1.52194 1.56597 1.5743 4.66221 301.864
35800 1.4896 1.59417 1.59073 4.6745 295.634
35900 1.51882 1.58583 1.62389 4.72854 290.153
36000 1.5524 1.50458 1.60235 4.65932 304.786
36100 1.5709 1.42821 1.57425 4.57336 310.617
36200 1.58112 1.46656 1.61863 4.66632 304.892
36300 1.62038 1.51465 1.65039 4.78542 302.646
36400 1.59141 1.52686 1.62256 4.74083 286.661
36500 1.57219 1.49374 1.59582 4.66174 298.129
36600 1.56018 1.47504 1.56349 4.59872 299.572
36700 1.53068 1.46102 1.57244 4.56414 308.791
36800 1.54052 1.44327 1.55924 4.54303 307.571
36900 1.51249 1.4658 1.52136 4.49965 307.158
37000 1.46919 1.44698 1.52049 4.43666 294.64
37100 1.45742 1.41859 1.4915 4.36751 288.462
37200 1.45669 1.40197 1.43461 4.29327 312.517
37300 1.42677 1.39105 1.45356 4.27138 316.659
37400 1.42041 1.3616 1.52509 4.3071 308.193
37500 1.47974 1.43044 1.57112 4.48131 294.803
37600 1.52839 1.49198 1.63132 4.65169 292.764
37700 1.50733 1.45787 1.63755 4.60274 301.637
37800 1.53409 1.42462 1.61744 4.57615 310.34
37900 1.50977 1.42081 1.6327 4.56328 316.149
38000 1.49002 1.40708 1.53972 4.43682 312.324
38100 1.49401 1.41247 1.52725 4.43373 298.261
38200 1.51276 1.44721 1.53102 4.491 297.309
38300 1.53421 1.44133 1.51924 4.49478 290.468
38400 1.546 1.42009 1.50935 4.47544 311.691
38500 1.53947 1.44594 1.54376 4.52917 305.225
38600 1.50839 1.41915 1.56112 4.48865 311.679
38700 1.49092 1.40759 1.53626 4.43477 298.458
38800 1.48964 1.40741 1.47918 4.37624 289.999
38900 1.47166 1.42315 1.43345 4.32826 297.81
39000 1.44985 1.41601 1.48821 4.35407 306.217
39100 1.45977 1.42784 1.48733 4.37495 303.212
39200 1.48045 1.45832 1.49923 4.438 294.405
39300 1.50789 1.47941 1.55787 4.54517 285.02
39400 1.55709 1.49075 1.60166 4.64949 291.892
39500 1.60891 1.46928 1.58163 4.65982 298.982
39600 1.53294 1.44345 1.56962 4.54602 304.948
39700 1.43928 1.4617 1.55613 4.45712 309.048
39800 1.45258 1.42904 1.52527 4.4069 289.257
39900 1.46805 1.38864 1.4989 4.35559 286.762
40000 1.47725 1.36521 1.47812 4.32059 284.388
40100 1.45551 1.39343 1.52979 4.37873 298.458
40200 1.47004 1.43613 1.59844 4.50461 299.498
40300 1.47329 1.41852 1.63937 4.53118 307.553
40400 1.45205 1.4014 1.63013 4.48358 295.528
40500 1.47463 1.40938 1.56882 4.45283 282.697
40600 1.51468 1.4533 1.53946 4.50744 287.469
40700 1.58466 1.4714 1.5063 4.56236 293.262
40800 1.58342 1.46804 1.48698 4.53844 298.544
40900 1.58642 1.4524 1.48878 4.52759 306.998
41000 1.61664 1.4122 1.5369 4.56575 303.713
41100 1.55253 1.41653 1.55617 4.52523 291.313
41200 1.48792 1.44388 1.56606 4.49785 291.266
41300 1.45878 1.4433 1.58184 4.48393 295.052
41400 1.47602 1.41758 1.53631 4.42991 319.305
41500 1.55342 1.44915 1.52889 4.53146 311.804
41600 1.54775 1.46516 1.57164 4.58455 301.019
41700 1.57733 1.42599 1.60941 4.61273 297.68
41800 1.6338 1.41311 1.60109 4.648 290.589
41900 1.59413 1.41921 1.60676 4.62009 291.997
42000 1.58616 1.42699 1.61997 4.63312 307.738
42100 1.65387 1.44467 1.61231 4.71085 316.526
42200 1.68637 1.44906 1.58853 4.72395 301.291
42300 1.70563 1.48956 1.57189 4.76708 293.578
42400 1.66121 1.49892 1.59134 4.75147 298.325
42500 1.63514 1.46345 1.56219 4.66078 297.249
42600 1.62643 1.44256 1.57304 4.64203 295.605
42700 1.62419 1.47111 1.56018 4.65548 301.522
42800 1.62064 1.49731 1.57701 4.69496 311.073
42900 1.65873 1.48956 1.61343 4.76172 318.332
43000 1.65511 1.46142 1.61817 4.73469 322.588
43100 1.61358 1.44222 1.63385 4.68965 304.257
43200 1.62487 1.41338 1.57997 4.61823 308.557
43300 1.59417 1.44479 1.59866 4.63761 294.168
43400 1.59553 1.47519 1.61847 4.6892 292.244
43500 1.61632 1.47072 1.60945 4.69649 287.437
43600 1.59174 1.48275 1.59774 4.67222 306.951
43700 1.59011 1.45261 1.53591 4.57863 314.128
43800 1.60275 1.39196 1.51766 4.51237 301.831
43900 1.57787 1.40848 1.49809 4.48444 293.586
44000 1.62262 1.40448 1.48536 4.51245 290.847
44100 1.6617 1.42299 1.50272 4.58742 305.806
44200 1.67502 1.47059 1.52976 4.67538 299.698
44300 1.68338 1.58419 1.5824 4.84998 315.325
44400 1.76053 1.62443 1.64319 5.02814 330.761
44500 1.739 1.57788 1.64423 4.96111 314.176
44600 1.66294 1.55716 1.59209 4.81219 296.187
44700 1.682 1.51971 1.58193 4.78363 290.466
44800 1.67294 1.49877 1.59412 4.76583 300.051
44900 1.62052 1.50885 1.58616 4.71553 308.338
45000 1.62796 1.45335 1.50207 4.58338 314.553
45100 1.55744 1.40537 1.47532 4.43813 310.547
45200 1.52762 1.43318 1.51793 4.47873 297.352
45300 1.56784 1.41575 1.59522 4.5788 294.273
45400 1.63342 1.38122 1.62729 4.64193 298.41
45500 1.7072 1.39709 1.63081 4.73509 301.421
45600 1.70414 1.42268 1.6163 4.74311 310.36
45700 1.71943 1.42293 1.6254 4.76776 317.733
45800 1.67781 1.38218 1.61621 4.6762 308.842
45900 1.66481 1.3823 1.5955 4.6426 301.402
46000 1.6497 1.40683 1.56321 4.61974 294.383
46100 1.61522 1.40097 1.56002 4.57621 294.845
46200 1.60167 1.42497 1.58063 4.60727 303.813
46300 1.62802 1.43154 1.54968 4.60924 311.223
46400 1.6254 1.46082 1.57571 4.66192 310.054
46500 1.6514 1.44063 1.57752 4.66955 296.247
46600 1.62561 1.43006 1.6121 4.66776 295.228
46700 1.63357 1.43476 1.59192 4.66025 289.742
46800 1.65518 1.42241 1.57308 4.65068 304.707
46900 1.64702 1.40269 1.58023 4.62994 315.644
47000 1.66007 1.41335 1.59629 4.66971 301.125
47100 1.71099 1.40508 1.58482 4.70089 297.232
47200 1.69459 1.39261 1.62261 4.70981 295.75
47300 1.69464 1.4287 1.62357 4.74691 305.515
47400 1.65863 1.43011 1.63864 4.72739 308.827
47500 1.65647 1.41411 1.6438 4.71438 304.231
47600 1.68485 1.41521 1.62752 4.72758 288.34
47700 1.65834 1.42205 1.60233 4.68272 282.48
47800 1.61497 1.45172 1.56808 4.63477 301.987
47900 1.62196 1.50872 1.56568 4.69637 306.061
48000 1.58333 1.48245 1.57898 4.64476 302.12
48100 1.59221 1.45599 1.53465 4.58286 299.528
48200 1.6419 1.44471 1.57695 4.66355 285.13
48300 1.66798 1.45659 1.63116 4.75572 283.308
48400 1.6853 1.41807 1.57748 4.68085 305.659
48500 1.65424 1.40042 1.56975 4.62441 308.27
48600 1.61348 1.41264 1.56468 4.59081 297.911
48700 1.6287 1.42245 1.59374 4.6449 294.879
48800 1.61233 1.43502 1.61366 4.66102 286.379
48900 1.59591 1.46175 1.61214 4.6698 283.979
49000 1.62566 1.46131 1.61098 4.69795 297.625
49100 1.66409 1.46254 1.63984 4.76646 306.205
49200 1.61572 1.47871 1.6432 4.73763 303.184
49300 1.65318 1.47378 1.58848 4.71544 301.753
49400 1.63939 1.42916 1.57423 4.64278 286.842
49500 1.6287 1.4115 1.56907 4.60928 286.581
49600 1.6683 1.44447 1.56622 4.67899 297.428
49700 1.65059 1.48855 1.63198 4.77111 301.066
49800 1.62242 1.5038 1.58604 4.71226 301.327
49900 1.59833 1.48257 1.57374 4.65464 292.616
50000 1.62119 1.47219 1.59518 4.68856 293.024
50100 1.65845 1.44772 1.60839 4.71456 314.457
50200 1.65092 1.45441 1.59467 4.69999 315.692
50300 1.66177 1.49155 1.53901 4.69232 290.055
50400 1.60798 1.47161 1.56025 4.63985 297.155
50500 1.56509 1.39887 1.58634 4.55029 298.008
50600 1.61229 1.39595 1.55954 4.56778 295.656
50700 1.61709 1.41264 1.55228 4.58201 299.941
50800 1.60018 1.41176 1.55314 4.56508 304.968
50900 1.61014 1.38428 1.52782 4.52224 326.001
51000 1.58525 1.41623 1.51966 4.52114 314.808
51100 1.60435 1.44947 1.49019 4.54401 316.496
51200 1.64951 1.45966 1.57529 4.68446 304.416
51300 1.71046 1.45367 1.61102 4.77515 293.067
51400 1.68506 1.52273 1.58139 4.78918 299.589
51500 1.65176 1.57147 1.5557 4.77893 294.925
51600 1.58989 1.56509 1.565 4.71999 317.957
51700 1.63087 1.50173 1.55706 4.68967 309.946
51800 1.59952 1.54129 1.50018 4.64099 299.895
51900 1.56783 1.599 1.54041 4.70724 298.63
52000 1.58816 1.58265 1.56601 4.73682 292.558
52100 1.56661 1.55312 1.55512 4.67485 300.906
52200 1.57563 1.56022 1.57957 4.71543 317.43
52300 1.61352 1.59443 1.63125 4.8392 311.777
52400 1.62402 1.57115 1.62009 4.81526 292.485
52500 1.60523 1.57562 1.64177 4.82262 285.744
52600 1.634 1.5909 1.68877 4.91367 305.281
52700 1.61224 1.57634 1.68397 4.87256 306.845
52800 1.55872 1.54452 1.65435 4.75759 305.893
52900 1.51036 1.50015 1.61057 4.62108 302.926
53000 1.52228 1.45366 1.54911 4.52505 292.806
53100 1.50859 1.44011 1.52628 4.47498 285.989
53200 1.49128 1.49156 1.47193 4.45477 300.161
53300 1.48259 1.51672 1.46835 4.46766 299.095
53400 1.50114 1.46456 1.49416 4.45986 305.659
53500 1.49356 1.43052 1.51248 4.43656 305.535
53600 1.50225 1.44045 1.48276 4.42546 295.043
53700 1.59282 1.4627 1.54922 4.60475 291.251
53800 1.66016 1.49599 1.62246 4.7786 298.355
53900 1.59869 1.58828 1.6448 4.83176 307.872
54000 1.60733 1.56793 1.65661 4.83186 311.133
54100 1.64809 1.53125 1.65467 4.83402 307.359
54200 1.67901 1.50473 1.59804 4.78177 293.8
54300 1.66613 1.50279 1.57536 4.74429 297.421
54400 1.65043 1.54742 1.55163 4.74949 295.383
54500 1.63693 1.58439 1.55874 4.78006 311.491
54600 1.62076 1.58493 1.57554 4.78123 317.753
54700 1.57 1.5505 1.58226 4.70275 310.661
54800 1.55986 1.49837 1.59612 4.65435 298.022
54900 1.57114 1.54874 1.6115 4.73138 302.488
55000 1.57122 1.60154 1.65145 4.82421 302.576
55100 1.60669 1.62122 1.68975 4.91765 293.491
55200 1.61618 1.62375 1.65237 4.8923 284.865
55300 1.67187 1.57903 1.61925 4.87015 295.458
55400 1.70645 1.59086 1.61494 4.91225 301.234
55500 1.72823 1.6795 1.61901 5.02674 312.355
55600 1.75317 1.69563 1.69109 5.13989 301.262
55700 1.80547 1.68114 1.72282 5.20943 291.9
55800 1.79252 1.66504 1.72432 5.18188 280.585
55900 1.80203 1.6591 1.75661 5.21773 280.047
56000 1.78224 1.66009 1.75627 5.19859 289.799
56100 1.77923 1.66913 1.72219 5.17055 298.31
56200 1.76534 1.65749 1.73912 5.16196 308.983
56300 1.73087 1.62413 1.76128 5.11629 304.859
56400 1.72911 1.58256 1.77399 5.08565 290.022
56500 1.75877 1.57119 1.75592 5.08588 289.469
56600 1.77303 1.64425 1.79747 5.21476 306.797
56700 1.7653 1.64856 1.88526 5.29911 312.638
56800 1.71573 1.64683 1.81197 5.17453 310.939
56900 1.68928 1.6167 1.73363 5.03961 298.676
57000 1.63469 1.58983 1.64456 4.86908 293.675
57100 1.59947 1.61341 1.6501 4.86298 294.593
57200 1.64927 1.63387 1.64133 4.92447 312.677
57300 1.67997 1.68033 1.65197 5.01227 322.467
57400 1.65146 1.67213 1.69905 5.02264 319.932
57500 1.63541 1.65047 1.67771 4.9636 305.986
57600 1.63835 1.59398 1.71627 4.94861 289.481
57700 1.5778 1.58331 1.74762 4.90873 295.29
57800 1.5906 1.57819 1.76708 4.93586 307.391
57900 1.66773 1.63371 1.82578 5.12723 323.106
58000 1.67931 1.69209 1.8534 5.22479 321.273
58100 1.71088 1.70751 1.8542 5.2726 303.691
58200 1.77109 1.62976 1.87306 5.27391 299.312
58300 1.80418 1.63202 1.86692 5.30312 295.739
58400 1.76536 1.68161 1.83639 5.28336 298.488
58500 1.82148 1.70867 1.7897 5.31985 315.409
58600 1.89353 1.7198 1.75995 5.37328 308.147
58700 1.86536 1.69567 1.76769 5.32872 304.853
58800 1.77544 1.69443 1.75763 5.2275 298.35
58900 1.71936 1.64703 1.8134 5.17978 289.983
59000 1.7137 1.60473 1.78057 5.099 298.669
59100 1.72725 1.64642 1.77377 5.14744 302.639
59200 1.67654 1.6215 1.81682 5.11485 307.29
59300 1.6487 1.57688 1.81023 5.03581 306.322
59400 1.6158 1.56924 1.75638 4.94142 295.954
59500 1.55927 1.59268 1.71528 4.86723 295.288
59600 1.55177 1.63113 1.69095 4.87385 287.02
59700 1.58497 1.65672 1.68542 4.92711 298.656
59800 1.55636 1.63485 1.67016 4.86137 306.039
59900 1.5888 1.62832 1.7081 4.92522 299.594
60000 1.63073 1.60707 1.72183 4.95963 297.189
60100 1.6162 1.53537 1.71136 4.86294 292.535
60200 1.59448 1.55893 1.71701 4.87043 271.814
60300 1.63403 1.61073 1.74948 4.99425 292.624
60400 1.65424 1.66561 1.79694 5.11679 294.027
60500 1.71376 1.67636 1.76219 5.15231 294.095
60600 1.74235 1.7024 1.75504 5.1998 308.947
60700 1.73053 1.71055 1.79129 5.23238 309.755
60800 1.67849 1.66277 1.77603 5.11729 298.8
60900 1.59294 1.60743 1.77642 4.9768 287.52
61000 1.59757 1.53777 1.73754 4.87288 291.574
61100 1.59038 1.55197 1.75129 4.89364 293.032
61200 1.56193 1.55296 1.72799 4.84287 303.595
61300 1.56252 1.52297 1.71333 4.79882 306.202
61400 1.58772 1.53471 1.70936 4.8318 298.344
61500 1.61134 1.5308 1.67857 4.82071 283.381
61600 1.57619 1.54445 1.65982 4.78046 289.813
61700 1.57197 1.57256 1.65184 4.79637 283.021
61800 1.56476 1.60804 1.69326 4.86606 293.538
61900 1.54191 1.69217 1.78524 5.01933 299.468
62000 1.573 1.64325 1.78407 5.00031 302.544
62100 1.63728 1.63945 1.74915 5.02588 300.932
62200 1.66569 1.65809 1.78981 5.11359 292.185
62300 1.65963 1.6997 1.79891 5.15824 285.534
62400 1.61195 1.64671 1.80814 5.0668 284.542
62500 1.60374 1.58966 1.80097 4.99437 300.337
62600 1.56411 1.59587 1.75626 4.91623 308.028
62700 1.51964 1.54694 1.70703 4.77361 296.973
62800 1.54384 1.51761 1.64337 4.70482 299.753
62900 1.57666 1.56529 1.64076 4.78271 287.578
63000 1.62237 1.59842 1.68671 4.9075 288.647
63100 1.62899 1.60855 1.72481 4.96235 289.765
63200 1.66145 1.61074 1.70773 4.97993 306.321
63300 1.67131 1.59279 1.68941 4.95352 304.315
63400 1.67807 1.53385 1.73194 4.94387 301.431
63500 1.68583 1.51943 1.72323 4.92849 292.933
63600 1.68645 1.51059 1.75768 4.95471 284.948
63700 1.7111 1.53849 1.81276 5.06235 290.194
63800 1.71165 1.5059 1.82338 5.04093 300.665
63900 1.72727 1.54868 1.81221 5.08816 311.978
64000 1.71622 1.60419 1.81535 5.13576 300.999
64100 1.6871 1.6029 1.75306 5.04305 294.364
64200 1.67761 1.55965 1.7271 4.96435 294.166
64300 1.63912 1.56715 1.73842 4.94469 293.063
64400 1.59263 1.57768 1.74687 4.91718 301.166
64500 1.5736 1.54291 1.71728 4.83379 313.264
64600 1.57728 1.50685 1.65432 4.73845 314.39
64700 1.58535 1.48626 1.65312 4.72473 288.661
64800 1.55034 1.52444 1.65729 4.73207 296.301
64900 1.53376 1.52444 1.65476 4.71295 303.84
65000 1.57516 1.55181 1.69863 4.8256 300.768
65100 1.64282 1.59078 1.72679 4.96038 315.173
65200 1.7097 1.59794 1.73844 5.04609 321.343
65300 1.70702 1.60723 1.80474 5.11899 301.266
65400 1.64328 1.63882 1.81533 5.09742 305.422
65500 1.62643 1.6249 1.79368 5.04501 296.765
65600 1.6489 1.59767 1.77075 5.01731 291.519
65700 1.66772 1.62865 1.7106 5.00697 295.041
65800 1.66959 1.62917 1.73596 5.03472 292.44
65900 1.68785 1.60923 1.74216 5.03924 295.502
66000 1.69953 1.58971 1.68949 4.97873 308.043
66100 1.63843 1.61967 1.70675 4.96484 311.539
66200 1.66174 1.6094 1.69294 4.96408 303.61
66300 1.66186 1.58702 1.69203 4.94091 284.998
66400 1.62738 1.5609 1.69931 4.88759 301.296
66500 1.61353 1.55258 1.74394 4.91006 301.112
66600 1.61343 1.54639 1.7796 4.93943 309.423
66700 1.62955 1.55948 1.7575 4.94652 305.022
66800 1.67126 1.58741 1.72373 4.9824 292.148
66900 1.70042 1.57944 1.76371 5.04357 289.459
67000 1.66564 1.55204 1.72303 4.94071 298.553
67100 1.62655 1.59307 1.72288 4.9425 299.75
67200 1.63584 1.59315 1.70219 4.93117 305.606
67300 1.68254 1.56599 1.70793 4.95646 312.323
67400 1.70385 1.60665 1.72104 5.03154 301.313
67500 1.68311 1.6402 1.75552 5.07882 297.786
67600 1.65625 1.63726 1.78936 5.08286 296.743
67700 1.64713 1.70217 1.80041 5.14971 306.903
67800 1.69073 1.7655 1.79087 5.2471 320.657
67900 1.72504 1.77386 1.75916 5.25806 303.486
68000 1.6673 1.70845 1.7656 5.14136 304.64
68100 1.61575 1.69584 1.75323 5.06483 303.487
68200 1.63415 1.68743 1.76604 5.08762 299.022
68300 1.66736 1.61428 1.78056 5.0622 300.048
68400 1.65646 1.62539 1.77224 5.05409 283.058
68500 1.65925 1.66842 1.71884 5.04652 275.978
68600 1.68591 1.63019 1.71702 5.03312 287.605
68700 1.73749 1.61016 1.71503 5.06268 300.108
68800 1.70166 1.61554 1.71952 5.03672 307.468
68900 1.69761 1.65687 1.74156 5.09604 298.928
69000 1.69325 1.63445 1.7635 5.0912 290.992
69100 1.67471 1.57196 1.73537 4.98204 284.729
69200 1.65179 1.57581 1.73051 4.95811 288.878
69300 1.657 1.61833 1.75248 5.02781 309.882
69400 1.66986 1.6108 1.76767 5.04832 307.939
69500 1.72924 1.62734 1.7827 5.13928 295.606
69600 1.72303 1.64773 1.77991 5.15067 289.442
69700 1.72351 1.61947 1.82391 5.16688 296.713
69800 1.73029 1.57758 1.76979 5.07766 316.556
69900 1.71966 1.59759 1.71374 5.03099 308.254
70000 1.73454 1.63614 1.72272 5.0934 307.029
70100 1.71045 1.62327 1.81698 5.15069 304.402
70200 1.66277 1.6529 1.82003 5.13569 289.923
70300 1.67724 1.66526 1.81337 5.15587 293.143
70400 1.70933 1.60459 1.7772 5.09111 310.513
70500 1.72008 1.5682 1.78413 5.07241 307.258
70600 1.72431 1.58749 1.81471 5.12652 304.377
70700 1.67907 1.57459 1.86081 5.11447 295.964
70800 1.68164 1.57963 1.83242 5.09369 295.683
70900 1.72969 1.62262 1.81593 5.16824 301.513
71000 1.77702 1.66141 1.78713 5.22556 316.562
71100 1.78734 1.61203 1.79643 5.1958 308.042
71200 1.80085 1.58498 1.81338 5.19921 301.186
71300 1.77621 1.62562 1.84472 5.24655 301.905
71400 1.73534 1.64604 1.85466 5.23604 295.567
71500 1.73039 1.60656 1.80581 5.14276 302.531
71600 1.75059 1.56025 1.77466 5.08549 320.247
71700 1.73301 1.53441 1.76175 5.02917 303.581
71800 1.71897 1.58736 1.746 5.05234 290.628
71900 1.68394 1.61934 1.72662 5.02991 286.805
72000 1.69599 1.65185 1.75579 5.10363 302.896
72100 1.70023 1.65827 1.79556 5.15407 302.385
72200 1.68005 1.67163 1.75358 5.10526 303.314
72300 1.66634 1.60008 1.73212 4.99854 292.677
72400 1.63235 1.52735 1.744 4.9037 284.5
72500 1.59906 1.54669 1.75941 4.90516 280.093
72600 1.62774 1.51586 1.82704 4.97064 290.337
72700 1.70733 1.52391 1.84399 5.07523 305.834
72800 1.76251 1.56901 1.77519 5.10671 304.982
72900 1.79355 1.60157 1.78013 5.17524 300.919
73000 1.78832 1.58823 1.82884 5.20539 295.119
73100 1.74398 1.60978 1.84562 5.19939 281.666
73200 1.68514 1.61839 1.76798 5.07151 291.614
73300 1.66805 1.56721 1.78735 5.02262 298.44
73400 1.66448 1.54072 1.76023 4.96543 300.262
73500 1.66828 1.58499 1.6985 4.95177 301.497
73600 1.68089 1.624 1.68409 4.98898 299.298
73700 1.70512 1.61059 1.6944 5.01011 294.184
73800 1.67239 1.5512 1.68211 4.9057 293.696
73900 1.66248 1.55515 1.69281 4.91044 306.857
74000 1.67286 1.61512 1.76178 5.04975 321.181
74100 1.66581 1.63461 1.85243 5.15286 288.294
74200 1.62741 1.65923 1.82537 5.11202 294.73
74300 1.64459 1.67268 1.78808 5.10536 301.862
74400 1.70493 1.63933 1.80639 5.15065 300.709
74500 1.73439 1.59476 1.80066 5.12982 292.155
74600 1.69469 1.5712 1.80251 5.0684 287.958
74700 1.71519 1.62299 1.78186 5.12004 286.24
74800 1.71293 1.63576 1.78741 5.1361 305.037
74900 1.71353 1.61878 1.77196 5.10428 302.768
75000 1.70648 1.55822 1.75032 5.01502 308.583
75100 1.63578 1.49577 1.76439 4.89594 296.705
75200 1.6225 1.50711 1.73775 4.86736 276.686
75300 1.5891 1.47342 1.74703 4.80954 290.709
75400 1.58406 1.49599 1.73465 4.8147 296.552
75500 1.60348 1.53421 1.74837 4.88606 296.316
75600 1.65895 1.54614 1.76604 4.97112 304.048
75700 1.73013 1.56627 1.7483 5.0447 318.742
75800 1.73867 1.51914 1.76077 5.01858 308.446
75900 1.77171 1.51678 1.76537 5.05386 302.774
76000 1.77769 1.51598 1.78322 5.07689 294.772
76100 1.76761 1.52716 1.8294 5.12418 291.134
76200 1.82045 1.5668 1.81892 5.20618 300.792
76300 1.80909 1.57037 1.81585 5.19531 312.669
76400 1.71537 1.60003 1.81861 5.13402 310.666
76500 1.71878 1.59178 1.75196 5.06252 304.232
76600 1.72565 1.57511 1.78409 5.08484 294.76
76700 1.67822 1.58518 1.81025 5.07365 299.067
76800 1.68166 1.56099 1.83609 5.07874 303.19
76900 1.69605 1.53865 1.80539 5.04009 307.324
77000 1.68632 1.49497 1.78118 4.96248 317.182
77100 1.67985 1.49843 1.79343 4.97171 301.854
77200 1.70943 1.51992 1.76977 4.99912 299.848
77300 1.73881 1.57434 1.7624 5.07555 297.081
77400 1.78634 1.67498 1.78091 5.24223 295.152
77500 1.817 1.6956 1.76768 5.28027 297.968
77600 1.81617 1.64906 1.73307 5.1983 306.374
77700 1.76706 1.58568 1.74917 5.10191 307.841
77800 1.76887 1.53978 1.73724 5.04589 311.722
77900 1.76803 1.52981 1.78869 5.08652 296.331
78000 1.74532 1.50956 1.82216 5.07704 296.87
78100 1.71501 1.51173 1.80813 5.03486 289.251
78200 1.68214 1.51912 1.80898 5.01025 306.474
78300 1.69009 1.53785 1.85123 5.07917 308.475
78400 1.71767 1.57265 1.87059 5.16091 309.187
78500 1.76509 1.6165 1.85679 5.23838 300.975
78600 1.78976 1.68445 1.88388 5.35809 306.218
78700 1.81512 1.68675 1.88065 5.38253 298.531
78800 1.82865 1.70275 1.82038 5.35179 293.967
78900 1.83923 1.64797 1.81035 5.29756 299.345
79000 1.82577 1.5835 1.8006 5.20988 324.159
79100 1.8288 1.58718 1.81615 5.23213 313.945
79200 1.78524 1.55294 1.86233 5.20052 299.747
79300 1.739 1.54704 1.81806 5.1041 295.499
79400 1.71937 1.56927 1.76252 5.05116 294.216
79500 1.73391 1.59771 1.79536 5.12699 301.973
79600 1.72734 1.60203 1.84049 5.16986 324.266
79700 1.76195 1.60983 1.84085 5.21263 311.183
79800 1.76336 1.59556 1.79472 5.15364 293.948
79900 1.73755 1.60316 1.8409 5.18161 296.333
80000 1.73236 1.60946 1.86284 5.20466 304.053
80100 1.67842 1.61275 1.85526 5.14644 320.831
80200 1.6952 1.6104 1.83176 5.13736 307.04
80300 1.74441 1.64347 1.82997 5.21786 289.795
80400 1.82063 1.65338 1.77589 5.24991 295.112
80500 1.89393 1.65708 1.77506 5.32607 298.576
80600 1.87871 1.67791 1.87877 5.4354 306.002
80700 1.85246 1.61614 1.89502 5.36361 304.595
80800 1.82767 1.59928 1.87532 5.30227 298.64
80900 1.76822 1.64063 1.86485 5.2737 289.64
81000 1.75842 1.70048 1.85309 5.312 288.823
81100 1.75804 1.68631 1.81651 5.26087 293.628
81200 1.68074 1.61812 1.79574 5.09461 300.606
81300 1.69328 1.57593 1.7941 5.06331 304.429
81400 1.73412 1.53362 1.77289 5.04064 304.05
81500 1.72267 1.51542 1.7682 5.00629 287.937
81600 1.72314 1.51168 1.82137 5.05618 280.311
81700 1.7375 1.5384 1.85264 5.12854 292.88
81800 1.80278 1.61028 1.85647 5.26954 301.957
81900 1.84014 1.64218 1.82713 5.30945 299.205
82000 1.82912 1.64137 1.82794 5.29843 300.059
82100 1.77011 1.65598 1.857 5.28308 308.345
82200 1.80761 1.67183 1.85648 5.33592 291.506
82300 1.80425 1.61339 1.86212 5.27976 291.01
82400 1.79151 1.56992 1.78549 5.14691 288.556
82500 1.76832 1.53038 1.70058 4.99927 304.708
82600 1.75748 1.54413 1.71964 5.02125 315.419
82700 1.78716 1.55049 1.78132 5.11897 302.228
82800 1.79477 1.57406 1.80298 5.17182 295.155
82900 1.8211 1.62525 1.80085 5.2472 297.13
83000 1.85635 1.6813 1.81949 5.35714 297.93
83100 1.84411 1.73981 1.86393 5.44786 299.373
83200 1.86098 1.72141 1.83577 5.41817 304.387
83300 1.84013 1.63203 1.76972 5.24188 300.206
83400 1.77475 1.59597 1.74205 5.11278 281.409
83500 1.67813 1.56999 1.76692 5.01503 278.35
83600 1.67277 1.51057 1.72923 4.91257 289.292
83700 1.71312 1.49742 1.72735 4.93789 293.727
83800 1.76634 1.47855 1.79595 5.04085 302.702
83900 1.81014 1.51487 1.84434 5.16936 303.942
84000 1.8432 1.58946 1.83024 5.2629 299.357
84100 1.82659 1.66913 1.83468 5.33041 284.497
84200 1.79545 1.72271 1.82403 5.3422 299.902
84300 1.77868 1.67077 1.8159 5.26535 308.643
84400 1.77069 1.67513 1.81056 5.25638 298.48
84500 1.77601 1.71354 1.78642 5.27597 293.064
84600 1.7913 1.73256 1.79052 5.31438 290.278
84700 1.84501 1.74664 1.81077 5.40242 298.941
84800 1.88379 1.72777 1.84875 5.46031 310.23
84900 1.90468 1.68993 1.82639 5.421 315.279
85000 1.94085 1.64714 1.82616 5.41414 307.128
85100 1.92646 1.64151 1.84932 5.41729 294.497
85200 1.89517 1.64422 1.86402 5.40341 295.312
85300 1.90415 1.62584 1.88381 5.4138 287.749
85400 1.87742 1.60491 1.88937 5.37169 301.731
85500 1.87944 1.64076 1.87217 5.39236 312.964
85600 1.90966 1.65041 1.9367 5.49677 308.615
85700 1.91154 1.63809 1.96362 5.51324 293.589
85800 1.9067 1.65699 1.93822 5.50191 289.058
85900 1.85646 1.65218 1.92825 5.43689 301.281
86000 1.83946 1.64419 1.89898 5.38264 296.449
86100 1.78572 1.64075 1.80166 5.22812 308.13
86200 1.76789 1.63823 1.77899 5.18511 300.465
86300 1.78089 1.60048 1.79569 5.17706 283.217
86400 1.76345 1.61644 1.78429 5.16418 274.126
86500 1.78026 1.63192 1.78643 5.1986 288.815
86600 1.81418 1.61644 1.84539 5.276 303.96
86700 1.82662 1.58912 1.8931 5.30884 301.312
86800 1.8492 1.58748 1.91602 5.35271 306.565
86900 1.89294 1.60109 1.88652 5.38055 294.203
87000 1.88347 1.59068 1.88582 5.35997 292.853
87100 1.84346 1.62043 1.88869 5.35258 288.837
87200 1.81326 1.64818 1.87918 5.34062 292.34
87300 1.76585 1.65007 1.84528 5.2612 305.117
87400 1.79009 1.62074 1.83393 5.24476 305.065
87500 1.78124 1.62343 1.80574 5.21041 300.031
87600 1.74418 1.60781 1.78492 5.13692 305.267
87700 1.77661 1.61514 1.80811 5.19986 282.97
87800 1.82608 1.58785 1.82827 5.2422 287.489
87900 1.84028 1.59051 1.83502 5.26581 298.623
88000 1.8019 1.60388 1.83288 5.23865 308.097
88100 1.85236 1.66724 1.82904 5.34864 296.178
88200 1.86145 1.64921 1.7969 5.30756 296.826
88300 1.83959 1.62636 1.76297 5.22892 301.397
88400 1.83764 1.58967 1.74226 5.16957 312.409
88500 1.81186 1.61115 1.72984 5.15286 308.942
88600 1.79069 1.65136 1.79229 5.23434 298.103
88700 1.80293 1.65741 1.85919 5.31954 287.58
88800 1.88584 1.63923 1.90166 5.42673 293.299
88900 1.8697 1.69907 1.90482 5.47359 306.539
89000 1.79474 1.71588 1.89353 5.40416 300.173
89100 1.82586 1.72438 1.90678 5.45702 303.857
89200 1.81065 1.67477 1.90731 5.39273 300.241
89300 1.79093 1.61404 1.86291 5.26788 287.85
89400 1.83701 1.56823 1.81446 5.2197 306.183
89500 1.83948 1.56093 1.83257 5.23297 306.126
89600 1.85762 1.59352 1.8512 5.30234 300.694
89700 1.91682 1.62934 1.84498 5.39113 288.385
89800 1.90542 1.65177 1.82392 5.3811 288.854
89900 1.84067 1.63681 1.88534 5.36282 302.71
90000 1.85158 1.67742 1.86979 5.39879 308.957
90100 1.85681 1.67955 1.90812 5.44449 312.334
90200 1.83591 1.70126 1.94934 5.4865 300.354
90300 1.83762 1.71283 1.92817 5.47862 297.99
90400 1.81417 1.67902 1.90794 5.40113 298.704
90500 1.79411 1.66497 1.92712 5.3862 300.16
90600 1.78895 1.63168 1.89045 5.31108 306.565
90700 1.78641 1.62411 1.84697 5.25749 324.523
90800 1.80378 1.6185 1.81828 5.24056 305.673
90900 1.80893 1.62556 1.83892 5.27341 299.389
91000 1.74846 1.66307 1.7892 5.20072 312.013
91100 1.7169 1.64146 1.77418 5.13254 298.161
91200 1.69827 1.65074 1.83717 5.18619 285.916
91300 1.71238 1.68295 1.887 5.28234 304.95
91400 1.76254 1.70707 1.92712 5.39673 298.475
91500 1.83057 1.66729 1.92563 5.42349 302.189
91600 1.84808 1.68133 1.8574 5.38681 302.106
91700 1.79974 1.66362 1.82269 5.28604 292.766
91800 1.80286 1.60547 1.82533 5.23365 284.921
91900 1.80048 1.62766 1.84589 5.27403 285.474
92000 1.79933 1.65798 1.82372 5.28102 296.338
92100 1.77177 1.62424 1.79363 5.18965 309.713
92200 1.71946 1.63127 1.76329 5.11402 301.437
92300 1.74855 1.64628 1.73691 5.13174 293.341
92400 1.7321 1.66766 1.74174 5.1415 287.017
92500 1.73387 1.65696 1.72773 5.11856 300.601
92600 1.72077 1.62433 1.76517 5.11028 309.853
92700 1.74586 1.64852 1.83842 5.2328 316.218
92800 1.77369 1.66669 1.88166 5.32204 294.004
92900 1.80731 1.713 1.89403 5.41434 298.525
93000 1.78946 1.67894 1.85616 5.32455 291.82
93100 1.78664 1.64163 1.82252 5.25079 308.018
93200 1.80401 1.61338 1.77772 5.19512 316.794
93300 1.80693 1.5902 1.8098 5.20694 310.69
93400 1.86286 1.56343 1.81151 5.2378 297.858
93500 1.86269 1.58279 1.82767 5.27315 300.947
93600 1.82193 1.60217 1.87038 5.29448 296.539
93700 1.79279 1.64096 1.79512 5.22887 293.663
93800 1.69975 1.65957 1.7972 5.15652 291.508
93900 1.65919 1.6658 1.79217 5.11716 289.845
94000 1.70515 1.69378 1.80293 5.20186 288.758
94100 1.73993 1.73126 1.80177 5.27296 308.604
94200 1.76321 1.71917 1.82963 5.31201 311.908
94300 1.71153 1.65109 1.85632 5.21893 296.746
94400 1.6883 1.59607 1.77586 5.06023 290.621
94500 1.69663 1.55991 1.77156 5.0281 301.209
94600 1.71262 1.5578 1.75954 5.02997 308.969
94700 1.73864 1.61273 1.72732 5.0787 307.146
94800 1.74096 1.66146 1.78898 5.19139 305.945
94900 1.75042 1.63694 1.81208 5.19945 298.945
95000 1.72647 1.65797 1.82351 5.20795 293.102
95100 1.67925 1.6529 1.81947 5.15161 294.907
95200 1.67009 1.60376 1.77221 5.04606 311.494
95300 1.72437 1.57921 1.74003 5.04361 309.133
95400 1.77586 1.58179 1.73778 5.09544 312.575
95500 1.82975 1.60392 1.77844 5.21211 288.686
95600 1.81309 1.64895 1.78652 5.24856 296.788
95700 1.81637 1.6753 1.7658 5.25746 301.795
95800 1.75616 1.68283 1.79122 5.23021 300.095
95900 1.73612 1.63736 1.83081 5.20429 313.762
96000 1.73414 1.63917 1.8579 5.23122 315.727
96100 1.75346 1.64876 1.87466 5.27688 304.505
96200 1.74237 1.63642 1.86383 5.24262 301.021
96300 1.75796 1.61073 1.83601 5.2047 300.816
96400 1.78141 1.60053 1.78535 5.1673 286.242
96500 1.73459 1.56735 1.7535 5.05544 302.67
96600 1.70076 1.55374 1.70888 4.96339 306.618
96700 1.73474 1.51903 1.66376 4.91753 311.128
96800 1.74081 1.58128 1.66899 4.99107 296.719
96900 1.73317 1.63745 1.74399 5.11462 288.83
97000 1.71321 1.62639 1.78265 5.12225 299.681
97100 1.71875 1.6353 1.78643 5.14048 312.622
97200 1.68344 1.67968 1.83441 5.19753 314.666
97300 1.718 1.69036 1.82165 5.23002 312.867
97400 1.74935 1.71144 1.81369 5.27447 303.556
97500 1.71536 1.69578 1.81835 5.2295 288.393
97600 1.73274 1.61632 1.80011 5.14917 300.64
97700 1.78656 1.58039 1.76519 5.13215 307.916
97800 1.81724 1.60086 1.77032 5.18842 315.314
97900 1.80912 1.58967 1.78151 5.1803 309.445
98000 1.79441 1.53746 1.78107 5.11294 298.021
98100 1.77628 1.52234 1.77383 5.07244 295.871
98200 1.75095 1.56765 1.75508 5.07368 291.451
98300 1.79674 1.5935 1.78648 5.17671 303.861
98400 1.85878 1.66164 1.82884 5.34926 313.156
98500 1.87268 1.6993 1.81629 5.38827 311.996
98600 1.83437 1.70721 1.86311 5.40468 296.468
98700 1.76879 1.70766 1.87085 5.34729 303.893
98800 1.80313 1.66527 1.83453 5.30294 304.988
98900 1.80014 1.60502 1.81083 5.21599 282.394
99000 1.78903 1.53859 1.76932 5.09694 286.451
99100 1.76662 1.52672 1.77156 5.06489 300.023
99200 1.7548 1.52884 1.78607 5.06972 301.719
99300 1.70328 1.51447 1.81402 5.03176 296.125
99400 1.72564 1.56293 1.8063 5.09487 305.927
99500 1.75372 1.56658 1.80291 5.12321 316.63
99600 1.71863 1.58042 1.79842 5.09747 304.206
99700 1.71902 1.56101 1.77931 5.05934 306.361
99800 1.70663 1.563 1.78413 5.05376 296.482
99900 1.70514 1.59646 1.79717 5.09877 293.748
100000 1.71603 1.60581 1.77565 5.0975 306.394
100100 1.77184 1.6021 1.77689 5.15083 312.779
100200 1.80664 1.67127 1.82683 5.30474 327.654
100300 1.82693 1.6855 1.8458 5.35823 320.278
100400 1.86736 1.63257 1.86222 5.36216 298.491
100500 1.85056 1.60308 1.85363 5.30727 302.553
100600 1.81133 1.57706 1.81077 5.19915 296.39
100700 1.79566 1.51285 1.76903 5.07753 285.611
100800 1.76925 1.53513 1.7427 5.04708 295.952
100900 1.7589 1.55575 1.76041 5.07506 313.908
101000 1.71074 1.59475 1.80486 5.11035 304.665
101100 1.70622 1.59695 1.78879 5.09196 301.153
101200 1.72223 1.58186 1.79515 5.09924 291.306
101300 1.74221 1.59716 1.79344 5.13281 288.995
101400 1.78305 1.6293 1.83862 5.25097 293.528
101500 1.84042 1.63475 1.86703 5.3422 298.131
101600 1.82782 1.61676 1.85198 5.29656 309.202
101700 1.77529 1.62265 1.82744 5.22538 303.054
101800 1.75187 1.63921 1.83604 5.22711 291.08
101900 1.72511 1.63139 1.86195 5.21844 290.232
102000 1.67914 1.57401 1.83603 5.08918 291.18
102100 1.6934 1.5325 1.81875 5.04465 299.282
102200 1.74628 1.52459 1.77716 5.04804 307.986
102300 1.80218 1.56401 1.76841 5.1346 304.484
102400 1.85673 1.57686 1.7814 5.21499 294.872
102500 1.8459 1.53318 1.79174 5.17083 287.216
102600 1.78905 1.53279 1.77974 5.10158 270.048
102700 1.75295 1.59456 1.74915 5.09665 272.104
102800 1.7512 1.628 1.78965 5.16885 290.385
102900 1.79171 1.65389 1.78151 5.22711 292.782
103000 1.85646 1.60748 1.80763 5.27157 303.303
103100 1.85144 1.60787 1.86263 5.32194 314.002
103200 1.81061 1.63726 1.87497 5.32285 297.238
103300 1.77391 1.648 1.86551 5.28742 293.332
103400 1.82672 1.62467 1.85798 5.30937 290.918
103500 1.79747 1.58212 1.82442 5.20402 297.856
103600 1.81779 1.5896 1.80077 5.20816 304.127
103700 1.80366 1.57718 1.80968 5.19052 294.415
103800 1.79208 1.54977 1.80953 5.15138 311.789
103900 1.80869 1.54495 1.84926 5.20289 320.504
104000 1.79315 1.55942 1.8661 5.21868 312.554
104100 1.75572 1.59333 1.82911 5.17816 304.346
104200 1.74575 1.60148 1.80511 5.15234 294.853
104300 1.73693 1.59867 1.8256 5.1612 304.562
104400 1.7345 1.60819 1.82873 5.17142 293.611
104500 1.71831 1.62756 1.85165 5.19752 280.435
104600 1.7361 1.61428 1.8372 5.18758 291.269
104700 1.80153 1.60728 1.8334 5.24221 305.867
104800 1.87391 1.60942 1.83477 5.31811 300.193
104900 1.88768 1.63125 1.89532 5.41425 298.554
105000 1.86596 1.60154 1.88758 5.35508 305.45
105100 1.88009 1.5779 1.84607 5.30407 279.828
105200 1.87754 1.56417 1.84256 5.28427 292.277
105300 1.85471 1.61226 1.8691 5.33608 307.653
105400 1.84294 1.64878 1.85587 5.34759 307.006
105500 1.80179 1.62374 1.83177 5.2573 309.688
105600 1.7851 1.62459 1.83025 5.23993 303.313
105700 1.75182 1.60586 1.84575 5.20343 297.549
105800 1.77488 1.60633 1.85799 5.2392 297.243
105900 1.84634 1.61629 1.82536 5.28798 300.938
106000 1.79599 1.57072 1.83308 5.19979 312.718
106100 1.7588 1.62191 1.85171 5.23242 312.571
106200 1.80454 1.68279 1.82797 5.3153 299.611
106300 1.8186 1.67712 1.89894 5.39466 290.017
106400 1.85887 1.6655 1.91753 5.4419 285.573
106500 1.88326 1.61892 1.92444 5.42662 308.053
106600 1.8726 1.54872 1.86298 5.2843 310.573
106700 1.93473 1.53731 1.8156 5.28763 300.389
106800 1.93188 1.55912 1.87159 5.36259 299.119
106900 1.89266 1.61731 1.88398 5.39396 297.125
107000 1.84004 1.63174 1.87787 5.34965 297.361
107100 1.81559 1.60534 1.8821 5.30303 305.874
107200 1.79191 1.58977 1.87322 5.2549 301.413
107300 1.73302 1.59154 1.83629 5.16085 305.887
107400 1.70627 1.58872 1.82532 5.1203 291.766
107500 1.7347 1.58062 1.82055 5.13587 294.826
107600 1.75627 1.52324 1.83372 5.11324 303.901
107700 1.76044 1.51526 1.87938 5.15509 312.867
107800 1.77352 1.57466 1.88111 5.22928 310.125
107900 1.80559 1.58328 1.85148 5.24035 293.925
108000 1.81694 1.58781 1.82375 5.22851 295.878
108100 1.84382 1.64645 1.92528 5.41554 298.683
108200 1.88527 1.65798 1.93163 5.47488 309.202
108300 1.90712 1.62352 1.91622 5.44686 304.49
108400 1.8959 1.64262 1.93554 5.47406 296.13
108500 1.92745 1.72204 1.9598 5.60929 298.238
108600 1.88082 1.74051 1.95737 5.5787 296.669
108700 1.82877 1.72094 1.93298 5.48269 291.276
108800 1.83594 1.69519 1.95812 5.48924 302.429
108900 1.87456 1.70225 2.00835 5.58517 308.714
109000 1.90632 1.68302 1.99527 5.58462 310.726
109100 1.93202 1.63888 1.98188 5.55278 304.322
109200 1.85486 1.64431 2.0003 5.49948 290.143
109300 1.82985 1.63513 2.00756 5.47254 292.454
109400 1.84205 1.60874 1.9563 5.40708 305.573
109500 1.81575 1.58428 1.90003 5.30005 312.643
109600 1.8426 1.59678 1.86794 5.30732 306.785
109700 1.81272 1.621 1.85061 5.28432 292.456
109800 1.82853 1.59556 1.86844 5.29252 291.065
109900 1.85705 1.58369 1.85163 5.29237 295.429
110000 1.87342 1.63884 1.84512 5.35738 303.999
110100 1.90092 1.66393 1.86374 5.42859 301.973
110200 1.94324 1.69451 1.90102 5.53878 308.704
110300 1.96735 1.69481 1.96199 5.62415 291.859
110400 1.953 1.67104 1.93019 5.55423 283.073
110500 1.90178 1.65652 1.88145 5.43974 290.14
110600 1.87337 1.64018 1.87558 5.38913 312.13
110700 1.88837 1.66567 1.87127 5.42531 304.351
110800 1.89994 1.69414 1.89992 5.494 290.338
110900 1.84936 1.63317 1.86157 5.3441 286.478
111000 1.78921 1.60629 1.80522 5.20071 288.025
111100 1.79343 1.63859 1.78817 5.2202 294.648
111200 1.79242 1.60194 1.86921 5.26358 310.79
111300 1.81766 1.58113 1.93155 5.33034 303.033
111400 1.80198 1.61006 1.92079 5.33283 298.016
111500 1.81845 1.61577 1.93942 5.37363 288.5
111600 1.82357 1.6262 1.91666 5.36643 288.147
111700 1.88253 1.65044 1.90567 5.43863 288.473
111800 1.94001 1.63916 1.89061 5.46978 291.794
111900 1.91376 1.6017 1.90022 5.41568 303.162
112000 1.91713 1.62092 1.88662 5.42467 300.104
112100 1.92728 1.65801 1.88428 5.46957 305.568
112200 1.90201 1.64333 1.8636 5.40893 309.911
112300 1.88737 1.62921 1.88076 5.39734 305.496
112400 1.911 1.67494 1.85634 5.44228 295.763
112500 1.90946 1.69066 1.87145 5.47157 293.938
112600 1.9197 1.67599 1.91311 5.5088 291.545
112700 1.92874 1.69243 1.91127 5.53244 306.164
112800 1.91975 1.64016 1.89327 5.45318 313.949
112900 1.86772 1.60998 1.85301 5.33072 306.458
113000 1.82643 1.59929 1.89808 5.3238 297.55
113100 1.81949 1.59146 1.89113 5.30207 287.46
113200 1.84071 1.60507 1.8632 5.30898 298.979
113300 1.84922 1.61427 1.8624 5.32589 302.252
113400 1.85344 1.65044 1.89232 5.3962 310.937
113500 1.8657 1.70596 1.9023 5.47395 309.158
113600 1.8664 1.72253 1.84018 5.42911 303.354
113700 1.80349 1.66643 1.81352 5.28345 292.424
113800 1.77441 1.65118 1.84266 5.26825 287.218
113900 1.78704 1.66939 1.89124 5.34766 308.021
114000 1.79657 1.66175 1.94625 5.40457 309.98
114100 1.8422 1.63816 1.96211 5.44247 312.563
114200 1.88975 1.65464 1.92779 5.47218 318.95
114300 1.88117 1.66952 1.93123 5.48191 303.039
114400 1.97143 1.68417 1.93309 5.5887 289.402
114500 1.9708 1.67562 1.9024 5.54881 297.001
114600 1.90783 1.70002 1.9037 5.51155 302.714
114700 1.86114 1.73036 1.88296 5.47446 309.657
114800 1.85628 1.67376 1.92464 5.45468 312.832
114900 1.88399 1.65822 1.96985 5.51206 311.616
115000 1.90369 1.68945 1.98223 5.57537 298.233
115100 1.92112 1.69784 1.99198 5.61094 288.65
115200 1.91017 1.72939 2.01547 5.65503 298.255
115300 1.91358 1.73434 2.00247 5.65039 302.309
115400 1.93429 1.70942 1.91427 5.55799 308.434
115500 1.88549 1.70961 1.85598 5.45108 304.008
115600 1.88938 1.70543 1.83238 5.42718 290.462
115700 1.91217 1.71927 1.83163 5.46307 288.763
115800 1.91335 1.79655 1.88015 5.59005 297.542
115900 1.93518 1.77335 1.92622 5.63475 315.362
116000 1.94082 1.72081 1.96275 5.62438 298.226
116100 1.91981 1.77286 2.02786 5.72053 298.434
116200 1.92144 1.78892 2.0288 5.73915 299.31
116300 1.91045 1.74175 2.03255 5.68474 308.109
116400 1.87223 1.72076 2.01636 5.60935 291.007
116500 1.89683 1.71021 1.98593 5.59297 280.614
116600 1.92533 1.67481 1.92941 5.52954 290.267
116700 1.91499 1.64936 1.88892 5.45326 309.376
116800 1.88078 1.65426 1.88255 5.41759 299.64
116900 1.92173 1.67625 1.90564 5.50361 294.239
117000 1.94615 1.68348 1.90961 5.53924 308.593
117100 1.93665 1.69405 1.87447 5.50516 311.248
117200 1.98359 1.63269 1.91944 5.53572 306.859
117300 1.97666 1.59903 1.92463 5.50032 295.877
117400 1.96695 1.62884 1.94188 5.53767 294.578
117500 1.90357 1.64633 1.96203 5.51193 289.229
117600 1.85302 1.66047 1.93986 5.45335 306.517
117700 1.82451 1.66788 1.8704 5.36279 306.68
117800 1.82726 1.67559 1.86014 5.36299 308.849
117900 1.84906 1.65704 1.87343 5.37953 299.902
118000 1.78511 1.67115 1.89706 5.35332 293.033
118100 1.80833 1.63875 1.90496 5.35204 288.577
118200 1.87892 1.60241 1.93877 5.42011 293.268
118300 1.92633 1.66564 1.93239 5.52437 310.649
118400 1.96788 1.68708 1.94752 5.60249 301.462
118500 1.97037 1.66718 1.94322 5.58076 290.334
118600 1.97243 1.67835 1.91926 5.57004 293.832
118700 1.92189 1.73715 1.90109 5.56013 314.907
118800 1.91547 1.7007 1.8334 5.44957 309.722
118900 1.94725 1.65406 1.87015 5.47146 305.07
119000 1.92209 1.63612 1.87676 5.43497 295.817
119100 1.89795 1.67388 1.85544 5.42727 295.214
119200 1.91542 1.67455 1.84749 5.43747 299.866
119300 1.84749 1.66855 1.84058 5.35662 313.116
119400 1.78308 1.66061 1.80251 5.2462 318.479
119500 1.80569 1.66598 1.83871 5.31038 303.186
119600 1.82025 1.65595 1.9073 5.3835 311.557
119700 1.86467 1.67599 1.943 5.48367 301.038
119800 1.89843 1.68241 1.90916 5.49 288.809
119900 1.89541 1.62694 1.87648 5.39884 293.879
120000 1.88919 1.58339 1.85847 5.33105 317.226
120100 1.85932 1.57395 1.87868 5.31195 311.46
120200 1.87024 1.61108 1.92276 5.40408 303.439
120300 1.9009 1.59484 1.9157 5.41143 293.441
120400 1.8662 1.58455 1.92333 5.37407 299.589
120500 1.83594 1.63297 1.88148 5.35039 302.57
120600 1.86753 1.67506 1.87887 5.42146 318.799
120700 1.90221 1.66641 1.85971 5.42833 317.33
120800 1.92832 1.70655 1.84953 5.48441 304.058
120900 1.90475 1.6735 1.84888 5.42713 299.249
121000 1.91109 1.65261 1.84325 5.40694 299.982
121100 1.9003 1.65345 1.81169 5.36544 290.013
121200 1.89397 1.64228 1.81959 5.35584 301.33
121300 1.8354 1.62367 1.8756 5.33467 302.639
121400 1.88071 1.61622 1.87561 5.37254 314.852
121500 1.87624 1.60086 1.8501 5.3272 304.008
121600 1.86399 1.62376 1.84305 5.3308 295.067
121700 1.85321 1.633 1.85398 5.34019 281.297
121800 1.85387 1.65527 1.84294 5.35208 300.749
121900 1.84853 1.62004 1.85916 5.32773 301.784
122000 1.84579 1.70111 1.89358 5.44048 300.312
122100 1.82339 1.67921 1.8916 5.3942 299.45
122200 1.81315 1.64978 1.84226 5.30518 286.887
122300 1.84404 1.6208 1.85452 5.31935 280.281
122400 1.89308 1.60425 1.8792 5.37653 287.439
122500 1.92161 1.60131 1.89194 5.41485 301.959
122600 1.91939 1.64474 1.90334 5.46748 297.92
122700 1.85187 1.66032 1.9585 5.47069 302.778
122800 1.84485 1.6293 1.94003 5.41418 313.213
122900 1.81576 1.61173 1.92925 5.35673 311.511
123000 1.84446 1.56463 1.8987 5.3078 311.839
123100 1.89934 1.54932 1.94249 5.39116 289.571
123200 1.99147 1.60498 1.95613 5.55258 289.408
123300 2.03176 1.6601 1.98111 5.67298 298.768
123400 2.01402 1.66887 1.95265 5.63554 312.469
123500 1.95686 1.69681 1.96524 5.61891 304.015
123600 1.9748 1.72705 1.96311 5.66496 298.727
123700 1.95674 1.69811 2.00485 5.6597 302.612
123800 1.89495 1.67084 2.02552 5.59132 296.426
123900 1.87995 1.63666 2.00649 5.52309 302.063
124000 1.87586 1.62748 1.9944 5.49773 294.099
124100 1.89273 1.62779 2.00936 5.52989 301.729
124200 1.88086 1.65212 1.99828 5.53126 310.635
124300 1.88518 1.67922 1.98525 5.54965 302.306
124400 1.90435 1.71165 1.98586 5.60187 299.789
124500 1.95095 1.72821 1.99519 5.67435 289.454
124600 1.97049 1.7103 1.96009 5.64089 290.18
124700 2.01276 1.6853 1.92261 5.62067 306.161
124800 1.99134 1.66586 1.9593 5.6165 306.09
124900 1.98418 1.65844 1.9646 5.60722 294.856
125000 1.98322 1.66213 1.90877 5.55411 294.273
125100 1.93766 1.67185 1.87837 5.48789 305.621
125200 1.94338 1.64979 1.94198 5.53516 314.153
125300 1.88172 1.6353 1.95315 5.47017 306.589
125400 1.86937 1.62504 1.91571 5.41012 298.254
125500 1.85476 1.62974 1.91104 5.39555 293.047
125600 1.84517 1.62556 1.95559 5.42631 293.853
125700 1.88035 1.59824 1.93111 5.40971 308.331
125800 1.85631 1.56779 1.86897 5.29307 311.044
125900 1.81878 1.56388 1.80843 5.19109 319.087
126000 1.83215 1.56714 1.85589 5.25518 310.946
126100 1.86442 1.56588 1.91505 5.34535 306.529
126200 1.90183 1.66612 1.87216 5.44012 305.592
126300 1.89042 1.72485 1.876 5.49126 281.94
126400 1.93318 1.73146 1.88227 5.54691 290.215
126500 1.94348 1.73823 1.80621 5.48793 298.435
126600 1.91376 1.72202 1.81192 5.4477 307.44
126700 1.93416 1.68348 1.78957 5.40721 305.209
126800 1.97382 1.6829 1.76361 5.42033 289.378
126900 1.94213 1.67865 1.82037 5.44115 284.102
127000 1.915 1.63805 1.85673 5.40978 285.535
127100 1.89393 1.59905 1.86295 5.35593 277.071
127200 1.88242 1.62039 1.81954 5.32235 292.878
127300 1.85727 1.62259 1.78797 5.26782 299.642
127400 1.83992 1.57725 1.80029 5.21746 315.499
127500 1.82642 1.58683 1.80393 5.21718 294.787
127600 1.78717 1.65382 1.81613 5.25712 287.462
127700 1.82902 1.70103 1.8452 5.37525 294.08
127800 1.85976 1.72507 1.82215 5.40699 307.938
127900 1.89925 1.71855 1.8376 5.45539 305.309
128000 1.87641 1.75116 1.87674 5.50432 302.561
128100 1.84699 1.74525 1.9253 5.51754 296.753
128200 1.86727 1.72199 1.93046 5.51973 288.849
128300 1.85908 1.66377 1.88657 5.40942 278.406
128400 1.90577 1.61333 1.85748 5.37659 290.879
128500 1.94083 1.61356 1.91319 5.46758 299.772
128600 1.90222 1.65826 1.94484 5.50532 312.934
128700 1.93037 1.68463 1.96988 5.58488 298.963
128800 1.9711 1.69221 1.99732 5.66064 283.546
128900 1.98134 1.70224 2.02507 5.70865 291.805
129000 1.95896 1.68842 2.00311 5.65049 308.373
129100 1.91727 1.69138 2.05035 5.659 310.317
129200 1.98308 1.69321 1.9968 5.6731 298.379
129300 2.07052 1.67641 1.98956 5.73649 295.798
129400 2.08498 1.69124 2.03324 5.80946 289.947
129500 2.06741 1.74202 2.0549 5.86433 288.35
129600 2.03203 1.73976 2.03458 5.80636 296.681
129700 1.99629 1.71095 2.02833 5.73557 306.921
129800 1.98434 1.74125 2.05818 5.78377 307.214
129900 1.931 1.67435 2.01825 5.62359 299.881
130000 1.8681 1.62991 1.9434 5.44141 286.014
130100 1.84409 1.61501 1.93226 5.39136 288.596
130200 1.83629 1.64788 1.97216 5.45634 293.448
130300 1.88467 1.70375 1.99508 5.5835 303.275
130400 1.93139 1.65974 1.98134 5.57247 302.04
130500 1.91015 1.62017 1.90137 5.43169 298.552
130600 1.9212 1.5944 1.8572 5.37281 288.56
130700 1.88283 1.59952 1.8765 5.35886 279.029
130800 1.86854 1.6066 1.92237 5.39751 299.69
130900 1.83379 1.63232 1.9366 5.4027 301.529
131000 1.8331 1.64578 1.92644 5.40532 301.711
131100 1.80785 1.64944 1.86838 5.32566 306.777
131200 1.81594 1.62126 1.85119 5.28839 298.512
131300 1.83302 1.63613 1.84422 5.31337 285.087
131400 1.80321 1.65217 1.77851 5.23388 289.28
131500 1.78267 1.67605 1.78093 5.23965 300.721
131600 1.80626 1.68088 1.82578 5.31292 303.954
131700 1.7991 1.6572 1.84106 5.29736 306.043
131800 1.80254 1.60767 1.83208 5.2423 296.365
131900 1.88471 1.58296 1.84435 5.31202 285.047
132000 1.90337 1.59222 1.9198 5.41538 280.398
132100 1.93512 1.61569 1.92147 5.47228 283.809
132200 1.9356 1.63018 1.89746 5.46325 295.609
132300 1.88209 1.57678 1.85711 5.31598 302.198
132400 1.8966 1.59978 1.86099 5.35738 312.394
132500 1.9108 1.65196 1.87285 5.43561 303.088
132600 1.91078 1.64213 1.90629 5.45921 285.444
132700 1.94855 1.66051 1.95056 5.55963 288.456
132800 1.92756 1.67508 1.92475 5.52739 296.456
132900 1.89124 1.65565 1.89779 5.44468 291.362
133000 1.8639 1.61929 1.79948 5.28268 304.387
133100 1.83291 1.61294 1.79873 5.24458 304.079
133200 1.81805 1.58841 1.83363 5.24009 297.483
133300 1.83932 1.58776 1.87656 5.30363 281.701
133400 1.8902 1.59515 1.91678 5.40213 287.632
133500 1.93523 1.62169 1.87842 5.43533 293.764
133600 1.98469 1.61357 1.90605 5.50431 297.077
133700 1.93446 1.58023 1.93507 5.44976 308.689
133800 1.91765 1.58381 1.96718 5.46864 295.438
133900 1.93293 1.57086 1.95453 5.45832 292.379
134000 1.93095 1.61217 1.90852 5.45164 286.218
134100 1.87284 1.68293 1.9203 5.47607 297.897
134200 1.85111 1.66034 1.9203 5.43175 306.83
134300 1.85336 1.63184 1.89209 5.37729 307.599
134400 1.80355 1.6691 1.85629 5.32894 298.613
134500 1.84348 1.66323 1.88441 5.39112 294.118
134600 1.88078 1.68238 1.87385 5.43701 295.087
134700 1.89436 1.66173 1.84198 5.39806 294.838
134800 1.9064 1.6213 1.90394 5.43164 301.874
134900 1.89652 1.62361 1.97201 5.49213 317.464
135000 1.925 1.57602 1.91847 5.4195 324.663
135100 1.91326 1.52969 1.89642 5.33937 312.451
135200 1.9085 1.58268 1.91542 5.4066 307.474
135300 1.88068 1.65732 1.91683 5.45483 290.881
135400 1.82542 1.70683 1.91573 5.44798 294.398
135500 1.80425 1.63734 1.90638 5.34797 305.532
135600 1.85769 1.61778 1.93091 5.40638 313.969
135700 1.91315 1.62718 1.8932 5.43354 306.422
135800 1.90017 1.65104 1.92765 5.47887 286.572
135900 1.91274 1.67106 1.9671 5.5509 288.941
136000 1.94111 1.69882 1.96976 5.60968 297.694
136100 1.98089 1.69562 1.98715 5.66366 300.683
136200 1.95427 1.64802 1.94935 5.55164 308.114
136300 1.92974 1.64709 1.92497 5.50179 313.485
136400 1.93126 1.63996 1.92753 5.49874 296.328
136500 1.93041 1.63827 1.9343 5.50299 289.716
136600 1.92137 1.63168 1.95372 5.50677 298.304
136700 1.93922 1.61354 1.93349 5.48625 303.68
136800 1.94687 1.60656 1.90889 5.46232 307
136900 1.91163 1.60804 1.89916 5.41882 300.143
137000 1.8665 1.58356 1.88005 5.33012 281.903
137100 1.86203 1.61815 1.89791 5.37809 288.071
137200 1.88604 1.61317 1.90541 5.40462 291.9
137300 1.90993 1.61409 1.92031 5.44433 304.709
137400 1.90819 1.61181 1.87219 5.39218 298.996
137500 1.89706 1.59677 1.88109 5.37492 311.152
137600 1.85918 1.65522 1.95157 5.46597 321.577
137700 1.85037 1.74005 1.95018 5.5406 302.459
137800 1.88807 1.71101 1.9564 5.55549 292.986
137900 1.87046 1.6356 1.93619 5.44225 298.16
138000 1.88444 1.59658 1.88234 5.36337 298.645
138100 1.86187 1.57948 1.87556 5.31691 308.358
138200 1.85745 1.59272 1.91755 5.36772 312.232
138300 1.85542 1.6048 1.97116 5.43138 307.362
138400 1.87322 1.61301 1.98221 5.46844 293.983
138500 1.8685 1.5862 1.91678 5.37148 291.033
138600 1.87669 1.58957 1.90588 5.37214 294.148
138700 1.91552 1.61344 1.93479 5.46376 313.699
138800 1.93396 1.65026 1.9157 5.49991 303.093
138900 1.95524 1.63126 1.88816 5.47465 303.28
139000 1.97358 1.66674 1.90745 5.54778 298.019
139100 1.94772 1.67526 1.93223 5.5552 294.522
139200 1.9515 1.71122 1.93446 5.59718 285.745
139300 1.93976 1.69307 1.903 5.53583 291.975
139400 1.92364 1.65998 1.92086 5.50448 306.356
139500 1.93706 1.61586 1.93849 5.49141 307.12
139600 1.89214 1.57767 1.88208 5.3519 303.539
139700 1.83323 1.55056 1.84239 5.22618 292.478
139800 1.81262 1.56103 1.87395 5.2476 285.343
139900 1.85395 1.58413 1.90363 5.3417 289.397
140000 1.85659 1.62288 1.90161 5.38108 300.503
140100 1.86654 1.61698 1.90763 5.39115 300.357
140200 1.90208 1.63915 1.89208 5.43331 295.461
140300 1.9375 1.68487 1.90834 5.53072 306.773
140400 1.93016 1.70266 1.93741 5.57022 316.866
140500 1.95475 1.70952 1.95887 5.62314 316.003
140600 1.93521 1.7102 1.9109 5.55632 303.769
140700 1.91169 1.68097 1.90056 5.49322 294.863
140800 1.93315 1.67545 1.88589 5.49449 298.826
140900 1.98074 1.67477 1.94037 5.59589 300.244
141000 1.95951 1.66929 1.92328 5.55208 314.781
141100 1.96481 1.6522 1.91891 5.53593 312.307
141200 1.99072 1.68016 1.91053 5.58142 298.641
141300 2.00114 1.7046 1.96697 5.67271 295.383
141400 2.02374 1.69395 1.94367 5.66136 290.583
141500 1.97151 1.63664 1.91046 5.5186 305.555
141600 1.92599 1.59701 1.86796 5.39096 315.509
141700 1.86892 1.624 1.89389 5.38681 312.552
141800 1.84603 1.65961 1.85874 5.36438 297.463
141900 1.824 1.64175 1.85742 5.32317 299.482
142000 1.81586 1.62704 1.8241 5.267 302.555
142100 1.80177 1.64909 1.86596 5.31682 291.865
142200 1.77944 1.69448 1.86746 5.34138 279.436
142300 1.7737 1.68646 1.88677 5.34693 298.321
142400 1.79407 1.69656 1.92768 5.41831 306.647
142500 1.83882 1.70141 1.96255 5.50278 306.218
142600 1.90957 1.72522 1.95943 5.59423 300.185
142700 1.90748 1.7323 1.91627 5.55605 286.653
142800 1.96713 1.67631 1.94427 5.58771 276.598
142900 2.00046 1.66859 1.95378 5.62283 271.411
143000 1.99261 1.68617 1.96423 5.64301 284.661
143100 1.98631 1.69961 1.92397 5.60989 299.261
143200 1.97017 1.67887 1.92035 5.56939 298.564
143300 1.97697 1.65119 1.94655 5.57471 307.888
143400 1.97564 1.59306 1.92229 5.49099 308.124
143500 1.94913 1.57515 1.99085 5.51513 291.437
143600 1.93217 1.66665 2.01403 5.61286 291.014
143700 1.90972 1.69766 1.99956 5.60694 294.097
143800 1.93522 1.69255 1.99031 5.61808 303.586
143900 1.95397 1.71431 1.9343 5.60258 308.683
144000 1.93367 1.73447 1.93819 5.60634 308.715
144100 1.85201 1.7383 1.93513 5.52545 295.438
144200 1.77762 1.73074 1.92698 5.43535 287.758
144300 1.78278 1.66034 1.92429 5.36741 290.714
144400 1.82915 1.63115 1.87244 5.33275 300.247
144500 1.8107 1.60059 1.93824 5.34953 307.516
144600 1.82585 1.60472 1.97181 5.40238 305.826
144700 1.83679 1.66481 1.96938 5.47099 289.297
144800 1.85193 1.65328 1.90274 5.40795 283.377
144900 1.84178 1.66152 1.90878 5.41207 283.195
145000 1.8833 1.65083 1.92743 5.46156 299.403
145100 1.8703 1.71447 1.92073 5.50551 307.41
145200 1.85913 1.72629 1.90915 5.49458 310.01
145300 1.87518 1.70008 1.9604 5.53566 300.866
145400 1.87164 1.64987 1.98661 5.50812 285.543
145500 1.93056 1.65332 2.01827 5.60216 293.162
145600 1.98018 1.65899 2.04336 5.68253 297.782
145700 1.99687 1.67654 2.00305 5.67646 298.874
145800 2.04032 1.70824 1.99154 5.74011 305.443
145900 2.07141 1.71002 1.97466 5.75609 292.825
146000 2.04782 1.69555 1.95323 5.6966 279.038
146100 1.9909 1.68603 1.92679 5.60372 292.768
146200 1.91279 1.66197 1.9155 5.49026 299.924
146300 1.89065 1.6567 1.95158 5.49893 302.674
146400 1.83347 1.6211 1.92756 5.38213 306.508
146500 1.81327 1.63476 1.94101 5.38903 288.978
146600 1.80137 1.65466 2.01128 5.46731 303.431
146700 1.78782 1.6913 1.99386 5.47298 315.613
146800 1.84155 1.70715 1.97876 5.52746 314.987
146900 1.90623 1.74106 1.96347 5.61076 300.371
147000 1.91191 1.75537 1.95587 5.62316 296.078
147100 1.88183 1.77155 1.95367 5.60705 300.58
147200 1.90166 1.75054 1.96447 5.61668 297.74
147300 1.9249 1.71735 1.95216 5.5944 292.121
147400 1.89682 1.67729 1.99726 5.57138 291.05
147500 1.89738 1.70567 1.99139 5.59445 301.5
147600 1.92583 1.67878 1.97717 5.58178 300.746
147700 1.94585 1.65089 1.96829 5.56503 317.803
147800 2.00182 1.60505 1.99722 5.60409 294.549
147900 1.97123 1.63907 1.94422 5.55452 294.566
148000 1.95049 1.65343 1.9327 5.53661 293.201
148100 1.90957 1.62856 1.95248 5.49061 299.434
148200 1.98977 1.63234 1.93135 5.55346 309.225
148300 1.99629 1.62119 1.97157 5.58905 304.559
148400 1.98322 1.61839 2.01432 5.61593 293.087
148500 1.94411 1.67223 1.98125 5.5976 285.23
148600 1.9068 1.6152 1.91401 5.43602 296.336
148700 1.84832 1.57232 1.89338 5.31402 296.481
148800 1.79886 1.62872 1.88351 5.31109 306.099
148900 1.82961 1.68185 1.90854 5.42 307.955
149000 1.86976 1.72392 1.95403 5.54771 292.873
149100 1.92673 1.72955 1.97297 5.62925 296.326
149200 1.90744 1.71257 1.95565 5.57567 291.828
149300 1.86534 1.67514 1.94423 5.48471 297.265
149400 1.81818 1.65816 1.97343 5.44977 309.034
149500 1.84443 1.67058 1.98008 5.49509 308.328
149600 1.848 1.63231 1.96057 5.44087 286.758
149700 1.88141 1.58579 1.94476 5.41197 289.672
149800 1.89202 1.61089 1.92493 5.42784 299.061
149900 1.9327 1.59887 1.94764 5.47921 297.826
150000 1.9073 1.60642 1.91445 5.42817 314.516
150100 1.8904 1.6117 1.92463 5.42673 298.838
150200 1.89376 1.61447 1.95168 5.45991 291.897
150300 1.88166 1.66379 1.94967 5.49512 289.107
150400 1.85474 1.66996 1.94045 5.46516 306.095
150500 1.87762 1.66405 1.92069 5.46236 307.171
150600 1.90148 1.65822 1.91831 5.47801 307.88
150700 1.92773 1.62289 1.9116 5.46222 305.289
150800 1.91181 1.63874 1.9025 5.45305 288.234
150900 1.88706 1.66353 1.87664 5.42724 293.731
151000 1.86518 1.65473 1.92855 5.44847 294.14
151100 1.90829 1.64867 1.96333 5.52029 299.916
151200 1.89496 1.64139 2.01488 5.55123 309.031
151300 1.85063 1.65795 2.01522 5.52379 308.622
151400 1.83034 1.64679 1.95962 5.43676 301.784
151500 1.8194 1.63379 1.95691 5.4101 289.185
151600 1.82926 1.64613 1.92913 5.40453 295.132
151700 1.84329 1.64569 1.93364 5.42262 299.548
151800 1.84164 1.64432 1.92264 5.40859 308.405
151900 1.86187 1.65679 1.92167 5.44034 318.14
152000 1.96419 1.67162 1.95498 5.59079 301.125
152100 2.01825 1.67415 1.95255 5.64496 294.815
152200 2.00281 1.65992 1.95057 5.61329 296.978
152300 1.96126 1.6559 1.94437 5.56153 308.692
152400 1.97913 1.67795 1.98912 5.6462 311.229
152500 1.96077 1.63158 2.01487 5.60722 314.054
152600 1.9277 1.65075 2.03923 5.61767 304.333
152700 1.89183 1.70987 2.02731 5.62901 294.837
152800 1.85478 1.70349 2.02115 5.57941 294.313
152900 1.86708 1.65726 2.00139 5.52574 299.428
153000 1.85263 1.68212 1.94461 5.47936 315.632
153100 1.83135 1.66573 1.91242 5.4095 320.36
153200 1.83861 1.58112 1.87929 5.29902 303.594
153300 1.8224 1.5696 1.8646 5.2566 303.553
153400 1.81092 1.58568 1.91718 5.31378 296.347
153500 1.82047 1.60066 1.95945 5.38058 293.475
153600 1.83999 1.65733 1.92142 5.41874 294.102
153700 1.85643 1.64825 1.94078 5.44546 314.099
153800 1.91891 1.62984 1.97264 5.52139 310.365
153900 1.90631 1.70268 1.9958 5.60479 300.343
154000 1.87198 1.73318 1.97325 5.57841 291.6
154100 1.87348 1.69331 1.91706 5.48385 294.169
154200 1.91184 1.70901 1.92123 5.54208 300.453
154300 1.92083 1.75136 1.94969 5.62187 304.474
154400 1.99159 1.72248 1.9289 5.64298 305.199
154500 1.99761 1.71636 1.9663 5.68027 319.456
154600 1.98657 1.70564 1.97982 5.67203 311.365
154700 1.9895 1.70344 1.96036 5.65331 296.124
154800 1.96454 1.66924 1.9328 5.56657 294.519
154900 1.90034 1.634 1.92908 5.46341 299.033
155000 1.8708 1.58826 1.90696 5.36602 304.142
155100 1.84397 1.60093 1.94128 5.38619 325.304
155200 1.82019 1.60456 1.92952 5.35428 309.476
155300 1.86278 1.60057 1.88295 5.34631 299.366
155400 1.84401 1.67723 1.92572 5.44695 295.1
155500 1.79799 1.71007 1.98213 5.4902 305.881
155600 1.77425 1.68464 1.94262 5.40151 304.974
155700 1.80395 1.65648 1.93593 5.39636 300.277
155800 1.83611 1.66642 1.97035 5.47288 285.883
155900 1.83236 1.69823 1.95863 5.48921 284.707
156000 1.84094 1.66846 1.94921 5.45862 313.64
156100 1.86816 1.63128 1.93565 5.43509 304.051
156200 1.91715 1.61717 1.97783 5.51215 294.458
156300 1.96033 1.62233 2.00037 5.58303 301.877
156400 2.00656 1.63439 1.93868 5.57963 309.17
156500 2.02919 1.6339 1.9675 5.63058 306.616
156600 2.04075 1.66836 1.9879 5.69701 308.357
156700 2.06321 1.71183 1.92654 5.70158 302.087
156800 2.01516 1.68528 1.94233 5.64277 284.006
156900 1.9319 1.69226 1.94765 5.5718 299.926
157000 1.94265 1.75098 1.95993 5.65356 304.036
157100 1.90934 1.73648 1.95341 5.59922 308.432
157200 1.91048 1.75055 1.97246 5.63348 300.827
157300 1.94978 1.77221 2.00897 5.73097 297.356
157400 1.88978 1.7409 2.04522 5.67591 303.171
157500 1.84843 1.70108 2.01218 5.56169 302.796
157600 1.84526 1.67594 1.9443 5.4655 292.976
157700 1.83225 1.61861 1.9517 5.40256 291.698
157800 1.86014 1.61258 1.91875 5.39147 300.484
157900 1.86737 1.6172 1.92586 5.41043 301.026
158000 1.8709 1.64785 1.93463 5.45338 306.099
158100 1.85056 1.6591 1.93451 5.44416 317.764
158200 1.88084 1.6616 1.97194 5.51437 293.187
158300 1.85298 1.6691 1.9596 5.48167 296.72
158400 1.86702 1.66767 1.94039 5.47508 293.31
158500 1.87625 1.70616 1.93951 5.52192 311.55
158600 1.89531 1.69467 1.94921 5.53918 306.623
158700 1.87704 1.6888 1.94069 5.50653 302.898
158800 1.88458 1.69346 1.98363 5.56167 290.13
158900 1.91459 1.74057 1.99957 5.65473 295.663
159000 1.94842 1.72669 1.9484 5.62351 297.023
159100 1.96482 1.66413 1.88175 5.5107 310.296
159200 1.94692 1.6214 1.91312 5.48145 315.964
159300 1.90806 1.62231 1.93557 5.46594 302.452
159400 1.86355 1.59838 1.92275 5.38468 305.565
159500 1.85407 1.58849 1.94715 5.38971 295.488
159600 1.87706 1.57886 1.958 5.41391 287.09
159700 1.85014 1.55745 1.98555 5.39313 301.245
159800 1.80294 1.60455 1.96388 5.37137 304.022
159900 1.82379 1.62787 1.94105 5.39271 298.639
160000 1.88364 1.623 1.9661 5.47274 295.384
160100 1.90895 1.6303 1.97321 5.51246 309.819
160200 1.93381 1.68455 1.9118 5.53017 314.734
160300 1.97934 1.68753 1.92222 5.58909 297.448
160400 1.97972 1.65594 1.97478 5.61044 289.815
160500 1.96316 1.65296 1.99212 5.60824 293.805
160600 1.9162 1.6397 1.92272 5.47862 300.57
160700 1.85774 1.61285 1.84994 5.32053 306.245
160800 1.86693 1.5898 1.89943 5.35616 304.155
160900 1.88645 1.63206 1.94347 5.46199 293.773
161000 1.88599 1.66053 1.98998 5.5365 290.291
161100 1.89085 1.64222 2.02301 5.55608 293.967
161200 1.9296 1.60489 1.9419 5.4764 305.256
161300 1.93847 1.62345 1.91415 5.47606 308.485
161400 1.83169 1.65515 1.90244 5.38928 298.468
161500 1.8455 1.69112 1.97063 5.50725 298.799
161600 1.88611 1.7324 1.95399 5.57251 299.689
161700 1.91248 1.72725 1.92577 5.5655 298.065
161800 1.94153 1.69925 1.94621 5.58699 303.637
161900 1.89917 1.74089 1.94444 5.58451 312.452
162000 1.86308 1.73301 1.95698 5.55308 309.951
162100 1.84591 1.65785 1.92367 5.42743 302.06
162200 1.80997 1.62441 1.93095 5.36533 285.658
162300 1.80467 1.65552 1.90379 5.36398 293.955
162400 1.93799 1.69191 1.91159 5.54149 296.064
162500 2.01214 1.72495 1.88522 5.62231 303.49
162600 2.00707 1.71969 1.9026 5.62936 310.538
162700 1.95983 1.70529 1.93317 5.59829 305.514
162800 1.91079 1.68556 1.94948 5.54582 284.9
162900 1.84144 1.6608 1.97981 5.48205 285.349
163000 1.86477 1.6272 1.96105 5.45302 291.871
163100 1.85831 1.61521 1.99314 5.46666 309.516
163200 1.89726 1.57811 1.97411 5.44947 308.775
163300 1.89235 1.58751 1.98175 5.4616 301.932
163400 1.85976 1.60816 1.95546 5.42338 297.559
163500 1.87153 1.58589 1.93148 5.3889 285.235
163600 1.89353 1.65425 1.94721 5.49499 296.545
163700 1.93456 1.63237 1.9456 5.51253 302.055
163800 1.95164 1.63331 1.95947 5.54442 297.606
163900 1.95444 1.66204 2.02327 5.63974 292.941
164000 1.9484 1.69993 2.0192 5.66754 311.554
164100 1.919 1.68709 2.02968 5.63577 320.165
164200 1.87594 1.67681 1.9869 5.53965 326.045
164300 1.85182 1.67342 1.94305 5.4683 309.25
164400 1.86908 1.72069 1.94767 5.53744 299.302
164500 1.85434 1.74187 1.93457 5.53077 295.624
164600 1.90943 1.68278 1.93348 5.52568 293.188
164700 1.94086 1.65064 1.94627 5.53777 304.585
164800 1.93207 1.64573 1.92506 5.50285 310.32
164900 1.89565 1.65747 1.96134 5.51445 309.479
165000 1.8959 1.63737 1.96047 5.49374 291.326
165100 1.8394 1.62115 1.96208 5.42264 293.638
165200 1.81286 1.62251 1.9984 5.43377 297.185
165300 1.8761 1.64128 1.97414 5.49152 304.61
165400 1.91355 1.68123 1.96255 5.55733 311.27
165500 1.92231 1.70585 1.98068 5.60885 301.939
165600 1.91208 1.67466 2.00792 5.59466 286.43
165700 1.92152 1.647 1.96356 5.53208 285.376
165800 1.9509 1.66588 1.94362 5.56039 298.761
165900 1.90581 1.66221 1.91785 5.48587 308.911
166000 1.88491 1.66241 1.92315 5.47046 308.199
166100 1.88756 1.65901 1.91296 5.45953 288.003
166200 1.89106 1.68454 1.93454 5.51014 289.807
166300 1.92797 1.69496 1.95566 5.57859 293.386
166400 1.92543 1.61174 1.88689 5.42406 301.417
166500 1.86554 1.541 1.84596 5.2525 304.798
166600 1.86239 1.53818 1.84655 5.24711 297.528
166700 1.85674 1.55859 1.89123 5.30656 288.247
166800 1.86164 1.60635 1.90421 5.3722 288.511
166900 1.88794 1.65553 1.87317 5.41664 290.197
167000 1.85737 1.66833 1.91392 5.43962 304.56
167100 1.91228 1.64644 1.94595 5.50467 310.775
167200 1.91442 1.68265 1.97293 5.57 294.745
167300 1.93508 1.71073 1.96312 5.60892 281.527
167400 1.95107 1.6995 1.94532 5.59589 282.828
167500 1.91957 1.68292 1.90655 5.50903 308.578
167600 1.81968 1.67728 1.92587 5.42284 301.427
167700 1.80472 1.66822 1.92875 5.40169 307.137
167800 1.85726 1.62382 1.8907 5.37178 291.766
167900 1.84021 1.59778 1.8845 5.3225 288.793
168000 1.86171 1.60247 1.9369 5.40108 294.923
168100 1.86338 1.63934 1.99824 5.50096 307.93
168200 1.88557 1.62362 2.04075 5.54994 315.578
168300 1.9452 1.67932 2.03877 5.66329 308.992
168400 1.99891 1.68101 1.99086 5.67079 295.349
168500 1.96693 1.66129 1.96063 5.58885 302.44
168600 1.91044 1.68461 1.93625 5.53129 308.31
168700 1.90397 1.71932 1.97913 5.60242 279.42
168800 1.89445 1.72352 1.99815 5.61612 289.448
168900 1.9295 1.69641 1.97773 5.60364 293.117
169000 1.9216 1.67775 1.96711 5.56645 301.743
169100 1.97851 1.64972 2.00328 5.63152 298.901
169200 2.00209 1.66684 2.04685 5.71579 295.564
169300 1.95275 1.6574 2.03239 5.64253 302.898
169400 1.88056 1.63281 1.99089 5.50427 314.283
169500 1.87245 1.6321 2.00487 5.50941 307.968
169600 1.90285 1.61106 2.01848 5.53239 293.362
169700 1.93222 1.61731 1.99929 5.54882 291.273
169800 1.98943 1.64012 1.94835 5.5779 298.023
169900 2.05345 1.63877 1.98548 5.6777 294.054
170000 1.99796 1.63392 1.99893 5.63081 299.798
170100 1.90152 1.6097 1.97765 5.48887 304.414
170200 1.80717 1.56464 1.97629 5.3481 302.273
170300 1.78485 1.55 1.96496 5.29981 293.251
170400 1.82889 1.5938 1.96941 5.39211 292.868
170500 1.81015 1.6508 1.98101 5.44196 324.119
170600 1.86478 1.67642 1.96135 5.50255 309.847
170700 1.91817 1.71811 1.95086 5.58714 298.716
170800 1.9162 1.70464 1.94491 5.56575 294.518
170900 1.94707 1.69929 1.92847 5.57483 288.264
171000 1.99659 1.67955 1.99576 5.67189 303.159
171100 1.94678 1.64618 2.02537 5.61833 315.903
171200 1.91143 1.63816 2.0445 5.5941 306.559
171300 1.83996 1.5988 2.04128 5.48005 299.185
171400 1.8323 1.55637 2.015 5.40367 295.798
171500 1.81006 1.53806 1.94189 5.29001 303.132
171600 1.83048 1.52099 1.90594 5.25741 313.899
171700 1.84636 1.53567 1.95798 5.34001 320.36
171800 1.8454 1.55952 1.96885 5.37376 306.687
171900 1.82218 1.59273 1.92881 5.34372 300.397
172000 1.87384 1.62919 1.94837 5.4514 294.801
172100 1.92298 1.66778 2.00058 5.59133 299.673
172200 1.96452 1.71306 2.013 5.69058 308.277
172300 1.95584 1.6866 2.00774 5.65018 318.204
172400 1.92804 1.66677 1.9224 5.51722 299.893
172500 1.87967 1.68115 1.91544 5.47626 292.996
172600 1.88019 1.70457 1.91611 5.50087 299.32
172700 1.90146 1.67425 1.9638 5.53951 307.409
172800 1.97371 1.60988 2.0236 5.60719 299.681
172900 1.9751 1.60702 1.99231 5.57443 292.351
173000 1.88569 1.57996 1.96322 5.42887 284.977
173100 1.82613 1.54734 1.94699 5.32046 289.509
173200 1.79197 1.5688 1.9222 5.28296 307.13
173300 1.80263 1.58101 1.9564 5.34004 304.699
173400 1.83268 1.61286 1.9442 5.38974 298.472
173500 1.91041 1.63102 1.99947 5.54091 288.791
173600 1.96116 1.61563 2.00398 5.58077 292.633
173700 1.96339 1.64701 2.03328 5.64369 301.586
173800 1.98176 1.65001 2.00949 5.64127 310.818
173900 1.92586 1.65512 1.97894 5.55992 306.555
174000 1.93065 1.61935 1.95169 5.50169 298.077
174100 1.93747 1.61922 1.9168 5.47349 286.32
174200 1.96339 1.64202 1.94197 5.54737 293.975
174300 1.92943 1.63293 2.03048 5.59283 295.852
174400 1.8821 1.63913 2.04102 5.56226 304.999
174500 1.88945 1.64128 2.02346 5.55419 305.815
174600 1.89814 1.58212 1.99499 5.47525 305.347
174700 1.91422 1.58552 1.92685 5.42659 286.228
174800 1.85623 1.58803 1.91126 5.35551 295.274
174900 1.86265 1.58776 1.89319 5.34361 300.166
175000 1.81079 1.57853 1.91951 5.30883 311.628
175100 1.84642 1.60347 1.9928 5.44269 306.938
175200 1.88373 1.62591 1.99337 5.50301 303.967
175300 1.95191 1.63105 2.00094 5.5839 297.26
175400 1.99352 1.62641 1.98002 5.59995 298.436
175500 1.97398 1.65659 1.98271 5.61327 295.333
175600 1.9423 1.66234 1.9527 5.55734 311.819
175700 1.90655 1.62551 1.92471 5.45677 315.539
175800 1.85669 1.61943 1.96873 5.44486 310.56
175900 1.84812 1.60387 1.96563 5.41762 297.357
176000 1.89125 1.59699 1.97471 5.46295 285.065
176100 1.88102 1.60687 2.01388 5.50176 297.661
176200 1.86831 1.61479 1.97329 5.45639 316.029
176300 1.84237 1.57001 1.98494 5.39732 306.433
176400 1.78599 1.54271 1.94403 5.27273 300.395
176500 1.81141 1.51349 1.9208 5.2457 296.357
176600 1.87887 1.53238 1.96975 5.381 305.277
176700 1.92741 1.56912 2.00113 5.49766 299.44
176800 1.93412 1.61214 1.96439 5.51065 280.742
176900 1.90294 1.62482 1.96015 5.4879 289.558
177000 1.88725 1.64513 1.95926 5.49164 299.421
177100 1.87755 1.68783 1.92807 5.49345 306.65
177200 1.83481 1.69311 1.90134 5.42926 306.799
177300 1.83376 1.71297 1.92182 5.46856 296.481
177400 1.88051 1.72748 1.94555 5.55354 292.217
177500 1.96278 1.66378 1.94948 5.57604 297.749
177600 1.96092 1.63189 1.97056 5.56337 292.174
177700 1.9003 1.61575 1.99358 5.50964 311.859
177800 1.87205 1.62476 1.96615 5.46297 303.192
177900 1.87369 1.53756 1.93958 5.35083 294.666
178000 1.87606 1.43634 1.92461 5.23701 295.821
178100 1.88763 1.47925 1.92471 5.29158 296.068
178200 1.88397 1.49368 1.94161 5.31925 305.165
178300 1.87395 1.48758 1.94392 5.30545 304.861
178400 1.8536 1.50995 1.96296 5.32651 311.972
178500 1.81517 1.57025 1.9411 5.32651 299.763
178600 1.8304 1.66527 1.98165 5.47731 294.553
178700 1.85083 1.7266 1.95456 5.532 294.666
178800 1.86452 1.68089 1.93818 5.48358 302.382
178900 1.91183 1.6821 1.9138 5.50772 306.516
179000 1.94833 1.70668 1.99744 5.65245 310.94
179100 1.96118 1.72209 2.06778 5.75105 305.732
179200 2.00328 1.6888 2.0605 5.75259 300.838
179300 2.05557 1.64633 2.01371 5.71561 301.058
179400 1.97699 1.58397 2.00691 5.56788 295.324
179500 1.95234 1.57421 1.96897 5.49553 291.474
179600 1.90843 1.56851 1.92463 5.40157 287.867
179700 1.89983 1.54104 1.96926 5.41013 287.745
179800 1.87693 1.51338 1.98771 5.37801 307.315
179900 1.87481 1.52904 2.01068 5.41454 306.25
180000 1.88291 1.58385 2.00021 5.46698 297.674
180100 1.94486 1.61977 2.00035 5.56498 288.465
180200 1.92871 1.63492 1.99818 5.56181 289.083
180300 1.9063 1.60985 1.96333 5.47947 276.622
180400 1.92794 1.63315 2.00241 5.56349 286.236
180500 1.96612 1.66474 2.07759 5.70845 302.891
180600 2.01636 1.72178 2.05222 5.79036 300.256
180700 2.05044 1.71473 2.03627 5.80143 304.869
180800 2.00632 1.7309 1.95187 5.68909 304.341
180900 1.89674 1.69408 1.94002 5.53084 287.323
181000 1.85312 1.66868 1.91322 5.43502 289.298
181100 1.83591 1.63498 1.92461 5.39551 303.083
181200 1.82773 1.59843 1.93524 5.3614 297.315
181300 1.84641 1.63505 1.95988 5.44134 313.596
181400 1.8577 1.63509 1.98683 5.47961 304.272
181500 1.84459 1.62791 1.99501 5.46751 307.03
181600 1.93191 1.61576 2.00461 5.55228 295.355
181700 1.99534 1.60425 1.99469 5.59428 290.642
181800 1.96205 1.62168 1.93802 5.52174 299.552
181900 1.96789 1.63303 1.92124 5.52217 308.956
182000 1.96427 1.64269 1.97606 5.58301 310.542
182100 1.98053 1.68884 2.02283 5.6922 298.432
182200 2.00024 1.68368 1.99254 5.67646 294.901
182300 1.99409 1.68669 1.98399 5.66477 288.156
182400 2.02037 1.69184 2.00989 5.7221 303.646
182500 2.04327 1.69067 2.03416 5.7681 297.757
182600 1.99165 1.62467 2.02242 5.63873 310.901
182700 1.87933 1.60708 1.98767 5.47409 306.062
182800 1.81784 1.62617 1.98862 5.43264 298.666
182900 1.81016 1.64455 1.99956 5.45426 299.213
183000 1.87781 1.65091 1.94718 5.4759 294.019
183100 1.86643 1.66183 1.90606 5.43432 302.068
183200 1.85344 1.67514 1.90975 5.43833 307.884
183300 1.86126 1.69327 1.89582 5.45035 305.075
183400 1.86199 1.67259 1.92794 5.46253 298.01
183500 1.89744 1.67592 1.95654 5.5299 292.316
183600 1.93441 1.68321 2.01064 5.62826 293.275
183700 1.96268 1.67197 2.01383 5.64847 301.334
183800 1.92656 1.67625 2.01034 5.61316 303.114
183900 1.89264 1.66281 2.00989 5.56533 299.868
184000 1.91897 1.66002 2.02267 5.60166 303.047
184100 1.90444 1.62788 2.00774 5.54006 295.416
184200 1.90441 1.63118 1.97368 5.50927 288.135
184300 1.93686 1.67465 1.98783 5.59935 286.783
184400 1.91643 1.6707 1.99001 5.57714 289.976
184500 1.99019 1.68474 2.04656 5.7215 299.892
184600 2.05652 1.74709 2.10442 5.90803 314.59
184700 2.0516 1.76621 2.10324 5.92106 295.734
184800 2.06946 1.72429 2.03225 5.826 295.053
184900 2.01205 1.64828 1.97567 5.63599 287.655
185000 2.01051 1.63354 1.96647 5.61052 285.867
185100 2.00072 1.62929 1.94648 5.57649 306.11
185200 1.95072 1.65204 1.93162 5.53437 305.338
185300 1.93418 1.69036 1.98281 5.60735 306.83
185400 1.90225 1.6838 1.97464 5.56069 289.88
185500 1.87953 1.66087 1.94082 5.48122 285.086
185600 1.84204 1.69141 1.95237 5.48582 287.216
185700 1.82933 1.69515 1.95345 5.47793 294.403
185800 1.88995 1.71456 1.95222 5.55672 298.958
185900 1.91183 1.7286 1.98025 5.62067 306.24
186000 1.95612 1.71487 2.02234 5.69333 307.883
186100 1.93719 1.68676 2.01427 5.63822 312.803
186200 1.9254 1.67014 1.9885 5.58404 290.304
186300 1.89786 1.62561 1.98489 5.50836 287.768
186400 1.8675 1.61375 1.95721 5.43846 302.677
186500 1.86053 1.63296 1.95482 5.44831 309.032
186600 1.9249 1.66076 1.98153 5.56719 306.414
186700 1.92046 1.68297 1.98172 5.58515 300.623
186800 1.89661 1.7154 1.95983 5.57184 287.164
186900 1.86407 1.74877 1.95236 5.5652 275.47
187000 1.89094 1.7946 1.98688 5.67241 276.024
187100 1.89147 1.82275 1.97558 5.6898 291.938
187200 1.88471 1.80407 1.98566 5.67444 301.882
187300 1.90623 1.81741 1.99245 5.7161 307.091
187400 1.92665 1.82679 2.05851 5.81195 308.592
187500 1.9419 1.7814 2.05519 5.77849 295.913
187600 1.92658 1.71402 2.0031 5.6437 286.035
187700 1.8972 1.60815 1.92179 5.42714 289.914
187800 1.89137 1.58761 1.95232 5.4313 295.605
187900 1.92762 1.60416 1.96203 5.49381 299.979
188000 1.92976 1.57856 1.99065 5.49897 306.32
188100 1.93995 1.56319 2.01828 5.52143 299.175
188200 1.91981 1.61437 1.98255 5.51672 292.878
188300 1.93431 1.67602 1.99298 5.60331 281.584
188400 1.90208 1.66984 1.97253 5.54445 294.078
188500 1.91127 1.69854 1.98642 5.59623 297.233
188600 1.91824 1.71862 1.95687 5.59374 304.218
188700 1.93173 1.74359 1.9247 5.60002 302.45
188800 1.9329 1.71127 1.98328 5.62745 308.427
188900 1.90548 1.68152 2.0112 5.5982 312.089
189000 1.89845 1.69403 2.03821 5.63068 307.44
189100 1.90772 1.72719 1.98603 5.62094 305.409
189200 1.90545 1.68651 1.94194 5.5339 284.79
189300 1.85684 1.63223 1.95591 5.44497 293.878
189400 1.87339 1.63029 1.97979 5.48348 297.61
189500 1.88634 1.67005 1.9816 5.53799 305.236
189600 1.8869 1.6642 2.0056 5.55669 312.048
189700 1.90681 1.72927 1.96567 5.60174 291.163
189800 1.90131 1.74577 1.96541 5.61249 291.562
189900 1.9467 1.81151 1.96669 5.72489 298.231
190000 1.9214 1.78421 1.95733 5.66294 310.22
190100 1.89394 1.78359 1.98301 5.66055 311.089
190200 1.92214 1.77043 1.966 5.65857 302.48
190300 1.87768 1.74377 1.97451 5.59596 295.615
190400 1.86222 1.72713 2.00478 5.59413 287.221
190500 1.87772 1.69364 2.01865 5.59001 303.288
190600 1.94047 1.66373 2.06134 5.66554 316.594
190700 1.93117 1.64472 2.02436 5.60025 312.006
190800 1.93891 1.62347 2.0217 5.58408 298.475
190900 1.89242 1.63154 2.03069 5.55465 296.036
191000 1.89414 1.69013 1.98545 5.56972 294.638
191100 1.95669 1.66098 2.00582 5.62349 306.9
191200 1.98557 1.6593 2.02348 5.66835 318.481
191300 1.96663 1.69082 1.98489 5.64234 326.136
191400 1.91955 1.73524 1.98509 5.63988 315.948
191500 1.87338 1.72095 2.01226 5.60659 303.042
191600 1.86502 1.70522 1.98452 5.55476 302.681
191700 1.87673 1.68906 1.96392 5.52971 294.159
191800 1.88306 1.65302 2.00599 5.54207 288.937
191900 1.86812 1.66693 2.06508 5.60012 300.263
192000 1.82673 1.65634 2.0162 5.49927 309.439
192100 1.84822 1.63163 1.99538 5.47523 307.241
192200 1.92075 1.64515 1.98264 5.54854 298.764
192300 1.89719 1.6512 1.97667 5.52507 292.83
192400 1.88584 1.66877 1.95874 5.51335 288.94
192500 1.91428 1.63603 1.99101 5.54132 307.153
192600 1.93175 1.65442 2.01417 5.60034 292.183
192700 1.94245 1.65186 2.02561 5.61992 304.241
192800 1.90648 1.65386 2.00035 5.56069 310.324
192900 1.92012 1.66326 2.02379 5.60717 303.51
193000 1.90697 1.63361 2.03253 5.57311 284.066
193100 1.83674 1.6268 1.97999 5.44353 294.11
193200 1.82145 1.55737 1.96318 5.34201 303.3
193300 1.83502 1.57494 1.96371 5.37366 311.242
193400 1.86535 1.61947 1.93627 5.42109 302.536
193500 1.84199 1.62137 1.92161 5.38497 306.484
193600 1.84052 1.58602 1.92072 5.34726 298.892
193700 1.82942 1.62103 1.95387 5.40433 300.004
193800 1.83034 1.68262 1.97795 5.49092 279.269
193900 1.82999 1.70714 1.95657 5.4937 277.221
194000 1.84886 1.66355 1.98349 5.49589 284.477
194100 1.9156 1.68971 1.99313 5.59844 294.713
194200 1.96955 1.69812 1.99541 5.66308 307.435
194300 1.99633 1.68986 1.98462 5.6708 304.409
194400 1.98053 1.67866 2.00911 5.6683 300.568
194500 1.99984 1.67428 2.02976 5.70388 293.994
194600 2.01568 1.66695 2.06298 5.74561 285.51
194700 1.9569 1.66508 2.09769 5.71966 296.288
194800 1.90124 1.69489 2.06267 5.6588 308.354
194900 1.93794 1.70175 2.0151 5.65479 306.651
195000 1.95878 1.6803 2.01209 5.65117 299.841
195100 1.96269 1.67088 1.99234 5.62591 290.988
195200 1.9351 1.69577 2.00941 5.64028 295.245
195300 1.93514 1.70542 1.99144 5.632 307.807
195400 1.87934 1.62254 1.98158 5.48345 309.166
195500 1.85659 1.56232 1.98436 5.40326 302.576
195600 1.85099 1.57076 1.9775 5.39926 290.651
195700 1.85033 1.60635 1.99034 5.44702 288.519
195800 1.9074 1.65828 2.01584 5.58153 292.313
195900 1.92354 1.67585 2.00169 5.60108 293.645
196000 1.9362 1.63413 1.97207 5.5424 306.925
196100 1.97464 1.64198 1.98799 5.60461 298.255
196200 1.95646 1.67571 2.01425 5.64643 301.533
196300 1.94155 1.66585 2.04055 5.64796 292.705
196400 1.94275 1.70884 2.01008 5.66167 302.058
196500 1.96222 1.7129 2.02092 5.69604 294.149
196600 1.93999 1.6781 2.0263 5.64439 300.245
196700 1.93263 1.58107 1.98118 5.49488 306.682
196800 1.96577 1.57992 1.95298 5.49867 309.037
196900 1.97623 1.57135 1.94057 5.48815 301.881
197000 1.93339 1.60247 1.95069 5.48655 287.202
197100 1.91271 1.61662 1.97957 5.5089 293.197
197200 1.92194 1.687 1.99084 5.59978 299.799
197300 1.90274 1.72113 1.98394 5.6078 301.214
197400 1.87366 1.67882 1.96679 5.51926 301.984
197500 1.92371 1.67381 1.96383 5.56135 311.461
197600 1.96371 1.68067 1.95309 5.59747 307.742
197700 1.87538 1.63871 1.95403 5.46812 288.21
197800 1.86816 1.64083 1.98393 5.49292 290.528
197900 1.91265 1.60702 1.97795 5.49762 310.067
198000 1.91749 1.59052 1.99303 5.50104 312.075
198100 1.9049 1.57714 1.99494 5.47698 312.58
198200 1.86854 1.58155 2.00524 5.45534 305.161
198300 1.84621 1.5837 1.96104 5.39095 299.354
198400 1.85649 1.56954 1.91837 5.34441 294.2
198500 1.86976 1.6243 1.94996 5.44402 296.991
198600 1.86094 1.66644 1.98762 5.51499 301.848
198700 1.90269 1.6728 2.01252 5.58801 294.124
198800 1.95399 1.68768 2.01273 5.6544 318.009
198900 1.92074 1.70871 1.99136 5.6208 306.666
199000 1.86088 1.70926 1.96707 5.5372 294.602
199100 1.85028 1.65056 1.92233 5.42318 295.372
199200 1.84004 1.59149 1.89888 5.33041 295.963
199300 1.84681 1.59354 1.91735 5.3577 307.643
199400 1.82783 1.63088 1.93444 5.39315 303.884
199500 1.82477 1.6532 1.93735 5.41532 290.718
199600 1.83561 1.65526 1.99243 5.48331 284.024
199700 1.85748 1.64258 1.99639 5.49646 290.129
199800 1.85501 1.65649 1.97935 5.49085 304.518
199900 1.81075 1.65653 2.00572 5.473 303.53
200000 1.79844 1.65916 1.9661 5.4237 305.117
