# Time-averaged data for fix myMSD
# TimeStep MSD_X MSD_Y MSD_Z MSD_Total Temperture
100 0.0120609 0.0126016 0.0134835 0.0381459 185.93
200 0.0643123 0.0537754 0.0697705 0.187858 227.8
300 0.136798 0.120744 0.143127 0.400669 285.074
400 0.194869 0.222472 0.219658 0.636999 316.044
500 0.258905 0.314172 0.273937 0.847014 318.052
600 0.304078 0.379555 0.333056 1.01669 315.902
700 0.30695 0.444913 0.397756 1.14962 325.397
800 0.333238 0.503121 0.456583 1.29294 311.615
900 0.386952 0.555431 0.509531 1.45192 317.361
1000 0.491015 0.638572 0.57188 1.70147 376.809
1100 0.491011 0.697021 0.687023 1.87506 345.018
1200 0.512149 0.706047 0.638042 1.85624 319.005
1300 0.543623 0.670831 0.63394 1.84839 299.99
1400 0.520694 0.666035 0.688805 1.87553 277.395
1500 0.545034 0.69327 0.664277 1.90258 295.305
1600 0.553985 0.746 0.649495 1.94948 290.765
1700 0.604652 0.806455 0.674901 2.08601 308.46
1800 0.601043 0.819287 0.692727 2.11306 307.282
1900 0.609484 0.817537 0.702949 2.12997 318.879
2000 0.614758 0.857626 0.693876 2.16626 303.514
2100 0.623379 0.890527 0.682005 2.19591 314.599
2200 0.635133 0.934363 0.72769 2.29719 307.637
2300 0.596076 0.97141 0.817041 2.38453 312.613
2400 0.621703 0.935869 0.883847 2.44142 300.752
2500 0.636363 0.976999 0.979904 2.59327 314.765
2600 0.622047 1.01102 1.04335 2.67643 308.078
2700 0.595933 0.986605 1.04855 2.63109 326.378
2800 0.634422 0.921178 0.937998 2.4936 324.368
2900 0.746287 0.912674 0.907236 2.5662 302.528
3000 0.862974 0.908198 0.906827 2.678 308.23
3100 0.89784 0.952397 0.885907 2.73614 325.76
3200 0.933707 1.07124 0.855917 2.86087 311.872
3300 0.995803 1.08804 0.98332 3.06716 295.661
3400 1.01073 1.08384 1.05612 3.15068 301.808
3500 1.0171 1.12795 1.07214 3.21719 299.325
3600 0.969218 1.16188 1.0994 3.2305 296.811
3700 0.968722 1.2761 1.14837 3.3932 283.851
3800 1.0026 1.44422 1.10082 3.54763 305.897
3900 1.02801 1.49424 1.09096 3.6132 305.141
4000 1.01124 1.59079 1.22651 3.82854 294.019
4100 0.961574 1.594 1.14719 3.70277 298.7
4200 0.985006 1.64317 1.19983 3.828 297.965
4300 0.993158 1.52617 1.24148 3.7608 317.864
4400 0.997106 1.47114 1.16076 3.62901 314.185
4500 1.00861 1.50887 1.20506 3.72255 303.336
4600 1.05509 1.57027 1.20384 3.8292 308.709
4700 1.09051 1.47509 1.17863 3.74422 299.636
4800 1.0499 1.46256 1.29775 3.81021 298.029
4900 1.08245 1.45799 1.32233 3.86277 294.247
5000 1.07212 1.52785 1.22329 3.82327 310.189
5100 1.03537 1.6225 1.13529 3.79316 315.31
5200 0.996966 1.61204 1.14437 3.75337 301.467
5300 0.985059 1.59357 1.18451 3.76314 292.148
5400 0.961594 1.54317 1.2937 3.79847 285.674
5500 0.938458 1.52347 1.28687 3.7488 306.121
5600 0.952779 1.58636 1.29635 3.83549 304.989
5700 0.915836 1.54687 1.36585 3.82855 301.177
5800 0.892126 1.60712 1.34393 3.84318 307.853
5900 0.907048 1.62099 1.37339 3.90142 328.481
6000 0.921989 1.62075 1.35583 3.89857 310.096
6100 0.972605 1.68684 1.37512 4.03457 300.638
6200 0.992614 1.7045 1.3454 4.04251 295.697
6300 1.0252 1.71444 1.41128 4.15093 295.159
6400 1.04658 1.72964 1.3536 4.12982 290.99
6500 1.03456 1.77086 1.39873 4.20415 331.034
6600 1.00752 1.77573 1.38018 4.16343 311.717
6700 0.96038 1.78669 1.40345 4.15053 306.739
6800 0.965574 1.6904 1.45525 4.11123 305.308
6900 0.958195 1.62737 1.4088 3.99436 284.51
7000 0.96935 1.64835 1.45241 4.07011 295.888
7100 0.980233 1.72501 1.3845 4.08974 325.897
7200 0.968268 1.67851 1.37475 4.02153 308.936
7300 0.989776 1.74953 1.44071 4.18001 308.103
7400 1.03275 1.76756 1.51931 4.31962 307.167
7500 1.03928 1.70647 1.49696 4.24272 303.211
7600 1.11764 1.70429 1.54966 4.37158 297.232
7700 1.14474 1.68501 1.55299 4.38274 303.46
7800 1.21926 1.73896 1.50272 4.46095 283.48
7900 1.29522 1.76605 1.4727 4.53397 291.528
8000 1.33541 1.82186 1.56958 4.72685 312.987
8100 1.31861 1.78761 1.63549 4.74171 306.366
8200 1.3102 1.73731 1.62088 4.6684 319.603
8300 1.35883 1.74513 1.65258 4.75655 306.633
8400 1.4331 1.82884 1.64736 4.9093 307.543
8500 1.44656 1.9579 1.60415 5.00861 297.617
8600 1.4291 1.91233 1.64115 4.98258 302.174
8700 1.38538 1.84543 1.63405 4.86487 300.934
8800 1.39209 1.81845 1.62858 4.83912 276.407
8900 1.42668 1.85416 1.70205 4.98289 288.403
9000 1.39663 1.85076 1.65508 4.90246 318.089
9100 1.43099 1.85427 1.64617 4.93143 341.846
9200 1.42244 1.94912 1.58179 4.95335 311.12
9300 1.29171 1.97592 1.53245 4.80007 298.896
9400 1.2538 1.93948 1.55628 4.74955 300.692
9500 1.29449 1.96777 1.5746 4.83686 283.321
9600 1.29563 1.9899 1.63638 4.92191 287.975
9700 1.31299 1.98054 1.57081 4.86434 312.022
9800 1.32315 1.99861 1.58166 4.90341 315.001
9900 1.31154 2.02748 1.69812 5.03714 298.992
10000 1.25351 2.04132 1.68317 4.978 294.925
10100 1.20907 2.07138 1.66846 4.94891 294.407
10200 1.20933 2.06803 1.67794 4.95531 309.654
10300 1.24064 1.95658 1.65379 4.85101 333.601
10400 1.27435 1.95288 1.62732 4.85455 313.751
10500 1.31774 1.88791 1.51476 4.7204 316.908
10600 1.37326 1.8899 1.45279 4.71595 319.863
10700 1.39042 1.96112 1.50405 4.85559 319.625
10800 1.43321 1.96116 1.51344 4.9078 301.487
10900 1.4692 1.93502 1.519 4.92321 303.444
11000 1.48284 1.99916 1.49809 4.98009 298.189
11100 1.47559 2.00419 1.41461 4.89438 289.954
11200 1.47113 2.01875 1.35866 4.84854 302.531
11300 1.52248 2.07445 1.39688 4.99382 315.607
11400 1.56827 2.15602 1.44075 5.16505 316.153
11500 1.62847 2.24907 1.48267 5.36021 297.185
11600 1.579 2.30273 1.52266 5.4044 303.041
11700 1.57172 2.32914 1.54949 5.45035 299.169
11800 1.62757 2.26392 1.63841 5.5299 301.02
11900 1.66722 2.31588 1.63855 5.62164 309.678
12000 1.64927 2.4151 1.55545 5.61981 296.71
12100 1.6315 2.47944 1.5615 5.67244 310.823
12200 1.64044 2.68381 1.62004 5.94429 298.5
12300 1.64919 2.80977 1.63614 6.09509 288.129
12400 1.63192 2.77999 1.61508 6.02699 292.265
12500 1.7099 2.69143 1.71971 6.12105 314.941
12600 1.72958 2.67873 1.80299 6.2113 316.994
12700 1.51006 2.79354 1.78304 6.08664 310.234
12800 1.45818 2.97829 1.84408 6.28055 312.154
12900 1.52746 3.14884 1.79535 6.47164 315.393
13000 1.59736 3.1147 1.76642 6.47848 305.058
13100 1.63527 3.16282 1.7411 6.53918 301.624
13200 1.62243 3.15502 1.81258 6.59003 291.992
13300 1.68149 3.22031 1.8445 6.74631 294.836
13400 1.64735 3.34467 1.85979 6.85181 322.197
13500 1.61309 3.20527 1.88577 6.70413 318.496
13600 1.4913 2.96473 1.9181 6.37413 305.67
13700 1.39337 2.87396 1.89986 6.16718 306.406
13800 1.42681 2.96781 1.8845 6.27912 298.418
13900 1.47247 3.0696 1.90118 6.44325 287.353
14000 1.47815 3.07094 1.97113 6.52023 290.851
14100 1.52328 3.116 2.04979 6.68908 310.474
14200 1.41782 2.98285 2.01717 6.41784 311.546
14300 1.34872 3.00753 2.03874 6.395 310.862
14400 1.33998 3.18874 1.98413 6.51284 291.871
14500 1.39667 3.22298 1.9782 6.59784 300.445
14600 1.47237 3.27759 1.99894 6.7489 298.018
14700 1.50624 3.41861 2.03227 6.95712 305.489
14800 1.54 3.48238 2.11891 7.14129 320.411
14900 1.50664 3.30745 2.19669 7.01078 309.41
15000 1.49122 3.30898 2.21406 7.01426 297.607
15100 1.47022 3.24124 2.15774 6.8692 290.393
15200 1.50538 3.25119 2.29112 7.04769 299.076
15300 1.47682 3.26787 2.40039 7.14508 306.862
15400 1.43442 3.2471 2.42816 7.10969 322.622
15500 1.50255 3.25502 2.49984 7.25741 309.27
15600 1.5282 3.14737 2.53723 7.2128 296.763
15700 1.55254 3.1102 2.4942 7.15693 297.576
15800 1.65218 3.11991 2.56044 7.33252 296.827
15900 1.67904 3.20614 2.58254 7.46772 292.07
16000 1.74284 3.2834 2.61914 7.64538 304.394
16100 1.78415 3.29222 2.73686 7.81323 291.215
16200 1.80766 3.22133 2.87631 7.9053 298.095
16300 1.88906 3.45117 2.8752 8.21543 309.211
16400 1.90562 3.43704 2.88952 8.23219 314.126
16500 1.87647 3.56338 2.93327 8.37312 309.518
16600 1.81066 3.57465 2.91464 8.29995 310.956
16700 1.75521 3.59071 2.87853 8.22445 301.075
16800 1.71647 3.47071 2.84178 8.02896 296.195
16900 1.75359 3.34079 2.86383 7.95822 285.879
17000 1.74395 3.24332 2.90582 7.89309 309.001
17100 1.80723 3.2774 2.84512 7.92976 320.06
17200 1.93936 3.34736 2.83122 8.11794 303.382
17300 1.91199 3.37156 2.85902 8.14257 310.533
17400 1.92664 3.55279 2.91155 8.39099 307.072
17500 1.93168 3.6582 3.13278 8.72267 298.779
17600 1.84322 3.58737 3.0933 8.52388 306.522
17700 1.7325 3.52879 3.05425 8.31555 297.451
17800 1.74853 3.41918 3.05602 8.22372 291.87
17900 1.7879 3.40957 3.06612 8.2636 300.697
18000 1.73088 3.33918 3.07756 8.14762 327.888
18100 1.67933 3.36776 3.15165 8.19875 312.946
18200 1.60738 3.38742 3.12693 8.12173 297.555
18300 1.62703 3.42453 3.21815 8.26972 290.977
18400 1.74535 3.47967 3.46314 8.68815 292.219
18500 1.79879 3.54468 3.59557 8.93905 304.362
18600 1.8372 3.6626 3.77905 9.27885 320.793
18700 1.88003 3.67429 3.67105 9.22537 315.829
18800 1.86699 3.6165 3.54749 9.03099 302.208
18900 1.84986 3.58644 3.59265 9.02894 293.831
19000 1.80053 3.68123 3.70506 9.18682 297.738
19100 1.75169 3.61743 3.825 9.19413 324.087
19200 1.8083 3.61683 3.93445 9.35957 319.712
19300 1.91028 3.53784 3.98721 9.43533 295.594
19400 2.05281 3.6905 3.8281 9.57142 304.382
19500 2.03306 3.88729 3.64292 9.56327 292.927
19600 2.04467 3.86094 3.49194 9.39754 298.104
19700 2.03497 3.58132 3.53607 9.15235 281.07
19800 2.01666 3.5029 3.68574 9.20529 299.174
19900 1.95247 3.45693 3.60772 9.01712 323.061
20000 1.89312 3.45241 3.402 8.74752 305.065
20100 1.86722 3.42851 3.35404 8.64976 294.406
20200 1.87397 3.3248 3.53877 8.73753 295.196
20300 1.83495 3.47768 3.50797 8.8206 294.459
20400 1.88295 3.5845 3.39974 8.86719 297.3
20500 1.98567 3.6069 3.28773 8.8803 308.393
20600 2.02497 3.70415 3.16227 8.89138 302.522
20700 2.03322 3.82073 3.00597 8.85991 304.764
20800 2.01186 3.84088 2.94899 8.80172 297.615
20900 1.9971 3.78692 2.9537 8.73773 292.222
21000 2.00388 3.71762 2.96628 8.68778 301.234
21100 1.94751 3.6882 2.98064 8.61636 299.399
21200 1.93155 3.6161 2.93268 8.48032 303.131
21300 1.98536 3.68985 2.95044 8.62565 299.671
21400 1.95713 3.5739 3.05767 8.58869 280.395
21500 1.91344 3.50065 3.07997 8.49406 283.272
21600 1.881 3.55485 3.08338 8.51922 292.44
21700 1.9348 3.62218 3.12918 8.68616 303.719
21800 1.98956 3.56316 3.2425 8.79522 312.855
21900 2.03919 3.53766 3.17333 8.75018 291.199
22000 2.04928 3.47659 3.23301 8.75888 288.68
22100 2.00896 3.64047 3.23244 8.88188 282.495
22200 1.98091 3.70706 3.2438 8.93178 288.085
22300 1.98574 3.65934 3.30264 8.94772 295.69
22400 1.98779 3.67476 3.39073 9.05329 301.18
22500 2.01023 3.64954 3.35868 9.01845 311.769
22600 2.06897 3.66929 3.41154 9.1498 320.943
22700 2.14286 3.76404 3.57246 9.47936 320.604
22800 2.06959 3.72914 3.67993 9.47867 302.784
22900 2.05268 3.85976 3.7118 9.62424 301.55
23000 2.07805 3.69404 3.78383 9.55591 292.062
23100 2.12371 3.67335 3.70986 9.50691 282.092
23200 2.11297 3.65794 3.81857 9.58948 303.165
23300 2.0546 3.67735 3.85303 9.58499 328.031
23400 2.14513 3.60069 3.67827 9.42409 332.578
23500 2.12218 3.62573 3.59256 9.34047 318.068
23600 2.05113 3.67975 3.6411 9.37198 296.395
23700 2.08005 3.63308 3.61282 9.32595 296.369
23800 1.98827 3.66938 3.62706 9.28471 284.632
23900 1.95378 3.71978 3.65166 9.32522 303.761
24000 1.98693 3.90224 3.45566 9.34483 316.48
24100 2.05449 4.0151 3.25677 9.32636 304.554
24200 2.07797 4.05859 3.40101 9.53756 290.2
24300 2.05294 4.06462 3.42826 9.54582 297.882
24400 2.00987 3.82537 3.41215 9.24738 283.592
24500 1.95522 3.78153 3.36811 9.10486 302.13
24600 1.94257 3.76426 3.23815 8.94498 312.648
24700 2.03554 3.79612 3.2355 9.06716 301.3
24800 2.04224 3.8492 3.33198 9.22343 286.245
24900 2.00495 3.92749 3.35301 9.28545 289.021
25000 1.99214 3.96587 3.38862 9.34663 288.19
25100 2.07392 3.94418 3.37007 9.38817 292.644
25200 2.09072 3.75976 3.40634 9.25682 305.242
25300 2.09966 3.64411 3.37805 9.12182 305.536
25400 2.09173 3.62181 3.22129 8.93484 295.381
25500 2.06829 3.67799 3.33733 9.08361 284.497
25600 2.08239 3.7153 3.49231 9.28999 277.265
25700 2.13813 3.69779 3.50571 9.34163 297.286
25800 2.13803 3.68491 3.43296 9.25591 306.581
25900 2.10004 3.69378 3.39543 9.18925 295.732
26000 2.07797 3.76674 3.37467 9.21938 298.189
26100 1.98742 3.79953 3.39676 9.18371 313.547
26200 1.99307 3.82504 3.33744 9.15555 316.968
26300 1.98491 3.79816 3.24763 9.0307 310.634
26400 1.96615 3.79858 3.24626 9.011 286.872
26500 1.94135 3.79941 3.23522 8.97597 299.852
26600 1.93761 3.75744 3.17701 8.87206 296.538
26700 1.96985 3.82988 3.18417 8.9839 300.704
26800 2.04303 3.86863 3.20655 9.11821 313.906
26900 2.04663 3.913 3.28363 9.24326 311.513
27000 2.10743 3.90024 3.38136 9.38902 301.332
27100 2.06853 3.76516 3.33166 9.16534 295.221
27200 2.12605 3.80345 3.32785 9.25735 290.392
27300 2.1265 3.88703 3.36337 9.3769 308.762
27400 2.0999 3.92409 3.27052 9.29451 309.361
27500 2.02739 3.93625 3.22179 9.18544 308.763
27600 2.01562 3.95842 3.18604 9.16009 292.55
27700 2.07169 4.16702 3.22668 9.4654 284.831
27800 2.0347 4.34423 3.29394 9.67287 287.124
27900 2.02783 4.4507 3.39452 9.87305 309.093
28000 2.10429 4.33697 3.39531 9.83657 308.306
28100 2.10215 4.30335 3.32423 9.72973 299.329
28200 2.10345 4.35205 3.39157 9.84707 295.156
28300 2.07328 4.19578 3.46558 9.73464 301.879
28400 2.06525 4.21218 3.56979 9.84722 297.645
28500 2.19601 4.28785 3.46187 9.94573 312.071
28600 2.23415 4.29278 3.4875 10.0144 302.591
28700 2.14235 4.28008 3.59598 10.0184 294.767
28800 2.13365 4.26517 3.45234 9.85116 290.886
28900 2.12788 4.11377 3.37012 9.61178 290.096
29000 2.07989 4.16724 3.24626 9.49339 297.761
29100 2.10834 4.23679 3.26503 9.61016 312.504
29200 2.20167 4.21145 3.38689 9.80001 311.024
29300 2.20601 4.20483 3.4355 9.84635 308.425
29400 2.2293 4.2204 3.46844 9.91814 296.506
29500 2.1659 4.06872 3.4948 9.72942 291.62
29600 2.14034 4.00528 3.69756 9.84317 300.766
29700 2.09644 4.04386 3.61657 9.75687 315.412
29800 2.07768 4.04748 3.50534 9.6305 307.931
29900 2.12133 4.06875 3.51288 9.70296 287.874
30000 2.18693 4.17324 3.50652 9.86668 287.55
30100 2.19306 4.27979 3.52085 9.9937 301.627
30200 2.23099 4.28924 3.50448 10.0247 305.729
30300 2.23866 4.297 3.56904 10.1047 310.645
30400 2.20385 4.34842 3.60079 10.1531 294.274
30500 2.1565 4.35139 3.50014 10.008 283.65
30600 2.12051 4.35446 3.28923 9.7642 283.23
30700 2.04576 4.41847 3.1025 9.56673 301.224
30800 1.99737 4.48753 3.08023 9.56512 298.77
30900 1.89311 4.6512 3.27137 9.81568 303.954
31000 1.98687 4.81574 3.30643 10.109 294.575
31100 1.98264 4.91789 3.28159 10.1821 303.747
31200 1.9336 4.96854 3.21201 10.1142 309.637
31300 1.90129 5.05634 3.30872 10.2663 308.504
31400 1.93877 4.99535 3.38462 10.3187 298.262
31500 1.96053 4.88148 3.38882 10.2308 291.783
31600 2.01239 4.91661 3.46359 10.3926 293.622
31700 2.07118 4.83284 3.54478 10.4488 310.673
31800 2.08103 4.72525 3.60469 10.411 317.625
31900 2.16938 4.72782 3.51668 10.4139 305.482
32000 2.18261 4.69863 3.44543 10.3267 298.623
32100 2.18641 4.65715 3.39009 10.2337 295.611
32200 2.105 4.62435 3.35528 10.0846 293.465
32300 2.06432 4.6182 3.36753 10.0501 310.507
32400 2.03851 4.63174 3.37693 10.0472 331.094
32500 2.01829 4.82193 3.36658 10.2068 302.102
32600 2.07871 4.82465 3.30946 10.2128 296.187
32700 2.09734 4.70156 3.26931 10.0682 296.747
32800 2.02438 4.80446 3.26839 10.0972 295.547
32900 2.01305 4.94228 3.2819 10.2372 318.337
33000 1.97898 5.0823 3.31362 10.3749 314.733
33100 1.98694 5.00969 3.38523 10.3819 305.399
33200 2.05919 4.91066 3.4512 10.421 284.753
33300 1.98299 4.80785 3.55973 10.3506 288.395
33400 2.08586 4.77545 3.56288 10.4242 302.337
33500 2.12415 4.93149 3.53491 10.5906 305.057
33600 2.12869 5.04693 3.46675 10.6424 302.163
33700 2.02692 5.13052 3.41789 10.5753 306.684
33800 1.97965 4.95795 3.37032 10.3079 291.122
33900 1.93118 4.85188 3.38462 10.1677 295.498
34000 1.8876 4.97804 3.39956 10.2652 280.565
34100 1.9587 5.11811 3.4322 10.509 295.948
34200 1.99649 5.15541 3.50694 10.6588 307.741
34300 2.04947 5.15273 3.53027 10.7325 309.981
34400 2.07467 5.18879 3.48944 10.7529 300.812
34500 2.08047 5.12297 3.46457 10.668 283.71
34600 2.04996 5.12079 3.48381 10.6546 285.036
34700 1.97527 5.16631 3.52058 10.6622 298.544
34800 1.90373 5.11572 3.53071 10.5502 307.87
34900 1.8491 4.93607 3.52254 10.3077 299.234
35000 1.77883 4.81315 3.47523 10.0672 299.944
35100 1.76976 4.78311 3.42744 9.98031 277.054
35200 1.76766 4.81613 3.37994 9.96372 280.677
35300 1.81633 4.8069 3.38987 10.0131 289.933
35400 1.89486 4.80394 3.38009 10.0789 298.687
35500 1.95357 4.92069 3.325 10.1993 302.837
35600 2.0182 5.04107 3.30069 10.36 302.289
35700 1.95763 5.05229 3.40185 10.4118 304.376
35800 1.91727 4.91794 3.47089 10.3061 302.307
35900 1.90983 4.84223 3.53232 10.2844 309.115
36000 1.93194 4.93325 3.56812 10.4333 293.364
36100 1.9786 5.01253 3.57194 10.5631 282.002
36200 1.9347 5.12944 3.60006 10.6642 297.254
36300 1.9489 5.12366 3.59465 10.6672 311.74
36400 1.92416 4.89311 3.457 10.2743 306.201
36500 1.86972 4.78464 3.40266 10.057 295.372
36600 1.82069 4.73007 3.30038 9.85114 285.974
36700 1.79339 4.68331 3.35056 9.82726 308.343
36800 1.75606 4.76945 3.3645 9.89001 314.112
36900 1.71248 4.75567 3.37266 9.84081 306.188
37000 1.69278 4.56662 3.36296 9.62236 308.7
37100 1.72949 4.57861 3.39827 9.70637 293.558
37200 1.7473 4.58652 3.25014 9.58396 296.832
37300 1.78006 4.61255 3.3958 9.78841 299.464
37400 1.78349 4.66524 3.47324 9.92198 303.696
37500 1.8522 4.65658 3.52348 10.0323 305.058
37600 1.88077 4.75286 3.52009 10.1537 310.094
37700 1.89585 4.93614 3.50867 10.3407 315.362
37800 1.86658 5.14902 3.42141 10.437 298.184
37900 1.80114 5.02012 3.37114 10.1924 289.216
38000 1.82532 4.76274 3.35894 9.94699 296.911
38100 1.82271 4.66436 3.40857 9.89565 316.776
38200 1.79186 4.59842 3.3642 9.75448 313.577
38300 1.84625 4.72263 3.4615 10.0304 321.835
38400 1.86211 4.82592 3.48559 10.1736 310.773
38500 1.828 4.76855 3.45255 10.0491 293.997
38600 1.85417 4.77345 3.39415 10.0218 292.776
38700 1.87514 4.74298 3.40233 10.0204 305.5
38800 1.85757 4.86216 3.33187 10.0516 307.039
38900 1.84036 4.97183 3.36518 10.1774 303.618
39000 1.87357 5.06926 3.35988 10.3027 304.938
39100 1.88806 5.05581 3.30644 10.2503 292.461
39200 1.83091 5.18128 3.21989 10.2321 285.381
39300 1.83747 5.2436 3.17786 10.2589 296.569
39400 1.79808 5.21421 3.25714 10.2694 310.993
39500 1.80355 5.28862 3.28195 10.3741 316.804
39600 1.80998 5.60602 3.31237 10.7284 300.876
39700 1.80046 5.64595 3.43303 10.8794 279.795
39800 1.77328 5.78642 3.36587 10.9256 294.97
39900 1.81294 5.70046 3.34577 10.8592 307.274
40000 1.8724 5.73863 3.22438 10.8354 306.543
40100 1.87652 5.71667 3.21203 10.8052 293.825
40200 1.86141 5.68707 3.25739 10.8059 276.988
40300 1.90183 5.78695 3.28017 10.969 281.225
40400 1.89198 5.62249 3.31838 10.8329 301.039
40500 1.86101 5.62413 3.26785 10.753 306.571
40600 1.9037 5.5577 3.28822 10.7496 295.606
40700 1.84945 5.71282 3.30096 10.8632 317.02
40800 1.78381 5.69135 3.26804 10.7432 327.055
40900 1.76769 5.72501 3.22544 10.7181 304.961
41000 1.73703 5.72576 3.13271 10.5955 292.665
41100 1.69045 5.84419 3.2448 10.7794 286.355
41200 1.70751 5.81836 3.40838 10.9342 305.803
41300 1.75167 5.59216 3.33442 10.6782 308.571
41400 1.76917 5.2757 3.32151 10.3664 307.075
41500 1.77355 5.28299 3.31797 10.3745 299.14
41600 1.75504 5.36315 3.28557 10.4037 293.089
41700 1.79292 5.37011 3.33433 10.4974 303.527
41800 1.82822 5.51454 3.34502 10.6878 302.32
41900 1.78561 5.83409 3.38937 11.0091 301.391
42000 1.74408 5.98238 3.48381 11.2103 295.594
42100 1.73127 6.01705 3.40639 11.1547 299.844
42200 1.78632 5.9954 3.25605 11.0378 299.089
42300 1.79601 6.00276 3.27637 11.0751 308.902
42400 1.7882 5.85874 3.2385 10.8854 296.545
42500 1.73911 5.75803 3.16599 10.6631 281.271
42600 1.74814 5.61962 3.12042 10.4882 290.331
42700 1.79482 5.5664 3.16588 10.5271 307.782
42800 1.80123 5.66625 3.13555 10.603 310.055
42900 1.7757 5.76004 3.17507 10.7108 300.745
43000 1.70505 5.76831 3.1941 10.6675 295.13
43100 1.67121 5.66179 3.21696 10.55 287.253
43200 1.67687 5.61234 3.25824 10.5475 288.471
43300 1.73571 5.5984 3.37409 10.7082 294.578
43400 1.74281 5.66179 3.53007 10.9347 302.482
43500 1.82786 5.93164 3.60459 11.3641 296.97
43600 1.83827 6.01491 3.74768 11.6009 324.88
43700 1.87724 5.91558 3.70545 11.4983 314.725
43800 1.89651 5.6157 3.51665 11.0289 318.751
43900 1.83798 5.71633 3.40383 10.9581 305.771
44000 1.81717 5.7654 3.39873 10.9813 295.423
44100 1.83866 5.84368 3.4199 11.1022 290.977
44200 1.91744 5.86674 3.29625 11.0804 302.317
44300 1.88997 5.77827 3.26683 10.9351 319.308
44400 1.82811 5.8103 3.28992 10.9283 319.375
44500 1.86948 5.69035 3.34966 10.9095 298.412
44600 1.91006 5.7224 3.27599 10.9085 299.745
44700 1.87193 5.92467 3.32773 11.1243 300.227
44800 1.87557 5.95165 3.23887 11.0661 296.132
44900 1.88445 5.8819 3.19546 10.9618 301.947
45000 1.90273 5.888 3.21631 11.007 316.518
45100 1.80219 5.87679 3.18545 10.8644 314.704
45200 1.73989 5.72546 3.32162 10.787 296.94
45300 1.72138 5.61999 3.28077 10.6221 288.102
45400 1.73951 5.67407 3.18979 10.6034 298.305
45500 1.72884 5.68089 3.28334 10.6931 309.917
45600 1.71713 5.65952 3.335 10.7116 303.901
45700 1.73222 5.65192 3.16435 10.5485 308.549
45800 1.77571 5.68726 3.24063 10.7036 298.453
45900 1.80661 5.76765 3.36387 10.9381 302.867
46000 1.80062 5.81244 3.28805 10.9011 305.646
46100 1.84417 5.84888 3.25421 10.9473 298.134
46200 1.91314 5.80955 3.27074 10.9934 278.728
46300 1.92121 5.94996 3.41244 11.2836 287.523
46400 1.91548 5.93746 3.50607 11.359 311.529
46500 1.92768 6.00784 3.51564 11.4512 293.749
46600 1.92663 5.92114 3.47393 11.3217 302.2
46700 1.8329 5.79924 3.38583 11.018 298.5
46800 1.81594 5.72542 3.27728 10.8186 312.758
46900 1.82063 5.88093 3.32312 11.0247 323.915
47000 1.87938 5.90685 3.43269 11.2189 304.955
47100 1.85629 5.92123 3.58019 11.3577 294.402
47200 1.84119 5.7143 3.48204 11.0375 298.655
47300 1.82797 5.6959 3.38108 10.9049 304.212
47400 1.77509 5.6611 3.45404 10.8902 314.014
47500 1.7218 5.57667 3.31553 10.614 308.809
47600 1.75706 5.49407 3.16792 10.4191 286.033
47700 1.71741 5.59114 3.07174 10.3803 287.513
47800 1.66869 5.64815 3.09895 10.4158 298.465
47900 1.70318 5.70618 3.19529 10.6047 307.484
48000 1.728 5.8268 3.14248 10.6973 309.742
48100 1.71926 5.76747 3.11742 10.6041 302.429
48200 1.77276 5.75089 3.2632 10.7868 298.809
48300 1.7057 5.90167 3.17846 10.7858 301.664
48400 1.72477 5.93472 3.15102 10.8105 275.209
48500 1.75904 5.88783 3.27579 10.9227 277.707
48600 1.76833 5.82449 3.31815 10.911 284.175
48700 1.82513 5.88396 3.34145 11.0505 295.182
48800 1.86045 5.94049 3.40793 11.2089 302.741
48900 1.89025 5.80797 3.37573 11.0739 302.591
49000 1.86279 5.76 3.32052 10.9433 309.067
49100 1.86536 5.79575 3.36229 11.0234 303.279
49200 1.87303 5.79152 3.449 11.1135 283.302
49300 1.86891 5.73242 3.45308 11.0544 291.578
49400 1.82172 5.77095 3.43705 11.0297 300.432
49500 1.84431 5.83649 3.39893 11.0797 306.672
49600 1.8169 5.87419 3.4122 11.1033 311.282
49700 1.83132 5.80587 3.40437 11.0416 288.652
49800 1.84012 5.54281 3.30766 10.6906 292.192
49900 1.78538 5.73646 3.35847 10.8803 326.311
50000 1.78005 5.90993 3.34954 11.0395 316.036
50100 1.78564 5.89426 3.37513 11.055 304.635
50200 1.81734 5.86975 3.36869 11.0558 304.444
50300 1.8096 5.64161 3.33831 10.7895 293.861
50400 1.85645 5.6505 3.27598 10.7829 297.019
50500 1.86964 5.79966 3.287 10.9563 319.66
50600 1.83947 5.8306 3.28817 10.9582 316.386
50700 1.80958 5.80782 3.31367 10.9311 299.363
50800 1.82394 5.62757 3.39371 10.8452 287.144
50900 1.8434 5.68965 3.36318 10.8962 292.833
51000 1.86451 5.71027 3.31578 10.8906 304.464
51100 1.88703 5.57383 3.37001 10.8309 304.416
51200 1.90153 5.6136 3.29011 10.8052 300.181
51300 1.92171 5.66614 3.32833 10.9162 294.771
51400 1.9436 5.69408 3.52305 11.1607 282.559
51500 1.90456 5.67839 3.58372 11.1667 291.677
51600 1.87858 5.90804 3.46802 11.2546 303.461
51700 1.86026 5.93692 3.26624 11.0634 310.099
51800 1.78643 5.9194 3.22505 10.9309 298.93
51900 1.7003 5.99444 3.30097 10.9957 297.296
52000 1.6871 5.84516 3.31026 10.8425 281.284
52100 1.68964 5.68769 3.23224 10.6096 282.797
52200 1.6788 5.45287 3.12178 10.2534 297.861
52300 1.68415 5.57033 3.11337 10.3679 305.843
52400 1.69 5.77088 3.22746 10.6883 301.282
52500 1.77999 5.83253 3.22533 10.8379 306.422
52600 1.83459 5.80536 3.17848 10.8184 285.444
52700 1.84642 5.8893 3.23745 10.9732 279.413
52800 1.86657 5.78486 3.32602 10.9775 298.028
52900 1.94162 5.58971 3.26366 10.795 287.753
53000 1.86689 5.54893 3.21173 10.6276 297.735
53100 1.8041 5.73624 3.37907 10.9194 302.816
53200 1.78259 6.23046 3.42467 11.4377 308.358
53300 1.81698 6.1475 3.30372 11.2682 298.697
53400 1.82946 5.80686 3.25217 10.8885 286.114
53500 1.79598 5.75148 3.23664 10.7841 284.264
53600 1.75155 5.85413 3.31307 10.9188 304.725
53700 1.76327 5.96599 3.36283 11.0921 309.74
53800 1.89698 5.96818 3.39815 11.2633 301.228
53900 1.88612 5.7912 3.27709 10.9544 300.058
54000 1.85314 5.88343 3.32634 11.0629 293.266
54100 1.83071 6.04459 3.43118 11.3065 270.221
54200 1.7973 5.97716 3.38578 11.1602 281.455
54300 1.76533 5.85608 3.41643 11.0378 290.363
54400 1.77378 5.7646 3.26996 10.8083 292.77
54500 1.75107 5.74444 3.22663 10.7221 310.597
54600 1.75347 5.81222 3.21477 10.7805 305.912
54700 1.80674 5.84552 3.36531 11.0176 295.311
54800 1.88347 5.84811 3.36796 11.0995 280.396
54900 1.86174 5.7364 3.25644 10.8546 292.922
55000 1.8703 5.74471 3.24402 10.859 301.71
55100 1.90877 5.86326 3.34375 11.1158 308.205
55200 1.89901 5.74667 3.39047 11.0362 310.138
55300 1.90574 5.839 3.39219 11.1369 295.496
55400 1.84101 5.79348 3.469 11.1035 288.014
55500 1.80383 5.61288 3.4049 10.8216 291.9
55600 1.77695 5.51431 3.32153 10.6128 304.693
55700 1.82695 5.54763 3.21162 10.5862 311.434
55800 1.85025 5.70195 3.27597 10.8282 299.96
55900 1.8352 5.87938 3.37867 11.0933 307.544
56000 1.81789 5.79553 3.28857 10.902 303.682
56100 1.80233 5.61959 3.19946 10.6214 295.651
56200 1.84632 5.86051 3.42467 11.1315 297.705
56300 1.91935 5.96273 3.5915 11.4736 306.653
56400 1.92169 5.93015 3.48079 11.3326 321.409
56500 1.85974 5.85029 3.34382 11.0538 310.029
56600 1.84403 5.84843 3.25942 10.9519 293.855
56700 1.86945 5.95112 3.3515 11.1721 295.845
56800 1.93056 6.03124 3.38911 11.3509 298.784
56900 1.9922 5.87576 3.45871 11.3267 316.93
57000 2.06563 5.60013 3.4059 11.0717 321.575
57100 2.07351 5.52711 3.4453 11.0459 298.98
57200 2.13678 5.65844 3.49476 11.29 303.137
57300 2.04918 5.82025 3.32238 11.1918 290.951
57400 2.04967 5.78635 3.11612 10.9521 304.035
57500 2.02977 5.66217 3.35622 11.0482 296.363
57600 2.00146 5.54653 3.49186 11.0398 306.566
57700 2.05265 5.65275 3.38427 11.0897 323.885
57800 2.07588 5.8803 3.30052 11.2567 307.268
57900 2.11912 6.03435 3.26992 11.4234 304.673
58000 2.14568 5.96771 3.23197 11.3454 303.771
58100 2.15859 5.92959 3.33594 11.4241 297.542
58200 2.15543 5.95426 3.42897 11.5387 291.199
58300 2.14326 5.77569 3.32473 11.2437 306.655
58400 2.12529 5.70846 3.26429 11.098 316.744
58500 2.15863 5.78011 3.38994 11.3287 303.507
58600 2.11718 5.86443 3.35818 11.3398 300.11
58700 2.15134 5.80783 3.26418 11.2234 298.478
58800 2.0813 5.79315 3.2293 11.1038 289.669
58900 2.04108 5.75912 3.16205 10.9623 289.947
59000 2.0301 5.70546 3.11775 10.8533 305.656
59100 2.01299 5.72478 3.08906 10.8268 306.893
59200 2.0068 5.76323 3.11159 10.8816 294.244
59300 2.01699 5.81675 3.11168 10.9454 273.061
59400 2.04325 5.94411 3.16751 11.1549 281.922
59500 2.1052 6.03173 3.30616 11.4431 299.432
59600 2.12939 6.04709 3.36258 11.5391 298.26
59700 2.19275 5.87947 3.43069 11.5029 298.697
59800 2.17389 5.98705 3.41647 11.5774 310.021
59900 2.21343 5.98485 3.31587 11.5142 322.706
60000 2.16813 6.00492 3.16578 11.3388 308.413
60100 2.11978 6.05617 3.22667 11.4026 298.945
60200 2.0708 6.01218 3.27901 11.362 294.539
60300 2.07185 6.07266 3.20998 11.3545 296.219
60400 2.09967 5.94326 3.13504 11.178 300.538
60500 2.1211 5.80531 3.15287 11.0793 316.58
60600 2.07701 5.8117 3.19119 11.0799 303.622
60700 2.02911 5.87177 3.12353 11.0244 299.426
60800 2.05537 6.02728 3.16326 11.2459 301.814
60900 2.07054 6.07107 3.22829 11.3699 274.843
61000 2.1379 6.07761 3.29243 11.5079 282.432
61100 2.20663 5.97277 3.34436 11.5238 304.856
61200 2.20551 5.96772 3.24669 11.4199 309.081
61300 2.16934 6.04784 3.32518 11.5424 301.567
61400 2.171 5.99684 3.40542 11.5733 293.012
61500 2.12814 5.97034 3.419 11.5175 287.91
61600 2.05192 5.9895 3.33172 11.3731 302.422
61700 2.01078 5.93454 3.25143 11.1967 317.514
61800 1.95268 6.11391 3.27603 11.3426 311.959
61900 1.97328 6.11674 3.29647 11.3865 306.186
62000 1.99444 6.00037 3.16835 11.1632 300.252
62100 1.93469 5.90195 3.14554 10.9822 301.262
62200 1.92252 5.89675 3.26995 11.0892 290.234
62300 1.91428 6.08163 3.19737 11.1933 310.538
62400 1.91915 6.08728 3.20454 11.211 319.568
62500 1.98596 6.05785 3.28688 11.3307 300.008
62600 2.00496 5.98493 3.22165 11.2115 290.382
62700 2.01524 6.02245 3.22669 11.2644 294.786
62800 2.03567 5.9448 3.34072 11.3212 308.437
62900 2.09981 5.95094 3.40356 11.4543 309.131
63000 2.15073 5.97351 3.23994 11.3642 321.382
63100 2.12637 6.10926 3.32806 11.5637 319.359
63200 2.22758 6.07226 3.43701 11.7369 304.45
63300 2.19601 5.92629 3.46051 11.5828 293.305
63400 2.1552 6.0306 3.31648 11.5023 299.378
63500 2.12036 5.97124 3.36978 11.4614 297.526
63600 2.09343 6.04399 3.39441 11.5318 304.181
63700 2.01418 6.09883 3.27834 11.3913 315.035
63800 1.98867 5.97339 3.29721 11.2593 311.372
63900 1.97584 5.92892 3.20396 11.1087 301.416
64000 2.01427 6.08803 3.26754 11.3698 287.141
64100 2.05549 6.21463 3.28945 11.5596 298.917
64200 2.02371 6.3253 3.24497 11.594 307.436
64300 2.11609 6.26283 3.26309 11.642 306.985
64400 2.09198 6.16924 3.28121 11.5424 330.8
64500 2.03718 6.25978 3.26834 11.5653 328.435
64600 2.02841 6.41642 3.27112 11.7159 310.724
64700 2.04652 6.43398 3.24896 11.7295 300.288
64800 2.10501 6.37117 3.2511 11.7273 291.967
64900 2.16093 6.20338 3.24502 11.6093 286.27
65000 2.15751 6.22624 3.28958 11.6733 305.409
65100 2.20474 6.19613 3.4332 11.8341 313.043
65200 2.17529 6.19635 3.42075 11.7924 305.858
65300 2.17782 6.06682 3.49248 11.7371 296.091
65400 2.21295 5.9716 3.43113 11.6157 291.061
65500 2.22582 6.1103 3.3527 11.6888 305.759
65600 2.19717 6.08881 3.34686 11.6328 326.628
65700 2.1134 6.13354 3.30249 11.5494 323.104
65800 2.11441 6.2078 3.34627 11.6685 302.315
65900 2.11509 6.34423 3.29577 11.7551 292.854
66000 2.0565 6.22056 3.26148 11.5385 298.041
66100 2.01254 6.29167 3.22089 11.5251 299.892
66200 2.10269 6.39552 3.28977 11.788 299.587
66300 2.11255 6.30973 3.48279 11.9051 310.883
66400 2.07433 6.34253 3.44505 11.8619 314.315
66500 2.07367 6.34643 3.37615 11.7963 301.26
66600 2.05784 6.16032 3.39713 11.6153 295.397
66700 2.09057 6.13075 3.36183 11.5832 284.783
66800 2.1452 6.28421 3.45195 11.8814 301.188
66900 2.20046 6.40215 3.5267 12.1293 306.087
67000 2.19682 6.42293 3.45505 12.0748 305.89
67100 2.16561 6.30818 3.37529 11.8491 307.136
67200 2.10239 6.14313 3.44588 11.6914 297.009
67300 2.04338 6.214 3.41765 11.675 304.345
67400 2.03842 6.04455 3.26731 11.3503 288.186
67500 2.05459 5.95147 3.17918 11.1852 285.119
67600 2.03054 5.84331 3.25135 11.1252 294.765
67700 1.99175 5.80958 3.2172 11.0185 307.653
67800 2.01743 5.86079 3.29012 11.1683 311.225
67900 2.03291 6.03656 3.30382 11.3733 297.131
68000 2.08357 6.20908 3.38468 11.6773 289.008
68100 2.09846 6.12098 3.43552 11.655 282.07
68200 2.08141 5.93295 3.45692 11.4713 286.444
68300 2.06968 5.91316 3.37059 11.3534 306.776
68400 2.0165 5.92141 3.32786 11.2658 305.962
68500 2.06854 5.7315 3.29178 11.0918 300.103
68600 2.07347 5.70704 3.31327 11.0938 282.243
68700 2.08622 5.71947 3.3175 11.1232 280.029
68800 2.06085 5.77919 3.31019 11.1502 289.229
68900 2.0112 5.8346 3.31197 11.1578 302.372
69000 2.02991 5.75294 3.23659 11.0194 307.398
69100 1.98924 5.60863 3.17335 10.7712 291.129
69200 1.99347 5.71957 3.2209 10.9339 292.292
69300 2.01824 5.85853 3.20955 11.0863 300.706
69400 2.06705 5.82732 3.20712 11.1015 309.734
69500 2.08182 5.91945 3.27746 11.2787 315.223
69600 2.09683 6.10309 3.25792 11.4578 298.543
69700 2.0837 6.17005 3.27746 11.5312 292.38
69800 2.06715 5.95175 3.32539 11.3443 291.788
69900 2.04043 5.93253 3.27266 11.2456 303.215
70000 2.07267 6.04948 3.17961 11.3018 302.781
70100 2.18048 6.07352 3.31302 11.567 298.819
70200 2.24399 6.12492 3.35201 11.7209 302.887
70300 2.20509 6.07129 3.33109 11.6075 299.644
70400 2.18003 6.14605 3.33366 11.6597 289.918
70500 2.20384 6.25351 3.44841 11.9058 308.347
70600 2.2765 6.25526 3.45197 11.9837 308.304
70700 2.24688 6.4554 3.37036 12.0726 318.394
70800 2.18675 6.55675 3.45049 12.194 315.111
70900 2.18773 6.45564 3.49359 12.137 293.157
71000 2.16306 6.25619 3.48716 11.9064 285.3
71100 2.10922 6.25408 3.43807 11.8014 309.05
71200 2.0693 6.27356 3.37111 11.714 306.191
71300 2.06961 6.4551 3.41481 11.9395 294.465
71400 2.13383 6.45592 3.48003 12.0698 282.883
71500 2.12382 6.5008 3.3506 11.9752 298.64
71600 2.16219 6.57133 3.42191 12.1554 313.11
71700 2.28488 6.71469 3.4135 12.4131 307.895
71800 2.33102 6.84027 3.47487 12.6462 295.961
71900 2.28152 6.86395 3.58419 12.7297 288.524
72000 2.2685 6.64135 3.57548 12.4853 296.981
72100 2.31241 6.58104 3.61053 12.504 319.273
72200 2.2533 6.6809 3.53293 12.4671 314.849
72300 2.22629 6.6943 3.46964 12.3902 306.155
72400 2.21002 6.67546 3.40804 12.2935 298.705
72500 2.23017 6.66242 3.34121 12.2338 294.767
72600 2.21809 6.55352 3.24906 12.0207 296.328
72700 2.18783 6.63205 3.28328 12.1032 316.439
72800 2.20466 6.61815 3.34889 12.1717 305.109
72900 2.23822 6.43268 3.50828 12.1792 297.466
73000 2.22931 6.39108 3.39129 12.0117 289.306
73100 2.23565 6.35661 3.43981 12.0321 293.518
73200 2.29193 6.16586 3.41657 11.8744 303.93
73300 2.34605 6.10227 3.2948 11.7431 305.489
73400 2.3018 5.88609 3.23807 11.426 300.414
73500 2.32145 5.90479 3.24827 11.4745 293.466
73600 2.39333 6.03052 3.28087 11.7047 274.134
73700 2.37944 5.94343 3.30614 11.629 295.956
73800 2.39261 5.82983 3.26675 11.4892 311.179
73900 2.44279 5.77074 3.2913 11.5048 297.368
74000 2.39362 5.73586 3.30844 11.4379 290.238
74100 2.39606 5.91455 3.30198 11.6126 316.732
74200 2.38949 6.01811 3.30043 11.708 325.556
74300 2.42095 5.93881 3.31907 11.6788 310.124
74400 2.3772 5.93857 3.25598 11.5718 311.248
74500 2.34373 5.92229 3.24251 11.5085 291.839
74600 2.31785 6.02567 3.28685 11.6304 299.408
74700 2.31056 5.94354 3.32677 11.5809 299.492
74800 2.36476 5.97807 3.38405 11.7269 310.377
74900 2.35959 6.027 3.33074 11.7173 307.524
75000 2.34352 5.99661 3.34137 11.6815 303.59
75100 2.27614 5.85824 3.24334 11.3777 292.395
75200 2.38374 5.87062 3.27948 11.5338 278.583
75300 2.43028 5.84286 3.24625 11.5194 304.35
75400 2.48096 5.69555 3.24618 11.4227 313.88
75500 2.39244 5.73682 3.22944 11.3587 296.622
75600 2.3486 5.95167 3.17647 11.4767 301.858
75700 2.35184 5.91462 3.14326 11.4097 291.248
75800 2.43338 5.86784 3.31423 11.6154 292.98
75900 2.49459 5.86784 3.41189 11.7743 312.561
76000 2.56093 5.92902 3.42704 11.917 306.712
76100 2.58949 6.04934 3.46629 12.1051 302.421
76200 2.55183 6.03195 3.45372 12.0375 284.158
76300 2.48706 5.93663 3.41852 11.8422 291.528
76400 2.38856 6.06088 3.45014 11.8996 294.403
76500 2.38937 6.09186 3.41659 11.8978 303.722
76600 2.40698 5.89424 3.27531 11.5765 308.752
76700 2.28775 5.94611 3.12009 11.354 295.984
76800 2.23382 5.97025 3.15464 11.3587 301.134
76900 2.19669 6.0015 3.15892 11.3571 297.638
77000 2.23041 5.89978 3.06787 11.1981 298.161
77100 2.25465 5.70556 3.05579 11.016 297.447
77200 2.31896 5.55842 3.07698 10.9544 306
77300 2.41245 5.64496 3.1763 11.2337 309.447
77400 2.43476 5.89282 3.19514 11.5227 318.64
77500 2.5061 5.86357 3.24457 11.6142 302.974
77600 2.49357 5.85209 3.3093 11.655 285.984
77700 2.46877 5.82665 3.24583 11.5412 289.856
77800 2.466 5.87511 3.21057 11.5517 302.573
77900 2.49592 5.69656 3.21156 11.404 320.92
78000 2.46603 5.73155 3.27831 11.4759 302.844
78100 2.45485 5.97875 3.30191 11.7355 292.011
78200 2.42929 5.86784 3.35555 11.6527 305.376
78300 2.38642 5.89855 3.31247 11.5974 310.297
78400 2.3071 5.89792 3.21944 11.4245 302.47
78500 2.31065 5.87991 3.23928 11.4298 300.199
78600 2.25194 6.02464 3.22144 11.498 289.665
78700 2.2569 5.86242 3.22458 11.3439 286.326
78800 2.29255 5.93686 3.20714 11.4366 303.351
78900 2.37334 5.95424 3.21914 11.5467 310.409
79000 2.34793 5.9828 3.20936 11.5401 311.864
79100 2.34309 6.01719 3.28982 11.6501 299.986
79200 2.36436 6.08824 3.31208 11.7647 295.341
79300 2.42864 6.08938 3.31853 11.8365 292.001
79400 2.47126 5.903 3.33722 11.7115 299.826
79500 2.4163 5.72216 3.31141 11.4499 297.517
79600 2.37294 5.87362 3.33757 11.5841 305.66
79700 2.39046 5.9409 3.31615 11.6475 294.949
79800 2.46179 5.97102 3.24306 11.6759 301.685
79900 2.49005 6.06655 3.24438 11.801 297.189
80000 2.5079 6.08643 3.22716 11.8215 298.052
80100 2.49352 6.01562 3.18143 11.6906 298.048
80200 2.43345 6.13002 3.18266 11.7461 311.412
80300 2.37425 5.91517 3.24042 11.5298 304.4
80400 2.32289 6.06757 3.2065 11.597 296.31
80500 2.27557 6.02538 3.24024 11.5412 290.153
80600 2.24627 5.8977 3.19765 11.3416 292.088
80700 2.2558 5.86821 3.20263 11.3266 306.268
80800 2.27139 5.71719 3.1368 11.1254 310.495
80900 2.25736 5.7052 3.04898 11.0115 312.29
81000 2.28565 5.79837 3.04033 11.1243 296.573
81100 2.26325 5.84475 3.09453 11.2025 289.376
81200 2.29188 5.86709 3.18383 11.3428 294.036
81300 2.29746 5.83933 3.19015 11.3269 311.673
81400 2.24533 5.89492 3.21311 11.3534 310.014
81500 2.248 5.88746 3.15098 11.2864 310.642
81600 2.26663 5.8695 3.24428 11.3804 307.255
81700 2.39145 5.85011 3.23678 11.4783 303.548
81800 2.4297 6.11006 3.21649 11.7562 293.919
81900 2.3789 6.30988 3.31573 12.0045 283.192
82000 2.41532 6.02742 3.42295 11.8657 299.905
82100 2.32321 6.0166 3.36736 11.7072 317.477
82200 2.32877 6.05957 3.32497 11.7133 303.257
82300 2.33678 5.74855 3.20656 11.2919 292.513
82400 2.33501 5.76083 3.19296 11.2888 294.199
82500 2.3384 5.80036 3.15739 11.2961 280.499
82600 2.35571 5.84416 3.19278 11.3927 297.285
82700 2.37435 5.92527 3.1588 11.4584 309.742
82800 2.30069 5.83453 3.23891 11.3741 307.362
82900 2.25991 5.8574 3.25065 11.368 295.622
83000 2.32797 5.89168 3.29955 11.5192 288.044
83100 2.35497 5.88228 3.25566 11.4929 286.107
83200 2.43305 5.93005 3.32231 11.6854 313.628
83300 2.45949 5.74222 3.36296 11.5647 310.768
83400 2.47022 5.94409 3.3753 11.7896 295.512
83500 2.51609 5.97351 3.34029 11.8299 292.228
83600 2.47343 6.04777 3.3352 11.8564 305.56
83700 2.43852 6.12504 3.23658 11.8001 322.887
83800 2.36884 6.17155 3.25128 11.7917 311.494
83900 2.40667 6.25181 3.26659 11.9251 291.685
84000 2.40227 6.09907 3.24289 11.7442 292.99
84100 2.36908 5.93218 3.22742 11.5287 297.658
84200 2.336 5.87836 3.18139 11.3958 316.567
84300 2.28872 5.85945 3.14487 11.293 310.975
84400 2.27515 5.81596 3.17628 11.2674 286.038
84500 2.35722 5.77855 3.16209 11.2979 295.279
84600 2.37774 5.73638 3.16684 11.281 296.962
84700 2.38564 5.72763 3.22195 11.3352 300.418
84800 2.3324 5.60984 3.24125 11.1835 316.123
84900 2.24647 5.61427 3.23941 11.1001 314.785
85000 2.2064 5.50591 3.22489 10.9372 311.149
85100 2.21664 5.40288 3.17914 10.7987 294.151
85200 2.26784 5.5464 3.18337 10.9976 299.016
85300 2.32063 5.68867 3.1464 11.1557 291.1
85400 2.38529 5.58794 3.12957 11.1028 293.841
85500 2.30622 5.64953 3.10239 11.0581 302.264
85600 2.25477 5.65826 3.06164 10.9747 309.984
85700 2.16496 5.68821 3.10795 10.9611 302.544
85800 2.13743 5.68281 3.14339 10.9636 289.694
85900 2.20997 5.68759 3.16873 11.0663 286.848
86000 2.28554 5.6148 3.22697 11.1273 291.385
86100 2.36517 5.667 3.26185 11.294 304.62
86200 2.41148 5.75447 3.35508 11.521 315.77
86300 2.3998 5.77233 3.29121 11.4633 302.486
86400 2.30641 5.70561 3.31178 11.3238 284.088
86500 2.25333 5.82922 3.23568 11.3182 295.078
86600 2.28653 5.91722 3.24302 11.4468 307.928
86700 2.347 5.90881 3.18127 11.4371 318.986
86800 2.40979 5.74339 3.13035 11.2835 325.084
86900 2.35335 5.59246 3.15643 11.1022 328.057
87000 2.22464 5.69844 3.10647 11.0295 296.317
87100 2.11754 5.79134 3.14202 11.0509 296.796
87200 2.16168 5.87671 3.19821 11.2366 301.171
87300 2.24051 5.71945 3.22098 11.1809 292.023
87400 2.23382 5.73433 3.24101 11.2092 295.387
87500 2.19696 5.80714 3.18228 11.1864 308.822
87600 2.22034 5.98583 3.17477 11.3809 297.495
87700 2.24009 5.93115 3.17047 11.3417 314.759
87800 2.28363 5.88142 3.21959 11.3846 306.402
87900 2.23331 5.96091 3.28819 11.4824 300.98
88000 2.21638 5.88118 3.34994 11.4475 283.385
88100 2.22835 5.84471 3.33944 11.4125 293.887
88200 2.21236 5.9527 3.3586 11.5237 302.117
88300 2.18264 5.9379 3.3447 11.4652 302.523
88400 2.13479 5.91781 3.35046 11.4031 303.292
88500 2.16233 5.96292 3.33493 11.4602 300.039
88600 2.22333 5.81749 3.3047 11.3455 295.253
88700 2.26164 5.89845 3.33002 11.4901 274.539
88800 2.24314 5.98716 3.34313 11.5734 280.479
88900 2.28482 5.85022 3.38768 11.5227 297.1
89000 2.33883 5.77915 3.36223 11.4802 300.559
89100 2.32246 5.76599 3.34463 11.4331 301.631
89200 2.34539 5.81754 3.33967 11.5026 308.637
89300 2.27802 5.91122 3.32849 11.5177 306.086
89400 2.2383 5.832 3.26573 11.336 289.299
89500 2.18613 5.87333 3.2057 11.2652 290.835
89600 2.21292 5.97279 3.1363 11.322 294.158
89700 2.3209 5.91785 3.16655 11.4053 315.291
89800 2.39144 5.97749 3.16943 11.5384 308.818
89900 2.33076 5.94378 3.10382 11.3784 311.753
90000 2.28259 5.9303 3.157 11.3699 300.011
90100 2.24959 6.05804 3.12093 11.4286 295.671
90200 2.23789 6.1147 3.13244 11.485 286.429
90300 2.26596 6.11473 3.13136 11.5121 311.893
90400 2.30665 6.11616 3.21132 11.6341 313.189
90500 2.29652 6.15886 3.2354 11.6908 301.062
90600 2.25778 6.09565 3.24779 11.6012 297.737
90700 2.28892 5.93582 3.20382 11.4286 283.736
90800 2.40417 5.8611 3.1048 11.3701 268.237
90900 2.42548 5.80155 3.08274 11.3098 285.959
91000 2.33984 5.71496 3.1802 11.235 300.308
91100 2.32668 5.75399 3.19023 11.2709 308.046
91200 2.30783 5.80827 3.2548 11.3709 303.331
91300 2.29393 5.79292 3.22479 11.3116 297.25
91400 2.27811 5.81981 3.23169 11.3296 282.538
91500 2.28489 5.78461 3.24919 11.3187 298.306
91600 2.3276 5.56822 3.28516 11.181 304.325
91700 2.34741 5.5815 3.22815 11.1571 306.467
91800 2.31989 5.66014 3.20723 11.1873 306.241
91900 2.29879 5.76984 3.19958 11.2682 298.046
92000 2.28656 5.81754 3.17462 11.2787 292.301
92100 2.34941 5.75593 3.14972 11.2551 298.853
92200 2.40694 5.74082 3.11955 11.2673 292.736
92300 2.44057 5.83832 3.12007 11.399 302.131
92400 2.47082 5.80435 3.18883 11.464 306.963
92500 2.32338 5.93623 3.25695 11.5166 307.698
92600 2.13704 5.89297 3.29239 11.3224 307.696
92700 2.14793 5.83897 3.26461 11.2515 298.418
92800 2.18664 5.81107 3.23056 11.2283 276.486
92900 2.22694 5.8099 3.23503 11.2719 304.975
93000 2.22868 5.91983 3.19115 11.3397 306.741
93100 2.19646 5.89161 3.25818 11.3462 304.816
93200 2.25098 5.77592 3.2931 11.32 297.542
93300 2.22912 5.72174 3.26228 11.2131 276.858
93400 2.29375 5.74496 3.29314 11.3318 282.793
93500 2.2769 5.8212 3.30709 11.4052 293.967
93600 2.27433 5.86049 3.31074 11.4456 301.08
93700 2.27941 5.88803 3.29274 11.4602 306.48
93800 2.26771 5.95782 3.28859 11.5141 301.157
93900 2.24492 6.03344 3.29029 11.5687 284.054
94000 2.24164 5.78724 3.24597 11.2749 279.69
94100 2.26925 5.77059 3.20086 11.2407 296.879
94200 2.27918 5.71582 3.11016 11.1052 303.69
94300 2.20419 5.73935 3.05236 10.9959 296.65
94400 2.18497 5.72616 3.1816 11.0927 308.684
94500 2.19089 5.77325 3.21675 11.1809 297.303
94600 2.22001 5.7752 3.2488 11.244 282.261
94700 2.27033 5.90498 3.31803 11.4933 292.004
94800 2.26296 5.84952 3.31469 11.4272 302.133
94900 2.23826 5.76287 3.28671 11.2878 307.135
95000 2.21876 5.90982 3.25576 11.3843 303.05
95100 2.28842 5.76899 3.26674 11.3241 297.82
95200 2.31407 5.88871 3.2597 11.4625 281.97
95300 2.32156 5.90276 3.29644 11.5208 272.986
95400 2.27972 5.81766 3.30976 11.4071 270.561
95500 2.24947 5.75117 3.29065 11.2913 278.035
95600 2.29728 5.81445 3.3005 11.4122 301.609
95700 2.25983 5.90589 3.28181 11.4475 294.481
95800 2.27496 6.08832 3.18185 11.5451 314.786
95900 2.29545 5.94563 3.13507 11.3761 311.267
96000 2.32045 5.80399 3.15118 11.2756 285.744
96100 2.4387 5.88921 3.11552 11.4434 293.219
96200 2.5125 5.61152 3.08132 11.2053 299.834
96300 2.44955 5.55008 3.16656 11.1662 297.774
96400 2.34877 5.60511 3.22986 11.1837 303.427
96500 2.30658 5.70287 3.20714 11.2166 311.001
96600 2.2698 5.67187 3.20003 11.1417 315.579
96700 2.35888 5.68341 3.1945 11.2368 316.993
96800 2.40243 5.69236 3.24008 11.3349 299.085
96900 2.33468 5.56561 3.1143 11.0146 296.713
97000 2.26504 5.60005 3.03769 10.9028 295.892
97100 2.22536 5.58058 3.0379 10.8438 307.679
97200 2.22896 5.72833 3.04885 11.0061 320.577
97300 2.21877 5.84216 2.99533 11.0563 314.362
97400 2.28706 5.87951 3.12826 11.2948 302.964
97500 2.24366 5.74811 3.19369 11.1855 290.165
97600 2.2722 5.75613 3.19936 11.2277 291.142
97700 2.33458 5.95308 3.22925 11.5169 316.47
97800 2.31881 6.03477 3.2889 11.6425 308.505
97900 2.35455 5.97487 3.38937 11.7188 290.079
98000 2.37326 5.81926 3.38901 11.5815 290.023
98100 2.34733 5.90823 3.28647 11.542 291.379
98200 2.29241 5.81293 3.23077 11.3361 306.227
98300 2.27901 5.81884 3.24987 11.3477 311.743
98400 2.3044 5.82107 3.20184 11.3273 305.826
98500 2.28141 5.80452 3.22195 11.3079 300.627
98600 2.22881 5.92441 3.22508 11.3783 297.758
98700 2.17169 5.85168 3.18916 11.2125 302.272
98800 2.16343 5.84903 3.11191 11.1244 295.189
98900 2.19323 5.92568 3.09332 11.2122 299.536
99000 2.2454 5.84976 3.08227 11.1774 312.081
99100 2.28795 5.7778 3.11075 11.1765 313.757
99200 2.2675 5.7469 3.14634 11.1607 308.112
99300 2.24071 5.72813 3.12871 11.0976 298.58
99400 2.28934 5.64053 3.16149 11.0914 296.702
99500 2.39767 5.67796 3.17326 11.2489 292.797
99600 2.34087 5.6356 3.16376 11.1402 296.779
99700 2.32222 5.74321 3.11225 11.1777 310.828
99800 2.31683 5.71493 3.13343 11.1652 316.031
99900 2.31138 5.77397 3.19326 11.2786 300.518
100000 2.26898 5.73929 3.17223 11.1805 294.943
100100 2.26096 5.79994 3.18465 11.2455 290.835
100200 2.36904 5.83198 3.13472 11.3357 308.864
100300 2.36844 5.76148 3.15282 11.2827 317.692
100400 2.3543 5.66122 3.18379 11.1993 312.324
100500 2.4021 5.8058 3.23291 11.4408 302.957
100600 2.45831 5.73163 3.29995 11.4899 295.113
100700 2.44849 5.75303 3.28704 11.4886 295.307
100800 2.4195 5.77291 3.25028 11.4427 301.356
100900 2.49486 5.72514 3.17737 11.3974 315.317
101000 2.5527 5.71976 3.2302 11.5027 323.389
101100 2.50234 5.69863 3.17258 11.3735 309.953
101200 2.42681 5.5834 3.20082 11.211 298.972
101300 2.35042 5.41074 3.19101 10.9522 289.844
101400 2.27449 5.50006 3.16807 10.9426 305.499
101500 2.2108 5.49401 3.17099 10.8758 315.803
101600 2.26438 5.46611 3.17107 10.9016 327.112
101700 2.25826 5.62061 3.14308 11.0219 301.785
101800 2.25589 5.90048 3.19689 11.3533 291.887
101900 2.24226 5.83193 3.2201 11.2943 294.428
102000 2.25839 5.80833 3.31278 11.3795 305.537
102100 2.23872 5.79938 3.26764 11.3057 312.274
102200 2.22472 5.88823 3.36053 11.4735 327.138
102300 2.29152 5.90905 3.31376 11.5143 306.598
102400 2.27303 5.75417 3.3257 11.3529 303.641
102500 2.20053 5.69631 3.35622 11.2531 299.166
102600 2.2179 5.75899 3.28461 11.2615 296.112
102700 2.33792 5.63787 3.31006 11.2859 296.234
102800 2.42765 5.53999 3.24388 11.2115 278.344
102900 2.41467 5.4578 3.24582 11.1183 286.701
103000 2.38016 5.34058 3.33792 11.0587 298.757
103100 2.39414 5.43551 3.24672 11.0764 305.831
103200 2.43378 5.51879 3.29909 11.2517 300.71
103300 2.4516 5.71413 3.24538 11.4111 295.152
103400 2.44275 5.71767 3.24732 11.4077 283.845
103500 2.3747 5.66385 3.22622 11.2648 279.736
103600 2.35925 5.58416 3.16104 11.1045 294.177
103700 2.3289 5.66199 3.20341 11.1943 309.459
103800 2.35429 5.61923 3.23336 11.2069 300.509
103900 2.32064 5.58147 3.15934 11.0614 286.33
104000 2.28268 5.4601 3.22688 10.9697 295.653
104100 2.28617 5.55896 3.24515 11.0903 308.601
104200 2.27014 5.78979 3.29293 11.3529 317.629
104300 2.34564 6.01031 3.29374 11.6497 301.404
104400 2.36205 5.98161 3.281 11.6247 301.361
104500 2.42084 6.00885 3.26674 11.6964 295.619
104600 2.46591 5.99463 3.31429 11.7748 298.173
104700 2.55141 5.77839 3.39452 11.7243 304.198
104800 2.52661 5.80725 3.38555 11.7194 319.833
104900 2.47057 5.84748 3.40405 11.7221 308.587
105000 2.42309 5.67474 3.43611 11.5339 302.364
105100 2.36014 5.64146 3.42555 11.4271 295.223
105200 2.34269 5.70944 3.36455 11.4167 302.904
105300 2.30362 5.64981 3.35891 11.3123 296.229
105400 2.21337 5.67603 3.3079 11.1973 298.994
105500 2.19656 5.67162 3.23965 11.1078 294.924
105600 2.16977 5.7302 3.20924 11.1092 286.092
105700 2.17187 5.81232 3.20633 11.1905 295.632
105800 2.23164 5.75669 3.21999 11.2083 305.61
105900 2.17337 5.70126 3.12599 11.0006 311.992
106000 2.17061 5.64839 3.09427 10.9133 303.391
106100 2.21412 5.53207 3.0896 10.8358 289.457
106200 2.20488 5.4791 3.13801 10.822 287.151
106300 2.26438 5.57255 3.25006 11.087 296.661
106400 2.33951 5.69558 3.33962 11.3747 311.107
106500 2.39455 5.77451 3.38432 11.5534 300.677
106600 2.43761 5.70821 3.36122 11.507 290.11
106700 2.40934 5.64352 3.34698 11.3998 278.934
106800 2.37444 5.55286 3.33244 11.2597 283.929
106900 2.32101 5.58495 3.38557 11.2915 308.043
107000 2.25581 5.71014 3.31811 11.2841 303.149
107100 2.2448 5.72142 3.29182 11.258 293.279
107200 2.25267 5.73062 3.3128 11.2961 303.351
107300 2.25709 5.76504 3.29167 11.3138 317.031
107400 2.30266 5.68201 3.27589 11.2606 304.492
107500 2.35565 5.54713 3.24578 11.1486 293.564
107600 2.358 5.57004 3.25018 11.1782 289.151
107700 2.28587 5.57408 3.19556 11.0555 292.831
107800 2.23423 5.63383 3.15191 11.02 312.799
107900 2.18461 5.49248 3.12641 10.8035 310.848
108000 2.13719 5.47203 3.06412 10.6733 294.978
108100 2.14009 5.50162 3.02543 10.6671 290.743
108200 2.19434 5.40936 3.00921 10.6129 291.753
108300 2.25729 5.53112 3.14287 10.9313 282.716
108400 2.29506 5.45269 3.12509 10.8728 280.451
108500 2.25875 5.57367 3.18323 11.0157 300.881
108600 2.30352 5.74001 3.23084 11.2744 305.284
108700 2.28106 5.57313 3.22595 11.0801 311.066
108800 2.31531 5.66529 3.18845 11.169 288.9
108900 2.34658 5.71822 3.15317 11.218 286.328
109000 2.44296 5.7305 3.16225 11.3357 285.18
109100 2.33177 5.76181 3.12108 11.2147 299.893
109200 2.26447 5.85725 3.15459 11.2763 298.216
109300 2.27051 5.76663 3.20296 11.2401 306.251
109400 2.28931 5.74082 3.21011 11.2402 303.905
109500 2.28697 5.73342 3.33917 11.3595 294.169
109600 2.29493 5.69847 3.37685 11.3702 290.743
109700 2.32342 5.68978 3.39743 11.4106 290.672
109800 2.31847 5.75445 3.31188 11.3848 295.939
109900 2.3278 5.7488 3.22159 11.2982 307.772
110000 2.32324 5.7042 3.24824 11.2757 316.92
110100 2.3157 5.68832 3.26227 11.2663 302.349
110200 2.29814 5.74347 3.25849 11.3001 293.644
110300 2.3421 5.77919 3.20056 11.3218 296.417
110400 2.32177 5.86415 3.17645 11.3624 299.642
110500 2.30849 5.79822 3.20608 11.3128 308.269
110600 2.32062 5.7287 3.15606 11.2054 328.617
110700 2.35587 5.53928 3.18512 11.0803 317.189
110800 2.32102 5.61557 3.16811 11.1047 298.691
110900 2.30826 5.63883 3.20191 11.149 295.05
111000 2.28154 5.62917 3.22846 11.1392 288.264
111100 2.20932 5.59142 3.21597 11.0167 309.845
111200 2.14822 5.63554 3.26862 11.0524 311.488
111300 2.14813 5.51792 3.28181 10.9479 302.532
111400 2.22448 5.6223 3.34633 11.1931 297.147
111500 2.29834 5.72561 3.43122 11.4552 303.93
111600 2.34659 5.81949 3.36719 11.5333 299.902
111700 2.30911 5.90421 3.3291 11.5424 273.837
111800 2.33982 5.83531 3.31014 11.4853 276.27
111900 2.38502 5.83583 3.34677 11.5676 295.451
112000 2.37293 5.87418 3.34683 11.5939 298.167
112100 2.31098 5.90174 3.38112 11.5938 308.487
112200 2.24697 5.84171 3.36216 11.4508 303.055
112300 2.16597 5.73004 3.34056 11.2366 285.2
112400 2.18359 5.73881 3.21182 11.1342 281.588
112500 2.1951 5.76748 3.17079 11.1334 296.659
112600 2.24463 5.74674 3.14261 11.134 296.598
112700 2.28578 5.76548 3.08873 11.14 303.447
112800 2.36017 5.8329 3.11311 11.3062 310.908
112900 2.30715 5.88835 3.14376 11.3393 298.011
113000 2.28361 5.96633 3.14879 11.3987 289.011
113100 2.29399 5.89153 3.2409 11.4264 285.446
113200 2.30093 6.02946 3.21591 11.5463 294.537
113300 2.23421 6.10531 3.17676 11.5163 300.582
113400 2.31478 5.93618 3.18263 11.4336 308.468
113500 2.3824 5.86294 3.1919 11.4372 295.971
113600 2.30342 5.78215 3.20598 11.2916 278.352
113700 2.35685 5.95001 3.19901 11.5059 301.502
113800 2.41411 5.7682 3.2257 11.408 319.079
113900 2.40834 5.51234 3.23637 11.1571 301.76
114000 2.44618 5.53093 3.32057 11.2977 297.614
114100 2.39147 5.55766 3.34943 11.2986 286.454
114200 2.38411 5.52932 3.32116 11.2346 271.865
114300 2.35636 5.49291 3.28565 11.1349 284.444
114400 2.30093 5.62187 3.24297 11.1658 304.078
114500 2.32838 5.73377 3.19278 11.2549 291.747
114600 2.36745 5.74912 3.19074 11.3073 312.748
114700 2.36176 5.83389 3.21842 11.4141 304.918
114800 2.38394 5.80654 3.20438 11.3949 288.109
114900 2.40227 5.8353 3.24556 11.4831 285.499
115000 2.3849 5.79879 3.22066 11.4043 295.835
115100 2.33324 5.78199 3.25094 11.3662 308.752
115200 2.30734 5.73531 3.25239 11.295 304.2
115300 2.28155 5.78003 3.27784 11.3394 300.269
115400 2.27424 5.64625 3.4177 11.3382 286.052
115500 2.28036 5.77948 3.44263 11.5025 290.154
115600 2.32403 5.70025 3.39345 11.4177 293.438
115700 2.33942 5.78704 3.40174 11.5282 300.657
115800 2.34068 5.95926 3.27443 11.5744 301.726
115900 2.41403 5.72821 3.26866 11.4109 312.546
116000 2.41448 5.64667 3.29181 11.353 312.438
116100 2.36574 5.66003 3.29199 11.3178 292.131
116200 2.30309 5.76587 3.36083 11.4298 293.704
116300 2.31165 5.75652 3.30358 11.3717 293.137
116400 2.31818 5.76154 3.32673 11.4064 306.858
116500 2.33308 5.76309 3.32245 11.4186 314.584
116600 2.38435 5.69979 3.22107 11.3052 307.078
116700 2.36503 5.69614 3.23248 11.2936 303.874
116800 2.36776 5.69111 3.23425 11.2931 298.453
116900 2.37418 5.72073 3.17748 11.2724 298.67
117000 2.37443 5.76863 3.21458 11.3576 298.813
117100 2.40217 5.8914 3.29678 11.5904 319.67
117200 2.34835 5.73551 3.31382 11.3977 310.852
117300 2.27149 5.73008 3.29308 11.2946 293.11
117400 2.23153 5.81553 3.23576 11.2828 286.404
117500 2.27466 5.70725 3.22224 11.2041 298.019
117600 2.22135 5.61266 3.20256 11.0366 299.78
117700 2.27804 5.55026 3.24855 11.0769 303.582
117800 2.34082 5.58389 3.28659 11.2113 312.867
117900 2.32058 5.67969 3.39946 11.3997 297.7
118000 2.32374 5.76725 3.43126 11.5223 294.546
118100 2.40273 5.72936 3.47636 11.6084 305.303
118200 2.50713 5.84332 3.44726 11.7977 308.192
118300 2.4842 5.81245 3.36133 11.658 306.506
118400 2.41852 5.76981 3.2907 11.479 295.92
118500 2.40962 5.75255 3.22845 11.3906 280.037
118600 2.39257 5.63456 3.20229 11.2294 290.637
118700 2.40854 5.72286 3.19454 11.3259 304.224
118800 2.37518 5.70219 3.21777 11.2951 307.558
118900 2.38188 5.85523 3.27835 11.5155 306.357
119000 2.34486 5.86497 3.20978 11.4196 285.779
119100 2.32311 5.72743 3.23417 11.2847 290.093
119200 2.37391 5.75344 3.19199 11.3193 296.553
119300 2.37557 5.83856 3.18502 11.3991 297.02
119400 2.30533 5.74165 3.2076 11.2546 307.658
119500 2.25082 5.71449 3.17774 11.143 308.142
119600 2.33803 5.55256 3.26492 11.1555 317.323
119700 2.35771 5.58015 3.33252 11.2704 321.721
119800 2.2885 5.62645 3.34143 11.2564 299.261
119900 2.29824 5.708 3.42314 11.4294 298.325
120000 2.35921 5.73252 3.3444 11.4361 298.42
120100 2.31642 5.67117 3.30283 11.2904 302.169
120200 2.23184 5.75026 3.2977 11.2798 295.973
120300 2.26475 5.78894 3.22696 11.2807 286.024
120400 2.34192 5.88841 3.2556 11.4859 304.979
120500 2.35307 5.85737 3.30054 11.511 315.588
120600 2.37751 5.79432 3.30049 11.4723 314.265
120700 2.37023 5.66388 3.26428 11.2984 297.973
120800 2.27562 5.79967 3.26203 11.3373 297.58
120900 2.23006 5.82827 3.27007 11.3284 295.564
121000 2.20239 5.7351 3.32349 11.261 298.988
121100 2.21687 5.87112 3.36726 11.4552 309.665
121200 2.27266 5.79854 3.4261 11.4973 311.669
121300 2.31178 5.69901 3.2549 11.2657 306.351
121400 2.33173 5.56532 3.24918 11.1462 301.543
121500 2.31475 5.63828 3.2282 11.1812 290.526
121600 2.33264 5.71078 3.26737 11.3108 300.678
121700 2.28314 5.67282 3.21065 11.1666 314.386
121800 2.29306 5.64479 3.17192 11.1098 316.586
121900 2.30483 5.86461 3.13894 11.3084 316.765
122000 2.31699 5.83042 3.15167 11.2991 312.345
122100 2.32275 5.73033 3.15892 11.212 292.033
122200 2.30796 5.83924 3.1455 11.2927 293.765
122300 2.24759 5.7825 3.20958 11.2397 306.343
122400 2.22933 5.73709 3.27914 11.2456 307.614
122500 2.25954 5.66709 3.25398 11.1806 320.364
122600 2.32709 5.66993 3.27575 11.2728 313.296
122700 2.3697 5.62862 3.28149 11.2798 292.662
122800 2.35552 5.73034 3.29935 11.3852 293.922
122900 2.2939 5.67731 3.38787 11.3591 300.81
123000 2.25958 5.88913 3.34099 11.4897 317.034
123100 2.28465 5.75744 3.32459 11.3667 302.211
123200 2.32359 5.777 3.32501 11.4256 283.624
123300 2.33821 5.78412 3.26066 11.383 284.954
123400 2.34376 5.86863 3.22994 11.4423 302.974
123500 2.35234 5.89384 3.18394 11.4301 301.391
123600 2.3826 5.64776 3.13983 11.1702 305.852
123700 2.32269 5.42523 3.18018 10.9281 308.504
123800 2.29965 5.59124 3.15998 11.0509 293.969
123900 2.26137 5.72379 3.15302 11.1382 292.17
124000 2.25876 5.55897 3.17566 10.9934 311.937
124100 2.21698 5.62551 3.21878 11.0613 326.324
124200 2.26209 5.70604 3.22646 11.1946 319.694
124300 2.31273 5.82012 3.30166 11.4345 304.988
124400 2.37563 5.82215 3.28887 11.4866 295.341
124500 2.32828 5.84118 3.32447 11.4939 301.725
124600 2.3128 5.83764 3.28009 11.4305 286.237
124700 2.34301 5.79599 3.2317 11.3707 275.316
124800 2.36986 5.78875 3.27108 11.4297 299.603
124900 2.41342 5.79691 3.30508 11.5154 311.962
125000 2.38432 5.7416 3.24375 11.3697 311.008
125100 2.31649 5.58998 3.22296 11.1294 293.636
125200 2.24422 5.66149 3.25934 11.1651 289.868
125300 2.21119 5.78035 3.23195 11.2235 290.169
125400 2.20235 5.72348 3.20956 11.1354 303.103
125500 2.1948 5.6268 3.15257 10.9742 307.579
125600 2.19163 5.74185 3.13435 11.0678 300.491
125700 2.22796 5.85686 3.17259 11.2574 279.541
125800 2.26115 5.83963 3.13371 11.2345 282.509
125900 2.25413 5.77356 3.1373 11.165 299.895
126000 2.23934 5.75416 3.20852 11.202 303.485
126100 2.25781 5.60584 3.264 11.1277 308.684
126200 2.24888 5.681 3.35912 11.289 291.975
126300 2.2412 5.68076 3.44839 11.3703 289.037
126400 2.26256 5.75117 3.35219 11.3659 304.135
126500 2.26017 5.83502 3.27743 11.3726 315.199
126600 2.28844 5.67399 3.33038 11.2928 312.456
126700 2.31555 5.43938 3.41032 11.1652 300.956
126800 2.3129 5.68082 3.43255 11.4263 287.052
126900 2.34724 5.69849 3.39805 11.4438 300.171
127000 2.36125 5.56567 3.40505 11.332 303.908
127100 2.3353 5.53503 3.43355 11.3039 312.668
127200 2.28896 5.5339 3.43061 11.2535 311.54
127300 2.32625 5.62448 3.34514 11.2959 292.284
127400 2.30223 5.56157 3.30714 11.1709 290.204
127500 2.28858 5.61585 3.22823 11.1327 292.771
127600 2.26614 5.69752 3.18331 11.147 303.969
127700 2.2475 5.78526 3.17827 11.211 323.081
127800 2.23055 5.73666 3.166 11.1332 305.397
127900 2.25164 5.72214 3.22966 11.2034 296.072
128000 2.29857 5.64139 3.25984 11.1998 299.896
128100 2.33249 5.60438 3.25699 11.1939 300.577
128200 2.37514 5.56794 3.26921 11.2123 295.532
128300 2.44128 5.56835 3.3365 11.3461 278.629
128400 2.40846 5.48538 3.41596 11.3098 281.129
128500 2.38519 5.57927 3.48016 11.4446 301.191
128600 2.26634 5.55295 3.46119 11.2805 299.075
128700 2.35314 5.43499 3.33046 11.1186 310.023
128800 2.34315 5.47754 3.34211 11.1628 297.237
128900 2.27826 5.63603 3.39936 11.3137 286.934
129000 2.24688 5.59339 3.33951 11.1798 291.603
129100 2.19803 5.6277 3.38011 11.2058 292.347
129200 2.12808 5.77779 3.38838 11.2943 298.034
129300 2.23409 5.70929 3.40102 11.3444 301.48
129400 2.25304 5.7058 3.4328 11.3916 308.168
129500 2.34422 5.72291 3.42428 11.4914 289.403
129600 2.38475 5.6487 3.43969 11.4731 280.396
129700 2.43551 5.56276 3.53029 11.5286 287.856
129800 2.40563 5.52542 3.49935 11.4304 304.142
129900 2.35627 5.58219 3.44293 11.3814 304.228
130000 2.36902 5.63941 3.4404 11.4488 298.164
130100 2.31887 5.66063 3.37313 11.3526 290.238
130200 2.29937 5.64065 3.26461 11.2046 277.131
130300 2.33645 5.65534 3.17902 11.1708 289.372
130400 2.4098 5.80099 3.11454 11.3253 304.967
130500 2.32277 5.77004 3.18626 11.2791 307.524
130600 2.28672 5.78709 3.20822 11.282 298.96
130700 2.28634 5.74288 3.20686 11.2361 280.715
130800 2.26693 5.92922 3.19947 11.3956 298.987
130900 2.25606 6.01033 3.21918 11.4856 319.786
131000 2.27971 6.16678 3.21571 11.6622 304.116
131100 2.22404 6.00287 3.27209 11.499 304.341
131200 2.15765 5.87708 3.30171 11.3364 287.945
131300 2.17022 5.68489 3.35149 11.2066 285.625
131400 2.21883 5.67455 3.36433 11.2577 298.276
131500 2.25126 5.81008 3.40628 11.4676 304.756
131600 2.253 5.83249 3.3619 11.4474 303.691
131700 2.20037 5.75022 3.3382 11.2888 301.478
131800 2.19167 5.70825 3.29387 11.1938 306.659
131900 2.17398 5.75211 3.27802 11.2041 305.547
132000 2.18759 5.7479 3.34625 11.2817 290.101
132100 2.23395 5.76943 3.38955 11.3929 289.263
132200 2.30932 5.79603 3.50021 11.6056 295.059
132300 2.35572 5.77385 3.42787 11.5574 318.06
132400 2.40018 5.82885 3.41258 11.6416 310.063
132500 2.37364 5.7385 3.28409 11.3962 292.85
132600 2.36324 5.68508 3.32485 11.3732 295.711
132700 2.37747 5.76426 3.32744 11.4692 300.795
132800 2.37349 5.89884 3.41852 11.6908 305.143
132900 2.31919 5.77422 3.39851 11.4919 328.344
133000 2.3359 5.82863 3.35776 11.5223 324.346
133100 2.33393 6.03469 3.37077 11.7394 300.539
133200 2.30731 5.94416 3.36761 11.6191 294.228
133300 2.2028 5.9869 3.31029 11.5 303.677
133400 2.1937 5.91407 3.39341 11.5012 285.634
133500 2.3217 5.94728 3.48847 11.7575 292.157
133600 2.4364 5.87704 3.53361 11.847 288.752
133700 2.43622 5.97602 3.55181 11.9641 287.017
133800 2.41054 6.00426 3.55581 11.9706 298.934
133900 2.38277 6.00344 3.54339 11.9296 307.76
134000 2.35634 5.95839 3.49491 11.8096 310.164
134100 2.3123 5.98402 3.46524 11.7616 297.377
134200 2.34664 5.91406 3.35632 11.617 291.551
134300 2.36121 5.76931 3.3189 11.4494 299.73
134400 2.38567 5.81474 3.31234 11.5128 294.19
134500 2.42912 5.84596 3.29853 11.5736 301.032
134600 2.44322 5.6776 3.36235 11.4832 314.241
134700 2.42616 5.70939 3.34369 11.4792 313.632
134800 2.38362 5.8027 3.30286 11.4892 301.424
134900 2.35645 5.86952 3.38777 11.6137 292.155
135000 2.37486 5.85632 3.3935 11.6247 292.651
135100 2.38526 5.72667 3.42052 11.5324 305.352
135200 2.42502 5.8859 3.34682 11.6577 305.522
135300 2.40344 5.8188 3.36704 11.5893 308.137
135400 2.36274 5.75007 3.42083 11.5336 308.616
135500 2.38089 5.88461 3.38022 11.6457 295.672
135600 2.38821 5.87641 3.35832 11.6229 291.067
135700 2.35692 5.84858 3.29224 11.4977 297.952
135800 2.37767 5.77705 3.29358 11.4483 311.587
135900 2.33948 5.70755 3.38972 11.4368 312.419
136000 2.40079 5.84277 3.42251 11.6661 300.29
136100 2.42622 5.77262 3.38941 11.5882 293.605
136200 2.44338 5.82005 3.29771 11.5611 291.686
136300 2.41438 5.81259 3.27303 11.5 305.2
136400 2.38777 5.87522 3.22296 11.486 298.815
136500 2.44345 5.89686 3.22593 11.5662 300.204
136600 2.4117 6.07699 3.22306 11.7117 296.016
136700 2.41844 6.18887 3.32037 11.9277 302.352
136800 2.45609 5.99944 3.37924 11.8348 297.264
136900 2.48202 5.98016 3.34561 11.8078 314.544
137000 2.42147 5.92131 3.32248 11.6653 317.482
137100 2.42698 5.8906 3.30049 11.6181 309.98
137200 2.44661 5.7694 3.38407 11.6001 291.485
137300 2.43427 6.08249 3.31766 11.8344 296.772
137400 2.37776 6.10064 3.26295 11.7414 299.111
137500 2.41445 5.97442 3.35134 11.7402 313.851
137600 2.57714 5.78475 3.41802 11.7799 322.99
137700 2.56642 5.72778 3.38058 11.6748 319.217
137800 2.52391 5.93988 3.4494 11.9132 305.101
137900 2.4286 5.94754 3.45344 11.8296 305.168
138000 2.42636 5.93 3.36623 11.7226 288.165
138100 2.46155 5.73649 3.34165 11.5397 295.399
138200 2.46082 5.76095 3.30282 11.5246 300.025
138300 2.44404 5.88861 3.32499 11.6577 315.07
138400 2.42575 5.97331 3.34481 11.7439 316.519
138500 2.4315 6.0283 3.29149 11.7513 294.139
138600 2.42413 5.94247 3.15854 11.5251 294.127
138700 2.42306 6.04261 3.15323 11.6189 291.658
138800 2.40126 6.03981 3.11374 11.5548 304.097
138900 2.39916 6.08875 3.17327 11.6612 305.829
139000 2.4563 5.98303 3.25079 11.6901 310.932
139100 2.46997 5.88703 3.24291 11.5999 287.33
139200 2.50941 5.96263 3.258 11.73 286.679
139300 2.48816 5.96501 3.25561 11.7088 288.377
139400 2.47726 6.00535 3.35403 11.8366 304.261
139500 2.50799 5.97153 3.34795 11.8275 309.216
139600 2.50798 5.96235 3.34352 11.8138 298.731
139700 2.48562 5.94182 3.35336 11.7808 286.565
139800 2.46186 5.87593 3.31857 11.6564 278.741
139900 2.37934 6.02458 3.3164 11.7203 290.495
140000 2.47414 6.18967 3.39771 12.0615 293.741
140100 2.50664 6.11363 3.42553 12.0458 306.533
140200 2.51581 5.9907 3.38148 11.888 297.476
140300 2.4995 5.89737 3.38662 11.7835 296.02
140400 2.45519 6.05869 3.26081 11.7747 293.859
140500 2.43267 6.06983 3.27905 11.7815 277.075
140600 2.41894 6.06362 3.28624 11.7688 290.728
140700 2.36756 6.00498 3.24994 11.6225 301.645
140800 2.40826 5.98408 3.28211 11.6744 300.7
140900 2.44261 6.12363 3.33924 11.9055 301.738
141000 2.50073 6.0998 3.36348 11.964 303.712
141100 2.53754 6.15376 3.44161 12.1329 310.274
141200 2.58781 6.11414 3.41446 12.1164 300.709
141300 2.54228 5.94154 3.44967 11.9335 297.117
141400 2.61804 5.94311 3.43414 11.9953 286.465
141500 2.67954 5.97499 3.47914 12.1337 285.651
141600 2.64247 6.13728 3.48132 12.2611 301.237
141700 2.70864 6.19383 3.49252 12.395 315.425
141800 2.64814 6.15059 3.46005 12.2588 309.747
141900 2.63454 6.13525 3.43948 12.2093 291.203
142000 2.59667 6.16137 3.31687 12.0749 293.808
142100 2.65315 6.08382 3.38636 12.1233 297.229
142200 2.56507 5.97326 3.3504 11.8887 304.363
142300 2.52779 5.86071 3.33022 11.7187 294.263
142400 2.54424 5.86928 3.35596 11.7695 278.9
142500 2.59023 5.81426 3.36271 11.7672 282.854
142600 2.56518 5.8733 3.42795 11.8664 302.077
142700 2.49047 6.11495 3.51238 12.1178 302.804
142800 2.42927 6.22524 3.48738 12.1419 302.081
142900 2.3985 6.21925 3.44585 12.0636 292.229
143000 2.37868 6.17244 3.38405 11.9352 292.381
143100 2.4109 6.24234 3.43358 12.0868 298.939
143200 2.49548 6.18812 3.49385 12.1775 319.372
143300 2.51143 6.08335 3.44837 12.0431 303.705
143400 2.56036 6.01973 3.38476 11.9649 298.207
143500 2.56405 6.15407 3.29473 12.0128 282.684
143600 2.49317 6.1902 3.32866 12.012 290.064
143700 2.47968 6.05767 3.29593 11.8333 301.682
143800 2.39929 6.10864 3.30698 11.8149 299.393
143900 2.38162 6.11431 3.31873 11.8147 304.518
144000 2.3579 6.01508 3.28765 11.6606 297.756
144100 2.43983 6.09518 3.29651 11.8315 276.362
144200 2.46177 6.0508 3.35148 11.8641 279.359
144300 2.41375 6.06161 3.39878 11.8741 298.406
144400 2.41447 5.94724 3.44022 11.8019 302.567
144500 2.47136 5.89283 3.3696 11.7338 301.568
144600 2.48811 5.83729 3.32474 11.6501 307.703
144700 2.50137 5.8995 3.26938 11.6703 302.019
144800 2.49314 5.85944 3.30403 11.6566 290.543
144900 2.5562 5.93519 3.30681 11.7982 283.384
145000 2.55159 6.01017 3.29465 11.8564 298.041
145100 2.46791 5.94819 3.30218 11.7183 314.171
145200 2.52755 5.92629 3.29218 11.746 305.731
145300 2.44925 5.96914 3.32765 11.7461 297.218
145400 2.4234 6.0983 3.31616 11.8379 295.248
145500 2.41291 6.06814 3.34973 11.8308 277.117
145600 2.43924 6.03987 3.34923 11.8283 278.444
145700 2.47748 6.02815 3.29574 11.8014 291.244
145800 2.51627 6.06332 3.28223 11.8618 293.995
145900 2.51842 6.00667 3.30327 11.8284 305.127
146000 2.4617 5.95164 3.26197 11.6753 307.216
146100 2.41843 6.12456 3.22922 11.7722 295.764
146200 2.43292 6.15437 3.25544 11.8427 317.439
146300 2.53072 6.12117 3.28466 11.9365 319.281
146400 2.5392 5.9927 3.32027 11.8522 292.664
146500 2.50023 6.08686 3.38101 11.9681 288.615
146600 2.45164 6.11374 3.40584 11.9712 303.84
146700 2.45879 6.06244 3.43922 11.9604 310.209
146800 2.55198 6.09678 3.48359 12.1323 318.891
146900 2.50165 6.24761 3.53291 12.2822 312.149
147000 2.49955 6.28704 3.54486 12.3315 296.785
147100 2.53464 6.2959 3.56186 12.3924 293.975
147200 2.5421 6.17046 3.64732 12.3599 287.617
147300 2.56633 6.23449 3.61246 12.4133 304.128
147400 2.62813 6.22832 3.57355 12.43 321.259
147500 2.68188 6.39048 3.55376 12.6261 303.52
147600 2.68775 6.21833 3.57348 12.4796 303.102
147700 2.63636 6.32951 3.59037 12.5562 292.214
147800 2.59735 6.31908 3.58619 12.5026 300.169
147900 2.51832 6.30801 3.50952 12.3358 300.356
148000 2.50677 6.21517 3.47973 12.2017 286.534
148100 2.49907 6.27843 3.38167 12.1592 275.236
148200 2.52928 6.20873 3.3401 12.0781 286.252
148300 2.53878 6.18618 3.28194 12.0069 305.309
148400 2.58479 6.20363 3.31663 12.1051 306.355
148500 2.67942 6.04224 3.38669 12.1084 309.395
148600 2.6517 6.1785 3.37732 12.2075 294.963
148700 2.61171 6.23701 3.35906 12.2078 283.673
148800 2.55704 6.21959 3.38327 12.1599 297.542
148900 2.52882 6.13611 3.33059 11.9955 295.239
149000 2.52988 6.03214 3.36242 11.9244 307.569
149100 2.43055 6.08576 3.4779 11.9942 315.258
149200 2.44254 6.17162 3.43964 12.0538 339.594
149300 2.42398 6.09749 3.44095 11.9624 311.227
149400 2.50219 6.06113 3.49211 12.0554 305.387
149500 2.44962 6.17831 3.50501 12.1329 293.767
149600 2.47229 6.1133 3.47341 12.059 298.867
149700 2.47378 6.11681 3.38103 11.9716 297.87
149800 2.43211 6.11248 3.30967 11.8543 296.76
149900 2.4563 6.2877 3.26107 12.0051 302.549
150000 2.49213 6.30927 3.23815 12.0395 302.712
150100 2.46983 6.16141 3.26191 11.8932 313.947
150200 2.51989 6.11574 3.26114 11.8968 313.311
150300 2.56675 6.07145 3.31323 11.9514 288.445
150400 2.5303 6.10906 3.34049 11.9799 289.96
150500 2.5396 6.13067 3.2958 11.9661 296.001
150600 2.56254 6.23607 3.30478 12.1034 306.839
150700 2.60683 6.24074 3.32398 12.1716 304.408
150800 2.63441 6.33774 3.30584 12.278 303.289
150900 2.62538 6.21281 3.38077 12.219 299.662
151000 2.58289 6.18072 3.41149 12.1751 282.145
151100 2.54849 6.09863 3.40561 12.0527 275.643
151200 2.54509 6.23869 3.38847 12.1723 285.897
151300 2.57267 6.2066 3.38379 12.1631 292.857
151400 2.48865 6.35454 3.3489 12.1921 297.264
151500 2.51031 6.31472 3.34074 12.1658 316.079
151600 2.5196 6.16575 3.29858 11.9839 303.323
151700 2.47083 6.23505 3.21715 11.923 283.387
151800 2.54626 6.14195 3.26492 11.9531 291.068
151900 2.59451 6.05961 3.32012 11.9742 293.444
152000 2.61122 6.14307 3.36886 12.1232 305.737
152100 2.59359 6.14356 3.3597 12.0969 304.589
152200 2.56801 6.01745 3.41753 12.003 301.315
152300 2.54149 5.9237 3.47811 11.9433 304.645
152400 2.5086 5.99995 3.40163 11.9102 293.939
152500 2.51734 5.96784 3.32852 11.8137 275.551
152600 2.45729 5.99121 3.28568 11.7342 286.413
152700 2.47266 5.9861 3.31522 11.774 309.339
152800 2.48282 5.98125 3.36889 11.833 313.883
152900 2.51949 5.96755 3.40642 11.8935 301.509
153000 2.51074 6.02908 3.42298 11.9628 286.538
153100 2.4585 6.02638 3.40593 11.8908 295.35
153200 2.46538 5.92739 3.40875 11.8015 298.596
153300 2.51493 5.90331 3.35213 11.7704 303.524
153400 2.56791 6.09386 3.32396 11.9857 297.373
153500 2.52687 6.13769 3.38848 12.053 295.553
153600 2.42549 6.13894 3.47123 12.0357 315.879
153700 2.40476 6.2949 3.45259 12.1522 313.691
153800 2.44609 6.2103 3.48757 12.144 315.342
153900 2.48565 6.03085 3.46397 11.9805 295.859
154000 2.49993 6.14528 3.42546 12.0707 290.729
154100 2.46513 5.97371 3.36677 11.8056 298.439
154200 2.43548 5.97243 3.31655 11.7245 318.354
154300 2.43256 5.85388 3.29695 11.5834 315.502
154400 2.49118 5.9003 3.30181 11.6933 304.076
154500 2.55394 5.90997 3.28093 11.7448 291.671
154600 2.57985 5.91456 3.31959 11.814 289.865
154700 2.50257 5.97911 3.31573 11.7974 303.742
154800 2.47745 5.99979 3.32147 11.7987 322.573
154900 2.47274 5.98257 3.25106 11.7064 299.811
155000 2.51553 5.83667 3.30582 11.658 288.682
155100 2.46809 5.80654 3.28585 11.5605 295.279
155200 2.40207 5.91656 3.32555 11.6442 287.273
155300 2.40687 6.01533 3.25488 11.6771 310.612
155400 2.43264 6.10926 3.35372 11.8956 320.168
155500 2.44453 6.12889 3.36925 11.9427 296.505
155600 2.50759 6.05841 3.43853 12.0045 299.803
155700 2.53135 5.96991 3.38134 11.8826 299.045
155800 2.56486 6.00304 3.43554 12.0034 294.706
155900 2.58139 6.13278 3.39283 12.107 313.717
156000 2.57194 6.00288 3.36706 11.9419 322.756
156100 2.5694 5.90759 3.35989 11.8369 302.094
156200 2.56075 5.91466 3.2785 11.7539 299.008
156300 2.549 5.83373 3.1919 11.5746 301.323
156400 2.48644 5.72339 3.25837 11.4682 296.175
156500 2.46355 5.87248 3.27705 11.6131 303.983
156600 2.43355 5.947 3.29958 11.6801 324.442
156700 2.42472 5.85772 3.28983 11.5723 321.354
156800 2.50787 5.84658 3.36953 11.724 302.357
156900 2.59615 5.80202 3.32173 11.7199 298.304
157000 2.54414 5.75433 3.33589 11.6344 295.282
157100 2.50994 5.78949 3.29629 11.5957 302.475
157200 2.54239 5.89063 3.29875 11.7318 311.252
157300 2.52015 5.97614 3.32894 11.8252 323.174
157400 2.64271 6.00039 3.38917 12.0323 300.707
157500 2.66576 5.99246 3.33366 11.9919 299.213
157600 2.60871 6.00993 3.42474 12.0434 287.679
157700 2.56295 6.11163 3.38852 12.0631 300.655
157800 2.53807 6.14464 3.43126 12.114 314.882
157900 2.53204 6.10452 3.34981 11.9864 315.581
158000 2.53517 6.23325 3.43889 12.2073 309.767
158100 2.53375 6.20452 3.36351 12.1018 298.367
158200 2.55049 6.218 3.43106 12.1996 303.303
158300 2.57445 6.19743 3.46216 12.234 287.376
158400 2.59251 6.1056 3.48131 12.1794 282.292
158500 2.57311 6.17716 3.50674 12.257 283.984
158600 2.5299 6.12415 3.5415 12.1955 301.099
158700 2.5737 6.15326 3.48931 12.2163 310.582
158800 2.5593 6.259 3.46942 12.2877 302.896
158900 2.50129 6.22619 3.39907 12.1265 293.182
159000 2.49076 6.07303 3.45328 12.0171 284.023
159100 2.51927 6.10343 3.42445 12.0472 279.527
159200 2.55872 6.1283 3.43278 12.1198 274.255
159300 2.62095 6.15885 3.43743 12.2172 285.363
159400 2.60794 6.18384 3.49285 12.2846 304.816
159500 2.6027 6.13286 3.48686 12.2224 308.663
159600 2.54359 5.97639 3.44337 11.9634 296.11
159700 2.56159 6.10904 3.39576 12.0664 292.494
159800 2.5076 6.24893 3.35704 12.1136 290.839
159900 2.55663 6.18968 3.36518 12.1115 276.378
160000 2.58943 6.09014 3.43923 12.1188 270.552
160100 2.52981 6.05899 3.41341 12.0022 287.199
160200 2.43788 6.20466 3.4517 12.0942 300.377
160300 2.43582 6.21545 3.42153 12.0728 310.849
160400 2.52824 6.11759 3.35765 12.0035 313.274
160500 2.55717 6.06048 3.37314 11.9908 289.494
160600 2.62158 6.11782 3.4343 12.1737 287.203
160700 2.66651 6.07614 3.39735 12.14 299.886
160800 2.63214 5.97173 3.351 11.9549 298.48
160900 2.56003 6.0774 3.34723 11.9847 298.508
161000 2.44623 6.04465 3.39961 11.8905 302.929
161100 2.41547 6.17682 3.32476 11.9171 301.1
161200 2.46193 6.2222 3.32843 12.0126 297.914
161300 2.4735 5.99314 3.38355 11.8502 290.583
161400 2.55155 6.15333 3.38253 12.0874 287.629
161500 2.593 6.08982 3.3415 12.0243 286.757
161600 2.50762 6.10997 3.37541 11.993 300.043
161700 2.51669 6.06244 3.43975 12.0189 301.049
161800 2.61704 6.02267 3.44132 12.081 308.706
161900 2.59383 6.01117 3.42377 12.0288 294.785
162000 2.50838 6.21611 3.391 12.1155 285.226
162100 2.48964 6.15525 3.38473 12.0296 281.452
162200 2.57949 6.20225 3.36941 12.1511 289.205
162300 2.5632 6.08363 3.44967 12.0965 302.714
162400 2.53066 6.07295 3.44387 12.0475 300.206
162500 2.46461 6.06046 3.3785 11.9036 295.085
162600 2.55038 6.01901 3.31758 11.887 317.081
162700 2.5235 6.02024 3.26129 11.805 320.61
162800 2.56025 5.96209 3.27979 11.8021 303.486
162900 2.59489 6.024 3.29625 11.9151 295.169
163000 2.64087 6.06541 3.29127 11.9976 297.924
163100 2.67296 5.93622 3.31889 11.9281 296.767
163200 2.69521 5.94001 3.31904 11.9543 314.674
163300 2.67019 5.99235 3.32384 11.9864 317.067
163400 2.5698 5.97062 3.41417 11.9546 302.716
163500 2.52847 6.25128 3.38982 12.1696 290.658
163600 2.47515 6.21909 3.40758 12.1018 289.132
163700 2.4185 6.19942 3.34477 11.9627 309.033
163800 2.49744 6.07098 3.3743 11.9427 302.837
163900 2.45025 5.92393 3.3734 11.7476 298.935
164000 2.46053 6.04723 3.34892 11.8567 283.577
164100 2.4691 6.12999 3.39517 11.9943 283.036
164200 2.53067 6.18451 3.41159 12.1268 289.22
164300 2.56265 6.1165 3.40934 12.0885 299.331
164400 2.5574 6.14346 3.43159 12.1325 299.584
164500 2.52302 6.15966 3.4837 12.1664 308.671
164600 2.54361 6.14804 3.5748 12.2664 310.276
164700 2.61028 6.07483 3.52641 12.2115 286.515
164800 2.57423 5.98609 3.44174 12.0021 292.178
164900 2.54338 6.03367 3.34252 11.9196 297.976
165000 2.51797 6.09789 3.39148 12.0073 309.909
165100 2.54029 6.22514 3.422 12.1874 317.273
165200 2.53361 6.22891 3.44016 12.2027 310.639
165300 2.6084 6.17826 3.44663 12.2333 299.171
165400 2.60107 5.96616 3.36978 11.937 292.438
165500 2.61466 6.05654 3.26603 11.9372 306.738
165600 2.57446 6.15992 3.2708 12.0052 307.793
165700 2.55644 6.24279 3.30866 12.1079 290.463
165800 2.42911 6.21631 3.26007 11.9055 302.95
165900 2.39942 6.01315 3.33715 11.7497 319.86
166000 2.41439 5.9743 3.3616 11.7503 306.847
166100 2.41816 6.02067 3.31098 11.7498 292.565
166200 2.44327 5.97042 3.32169 11.7354 295.292
166300 2.37011 6.00099 3.4063 11.7774 294.826
166400 2.46807 6.02751 3.47681 11.9724 309.035
166500 2.5414 5.97853 3.50827 12.0282 324.722
166600 2.61435 6.0591 3.55076 12.2242 319.765
166700 2.63343 6.02236 3.49002 12.1458 303.969
166800 2.53895 6.22421 3.43957 12.2027 297.235
166900 2.57356 6.22945 3.43681 12.2398 297.529
167000 2.68308 6.10296 3.4028 12.1888 296.87
167100 2.67972 6.01327 3.44421 12.1372 307.645
167200 2.6821 6.01078 3.40724 12.1001 310.934
167300 2.6703 6.02783 3.33216 12.0303 305.55
167400 2.6074 6.11335 3.35864 12.0794 297.442
167500 2.50132 6.02723 3.41232 11.9409 292.373
167600 2.47199 5.78265 3.38199 11.6366 290.339
167700 2.41798 5.66683 3.27454 11.3594 295.219
167800 2.42415 5.78737 3.24221 11.4537 317.139
167900 2.44845 5.82215 3.19331 11.4639 302.718
168000 2.54007 5.83015 3.17115 11.5414 295.391
168100 2.51866 5.89768 3.16035 11.5767 280.522
168200 2.60443 5.76863 3.22239 11.5954 296.968
168300 2.57373 5.76766 3.22638 11.5678 321.842
168400 2.5929 5.86782 3.30582 11.7665 304.104
168500 2.57992 5.83722 3.33727 11.7544 296.585
168600 2.5679 5.79398 3.41588 11.7778 297.106
168700 2.54773 5.68331 3.37602 11.6071 299.494
168800 2.54551 5.64392 3.36401 11.5534 316.875
168900 2.5353 5.58402 3.37122 11.4905 323.001
169000 2.46445 5.70616 3.35021 11.5208 306.682
169100 2.52203 5.74891 3.36384 11.6348 297.095
169200 2.54028 5.79074 3.39612 11.7271 293.207
169300 2.50158 6.01554 3.36159 11.8787 305.993
169400 2.54342 6.1139 3.35689 12.0142 313.593
169500 2.61589 6.05788 3.34478 12.0185 317.31
169600 2.63523 5.89075 3.34906 11.875 298.349
169700 2.64965 5.87228 3.33301 11.8549 293.96
169800 2.64343 5.90209 3.34607 11.8916 297.097
169900 2.54773 5.95383 3.3745 11.8761 305.583
170000 2.54889 5.97115 3.41076 11.9308 312.882
170100 2.5379 5.96569 3.55368 12.0573 328.096
170200 2.51776 5.96074 3.61296 12.0915 309.697
170300 2.50093 6.13467 3.64965 12.2852 291.239
170400 2.4693 6.04013 3.56285 12.0723 296.38
170500 2.52921 6.09568 3.45741 12.0823 303.019
170600 2.61257 6.04185 3.33248 11.9869 303.749
170700 2.69854 6.15787 3.2829 12.1393 312.333
170800 2.66951 6.05814 3.30629 12.0339 311.432
170900 2.65107 6.11902 3.32796 12.098 295.78
171000 2.61952 6.20804 3.36476 12.1923 297.43
171100 2.64014 6.17974 3.4286 12.2485 288.987
171200 2.60626 6.03022 3.46658 12.1031 294.654
171300 2.54352 5.90551 3.50772 11.9568 311.85
171400 2.5551 5.95201 3.428 11.9351 314.604
171500 2.59864 6.00762 3.3166 11.9229 326.299
171600 2.64783 5.95669 3.41312 12.0176 317.646
171700 2.565 6.05579 3.37746 11.9982 299.37
171800 2.5373 6.09053 3.3311 11.9589 294.767
171900 2.50844 6.07675 3.47297 12.0582 293.144
172000 2.48762 6.00237 3.4587 11.9487 313.222
172100 2.48185 5.99091 3.5373 12.0101 315.939
172200 2.50696 6.0047 3.436 11.9477 314.376
172300 2.50971 6.07366 3.40784 11.9912 297.752
172400 2.54558 5.99443 3.41463 11.9546 284.813
172500 2.60037 5.99718 3.3349 11.9325 296.358
172600 2.61879 6.21335 3.36287 12.195 320.548
172700 2.57465 6.26158 3.41963 12.2559 309.613
172800 2.57882 6.1835 3.31807 12.0804 294.313
172900 2.58074 6.08007 3.39928 12.0601 286.038
173000 2.59826 6.24437 3.43747 12.2801 291.715
173100 2.62942 6.23299 3.44454 12.307 307.009
173200 2.63231 6.03748 3.47768 12.1475 320.192
173300 2.56975 6.02812 3.42918 12.027 293.223
173400 2.51189 5.92878 3.41706 11.8577 282.778
173500 2.54596 6.01522 3.43524 11.9964 295.978
173600 2.54102 6.07435 3.44205 12.0574 316.578
173700 2.47721 6.11405 3.50989 12.1012 315.245
173800 2.48231 5.96806 3.53631 11.9867 302.8
173900 2.46208 5.84285 3.44184 11.7468 292.137
174000 2.4825 5.88528 3.39701 11.7648 296.379
174100 2.5951 5.99346 3.40388 11.9924 305.76
174200 2.64695 6.12026 3.33524 12.1024 311.159
174300 2.5852 6.1899 3.26028 12.0354 310.827
174400 2.50935 6.1967 3.28401 11.9901 310.36
174500 2.49234 6.08595 3.3366 11.9149 289.013
174600 2.50539 6.04409 3.34278 11.8923 297.845
174700 2.50418 5.98093 3.4535 11.9386 299.262
174800 2.50275 5.91084 3.49025 11.9038 309.965
174900 2.55951 5.77553 3.39602 11.7311 319.874
175000 2.56366 5.83005 3.35813 11.7518 306.883
175100 2.60807 5.78155 3.29531 11.6849 292.133
175200 2.58974 5.88873 3.34371 11.8222 290.043
175300 2.53776 5.91138 3.37201 11.8212 303.887
175400 2.47485 6.04902 3.32749 11.8514 314.425
175500 2.53644 5.9134 3.35452 11.8044 301.185
175600 2.51218 5.84789 3.36449 11.7246 291.645
175700 2.512 5.93551 3.27412 11.7216 288.933
175800 2.50776 5.92517 3.26958 11.7025 298.721
175900 2.50478 5.94448 3.36911 11.8184 307.059
176000 2.6106 6.05967 3.36895 12.0392 309.618
176100 2.72773 5.95882 3.41186 12.0984 318.867
176200 2.75918 6.04621 3.45843 12.2638 330.322
176300 2.69216 6.05944 3.4942 12.2458 307.989
176400 2.65504 5.92997 3.52856 12.1136 305.25
176500 2.63379 5.91919 3.52787 12.0808 287.814
176600 2.58973 5.93786 3.53522 12.0628 293.048
176700 2.56118 5.90107 3.36993 11.8322 310.304
176800 2.60366 5.86374 3.27416 11.7416 306.615
176900 2.63163 5.83737 3.31579 11.7848 308.658
177000 2.57949 5.76012 3.34894 11.6886 306.824
177100 2.51799 5.82297 3.3776 11.7186 303.096
177200 2.5016 5.77583 3.32736 11.6048 286.378
177300 2.51116 5.73192 3.25717 11.5002 294.393
177400 2.54996 5.74703 3.23476 11.5317 306.5
177500 2.64826 5.78891 3.27915 11.7163 320.476
177600 2.63654 5.80157 3.33792 11.776 308.222
177700 2.57257 5.82679 3.34558 11.7449 297.633
177800 2.51695 5.9967 3.22514 11.7388 293.07
177900 2.44038 5.94387 3.25648 11.6407 293.939
178000 2.4095 6.0663 3.35762 11.8334 308.752
178100 2.37512 6.06968 3.38102 11.8258 302.432
178200 2.42075 6.05144 3.37794 11.8501 284.55
178300 2.44885 5.95872 3.34198 11.7495 283.222
178400 2.49973 5.87748 3.43604 11.8132 298.59
178500 2.58249 5.73289 3.43407 11.7495 303.45
178600 2.64833 5.68939 3.43611 11.7738 310.774
178700 2.60632 5.8073 3.42933 11.8429 302.707
178800 2.5353 5.92447 3.42258 11.8824 286.456
178900 2.50099 6.01018 3.41231 11.9235 284.563
179000 2.58634 5.99889 3.4252 12.0104 300.104
179100 2.64906 6.1184 3.37141 12.1389 303.729
179200 2.74105 6.05151 3.41063 12.2032 307.973
179300 2.71769 5.9405 3.40231 12.0605 299.36
179400 2.70618 6.06264 3.40472 12.1735 288.951
179500 2.60365 6.0855 3.43227 12.1214 286.588
179600 2.57249 6.00829 3.43781 12.0186 293.745
179700 2.51678 6.07605 3.50291 12.0957 307.639
179800 2.41524 6.13417 3.51519 12.0646 312.829
179900 2.41917 6.25716 3.44497 12.1213 310.611
180000 2.52534 6.13511 3.46519 12.1256 292.994
180100 2.63411 5.95488 3.37423 11.9632 290.998
180200 2.64557 6.11657 3.37478 12.1369 304.999
180300 2.62359 6.0023 3.37338 11.9993 310.215
180400 2.63221 6.04376 3.4655 12.1415 292.602
180500 2.64618 6.07803 3.55751 12.2817 280.742
180600 2.63186 5.9559 3.56366 12.1514 284.132
180700 2.57014 5.98218 3.55832 12.1106 299.696
180800 2.46983 5.99624 3.40821 11.8743 315.768
180900 2.39142 5.98296 3.396 11.7704 301.615
181000 2.41367 6.1958 3.37835 11.9878 282.71
181100 2.45472 6.22573 3.38886 12.0693 289.935
181200 2.52986 6.23261 3.40145 12.1639 308.979
181300 2.54115 6.24786 3.41075 12.1998 308.158
181400 2.61789 6.15713 3.4503 12.2253 308.026
181500 2.63157 6.28254 3.50969 12.4238 289.57
181600 2.62692 6.27555 3.50602 12.4085 286.923
181700 2.65004 6.23404 3.47363 12.3577 306.538
181800 2.59459 6.15723 3.45812 12.2099 323.55
181900 2.58466 6.06784 3.39333 12.0458 317.898
182000 2.57132 6.08935 3.42892 12.0896 295.882
182100 2.64977 6.04616 3.49772 12.1936 286.658
182200 2.6851 6.11488 3.46632 12.2663 294.026
182300 2.6745 6.08494 3.37623 12.1357 307.523
182400 2.67071 6.0499 3.36375 12.0844 321.527
182500 2.60287 6.05649 3.29691 11.9563 294.502
182600 2.62305 6.10532 3.34013 12.0685 285.817
182700 2.57927 6.06196 3.41687 12.0581 296.995
182800 2.6112 6.08717 3.51098 12.2093 299.995
182900 2.57981 6.04126 3.55132 12.1724 309.433
183000 2.58133 6.04737 3.59031 12.219 307.631
183100 2.47288 6.11509 3.49105 12.079 294.586
183200 2.36803 6.08445 3.48462 11.9371 282.128
183300 2.3562 5.94377 3.47343 11.7734 292.641
183400 2.34849 6.08886 3.42827 11.8656 305.622
183500 2.31537 6.21705 3.48875 12.0212 300.803
183600 2.36698 6.14714 3.42098 11.9351 303.727
183700 2.46148 6.07552 3.35037 11.8874 309.286
183800 2.47028 6.22057 3.36912 12.06 291.21
183900 2.4716 6.20213 3.43117 12.1049 291.7
184000 2.50019 6.22038 3.45769 12.1783 313.768
184100 2.50569 6.06038 3.36974 11.9358 296.654
184200 2.47333 5.95364 3.29514 11.7221 289.623
184300 2.43401 5.93629 3.38258 11.7529 286.113
184400 2.48482 6.0926 3.38624 11.9637 276.2
184500 2.4896 6.03375 3.45734 11.9807 290.379
184600 2.49619 5.9604 3.42095 11.8775 305.767
184700 2.47797 6.19165 3.5021 12.1717 309.809
184800 2.52625 6.19137 3.42014 12.1378 297.334
184900 2.49809 6.13228 3.43404 12.0644 285.646
185000 2.47644 6.14854 3.47351 12.0985 287.584
185100 2.50088 6.08942 3.50164 12.0919 302.943
185200 2.5296 6.18143 3.48634 12.1974 310.189
185300 2.58429 6.13595 3.38165 12.1019 305.403
185400 2.59526 6.06442 3.32432 11.984 295.256
185500 2.60448 6.17992 3.33271 12.1171 293.497
185600 2.53948 6.19217 3.28946 12.0211 294.385
185700 2.4745 6.06046 3.29711 11.8321 275.514
185800 2.38603 6.08605 3.31978 11.7919 273.097
185900 2.4176 5.94897 3.3769 11.7435 294.647
186000 2.52148 5.97291 3.37606 11.8704 292.056
186100 2.55815 5.94416 3.43286 11.9352 306.713
186200 2.56738 6.01252 3.41135 11.9913 311.861
186300 2.61925 5.9626 3.41351 11.9954 296.313
186400 2.62997 6.19447 3.4509 12.2753 291.534
186500 2.6326 6.08574 3.40516 12.1235 288.043
186600 2.58204 6.18726 3.49479 12.2641 289.112
186700 2.5519 6.21298 3.52348 12.2884 295.676
186800 2.53289 6.15655 3.54728 12.2367 310.236
186900 2.57617 6.06783 3.44304 12.087 302.444
187000 2.50648 6.07463 3.32149 11.9026 295.91
187100 2.47345 6.05781 3.25472 11.786 282.063
187200 2.45778 6.17474 3.23803 11.8705 297.843
187300 2.47357 6.09639 3.3025 11.8725 315.087
187400 2.55828 6.11192 3.43177 12.102 303.873
187500 2.59277 6.12576 3.43237 12.1509 295.27
187600 2.55528 6.10804 3.45507 12.1184 292.449
187700 2.57004 6.10653 3.46915 12.1457 292.523
187800 2.50652 5.98502 3.49296 11.9845 313.345
187900 2.47568 5.94323 3.47095 11.8899 315.932
188000 2.38301 5.99457 3.46562 11.8432 294.137
188100 2.40469 6.07122 3.50203 11.9779 299.023
188200 2.44274 6.0869 3.51099 12.0406 297.836
188300 2.43899 6.0927 3.4721 12.0038 292.732
188400 2.47568 6.2569 3.46947 12.2021 307.692
188500 2.5701 6.26827 3.42403 12.2624 317.042
188600 2.56399 6.31987 3.37796 12.2618 300.481
188700 2.51599 6.37315 3.3479 12.237 292.755
188800 2.54097 6.29175 3.30177 12.1345 296.74
188900 2.51508 6.21299 3.26277 11.9908 291.365
189000 2.51778 6.24085 3.24518 12.0038 310.686
189100 2.49698 6.22477 3.36305 12.0848 314.616
189200 2.50848 6.21418 3.42945 12.1521 298.988
189300 2.43339 6.324 3.43541 12.1928 298.206
189400 2.51433 6.21243 3.44556 12.1723 290.302
189500 2.60565 6.06243 3.46514 12.1332 293.274
189600 2.63648 6.06911 3.43533 12.1409 304.006
189700 2.56003 6.21232 3.39527 12.1676 298.837
189800 2.54282 5.96445 3.36636 11.8736 301.915
189900 2.54275 6.10115 3.3706 12.0145 294.898
190000 2.56067 6.04756 3.30016 11.9084 290.019
190100 2.58848 6.0741 3.39716 12.0597 276.898
190200 2.60837 5.9571 3.37573 11.9412 286.253
190300 2.6605 6.08066 3.36162 12.1028 305.17
190400 2.5474 6.01244 3.44669 12.0065 293.998
190500 2.47948 6.04481 3.35921 11.8835 299.83
190600 2.46625 6.01133 3.40897 11.8866 315.508
190700 2.51652 6.03149 3.28919 11.8372 324.47
190800 2.53364 6.29557 3.32482 12.154 291.503
190900 2.56316 6.22277 3.42123 12.2072 293.569
191000 2.56654 6.15886 3.46648 12.1919 292.131
191100 2.49343 6.00225 3.55008 12.0458 312.206
191200 2.48655 6.00729 3.52553 12.0194 308.907
191300 2.49422 6.00152 3.40917 11.9049 299.559
191400 2.50314 5.93676 3.27866 11.7186 288.824
191500 2.57214 6.02904 3.27562 11.8768 293.84
191600 2.68922 6.0878 3.24853 12.0255 302.626
191700 2.74443 5.95393 3.2804 11.9788 309.741
191800 2.69292 6.06547 3.21699 11.9754 310.118
191900 2.64454 6.29913 3.20762 12.1513 299.02
192000 2.57444 6.11918 3.26156 11.9552 281.338
192100 2.54686 6.06787 3.3297 11.9444 302.239
192200 2.58026 6.11667 3.449 12.1459 298.39
192300 2.60925 5.98495 3.5198 12.114 305.527
192400 2.58543 5.99452 3.54677 12.1267 301.717
192500 2.60074 6.04805 3.60845 12.2572 295.793
192600 2.54084 6.16657 3.5852 12.2926 279.019
192700 2.49146 6.2647 3.55342 12.3096 299.975
192800 2.44814 6.29281 3.4498 12.1907 305.326
192900 2.44538 6.26448 3.40264 12.1125 303.853
193000 2.48403 6.16548 3.31362 11.9631 297.594
193100 2.43115 6.27873 3.29952 12.0094 293.569
193200 2.39123 6.37954 3.24792 12.0187 286.053
193300 2.43666 6.34459 3.21972 12.001 295.962
193400 2.43885 6.30491 3.36308 12.1068 304.136
193500 2.36865 6.40945 3.4005 12.1786 295.63
193600 2.34861 6.33557 3.43927 12.1234 303.426
193700 2.41497 6.22774 3.47498 12.1177 306.919
193800 2.40504 6.28773 3.45462 12.1474 287.534
193900 2.38407 6.4206 3.49949 12.3042 279.631
194000 2.42406 6.26633 3.41595 12.1063 311.57
194100 2.51406 6.10656 3.33977 11.9604 309.489
194200 2.58811 6.09888 3.29128 11.9783 293.115
194300 2.61004 6.10851 3.26453 11.9831 293.207
194400 2.47993 6.20682 3.28516 11.9719 308.492
194500 2.47986 6.24573 3.25816 11.9838 306.97
194600 2.42707 6.13263 3.3598 11.9195 305.815
194700 2.43017 6.142 3.30738 11.8796 297.137
194800 2.33629 6.18023 3.29435 11.8109 293.808
194900 2.3428 6.10367 3.28598 11.7324 291.792
195000 2.4452 6.01245 3.36658 11.8242 280.858
195100 2.49375 6.0304 3.46278 11.9869 296.599
195200 2.47317 6.03882 3.40025 11.9122 308.638
195300 2.49183 5.96891 3.36737 11.8281 301.083
195400 2.4876 6.10493 3.41163 12.0042 298.857
195500 2.4438 6.24874 3.44375 12.1363 288.141
195600 2.32571 6.31984 3.46761 12.1132 277.721
195700 2.34395 6.2356 3.35642 11.936 295.837
195800 2.34396 6.24763 3.26917 11.8608 308.842
195900 2.31972 6.18935 3.22513 11.7342 300.318
196000 2.34511 6.33414 3.15233 11.8316 297.954
196100 2.40393 6.32809 3.1064 11.8384 291.637
196200 2.35906 6.11327 3.11159 11.5839 298.842
196300 2.35333 6.04923 3.16847 11.571 310.89
196400 2.36246 6.17991 3.20109 11.7435 308.744
196500 2.41719 6.17892 3.27225 11.8684 297.382
196600 2.37914 6.34896 3.3461 12.0742 290.701
196700 2.48542 6.29425 3.37617 12.1558 283.694
196800 2.50199 6.08556 3.33674 11.9243 310.442
196900 2.57515 6.13439 3.22234 11.9319 305.193
197000 2.53788 6.1146 3.27413 11.9266 311.512
197100 2.46715 6.27834 3.33059 12.0761 291.062
197200 2.40625 6.3544 3.32158 12.0822 283.44
197300 2.406 6.39409 3.34108 12.1412 305.445
197400 2.46738 6.30008 3.2536 12.0211 317.822
197500 2.5005 6.13343 3.25806 11.892 298.015
197600 2.50855 6.21325 3.25527 11.9771 297.894
197700 2.52859 6.4172 3.34991 12.2957 298.869
197800 2.45785 6.37117 3.4812 12.3102 290.411
197900 2.4074 6.34624 3.51602 12.2697 278.009
198000 2.42574 6.37441 3.57836 12.3785 287.049
198100 2.44075 6.38236 3.60911 12.4322 300.681
198200 2.43456 6.40158 3.60042 12.4366 307.753
198300 2.50699 6.29904 3.55675 12.3628 305.066
198400 2.56823 6.20203 3.5172 12.2875 291.488
198500 2.59125 6.29531 3.52888 12.4154 276.703
198600 2.60842 6.30876 3.45528 12.3725 294.965
198700 2.49543 6.30772 3.4278 12.231 296.529
198800 2.46969 6.27531 3.4173 12.1623 306.803
198900 2.48438 6.30264 3.38481 12.1718 302.179
199000 2.51749 6.36617 3.3593 12.243 291.666
199100 2.6074 6.33187 3.3663 12.3056 290.835
199200 2.61601 6.22512 3.41738 12.2585 292.299
199300 2.59682 6.1954 3.44448 12.2367 307.343
199400 2.58264 6.23887 3.43429 12.2558 314.467
199500 2.56934 6.22016 3.40012 12.1896 299.685
199600 2.55121 6.13734 3.43705 12.1256 298.473
199700 2.47224 6.0807 3.30762 11.8606 294.945
199800 2.39175 6.09621 3.27251 11.7605 292.474
199900 2.39389 6.11991 3.26279 11.7766 304.866
200000 2.44037 6.22917 3.29101 11.9605 303.496
