# Time-averaged data for fix myRDF
# TimeStep Number-of-rows
# Row r g1(r) coor1(r) ...
0 100
1 0.025 0 0 0 0 0 0 0 0
2 0.075 0 0 0 0 0 0 0 0
3 0.125 0 0 0 0 0 0 0 0
4 0.175 0 0 0 0 0 0 0 0
5 0.225 0 0 0 0 0 0 0 0
6 0.275 0 0 0 0 0 0 0 0
7 0.325 0 0 0 0 0 0 0 0
8 0.375 0 0 0 0 0 0 0 0
9 0.425 0 0 0 0 0 0 0 0
10 0.475 0 0 0 0 0 0 0 0
11 0.525 0 0 0 0 0 0 0 0
12 0.575 0 0 0 0 0 0 0 0
13 0.625 0 0 0 0 0 0 0 0
14 0.675 0 0 0 0 0 0 0 0
15 0.725 0 0 0 0 0 0 0 0
16 0.775 0 0 0 0 0 0 0 0
17 0.825 0 0 0 0 0 0 0 0
18 0.875 0 0 0 0 0 0 0 0
19 0.925 0 0 0 0 0 0 0 0
20 0.975 0 0 0 0 0 0 0 0
21 1.025 0 0 0 0 0 0 0 0
22 1.075 0 0 0 0 0 0 82.68 3
23 1.125 0 0 0 0 0 0 0 3
24 1.175 0 0 0 0 0 0 0 3
25 1.225 0 0 0 0 0 0 0 3
26 1.275 0 0 0 0 0 0 0 3
27 1.325 0 0 0 0 0 0 0 3
28 1.375 0 0 0 0 0 0 0 3
29 1.425 0 0 0 0 0 0 0 3
30 1.475 0 0 0 0 0 0 0 3
31 1.525 0 0 0 0 0 0 0 3
32 1.575 0 0 0 0 21.8502 0.482143 0 3
33 1.625 0 0 0 0 57.0176 1.82143 0 3
34 1.675 0 0 0 0 6.43976 1.98214 0 3
35 1.725 0 0 0 0 0.674652 2 0 3
36 1.775 0 0 0 0 0 2 0 3
37 1.825 0 0 0 0 0 2 0 3
38 1.875 0 0 0 0 0 2 0 3
39 1.925 0 0 0 0 0 2 0 3
40 1.975 0 0 0.655038 0.0227273 0 2 0 3
41 2.025 0 0 21.1851 0.795455 0 2 0 3
42 2.075 0 0 2.96713 0.909091 0 2 0 3
43 2.125 0 0 1.69749 0.977273 0 2 0 3
44 2.175 0 0 0.540115 1 0 2 0 3
45 2.225 0 0 0 1 0 2 0 3
46 2.275 0 0 0 1 0 2 0 3
47 2.325 0 0 0 1 0 2 0 3
48 2.375 0 0 0 1 0 2 0 3
49 2.425 0 0 0 1 0 2 0 3
50 2.475 0 0 0 1 0 2 0.118183 3.02273
51 2.525 0 0 0 1 0 2 0 3.02273
52 2.575 0 0 0 1 0 2 0 3.02273
53 2.625 0 0 0 1 0 2 0.630378 3.15909
54 2.675 0 0 0 1 0 2 0.809378 3.34091
55 2.725 0 0 0 1 0 2 0.682456 3.5
56 2.775 0 0 0 1 0 2 0.658085 3.65909
57 2.825 0 0 0 1 0 2 1.45142 4.02273
58 2.875 0 0 0 1 0 2 1.40138 4.38636
59 2.925 0 0 0 1 0 2 1.26926 4.72727
60 2.975 0 0 0 1 0 2 3.19008 5.61364
61 3.025 0 0 0 1 0 2 2.13612 6.22727
62 3.075 0 0 0 1 0 2 2.29691 6.90909
63 3.125 0.62065 0.0454545 0 1 0.205579 2.01786 1.18613 7.27273
64 3.175 0 0.0454545 0 1 0 2.01786 1.14907 7.63636
65 3.225 0.582757 0.0909091 0 1 0 2.01786 1.04411 7.97727
66 3.275 2.8255 0.318182 0 1 0.187179 2.03571 1.41746 8.45455
67 3.325 3.28939 0.590909 0 1 0.363184 2.07143 2.16095 9.20455
68 3.375 5.32109 1.04545 0.22432 1.02273 0.705007 2.14286 1.58894 9.77273
69 3.425 2.06675 1.22727 0 1.02273 0.855716 2.23214 2.03661 10.5227
70 3.475 0 1.22727 0 1.02273 1.33003 2.375 1.67866 11.1591
71 3.525 2.92672 1.5 0.205636 1.04545 1.93885 2.58929 1.39832 11.7045
72 3.575 1.89695 1.68182 0.599772 1.11364 1.25667 2.73214 1.58606 12.3409
73 3.625 1.38374 1.81818 1.16668 1.25 1.37502 2.89286 1.26715 12.8636
74 3.675 3.14147 2.13636 1.32434 1.40909 1.18921 3.03571 1.71534 13.5909
75 3.725 1.74726 2.31818 1.28903 1.56818 2.45968 3.33929 1.20003 14.1136
76 3.775 1.70128 2.5 0.537904 1.63636 1.69056 3.55357 0.812833 14.4773
77 3.825 2.07137 2.72727 2.27038 1.93182 1.64665 3.76786 0.791722 14.8409
78 3.875 2.82556 3.04545 2.21217 2.22727 2.27294 4.07143 0.433925 15.0455
79 3.925 1.96716 3.27273 1.99031 2.5 1.4335 4.26786 0.42294 15.25
80 3.975 1.91799 3.5 2.5874 2.86364 1.65178 4.5 0.458186 15.4773
81 4.025 0.748253 3.59091 2.52352 3.22727 2.23061 4.82143 0.536248 15.75
82 4.075 0.730004 3.68182 2.3081 3.56818 2.90161 5.25 0.828351 16.1818
83 4.125 1.06862 3.81818 2.40265 3.93182 2.12377 5.57143 0.97858 16.7045
84 4.175 1.04318 3.95455 1.90568 4.22727 2.07321 5.89286 1.28755 17.4091
85 4.225 0.67909 4.04545 1.7177 4.5 2.58677 6.30357 0.730022 17.8182
86 4.275 0.331649 4.09091 1.25832 4.70455 2.63647 6.73214 0.673432 18.2045
87 4.325 0.64805 4.18182 0.956192 4.86364 1.07328 6.91071 0.928872 18.75
88 4.375 1.58331 4.40909 0.667472 4.97727 0.629331 7.01786 0.794292 19.2273
89 4.425 1.85727 4.68182 1.95742 5.31818 0.512658 7.10714 1.22013 19.9773
90 4.475 1.21067 4.86364 2.04152 5.68182 0 7.10714 1.15686 20.7045
91 4.525 1.18406 5.04545 1.12312 5.88636 0.588299 7.21429 1.02536 21.3636
92 4.575 0.579161 5.13636 1.34286 6.13636 0.767348 7.35714 1.07225 22.0682
93 4.625 0.283353 5.18182 1.07508 6.34091 0.563135 7.46429 0.913814 22.6818
94 4.675 1.1093 5.36364 1.16911 6.56818 0.459295 7.55357 0.728747 23.1818
95 4.725 1.08595 5.54545 1.3734 6.84091 0.629476 7.67857 0.843116 23.7727
96 4.775 1.06332 5.72727 0.784461 7 0.352207 7.75 0.95256 24.4545
97 4.825 0.781049 5.86364 0.878042 7.18182 0.689891 7.89286 1.05731 25.2273
98 4.875 0.510073 5.95455 0.752608 7.34091 0.760288 8.05357 0.822493 25.8409
99 4.925 0.499769 6.04545 0.948092 7.54545 0.496619 8.16071 1.01481 26.6136
100 4.975 0.489774 6.13636 0.516184 7.65909 0.89226 8.35714 1.02376 27.4091
