# Stress and strain vectors, 333U-50C-20, positive deformation 6
# eps sig1 sig2 sig3 sig4 sig5 sig6
0 -0 -0 -0 -0 -0 -0
0.000199999999999762 0.288200608008161 -0.640043606347986 -0.650927106584779 -0.17757949822228 -0.0781497723094753 -0.0980962325722131
0.000400000000000046 0.57495913438136 -1.22957992312168 -0.527921543676913 0.140174738610239 0.317063425933919 -0.0467228551997303
0.000599999999999912 -0.0116839426963508 -0.440588487891884 -0.170129208810005 0.35901718938237 0.146001427714247 0.0278884751228539
0.0008000000000002 -0.00524507360982951 -0.548150073208238 -0.824744796833858 0.116182107168816 0.491296511673668 -0.398205091417434
0.00100000000000006 0.179841963723394 -0.421554381798092 -0.333353302516988 0.362802177189859 0.247364369414328 0.0303818999411036
0.00119999999999993 0.386128175195545 -0.216940856250011 -0.303749136296666 0.107077373234333 0.151685183139881 -0.11433883416413
0.0013999999999998 0.36963412463172 -0.42195886396213 -0.693669394822761 0.0418939742916141 0.461285025358156 0.268619243113773
0.00160000000000008 0.0740264412512017 -0.401344918740769 -0.0219451867255151 -0.207280479281766 0.219006009874847 -0.0370186959328873
0.00179999999999995 0.563399730088056 -0.56051261806672 -0.345318023291696 0.330818284994304 0.153344926656629 -0.0851114738250595
0.00200000000000024 0.20669217905605 -0.654935030347889 -0.599645210554931 0.255550922852198 0.175208084244202 0.0461768045254494
0.0022000000000001 0.892016868669627 -0.348831220962086 0.0295814367141459 0.0597200306237742 0.626911152516908 -0.25247708017662
0.00239999999999996 0.829686459699812 -0.0515506847941896 -0.0878062189620427 0.077425393014728 0.32812519714292 -0.421715113035024
0.00259999999999984 0.0568737040410461 -0.577998578852272 -0.447322313921528 0.0637838730520046 -0.253963561214821 -0.338997856820876
0.00280000000000012 0.0863449129843681 -0.928201497492226 -0.00937519155776283 0.16490103156367 0.214404757224085 -0.317317607303289
0.00299999999999998 0.267637204017533 -0.290386257334495 -0.596072252314316 -0.158770649564964 0.177747657134962 -0.207706563615293
0.00319999999999985 0.931785482553639 0.132237172760731 0.126282378229517 -0.101359569521567 0.254860076826305 0.20125035834322
0.00340000000000013 0.00877091414453543 -0.459541898125525 -0.418623835258954 -0.26869876099328 0.247553904593427 0.0665881938499278
0.0036 0.207981295966475 -0.383332501806044 -0.211494061303019 0.104282285628731 0.4023992000202 -0.151420027740539
0.00379999999999987 0.333684243397525 -0.171823633496673 -0.157264564379263 0.153855349940172 0.285949178871822 -0.0836310551934502
0.00400000000000015 -0.536201420254103 -0.940199643866857 -0.777780149335871 0.147863641341983 0.0271623752122927 -0.0620275413740622
0.00420000000000002 0.46266482975755 -0.845421356127796 -0.595092466262137 -0.277997195937236 0.259362202394165 -0.163552702663135
0.00439999999999989 0.515807394067825 -0.179631785999237 -0.0113242795260453 0.0424550660990265 0.202217045093215 0.0777189802308159
0.00460000000000017 0.121056911360307 -0.407850782979506 -0.490897615032742 -0.0769527906309964 0.490289702826297 -0.00176087148970845
0.00480000000000003 0.670561479676285 -0.496621164856065 0.162126255018216 -0.0676757473261796 0.253000519827869 -0.16432677850384
0.00499999999999991 0.683550372168261 -0.453090538507473 -0.403395176086153 0.119006786777138 0.326058278113344 -0.1909627906931
0.00519999999999977 0.258410690044405 -0.643733535371554 -0.712708386212052 -0.185004763495789 0.230936772863648 -0.243974800142406
0.00540000000000005 0.00329137380691943 -0.719461371300891 -0.926359573019846 -0.0886132503451949 0.274380547609286 -0.33461676162558
0.00559999999999992 -0.0181778878879283 -0.814930349544258 -0.361446782512425 0.121030174820577 0.405137524884868 0.0359283193595525
0.00580000000000021 -0.0239739678047384 -0.595349581675569 -0.260724543412679 0.147626233308917 0.123318861707294 -0.125695596185159
0.00600000000000006 0.479428858200496 -0.250436639353994 -0.214984481572336 -0.112385486247155 0.0441503972408043 -0.221970975006048
0.00619999999999994 0.0792719370645455 -0.0536586139263339 0.138090854044667 0.0287908269621706 0.0280230578600106 -0.242385677789949
0.00639999999999982 -0.11347671489571 -0.427088894029746 -0.599478655278149 0.0776645111917391 0.359344598291644 -0.117831251009551
0.00660000000000012 0.902448505636237 -0.34776294529148 0.00835312746681158 0.202879336591729 0.225413361999542 0.145991592015839
0.00679999999999994 0.19616660389411 -0.760419556936438 -0.303759373938454 0.164295218735322 0.347199504012572 -0.403554298435639
0.00700000000000023 -0.0381675696551795 -0.252697485817039 -0.315878415974804 -0.0630462018983428 0.133521439837649 -0.214988276918126
0.00720000000000012 0.101368761466325 -0.488267110400405 -0.109544016967813 -0.147933655036654 0.422384476486119 -0.0928119254180824
0.0074 -0.108502209674402 -0.731575709352534 -0.586345134356026 0.200237283125047 0.356895644093102 0.26585482223689
0.00759999999999982 0.220280028617958 -0.707779941214297 -0.357337040650841 -0.171762717454221 0.495375933742244 0.0182499959507197
0.00780000000000012 0.855795657462882 -0.184758344803824 0.0028849130936529 0.189513555133158 0.0862426931404878 -0.0769553228112807
0.008 0.188245494551254 -0.984141811089724 -0.886358236851507 0.198038606452609 0.407972356230161 -0.248594215545139
0.00819999999999988 0.761961510143664 -0.542983928239536 -0.488473445013999 0.0743401041195539 0.307405671195463 0.0611269066332412
0.00840000000000012 0.87715364759496 -0.163713052395675 0.304443573092312 0.023312862991201 0.199076758362531 -0.0219843351255076
0.0086 0.347307245439648 -0.495240032441992 -0.107381221474723 0.364827552418894 0.0897884101374595 -0.0262046707031554
0.00879999999999988 0.500898325547225 -0.774046842822254 -0.228282529479388 0.477198539153951 0.257591550332377 -0.17043527705685
0.00900000000000018 0.0429393964275788 -0.758190695754496 -0.499363987171684 0.488916782087783 0.188986139369334 -0.123458425340572
0.0092 0.224481495414639 -0.779366474014637 -0.194798242297529 0.462707073241968 -0.00179625628311867 -0.113855504998968
0.00939999999999988 0.127137273406506 -0.27062100460699 -0.389520719022811 0.553931894991428 -0.0818188454451459 0.124369927988937
0.00960000000000018 1.05099885105973 -0.152554347494131 -0.258913477955565 0.352181734937665 -0.129217246849239 -0.158878946666009
0.00980000000000006 0.191864590466713 -0.723209729180001 -0.808559882550477 0.353308559153884 0.0309647724366861 -0.269444446210177
0.00999999999999988 0.0248562796727288 -0.907370365998751 -1.11812233300908 0.359875736829852 -0.0738031064661829 -0.159589431211594
0.0101999999999998 0.516410954364335 -0.606123154344725 -0.585755792948192 0.126165365294134 0.270824961329013 -0.210714523992637
0.0104000000000001 0.242230356904192 -0.968115181664237 -0.985141954512523 0.420890481429853 0.0185273445492867 -0.117936385642436
0.0105999999999999 -0.0126723308780947 -0.764302333468484 -0.589425290838761 0.374663345727437 0.175647689001671 0.00957633564629949
0.0108000000000002 -0.00850799105721626 -0.646094211577686 -0.114999064879808 0.354723918011202 0.297555544382146 -0.0367588277596273
0.0110000000000001 0.65881866096806 -0.661710958298292 -0.419708528773528 0.658787856135625 0.356832312159593 -0.16368094415886
0.0111999999999999 0.178997346600792 -0.741395782450208 -0.776628468073368 0.227374166212966 0.111629960206914 -0.274440894090686
0.0113999999999998 -0.00909876251267811 -0.800821952278688 -1.25415114855981 0.447720975921645 0.391645082285015 0.0847719972409972
0.0116000000000001 0.599575815688887 -0.397284698374463 -0.686164780571257 0.601426305634695 -0.206388177663936 -0.24062015544216
0.0117999999999999 1.09183182291671 -0.216984265160509 -0.717581094284615 0.341101146839617 0.00398838504671219 -0.149297481668294
0.0120000000000002 -0.00445418715683054 -0.547449944634611 -0.212792609657549 0.361315988002515 -0.0290374603636235 -0.150831369375873
0.0122000000000001 0.635471543740096 -0.147047520216854 -0.165378911951393 0.352835580507756 0.446990701089543 0.186094438375634
0.0124 0.793574345126866 -0.61062028192679 -0.559826142515835 0.258748759453481 0.167933724308347 -0.0107093953930089
0.0125999999999998 0.0817606327618973 -0.864611049528079 -1.02979118905559 -0.00219196552125686 0.19713900622157 0.0323127127044221
0.0128000000000001 0.638716488227458 -0.397590008283306 -0.534174896285162 0.342779435675477 0.0193754553867858 -0.174187259218721
0.013 0.166229215895265 -1.22187601378607 -1.42497973482091 0.38190708113949 -0.288169037110312 -0.0126284789158074
0.0131999999999999 0.921970512716173 -0.389222881101425 -0.13158732278863 0.0370541062194479 -0.0288389823944563 0.0422501814162605
0.0134000000000002 0.487730312919818 -0.534345371512713 -0.6611872995157 0.581300755685022 0.503624382484293 0.0870647275826064
0.0136 0.0902749557042819 -0.618333954423911 -0.245481851451961 0.13975119837909 0.236806417093451 -0.174013707507876
0.0137999999999999 0.165573147636849 -1.0804582239776 -0.669738116730629 0.35579905384667 0.27928392827741 -0.213176150575804
0.0140000000000002 0.479291168757798 -0.156129476624982 -0.64620544206871 0.11631974248367 -0.129110281853708 0.0712349207587477
0.0142000000000001 0.555473601339521 -0.52806068024073 -0.450176963940617 0.301956188174738 0.00740299736157658 0.0470478470183796
0.0143999999999999 0.525713026262065 -0.269248325366638 -0.294503215574922 0.16843880052891 -0.231117719121786 -0.130818430239695
0.0146000000000002 0.415519556045471 -0.521037924137498 -0.498317162977677 0.0402707169336664 0.457244534835169 0.0169945775628285
0.0148000000000001 0.67097346621051 -0.38570316923409 -0.463649390610146 -0.050510208119128 0.079009371832627 -0.352632691894575
0.0149999999999999 -0.318318571662648 -1.49513894470199 -1.02493588872195 0.285172053609685 0.107137169971835 -0.195130210294757
0.0151999999999998 0.0277386540764495 -1.33385308827507 -0.866306231908488 0.203228884757529 -0.0310193118445996 -0.0831258396105068
0.0154000000000001 0.235535043765177 -0.86582773419916 -0.885930734832742 0.155705363719745 0.18812369537505 -0.0542768613866732
0.0155999999999999 0.651261574150251 -0.267345367803222 -0.231359717643794 0.000852794290492333 0.261398200888894 -0.146377960436477
0.0158000000000002 0.340915245005845 -0.7573368324892 -0.684443544894119 0.240002796138071 0.236075131459099 0.0479626202509951
0.0160000000000001 1.1504539541837 -0.305712927668807 0.163459200131819 0.0695005029968713 0.395726475931858 0.356587685817395
0.0161999999999999 0.0847057319697025 -0.77348558532893 -0.534765675336069 0.138472451160197 0.081428240517476 -0.529712836772708
0.0163999999999998 0.214039466611216 -0.774232409239795 -0.896563054321691 0.307937605371881 -0.0312374796547996 -0.0963809820643311
0.0166000000000001 0.493315988521444 -0.924485532372899 -0.274851348716717 0.671084516652652 0.0158865646146876 -0.237740182910491
0.0168 0.384505149389802 -0.504248982829853 -0.563542436382008 0.272110669991253 -0.0709649552538994 -0.0535744400332906
0.0170000000000002 0.384652943979487 -0.709695826960959 -0.917189056679282 0.353055311929076 0.282623832957542 -0.08890764893645
0.0172000000000001 0.971477181470472 -0.146845356885825 -0.236737894963967 0.689749888715109 0.0618687669270888 0.1650018899638
0.0174 0.0962617153405799 -0.593711324316809 -0.653131505699213 0.512184767378112 0.101325626193385 -0.111643026233339
0.0175999999999999 0.637265907983383 -0.294405889160721 -0.735999506039299 0.573243002202867 0.0145399665356325 0.105989177668792
0.0178000000000001 0.062095374347788 -0.938944335477979 -0.358637731771899 0.136874746085437 -0.195882142993804 -0.0289776668829703
0.018 0.368827135672951 -0.420093357570252 -0.740132658159007 0.0541447019118663 0.22270629845017 -0.0727657720721386
0.0182000000000003 0.168989811202351 -0.561990167858134 -1.16897177592043 0.319611133898908 0.377835102995604 0.0968704746818409
0.0184000000000002 0.0579222429280297 -0.713024475582141 -0.991706253101122 0.139772740164717 0.194087782883895 0.210568156562718
0.0186 0.674534828173785 -0.423990731167837 -0.620884971087644 0.365978723839122 0.292777705900601 0.177195973054002
0.0187999999999999 -0.185379785166215 -1.37498627371854 -1.20514777036537 0.148871913861498 0.227800639765488 0.191365767182302
0.0190000000000002 0.20003103233066 -0.923533520822314 -0.655606745308987 0.167522982588736 0.085535772890635 -0.417035786614227
0.0192000000000001 0.165564320473534 -0.72500113607883 -1.17817692283013 0.414691078618703 -0.0629155753003652 -0.119291616239548
0.0193999999999999 -0.0803172112546617 -0.754178453489253 -0.808839205159434 0.353703941446053 0.0176295410372803 -0.115508645857626
0.0196000000000002 0.488878527120507 -0.108622669352609 -0.309961690639375 0.0467414938327426 0.299054626896105 -0.0184225632253982
0.0198000000000001 0.194171708592105 -0.344360161203974 -0.42657853269635 0.244519938232665 -0.235846700460383 0.154095582560149
0.0199999999999999 -0.204175483021701 -0.843738960830555 -0.968287321181321 0.357770215057668 0.151491750278796 -0.110482645227446
