# Time-averaged data for fix myMSD
# TimeStep MSD_X MSD_Y MSD_Z MSD_Total Temperture
100 0.286039 0.426804 0.420909 1.13375 1622.26
200 0.589671 0.772993 0.929406 2.29207 962.399
300 0.790845 0.854579 0.811389 2.45681 643.777
400 0.858423 0.978464 0.826581 2.66347 495.981
500 0.933414 1.08406 0.822874 2.84034 393.087
600 0.996251 1.13047 0.842656 2.96937 332.744
700 0.976377 1.13899 0.857159 2.97253 288.634
800 1.04814 1.17889 0.885858 3.11289 276.56
900 1.16998 1.16835 0.938044 3.27638 300.358
1000 1.18202 1.26357 0.932659 3.37825 302.126
1100 1.26804 1.37132 0.992845 3.6322 302.325
1200 1.38711 1.31419 1.0186 3.7199 312.552
1300 1.28791 1.38563 1.05239 3.72592 292.08
1400 1.29219 1.41367 1.11161 3.81747 302.592
1500 1.40031 1.37892 1.18593 3.96516 294.827
1600 1.48603 1.39135 1.24827 4.12564 292.421
1700 1.45092 1.40293 1.273 4.12685 300.882
1800 1.4147 1.41642 1.25921 4.09033 304.882
1900 1.41578 1.3133 1.24113 3.97021 311.248
2000 1.44229 1.30734 1.29054 4.04018 302.341
2100 1.48978 1.40026 1.30812 4.19817 292.67
2200 1.59985 1.47275 1.32318 4.39578 289.267
2300 1.70198 1.51264 1.35496 4.56957 292.33
2400 1.79072 1.49494 1.39833 4.68399 303.013
2500 1.74813 1.45593 1.41017 4.61423 310.214
2600 1.70349 1.53284 1.3827 4.61904 321.749
2700 1.6934 1.55731 1.41087 4.66159 296.228
2800 1.66551 1.55531 1.44774 4.66857 279.21
2900 1.70118 1.64049 1.43314 4.7748 290.614
3000 1.70501 1.59798 1.48913 4.79212 302.836
3100 1.72303 1.56124 1.4868 4.77108 314.231
3200 1.8254 1.45785 1.49067 4.77392 299.585
3300 1.81067 1.42224 1.4722 4.70512 289.924
3400 1.76771 1.51425 1.53306 4.81503 293.264
3500 1.73446 1.58095 1.55417 4.86958 318.44
3600 1.74053 1.59302 1.56194 4.89549 317.009
3700 1.71231 1.67009 1.58476 4.96716 298.654
3800 1.75385 1.6519 1.64331 5.04905 271.001
3900 1.86496 1.69458 1.65155 5.21109 287.125
4000 1.94214 1.72977 1.62023 5.29214 308.817
4100 1.92238 1.77645 1.60949 5.30832 321.626
4200 1.91683 1.78802 1.71139 5.41625 311.537
4300 1.86315 1.81021 1.76533 5.43869 292.456
4400 1.85135 1.80741 1.77249 5.43126 284.895
4500 1.82963 1.81412 1.83296 5.47671 281.321
4600 1.801 1.87022 1.81601 5.48723 298.076
4700 1.81878 1.85901 1.91825 5.59604 338.58
4800 1.85607 1.84394 1.96396 5.66396 322.924
4900 1.93804 1.79965 2.02484 5.76252 293.99
5000 1.86488 1.78108 2.04974 5.6957 277.085
5100 1.85379 1.75838 2.03801 5.65018 279.731
5200 2.02533 1.8585 2.02917 5.91299 306.033
5300 2.2023 1.91937 2.01118 6.13286 319.675
5400 2.22715 2.06607 2.08302 6.37624 311.979
5500 2.29357 2.10184 1.96198 6.35738 296.486
5600 2.31656 2.06548 1.92157 6.30362 283.015
5700 2.24174 2.0493 1.97131 6.26234 289.802
5800 2.22028 2.06713 1.98924 6.27666 305.56
5900 2.1786 2.13583 1.96276 6.27718 310.458
6000 2.11377 2.12145 2.02227 6.25748 321.903
6100 2.06011 2.11579 1.98399 6.15989 313.615
6200 2.08975 2.07382 1.98001 6.14357 289.699
6300 2.06564 2.00838 2.07016 6.14418 281.211
6400 1.99571 2.02688 2.05612 6.0787 284.496
6500 2.02019 2.0189 1.99627 6.03536 303.716
6600 2.09416 1.98288 1.92517 6.00221 312.305
6700 2.11021 1.90962 2.00397 6.0238 313.288
6800 2.08701 1.83351 2.0477 5.96822 297.983
6900 2.10857 1.84838 1.97397 5.93092 289.115
7000 2.11948 1.89828 2.00384 6.02159 291.278
7100 2.15594 1.9105 1.96819 6.03463 309.744
7200 2.19983 1.92579 1.93429 6.05991 303.211
7300 2.17225 1.99098 1.94662 6.10985 300.887
7400 2.12414 1.98201 1.93236 6.03851 302.402
7500 2.1249 1.9366 1.99903 6.06053 294.478
7600 2.12421 1.88585 2.02995 6.04001 291.574
7700 2.14256 1.9001 2.07157 6.11423 292.346
7800 2.18924 1.9702 2.05575 6.21518 311.706
7900 2.26689 2.00778 2.09998 6.37464 313.463
8000 2.1795 1.98291 2.1338 6.2962 311.541
8100 2.15556 1.96886 2.18471 6.30913 284.705
8200 2.06803 1.9759 2.22374 6.26767 292.161
8300 1.9761 2.03906 2.24664 6.2618 293.745
8400 1.9168 2.09154 2.35857 6.36691 313.593
8500 1.8997 2.14183 2.3859 6.42743 310.158
8600 1.9952 2.16403 2.4592 6.61843 297.493
8700 2.02497 2.16779 2.49467 6.68743 287.524
8800 2.0227 2.22141 2.49491 6.73902 288.159
8900 2.07758 2.28973 2.57149 6.93879 309.367
9000 2.13456 2.28018 2.56137 6.97612 316.415
9100 2.13549 2.33597 2.54629 7.01775 302.02
9200 2.22144 2.31327 2.60599 7.14069 293.907
9300 2.284 2.38907 2.64852 7.3216 290.731
9400 2.37661 2.3877 2.58842 7.35272 301.377
9500 2.44588 2.27381 2.58907 7.30876 311.373
9600 2.3787 2.2208 2.50062 7.10012 295.976
9700 2.32507 2.24385 2.53948 7.1084 299.372
9800 2.26489 2.21671 2.54925 7.03086 295.999
9900 2.27655 2.25271 2.59426 7.12352 294.276
10000 2.31725 2.26418 2.75086 7.33228 316.12
10100 2.30117 2.28632 2.75491 7.3424 299.123
10200 2.25797 2.24935 2.78464 7.29196 291.704
10300 2.23261 2.26239 2.69082 7.18582 300.292
10400 2.24694 2.24046 2.69816 7.18556 304.801
10500 2.23862 2.25919 2.70961 7.20742 311.261
10600 2.25568 2.31687 2.68068 7.25323 319.847
10700 2.27542 2.2822 2.79934 7.35696 313.96
10800 2.29189 2.32786 2.8701 7.48985 294.303
10900 2.35958 2.37536 2.87882 7.61376 300.932
11000 2.32164 2.35962 2.94583 7.62709 297.325
11100 2.31047 2.33097 2.90499 7.54644 314.787
11200 2.41731 2.28099 2.85924 7.55754 301.799
11300 2.32452 2.26528 2.80704 7.39685 297.346
11400 2.30787 2.34257 2.93711 7.58755 288.517
11500 2.30313 2.47886 2.97807 7.76005 298.786
11600 2.38113 2.50543 2.99876 7.88533 315.229
11700 2.42198 2.42822 2.93054 7.78074 312.444
11800 2.52068 2.3887 2.88672 7.79611 306.53
11900 2.54957 2.38348 2.8607 7.79375 307.303
12000 2.43275 2.371 2.92192 7.72567 299.095
12100 2.46851 2.33664 2.89195 7.69709 289.777
12200 2.39538 2.26339 2.83998 7.49874 293.353
12300 2.38602 2.27574 2.83395 7.49571 316.823
12400 2.46051 2.34495 2.91319 7.71864 315.417
12500 2.4551 2.26043 3.01101 7.72655 301.263
12600 2.52379 2.15565 2.88902 7.56846 296.426
12700 2.50196 2.16565 3.03389 7.7015 298.07
12800 2.4572 2.24866 3.0715 7.77735 297.943
12900 2.38051 2.24605 3.19857 7.82513 287.412
13000 2.42526 2.26624 3.16127 7.85277 299.245
13100 2.54539 2.27573 3.06895 7.89007 301.765
13200 2.54812 2.28445 3.11432 7.94689 314.183
13300 2.5005 2.31796 3.17251 7.99097 298.268
13400 2.46511 2.41053 3.21589 8.09153 288.272
13500 2.41195 2.42656 3.27435 8.11286 286.378
13600 2.43472 2.40701 3.19142 8.03315 292.82
13700 2.34253 2.45423 3.07668 7.87344 308.383
13800 2.25476 2.43693 3.04218 7.73387 299.629
13900 2.32341 2.3247 2.99019 7.6383 291.223
14000 2.34526 2.34216 3.05516 7.74258 277.57
14100 2.4176 2.36415 2.99034 7.77209 290.354
14200 2.33904 2.40428 3.05912 7.80244 295.659
14300 2.35318 2.39263 3.0809 7.82671 311.731
14400 2.433 2.42221 3.11737 7.97259 305.707
14500 2.45705 2.36157 3.21795 8.03657 290.804
14600 2.40757 2.2272 3.27259 7.90735 292.274
14700 2.39816 2.15051 3.29172 7.84039 303.996
14800 2.27974 2.14876 3.22324 7.65174 311.828
14900 2.23843 2.17772 3.30135 7.7175 316.47
15000 2.33725 2.24184 3.24921 7.8283 299.724
15100 2.48733 2.31522 3.09512 7.89767 289.79
15200 2.47553 2.37234 2.99286 7.84073 304.13
15300 2.51273 2.44585 2.97459 7.93317 302.284
15400 2.51593 2.50134 2.97854 7.99581 315.801
15500 2.50666 2.47838 2.94714 7.93218 293.667
15600 2.47555 2.3798 2.90871 7.76406 289.516
15700 2.46069 2.3152 2.89951 7.67539 288.143
15800 2.55918 2.30106 2.81201 7.67225 314.967
15900 2.51541 2.30528 2.80541 7.6261 298.047
16000 2.4568 2.39245 2.94775 7.797 303.424
16100 2.51487 2.5007 2.95683 7.9724 288.031
16200 2.53747 2.54081 2.9327 8.01098 280.231
16300 2.55164 2.53514 2.88747 7.97425 284.636
16400 2.58122 2.49352 2.82949 7.90424 295.725
16500 2.61534 2.47714 2.92439 8.01688 300.932
16600 2.65214 2.43582 2.91465 8.00261 307.633
16700 2.6709 2.43624 2.94423 8.05137 300.885
16800 2.5785 2.47158 3.05121 8.10129 285.734
16900 2.58757 2.43575 3.12764 8.15096 283.877
17000 2.60786 2.46218 3.22557 8.29561 302.192
17100 2.63594 2.45973 3.33131 8.42698 311.602
17200 2.71041 2.42742 3.38732 8.52514 304.562
17300 2.70927 2.43794 3.4037 8.55092 291.797
17400 2.68374 2.47317 3.37044 8.52735 292.387
17500 2.58504 2.4776 3.25406 8.3167 308.258
17600 2.58132 2.43379 3.28299 8.2981 321.216
17700 2.57027 2.40975 3.20382 8.18384 308.94
17800 2.5228 2.44867 3.11516 8.08663 304.394
17900 2.4577 2.49114 3.16483 8.11367 303.12
18000 2.39998 2.38425 3.22288 8.00711 294.626
18100 2.5707 2.32523 3.15284 8.04878 289.747
18200 2.63009 2.38135 3.1518 8.16324 297.242
18300 2.52433 2.38981 3.19728 8.11142 313.888
18400 2.47832 2.38772 3.20455 8.07059 299.894
18500 2.44636 2.42768 3.17283 8.04686 294.765
18600 2.44563 2.57225 3.09454 8.11242 288.637
18700 2.49391 2.65702 3.01647 8.16739 278.472
18800 2.46601 2.63645 3.08783 8.19028 297.24
18900 2.39531 2.64719 3.15595 8.19845 302.716
19000 2.52081 2.66459 3.21038 8.39578 297.477
19100 2.53956 2.6904 3.17782 8.40778 304.591
19200 2.54157 2.68738 3.23327 8.46221 296.571
19300 2.529 2.6939 3.38594 8.60884 293.258
19400 2.58517 2.64543 3.49241 8.72301 282.7
19500 2.65737 2.6357 3.46121 8.75428 305.04
19600 2.67215 2.77643 3.42701 8.87559 310.062
19700 2.67465 2.7194 3.40568 8.79973 305.399
19800 2.62044 2.58648 3.32794 8.53486 286.199
19900 2.5229 2.63367 3.29121 8.44778 283.214
20000 2.5037 2.63801 3.29109 8.4328 303.663
20100 2.55569 2.6097 3.3418 8.50719 305.524
20200 2.57858 2.71425 3.3703 8.66314 293.325
20300 2.47402 2.71651 3.39277 8.5833 301.984
20400 2.40019 2.77494 3.35139 8.52652 320.324
20500 2.39232 2.86062 3.24841 8.50136 318.112
20600 2.53026 2.96028 3.153 8.64355 306.509
20700 2.57425 3.07035 3.10074 8.74534 299.369
20800 2.54184 3.02109 3.09599 8.65892 297.618
20900 2.49252 3.00908 3.1699 8.67151 297.849
21000 2.42893 2.99069 3.31318 8.73279 287.413
21100 2.4923 3.00133 3.41894 8.91257 307.883
21200 2.44502 3.00086 3.4208 8.86668 309.931
21300 2.50284 3.07544 3.46582 9.0441 301.203
21400 2.52462 3.06671 3.58928 9.1806 287.608
21500 2.5127 2.99861 3.55655 9.06786 292.784
21600 2.53357 3.0967 3.58766 9.21794 293.813
21700 2.68105 3.07701 3.51474 9.27281 304.076
21800 2.78804 3.15886 3.51031 9.45721 298.09
21900 2.78047 3.20851 3.54867 9.53765 307.727
22000 2.75352 3.22429 3.5322 9.51001 303.985
22100 2.69607 3.18253 3.48514 9.36375 298.019
22200 2.61822 3.18164 3.48427 9.28413 293.415
22300 2.63276 3.11207 3.63253 9.37737 305.115
22400 2.63792 3.12612 3.65312 9.41717 307.186
22500 2.6425 3.07253 3.6049 9.31993 315.785
22600 2.65943 3.02813 3.54511 9.23267 306.376
22700 2.71181 3.00569 3.49377 9.21126 294.622
22800 2.83134 3.00898 3.47531 9.31563 290.878
22900 2.97981 2.98067 3.43361 9.39409 306.199
23000 3.08734 2.9228 3.50972 9.51986 313.164
23100 3.14986 2.94441 3.72484 9.81911 316.116
23200 3.19698 3.0367 3.71712 9.9508 291.852
23300 3.13911 3.02163 3.6163 9.77704 295.986
23400 3.02436 3.01975 3.53551 9.57962 293.454
23500 2.99703 3.05487 3.52854 9.58044 294.96
23600 3.09274 3.11323 3.63569 9.84166 310.174
23700 3.17315 3.22339 3.73602 10.1326 317.992
23800 3.26185 3.27642 3.788 10.3263 303.02
23900 3.29724 3.2452 3.76443 10.3069 296.328
24000 3.19668 3.22649 3.74885 10.172 297.992
24100 3.145 3.30028 3.80383 10.2491 305.216
24200 3.0694 3.45225 3.83189 10.3535 311.512
24300 2.93642 3.65793 3.77924 10.3736 307.434
24400 2.92392 3.85731 3.78666 10.5679 297.66
24500 2.93543 3.79755 3.77324 10.5062 292.943
24600 2.99398 3.74952 3.75872 10.5022 297.497
24700 3.06885 3.70105 3.77018 10.5401 304.745
24800 3.12999 3.70146 3.83095 10.6624 308.057
24900 3.25619 3.62654 3.87647 10.7592 315.681
25000 3.2827 3.4889 3.8527 10.6243 305.458
25100 3.34378 3.53946 3.79489 10.6781 299.452
25200 3.35803 3.40909 3.84091 10.608 299.791
25300 3.37548 3.41776 3.89049 10.6837 300.495
25400 3.48492 3.42447 3.92836 10.8378 297.816
25500 3.68134 3.50579 3.93883 11.126 289.263
25600 3.83741 3.52786 4.02544 11.3907 293.685
25700 3.8579 3.46989 3.85698 11.1848 300.219
25800 3.73959 3.46925 3.85006 11.0589 306.683
25900 3.77401 3.43117 3.97289 11.1781 308.229
26000 3.67886 3.39416 4.04903 11.122 295.86
26100 3.78779 3.36457 4.11085 11.2632 295.103
26200 3.87135 3.50735 4.10085 11.4795 295.174
26300 3.87821 3.6613 4.10653 11.646 296.311
26400 3.79517 3.73267 3.98362 11.5115 311.65
26500 3.7337 3.64506 3.83982 11.2186 315.014
26600 3.62855 3.54803 3.83901 11.0156 298.115
26700 3.53346 3.54432 3.87117 10.949 292.623
26800 3.45531 3.60883 3.86145 10.9256 300.423
26900 3.39318 3.72225 3.90627 11.0217 299.374
27000 3.37851 3.80652 3.92136 11.1064 313.431
27100 3.38629 3.91108 3.79474 11.0921 325.994
27200 3.46435 4.04037 3.86456 11.3693 310.521
27300 3.54974 3.96814 3.92167 11.4396 295.879
27400 3.68091 3.89367 3.96985 11.5444 299.651
27500 3.83895 3.82534 3.99617 11.6605 293.206
27600 3.79661 3.6778 4.00916 11.4836 295.558
27700 3.8387 3.58907 4.01362 11.4414 313.857
27800 3.8676 3.58301 3.79519 11.2458 311.519
27900 3.78579 3.6291 3.73584 11.1507 295.038
28000 3.76427 3.63229 3.91258 11.3091 294.51
28100 3.88616 3.56589 3.83894 11.291 299.277
28200 3.88586 3.60945 3.90354 11.3989 299.624
28300 3.94058 3.66283 3.95632 11.5597 303.986
28400 4.06121 3.64184 3.95476 11.6578 316.723
28500 3.99475 3.73649 3.96153 11.6928 310.426
28600 3.92593 3.75302 4.01036 11.6893 297.572
28700 3.90752 3.80159 4.04721 11.7563 297.399
28800 3.78847 3.8041 3.99816 11.5907 304.698
28900 3.67856 3.70476 4.1857 11.569 299.938
29000 3.61075 3.77607 4.28274 11.6696 293.317
29100 3.64182 3.82526 4.19289 11.66 286.19
29200 3.86088 3.88636 4.09341 11.8407 306.853
29300 3.97679 3.99694 4.08741 12.0611 315.174
29400 3.8563 3.97188 3.99935 11.8275 297.968
29500 3.87336 3.81592 3.89227 11.5815 297.666
29600 3.9407 3.80522 3.94345 11.6894 289.837
29700 3.79275 3.93778 3.95792 11.6884 309.964
29800 3.61537 3.94439 4.0794 11.6392 317.017
29900 3.69907 3.89324 4.07373 11.666 303.449
30000 3.66652 4.08845 4.13905 11.894 294.567
30100 3.50242 4.12047 4.18917 11.8121 291.488
30200 3.42078 4.12693 4.22403 11.7717 303.303
30300 3.40216 4.19703 4.18942 11.7886 310.202
30400 3.36595 4.33636 4.28649 11.9888 316.543
30500 3.50284 4.38 4.30511 12.1879 309.478
30600 3.73878 4.18848 4.11446 12.0417 303.421
30700 3.76145 4.05341 4.0401 11.855 292.993
30800 3.70971 4.16681 4.01062 11.8871 298.315
30900 3.73336 4.19886 4.05453 11.9867 303.684
31000 3.7594 4.10232 4.13288 11.9946 321.716
31100 3.73423 3.98778 4.31959 12.0416 308.995
31200 3.74725 4.00033 4.32685 12.0744 304.687
31300 3.66844 4.07142 4.30157 12.0414 298.202
31400 3.60028 4.05061 4.26856 11.9194 300.207
31500 3.57819 4.06658 4.37699 12.0218 315.916
31600 3.74923 4.01927 4.49486 12.2634 319.829
31700 3.70416 3.98744 4.60833 12.2999 305.676
31800 3.68197 4.08268 4.55474 12.3194 285.741
31900 3.75099 4.10533 4.4498 12.3061 303.013
32000 3.66514 4.17676 4.26615 12.108 302.6
32100 3.6417 4.01276 4.1773 11.8318 314.133
32200 3.62887 3.9452 4.15367 11.7277 310.375
32300 3.63173 4.1515 4.2014 11.9846 298.553
32400 3.71905 4.34307 4.16701 12.2291 293.656
32500 3.68767 4.45197 4.20242 12.3421 289.257
32600 3.70812 4.30073 4.21855 12.2274 304.732
32700 3.65159 4.0446 4.135 11.8312 320.616
32800 3.5238 4.05351 4.27739 11.8547 305.002
32900 3.45128 4.00898 4.3997 11.86 303.195
33000 3.35366 3.91149 4.32594 11.5911 291.793
33100 3.41921 4.01851 4.3051 11.7428 293.806
33200 3.47605 4.13688 4.34605 11.959 309.812
33300 3.40796 4.18394 4.34703 11.9389 310.53
33400 3.43487 4.22789 4.41512 12.0779 306.153
33500 3.58114 4.14106 4.46398 12.1862 297.889
33600 3.49021 3.983 4.6055 12.0787 297.631
33700 3.31729 4.00853 4.72592 12.0517 298.218
33800 3.30277 4.16398 4.5939 12.0607 297.964
33900 3.15801 4.09197 4.48074 11.7307 304.211
34000 3.06697 3.99433 4.40133 11.4626 305.434
34100 3.06103 3.90411 4.40018 11.3653 306.46
34200 3.00811 4.00576 4.47392 11.4878 317.008
34300 2.91961 4.19022 4.5622 11.672 304.198
34400 2.78312 4.263 4.56573 11.6119 295.35
34500 2.82231 4.37093 4.48538 11.6786 288.843
34600 2.96613 4.3881 4.40722 11.7615 302.177
34700 3.07194 4.36982 4.36408 11.8058 313.324
34800 3.02325 4.19751 4.44095 11.6617 306.238
34900 3.04568 4.05375 4.55966 11.6591 297.69
35000 3.11284 3.98695 4.63948 11.7393 290.699
35100 3.20915 4.14498 4.65579 12.0099 307.3
35200 3.14686 4.12604 4.77437 12.0473 311.306
35300 3.07964 4.19343 4.65028 11.9233 316.291
35400 3.07251 4.28625 4.60323 11.962 308.018
35500 3.02268 4.12956 4.74122 11.8935 291.452
35600 3.01206 4.05558 4.87705 11.9447 301.711
35700 3.01953 4.05434 4.93401 12.0079 310.168
35800 2.92037 3.98625 5.08644 11.9931 313.802
35900 3.11256 3.8932 5.06316 12.0689 307.373
36000 3.23178 3.93651 4.88822 12.0565 294.545
36100 3.13726 3.87708 4.80612 11.8205 290.581
36200 3.10463 3.93433 4.80414 11.8431 303.115
36300 3.06449 4.03691 4.79495 11.8963 313.423
36400 3.10454 4.07251 4.70191 11.879 323.625
36500 3.19063 4.10623 4.66046 11.9573 310.495
36600 3.07721 4.1374 4.6943 11.9089 298.924
36700 2.9833 4.22695 4.81301 12.0233 293.461
36800 2.95438 4.30016 4.82005 12.0746 294.825
36900 3.02772 4.18971 4.83804 12.0555 302.17
37000 3.08421 3.9962 4.88051 11.9609 317.82
37100 3.03082 3.94889 4.87625 11.856 312.392
37200 3.08865 4.04424 4.94877 12.0817 300.08
37300 3.21381 4.01595 4.96877 12.1985 305.462
37400 3.09148 3.96777 5.09137 12.1506 292.311
37500 2.95375 4.03255 5.02715 12.0134 283.579
37600 2.95574 3.94458 4.92754 11.8279 306.909
37700 3.04524 3.94066 4.85656 11.8425 305.328
37800 3.02174 3.93907 4.92634 11.8872 312.679
37900 3.16321 3.89877 5.0831 12.1451 296.084
38000 3.19135 3.88038 5.13466 12.2064 289.924
38100 3.23407 3.81749 5.16095 12.2125 306.691
38200 3.23962 4.0062 5.25063 12.4964 312.453
38300 3.20633 4.11531 5.18805 12.5097 314.007
38400 3.21163 4.12206 5.03598 12.3697 309.909
38500 3.20123 4.22465 4.82632 12.2522 295.694
38600 3.18099 4.26597 4.71862 12.1656 293.013
38700 3.08878 4.29707 4.66973 12.0556 307.979
38800 3.0979 4.27722 4.7433 12.1184 308.715
38900 3.037 4.28183 4.78373 12.1026 324.873
39000 3.08005 4.21663 4.89859 12.1953 313.745
39100 2.96311 4.23323 4.99395 12.1903 300.704
39200 2.87188 4.34765 5.02924 12.2488 294.232
39300 2.91472 4.28341 4.92125 12.1194 299.185
39400 2.76927 3.95645 4.85703 11.5827 298.358
39500 2.76879 4.00506 4.92011 11.694 308.217
39600 2.83888 4.05104 4.91997 11.8099 309.267
39700 2.97521 4.18505 4.85988 12.0201 302.344
39800 3.12743 4.27809 4.90083 12.3063 291.533
39900 3.09672 4.19128 4.9251 12.2131 283.879
40000 3.15969 4.1716 4.99653 12.3278 302.639
40100 3.2962 4.18462 4.95602 12.4368 300.705
40200 3.25791 4.02027 4.74984 12.028 302.866
40300 3.27183 3.95598 4.60514 11.833 301.248
40400 3.24134 3.8944 4.66517 11.8009 289.038
40500 3.15139 3.84066 4.71984 11.7119 304.275
40600 3.07366 3.9329 4.78964 11.7962 321.103
40700 3.00424 4.07987 4.86799 11.9521 316.188
40800 2.90183 4.10746 4.84749 11.8568 296.924
40900 2.83122 4.10312 4.81293 11.7473 292.527
41000 2.85236 3.95468 4.9503 11.7573 306.288
41100 2.86408 3.91079 5.13295 11.9078 316.44
41200 2.80527 3.96547 5.23343 12.0042 297.776
41300 2.79028 3.97343 5.10257 11.8663 292.076
41400 2.86248 3.99767 5.02748 11.8876 295.909
41500 2.93604 4.00598 4.97695 11.919 302.712
41600 2.98604 4.07259 4.99501 12.0536 306.093
41700 3.11913 4.21278 5.17517 12.5071 328.671
41800 3.09937 4.20129 5.12676 12.4274 326.277
41900 3.13574 4.14273 5.16394 12.4424 322.516
42000 3.27385 4.18546 5.0667 12.526 304.232
42100 3.22006 4.18438 5.0215 12.4259 295.667
42200 3.31726 4.09492 5.03942 12.4516 290.451
42300 3.44365 4.01703 5.09642 12.5571 292.335
42400 3.47721 4.01653 5.2031 12.6968 311.72
42500 3.51132 4.06983 5.24016 12.8213 309.826
42600 3.49493 4.04237 5.29161 12.8289 306.014
42700 3.38319 4.00462 5.32816 12.716 307.601
42800 3.3881 4.09115 5.36024 12.8395 285.423
42900 3.41059 4.07658 5.36882 12.856 305.593
43000 3.40645 4.06559 5.3365 12.8085 317.768
43100 3.28353 4.22816 5.22682 12.7385 291.963
43200 3.22925 4.16381 5.25442 12.6475 304.313
43300 3.23293 4.11661 5.24192 12.5914 303.454
43400 3.25797 4.22146 5.27179 12.7512 291.35
43500 3.2382 4.23193 5.38185 12.852 299.236
43600 3.28413 4.16741 5.38065 12.8322 311.516
43700 3.29656 4.04398 5.34682 12.6874 310.004
43800 3.18032 4.02599 5.44728 12.6536 316.87
43900 3.13788 4.10427 5.67598 12.9181 295.126
44000 3.10158 4.28012 5.70661 13.0883 299.901
44100 3.23261 4.30189 5.60444 13.1389 298.008
44200 3.23269 4.21168 5.58202 13.0264 292.501
44300 3.2015 4.16614 5.57201 12.9396 293.069
44400 3.09624 4.26528 5.56743 12.929 285.385
44500 3.17474 4.38366 5.46199 13.0204 284.13
44600 3.25214 4.44511 5.4853 13.1825 302.535
44700 3.35076 4.56733 5.4686 13.3867 311.334
44800 3.4309 4.58877 5.49712 13.5168 294.377
44900 3.39802 4.63746 5.44531 13.4808 288.163
45000 3.3368 4.85872 5.58485 13.7804 310.006
45100 3.30762 5.04135 5.68173 14.0307 322.488
45200 3.3978 5.07306 5.68167 14.1525 302.155
45300 3.43455 5.02292 5.7199 14.1774 300.125
45400 3.4627 4.90157 5.63005 13.9943 300.865
45500 3.56376 4.8852 5.63495 14.0839 292.299
45600 3.45943 4.87625 5.59917 13.9349 300.976
45700 3.45909 4.88174 5.61918 13.96 304.673
45800 3.51892 4.86801 5.67055 14.0575 290.773
45900 3.66314 4.81899 5.69956 14.1817 283.132
46000 3.75361 4.74051 5.70384 14.198 286.813
46100 3.81763 4.73989 5.64997 14.2075 299.32
46200 3.93625 4.64918 5.71507 14.3005 305.39
46300 3.9684 4.69454 5.99901 14.662 297.575
46400 3.96031 4.76229 6.15662 14.8792 293.903
46500 3.94726 4.79643 6.13558 14.8793 281.541
46600 4.02062 4.79743 6.15514 14.9732 285.26
46700 4.07262 4.89224 6.18622 15.1511 297.444
46800 4.00156 5.15748 6.11275 15.2718 306.641
46900 3.92916 5.24418 6.10087 15.2742 299.749
47000 3.74777 5.33313 6.27575 15.3567 287.287
47100 3.65747 5.27155 6.26952 15.1985 290.115
47200 3.55303 5.21026 6.06567 14.829 298.617
47300 3.50805 5.27306 6.01086 14.792 313.028
47400 3.60634 5.37253 6.08886 15.0677 306.917
47500 3.681 5.38475 6.17939 15.2451 300.951
47600 3.66793 5.22078 6.2569 15.1456 295.255
47700 3.61508 5.25815 6.29238 15.1656 296.163
47800 3.63006 5.39457 6.24911 15.2737 304.607
47900 3.70144 5.57934 6.2484 15.5292 297.857
48000 3.73297 5.62764 6.32445 15.6851 308.121
48100 3.76356 5.62473 6.34768 15.736 313.064
48200 3.82729 5.68371 6.52003 16.031 298.171
48300 3.84406 5.72928 6.67667 16.25 293.156
48400 3.98991 5.64757 6.69034 16.3278 296.322
48500 4.12887 5.67114 6.59969 16.3997 303.026
48600 4.19617 5.88541 6.53506 16.6166 323.607
48700 4.19965 5.83201 6.56155 16.5932 309.608
48800 4.05866 5.75555 6.66638 16.4806 295.734
48900 3.98229 5.63847 6.59488 16.2156 298.06
49000 4.07445 5.56226 6.52747 16.1642 296.818
49100 4.08015 5.42427 6.46055 15.965 309.438
49200 4.0971 5.48579 6.52859 16.1115 319.792
49300 4.00922 5.35296 6.56607 15.9282 304.801
49400 3.95593 5.05746 6.55536 15.5687 305.625
49500 3.77994 4.77084 6.52192 15.0727 297.037
49600 3.79048 4.62778 6.53802 14.9563 294.645
49700 3.85388 4.57048 6.70627 15.1306 305.907
49800 3.96774 4.52211 7.01375 15.5036 306.913
49900 4.05342 4.50133 7.03651 15.5913 328.784
50000 4.18697 4.52211 6.93914 15.6482 302.49
50100 4.15962 4.66259 6.8283 15.6505 305.742
50200 4.16223 4.80564 6.81995 15.7878 290.72
50300 4.09796 4.76295 6.81528 15.6762 294.946
50400 4.09855 4.83101 6.82744 15.757 315.598
50500 4.19228 4.79769 6.81693 15.8069 315.874
50600 4.32005 4.85225 6.87238 16.0447 307.559
50700 4.22913 4.91084 6.84468 15.9846 300.681
50800 4.20442 5.11704 6.82093 16.1424 295.08
50900 4.29248 5.3433 6.93064 16.5664 298.425
51000 4.34286 5.46707 6.93085 16.7408 296.168
51100 4.32207 5.53951 6.97108 16.8327 306.557
51200 4.34442 5.52977 6.86898 16.7432 307.714
51300 4.41388 5.50961 6.91718 16.8407 305.431
51400 4.4241 5.46664 6.99025 16.881 289.446
51500 4.49934 5.4052 7.06336 16.9679 288.335
51600 4.47271 5.51137 7.00399 16.9881 301.993
51700 4.6273 5.47791 6.89059 16.9958 303.632
51800 4.57236 5.37569 6.84517 16.7932 304.388
51900 4.46577 5.0964 6.73895 16.3011 301.937
52000 4.38407 4.9594 6.60322 15.9467 282.364
52100 4.30815 5.00414 6.52927 15.8416 296.073
52200 4.38507 5.15477 6.58973 16.1296 301.476
52300 4.27959 5.27995 6.64934 16.2089 295.563
52400 4.18415 5.33638 6.66867 16.1892 297.787
52500 4.25533 5.23948 6.64702 16.1418 325.005
52600 4.0838 5.16117 6.76994 16.0149 311.265
52700 3.94373 5.20191 6.84764 15.9933 294.999
52800 3.89699 5.18572 7.01642 16.0991 305.212
52900 4.04392 5.13685 7.10252 16.2833 292.73
53000 4.15957 4.98082 7.09739 16.2378 300.517
53100 4.32626 5.11003 7.1761 16.6124 306.246
53200 4.41765 5.30057 7.34802 17.0662 303.176
53300 4.36224 5.20896 7.43599 17.0072 306.043
53400 4.46022 5.04262 7.42912 16.932 309.075
53500 4.61553 4.85749 7.4508 16.9238 302.652
53600 4.75683 4.90618 7.43824 17.1012 288.983
53700 4.95661 4.78702 7.42357 17.1672 293.086
53800 4.89205 4.81751 7.35286 17.0624 309.331
53900 4.70693 4.93462 7.35163 16.9932 313.923
54000 4.67873 5.01231 7.29145 16.9825 295.616
54100 4.80675 5.12118 7.24266 17.1706 292.268
54200 5.1119 5.21642 7.37152 17.6998 297.805
54300 5.23911 5.30244 7.57412 18.1157 308.483
54400 5.31421 5.31482 7.57394 18.203 308.373
54500 5.26906 5.34127 7.61676 18.2271 300.155
54600 5.28027 5.32438 7.80234 18.407 288.924
54700 5.19229 5.27919 7.81598 18.2875 288.176
54800 5.43464 5.27816 7.82376 18.5366 311.268
54900 5.58675 5.1742 7.80973 18.5707 297.738
55000 5.59757 5.04179 7.70137 18.3407 297.093
55100 5.5757 4.94856 7.64502 18.1693 290.08
55200 5.56447 4.95265 7.55588 18.073 289.41
55300 5.45313 5.11077 7.52388 18.0878 291.987
55400 5.48109 5.26355 7.68075 18.4254 309.776
55500 5.47924 5.2891 7.79562 18.564 306.128
55600 5.35734 5.29124 7.91568 18.5643 299.622
55700 5.39329 5.32363 7.97495 18.6919 290.762
55800 5.63313 5.41563 7.96537 19.0141 285.086
55900 5.8312 5.39164 7.71536 18.9382 279.266
56000 6.02683 5.32971 7.47953 18.8361 309.719
56100 6.01743 5.23527 7.38174 18.6344 316.483
56200 6.15202 5.15537 7.48862 18.796 296.662
56300 6.10014 5.069 7.5257 18.6948 292.794
56400 6.15695 4.87856 7.54389 18.5794 296.749
56500 6.0973 5.00185 7.63097 18.7301 295.719
56600 6.0226 5.07626 7.6328 18.7317 307.912
56700 5.96916 5.16098 7.55076 18.6809 316.209
56800 5.99689 5.34667 7.42757 18.7711 306.001
56900 5.9698 5.47354 7.40227 18.8456 291.825
57000 5.97293 5.60723 7.55426 19.1344 303.867
57100 5.99863 5.60086 7.60152 19.201 305.272
57200 6.0757 5.59202 7.67126 19.339 306.538
57300 6.069 5.8201 7.66913 19.5582 282.676
57400 5.94357 6.14966 7.73507 19.8283 287.644
57500 5.80462 6.25818 7.85139 19.9142 296.973
57600 5.80238 6.32552 7.98322 20.1111 296.767
57700 5.75013 6.19673 8.12222 20.0691 301.041
57800 5.90275 6.04939 8.18542 20.1376 302.949
57900 6.12396 6.09415 8.09335 20.3115 304.124
58000 6.31354 6.2542 7.93429 20.502 288.669
58100 6.62426 6.47592 7.78387 20.8841 291.264
58200 6.76902 6.65808 7.71597 21.1431 299.189
58300 6.67569 6.75056 7.70209 21.1283 316.43
58400 6.45178 6.68525 7.68876 20.8258 313.068
58500 6.38568 6.57034 7.67733 20.6334 307.029
58600 6.3543 6.61635 7.70567 20.6763 299.81
58700 6.2239 6.62008 7.6816 20.5256 288.925
58800 6.15735 6.69479 7.80746 20.6596 301.461
58900 6.21833 6.5648 7.84008 20.6232 310.194
59000 6.28692 6.43379 7.93316 20.6539 295.847
59100 6.5133 6.55952 8.00897 21.0818 303.858
59200 6.69696 6.65723 8.0325 21.3867 290.977
59300 6.89202 6.4703 8.16952 21.5318 291.496
59400 6.86954 6.55988 8.20557 21.635 297.565
59500 6.60574 6.80191 8.23743 21.6451 309.541
59600 6.5687 6.87135 8.16353 21.6036 327.776
59700 6.58521 6.81073 8.30982 21.7058 318.098
59800 6.55945 6.95413 8.54301 22.0566 310.298
59900 6.62731 7.1546 8.77361 22.5555 299.04
60000 6.62822 7.36014 8.96735 22.9557 292.039
60100 6.706 7.538 9.08468 23.3287 298.516
60200 6.82263 7.60711 9.19567 23.6254 312.195
60300 6.99772 7.41091 9.29033 23.699 312.711
60400 6.86621 7.39965 9.3262 23.592 301.559
60500 6.88854 7.21064 9.42195 23.5211 293.706
60600 6.91518 6.93675 9.53543 23.3874 295.446
60700 6.82962 6.55581 9.54134 22.9268 295.766
60800 7.0568 6.47232 9.54321 23.0723 315.739
60900 7.13724 6.5341 9.65503 23.3264 319.273
61000 7.09938 6.57007 9.74531 23.4148 305.784
61100 7.4025 6.69487 9.71944 23.8168 296.868
61200 7.36643 6.54157 9.95133 23.8593 296.194
61300 7.38521 6.64909 10.0396 24.0739 303.589
61400 7.25099 6.69759 9.88614 23.8347 322.431
61500 7.2621 6.94612 9.77663 23.9849 301.037
61600 7.11236 7.17095 9.45703 23.7403 299.867
61700 7.20521 7.28513 9.31077 23.8011 293.59
61800 7.30523 7.19226 9.33004 23.8275 294.77
61900 7.32753 7.03005 9.2837 23.6413 319.434
62000 7.31556 6.86108 9.34756 23.5242 309.696
62100 7.20664 6.82703 9.3856 23.4193 297.059
62200 7.12304 6.75766 9.29171 23.1724 300.492
62300 7.20248 6.81261 9.15867 23.1738 295.622
62400 7.15737 6.83172 9.19686 23.1859 302.816
62500 7.06877 6.90772 9.25696 23.2334 319.143
62600 7.14098 6.99151 9.37903 23.5115 314.52
62700 7.13631 7.04214 9.53744 23.7159 305.88
62800 7.08242 7.22541 9.62685 23.9347 298.361
62900 7.05695 7.2588 9.74948 24.0652 281.278
63000 7.17949 7.26879 9.85928 24.3076 298.827
63100 7.25024 7.25273 9.9122 24.4152 318.332
63200 7.20826 7.3055 9.9928 24.5066 293.898
63300 7.13927 7.31217 9.98373 24.4352 302.366
63400 7.13025 7.38741 9.97003 24.4877 292.219
63500 7.00279 7.20207 9.96508 24.1699 298.208
63600 6.87157 7.06083 10.1187 24.0511 290.411
63700 6.85295 7.01788 10.2773 24.1481 304.893
63800 6.90222 6.8812 10.2949 24.0784 306.141
63900 6.86225 6.776 10.3124 23.9506 305.801
64000 7.08188 6.68247 10.3453 24.1096 306.902
64100 7.12513 6.86114 10.6331 24.6193 295.751
64200 7.00099 7.00823 10.8029 24.8121 296.598
64300 7.1215 7.07345 10.7099 24.9048 300.672
64400 7.19297 7.12445 10.5733 24.8908 297.971
64500 7.13478 7.31092 10.6467 25.0924 306.593
64600 7.37404 7.39899 10.421 25.194 311.889
64700 7.50785 7.39206 10.3199 25.2198 313.626
64800 7.55154 7.44488 10.4055 25.4019 300.774
64900 7.60803 7.5293 10.4375 25.5748 297.943
65000 7.74966 7.59413 10.5599 25.9037 296.642
65100 7.773 7.60576 10.7271 26.1059 300.249
65200 7.79564 7.59361 10.8425 26.2317 311.278
65300 7.90997 7.50386 10.9321 26.3459 328.192
65400 7.78141 7.5978 11.3885 26.7677 300.374
65500 7.94308 7.76791 11.5421 27.2531 297.901
65600 8.13465 7.67159 11.4109 27.2171 296.725
65700 8.33903 7.61757 11.4714 27.428 296.331
65800 8.4542 7.71008 11.5396 27.7039 299.795
65900 8.5036 7.88284 11.57 27.9564 318.196
66000 8.54841 8.13927 11.5268 28.2145 312.36
66100 8.64525 8.4073 11.5708 28.6234 295.143
66200 8.66951 8.49094 11.7712 28.9316 304.32
66300 8.63331 8.6182 11.7368 28.9884 291.91
66400 8.5149 8.48183 11.5369 28.5336 300.15
66500 8.51411 8.40795 11.5966 28.5187 306.038
66600 8.61599 8.56819 11.6887 28.8729 314.499
66700 8.89318 8.54878 11.7659 29.2079 299.52
66800 9.22108 8.50115 11.7463 29.4685 289.816
66900 9.08679 8.61485 11.7313 29.433 297.208
67000 8.93962 8.5785 11.6775 29.1957 298.266
67100 9.01461 8.53537 11.5196 29.0696 297.138
67200 9.15751 8.63181 11.372 29.1613 304.778
67300 9.31665 8.78351 11.5254 29.6255 324.435
67400 9.61708 8.93154 11.7348 30.2834 302.104
67500 9.60148 8.92881 11.7636 30.2939 290.774
67600 9.65408 9.1458 11.6669 30.4668 296.868
67700 9.69503 9.30271 11.7154 30.7131 309
67800 9.89014 9.35139 11.9414 31.183 311.494
67900 10.191 9.30148 11.9475 31.4401 312.204
68000 10.3934 9.3127 11.9506 31.6566 313.781
68100 10.6434 9.24413 12.0668 31.9543 302.447
68200 10.6093 9.15916 12.2638 32.0323 296.921
68300 10.6092 9.1401 12.2357 31.9851 290.624
68400 10.6636 9.1372 12.2313 32.0321 296.332
68500 10.8115 9.27102 12.2717 32.3542 305.263
68600 10.8379 9.28011 12.505 32.6231 309.089
68700 10.8753 9.25459 12.7278 32.8577 299.367
68800 10.841 9.49282 12.8709 33.2047 294.973
68900 10.8187 9.46171 12.7681 33.0486 296.659
69000 10.5728 9.46556 12.7372 32.7755 273.888
69100 10.4991 9.51377 12.7504 32.7633 283.735
69200 10.6673 9.68195 12.925 33.2743 296.718
69300 10.7708 9.6682 13.0539 33.4929 301.406
69400 10.9894 9.45752 13.0309 33.4778 304.078
69500 11.4392 9.31437 13.1938 33.9473 310.229
69600 11.6964 9.44174 13.465 34.6032 289.204
69700 11.8353 9.45677 13.3564 34.6484 286.591
69800 12.0306 9.40255 13.3297 34.7628 300.507
69900 12.345 9.33058 13.4208 35.0964 301.073
70000 12.6854 9.34271 13.4321 35.4602 313.11
70100 12.9557 9.26994 13.1724 35.3981 309.756
70200 13.1637 9.31364 13.0856 35.5629 299.149
70300 13.0853 9.45422 12.8463 35.3858 286.419
70400 12.9438 9.61645 12.6913 35.2515 294.024
70500 12.9257 9.87272 12.7401 35.5385 318.039
70600 13.0932 10.0518 13.019 36.1641 305.314
70700 13.1138 10.1001 13.0884 36.3023 304.384
70800 13.0716 10.0202 13.1464 36.2382 298.224
70900 13.0907 10.0914 13.2016 36.3837 285.84
71000 13.0665 9.99717 13.2281 36.2918 279.416
71100 13.015 9.69272 13.2566 35.9643 284.698
71200 12.9543 9.59093 13.1016 35.6468 305.811
71300 12.964 9.49486 12.9988 35.4577 304.516
71400 13.1126 9.48212 13.2061 35.8009 303.223
71500 12.9039 9.43323 13.3235 35.6606 301.336
71600 12.7529 9.33117 13.4987 35.5828 292.356
71700 12.6047 9.26286 13.7605 35.6281 289.787
71800 12.662 9.22585 13.8352 35.723 289.566
71900 12.6467 9.09273 13.8337 35.5731 312.72
72000 12.5174 8.95138 13.6988 35.1675 303.489
72100 12.3714 8.84267 13.7031 34.9172 294.806
72200 12.1442 8.81278 13.75 34.7069 294.053
72300 11.7213 8.83047 14.0178 34.5695 301.794
72400 11.6522 8.73995 14.1062 34.4984 316.046
72500 11.8253 8.66123 14.2159 34.7025 312.543
72600 11.8084 8.69101 13.9596 34.459 304.735
72700 11.5135 8.75316 13.6635 33.9301 297.332
72800 11.1529 8.81431 13.5632 33.5304 300.766
72900 10.7013 9.06127 13.387 33.1496 291.552
73000 10.5102 8.97463 13.1105 32.5954 313.549
73100 10.4876 8.5101 13.1197 32.1174 306.335
73200 10.469 8.25541 13.167 31.8914 309.163
73300 10.3057 8.02545 12.9467 31.2779 298.057
73400 10.3078 7.84997 12.8653 31.023 286.949
73500 10.3824 7.63317 13.1106 31.1262 294.758
73600 10.1106 7.37047 13.4524 30.9334 300.029
73700 9.70372 7.19787 13.4181 30.3197 311.715
73800 9.72372 7.13989 13.2069 30.0705 297.556
73900 9.8018 7.20338 12.9693 29.9745 299.697
74000 9.70859 7.41665 12.8845 30.0098 295.768
74100 9.74656 7.60002 12.9326 30.2792 301.08
74200 9.67682 7.56704 13.0742 30.3181 314.299
74300 9.48763 7.70631 13.3132 30.5071 308.553
74400 9.39212 7.64292 13.3085 30.3436 305.564
74500 9.50456 7.56628 13.0733 30.1441 296.928
74600 9.73292 7.62661 13.0888 30.4483 299.231
74700 9.70782 7.69673 13.278 30.6825 291.834
74800 9.64488 7.65176 13.3921 30.6888 319.288
74900 9.55189 7.64755 13.1926 30.392 314.369
75000 9.55604 7.81859 13.2205 30.5951 304.315
75100 9.49983 7.92916 13.4216 30.8506 301.975
75200 9.5119 8.04452 13.6513 31.2077 287.819
75300 9.4536 8.05834 13.5641 31.076 310.125
75400 9.36297 7.86924 13.4716 30.7038 313.645
75500 9.30747 7.94041 13.4864 30.7343 308.965
75600 9.35261 7.94895 13.5729 30.8744 295.862
75700 9.3219 7.84275 13.6985 30.8632 301.172
75800 9.2118 7.8595 13.6917 30.763 298.613
75900 9.00314 7.90388 13.5498 30.4569 294.372
76000 8.83282 7.8185 13.4956 30.1469 310.6
76100 8.63468 7.64395 13.5074 29.786 312.444
76200 8.61533 7.60752 13.3174 29.5403 302.277
76300 8.71644 7.56074 13.4418 29.719 294.393
76400 8.8246 7.52282 13.5461 29.8935 301.032
76500 8.91783 7.62202 13.8142 30.354 301.859
76600 9.0819 7.69919 13.9812 30.7623 290.833
76700 8.99159 7.53615 14.3166 30.8444 292.914
76800 8.86454 7.52298 14.678 31.0655 295.444
76900 8.70074 7.95148 14.9146 31.5668 302.062
77000 8.52618 8.36444 15.1769 32.0676 313.925
77100 8.33352 8.58247 15.0754 31.9914 320.496
77200 8.3169 8.6073 14.8864 31.8106 326.11
77300 8.40402 8.58782 14.6192 31.6111 305.622
77400 8.43658 8.59032 14.6543 31.6812 288.973
77500 8.42503 8.88798 14.7219 32.0349 300.804
77600 8.67356 9.0435 14.9373 32.6544 294.046
77700 8.86679 8.82472 14.9921 32.6836 316.968
77800 8.80857 8.71096 15.1131 32.6326 313.224
77900 8.75266 8.71451 15.212 32.6792 298.74
78000 8.73822 8.66825 15.3527 32.7592 292.535
78100 8.80438 8.73817 15.3163 32.8589 296.32
78200 8.83294 8.73179 15.1813 32.746 309.063
78300 8.84026 8.61868 15.3275 32.7865 315.125
78400 8.87449 8.50227 15.3986 32.7753 291.159
78500 8.94516 8.5698 15.2985 32.8134 290.593
78600 9.08397 8.66509 15.0823 32.8314 299.831
78700 9.18018 8.52651 14.9956 32.7023 312.247
78800 9.26406 8.27357 14.8213 32.3589 304.729
78900 9.18651 8.27034 14.669 32.1258 287.293
79000 9.07854 8.26261 14.7283 32.0695 293.745
79100 9.06568 8.22057 14.7657 32.0519 301.877
79200 9.02269 7.97355 14.4106 31.4068 302.619
79300 8.87889 7.77571 14.3626 31.0172 295.093
79400 8.83516 7.52643 14.6833 31.0449 294.367
79500 8.62727 7.47849 14.7736 30.8793 303.991
79600 8.39333 7.56117 14.6836 30.6381 292.39
79700 8.11157 7.887 14.6623 30.6608 293.264
79800 7.9113 8.12994 14.6729 30.7141 300.074
79900 7.72638 8.43021 14.6866 30.8432 309.759
80000 7.64149 8.42283 14.7103 30.7747 321.033
80100 7.47532 8.5382 14.9265 30.94 302.233
80200 7.45045 8.66737 14.9961 31.1139 292.543
80300 7.2592 8.95747 14.9434 31.1601 294.792
80400 7.12384 8.95656 15.1262 31.2066 310.721
80500 7.04867 8.95472 15.0923 31.0957 314.851
80600 7.03401 8.88542 15.161 31.0805 293.526
80700 7.02918 8.89739 15.2339 31.1605 298.35
80800 6.90415 8.92295 15.2955 31.1226 297.477
80900 6.72985 8.81908 15.215 30.764 302.268
81000 6.81279 8.82372 15.3261 30.9626 308.244
81100 6.85451 8.61481 15.3576 30.8269 322.256
81200 6.80061 8.28256 15.1295 30.2126 291.145
81300 6.76745 8.08627 14.8088 29.6626 298.187
81400 6.77592 7.91113 14.6118 29.2989 298.308
81500 6.6952 8.04508 14.7667 29.5069 299.214
81600 6.66673 8.27886 14.6355 29.5811 310.801
81700 6.94132 8.29805 14.6526 29.892 320.695
81800 7.18046 8.30489 14.7803 30.2656 289.927
81900 7.13951 8.29541 14.7803 30.2152 294.666
82000 7.07765 8.36172 15.0314 30.4708 295.799
82100 6.99497 8.32953 15.1198 30.4443 312.677
82200 6.99453 8.30118 15.0609 30.3566 310.653
82300 6.92569 8.2484 14.9975 30.1716 295.085
82400 7.0152 8.15429 15.0258 30.1952 284.495
82500 7.11773 8.14019 14.9626 30.2205 297.342
82600 6.9742 8.34743 15.0512 30.3729 310.459
82700 6.94362 8.31875 15.2653 30.5277 298.184
82800 6.77553 8.29022 15.3603 30.4261 296.995
82900 6.47408 8.20051 15.3468 30.0214 298.292
83000 6.34791 8.05862 15.3061 29.7126 318.858
83100 6.1688 7.91135 14.9615 29.0416 307.213
83200 6.15895 8.00045 14.6767 28.8361 304.244
83300 6.30888 8.10471 14.5516 28.9652 293.993
83400 6.39904 8.16237 14.4572 29.0187 300.623
83500 6.41729 8.37068 14.4383 29.2263 297.975
83600 6.36236 8.64026 14.3234 29.326 296.779
83700 6.34139 8.91099 14.4361 29.6885 314.091
83800 6.29612 8.94287 14.4277 29.6667 309.424
83900 6.20097 8.73176 14.3488 29.2816 290.909
84000 6.10609 8.78618 14.2703 29.1626 293.285
84100 6.03829 8.74975 14.363 29.151 305.589
84200 5.96454 8.59693 14.3483 28.9097 328.271
84300 5.83075 8.88213 14.4224 29.1353 325.182
84400 5.99568 8.97538 14.5009 29.4719 295.374
84500 6.07783 8.8922 14.7293 29.6993 301.01
84600 6.20974 8.94205 14.8785 30.0303 292.569
84700 6.35769 9.03743 15.1211 30.5162 299.297
84800 6.42516 9.14054 15.2778 30.8435 292.74
84900 6.55213 9.22269 15.4072 31.182 289.349
85000 6.80216 9.49289 15.3112 31.6063 307.972
85100 6.74493 9.74606 15.0529 31.5439 307.944
85200 6.74435 9.8909 14.6904 31.3257 297.108
85300 7.06841 9.81466 14.5368 31.4199 290.835
85400 7.11481 10.0856 14.4989 31.6993 282.781
85500 6.98797 10.5093 14.5735 32.0708 281.871
85600 6.83507 10.731 14.5573 32.1234 303.231
85700 6.79911 11.1197 14.5728 32.4916 305.272
85800 7.02053 11.6756 14.5072 33.2033 303.505
85900 7.24865 11.902 14.3611 33.5117 292.664
86000 7.42215 11.8365 14.3588 33.6174 290.682
86100 7.33439 11.5928 14.6096 33.5369 303.63
86200 7.17761 11.1941 14.7361 33.1078 304.995
86300 7.21306 10.8614 14.7153 32.7898 314.993
86400 7.12618 10.7198 14.5736 32.4196 308.153
86500 6.9739 10.6406 14.6391 32.2536 285.639
86600 6.87008 10.5392 14.7276 32.1368 282.734
86700 6.86737 10.5806 15.0236 32.4715 305.122
86800 6.81587 10.7404 15.1978 32.7541 305.721
86900 6.83461 11.0285 15.3663 33.2294 295.528
87000 6.78492 11.5078 15.2527 33.5454 303.493
87100 6.86597 11.6846 15.2336 33.7842 317.987
87200 6.95894 11.8876 15.3371 34.1836 295.311
87300 6.76178 12.1745 15.2959 34.2322 285.063
87400 6.80188 12.3391 15.2935 34.4345 294.097
87500 6.86797 12.3343 15.0567 34.259 317.356
87600 6.90996 12.3135 15.0369 34.2604 310.655
87700 6.87748 12.3136 14.9389 34.13 301.837
87800 6.89451 12.284 15.0302 34.2087 294.995
87900 6.72816 12.0181 15.025 33.7712 299.589
88000 6.63266 11.6693 15.0484 33.3504 299.917
88100 6.51605 11.5888 15.1607 33.2656 290.873
88200 6.47141 11.5834 15.3176 33.3724 294.472
88300 6.71895 11.5392 15.5052 33.7633 308.229
88400 6.76345 11.637 15.568 33.9684 318.172
88500 6.56001 11.7012 15.3615 33.6227 303.085
88600 6.4389 11.7577 15.3259 33.5225 288.842
88700 6.28668 11.55 15.5013 33.338 297.465
88800 6.0931 11.7376 15.5499 33.3806 303.472
88900 6.08264 11.8685 15.5273 33.4784 317.133
89000 6.11742 11.7486 15.4536 33.3196 296.084
89100 6.13848 11.7436 15.3193 33.2013 287.89
89200 6.09742 11.8114 15.2542 33.1631 303.227
89300 6.00052 11.8368 14.9575 32.7948 315.115
89400 6.11897 11.8408 14.8101 32.7699 294.627
89500 6.22585 12.0492 14.8522 33.1272 301.71
89600 6.36999 12.2633 15.0394 33.6727 309.58
89700 6.45911 12.6489 15.1722 34.2802 294.056
89800 6.53408 12.7982 15.3646 34.6969 284.44
89900 6.64928 12.8478 15.6139 35.1109 304.077
90000 6.7045 12.8847 15.8574 35.4466 311.811
90100 6.73238 12.7708 15.8589 35.3621 303.694
90200 6.61283 12.7513 15.8929 35.257 288.995
90300 6.57905 12.9276 15.6846 35.1913 296.882
90400 6.46912 13.1145 15.4727 35.0563 304.58
90500 6.27426 12.9673 15.3771 34.6187 317.801
90600 6.10158 12.7574 15.262 34.1209 310.7
90700 5.96979 12.9475 15.3771 34.2944 298.643
90800 5.79965 13.267 15.411 34.4776 297.476
90900 5.49392 13.4573 15.5633 34.5146 298.318
91000 5.24611 13.5974 15.7238 34.5673 303.255
91100 5.07731 13.5506 15.8474 34.4753 280.842
91200 4.95416 13.502 15.5889 34.0451 290.396
91300 4.93677 13.5199 15.5559 34.0126 303.673
91400 4.93071 13.6417 15.551 34.1234 312.031
91500 4.9756 13.7444 15.6347 34.3547 302.206
91600 5.03898 13.8432 15.4839 34.3661 292.838
91700 5.17452 13.7793 15.3095 34.2633 290.465
91800 5.37351 13.6534 15.3188 34.3457 300.268
91900 5.47607 13.5204 15.4244 34.4209 308.615
92000 5.4973 13.2828 15.4454 34.2254 302.911
92100 5.56504 13.4124 15.4722 34.4497 304.449
92200 5.69776 13.5541 15.3407 34.5925 285.273
92300 5.8246 13.6373 15.3843 34.8462 288.679
92400 5.82221 13.7082 15.3912 34.9216 323.213
92500 5.89282 13.6592 15.4308 34.9828 312.866
92600 5.88724 13.7406 15.5554 35.1832 300.855
92700 5.90543 13.9639 15.5912 35.4604 301.468
92800 5.94787 14.0334 15.517 35.4982 292.277
92900 6.00703 14.2595 15.5301 35.7967 290.422
93000 6.09492 14.4727 15.6359 36.2036 302.173
93100 6.21897 14.4507 15.9491 36.6188 293.008
93200 6.45112 14.1575 15.9437 36.5523 307.298
93300 6.55727 14.1574 15.9242 36.6389 309.889
93400 6.52506 14.1657 16.0161 36.7069 290.739
93500 6.57949 13.9207 16.0451 36.5453 285.258
93600 6.6763 14.0449 16.0857 36.8069 292.575
93700 6.69673 14.2817 16.1032 37.0816 302.164
93800 6.59632 14.2175 16.0101 36.8239 303.517
93900 6.57494 14.14 16.0038 36.7188 302.073
94000 6.5408 14.1088 16.1061 36.7557 283.383
94100 6.52746 13.9228 16.1837 36.6339 291.072
94200 6.47896 14.075 16.3987 36.9527 288.873
94300 6.45682 14.1903 16.4916 37.1387 296.678
94400 6.45956 14.1807 16.4215 37.0617 296.174
94500 6.50254 14.1133 16.3246 36.9404 308.011
94600 6.47529 14.072 16.3063 36.8535 294.155
94700 6.34823 14.0983 16.3069 36.7534 290.105
94800 6.24556 14.0438 16.3039 36.5932 276.506
94900 6.04187 14.062 16.4728 36.5767 302.65
95000 6.02163 13.9675 16.2134 36.2025 306.779
95100 6.12502 13.6911 16.1612 35.9774 292.33
95200 6.3161 13.4216 16.1175 35.8552 303.03
95300 6.47724 13.2443 16.1104 35.8319 312.341
95400 6.49906 13.2424 16.3255 36.067 322.112
95500 6.53527 13.5534 16.1583 36.247 306.789
95600 6.57891 13.7436 16.1846 36.5071 303.317
95700 6.62198 13.6626 16.1818 36.4664 292.156
95800 6.47528 13.6781 16.2495 36.4029 299.215
95900 6.42934 13.5023 16.2416 36.1733 302.41
96000 6.33578 13.3368 16.2692 35.9418 292.399
96100 6.17996 13.3259 16.3511 35.857 307.895
96200 6.08108 13.2276 16.3978 35.7065 311.693
96300 5.99296 13.0765 16.1506 35.2201 307.551
96400 5.89982 13.1554 16.169 35.2242 291.556
96500 5.94505 13.284 16.3099 35.539 288.628
96600 6.15673 13.2444 16.2202 35.6214 306.724
96700 6.10241 13.5374 16.0001 35.64 304.355
96800 5.87143 13.7499 16.0758 35.6971 294.022
96900 5.772 13.7196 16.2062 35.6978 285.336
97000 5.73073 13.6475 16.1992 35.5774 284.126
97100 5.89142 13.4804 16.4199 35.7918 289.45
97200 6.26677 13.2214 16.6321 36.1202 303.403
97300 6.37376 12.5533 16.7101 35.6371 307.417
97400 6.28118 12.3413 16.8883 35.5108 293.289
97500 6.10971 12.1812 16.9591 35.25 292.482
97600 5.93102 12.1748 17.0919 35.1977 287.866
97700 5.76657 12.4002 17.255 35.4217 295.699
97800 5.45546 12.5252 17.2188 35.1995 300.496
97900 5.35495 12.5795 17.0516 34.9861 308.013
98000 5.25701 12.4822 17.0046 34.7439 309.09
98100 5.30591 12.3114 17.1004 34.7176 295.658
98200 5.31589 12.0339 17.317 34.6667 287.068
98300 5.28853 11.9031 17.3722 34.5638 297.217
98400 5.23894 11.5939 17.3261 34.1589 290.048
98500 5.12626 11.6404 17.3563 34.123 304.242
98600 5.19583 11.7354 17.3815 34.3128 317.145
98700 5.28133 11.8481 17.546 34.6754 304.277
98800 5.44654 11.7861 17.56 34.7927 295.766
98900 5.46346 11.697 17.6085 34.7689 288.857
99000 5.47569 11.6702 17.6074 34.7532 298.872
99100 5.55328 11.5935 17.6893 34.8361 314.589
99200 5.5975 11.4614 17.8504 34.9093 309.197
99300 5.42666 11.4924 17.7472 34.6663 292.885
99400 5.13788 11.6197 17.8278 34.5854 288.754
99500 5.07045 11.6475 17.7086 34.4266 294.776
99600 5.14975 11.6866 17.6214 34.4577 303.235
99700 5.21437 11.6646 18.0051 34.884 317.879
99800 5.27361 11.7605 18.2259 35.2601 300.308
99900 5.24795 11.775 18.2329 35.2559 300.341
100000 5.28867 11.9432 18.1897 35.4215 299.888
100100 5.42292 12.3006 17.9355 35.659 297.115
100200 5.4227 12.4815 17.9854 35.8896 298.494
100300 5.1727 12.6932 18.1482 36.0141 316.471
100400 5.03058 13.4054 18.2614 36.6974 309.279
100500 5.0368 14.0979 18.1684 37.3031 304.331
100600 5.18999 14.8543 18.1355 38.1798 308.019
100700 5.2696 15.3078 18.1485 38.7259 291.887
100800 5.36072 15.5437 18.1948 39.0992 309.531
100900 5.25661 15.4536 18.4967 39.2069 299.506
101000 5.11183 15.2472 18.3996 38.7586 291.83
101100 5.1398 15.1164 18.145 38.4012 286.319
101200 5.21877 14.9748 17.9952 38.1888 298.801
101300 5.2781 15.0068 18.0727 38.3576 296.43
101400 5.35213 14.7889 18.218 38.359 306.146
101500 5.38712 14.4957 18.2715 38.1543 297.616
101600 5.43774 14.2791 18.1622 37.879 298.419
101700 5.5828 14.1131 17.8842 37.5801 293.232
101800 5.62996 14.0553 17.7632 37.4484 291.234
101900 5.52866 13.9904 17.5978 37.1168 297.083
102000 5.68099 13.8839 17.7174 37.2823 308.513
102100 5.90516 13.8278 17.8334 37.5663 304.881
102200 6.05086 13.891 17.9566 37.8985 300.189
102300 6.05843 13.8711 18.157 38.0865 296.437
102400 6.00744 13.786 18.2869 38.0803 287.636
102500 6.1891 13.7858 18.3812 38.3561 289.22
102600 6.23516 14.0291 18.3218 38.5861 299.8
102700 6.01344 14.0515 18.3371 38.4021 310.075
102800 5.71898 13.9914 18.4119 38.1223 297.687
102900 5.55096 13.8768 18.431 37.8587 293.399
103000 5.50422 14.0608 18.5787 38.1437 279.342
103100 5.42268 13.9098 18.8032 38.1357 289.851
103200 5.38851 13.9171 18.9933 38.299 295.524
103300 5.49178 14.0146 18.75 38.2564 302.357
103400 5.35914 14.1584 18.5027 38.0202 305.109
103500 5.26835 14.1601 18.4363 37.8647 300.249
103600 5.38042 14.3448 18.346 38.0712 309.259
103700 5.38654 14.3411 18.2678 37.9955 296.009
103800 5.49419 14.1548 18.3398 37.9888 290.274
103900 5.71765 13.6776 18.5282 37.9235 291.557
104000 5.93596 13.2119 18.5816 37.7295 311.814
104100 6.25229 12.9859 18.53 37.7682 310.314
104200 6.46057 12.8849 18.8182 38.1637 301.236
104300 6.51815 12.716 18.8567 38.0908 301.95
104400 6.83191 12.4634 18.8126 38.1079 298.023
104500 7.23348 12.4047 18.9363 38.5745 300.715
104600 7.50888 12.3955 18.9966 38.9009 301.632
104700 7.76362 12.5494 18.7051 39.0181 300.186
104800 7.80397 12.855 18.6691 39.328 278.621
104900 7.93815 12.9807 18.5426 39.4615 286.963
105000 7.97356 12.728 18.5643 39.2659 295.978
105100 8.08128 12.7266 18.4754 39.2833 304.846
105200 8.17239 12.8312 18.5938 39.5974 307.997
105300 8.23402 13.0856 18.6255 39.9451 305.736
105400 8.27685 13.3334 18.7143 40.3246 282.797
105500 8.40529 13.3596 18.746 40.5109 286.918
105600 8.48091 13.0915 18.992 40.5644 297.093
105700 8.46465 13.0004 19.0602 40.5252 299.549
105800 8.11464 13.0652 19.2389 40.4188 305.176
105900 8.33406 13.2263 19.4299 40.9903 312.675
106000 8.46005 13.154 19.6145 41.2285 290.727
106100 8.29514 13.3082 19.5865 41.1898 285.532
106200 8.35123 13.6155 19.6269 41.5936 305.637
106300 8.23137 13.7653 19.8695 41.8661 302.656
106400 8.11162 13.4999 19.9943 41.6058 302.891
106500 8.11983 13.3247 19.8378 41.2824 292.578
106600 8.18083 13.5336 19.5968 41.3112 285.708
106700 8.24 13.5739 19.4542 41.2682 290.075
106800 8.30433 13.3414 19.6411 41.2868 297.595
106900 8.57025 13.0683 19.7946 41.4332 302.512
107000 8.79875 12.9205 20.0051 41.7244 306.236
107100 8.86028 12.8171 20.3758 42.0531 299.436
107200 8.93911 12.8334 20.436 42.2085 281.876
107300 9.00578 13.0673 20.5713 42.6444 292.215
107400 9.07604 13.1348 20.3835 42.5944 300.032
107500 9.17147 13.3233 20.4006 42.8954 301.727
107600 9.32118 13.5375 20.2314 43.0901 296.377
107700 9.3012 13.6923 19.9796 42.9731 302.697
107800 9.1722 13.8176 20.0131 43.0029 323.933
107900 8.97328 13.7458 20.1785 42.8976 323.77
108000 8.74844 13.9179 20.1909 42.8572 311.091
108100 8.72048 13.9721 20.2623 42.9549 301.833
108200 8.73328 13.9158 20.355 43.0041 288.419
108300 8.47615 13.6212 20.2991 42.3965 302.601
108400 8.42176 13.5903 19.9385 41.9506 310.03
108500 8.43825 13.5039 19.7899 41.732 319.068
108600 8.41119 13.3423 19.8545 41.608 311.035
108700 8.37934 13.2847 19.8519 41.5159 292.358
108800 8.3029 13.6877 19.9125 41.9031 294.508
108900 8.11288 13.6623 20.1659 41.941 303.809
109000 8.03758 13.7088 20.3059 42.0523 298.72
109100 8.14856 13.9628 20.5435 42.6549 307.132
109200 8.19248 13.6674 20.5473 42.4072 317.485
109300 8.3727 13.5459 20.5866 42.5052 311.666
109400 8.63916 13.6618 20.8235 43.1245 301.099
109500 8.97211 14.0398 21.055 44.0669 305.873
109600 9.13112 14.3403 21.2772 44.7486 298.736
109700 8.69628 14.2408 21.3421 44.2792 289.815
109800 8.3572 14.1728 21.4024 43.9324 294.187
109900 8.07591 13.9512 21.2914 43.3185 324.708
110000 7.87364 13.7541 21.219 42.8467 326.19
110100 7.83353 13.845 21.4043 43.0827 299.364
110200 7.6707 13.9713 21.4056 43.0476 305.291
110300 7.75892 13.6288 21.3099 42.6977 292.183
110400 7.97978 13.2583 21.2458 42.4839 293.3
110500 7.98628 12.8427 21.0145 41.8434 306.615
110600 7.9472 12.8246 20.6895 41.4614 319.111
110700 8.11691 12.6831 20.72 41.52 302.805
110800 8.28571 12.5373 20.9893 41.8124 297.978
110900 8.51058 12.8215 20.9608 42.2929 293.403
111000 8.55618 12.4848 21.0817 42.1227 306.197
111100 8.38675 12.2559 21.2285 41.8712 292.197
111200 8.31777 12.3478 21.5908 42.2563 297.428
111300 8.37157 12.3759 21.8595 42.607 285.345
111400 8.15059 12.5258 22.0585 42.7348 284.91
111500 7.83918 12.9352 22.1346 42.9089 313.668
111600 7.9053 12.9599 21.9669 42.8321 299.041
111700 8.37314 13.2057 21.8494 43.4282 304.472
111800 8.77169 13.6534 21.7018 44.1269 293.097
111900 8.94116 13.9298 21.4676 44.3386 277.75
112000 8.77961 14.1992 21.3646 44.3434 289.064
112100 8.61988 14.3203 21.26 44.2003 298.82
112200 8.24625 14.2464 21.0449 43.5375 303.674
112300 7.78799 14.2206 20.7683 42.7769 293.29
112400 7.70938 14.134 20.6887 42.5321 306.918
112500 7.75125 13.9325 20.813 42.4967 308.33
112600 7.70105 13.5883 21.2647 42.554 320.869
112700 7.69092 13.319 21.7064 42.7164 291.348
112800 7.74915 13.0816 21.7877 42.6184 301.487
112900 7.84618 13.1915 21.9222 42.9599 286.329
113000 7.84762 13.3455 21.9369 43.13 301.113
113100 8.05443 12.8236 21.8557 42.7337 314.107
113200 8.08415 12.4319 21.8939 42.4099 309.046
113300 7.8659 12.3825 21.8409 42.0893 307.326
113400 7.6778 12.4748 21.9003 42.053 305.263
113500 7.60937 12.4751 21.8758 41.9603 301.866
113600 7.63681 12.5649 21.7798 41.9815 307.31
113700 7.59271 12.6057 21.7906 41.989 297.295
113800 7.47985 12.7163 21.891 42.0871 296.129
113900 7.53192 12.9357 21.8718 42.3394 303.186
114000 7.70041 13.1741 21.7839 42.6585 298.259
114100 7.77175 13.3473 21.7654 42.8845 296.364
114200 7.89414 13.6269 21.5799 43.1009 291.742
114300 8.10111 13.957 21.6565 43.7147 315.528
114400 8.1832 13.8872 21.5771 43.6475 305.573
114500 8.38359 13.8111 21.4982 43.6929 291.267
114600 8.42578 13.9421 21.4404 43.8083 299.912
114700 8.55894 14.1323 21.2464 43.9376 313.374
114800 8.69996 14.555 21.1231 44.3781 302.096
114900 8.73929 14.8056 21.2086 44.7535 299.035
115000 8.8696 14.9952 21.3294 45.1942 300.757
115100 8.92935 15.2123 21.4442 45.5858 299.617
115200 8.94945 15.3515 21.5722 45.8732 296.339
115300 9.17505 15.3959 21.7869 46.3578 286.271
115400 9.29476 15.322 21.8523 46.4691 288.291
115500 9.24159 15.4705 21.831 46.5431 304.467
115600 9.13948 15.6838 21.9126 46.7358 313.96
115700 9.32408 15.8353 21.8175 46.9769 305.294
115800 9.68134 16.2041 22.1095 47.9949 301.459
115900 9.79754 16.5123 22.3573 48.6671 295.311
116000 9.73732 17.0213 22.3201 49.0787 290.155
116100 9.74163 17.074 21.9741 48.7897 304.462
116200 9.75261 17.0325 22.0295 48.8146 324.366
116300 9.90113 17.0463 22.2503 49.1977 337.458
116400 9.8529 17.0191 22.4837 49.3557 309.314
116500 9.90152 17.3463 22.4799 49.7278 305.02
116600 10.0902 17.8316 22.6095 50.5313 298.353
116700 9.87968 18.1578 22.815 50.8524 293.506
116800 9.74505 18.2537 23.0591 51.0579 298.558
116900 9.88 18.4459 23.2525 51.5783 297.864
117000 9.80412 18.2962 23.2348 51.3351 303.909
117100 9.73536 18.2597 23.4753 51.4703 311.699
117200 9.54406 18.2325 23.7367 51.5133 302.172
117300 9.59373 18.1616 23.9692 51.7245 295.905
117400 9.57978 17.9849 24.3415 51.9062 292.349
117500 9.48661 17.4313 24.3354 51.2533 305.779
117600 9.50098 16.8478 24.344 50.6928 312.968
117700 9.57945 16.1993 24.673 50.4518 309.577
117800 9.8922 15.8124 24.9683 50.6729 311.174
117900 10.1453 15.3867 25.227 50.759 306.243
118000 10.3284 15.2655 25.3407 50.9346 306.235
118100 10.4902 15.0522 25.4038 50.9462 296.737
118200 10.8175 14.758 25.426 51.0014 290.972
118300 10.7529 14.6094 25.217 50.5794 309.938
118400 10.8609 14.6309 25.2073 50.6991 318.099
118500 11.2002 14.6814 25.0401 50.9217 314.707
118600 11.5661 14.7561 24.9063 51.2285 290.521
118700 11.7483 14.3986 24.9397 51.0866 300.536
118800 11.7682 14.4738 25.4344 51.6765 299.527
118900 11.8222 14.613 25.7793 52.2145 298.793
119000 11.5608 14.5134 25.7486 51.8229 302.1
119100 11.3266 14.4378 25.5343 51.2987 295.542
119200 11.3884 14.4138 25.366 51.1683 309.178
119300 11.3618 14.104 25.2319 50.6977 310.606
119400 11.2914 13.7499 25.5146 50.556 292.258
119500 11.5285 13.6428 25.8427 51.014 290.067
119600 11.2758 13.5799 25.8777 50.7333 298.953
119700 11.0896 13.3887 25.8898 50.3681 322.428
119800 10.8783 13.3582 25.8458 50.0823 328.276
119900 11.0261 13.613 26.0964 50.7354 307.899
120000 10.8839 13.8517 26.3714 51.1071 299.288
