# Stress and strain vectors, 333U-50C-48, positive deformation 3
# eps sig1 sig2 sig3 sig4 sig5 sig6
0 -0 -0 -0 -0 -0 -0
0.000100000000000013 -0.164175987508103 -1.16744747713728 -0.367992073323582 0.0361745364761432 0.163978037503244 0.249276239823947
0.000200000000000025 -0.124665442163569 -0.572583315993553 -0.323469804405218 0.223677623222365 0.358858945515759 0.18531430560173
0.000300000000000038 -0.257011493471616 -0.174623725363757 -0.0622175520065776 0.368545351433843 0.301242317510429 0.0907005929847224
0.00040000000000005 -0.174037007753012 -0.396495008556156 0.120230532905288 0.303004402106123 0.395431315363671 0.100489874275917
0.000500000000000062 -0.293566915167231 -0.260131241863209 -0.224801068293559 0.322533354055655 0.344553224217721 0.291372544190313
0.000600000000000075 0.3802025481794 0.0720897077132019 0.432263855673266 0.216730648108563 0.267797121625969 0.404414246575569
0.000700000000000087 0.299738856537144 -0.131984558431479 -0.17344307124591 0.192525272315336 0.364671720083592 0.0226382148116071
0.000800000000000098 -0.143127009598556 -0.428717959177991 -0.479526344351247 -0.33680906335307 0.345261830573683 0.331413030093259
0.000899999999999908 0.0748799448226588 -0.0717911059887032 -0.0801856280374681 0.260018678893064 0.217987834296735 0.155980363746424
0.000999999999999919 -0.472803930753982 -0.660977801553909 -0.346150098916831 -0.0649281626550501 0.0698759841743153 -0.0202103229144999
0.00109999999999993 0.0451920115070212 -0.0580952399865235 0.205680321310695 0.415042768608558 0.366158553588447 -0.0131842779471793
0.00119999999999994 0.230029473640344 -0.246573807788919 0.331952364740288 0.0303170428503701 0.303294844115089 -0.0452106097434352
0.00129999999999996 -0.180186181920588 -0.726274837964756 -0.365307336304417 0.302123066751933 0.127897277390581 0.301704522004287
0.00139999999999997 0.0732823011619541 -0.634124750172479 -0.17664841385137 0.412124153845088 0.184345506850807 -0.118190446628394
0.00149999999999998 -0.19487979403124 -0.847502874696226 -0.352354447785524 0.221804539290681 0.324672470124821 0.177168688962855
0.00159999999999999 -0.157993266651257 -0.274887405575835 -0.191463499757313 -0.00300792594111004 0.361169755510638 0.334257106937234
0.00170000000000001 0.257886307023256 -0.418012919767606 -0.122570036312159 -0.021579148110791 0.150118804223856 -0.0807999684811416
0.00180000000000002 0.189327130223391 -0.22639046669241 -0.255009420168252 0.116612764728827 0.144676455446229 0.307095194499944
0.00190000000000003 -0.199971068446212 -0.173000143818328 -0.373251890077879 0.00593517022002947 0.403925718129399 0.215920115078372
0.00200000000000005 0.33389464213088 -0.133855826882267 -0.0967336563371553 -0.0812203986400244 0.39958631920805 0.0715949457679814
0.00210000000000006 -0.276006909554885 -0.4673312298109 -0.251781371835213 0.196536272190882 0.0622504386973918 0.105046977231681
0.00220000000000007 -0.145621591180036 -0.514574313897097 -0.102341998726904 0.425335650269219 0.646844400636553 0.026139074475942
0.00230000000000008 0.0027633987344468 -0.387255772054435 -0.116212732011617 0.179219312117726 0.0751663517657506 -0.0156438345605642
0.00240000000000009 0.0871860960414066 -0.639187872234215 0.0172857582273613 -0.0277496919344274 0.370468239469184 0.185060494157203
0.0024999999999999 0.0814626177742871 -0.228863413441149 0.279163182121251 -0.141202034358129 0.269922348796774 -0.0244870530167418
0.00259999999999991 -0.574212964763065 -0.880036435879995 -0.47945875089205 0.194406400818031 0.165152252984482 0.0280958641136751
0.00269999999999993 -0.0088737614735319 -0.443009714283509 0.166391042598534 0.281476231099165 0.441847923415744 0.172883305262314
0.00279999999999994 0.165094535952843 -0.0795133742847711 0.214555531592557 0.281223716558867 0.174149488226269 0.0304590281095076
0.00289999999999995 -0.348733088702031 -0.644645461634933 -0.728138840791286 0.0859359057841773 0.125817809616652 0.494575048375127
0.00299999999999997 0.131924364939395 -0.559859140063153 0.0464507960952197 -0.0816678161050083 0.349222319520844 0.220650310429466
0.00309999999999998 0.365240305461446 -0.0286038902126887 0.0321834803436097 -0.253684740770775 0.207692773055854 -0.115475686498822
0.00319999999999999 0.46656291282729 -0.257902017307428 0.339302555565947 0.167804818803368 0.274876300751483 0.295597681068643
0.0033 -0.481811237219699 -0.520861417373837 -0.753129333072709 0.298782056857119 0.081174697909299 -0.0426615518801986
0.00340000000000002 -0.465853899626966 -0.520514955069432 -0.162472179884014 0.252978772431627 0.235426227937512 -0.0665409416050749
0.00350000000000003 0.273343066670542 -0.0651957487124767 0.511530985635704 0.331594614817794 0.419833644987744 0.458220635046444
0.00360000000000004 -0.0690976632302312 -0.86163442574627 -0.457471286258394 -0.0837187155017683 0.449256490589565 -0.0672567216038547
0.00370000000000005 0.0651256353279536 -0.502278422046036 -0.0518824155140326 0.308101588364445 0.429533543502822 0.00974867779896561
0.00380000000000006 -0.167843003080393 -0.0615458334800919 -0.120047750465558 0.0977268740852092 0.377450262051047 0.0895977153250226
0.00390000000000008 0.189142319610765 -0.140783086698108 -0.289247677287843 -0.0832891976462172 0.577296301755663 0.189917845014077
0.00400000000000009 0.407902628426681 -0.276850613947318 0.21358193974098 0.158290389713094 -0.0193009523137357 0.283641258625998
0.0041000000000001 0.0283740173029268 -0.397464791991191 -0.376732040218103 0.221141948210645 0.188405912983966 0.108043825430748
0.00419999999999991 -0.0738880854738748 -0.918076342163684 -0.260017000256088 -0.057011850659272 -0.0222326423787933 0.205097619438828
0.00429999999999993 0.329758096555843 0.278572186079344 0.228534987459905 0.365250045047427 0.276487467681819 0.0288102102724292
0.00439999999999994 0.105745589675003 -0.308816253213628 0.190575187581382 0.153848556284101 0.106063866744655 -0.0607861528318549
0.00449999999999995 -0.179504329412264 -0.812154585530779 -0.206711614072847 0.230970899019889 0.431463736411051 -0.036368977687652
0.00459999999999996 0.227408155577111 -0.457733402154782 0.0883859222979732 0.0723178328048499 0.209280816109101 0.0355541425103178
0.00469999999999997 -0.0210732567281336 -0.500971203651142 -0.114265072144231 0.123741036556053 0.0950179484273672 -0.0941363090946595
0.00479999999999998 -0.0752560076464774 -0.346878261271102 0.115337244814393 0.42416814129084 0.0760251148387929 0.151419616417906
0.0049 0.0298310668466924 -0.254378334424785 0.0912100960087423 0.257146776032679 0.17679322765484 0.203753607576301
0.00500000000000001 -0.321724395322251 -0.463023859504456 -0.129294424949863 0.0762942279991518 0.467492927787289 0.205331510340826
0.00510000000000002 0.168174752247505 0.129316998567899 -0.173398804487192 0.176534107394053 0.178326545784908 0.186253659095383
0.00520000000000004 0.00567979998214016 -0.390320398161859 0.095015961338401 -0.11936271590472 0.382454669315719 0.287366338172065
0.00530000000000005 0.234875749259075 -0.263413341299773 0.300802568946625 0.188924304480687 0.357954808952242 0.422368174341381
0.00540000000000006 -0.0125272546186588 -0.172401112054587 -0.0687044902082401 0.25123134214615 0.396454342131497 0.135613161537878
0.00550000000000008 0.0957131634947981 -0.493718476405301 -0.0996922129534357 0.00930101542802573 0.00113883834966329 0.0364158987514026
0.00560000000000009 0.0180465521137049 -0.0282332619208718 0.143321861247981 0.363252862834085 0.302069682856681 0.18739046382155
0.0057000000000001 -0.163898930324725 -0.253618219453471 0.309040403763992 0.00700289873925093 -0.0185426178432748 0.236727006322278
0.00580000000000012 -0.00531644850002057 -0.114303713051493 0.0119346160475544 -0.0433839748783132 0.177506850523582 0.0707300767509656
0.00589999999999994 0.472505052547603 -0.606652665783097 -0.514300633818693 -0.0208412583994136 0.365927569816418 0.290313780563138
0.00599999999999994 0.417451516460478 -0.323568518640072 0.328965676775954 0.237250269084444 0.220574067291392 0.193826158261178
0.00609999999999994 0.340339649985463 -0.240549749324967 0.305769824477188 0.105219040423434 0.361586877894155 0.410022810411083
0.00619999999999994 -0.291710198001611 -0.688193946157193 0.00162271017110504 0.432875948695071 0.243259708498996 0.581659431673322
0.00629999999999994 0.188646865617887 -0.404197391969672 0.173492570944496 0.159513293912389 0.0737223951195932 0.212950231663807
0.0064 0.0768778307988863 0.412701639085611 0.376428925778932 -0.149006635072537 0.110189252375053 -0.00762132402087533
0.0065 0.297202955778311 -0.0588457908848177 0.320103493495263 0.177176954990682 0.0918151599907993 -0.083469759163249
0.0066 0.266367453840428 -0.404799349810231 -0.324134284223951 0.313323224390068 0.466183185637778 -0.118454221425537
0.0067 -0.384291363772116 -0.462234624428792 -0.41039397431103 0.325204781900981 0.521769245179481 0.155020442828759
0.00680000000000006 -0.553903764539613 -0.310201779653446 -0.379238203954742 0.328321706465025 0.417411627859345 0.0404157373444307
0.00690000000000006 -0.229494911938228 -0.498386280414536 -0.0156861410400775 0.262717049926074 -0.00703425976407291 0.109160708161943
0.00700000000000006 0.101972482062692 -0.407184153076291 -0.0716682913442725 0.151489564488702 0.126786800932696 -0.199786361726144
0.00710000000000006 -0.230151248785833 -0.461253544805101 -0.105262351660205 0.145414255047925 0.350707117106463 -0.0592687107702574
0.00720000000000006 0.110170890082827 -0.0861150225075802 0.0616689952807252 0.15533675586671 0.0654008400390541 0.0119966472919135
0.00730000000000012 -0.208669674007998 -0.651058763916969 -0.49807302401 0.040996459781331 0.00860861331691588 0.0478393669193477
0.00740000000000012 -0.240645230788441 -0.0173390052393996 -0.0459706929385625 0.271808425143257 0.16418858334983 0.20128883572161
0.00750000000000012 0.689588597297865 0.309795947262114 0.709399794877325 0.250417695086236 0.158753308011639 0.412630936621456
0.00759999999999994 0.110361037466483 -0.273215692832308 0.021474913991096 0.0879538049921857 0.617529502037152 0.33054648242774
0.00769999999999994 0.498935176429705 -0.100317023884591 0.0978138803458309 0.0878545880076643 0.324005402712529 -0.0375589991486253
0.00779999999999994 -0.0486682431339175 -0.241483534020717 0.575167543637193 0.169865802398435 0.122421660799116 0.115021650553059
0.00789999999999994 0.117271041436668 -0.570696705056964 0.30008655610223 0.384130514431992 0.400162782647923 0.19383988284607
0.008 -0.622362859870865 -0.95007085599533 -0.696540132149496 0.14866613343366 0.334752065343734 0.31506139660983
0.0081 0.183769616032128 0.0318585228130757 0.208851393143717 0.0720638417200356 0.0611421572603773 0.131460868796604
0.0082 -0.234154247644963 0.0523622762859691 0.0444386448819062 0.462348370955988 -0.208944239358564 0.0721019459515233
0.0083 -0.02089336171084 -0.176058797384813 -0.016630816045786 0.357766168567886 0.294934991270162 0.00190718312652463
0.0084 0.393712814880331 -0.365091480093539 0.10651774471344 0.107318368885623 0.382110958444287 0.204291824857979
0.00850000000000006 0.289890411094179 -0.290330282165987 -0.194799092030782 0.0757471270336282 0.163125925551998 0.089313835776852
0.00860000000000006 0.484496880358114 -0.23217732500428 -0.0181521661299122 0.0752335142613822 0.4096194356441 -0.176155376871348
0.00870000000000006 -0.0897038890894838 -0.110484986471528 -0.169443866101849 0.417801520053613 0.241412182447154 -0.00298446108955536
0.00880000000000006 0.162056857475854 -0.435986487117797 0.0713179409487203 -0.0199680884298802 0.395843127022616 0.0424693806102052
0.00890000000000012 0.405838618393695 0.0372507202469507 0.462858757033202 0.233904960939075 0.209391364259379 0.35867336084583
0.00900000000000012 0.641666197176788 -0.185904278205033 0.644489389616148 -0.241385842376812 0.0425360210747413 0.206088769630815
0.00910000000000012 0.298984457936366 0.429257539516702 0.35177421976875 -0.0125987989734862 0.176579598988742 0.258678632400631
0.00919999999999994 -0.234829594010337 -0.404862278312085 -0.382885354930509 0.494283543120573 0.135052256861935 0.0854706029219044
0.00929999999999994 -0.040669918004285 -0.263989046032236 0.0865765292650776 0.204287380040299 0.131331563143439 -0.00356011068574541
0.00939999999999994 -0.41320141293422 -0.315407199115481 0.220623053090094 0.0499963467569126 0.480897009713869 0.0380125835317446
0.00949999999999994 0.522066676693651 0.279604649631834 0.32741555515482 -0.126370493281671 0.582793626983286 0.00775044091263392
0.00959999999999994 -0.204988570748419 -0.530625582341245 -0.112267841066829 0.0295021282003546 0.332510087858024 0.157460111353723
0.0097 0.531979317958719 0.410771497561183 0.540471372066174 0.0799871759457283 -0.0845769973813349 -0.0249466412057689
0.0098 -0.0729048392412219 -0.593237145736112 -0.0723639114778568 0.156796407124117 0.175693244829263 -0.102431578598279
0.0099 0.0319627427754961 -0.246593949605126 -0.58269918291243 0.0449523725477848 0.334420113388055 -0.0481822645983665
0.01 0.385621171600188 -0.238192054307243 0.166923867919982 0.25269067580647 0.447761680724571 -0.00967086474095093
