# Time-averaged data for fix myRDF
# TimeStep Number-of-rows
# Row r g1(r) coor1(r) ...
0 100
1 0.025 0 0 0 0 0 0 0 0
2 0.075 0 0 0 0 0 0 0 0
3 0.125 0 0 0 0 0 0 0 0
4 0.175 0 0 0 0 0 0 0 0
5 0.225 0 0 0 0 0 0 0 0
6 0.275 0 0 0 0 0 0 0 0
7 0.325 0 0 0 0 0 0 0 0
8 0.375 0 0 0 0 0 0 0 0
9 0.425 0 0 0 0 0 0 0 0
10 0.475 0 0 0 0 0 0 0 0
11 0.525 0 0 0 0 0 0 0 0
12 0.575 0 0 0 0 0 0 0 0
13 0.625 0 0 0 0 0 0 0 0
14 0.675 0 0 0 0 0 0 0 0
15 0.725 0 0 0 0 0 0 0 0
16 0.775 0 0 0 0 0 0 0 0
17 0.825 0 0 0 0 0 0 0 0
18 0.875 0 0 0 0 0 0 0 0
19 0.925 0 0 0 0 0 0 0 0
20 0.975 0 0 0 0 0 0 0 0
21 1.025 0 0 0 0 0 0 0 0
22 1.075 0 0 0 0 0 0 99.5344 3
23 1.125 0 0 0 0 0 0 0 3
24 1.175 0 0 0 0 0 0 0 3
25 1.225 0 0 0 0 0 0 0 3
26 1.275 0 0 0 0 0 0 0 3
27 1.325 0 0 0 0 0 0 0 3
28 1.375 0 0 0 0 0 0 0 3
29 1.425 0 0 0 0 0 0 0 3
30 1.475 0 0 0 0 0 0 0 3
31 1.525 0 0 0 0 0 0 0 3
32 1.575 0 0 0 0 11.6436 0.318681 0 3
33 1.625 0 0 0 0 53.9363 1.89011 0 3
34 1.675 0 0 0 0 2.48498 1.96703 0 3
35 1.725 0 0 0 0 0.669434 1.98901 0 3
36 1.775 0 0 0 0 0.316127 2 0 3
37 1.825 0 0 0 0 0 2 0 3
38 1.875 0 0 0.696783 0.027027 0 2 0 3
39 1.925 0 0 0 0.027027 0 2 0 3
40 1.975 0 0 0 0.027027 0 2 0 3
41 2.025 0 0 8.96077 0.432432 0 2 0 3
42 2.075 0 0 5.68943 0.702703 0 2 0 3
43 2.125 0 0 5.42485 0.972973 0 2 0 3
44 2.175 0 0 0.517831 1 0 2 0 3
45 2.225 0 0 0 1 0 2 0.209347 3.02703
46 2.275 0 0 0 1 0 2 0 3.02703
47 2.325 0 0 0 1 0 2 0 3.02703
48 2.375 0 0 0 1 0 2 0.367479 3.08108
49 2.425 0 0 0 1 0 2 0.176241 3.10811
50 2.475 0 0 0 1 0 2 0.676769 3.21622
51 2.525 0 0 0 1 0 2 1.13791 3.40541
52 2.575 0 0 0 1 0 2 0.781533 3.54054
53 2.625 0 0 0 1 0 2 1.35368 3.78378
54 2.675 0 0 0 1 0 2 2.31742 4.21622
55 2.725 0 0 0 1 0 2 1.39573 4.48649
56 2.775 0 0 0 1 0 2 1.74965 4.83784
57 2.825 0 0 0 1 0 2 1.29866 5.10811
58 2.875 0 0 0 1 0 2 1.63005 5.45946
59 2.925 1.04987 0.0540541 0 1 0 2 1.81708 5.86486
60 2.975 0 0.0540541 0 1 0 2 1.99072 6.32432
61 3.025 0 0.0540541 0 1 0 2 2.94482 7.02703
62 3.075 0 0.0540541 0 1 0 2 2.19218 7.56757
63 3.125 0 0.0540541 0 1 0 2 1.8042 8.02703
64 3.175 2.67314 0.216216 0.243013 1.02703 0.0988075 2.01099 2.05626 8.56757
65 3.225 6.04543 0.594595 0 1.02703 0.38307 2.05495 1.09615 8.86486
66 3.275 3.34986 0.810811 0.228399 1.05405 0.371463 2.0989 0.676414 9.05405
67 3.325 2.4374 0.972973 0 1.05405 0.270281 2.13187 1.59369 9.51351
68 3.375 2.36572 1.13514 0.860262 1.16216 0.524665 2.1978 1.54682 9.97297
69 3.425 3.06287 1.35135 0.835328 1.27027 0.424549 2.25275 1.94374 10.5676
70 3.475 2.97537 1.56757 0.405732 1.32432 1.64968 2.47253 0.772451 10.8108
71 3.525 3.61445 1.83784 1.38006 1.51351 0.721445 2.57143 1.00092 11.1351
72 3.575 1.40562 1.94595 1.15005 1.67568 1.16901 2.73626 1.05422 11.4865
73 3.625 0 1.94595 2.05067 1.97297 1.36438 2.93407 1.18308 11.8919
74 3.675 3.32542 2.21622 1.45109 2.18919 1.18001 3.10989 0.613923 12.1081
75 3.725 3.23674 2.48649 1.4124 2.40541 1.7946 3.38462 0.746941 12.3784
76 3.775 1.89094 2.64865 1.54714 2.64865 1.46779 3.61538 1.23639 12.8378
77 3.825 2.45577 2.86486 1.67439 2.91892 1.63391 3.87912 0.991755 13.2162
78 3.875 1.79461 3.02703 1.14202 3.10811 2.32169 4.26374 0.82828 13.5405
79 3.925 0.583059 3.08108 1.43114 3.35135 1.35775 4.49451 0.874588 13.8919
80 3.975 0.568483 3.13514 1.70545 3.64865 1.26077 4.71429 0.852724 14.2432
81 4.025 0.554447 3.18919 1.66334 3.94595 2.33632 5.13187 0.767696 14.5676
82 4.075 1.08185 3.2973 0.885149 4.10811 2.15938 5.52747 0.436901 14.7568
83 4.125 0 3.2973 2.15955 4.51351 1.63905 5.83516 1.03548 15.2162
84 4.175 3.09194 3.62162 1.54597 4.81081 2.45718 6.30769 0.832444 15.5946
85 4.225 1.50959 3.78378 2.33301 5.27027 2.23197 6.74725 1.7999 16.4324
86 4.275 0.491496 3.83784 1.47449 5.56757 1.30804 7.01099 0.793956 16.8108
87 4.325 0.960396 3.94595 1.83348 5.94595 1.65071 7.35165 0.886519 17.2432
88 4.375 0 3.94595 1.40785 6.24324 1.14485 7.59341 0.974669 17.7297
89 4.425 1.37622 4.10811 1.50133 6.56757 1.01738 7.81319 1.21742 18.3514
90 4.475 0.448546 4.16216 1.34564 6.86486 0.795822 7.98901 0.621063 18.6757
91 4.525 0 4.16216 1.67499 7.24324 0.68104 8.14286 0.556796 18.973
92 4.575 1.28746 4.32432 0.936331 7.45946 0.618647 8.28571 0.891315 19.4595
93 4.625 0 4.32432 1.03072 7.7027 0.605344 8.42857 0.969053 20
94 4.675 0.410989 4.37838 0.784615 7.89189 1.00263 8.67033 1.23297 20.7027
95 4.725 1.20701 4.54054 0.658369 8.05405 0.93691 8.9011 1.16059 21.3784
96 4.775 1.57582 4.75676 1.18187 8.35135 1.04845 9.16484 0.818214 21.8649
97 4.825 0.771665 4.86486 1.1575 8.64865 0.5562 9.30769 0.311634 22.0541
98 4.875 0 4.86486 1.13388 8.94595 0.796319 9.51648 1.00304 22.6757
99 4.925 0.370323 4.91892 0.706981 9.13514 0.615973 9.68132 1.1537 23.4054
100 4.975 0.725835 5.02703 1.08875 9.43243 0.845115 9.91209 1.04688 24.0811
