# Stress and strain vectors, 333-HD-100C-11-VASP, positive deformation 1
# eps sig1 sig2 sig3 sig4 sig5 sig6
0 -0 -0 -0 -0 -0 -0
0.00200000000000001 -1.04898649332787 -1.18044520172438 -1.27851679028418 0.158809666645278 -0.141021023449927 -0.0490845734643611
0.00400000000000002 -0.791866311635559 -0.828141027069492 -0.661088053254567 0.165318418551471 -0.138918788397758 -0.137069263273907
0.00600000000000003 -1.05541244961324 -1.23956016125727 -1.38175738538517 -0.0075866103290984 -0.162641322972646 -0.28075567917799
0.00800000000000007 -0.0696457612954416 -0.230368733126227 -0.446071220973403 0.138197811047327 -0.368570907880149 -0.116540785307992
0.00999999999999993 -0.881769045993636 -0.640779804921728 -1.22589320770117 0.540919157908653 0.0134629058973699 -0.147062057812729
0.0119999999999999 -0.412285846480965 -0.592027839842385 -0.757341538244506 0.338112021819155 -0.0184872149065753 -0.0690377889501593
0.0139999999999999 0.13161368428693 -0.484259159553789 -0.233276676876026 0.10774366208823 0.00955479629027317 -0.327171519398337
0.016 0.0618251159469522 -0.497586039488519 -0.587162081444476 0.156689002949441 -0.344384945029797 0.0678726920593073
0.018 -0.275353813930546 -0.447671006445674 -1.0996870579563 0.388598713187789 -0.194636547639685 -0.162478129433259
0.02 0.239244389364306 -0.776792802971961 -1.00580637038222 0.349874603718586 -0.180210450443325 -0.0152897178211925
0.022 0.537311182659955 -0.156021788056027 -0.362759981508741 -0.149159266708957 0.0537650232474163 0.242103169603824
0.024 0.349172949770507 -0.439152576255966 -0.538112927920704 0.199641965865103 0.000101118645590776 -0.051614416084477
0.026 0.42786623938276 -0.858315690256754 -0.466088885072337 0.373057966959505 -0.149095303901732 -0.252295747188149
0.0280000000000001 0.345042535638772 -0.620344239315247 -0.993315251585393 -0.125864698681911 0.0763824351052428 -0.00448768758793302
0.0300000000000001 0.424729118755871 -0.246968893745168 -0.178416959319209 0.0585549789499616 -0.0208419582347485 -0.293918191917852
0.0319999999999999 1.01289825160989 0.0721526878871647 -0.0956500683830879 0.105148088612171 -0.335151573829586 -0.168767455315152
0.0339999999999999 0.848974602681343 -0.0420527020059797 -0.492320600363237 0.297447421017116 -0.0960408108498427 -0.337183084678687
0.0359999999999999 1.41424702645566 0.342464597777039 -0.387475624205409 0.427232186010712 -0.147323914645484 0.0109550484677486
0.038 1.45013241259546 0.381691006781859 0.151165359156794 0.567336968565932 0.155301006697429 0.105004542014015
0.04 2.10613852116655 0.810220027012491 0.681181188023309 0.373059744066028 -0.0446317468794494 -0.0284172834033753
0.042 2.0998354051788 0.448910100111662 0.154170118149248 0.270705364107834 -0.12735560909171 0.16542509864599
0.044 1.57534655963755 0.318418188573635 -0.0368322185764776 0.300434937908227 -0.0285827952942503 -0.044349498596688
0.046 1.70360524281248 0.481524081414321 0.283195321047955 0.192890797073365 0.00201084885425454 -0.168461063508654
0.048 1.67522586264769 0.588406550411877 0.411785112778223 0.192540289171396 -0.0862617984518532 -0.0417530216195723
0.0499999999999999 1.97774175817723 0.550128859477461 0.574273135789911 -0.000569609699289256 0.453634457471987 -0.054070692254032
0.0519999999999999 1.8777867579993 0.471753831317134 0.292372585129627 0.0560079797161844 0.374532838738871 0.191222577244988
0.0539999999999999 2.51817140559674 1.28632399186578 0.856463431044942 0.41884153827419 0.304603888611796 -0.0633956564503973
0.0559999999999999 2.26083338583228 1.09256473008715 0.0449782617202544 0.313573550379425 0.158663770554119 0.00518625612943126
0.058 2.81079853821934 1.48694115539613 0.489181301063068 0.47968446923864 -0.146372006722172 -0.296690335053606
0.06 2.30987369035408 0.5186185981674 0.266934883318879 0.375905673596213 0.23111416160431 -0.0905651837507176
0.062 2.73425905254194 0.718441378834019 0.536950685007051 0.311937347346566 0.235620686138243 0.0747330804795781
0.064 3.16523056440698 0.970035298699819 0.940833869593451 0.201829085226389 0.192732340264701 -0.198605820531777
0.066 3.47779073302069 1.20428867940527 0.866377241154329 0.268959258496462 0.0752133601229275 -0.035668193643967
0.068 3.47995637369485 1.57271105222332 1.10741953223275 0.193339679813379 0.00552043290347925 0.0721869709493179
0.07 3.30277299084408 1.60195651009047 1.36671171475114 0.260329137361304 0.0205551031960686 0.119297853189681
0.072 3.12425664641078 1.17738966386148 0.966689874321593 -0.0378609897275045 0.476913491195664 -0.028407732428647
0.074 3.61135546302774 1.04404445658971 1.31458641151965 0.0586927902442134 0.339324105055781 0.106449633841554
0.076 4.13169107319611 1.15144284496537 1.31119653329276 0.38277311406317 0.0457991956244866 0.162526076661021
0.078 3.5847133341587 0.908337387682376 0.829479862338019 0.749798912770123 0.109470887209299 0.216424502257968
0.08 3.85887841708204 1.4294431330402 1.29026066652157 0.737609888911217 0.324425193030278 0.0766929228601151
0.082 4.0213173795233 1.16753549255519 1.43636010847359 0.198335720550693 0.236296256816333 0.0955911248051047
0.084 4.29891922556193 1.52855254218859 1.97482193267078 0.035930650958826 0.436610267558952 0.0498347378402601
0.086 4.72045013816494 1.32062030815775 1.48089555823457 0.00747527087158971 0.410903537819332 0.400612814885969
0.088 4.44571121187028 1.19403646770271 1.52768765778135 0.0782743426886359 0.49533100138052 0.260117849446562
0.09 4.40590201645672 1.46856932789046 1.53690251543229 0.357129978549045 0.470063297213266 0.281089394219794
0.092 4.84828565812619 1.10076183506851 1.90748952929136 0.457380354415006 0.221502751117221 0.0319432746297896
0.094 5.06793540353508 1.60224212779452 2.29066386156904 0.246977980133197 0.376146276023019 -0.111962752024787
0.096 4.819098429712 1.66511487789921 2.28975670261376 0.499299866754324 0.392955358798387 -0.124897260645063
0.098 5.19177175037579 1.57702512316158 2.44031518590009 0.51810437789761 0.315734069450352 0.0564055325621286
0.1 4.8444357111712 1.36929794773492 1.99288268336928 0.235947143226455 0.110864756471101 0.133897124201576
