# Stress and strain vectors, 333SiO2-1-UFF-c, positive deformation 5
# eps sig1 sig2 sig3 sig4 sig5 sig6
0 -0 -0 -0 -0 -0 -0
1 -0.849943043594083 -1.07395141242912 -1.45398198205152 -0.573489109541465 -0.296290148021873 -0.0379858257831531
1 -1.61311166209202 -1.60764714783189 -2.45408464540966 0.509276272216219 0.128631897927933 -0.302260748220725
1 -1.29057356692506 -0.355863149247193 -1.59197424969283 -0.871629926151449 -0.0857617236109515 -0.177898052894014
1 -1.12352867988675 -0.779625096393857 -1.61680499794595 -0.253974688185791 -0.126850293799004 0.00553224425680489
1 -1.14961152837547 -1.96516769536039 -2.43112395110634 0.274410071791502 0.104031436086625 0.0281566263584401
1 -0.760830190211254 -0.907596085016081 -1.62731765560877 0.116032472354422 -0.439176664877113 0.17794314760837
1 -1.09907691812029 -0.988267518430989 -1.74582194872571 -0.259032638918353 0.497235770853912 -0.0240326935631517
1 -1.4107233997489 -1.54459258169865 -2.29616813255447 0.364961439320118 -0.0544338182503371 -0.407515023971186
1 -0.439267123721555 -0.698728937856912 -1.33153428208547 0.199990870325469 0.0200289799118679 0.193960313890874
1 -1.03139270692151 -1.06912429332041 -1.79042222066643 -0.0868053046959107 0.300875913194733 -0.12688420247927
1 -1.88259370296547 -1.494760134793 -2.53996238080051 -0.00645238789912945 0.619026016668597 0.510992154429393
1 -0.504156266192773 -0.92696012734037 -1.55997150123781 0.549694816414984 -0.233303925820253 -0.356192771571639
1 -0.989290111979594 -1.04571422580475 -1.70051504069673 -0.30310508004792 -0.285504514885119 -0.31908230755516
1 -1.40414671998185 -1.26326213407293 -2.0663113997845 -0.13408683955012 0.176617595499761 -0.252798811950657
1 -0.670536339561612 -0.876236765156991 -1.53710493505614 -0.0635082993894925 0.357385611644931 -0.053077789480843
1 -0.909188856216422 -0.413737807113689 -1.2567549808378 -0.290716231643424 0.664761815346051 0.365445149428176
1 -2.06286100097097 -1.7700195415985 -2.65753261781279 0.0167634650869809 -0.174276979282159 -0.276595290881744
1 -0.944238641486979 -0.996192901157408 -1.59980959391115 0.468582865428435 -0.451750073117502 -0.348085724326151
1 -0.935024535723947 -0.772822180682745 -1.528989909426 0.8570258398431 0.514303329241668 0.172587945923133
1 -1.30571063300782 -1.09872132110487 -1.92045263903145 -0.057485779210686 -0.11770919448786 -0.0480669068243789
