# Stress and strain vectors, 333SiO2-1-UFF-c, positive deformation 1
# eps sig1 sig2 sig3 sig4 sig5 sig6
0 -0 -0 -0 -0 -0 -0
0.00039999999999995 -1.72754622773228 -1.89042245640806 -2.53746089557899 0.0154380835351386 -0.106391728047604 -0.19911738918108
0.00080000000000002 -0.460355629543961 -0.397251348127138 -1.02063597164732 0.15376978262378 -0.45703593149654 -0.302025499238512
0.00119999999999997 -0.924480148540599 -0.979162815852598 -1.80307423327202 0.630941745674435 0.915265628228697 0.0975867933996084
0.00160000000000005 -1.9350846848885 -1.27471489579023 -2.51439119219072 -0.193569441181585 0.0136126486962013 -0.358125964473821
0.00199999999999999 -0.277787067064516 -0.36073271946032 -1.09370933212953 0.0559652552433118 -0.208844573269975 -0.182761842447024
0.00239999999999995 -0.338999028734062 -0.944554395631549 -1.3415412669561 0.00988235867350178 -0.157229488507516 -0.00437472456316098
0.00280000000000002 -1.01584185413747 -1.14264829943552 -1.99406291143296 -0.00933728163333811 0.195366076146841 0.320822004831268
0.00319999999999997 -0.558040093561732 -1.01609614528326 -1.65142439115805 0.136030238056333 0.245429074878842 0.286049012521445
0.00360000000000004 -0.570016240325092 -0.59989304324825 -1.4454481620591 -0.192523698791286 -0.00317224303878884 0.332694612536652
0.00399999999999999 -0.762739278373835 -0.747032510151875 -1.63234490632202 0.177142193201656 0.142726575006614 0.00770195790737933
0.00439999999999994 -0.725418653155294 -1.09889301627839 -1.76276211886414 0.316589853817896 -1.03046703042429 -0.114313599044162
0.00480000000000001 -0.333728280775387 -0.534628042487849 -1.3316499861329 -0.280681506391287 0.374555450004454 0.439471048155985
0.00519999999999997 -0.534070817956967 -0.447197150693347 -1.38139256457672 -0.315903604713953 0.223455963456676 0.0599459571926536
0.00560000000000003 -0.812278295680605 -0.901040413519947 -1.91191797662719 0.286745527082935 -0.758301405159508 -0.397139094829098
0.00599999999999999 -0.320889449556257 -0.797711889380801 -1.59598544979744 0.0684473198126984 -0.38087639644842 -0.369916110052948
0.00639999999999994 -0.127795721695751 -1.01007459630241 -1.52665136976233 0.184875462365828 0.0906234832888721 0.272440448351356
0.00680000000000001 -0.112868206785577 -1.09192116505754 -1.53431371790891 0.647532535204778 -0.0436061030962223 0.38703789463685
0.00719999999999993 -0.475280741814747 -1.39344015558567 -1.98181288715561 -0.123438597822467 0.000624563507016142 0.603562593862157
0.0076 0.00259267053026832 -0.460447753416452 -1.18846839368874 -0.362168342111233 0.165662286153058 -0.346129250569206
0.008 0.0797872677497975 -0.85961218652463 -1.50301150333908 0.125493297424596 0.129540179393144 -0.0342776678545916
0.00839999999999993 -0.516454412678469 -0.725131647439632 -1.70545889479049 -0.376654697993208 -0.232867779753786 0.139816827294701
0.0088 -0.158384370169418 -0.699674932510452 -1.52071697039467 -0.304228816037508 -0.212123538678963 -0.0293981890745145
0.00919999999999993 0.601142896082787 -0.32345711803179 -0.877958861640217 0.0892650525794159 0.318884208523615 0.319249607262796
0.0096 0.238102074044423 -1.38288978990248 -1.68402866485204 0.0434239193023839 0.528867853536396 0.402165289311046
0.01 -0.395276974330602 -0.935022613053429 -1.6423184485234 -0.121705150692242 -0.0918542021666777 0.0499319872313117
0.0103999999999999 0.154880499779356 -0.405556766733108 -1.13562336583326 0.514768589401566 0.0619303777798768 0.309745062855606
0.0108 0.120853229064762 -0.359175246567752 -1.1659198313997 -0.403769394467674 0.780035025100866 -0.163322389555423
0.0111999999999999 -0.268752216995269 -1.58270212184472 -2.02502375485669 -0.00828545923677375 -0.304754079502183 0.0403661543988857
0.0116 -0.100522758880241 -0.84171781226231 -1.63672634858725 0.195143596884289 -0.057863073389752 -0.27825250436258
0.012 0.992953181649132 -0.238440800881803 -0.801262185920213 -0.049569448485959 0.237329664484224 0.40208336311353
0.0123999999999999 0.162133611316745 -0.910755215648442 -1.44993663845123 0.219319622894193 -0.250569039790611 0.0572363812718163
0.0128 -0.375798670715334 -1.09456862275538 -1.9227892725852 -0.515387697362343 -0.0510702184851022 -0.113362666172842
0.0131999999999999 0.740987031679026 -0.131850519767066 -0.792559067834344 0.72682535279707 -0.148345537161707 0.166000958964328
0.0136 0.237581077499414 -0.473428613315144 -1.37803749941715 0.210758290853256 -0.0079566517100807 -0.158805427554148
0.0139999999999999 0.0869721409387059 -1.45837363763566 -1.96759134475539 0.278778941071212 0.179735589929644 0.231235308868411
0.0143999999999999 0.60077430733111 -0.566687897075686 -1.17280770114861 -0.0887094941138142 0.31232903880483 0.428637057714159
0.0148 0.866925192141572 -0.209256001843084 -0.880693752372944 -0.462732452473106 -0.122301582566497 -0.268666656519243
0.0151999999999999 -0.208632653051514 -0.735703695906549 -1.6693436603029 0.0803426750799583 0.45433517603725 -0.0284995969638376
0.0156 0.200553333251012 -0.844510575685471 -1.47408390051743 -0.424286650701896 -0.307055296077011 0.0447081460586088
0.0159999999999999 1.0899798296381 -0.516291672331326 -0.930248413971994 0.396370735262348 -0.0883525627208976 0.103904771333673
0.0163999999999999 0.306135014258354 -0.547579177317271 -1.44776401100526 -0.436616476557818 -0.0189420929130543 -0.0233250526967631
0.0168 0.341220608510487 -0.360583469449498 -1.32034896221797 -0.856743078046692 0.446448076132268 0.0798504704337481
0.0171999999999999 1.27553057023512 -0.395526531842624 -0.939200441425741 0.601695901605481 0.306858332656331 0.115552509945432
0.0176 0.582106565662106 -0.838035707848253 -1.46049801319156 0.122389564588987 0.148834520808758 -0.068890794109352
0.0179999999999999 0.635247907553817 -1.02989936194171 -1.58476431682576 -0.174154635163015 -0.14410221768823 0.104740735455401
0.0183999999999999 0.447430874796336 0.00560382650679829 -0.968272571530773 -0.421460794823185 0.18910513633985 0.279127735538154
0.0188 1.18830968172034 -0.601608417281544 -1.08928388895502 0.0779086828256337 -0.0144302422897534 -0.00749071588140159
0.0191999999999999 1.42620573619503 -0.953002758652554 -1.19968464844006 0.197029213153658 -0.0114808739425845 -0.111435220161795
0.0196 0.378648017105385 -0.615955642438857 -1.66502423708864 -0.291656463621956 0.340196159671197 0.133923961298534
0.0199999999999999 0.675483327525107 -0.17079803925362 -1.03381605109685 -0.699320610469709 -0.421066954460024 -0.0538750838388803
