# Stress and strain vectors, 333-RV-31_eq, negative deformation 5
# eps sig1 sig2 sig3 sig4 sig5 sig6
0 -0 -0 -0 -0 -0 -0
-0.000399999999999964 -0.962543316927834 -0.909818925461834 -0.328271131462487 0.266794338841644 0.285180354780175 -0.402404701116534
-0.00079999999999989 -0.761646809064623 -0.0346015656631225 -0.185958566751986 0.112688786145046 0.0888497875123373 -0.436410635951807
-0.0012000000000001 -0.426816931297779 -0.127601953555003 0.280077991391348 0.502402151410781 0.116454655391172 -0.31058863654903
-0.00160000000000003 -1.08988820807449 -0.661014673155528 -0.0406900357428724 0.24104816874541 0.152777106634111 0.11009189986065
-0.00199999999999996 -0.671575542529742 -0.742086283930919 0.115880106927275 0.273720437028589 -0.0217833499718775 -0.316617262842678
-0.00239999999999988 0.1875050466999 -0.226575164234801 0.433252098289709 0.584786350590211 0.336723293320778 -0.286916996056224
-0.00280000000000009 -0.200150930390236 -0.276698494036985 -0.171850079928873 0.323446550711374 0.23442361800612 -0.344386833534777
-0.00320000000000002 -0.6891547879451 -0.578618756515005 0.0226491901553606 0.371200035045768 -0.0780862756965129 -0.520863788078939
-0.00359999999999995 -0.381758754965836 -0.711807890022598 -0.159366531975433 0.0207234638868143 0.484027148220781 -0.261728948349217
-0.00399999999999988 -0.706780034770443 -0.0637893626767202 0.154147274888795 0.384623902788586 -0.0476562720067407 -0.326951276028233
-0.00440000000000009 -0.549867802295738 -0.118128269250252 0.00546033516881368 0.570387292040723 0.383517249693629 -0.482182795408218
-0.00480000000000002 -0.0771610773237965 -0.339589908681947 -0.216858090530702 0.223667662871369 0.259061666679881 -0.0912584429581167
-0.00519999999999995 -0.455043370767802 -0.267528054291053 -0.0610481321617279 0.427340543091563 0.442646341945281 -0.0879018022459434
-0.00560000000000015 -0.329381519205897 0.468689195701054 0.0846369874960081 0.245705862492631 0.14755465581447 -0.11713390714802
-0.00600000000000008 -0.52373713381649 -0.359443034274105 0.459780384810167 0.379321061640662 0.288775853153646 -0.363605681730136
-0.00640000000000001 -0.44331582353097 -0.249601762768085 -0.0524251756002114 0.381954095447851 0.353149705278777 -0.0212874843098441
-0.00679999999999994 -0.209139250040515 0.103996267886586 0.416766717149242 0.346894724207484 0.207107910754788 -0.407309829863776
-0.00719999999999987 -0.453370200701134 -0.6377142783291 -0.112150121433283 0.578635856309117 0.125310391552318 -0.372529562520616
-0.00760000000000007 -1.10566761600885 -0.716710782068474 -0.044436073194312 0.352259390587673 0.0515289444862508 -0.156534812490161
-0.008 -0.658167542615179 -0.446845041710544 -0.103580390457345 0.179997797431747 0.269381710529014 -0.478041280546878
-0.00839999999999992 -0.575139729000287 -0.204383448726803 -0.0257207219383777 0.348206476004897 0.0718661996016584 -0.252668160480397
-0.00880000000000016 -1.01969847847792 0.0427154827633061 -0.261871589899855 0.367326474880898 0.182553628176819 -0.276872217620666
-0.00920000000000008 -0.734532491579838 -0.214940743711939 0.035252329578722 -0.0920665801627221 0.449485299933656 -0.235054545638075
-0.0096 -0.293811929414424 0.406282820045412 0.333801475691336 0.488489455598718 0.0567321103247316 -0.272576746624211
-0.00999999999999992 -0.462475784492159 -0.373713647948294 -0.130993630850139 0.392735765439618 0.154812059526777 -0.243692100987828
-0.0103999999999998 -0.299823356434531 -0.373265995606391 -0.106984298909137 0.412933328620973 0.0638550449666969 -0.115843922148202
-0.0108000000000001 -0.575411534261577 -0.476658560374536 -0.159544830893889 0.201309482729433 0.257855928404375 -0.411310698150602
-0.0112 -0.323731510683031 -0.505713571177504 0.0375891638412746 0.587206833513992 0.0145909698220284 -0.0195600798084305
-0.0115999999999999 -0.455268829143783 -0.641778050456487 0.28492873638203 0.770398183625469 -0.0906360461581646 -0.279214203507807
-0.0120000000000002 -0.497828787066342 -0.711147321679305 -0.207863735803531 0.107925797056588 0.00237205908415311 -0.489209932686649
-0.0124000000000001 -0.58918697737929 -0.488480714920858 0.057831044199809 0.193383918913749 0.392272065479536 -0.229931919849218
-0.0128 -0.264029050807642 0.0587144086943082 0.0627217317664955 0.304148443106404 -0.0206174823711134 -0.4223975203171
-0.0131999999999999 -0.327686659753604 -0.511926814700304 0.136928733868983 0.56952522168171 0.520833965324195 -0.0914697893580073
-0.0135999999999998 -0.961624474337696 -0.548002793006608 -0.396255647616037 0.341572737116098 0.368424313323061 -0.0977423097464673
-0.0140000000000001 -0.805102759205691 -0.249311956085474 0.173706326597847 0.394498163474286 0.103432929494396 -0.337731365015013
-0.0144 -0.600971369299725 -0.461535053841027 0.0754480876461096 0.240898405909637 0.269147691549785 -0.364857777708556
-0.0147999999999999 -0.929537109399537 -0.00970546021540732 0.111734067097379 0.305166845799664 0.111717217481054 -0.216127410845851
-0.0152000000000001 -0.601243627385514 -0.707095721252751 -0.209935563226567 0.213389969769452 0.30712576643371 -0.345003646812886
-0.0156000000000001 -0.436265690522851 -0.465095798579896 -0.027626859968628 0.321676982845954 -0.0829635093979907 -0.211787737349709
-0.016 -0.262278361249707 0.0408358807220698 0.531681628276817 0.406496060203996 -0.125717318576378 -0.319498489850245
-0.0163999999999999 -0.189884832823511 0.230697413254206 0.202986770690743 0.426139518398565 -0.0111095975779276 0.0218617901007191
-0.0168000000000001 -0.75366650097346 -0.469265166291747 -0.364823027828152 -0.1661375902935 0.360243661674533 -0.28817363095599
-0.0172 -0.615282520962903 -0.523081543973873 0.384209820261277 0.254868687684219 0.323564478611454 -0.384919562443878
-0.0176 -0.477697071869965 -0.207423889022278 -0.45813226779456 0.127925191892756 0.338951786839511 -0.278777021800175
-0.0179999999999999 -0.801651064007016 -0.622808753809307 0.0163099542116895 0.55321695236597 0.108495767948656 -0.171520396236613
-0.0184000000000001 -0.520483187130158 -0.0173546873928805 -0.295964162240989 0.173584995110252 -0.00207037038501801 -0.194316998820244
-0.0188 -0.340873691243879 -0.0700815823901021 0.413737041373554 0.414207525449212 0.124903717309012 -0.111747822907426
-0.0191999999999999 -0.369904890792708 -0.518911776685861 -0.211816719616102 0.503151944937882 0.346059232027055 -0.317526788367028
-0.0195999999999999 -0.0972971021519795 0.433915265321359 0.710239895014391 0.127835415627808 0.0340566818759203 -0.218247335553589
-0.0200000000000001 -0.575570295225354 -0.607192618724725 0.300686554227068 0.147469912609788 0.0612142996946453 -0.371432719080319
