# Stress and strain vectors, 333U-50C-1, negative deformation 6
# eps sig1 sig2 sig3 sig4 sig5 sig6
0 -0 -0 -0 -0 -0 -0
-0.000199999999999907 0.106692168201343 -0.356213436030793 -0.333414006365798 -0.269716244980519 0.124772867684181 0.12091591500496
-0.000400000000000016 -0.0726966955896922 -0.382708274254774 -0.539236189636085 -0.215596304099049 -0.0356770130036457 0.0620878845526605
-0.000599999999999926 -0.0145589052375806 -0.557574932751024 -0.677236652034884 -0.311825109984362 -0.0533036891783447 0.182077215947541
-0.000800000000000034 0.0873382062750572 -0.574066149736924 -0.406425997902684 0.00479278303144256 0.11306761445762 0.0154541568034859
-0.000999999999999943 -0.583750273985017 -0.93528301121102 -0.494612991908401 -0.00358085532645133 0.107316472380118 0.316031189268784
-0.00120000000000005 0.0358834453287097 -0.466522994218417 -0.754434117441697 0.0679886871626857 0.0275627964711074 0.223859603049959
-0.00139999999999995 0.63451157022076 -0.0425564782249869 -0.472845215809769 -0.132489507677777 -0.168048993722267 -0.177220859781203
-0.00160000000000007 0.0524708479001516 -0.426640078597694 -0.441719414424941 0.161365410213965 0.26435480230487 -0.0715714068605783
-0.00179999999999997 -0.230554623562154 -0.864540002996603 -0.932361117912083 -0.0767966911439543 -0.263843257516565 0.0441300647321817
-0.00200000000000009 -0.271672877230822 -0.38580419942356 -0.359607924527005 -0.148298726675408 0.0430485801460804 -0.127597497830159
-0.00219999999999999 -0.298523170185679 -0.765911287243592 0.0475646615055881 0.0463165325091047 -0.0691663690079149 0.0520072984829613
-0.0024000000000001 0.0592321826671369 -0.433566642934425 -0.557795839718218 -0.053306507001002 0.100684272378131 0.239009383604778
-0.00260000000000001 0.491523217349549 -0.483120559874862 -0.0948341926486668 0.0521806125964071 0.105986053560713 0.193028695393592
-0.00279999999999991 -0.31127126686301 -0.284921576139267 -0.524192066358362 -0.133527864036217 0.169201456390189 -0.0444515408790042
-0.00300000000000002 -0.470879327896913 -0.738244626115253 -0.786110851148756 -0.034082580225669 0.244999493849615 -0.098439718638326
-0.00319999999999993 -0.0696308443008111 -0.618044111601886 0.166606837324703 -0.103900235105326 0.634188084498536 -0.176683132170651
-0.00340000000000004 -0.502773693122356 -1.0330232415165 -0.823037650135879 -0.140551118435761 0.0733197340943565 0.00466941336251181
-0.00359999999999995 0.79023932049649 0.0174652032127933 0.259509003716676 0.0648903299439594 0.287656190430736 -0.0485283936539813
-0.00380000000000006 0.170227390153482 -0.568377776242863 -0.625892222971993 -0.0417911534804237 -0.110318603201682 -0.189550258024186
-0.00399999999999997 0.149461699110556 -0.00799151423592145 0.012491191680635 -0.0442146845083611 0.320918405157792 -0.105381947778655
-0.00420000000000007 -0.252055116385404 -0.2657173740959 -0.628186387102031 -0.0987276271916852 0.0214270621288255 -0.180396914195262
-0.00439999999999998 -0.330357367134215 -0.442522255693956 -0.730548332089151 0.0609846068898607 0.291609428204074 0.0888217978366048
-0.00460000000000009 -0.137863362120778 -0.637585573465584 -0.414141185851319 -0.202413730192155 0.119148655353309 0.168178776359741
-0.0048 0.678204320053095 -0.250123295446065 -0.246776432939132 0.00801258756489347 0.278953999066664 -0.106540755744263
-0.00500000000000011 -0.209381583784264 -0.0237780127218247 0.0133884512758731 -0.198792950081269 0.390899586583245 -0.121841190961462
-0.00520000000000002 -0.092045838663399 -0.645272929811014 -0.49143729749892 -0.470501565977723 0.183187501468462 -0.0892170510478426
-0.00539999999999992 0.147675320671143 0.000222978993061939 0.0899507257983266 -0.414242954841251 0.230387092276658 -0.111325366060466
-0.00560000000000003 -0.316539817129159 -0.818138318204281 -0.563200506768127 -0.137183507489533 0.155223777590041 -0.328405514111241
-0.00579999999999994 -0.755828350881483 -0.768970754972126 -0.58112705654583 -0.235715020920257 -0.0155179388075729 -0.333543655922114
-0.00600000000000006 -0.285495925703054 0.0152832727326613 0.284031075209577 -0.437242338866607 0.114328019388627 -0.513553565590135
-0.00619999999999994 -0.916979521600916 -0.719805236727041 -0.525177974326278 -0.480706466427132 0.00082378925196333 -0.0211333651738062
-0.00640000000000006 0.00980496006167065 0.00317896862480935 0.0369280107589026 -0.225709760958604 -0.0747609601138639 -0.18451685822305
-0.0066 0.147597188270896 -0.301896934938686 0.266677687521122 -0.310770919897209 -0.160862394494068 0.111611712205031
-0.00680000000000006 -0.167005340025256 -0.709810567491902 -0.149082138369113 -0.163940479991707 -0.0330834586131663 -0.168971057157653
-0.007 0.1182850156478 -0.216829916853989 0.607350585218749 -0.0371370721627607 -0.356471417412256 -0.167373852811787
-0.00720000000000011 -0.754278843556061 -0.632804843604713 -0.662063145686748 -0.433003419042381 -0.484578640918148 -0.0507888821730833
-0.0074 -0.264671450488992 -0.10228533786417 -0.510228044034887 -0.567932370938089 -0.499525431520803 0.0412751288322293
-0.00759999999999989 -0.265631902923451 -0.151224983249423 -0.0907113552251938 -0.112327525499491 0.110505090263444 -0.0699532084274975
-0.0078 -0.212602936593311 -0.283406677446268 -0.156038422076343 -0.167182915379429 -0.211702956074344 0.100469890985519
-0.00799999999999994 -0.521174985027818 -0.650129679547539 -0.925775674861265 -0.289197378251784 -0.177189751948935 0.0331149937753416
-0.00820000000000006 -0.713718822234726 -0.262641500465169 -0.441593990339118 -0.010999453232786 -8.60409611909171e-05 -0.00604998088919229
-0.00839999999999994 -0.443305524072137 -0.286669771006735 -0.3532307879433 -0.309968596685989 -0.24531562374452 -0.0819324843470867
-0.00860000000000006 -0.146885273558784 -0.634999680589098 -0.381788752004304 -0.0277630358996543 -0.211881077086762 -0.000837557070766509
-0.00879999999999994 0.00710951382650704 0.165241246664275 0.2683246825617 -0.199954243545754 -0.242302440426152 -0.133538510640521
-0.00900000000000006 -0.625914762639763 -0.393733721197401 -0.893381567885983 0.0760047490318387 -0.0791205001739291 -0.0975485872749785
-0.0092 -0.55282720009927 -0.832340874862932 -0.384811676764536 -0.350607501830798 -0.0734884580945534 -0.273380321678326
-0.00940000000000011 -0.9766485519504 -0.398755681863203 0.146987796926554 -0.175090811624956 -0.241905817948415 -0.275708312902626
-0.0096 0.373888278033966 -0.320813431654053 0.276786672618105 -0.329946999788906 -0.311751153060198 -0.0729484504642982
-0.00980000000000011 -0.549325443588805 -0.11994046837972 -0.0276192148353837 -0.0701039659570613 -0.204320756457999 -0.268326643543244
-0.01 -0.0847823924479044 -0.193984901074814 -0.150383830303991 -0.0974561142633788 0.136367369221371 -0.286172177885164
-0.0101999999999999 -0.21317779317412 -0.529407315247808 -0.478167005817829 -0.174016955515889 -0.0800101410333561 0.00605681172738607
-0.0104000000000001 -0.325522379392737 -0.287434200056602 -0.547195811900882 -0.371297194994508 -0.45619509014312 -0.0979660500911019
-0.0105999999999999 0.756437587702762 0.041654847394005 0.191627365994835 -0.355419628593974 -0.11489448079854 -0.213868008189658
-0.0108000000000001 0.268942875605448 0.0131619527100494 0.283473034628542 -0.493477826791426 -0.228799932806 -0.146877377262388
-0.0109999999999999 -0.284196085228217 -0.568325407032076 -0.812102299079673 -0.431181708458915 -0.31421219598698 0.0252271515806014
-0.0112000000000001 -0.541998634967611 -0.463949376248445 -0.467700799851809 -0.0586988468054324 -0.0140565826336936 -0.285154614852197
-0.0113999999999999 -0.42056804140897 -0.511913760452084 -0.415413270660235 -0.254533793059187 -0.285855721695875 0.00534410820960638
-0.0116000000000001 -0.482157813842692 -0.505000854574394 -0.533089229911567 -0.178033392063006 -0.064649762693603 -0.391145460159796
-0.0118 -0.209888215446541 -0.621165009454225 -0.275899554812835 -0.155707838730801 -0.130646498622602 -0.15844688386438
-0.0120000000000001 -0.267865789351804 -0.447523770015941 0.226347644427884 -0.333699933626707 -0.302358107597474 -0.190983596575335
-0.0122 0.0190983812328966 -0.186017589938921 0.0412205592361708 -0.388642588051959 -0.0909834663661145 0.114653530345547
-0.0124000000000001 -0.319562828681573 -0.516072139288476 -0.73653425978161 -0.354732879034179 -0.112705097009887 0.0134406630157061
-0.0126 -0.207310761405759 0.0249399864766379 -0.414855216370251 -0.265475462479906 0.114469786541018 -0.0690607740267428
-0.0127999999999999 0.0112994949537822 0.330574747438917 0.157199427388522 -0.131817248159931 0.0792168821376252 0.035191034903629
-0.0130000000000001 -0.4774829917447 -0.468153518665571 -0.665912942067304 -0.286463636419346 -0.343743819809352 0.0679589701899873
-0.0131999999999999 -0.912778854730198 -0.851983278202904 -0.974856074343759 -0.300912330487038 -0.54164435887183 -0.211348935553526
-0.0134000000000001 -0.367006323147803 -0.41037174951743 -0.0219541558616783 -0.27509246855077 0.0897013079219517 -0.185591137159892
-0.0135999999999999 -0.559045950755777 -0.859407903125364 -0.697270064545571 0.0023768743211213 -0.15600518341901 -0.000396333535205851
-0.0138000000000001 -0.0190277607495836 -0.0793227110816645 -0.582554655470384 -0.315291664758714 -0.124852981800884 0.123466750096828
-0.014 -0.2917663045493 -0.218001613325733 -0.612920950010621 -0.0364829574850211 -0.239102503470137 -0.453747770072725
-0.0142000000000001 -0.296335268378572 -0.0960333369821328 -0.726713126494356 -0.272025916630029 -0.313764521779908 -0.208636000296998
-0.0144 -0.600090604200232 -0.409130102195574 -0.320626854552723 -0.432777324934991 -0.287767079378671 -0.230762652513349
-0.0146000000000001 -0.40561331281579 -0.383704408423992 -0.470442447036391 -0.298837296554941 -0.204865110886892 -0.143768953489221
-0.0148 0.0455696871720494 -0.201762686452511 -0.486571083488105 -0.21001080684189 0.043477292148268 0.00411678753767338
-0.0149999999999999 0.256058947622194 0.14334010953273 0.262427749683979 -0.284943060434894 -0.258475988138183 -0.359984208075841
-0.0152 -0.944702105623585 -0.342937726444897 -0.391212126589593 -0.0532990231804195 -0.0127712902743884 0.255933727529615
-0.0153999999999999 -0.0709006283672902 -0.0508959746059955 -0.188390410883934 -0.272388938254364 -0.0767816015208563 -0.364075012386159
-0.0156000000000001 -0.0490166176340055 0.0291528446092021 -0.255160674762423 -0.375127364736231 -0.189572139407131 -0.217573943915538
-0.0157999999999999 -0.187542580314076 -0.411480528002762 -0.0762587422569473 -0.398358758132898 -0.295567500058913 -0.0964987763308412
-0.0160000000000001 -0.58550733632969 -0.815027357978344 -0.332349639449225 -0.177835455524679 -0.195583793282385 -0.120817349102095
-0.0161999999999999 -0.299458464846219 -0.505820960834539 -0.281875138120554 -0.190328494942362 -0.467968626587921 0.103642222707115
-0.0164000000000001 0.166834968840087 -0.506830696942546 -0.248472603261168 -0.38879754239084 -0.042035179842843 -0.238529094474824
-0.0166 0.425263959963979 -0.388183485367145 -0.101125949472372 -0.223470083463441 -0.00351460864240396 -0.243546905903441
-0.0168000000000001 0.351840861701639 -0.334701146430512 -0.244844390692488 -0.369794336289709 -0.531299679788032 -0.0767715713749452
-0.017 -0.0645426925914832 -0.674147243250495 -0.180864345923914 -0.154393484944366 -0.159827676368796 0.118568602063176
-0.0172000000000001 -0.944557044709964 -0.606518993851328 -0.380582649925026 0.0201697140396516 0.0231209766632998 0.169071865602286
-0.0174 -0.817067731213028 -0.813473093791724 -0.693257122834193 -0.297229986936362 0.0530237050645282 -0.161968511187192
-0.0175999999999999 -0.294048405956856 -0.576550832497397 -0.61808782388368 -0.127973207721354 -0.0152418580923251 -0.0934820972268112
-0.0178000000000001 -0.456987860744347 -0.432271976322897 -0.498743267147597 -0.133882100225416 -0.168381467427769 -0.294451049171091
-0.0179999999999999 -0.201847363042722 -0.0967500619485625 0.0734565528226933 -0.370230791578064 -0.174381565876276 0.0686868193569929
-0.0182000000000001 0.0655655773603639 -0.0517657752143178 -0.0469573457019176 -0.284415540928522 -0.00971705621753832 -0.355353271806346
-0.0183999999999999 0.0216743903622631 -0.000904300303516543 -0.143990338834501 -0.000136752734155213 -0.199558191996191 -0.24224185645085
-0.0186000000000001 -0.556206261236281 -0.568958559259441 -0.382942304392334 -0.366895170660746 -0.455368038348597 -0.342147538948216
-0.0188 -0.661712155929483 -0.58417266597866 -0.554013262626938 -0.252761497307733 -0.24282951234687 -0.237301596000999
-0.0190000000000001 -0.398622616920008 -0.0882850908787991 -0.233108627485382 -0.191396724881885 -0.160241806019689 -0.226687843349083
-0.0192 -0.121823571976228 -0.452600228438307 -0.807314857960482 -0.566402869482395 -0.173002671568286 -0.0722589651552726
-0.0194000000000001 -0.864478089029917 -0.655890000258379 -0.566199988749309 0.183107743280903 0.0299826695799724 -0.421209313601884
-0.0196 -0.249259580497864 -0.139008179099502 0.248861384849151 -0.565224860681474 -0.685890958502698 -0.313170466474815
-0.0198000000000001 -0.426917503623979 -0.319587335159559 -0.481288063501451 -0.0454993066205559 -0.215634562087036 -0.0965032116724268
-0.02 0.118686144764595 -0.226488146511595 -0.459613523152829 -0.0579849591937512 0.0639261383226128 -0.39089745370309
