# Stress and strain vectors, 333U-50C-26, negative deformation 2
# eps sig1 sig2 sig3 sig4 sig5 sig6
0 -0 -0 -0 -0 -0 -0
-9.99999999999493e-05 0.271883590123716 0.498633232879695 0.288527228228856 0.169727078020083 0.103280566817431 -0.307338626111964
-0.000200000000000017 0.0733975068464618 0.126727289463854 0.229471432208 -0.0974348784681965 0.0895177884373382 -0.333374938441609
-0.000299999999999967 0.219125181789621 0.341965849606301 -0.183262786493259 0.133537563875028 0.14705485281238 -0.574868768219497
-0.000400000000000035 0.488146767562995 0.866995148167022 0.560833820046026 -0.0675373857295497 -0.0168683736695083 -0.709616283967275
-0.000499999999999985 0.36045044276163 0.465242975227119 0.868477515063974 -0.12731667745459 -0.093727643433119 -0.250458679301276
-0.000600000000000053 0.148279989258363 0.364950786926667 0.261727723438906 0.0490436239458089 -0.141611190216262 -0.561837323763005
-0.0007 0.374808864653964 0.425288575534007 0.574754609922906 0.00794068904021994 -0.0195312887742566 -0.485269527952715
-0.000799999999999953 0.186772428312299 0.084325686817727 0.354331568239538 -0.0767688218103474 -0.013491099426258 -0.622715253849856
-0.00090000000000002 -0.0622888019899272 0.182049403896372 0.0606898285511139 -0.389243497659444 -0.147959809127049 -0.0582743559962069
-0.000999999999999967 0.351483514141211 0.346238317267325 0.61562366418394 -0.000598645917476233 -0.323831519133468 -0.338836020321615
-0.00110000000000004 -0.041434487762984 0.369066717537921 0.469362960265734 -0.273953343351833 -0.222030321852006 -0.334366136434561
-0.00119999999999999 0.577209268211463 0.850438777770392 0.927553312099732 -0.23676220366696 -0.076570656015606 -0.268422248232258
-0.00130000000000005 -0.00419222490903066 0.608435589797104 0.371090527902619 -0.198817652791966 0.128898630631476 -0.0434614281952888
-0.00140000000000001 -0.123781312659731 0.370853859393484 0.555677362940638 -0.00183827672587353 -0.0208010793196989 -0.312627492308558
-0.00149999999999995 0.192860598594757 0.438561707650457 0.473514873882074 0.123403095201738 -0.165611031521872 -0.380120449659317
-0.00160000000000002 -0.107496143187536 0.440545335081019 0.135629543518606 -0.0986611604965629 0.100078555040048 -0.394537757378626
-0.00169999999999997 0.00724490239589831 0.546994552222717 0.39646456862503 0.172159624884579 -0.208749453748917 -0.275989073647965
-0.00180000000000004 0.287639232355036 0.22863213196273 0.588010358384216 0.145794482996245 -0.0852938067129673 -0.198930952342906
-0.00189999999999999 0.437047831793443 0.26780917134846 0.149579879343981 0.0260244922940713 0.196056171137732 -0.249698368757124
-0.00200000000000006 0.238972272135196 0.0375888153360664 0.501478315551296 0.0629081453045395 0.206437865513239 -0.205541963001893
-0.00210000000000001 0.1494308146544 0.359947539552638 0.160588335895724 -0.00489294695298848 -0.14223931300677 -0.415889308878544
-0.00219999999999996 0.0824027733031334 0.666763342648001 0.745041956922619 0.30526356807 -0.0152950732404116 -0.472635084989837
-0.00230000000000003 0.0155059800179421 0.105959239546923 0.65229772612808 0.0617189975180435 -0.251713471811693 -0.368109269655936
-0.00239999999999997 0.240208853134168 0.376703904139559 0.492422219315171 0.191015457349743 -0.0831447684038866 -0.578289966326923
-0.00250000000000004 0.241157432219646 0.605205220174757 1.04402653671498 -0.154399613133426 0.0517346554525504 -0.352129163740795
-0.00259999999999999 0.745626132559196 0.421784633755415 0.800245501321952 -0.0365228033625924 -0.115840562196914 -0.168471859105129
-0.00270000000000006 0.154427030895739 0.838452634072794 0.781524986360842 0.105077452773166 0.00939800433223156 -0.307668096723637
-0.00280000000000001 0.295240654195477 0.676288981035003 0.297870006991166 -0.0573098613739408 0.0179065352318726 -0.290776585468754
-0.00289999999999996 -0.0961174010012402 0.403585863847746 0.581665273585751 0.102763591701995 -0.0586954843231878 -0.468799939523475
-0.00300000000000003 0.249347295691239 0.462740120132547 0.78577548437296 0.0650520189054426 -0.0535861666849575 -0.208041015334653
-0.00309999999999998 0.677079973000481 0.653744747663687 0.798626257551294 -0.00505981569059902 -0.0482962921952084 -0.227412564168805
-0.00320000000000005 -0.639443102844115 0.314527332015719 -0.0786192182447704 0.162481803201211 0.195750795687766 -0.332900102828894
-0.00329999999999999 -0.0203139392773867 0.88018410314323 0.380762093037226 0.0193608472848569 0.210138932021299 -0.222886692213131
-0.00340000000000006 0.382452526156413 0.485133286611977 0.628496130994799 -0.121442843163046 -0.181161516519657 -0.513542818264363
-0.00350000000000001 0.368970764809836 0.569688847259927 0.894719488926102 0.0661631324025278 0.104353653935793 -0.362209554098915
-0.00359999999999996 0.0557548503151554 0.279279099815889 0.426600832571862 0.239179465273534 -0.187480468851141 -0.244632646522409
-0.00370000000000003 0.341450187788019 0.486120576748256 0.773375145825349 -0.0566683287012452 -0.0748151785904018 -0.141942455447091
-0.00379999999999998 0.238253656884815 0.180444706193239 0.852303049191363 0.118031387942114 0.1442468490139 -0.368951417155706
-0.00390000000000005 0.0353190147517378 0.176395548368804 0.325575433614747 0.0559438832942597 -0.228596121485659 -0.576314696349637
-0.004 0.323267762046315 0.389156938679108 0.562459500738379 0.368667565022571 -0.114846803484569 -0.339648636784555
-0.00410000000000007 -0.0834342100783903 0.334194751884607 0.75134616844194 -0.228960640456629 0.111075530372903 -0.0342913357190441
-0.00420000000000001 0.376523234591766 0.592217199165883 1.03191719698614 -0.0810244080245879 -0.207992488077054 -0.38972245735774
-0.00429999999999997 0.410896029211847 0.70521684954021 0.721224882978336 0.0676492006588638 -0.270596680125288 -0.283158775765314
-0.00440000000000003 0.340259982064682 0.70135214250565 0.697628668519477 0.0170954095148996 0.331946053867045 -0.456173668596878
-0.00449999999999998 0.130168721564169 0.875505212849622 0.614236137317585 -0.00177783124615322 0.145087392413541 -0.247779731867064
-0.00460000000000005 0.028341514108899 0.241594872183332 0.668038072077779 -0.130094182012789 -0.120381635248542 -0.420563246444092
-0.0047 0.219809708177434 0.25617369147026 0.840106940662181 0.266514060053428 -0.0027645570498988 -0.343384593043476
-0.00480000000000007 0.327352225524983 0.501625045162762 0.379036422725222 -0.17677706502989 0.0464046597796982 -0.314894086666522
-0.00490000000000002 0.155329013143321 0.237986598338339 0.710650587916742 0.0598717471355871 0.128541843834502 -0.382335278690126
-0.00499999999999997 -0.00223445758238217 -0.132896935342043 0.552341483644302 -0.137555960628436 0.0955686233269735 -0.2154521198517
-0.00510000000000003 0.19029605903101 0.586708888836682 0.751246511154125 0.00163382290788972 -0.125739347648852 -0.37001399975094
-0.00519999999999999 -0.215470365553529 0.00851564245828899 0.7005018723137 -0.068874480009403 -0.0490326551788585 -0.392622196255554
-0.00530000000000005 0.328914817477263 0.639891436074097 0.31697576036687 0.18069578521523 -0.0523130284094887 -0.00700535104700975
-0.0054 0.340086218967033 0.334126435506158 0.548144333772514 -0.139430211502669 0.0518045549884494 -0.1211076144331
-0.00550000000000007 0.0466936528778609 0.312572766175641 0.233309889292222 0.289529658028193 0.0294200972299938 -0.191448962683211
-0.00560000000000002 0.115094990810176 0.175964212780466 0.291770079494018 -0.119505395562819 0.0583094474948304 -0.339885903975984
-0.00570000000000009 0.0522902473730794 0.75073716154028 0.541944303695285 -0.0263451978816755 0.0576490555696354 -0.265274646666205
-0.00580000000000004 0.461980861058939 0.671247971996032 0.796131465350149 -0.0142346481155534 -0.0391031067393843 -0.247790789357998
-0.00589999999999999 0.229955339652933 0.5903241302367 0.429989410334731 0.141771002096892 0.084443178362515 -0.536667236452447
-0.00600000000000005 -0.39712795755864 0.0636404137259218 0.225774749369847 -0.237900560985166 0.102196876887411 -0.129167236435635
-0.00610000000000001 0.256986528336049 0.474635276839875 0.5147683622894 -0.0957641718891686 -0.0822810739005797 -0.635907807558773
-0.00620000000000007 0.406305685036293 0.538678927236653 0.680586021714651 -0.0597943863965483 -0.258784209017296 -0.210036949298359
-0.00630000000000002 0.205246117473338 0.644661497617981 0.482454203374524 0.0586235073057995 -0.158908585960181 -0.119807111365788
-0.00640000000000009 0.209914295968266 0.476411646907776 0.660122729174772 -0.161264827224922 -0.0324820788354961 0.151658262833497
-0.00650000000000004 -0.0589060082208546 0.208904265105507 0.2184953275594 0.038468404609885 0.0719556914091666 0.2519794360658
-0.00659999999999999 -0.089173099107331 0.350526034741467 0.1717152413468 -0.0614064666596736 0.0893192245367315 -0.0107779398098015
-0.00670000000000007 -0.320484124121128 0.43104246730015 0.306455765674246 -0.00458299658830307 0.0484523320616968 -0.292020741250884
-0.0068 0.0850188078405058 0.569175724322034 0.241903639209512 0.115844437603342 0.0155833249641071 -0.286914583116704
-0.00690000000000007 -0.0991459365251989 0.550119919926625 0.320868425634076 -0.0715343130621909 -0.0816761925337649 0.0446276802092993
-0.007 0.291439096685942 -0.141033829271237 0.470854557273119 0.0594278163647057 -0.0836093336739078 -0.369440148075287
-0.00710000000000007 -0.116413142090442 -0.233388452708586 0.0892797954277087 0.146503290907249 -0.108325419725953 -0.271868107037065
-0.00720000000000007 0.0859528914988297 0.136140371889298 0.457504228738432 -0.0652331950896027 -0.257629939004509 -0.135324143924805
-0.0073 0.0978227749379104 0.0537653830910527 -0.0304044235026119 0.00415758961177672 0.493548482158208 -0.107477008262422
-0.00740000000000007 -0.284129287494142 0.263733499605487 0.285758120108047 0.120977420818506 -0.110401281890636 -0.436246651458686
-0.0075 0.494874442429767 0.718339310054198 0.430640514102318 0.000697337176242546 -0.317082606051005 -0.250938838592444
-0.00760000000000007 0.132705906955379 0.50677880817416 0.296271561204468 -0.113183381713161 -0.144083373763907 -0.144703978360137
-0.0077 0.0574406102928365 0.524347816912021 0.0206069533257491 0.0236716852546519 -0.180052933952316 -0.193178787718337
-0.00780000000000007 0.0920912664892269 0.156518315087442 0.181412388575979 0.315478545437025 -0.150311800745814 -0.155150156246286
-0.00790000000000007 -0.116469170089983 0.0531222701149161 0.0838121396137854 0.0765517671257415 -0.106806595941676 -0.192916476022297
-0.008 0.314732210177112 0.509033302220084 0.623155774954074 -0.164535933408693 -0.161623817973126 -0.283405832425608
-0.00810000000000007 -0.243880354698067 -0.173762746683023 0.157640404766707 0.0396227934557978 -0.322012590442625 -0.463724559418319
-0.0082 -0.0447799136294686 -0.443093894313479 -0.107082430463265 -0.0184020793881036 0.0428314100927158 -0.291858413081739
-0.00830000000000007 0.221934871065276 0.403312716061027 0.655333207221804 -0.0759512253620765 0.0968129306577728 -0.246414159420071
-0.0084 0.224705742434733 0.303913120520977 0.346594118250691 0.0813334543487791 -0.124850960330149 -0.0480094998894237
-0.00850000000000007 0.0521017245315692 0.289092244698494 0.83144381635669 0.067454493700026 -0.271266088578148 -0.161042329197774
-0.00860000000000007 -0.334208555550312 -0.525862639070259 -0.471759914902696 0.0215168204923291 0.239307905353663 -0.266010512081989
-0.0087 0.449300712145046 0.516997464792926 0.450647346466462 -0.25681664488099 -0.258917354827916 -0.352501908809228
-0.00880000000000007 0.374847851839401 0.513040891998461 0.676064730364697 -0.0238765391901378 -0.210577696393481 -0.52576909866206
-0.0089 -0.0627234059653284 0.526328927866145 -0.18720080676631 0.0457198858674635 -0.109798449029117 -0.309750219129311
-0.00900000000000007 0.522530507975857 0.365280591036263 0.706780621332217 0.0720320423692495 -0.104105302548991 0.0326968241240093
-0.00910000000000007 0.596028770074262 0.20256692838657 0.60216151214556 -0.0382576460717876 -0.0646387481808376 -0.285485602482752
-0.00920000000000013 0.268057467555772 0.536376058316511 0.169421881477786 -0.0251526880090123 -0.0317360979414944 -0.370274427065615
-0.00930000000000007 0.501672206662716 0.179905129839697 0.208160484743358 0.0428728841405084 -0.0274171681849697 0.106364982389352
-0.0094 0.204437849466833 -0.107644768517254 0.230880553480685 -0.227299477558605 -0.13661465474627 -0.187594174518259
-0.00950000000000007 -0.586389913088794 -0.412049608310832 -0.371613633372346 0.127630669669189 -0.253217404626341 -0.01045549913495
-0.0096 0.0749226296774266 0.344031818708359 -0.13650163424512 -0.0209451437255904 -0.216616803906028 -0.154540539051527
-0.00970000000000007 -0.336181144009031 -0.044136722274223 -0.399921400977085 -0.0124689658777309 -0.0855349298258771 -0.111974177438127
-0.00980000000000007 0.399433856740931 0.37393959937487 0.281890672140291 -0.076821477485373 -0.225013637844572 -0.0800054543398977
-0.00990000000000013 -0.179745510107834 -0.279380152624339 0.197403900290141 -0.0203607321482956 0.0751796064018872 0.0607135128725346
-0.0100000000000001 0.346618956868151 0.28597732443335 0.51053408636212 0.0234976735256297 -0.388354023019891 -0.0951405013130438
