# Time-averaged data for fix myMSD
# TimeStep MSD_X MSD_Y MSD_Z MSD_Total Temperture
100 0.0120609 0.0126016 0.0134835 0.0381459 185.93
200 0.0643123 0.0537754 0.0697705 0.187858 227.8
300 0.136798 0.120744 0.143127 0.400669 285.074
400 0.194869 0.222472 0.219658 0.636999 316.044
500 0.258905 0.314172 0.273937 0.847014 318.052
600 0.304078 0.379555 0.333056 1.01669 315.902
700 0.30695 0.444913 0.397756 1.14962 325.397
800 0.333238 0.503121 0.456583 1.29294 311.615
900 0.386952 0.555431 0.509531 1.45192 317.361
1000 0.491015 0.638572 0.57188 1.70147 376.809
1100 0.491011 0.697021 0.687023 1.87506 345.018
1200 0.512149 0.706047 0.638042 1.85624 319.005
1300 0.543623 0.670831 0.63394 1.84839 299.99
1400 0.520694 0.666035 0.688805 1.87553 277.395
1500 0.545034 0.69327 0.664277 1.90258 295.305
1600 0.553985 0.746 0.649495 1.94948 290.765
1700 0.604652 0.806455 0.674901 2.08601 308.46
1800 0.601043 0.819287 0.692727 2.11306 307.282
1900 0.609484 0.817537 0.702949 2.12997 318.879
2000 0.614758 0.857626 0.693876 2.16626 303.514
2100 0.623379 0.890527 0.682005 2.19591 314.599
2200 0.635133 0.934363 0.72769 2.29719 307.637
2300 0.596076 0.97141 0.817041 2.38453 312.613
2400 0.621703 0.935869 0.883847 2.44142 300.752
2500 0.636363 0.976999 0.979904 2.59327 314.765
2600 0.622047 1.01102 1.04335 2.67643 308.078
2700 0.595933 0.986605 1.04855 2.63109 326.378
2800 0.634422 0.921178 0.937998 2.4936 324.368
2900 0.746287 0.912674 0.907236 2.5662 302.528
3000 0.862974 0.908198 0.906827 2.678 308.23
3100 0.89784 0.952397 0.885907 2.73614 325.76
3200 0.933707 1.07124 0.855917 2.86087 311.872
3300 0.995803 1.08804 0.98332 3.06716 295.661
3400 1.01073 1.08384 1.05612 3.15068 301.808
3500 1.0171 1.12795 1.07214 3.21719 299.325
3600 0.969218 1.16188 1.0994 3.2305 296.811
3700 0.968722 1.2761 1.14837 3.3932 283.851
3800 1.0026 1.44422 1.10082 3.54763 305.897
3900 1.02801 1.49424 1.09096 3.6132 305.141
4000 1.01124 1.59079 1.22651 3.82854 294.019
4100 0.961574 1.594 1.14719 3.70277 298.7
4200 0.985006 1.64317 1.19983 3.828 297.965
4300 0.993158 1.52617 1.24148 3.7608 317.864
4400 0.997106 1.47114 1.16076 3.62901 314.185
4500 1.00861 1.50887 1.20506 3.72255 303.336
4600 1.05509 1.57027 1.20384 3.8292 308.709
4700 1.09051 1.47509 1.17863 3.74422 299.636
4800 1.0499 1.46256 1.29775 3.81021 298.029
4900 1.08245 1.45799 1.32233 3.86277 294.247
5000 1.07212 1.52785 1.22329 3.82327 310.189
5100 1.03537 1.6225 1.13529 3.79316 315.31
5200 0.996966 1.61204 1.14437 3.75337 301.467
5300 0.985059 1.59357 1.18451 3.76314 292.148
5400 0.961594 1.54317 1.2937 3.79847 285.674
5500 0.938458 1.52347 1.28687 3.7488 306.121
5600 0.952779 1.58636 1.29635 3.83549 304.989
5700 0.915836 1.54687 1.36585 3.82855 301.177
5800 0.892126 1.60712 1.34393 3.84318 307.853
5900 0.907048 1.62099 1.37339 3.90142 328.481
6000 0.921989 1.62075 1.35583 3.89857 310.096
6100 0.972605 1.68684 1.37512 4.03457 300.638
6200 0.992614 1.7045 1.3454 4.04251 295.697
6300 1.0252 1.71444 1.41128 4.15093 295.159
6400 1.04658 1.72964 1.3536 4.12982 290.99
6500 1.03456 1.77086 1.39873 4.20415 331.034
6600 1.00752 1.77573 1.38018 4.16343 311.717
6700 0.96038 1.78669 1.40345 4.15053 306.739
6800 0.965574 1.6904 1.45525 4.11123 305.308
6900 0.958195 1.62737 1.4088 3.99436 284.51
7000 0.96935 1.64835 1.45241 4.07011 295.888
7100 0.980233 1.72501 1.3845 4.08974 325.897
7200 0.968268 1.67851 1.37475 4.02153 308.936
7300 0.989776 1.74953 1.44071 4.18001 308.103
7400 1.03275 1.76756 1.51931 4.31962 307.167
7500 1.03928 1.70647 1.49696 4.24272 303.211
7600 1.11764 1.70429 1.54966 4.37158 297.232
7700 1.14474 1.68501 1.55299 4.38274 303.46
7800 1.21926 1.73896 1.50272 4.46095 283.48
7900 1.29522 1.76605 1.4727 4.53397 291.528
8000 1.33541 1.82186 1.56958 4.72685 312.987
8100 1.31861 1.78761 1.63549 4.74171 306.366
8200 1.3102 1.73731 1.62088 4.6684 319.603
8300 1.35883 1.74513 1.65258 4.75655 306.633
8400 1.4331 1.82884 1.64736 4.9093 307.543
8500 1.44656 1.9579 1.60415 5.00861 297.617
8600 1.4291 1.91233 1.64115 4.98258 302.174
8700 1.38538 1.84543 1.63405 4.86487 300.934
8800 1.39209 1.81845 1.62858 4.83912 276.407
8900 1.42668 1.85416 1.70205 4.98289 288.403
9000 1.39663 1.85076 1.65508 4.90246 318.089
9100 1.43099 1.85427 1.64617 4.93143 341.846
9200 1.42244 1.94912 1.58179 4.95335 311.12
9300 1.29171 1.97592 1.53245 4.80007 298.896
9400 1.2538 1.93948 1.55628 4.74955 300.692
9500 1.29449 1.96777 1.5746 4.83686 283.321
9600 1.29563 1.9899 1.63638 4.92191 287.975
9700 1.31299 1.98054 1.57081 4.86434 312.022
9800 1.32315 1.99861 1.58166 4.90341 315.001
9900 1.31154 2.02748 1.69812 5.03714 298.992
10000 1.25351 2.04132 1.68317 4.978 294.925
10100 1.20907 2.07138 1.66846 4.94891 294.407
10200 1.20933 2.06803 1.67794 4.95531 309.654
10300 1.24064 1.95658 1.65379 4.85101 333.601
10400 1.27435 1.95288 1.62732 4.85455 313.751
10500 1.31774 1.88791 1.51476 4.7204 316.908
10600 1.37326 1.8899 1.45279 4.71595 319.863
10700 1.39042 1.96112 1.50405 4.85559 319.625
10800 1.43321 1.96116 1.51344 4.9078 301.487
10900 1.4692 1.93502 1.519 4.92321 303.444
11000 1.48284 1.99916 1.49809 4.98009 298.189
11100 1.47559 2.00419 1.41461 4.89438 289.954
11200 1.47113 2.01875 1.35866 4.84854 302.531
11300 1.52248 2.07445 1.39688 4.99382 315.607
11400 1.56827 2.15602 1.44075 5.16505 316.153
11500 1.62847 2.24907 1.48267 5.36021 297.185
11600 1.579 2.30273 1.52266 5.4044 303.041
11700 1.57172 2.32914 1.54949 5.45035 299.169
11800 1.62757 2.26392 1.63841 5.5299 301.02
11900 1.66722 2.31588 1.63855 5.62164 309.678
12000 1.64927 2.4151 1.55545 5.61981 296.71
12100 1.6315 2.47944 1.5615 5.67244 310.823
12200 1.64044 2.68381 1.62004 5.94429 298.5
12300 1.64919 2.80977 1.63614 6.09509 288.129
12400 1.63192 2.77999 1.61508 6.02699 292.265
12500 1.7099 2.69143 1.71971 6.12105 314.941
12600 1.72958 2.67873 1.80299 6.2113 316.994
12700 1.51006 2.79354 1.78304 6.08664 310.234
12800 1.45818 2.97829 1.84408 6.28055 312.154
12900 1.52746 3.14884 1.79535 6.47164 315.393
13000 1.59736 3.1147 1.76642 6.47848 305.058
13100 1.63527 3.16282 1.7411 6.53918 301.624
13200 1.62243 3.15502 1.81258 6.59003 291.992
13300 1.68149 3.22031 1.8445 6.74631 294.836
13400 1.64735 3.34467 1.85979 6.85181 322.197
13500 1.61309 3.20527 1.88577 6.70413 318.496
13600 1.4913 2.96473 1.9181 6.37413 305.67
13700 1.39337 2.87396 1.89986 6.16718 306.406
13800 1.42681 2.96781 1.8845 6.27912 298.418
13900 1.47247 3.0696 1.90118 6.44325 287.353
14000 1.47815 3.07094 1.97113 6.52023 290.851
14100 1.52328 3.116 2.04979 6.68908 310.474
14200 1.41782 2.98285 2.01717 6.41784 311.546
14300 1.34872 3.00753 2.03874 6.395 310.862
14400 1.33998 3.18874 1.98413 6.51284 291.871
14500 1.39667 3.22298 1.9782 6.59784 300.445
14600 1.47237 3.27759 1.99894 6.7489 298.018
14700 1.50624 3.41861 2.03227 6.95712 305.489
14800 1.54 3.48238 2.11891 7.14129 320.411
14900 1.50664 3.30745 2.19669 7.01078 309.41
15000 1.49122 3.30898 2.21406 7.01426 297.607
15100 1.47022 3.24124 2.15774 6.8692 290.393
15200 1.50538 3.25119 2.29112 7.04769 299.076
15300 1.47682 3.26787 2.40039 7.14508 306.862
15400 1.43442 3.2471 2.42816 7.10969 322.622
15500 1.50255 3.25502 2.49984 7.25741 309.27
15600 1.5282 3.14737 2.53723 7.2128 296.763
15700 1.55254 3.1102 2.4942 7.15693 297.576
15800 1.65218 3.11991 2.56044 7.33252 296.827
15900 1.67904 3.20614 2.58254 7.46772 292.07
16000 1.74284 3.2834 2.61914 7.64538 304.394
16100 1.78415 3.29222 2.73686 7.81323 291.215
16200 1.80766 3.22133 2.87631 7.9053 298.095
16300 1.88906 3.45117 2.8752 8.21543 309.211
16400 1.90562 3.43704 2.88952 8.23219 314.126
16500 1.87647 3.56338 2.93327 8.37312 309.518
16600 1.81066 3.57465 2.91464 8.29995 310.956
16700 1.75521 3.59071 2.87853 8.22445 301.075
16800 1.71647 3.47071 2.84178 8.02896 296.195
16900 1.75359 3.34079 2.86383 7.95822 285.879
17000 1.74395 3.24332 2.90582 7.89309 309.001
17100 1.80723 3.2774 2.84512 7.92976 320.06
17200 1.93936 3.34736 2.83122 8.11794 303.382
17300 1.91199 3.37156 2.85902 8.14257 310.533
17400 1.92664 3.55279 2.91155 8.39099 307.072
17500 1.93168 3.6582 3.13278 8.72267 298.779
17600 1.84322 3.58737 3.0933 8.52388 306.522
17700 1.7325 3.52879 3.05425 8.31555 297.451
17800 1.74853 3.41918 3.05602 8.22372 291.87
17900 1.7879 3.40957 3.06612 8.2636 300.697
18000 1.73088 3.33918 3.07756 8.14762 327.888
18100 1.67933 3.36776 3.15165 8.19875 312.946
18200 1.60738 3.38742 3.12693 8.12173 297.555
18300 1.62703 3.42453 3.21815 8.26972 290.977
18400 1.74535 3.47967 3.46314 8.68815 292.219
18500 1.79879 3.54468 3.59557 8.93905 304.362
18600 1.8372 3.6626 3.77905 9.27885 320.793
18700 1.88003 3.67429 3.67105 9.22537 315.829
18800 1.86699 3.6165 3.54749 9.03099 302.208
18900 1.84986 3.58644 3.59265 9.02894 293.831
19000 1.80053 3.68123 3.70506 9.18682 297.738
19100 1.75169 3.61743 3.825 9.19413 324.087
19200 1.8083 3.61683 3.93445 9.35957 319.712
19300 1.91028 3.53784 3.98721 9.43533 295.594
19400 2.05281 3.6905 3.8281 9.57142 304.382
19500 2.03306 3.88729 3.64292 9.56327 292.927
19600 2.04467 3.86094 3.49194 9.39754 298.104
19700 2.03497 3.58132 3.53607 9.15235 281.07
19800 2.01666 3.5029 3.68574 9.20529 299.174
19900 1.95247 3.45693 3.60772 9.01712 323.061
20000 1.89312 3.45241 3.402 8.74752 305.065
