# Time-averaged data for fix myMSD
# TimeStep MSD_X MSD_Y MSD_Z MSD_Total PotE Temperture
100 0.0258589 0.029756 0.0284909 0.0841058 -35411.9 736.365
200 0.0992296 0.110397 0.119475 0.329102 -35658.6 618.92
300 0.193778 0.211879 0.222966 0.628623 -35858.2 543.764
400 0.264671 0.300824 0.276806 0.842301 -36009 487.618
500 0.347428 0.359348 0.314791 1.02157 -36141.8 456.449
600 0.38113 0.427617 0.361525 1.17027 -36218.2 408.684
700 0.395116 0.480038 0.382419 1.25757 -36294.5 390.521
800 0.45353 0.532806 0.392662 1.379 -36357.7 377.254
900 0.46652 0.559533 0.402431 1.42848 -36378.1 347.195
1000 0.46412 0.598533 0.383578 1.44623 -36393.9 332.396
1100 0.456584 0.593871 0.340726 1.39118 -36414.8 332.844
1200 0.457848 0.574684 0.330643 1.36317 -36419.2 322.403
1300 0.457666 0.584703 0.361496 1.40386 -36429.4 320.625
1400 0.472426 0.611072 0.386442 1.46994 -36429.5 314.638
1500 0.481472 0.623808 0.404879 1.51016 -36435.5 317.375
1600 0.496416 0.6279 0.421699 1.54601 -36435.7 317.075
1700 0.465621 0.660446 0.43037 1.55644 -36445.4 321.411
1800 0.480197 0.704001 0.449726 1.63392 -36444.9 320.612
1900 0.497419 0.681171 0.465298 1.64389 -36450.7 321.218
2000 0.513031 0.673506 0.485297 1.67183 -36444.1 316.362
2100 0.548911 0.700861 0.506955 1.75673 -36446.5 321.907
2200 0.566451 0.720456 0.524417 1.81132 -36440.8 317.427
2300 0.550653 0.71721 0.519059 1.78692 -36446.1 325.075
2400 0.540865 0.717134 0.517504 1.7755 -36449.6 326.345
2500 0.532523 0.703961 0.492867 1.72935 -36449.5 326.046
2600 0.526458 0.687714 0.468301 1.68247 -36449.3 327.083
2700 0.519797 0.69408 0.458109 1.67199 -36449.7 326.649
2800 0.521821 0.69641 0.450697 1.66893 -36449.2 328.808
2900 0.525602 0.691869 0.455421 1.67289 -36462.4 337.303
3000 0.533744 0.703125 0.4626 1.69947 -36461.8 333.584
3100 0.560815 0.735767 0.470501 1.76708 -36461.2 331.717
3200 0.577397 0.763485 0.484663 1.82554 -36453.3 327.29
3300 0.558358 0.743426 0.519365 1.82115 -36461.4 334.677
3400 0.546957 0.693799 0.529758 1.77051 -36460.6 332.207
3500 0.528863 0.704507 0.536205 1.76958 -36469.3 340.536
3600 0.526617 0.736387 0.556012 1.81902 -36457.2 327.291
3700 0.551092 0.75606 0.555999 1.86315 -36463.8 336.862
3800 0.540998 0.795168 0.542891 1.87906 -36473.9 344.612
3900 0.5519 0.812581 0.555038 1.91952 -36479.1 341.513
4000 0.515568 0.789389 0.550001 1.85496 -36487.5 343.725
4100 0.483089 0.798827 0.536293 1.81821 -36501.3 350.458
4200 0.501553 0.829883 0.513478 1.84491 -36501.4 343.257
4300 0.553968 0.840386 0.503659 1.89801 -36498.1 343.6
4400 0.572307 0.811141 0.499099 1.88255 -36496.6 342.789
4500 0.560703 0.801645 0.508535 1.87088 -36490.3 338.651
4600 0.555411 0.833066 0.519509 1.90799 -36471.7 331.058
4700 0.582736 0.85403 0.546989 1.98376 -36483.8 348.634
4800 0.577939 0.870804 0.568709 2.01745 -36486 347.686
4900 0.576703 0.878114 0.581378 2.03619 -36487.1 349.09
5000 0.583415 0.852005 0.566134 2.00155 -36487.2 350.609
5100 0.601903 0.810961 0.552453 1.96532 -36481.5 347.882
5200 0.573514 0.812526 0.543628 1.92967 -36488.4 354.954
5300 0.534213 0.78925 0.532605 1.85607 -36487.4 352.339
5400 0.521261 0.773762 0.534212 1.82924 -36485.4 351.265
5500 0.531095 0.758291 0.548074 1.83746 -36484.6 348.812
5600 0.530715 0.746854 0.549426 1.827 -36476.8 348.658
5700 0.519826 0.734512 0.541619 1.79596 -36473.2 351.092
5800 0.508397 0.745287 0.526348 1.78003 -36478.8 357.721
5900 0.509255 0.744888 0.509668 1.76381 -36471.5 354.659
6000 0.469809 0.710448 0.509207 1.68946 -36479.4 362.588
6100 0.46937 0.70132 0.522324 1.69301 -36474.7 358.18
6200 0.470008 0.67941 0.525286 1.6747 -36474.2 359.68
6300 0.453132 0.657224 0.513526 1.62388 -36477.2 363.477
6400 0.476254 0.688693 0.48536 1.65031 -36469.3 358.067
6500 0.486429 0.6935 0.477493 1.65742 -36464.3 358.529
6600 0.482134 0.718798 0.515175 1.71611 -36452 354.343
6700 0.500614 0.769812 0.530814 1.80124 -36455.5 365.286
6800 0.51867 0.803331 0.548654 1.87066 -36447.4 361.835
6900 0.512826 0.808453 0.547523 1.8688 -36444.7 365.331
7000 0.476002 0.799538 0.525092 1.80063 -36446.2 367.155
7100 0.47249 0.802273 0.544302 1.81907 -36461.9 379.751
7200 0.51098 0.841766 0.537416 1.89016 -36463.4 376.346
7300 0.547097 0.838741 0.565216 1.95105 -36451.1 367.029
7400 0.567558 0.841792 0.568836 1.97819 -36444.5 366.596
7500 0.552978 0.785654 0.58247 1.9211 -36459.3 379.417
7600 0.542042 0.756499 0.574394 1.87294 -36454.3 371.21
7700 0.535803 0.753183 0.578892 1.86788 -36448.3 370.488
7800 0.518431 0.751162 0.551548 1.82114 -36451.7 377.578
7900 0.534021 0.785688 0.52443 1.84414 -36461.3 385.545
8000 0.535363 0.761836 0.504422 1.80162 -36454.8 374.844
8100 0.511525 0.748878 0.51581 1.77621 -36447.8 374.758
8200 0.514479 0.712879 0.516758 1.74412 -36435.1 368.618
8300 0.50124 0.691136 0.484812 1.67719 -36441.5 381.454
8400 0.496695 0.700738 0.477502 1.67493 -36435.9 377.859
8500 0.496783 0.7304 0.483417 1.7106 -36438.8 385.377
8600 0.525735 0.761764 0.513645 1.80114 -36439.6 384.822
8700 0.563911 0.756085 0.508252 1.82825 -36444.4 386.554
8800 0.567666 0.761044 0.511458 1.84017 -36446.3 387.473
8900 0.578236 0.800722 0.574225 1.95318 -36455 392.009
9000 0.578491 0.838055 0.597174 2.01372 -36450.7 386.587
9100 0.556198 0.8624 0.602214 2.02081 -36451.1 389.7
9200 0.541859 0.844858 0.584218 1.97094 -36451.3 389.501
9300 0.548921 0.834446 0.58701 1.97038 -36464.5 398.393
9400 0.575841 0.87846 0.546228 2.00053 -36460.8 393.063
9500 0.582621 0.83979 0.523379 1.94579 -36447.9 383.132
9600 0.567918 0.781478 0.524475 1.87387 -36454.7 394.873
9700 0.571461 0.784374 0.542976 1.89881 -36455.6 394.16
9800 0.567966 0.793576 0.543864 1.90541 -36463.3 401.434
9900 0.576975 0.799789 0.550411 1.92717 -36465.2 401.79
10000 0.610795 0.835651 0.568361 2.01481 -36448.8 390.045
10100 0.654081 0.873357 0.556462 2.0839 -36443.8 393.042
10200 0.641745 0.870831 0.541397 2.05397 -36455.5 406.931
10300 0.651623 0.877701 0.532309 2.06163 -36453.4 402.031
10400 0.641329 0.887127 0.529571 2.05803 -36457.4 403.23
10500 0.632668 0.895937 0.522052 2.05066 -36455.6 405.024
10600 0.621565 0.914428 0.511103 2.0471 -36456.5 406.436
10700 0.595091 0.89524 0.529933 2.02026 -36468 414.451
10800 0.626171 0.893541 0.539717 2.05943 -36468.4 409.092
10900 0.65407 0.889125 0.568922 2.11212 -36464.5 407.537
11000 0.628396 0.859349 0.585324 2.07307 -36468.7 412.25
11100 0.631347 0.885793 0.610805 2.12794 -36449.4 401.769
11200 0.656099 0.937631 0.606117 2.19985 -36453 409.57
11300 0.685899 0.927196 0.631488 2.24458 -36449.7 407.59
11400 0.649112 0.950367 0.631662 2.23114 -36450.6 412.362
11500 0.623531 0.945761 0.610786 2.18008 -36446.9 412.143
11600 0.648493 0.927412 0.593417 2.16932 -36447.5 415.331
11700 0.645357 0.950415 0.597281 2.19305 -36457.4 420.31
11800 0.610335 0.95506 0.569862 2.13526 -36446 412.771
11900 0.631621 0.924238 0.5646 2.12046 -36447.4 415.066
12000 0.638979 0.909 0.572497 2.12048 -36441.2 414.506
12100 0.621641 0.911208 0.581094 2.11394 -36440.9 417.491
12200 0.643384 0.888068 0.572807 2.10426 -36438.6 419.853
12300 0.686988 0.907484 0.574859 2.16933 -36438 423.024
12400 0.707934 0.972229 0.594263 2.27443 -36446.6 429.658
12500 0.667914 0.953348 0.592666 2.21393 -36439.3 421.411
12600 0.664756 0.923425 0.592439 2.18062 -36430.8 419.97
12700 0.667593 0.913076 0.569883 2.15055 -36450.1 437.05
12800 0.645348 0.912976 0.553618 2.11194 -36455 431.198
12900 0.656327 0.936929 0.587344 2.1806 -36456 431.172
13000 0.686331 1.00478 0.601631 2.29275 -36453.5 427.561
13100 0.706978 1.0222 0.597449 2.32662 -36456.7 430.217
13200 0.710671 1.01739 0.590021 2.31809 -36456.6 432.343
13300 0.698286 1.02749 0.5652 2.29097 -36450.2 426.466
13400 0.692703 1.02451 0.554169 2.27138 -36433.3 421.178
13500 0.687533 0.979788 0.568972 2.23629 -36438.4 434.133
13600 0.661226 0.955301 0.60492 2.22145 -36430 429.966
13700 0.642645 0.922825 0.621777 2.18725 -36432.7 434.755
13800 0.655075 0.938644 0.61182 2.20554 -36432.2 439.702
13900 0.683605 0.968027 0.620355 2.27199 -36439.9 443.14
14000 0.666906 0.996223 0.627236 2.29036 -36437.9 436.19
14100 0.639331 0.994915 0.618211 2.25246 -36433.2 435.63
14200 0.60508 1.00357 0.612931 2.22158 -36431.8 439.049
14300 0.599099 0.982735 0.636088 2.21792 -36428.1 440.305
14400 0.637535 0.982882 0.637181 2.2576 -36418.3 435.439
14500 0.652168 0.976686 0.64916 2.27801 -36430.4 446.803
14600 0.673851 0.971199 0.646383 2.29143 -36438.7 451.457
14700 0.698239 1.01248 0.656426 2.36714 -36453.9 454.96
14800 0.709008 1.03177 0.637673 2.37845 -36455.9 450.391
14900 0.723686 1.01938 0.629466 2.37253 -36445.2 443.76
15000 0.74092 1.0359 0.644215 2.42103 -36449.9 447.468
15100 0.710662 1.05956 0.635272 2.40549 -36446.7 450.394
15200 0.68342 1.03993 0.606476 2.32983 -36445.2 450.852
15300 0.705074 0.960353 0.596599 2.26203 -36456.4 460.535
15400 0.664382 0.920623 0.610855 2.19586 -36434.5 442.474
15500 0.658313 0.944355 0.650136 2.2528 -36442.4 457.973
15600 0.677828 0.9653 0.653154 2.29628 -36448.7 461.17
15700 0.698081 1.00521 0.605045 2.30834 -36437.6 451.277
15800 0.733713 1.01485 0.615721 2.36428 -36438.8 456.579
15900 0.772252 1.02193 0.604754 2.39893 -36435.7 452.74
16000 0.774619 1.00473 0.618744 2.39809 -36446.8 464.562
16100 0.754584 1.02594 0.643364 2.42388 -36427.4 452.089
16200 0.738358 1.02599 0.656417 2.42077 -36447 471.497
16300 0.735933 1.04214 0.647234 2.42531 -36439.8 460.348
16400 0.731107 1.0498 0.633023 2.41393 -36441.4 464.028
16500 0.744836 1.04223 0.611094 2.39816 -36437.4 459.936
16600 0.742887 1.02801 0.625639 2.39653 -36426.7 457.803
16700 0.777289 1.0133 0.632459 2.42305 -36426.2 460.874
16800 0.801206 1.02789 0.646626 2.47572 -36420.8 459.927
16900 0.79822 1.03728 0.676566 2.51206 -36422 468.046
17000 0.774246 1.0521 0.675877 2.50222 -36426.8 469.614
17100 0.71241 1.00344 0.689443 2.4053 -36438.4 478.049
17200 0.730686 0.965438 0.656577 2.3527 -36431.6 468.152
17300 0.727683 0.930356 0.639126 2.29717 -36428 469.342
17400 0.719106 0.947902 0.616855 2.28386 -36413.7 462.972
17500 0.68792 0.940254 0.580872 2.20905 -36412.3 466.776
17600 0.666718 0.940464 0.587583 2.19476 -36406.8 468.809
17700 0.664413 0.954399 0.603325 2.22214 -36416.5 479.209
17800 0.668198 0.936991 0.605982 2.21117 -36409.6 472.411
17900 0.697061 1.00644 0.62341 2.32691 -36418.8 482.006
18000 0.723486 1.05781 0.615459 2.39675 -36415.5 477.686
18100 0.762434 1.03872 0.618782 2.41994 -36413.1 478.949
18200 0.812264 1.01495 0.632113 2.45933 -36397.9 468.187
18300 0.850591 1.03992 0.634567 2.52508 -36413 488.621
18400 0.815893 1.04085 0.593364 2.45011 -36419.5 488.421
18500 0.778593 1.02433 0.59162 2.39454 -36407.1 479.9
18600 0.742411 1.0353 0.603787 2.3815 -36414.4 488.797
18700 0.791692 1.05369 0.628553 2.47393 -36401.8 476.32
18800 0.790132 1.03839 0.649874 2.47839 -36405.1 488.042
18900 0.774164 1.02447 0.660575 2.45921 -36395.3 479.221
19000 0.788857 1.01787 0.645919 2.45264 -36387.2 481.445
19100 0.797018 0.942585 0.6294 2.369 -36390.4 490.186
19200 0.801668 0.887284 0.626096 2.31505 -36382.5 488.64
19300 0.761652 0.892398 0.6186 2.27265 -36383.8 491.563
19400 0.742652 0.975141 0.63277 2.35056 -36384.7 494.203
19500 0.736566 1.01468 0.675118 2.42636 -36383.4 494.609
19600 0.747684 1.09709 0.704718 2.54949 -36374.6 491.397
19700 0.730586 1.09695 0.704154 2.53169 -36389.4 504.982
19800 0.729235 1.06684 0.672451 2.46853 -36376.1 487.859
19900 0.746186 1.03361 0.679324 2.45912 -36377.7 495.748
20000 0.805513 1.04051 0.69011 2.53614 -36376.3 495.854
20100 0.869856 1.07829 0.718612 2.66676 -36378.5 496.642
20200 0.88189 1.09427 0.720676 2.69684 -36376 497.914
20300 0.842619 1.08568 0.693136 2.62144 -36363.1 496.384
20400 0.846624 1.04951 0.689499 2.58563 -36357.4 490.669
20500 0.826194 1.01435 0.689577 2.53012 -36374.7 514.292
20600 0.81397 1.02119 0.686692 2.52185 -36361.9 499.737
20700 0.849231 1.05808 0.620311 2.52762 -36370.5 513.322
20800 0.839207 1.05199 0.62935 2.52055 -36357.9 501.393
20900 0.798223 1.03558 0.601996 2.43579 -36370.8 510.231
21000 0.774735 1.03627 0.568577 2.37958 -36369.8 509.722
21100 0.788905 1.07964 0.569783 2.43833 -36363.3 503.942
21200 0.7508 1.09094 0.561514 2.40325 -36363.8 509.953
21300 0.786263 1.0585 0.585143 2.42991 -36372.4 516.696
21400 0.866801 1.0543 0.588311 2.50941 -36368.4 511.074
21500 0.958807 1.10583 0.611034 2.67567 -36360.3 505.612
21600 0.936713 1.12285 0.628784 2.68835 -36360.8 513.18
21700 0.911773 1.12337 0.61464 2.64978 -36362 517.933
21800 0.879968 1.08104 0.622016 2.58302 -36371.5 525.037
21900 0.85484 1.01952 0.607498 2.48186 -36352.3 511.806
22000 0.873191 1.02322 0.583293 2.4797 -36344.1 510.037
22100 0.846935 1.06105 0.568514 2.4765 -36337.6 510.785
22200 0.87152 1.03862 0.562046 2.47218 -36343.7 519.308
22300 0.873736 1.07527 0.536896 2.4859 -36342.6 520.011
22400 0.854485 1.0956 0.545524 2.49561 -36340 519.914
22500 0.837393 1.07916 0.550381 2.46693 -36339.9 521.424
22600 0.873831 1.14007 0.563596 2.5775 -36332.9 518.255
22700 0.847669 1.15208 0.542448 2.5422 -36350.7 533.352
22800 0.841578 1.16151 0.538356 2.54144 -36337.1 523.159
22900 0.843098 1.12453 0.545833 2.51347 -36338.1 529.771
23000 0.79429 1.13641 0.573309 2.50401 -36331.3 529.378
23100 0.867684 1.15052 0.540985 2.55919 -36332.8 531.836
23200 0.897842 1.11082 0.557615 2.56628 -36303.8 511.933
23300 0.898119 1.08465 0.592828 2.57559 -36320.5 538.169
23400 0.843692 1.04967 0.61103 2.50439 -36315 533.228
23500 0.841492 1.00327 0.607519 2.45229 -36311.5 529.417
23600 0.877138 1.06153 0.607657 2.54633 -36315.4 532.363
23700 0.864831 1.08214 0.617768 2.56474 -36336.9 550.977
23800 0.880637 1.08452 0.604988 2.57014 -36337 538.434
23900 0.902462 1.13835 0.60755 2.64837 -36326.5 531.103
24000 0.934883 1.10423 0.641343 2.68045 -36323.5 536.613
24100 0.925252 1.11782 0.664842 2.70791 -36322.3 537.123
24200 0.884538 1.13144 0.651346 2.66732 -36331.2 548.511
24300 0.920105 1.12119 0.664755 2.70605 -36333.8 542.415
24400 0.954264 1.12878 0.667513 2.75055 -36316.6 531.708
24500 0.963498 1.12799 0.66721 2.75869 -36329.6 548.267
24600 0.9622 1.13904 0.642132 2.74337 -36315.1 534.819
24700 1.01894 1.21335 0.619975 2.85227 -36312.6 539.076
24800 1.06825 1.2366 0.623001 2.92785 -36301.6 534.993
24900 1.10719 1.23728 0.623255 2.96773 -36302.5 544.11
25000 1.09312 1.23168 0.624112 2.9489 -36334.3 568.099
25100 1.08958 1.23418 0.654154 2.97791 -36321.6 549.015
25200 1.06905 1.2237 0.66375 2.9565 -36315.2 543.826
25300 1.07894 1.22099 0.680468 2.9804 -36313.1 545.889
25400 1.09736 1.23666 0.696628 3.03065 -36294.1 540.242
25500 1.0711 1.23998 0.696896 3.00798 -36306.2 557.09
25600 1.04119 1.24394 0.650059 2.93519 -36304.6 553.712
25700 1.01228 1.2543 0.646853 2.91343 -36318.8 567.03
25800 0.994958 1.22196 0.643704 2.86062 -36312.4 559.004
25900 1.0131 1.18528 0.601861 2.80024 -36309.7 560.11
26000 1.01967 1.18051 0.583078 2.78326 -36289.9 548.786
26100 0.988725 1.15306 0.578851 2.72063 -36288.8 555.263
26200 0.955403 1.18225 0.645669 2.78332 -36285.9 553.802
26300 0.931507 1.256 0.672938 2.86044 -36281.6 555.901
26400 0.939159 1.25217 0.650965 2.84229 -36288.8 564.805
26500 0.949207 1.20204 0.611114 2.76236 -36299.8 571.966
26600 1.00664 1.16356 0.614391 2.78459 -36297.4 564.123
26700 1.0707 1.16017 0.618436 2.84931 -36291.7 561.462
26800 1.11227 1.1814 0.63974 2.93341 -36291.1 564.844
26900 1.0953 1.20609 0.626618 2.92801 -36290.4 567.792
27000 1.0832 1.28552 0.613302 2.98202 -36292.1 569.501
27100 1.11461 1.27765 0.64762 3.03987 -36293.3 571.417
27200 1.1734 1.25537 0.644545 3.07332 -36302.9 576.144
27300 1.20342 1.33631 0.687196 3.22693 -36283.9 561.213
27400 1.24076 1.37706 0.703558 3.32138 -36290.6 575.516
27500 1.24223 1.30979 0.741625 3.29364 -36276.4 565.325
27600 1.23523 1.26875 0.782733 3.28672 -36284 576.945
27700 1.18333 1.27081 0.756273 3.21041 -36280 572.723
27800 1.14788 1.23451 0.704283 3.08667 -36303.3 593.906
27900 1.14305 1.27107 0.708599 3.12272 -36292.3 581.717
28000 1.12676 1.30435 0.707899 3.13901 -36290.7 581.018
28100 1.07399 1.2442 0.703595 3.02179 -36272.6 568.146
28200 1.03447 1.20856 0.665941 2.90897 -36259.1 565.689
28300 1.01717 1.19718 0.681675 2.89602 -36259.9 577.333
28400 1.0142 1.21388 0.693058 2.92114 -36249.4 574.171
28500 1.03414 1.32048 0.687496 3.04212 -36263 588.295
28600 1.07895 1.34305 0.670889 3.09288 -36254.9 580.439
28700 1.10483 1.35684 0.713282 3.17495 -36273.4 592.985
28800 1.15259 1.39931 0.74222 3.29412 -36252.7 577.949
28900 1.21186 1.37605 0.758147 3.34605 -36259.3 589.908
29000 1.27085 1.33762 0.791043 3.39951 -36240.2 575.252
29100 1.352 1.30968 0.827367 3.48905 -36225.7 576.702
29200 1.38222 1.29953 0.873634 3.55538 -36233.8 593.815
29300 1.36985 1.37438 0.961226 3.70546 -36237.9 594.095
29400 1.37235 1.40522 1.03733 3.8149 -36225.1 583.214
29500 1.40665 1.35009 1.08989 3.84663 -36230.1 593.095
29600 1.408 1.26589 1.13651 3.8104 -36239.2 600.689
29700 1.3585 1.25736 1.10694 3.7228 -36249.4 602.728
29800 1.34093 1.22712 1.07087 3.63892 -36244.9 592.136
29900 1.33589 1.22259 1.01444 3.57291 -36271.8 615.029
30000 1.30625 1.2094 0.931117 3.44677 -36243.1 583.239
30100 1.20304 1.22616 0.876578 3.30578 -36261.9 609.238
30200 1.12614 1.27373 0.849181 3.24905 -36257 598.294
30300 1.05091 1.28394 0.878836 3.21369 -36248 599.363
30400 1.0602 1.21151 0.917185 3.18889 -36252.2 605.21
30500 1.08639 1.16655 0.945452 3.1984 -36258.7 609.918
30600 1.14062 1.17173 0.936556 3.24891 -36247.6 599.201
30700 1.22758 1.18463 0.968787 3.38099 -36258.1 608.628
30800 1.26123 1.28979 1.02378 3.57481 -36245.4 598.578
30900 1.26647 1.30893 1.01913 3.59453 -36227.5 594.53
31000 1.33081 1.25896 0.965554 3.55532 -36250.1 616.685
31100 1.31048 1.15412 0.95598 3.42058 -36233.8 605.904
31200 1.2583 1.20117 0.980851 3.44032 -36238.4 611.798
31300 1.26203 1.21654 0.989462 3.46803 -36240.4 614.203
31400 1.24702 1.17962 0.984456 3.41109 -36238.7 614.077
31500 1.20392 1.16965 0.918083 3.29165 -36249.1 620.703
31600 1.19995 1.1807 0.862122 3.24278 -36244.2 610.547
31700 1.18094 1.25181 0.850984 3.28373 -36241 611.483
31800 1.23913 1.32359 0.855749 3.41847 -36244.6 617.44
31900 1.31945 1.32968 0.8814 3.53052 -36254.9 624.126
32000 1.38651 1.33667 0.925475 3.64865 -36233.6 607.803
32100 1.39471 1.33776 0.977565 3.71003 -36235 618.083
32200 1.3822 1.33986 1.01683 3.73889 -36233.9 616.319
32300 1.45914 1.37318 1.06915 3.90147 -36247.7 629.207
32400 1.60375 1.33793 1.12596 4.06763 -36240.1 621.078
32500 1.63349 1.32688 1.14991 4.11028 -36240.2 624.634
32600 1.6449 1.37207 1.14092 4.15789 -36224.8 615.773
32700 1.64896 1.39547 1.10709 4.15152 -36227.6 627.096
32800 1.6609 1.37354 1.04124 4.07568 -36240.5 634.034
32900 1.61731 1.38951 1.052 4.05881 -36243.6 635.132
33000 1.58013 1.38598 1.0287 3.99482 -36236.4 625.382
33100 1.60437 1.32256 0.974172 3.9011 -36236 627.242
33200 1.64246 1.23855 1.01016 3.89117 -36231 630.773
33300 1.64286 1.2714 1.01951 3.93376 -36224.9 623.894
33400 1.59348 1.33778 1.05055 3.98181 -36246.9 643.12
33500 1.5868 1.41461 1.09494 4.09635 -36234.7 629.512
33600 1.58213 1.45218 1.0468 4.08111 -36238.3 634.077
33700 1.61071 1.4511 1.03751 4.09932 -36243.8 638.622
33800 1.62384 1.45831 1.06124 4.14339 -36218.8 625.893
33900 1.61063 1.43945 1.07045 4.12053 -36211.9 625.858
34000 1.60125 1.43544 1.03917 4.07586 -36217.6 638.453
34100 1.61667 1.36421 0.966231 3.9471 -36204.8 633.117
34200 1.60218 1.35388 0.934179 3.89023 -36234.8 658.899
34300 1.56579 1.31079 1.00129 3.87787 -36220.4 637.823
34400 1.50346 1.29778 1.04025 3.8415 -36209.5 632.939
34500 1.44874 1.31293 1.02611 3.78778 -36226.1 648.677
34600 1.46722 1.33928 1.0311 3.83759 -36218.5 643.373
34700 1.44786 1.41647 1.02601 3.89034 -36211.4 637.371
34800 1.49802 1.42183 0.981946 3.90179 -36206.1 640.846
34900 1.47945 1.3837 0.926134 3.78929 -36215.3 651.066
35000 1.3993 1.38383 0.935704 3.71883 -36198.5 632.396
35100 1.31053 1.3717 0.918822 3.60106 -36204 648.639
35200 1.23326 1.35285 0.877572 3.46369 -36224.7 664.391
35300 1.27274 1.38507 0.877083 3.5349 -36216.7 652.263
35400 1.23941 1.33221 0.877975 3.4496 -36203.4 644.549
35500 1.16098 1.23893 0.885406 3.28532 -36217.3 658.195
35600 1.15198 1.24306 0.881681 3.27672 -36197 644.655
35700 1.19686 1.25874 0.880401 3.336 -36191.6 652.119
35800 1.21418 1.35773 0.869184 3.44109 -36192.8 658.715
35900 1.26367 1.41814 0.898587 3.5804 -36202.6 664.793
36000 1.31028 1.41164 0.919067 3.64099 -36207.2 662.655
36100 1.30984 1.45448 0.929572 3.69389 -36172.5 639.06
36200 1.32406 1.4792 0.89567 3.69893 -36194.5 666.049
36300 1.35593 1.52406 0.916475 3.79646 -36175.9 652.299
36400 1.42634 1.53177 0.952011 3.91012 -36179.5 658.871
36500 1.43213 1.50798 0.954491 3.89461 -36194.5 672.059
36600 1.49093 1.47709 0.947693 3.91571 -36182.4 657.463
36700 1.51107 1.47827 0.967228 3.95657 -36185.5 667.05
36800 1.45919 1.46393 1.00467 3.9278 -36179.8 660.355
36900 1.44725 1.44186 0.986024 3.87514 -36175 660.413
37000 1.45045 1.39941 0.975637 3.8255 -36175 666.944
37100 1.49628 1.38337 0.959037 3.83869 -36173.1 667.314
37200 1.56218 1.36007 0.970051 3.8923 -36171.3 671.673
37300 1.58745 1.45459 1.01618 4.05822 -36170 670.687
37400 1.60284 1.46704 0.996204 4.06609 -36177.1 679.268
37500 1.65251 1.48367 1.00342 4.13961 -36170.9 668.017
37600 1.58692 1.46942 1.01201 4.06835 -36165.8 668.773
37700 1.5099 1.45197 1.06095 4.02282 -36164.3 671.22
37800 1.42196 1.47076 1.061 3.95372 -36163.9 676.573
37900 1.40449 1.52071 1.02842 3.95362 -36176.3 684.974
38000 1.44174 1.508 0.973071 3.92281 -36179.3 683.755
38100 1.51292 1.46047 0.943187 3.91658 -36174 679.93
38200 1.53637 1.35253 0.962583 3.85149 -36168.7 676.289
38300 1.56616 1.33831 0.996245 3.90071 -36156.5 674.216
38400 1.54072 1.29878 1.04232 3.88182 -36150.3 676.279
38500 1.53287 1.34502 1.10478 3.98267 -36167.9 691.364
38600 1.46901 1.38055 1.12568 3.97524 -36160.2 681.667
38700 1.47181 1.40601 1.10831 3.98613 -36184.1 698.654
38800 1.50213 1.42396 1.09563 4.02173 -36157 673.85
38900 1.4975 1.46161 1.12919 4.0883 -36169.2 684.82
39000 1.55163 1.49919 1.14389 4.19471 -36178.6 692.028
39100 1.51076 1.48949 1.14496 4.14521 -36168.1 688.565
39200 1.45691 1.45171 1.13994 4.04856 -36190.3 704.615
39300 1.48424 1.40599 1.10539 3.99562 -36160.3 680.275
39400 1.46299 1.44943 1.1294 4.04182 -36180.9 701.185
39500 1.42536 1.54286 1.10412 4.07235 -36169.7 690.34
39600 1.41079 1.5919 1.03028 4.03297 -36164.6 692.182
39700 1.37399 1.58464 1.0486 4.00722 -36163.4 691.811
39800 1.36866 1.5688 1.05872 3.99618 -36156.6 694.846
39900 1.36827 1.43729 1.10773 3.91329 -36158.4 696.886
40000 1.35678 1.30581 1.11849 3.78108 -36156.9 695.542
40100 1.28198 1.26748 1.15602 3.70549 -36143.2 686.895
40200 1.30378 1.26944 1.13332 3.70653 -36141.7 697.426
40300 1.33029 1.2221 1.03994 3.59233 -36141.3 697.858
40400 1.23332 1.22662 1.02725 3.48719 -36136.1 703.001
40500 1.21592 1.19817 1.09073 3.50482 -36126.2 702.094
40600 1.25566 1.21474 1.13739 3.60778 -36131.8 702.001
40700 1.25149 1.22557 1.1444 3.62146 -36147.8 718.615
40800 1.24181 1.26452 1.06607 3.5724 -36153.8 715.671
40900 1.29777 1.31468 1.08997 3.70243 -36128.4 694.639
41000 1.37281 1.3443 1.1141 3.83121 -36117.4 697.597
41100 1.40442 1.40951 1.08779 3.90171 -36154 726.875
41200 1.46774 1.39775 1.1673 4.03279 -36144.6 710.201
41300 1.41687 1.38197 1.17822 3.97706 -36145.9 713.46
41400 1.39535 1.35535 1.08539 3.8361 -36146.8 711.263
41500 1.45296 1.35738 1.05708 3.86742 -36153.9 719.358
41600 1.54739 1.43535 1.02981 4.01255 -36165.9 728.643
41700 1.53199 1.53575 0.946292 4.01403 -36163 718.339
41800 1.45557 1.48286 0.963064 3.9015 -36141.8 705.522
41900 1.37746 1.38462 1.00773 3.76981 -36154.1 719.071
42000 1.35058 1.3381 1.04778 3.73647 -36158.1 725.084
42100 1.39736 1.32442 1.04046 3.76223 -36145 713.343
42200 1.40698 1.37749 1.09775 3.88221 -36144.6 722.629
42300 1.46813 1.42957 1.11519 4.01289 -36151.7 724.625
42400 1.45141 1.44864 1.12913 4.02918 -36145.9 718.531
42500 1.4665 1.43972 1.15316 4.05938 -36147.8 725.268
42600 1.51377 1.45796 1.18146 4.15319 -36147.5 725.016
42700 1.57451 1.46873 1.14193 4.18517 -36139.2 718.478
42800 1.53423 1.42227 1.11994 4.07644 -36135.7 718.615
42900 1.45936 1.4634 1.10382 4.02657 -36122 717.134
43000 1.38797 1.49675 1.14074 4.02546 -36106.1 715.903
43100 1.29393 1.46765 1.14725 3.90883 -36146.8 753.463
43200 1.22996 1.34147 1.137 3.70843 -36137.5 728.902
43300 1.15951 1.28953 1.13741 3.58645 -36126.5 727.241
43400 1.14405 1.3309 1.15345 3.6284 -36122.1 722.315
43500 1.22932 1.37041 1.15955 3.75928 -36115.9 729.774
43600 1.26067 1.31939 1.08706 3.66712 -36114.4 733.024
43700 1.26711 1.31091 1.09965 3.67767 -36101.4 726.474
43800 1.36079 1.38335 1.14352 3.88766 -36104.4 734.577
43900 1.42424 1.42189 1.13862 3.98475 -36109.7 738.817
44000 1.49888 1.42888 1.11526 4.04302 -36117.4 749.321
44100 1.58588 1.4582 1.11045 4.15453 -36104.9 733.321
44200 1.63223 1.48315 1.09222 4.2076 -36092.1 732.109
44300 1.60183 1.45182 1.07618 4.12982 -36087.3 738.274
44400 1.57453 1.35792 1.07229 4.00474 -36119.5 760.539
44500 1.58244 1.30196 1.1342 4.01861 -36103.1 736.651
44600 1.62629 1.31441 1.18781 4.12851 -36105.6 747.795
44700 1.65579 1.35334 1.15975 4.16889 -36111.8 754.771
44800 1.58453 1.29263 1.13403 4.01119 -36104.2 743.502
44900 1.4863 1.25355 1.13948 3.87933 -36107.7 747.146
45000 1.42825 1.23774 1.14339 3.80938 -36092 730.539
45100 1.34486 1.28212 1.1485 3.77548 -36096.7 750.035
45200 1.40236 1.28751 1.1465 3.83638 -36080.3 739.401
45300 1.36857 1.32452 1.10918 3.80226 -36095 753.346
45400 1.32508 1.28797 1.07182 3.68487 -36080.2 748.592
45500 1.34795 1.31667 1.05128 3.7159 -36093.5 762.241
45600 1.32891 1.38027 1.04612 3.75531 -36099 760.404
45700 1.30684 1.44354 1.06955 3.81993 -36087.7 750.398
45800 1.28456 1.39854 1.12292 3.80601 -36104.8 770.285
45900 1.32112 1.33662 1.14968 3.80742 -36106.6 766.648
46000 1.42138 1.39176 1.11872 3.93185 -36113 765.73
46100 1.41192 1.40428 1.13534 3.95154 -36100 749.142
46200 1.38749 1.3504 1.13874 3.87662 -36085.9 745.796
46300 1.4187 1.29163 1.1533 3.86362 -36092.2 762.043
46400 1.45359 1.32298 1.18514 3.96171 -36086.9 763.502
46500 1.45241 1.37705 1.16432 3.99378 -36068.1 749.481
46600 1.52052 1.36804 1.13387 4.02243 -36068.7 753.918
46700 1.63404 1.38712 1.10759 4.12876 -36071.9 766.723
46800 1.71594 1.41403 1.14817 4.27814 -36063.2 761.522
46900 1.72123 1.40729 1.2545 4.38302 -36075.5 776.556
47000 1.68453 1.44555 1.26659 4.39667 -36071.1 768.703
47100 1.65684 1.39941 1.26587 4.32212 -36097.4 798.923
47200 1.69422 1.38674 1.25048 4.33145 -36044.3 747.424
47300 1.69352 1.3811 1.26715 4.34177 -36049.3 763.978
47400 1.7577 1.38269 1.32517 4.46556 -36031.9 760.981
47500 1.79128 1.38306 1.29509 4.46943 -36041.7 775.979
47600 1.77052 1.38191 1.26709 4.41952 -36047.1 780.061
47700 1.77471 1.40973 1.24847 4.43291 -36051.5 777.221
47800 1.75294 1.37276 1.19334 4.31904 -36048.4 781.414
47900 1.65456 1.31065 1.15731 4.12253 -36030.4 765.53
48000 1.54927 1.32398 1.08792 3.96117 -36049.5 786.564
48100 1.49375 1.34937 1.08932 3.93244 -36021.8 765.71
48200 1.46957 1.36179 1.11467 3.94603 -36056.5 803.914
48300 1.46105 1.31201 1.12905 3.90212 -36036 768.181
48400 1.51153 1.35817 1.14661 4.01631 -36025 776.116
48500 1.56204 1.46721 1.15245 4.1817 -36062.2 802.572
48600 1.56245 1.44658 1.20412 4.21315 -36059.1 790.185
48700 1.46884 1.43323 1.28925 4.19132 -36045.8 773.968
48800 1.50866 1.39405 1.31581 4.21851 -36068.1 799.19
48900 1.64381 1.39025 1.25521 4.28928 -36047.1 777.043
49000 1.6123 1.40217 1.22766 4.24213 -36066.4 798.408
49100 1.60603 1.35389 1.1841 4.14401 -36085.8 811.301
49200 1.66268 1.29989 1.13794 4.10051 -36051.5 778.628
49300 1.74834 1.34292 1.12323 4.21449 -36075.2 800.031
49400 1.73122 1.44938 1.09746 4.27805 -36057.2 778.705
49500 1.73735 1.47831 1.1444 4.36005 -36052.5 787.51
49600 1.75255 1.50733 1.15416 4.41404 -36057.9 801.091
49700 1.7632 1.52689 1.18883 4.47892 -36075.7 807.999
49800 1.70131 1.50281 1.17099 4.37511 -36053.3 793.075
49900 1.68382 1.42611 1.15024 4.26017 -36057.9 803.115
50000 1.63339 1.36348 1.19047 4.18734 -36043.4 791.392
50100 1.55584 1.36705 1.17865 4.10154 -36059.1 814.859
50200 1.53009 1.44388 1.15037 4.12434 -36053.4 806.156
50300 1.48754 1.48796 1.1799 4.15541 -36028 781.411
50400 1.45986 1.46221 1.09063 4.0127 -36022.5 792.606
50500 1.47847 1.40926 1.10609 3.99382 -36046.3 817.84
50600 1.49664 1.37591 1.13538 4.00793 -36046.7 807.156
50700 1.47363 1.33673 1.21426 4.02462 -36010.9 782.942
50800 1.4645 1.33291 1.22942 4.02683 -36024 810.221
50900 1.4334 1.29545 1.19601 3.92487 -36041.6 814.838
51000 1.43087 1.30372 1.17817 3.91275 -36028.4 805.27
51100 1.44535 1.30038 1.15983 3.90556 -36028.8 807.07
51200 1.42663 1.24802 1.08584 3.76049 -36030.9 813.582
51300 1.37941 1.1805 1.04283 3.60274 -36021.5 804.359
51400 1.41204 1.16434 1.07889 3.65527 -36035.2 823.296
51500 1.41959 1.27562 1.14109 3.8363 -36017.6 807.293
51600 1.35648 1.32003 1.12927 3.80578 -36038 826.275
51700 1.35471 1.39014 1.07732 3.82217 -36025.3 806.422
51800 1.38496 1.43739 1.02137 3.84372 -36023.3 812.155
51900 1.51212 1.45846 0.977332 3.9479 -36019.2 817.042
52000 1.59381 1.48729 1.00814 4.08924 -35998.2 801.489
52100 1.65622 1.53133 1.00893 4.19648 -36010.4 824.258
52200 1.59236 1.54195 1.01434 4.14864 -36026.1 831.901
52300 1.5322 1.51851 1.04983 4.10055 -36004.8 807.307
52400 1.5917 1.48707 1.0295 4.10828 -35966.3 793.301
52500 1.64286 1.51788 1.00989 4.17063 -35994.5 834.502
52600 1.56557 1.48541 1.06315 4.11413 -35987.3 823.043
52700 1.57431 1.49898 1.14082 4.2141 -36008.7 833.897
52800 1.52921 1.43197 1.16944 4.13062 -35987.3 815.806
52900 1.46503 1.43067 1.19195 4.08764 -35988.9 822.264
53000 1.35706 1.41674 1.23372 4.00752 -35986.3 829.001
53100 1.30671 1.4024 1.20086 3.90997 -35997.1 831.428
53200 1.33831 1.3869 1.14237 3.86759 -35979.4 819.017
53300 1.40368 1.36659 1.09461 3.86488 -35968.9 816.073
53400 1.42143 1.36614 1.0807 3.86827 -36022.3 868.114
53500 1.44878 1.37706 1.09189 3.91773 -36001.7 833.936
53600 1.54501 1.41784 1.17401 4.13686 -35989.4 825.549
53700 1.58225 1.40794 1.19736 4.18754 -35990.1 830.456
53800 1.49648 1.37094 1.19775 4.06518 -35995.1 833.034
53900 1.5701 1.31296 1.18881 4.07187 -35967.2 816.475
54000 1.70147 1.30006 1.22039 4.22191 -35981 833.274
54100 1.74875 1.37483 1.17714 4.30071 -35962.6 831.296
54200 1.79432 1.46158 1.19555 4.45145 -35974.8 848.755
54300 1.75348 1.5374 1.25448 4.54536 -35985.7 846.758
54400 1.68567 1.45901 1.29308 4.43776 -35985.2 847.247
54500 1.72013 1.39681 1.32191 4.43885 -35976.3 842.427
54600 1.71676 1.42636 1.37781 4.52094 -35962.9 837.389
54700 1.70932 1.47469 1.33364 4.51765 -35978.3 846.808
54800 1.70378 1.44212 1.33597 4.48188 -35979.5 850.854
54900 1.64437 1.42957 1.33595 4.40989 -35985 847.055
55000 1.56516 1.4843 1.30272 4.35217 -35988 847.866
55100 1.55011 1.48306 1.29962 4.33279 -35980.6 850.223
55200 1.53683 1.35537 1.28139 4.17359 -35965.6 841.086
55300 1.5566 1.28999 1.28845 4.13504 -35975.5 855.612
55400 1.50452 1.32211 1.31407 4.1407 -35994.2 862.228
55500 1.48224 1.40215 1.28956 4.17395 -35995.9 864.716
55600 1.48196 1.39252 1.22547 4.09995 -35991 851.364
55700 1.50712 1.3924 1.1856 4.08512 -35988.7 852.518
55800 1.49131 1.45197 1.17892 4.12221 -35982 854.287
55900 1.51068 1.43302 1.15296 4.09666 -35982.4 859.011
56000 1.43126 1.37668 1.12846 3.93639 -35958.9 840.313
56100 1.41941 1.33504 1.12793 3.88238 -35983.4 867.617
56200 1.38621 1.41123 1.15623 3.95367 -35963.5 847.679
56300 1.35319 1.3876 1.1837 3.92448 -35971.5 865.291
56400 1.38918 1.42242 1.21005 4.02165 -35960.9 851.767
56500 1.32321 1.50639 1.26747 4.09707 -35972.1 868.174
56600 1.28673 1.50824 1.2871 4.08207 -35971.1 869.391
56700 1.33104 1.52223 1.28927 4.14254 -35957 858.05
56800 1.30001 1.53965 1.2959 4.13556 -35930.2 845.614
56900 1.30875 1.56932 1.28915 4.16721 -35934.2 859.112
57000 1.32396 1.50523 1.33584 4.16503 -35938.8 869.253
57100 1.32605 1.48409 1.25058 4.06072 -35935.7 862.601
57200 1.2469 1.51265 1.18433 3.94388 -35969.4 888.553
57300 1.20956 1.48027 1.1369 3.82672 -35980.6 885.347
57400 1.14757 1.45383 1.13012 3.73151 -35963.2 868.527
57500 1.16153 1.43645 1.17801 3.77599 -35992.4 887.704
57600 1.31622 1.41431 1.2152 3.94573 -35957.3 858.296
57700 1.38988 1.36492 1.22971 3.98451 -35992.2 889.541
57800 1.37381 1.39073 1.23446 3.999 -35973.7 869.921
57900 1.47293 1.48542 1.19468 4.15303 -35979.7 877.899
58000 1.46791 1.50508 1.13936 4.11235 -35968.4 871.196
58100 1.50158 1.48287 1.15788 4.14232 -35967.1 876.26
58200 1.55753 1.50105 1.16212 4.2207 -35942.9 863.808
58300 1.61306 1.56029 1.25092 4.42427 -35918.4 857.547
58400 1.61749 1.63122 1.29403 4.54275 -35939.4 882.567
58500 1.66417 1.71789 1.33082 4.71288 -35973.4 905.942
58600 1.60753 1.75487 1.32688 4.68928 -35965.4 890.906
58700 1.54572 1.79367 1.37111 4.7105 -35947.6 872.261
58800 1.44559 1.82189 1.39556 4.66305 -35924.6 867.329
58900 1.39445 1.91831 1.32363 4.63639 -35933.6 887.688
59000 1.40196 1.93229 1.24486 4.57911 -35943.1 892.755
59100 1.50898 1.8961 1.32505 4.73013 -35960.6 902.509
59200 1.61472 1.89773 1.40082 4.91327 -35938.4 887.039
59300 1.62057 1.8512 1.3765 4.84827 -35943.1 897.651
59400 1.65642 1.79529 1.35409 4.80579 -35947.4 899.659
59500 1.61867 1.77337 1.37926 4.7713 -35929.7 886.947
59600 1.54679 1.74447 1.38389 4.67514 -35960.8 901.93
59700 1.59567 1.7458 1.46584 4.80731 -35938.8 885.652
59800 1.55709 1.77442 1.4837 4.81521 -35964.7 908.855
59900 1.54308 1.82938 1.42897 4.80144 -35924.6 872.629
60000 1.59323 1.79851 1.37698 4.76872 -35920.5 889.235
