# Time-averaged data for fix avborn
# TimeStep c_born[1] c_born[2] c_born[3] c_born[4] c_born[5] c_born[6] c_born[7] c_born[8] c_born[9] c_born[10] c_born[11] c_born[12] c_born[13] c_born[14] c_born[15] c_born[16] c_born[17] c_born[18] c_born[19] c_born[20] c_born[21]
100 414872 371118 163103 495798 582451 225362 -124247 104707 128703 73264.6 17820.7 88727.8 -126389 -56857.2 -23858.2 -13176 20748.3 4554.73 -9179.66 -30362.8 111838
200 394915 367808 162327 527275 576792 242873 -115432 99775.3 129496 69287.7 21337.4 92780.4 -118915 -42894.6 -18809.8 -6214.73 19312.3 4499.19 -978.016 31.8697 134115
300 381623 364215 152099 553148 583013 258819 -105208 97573.1 128027 85151.5 29099.9 93434.9 -109130 -48160 -20152.3 -3020.53 32054.4 3574.31 -4612.68 16627.9 147411
400 383091 368784 154396 558350 599671 255723 -110098 98173.7 126172 70959.6 25235.4 92889 -106045 -36134.6 -19763.6 1701.57 26190.3 1142.58 -17987.7 18247.5 153867
500 387042 373804 155325 577611 612116 255834 -114193 98559.6 135053 56879.1 25914 92317.3 -121995 -28903.3 -27106.5 -4.38631 22293.8 -571.187 -45302.9 12941.6 146504
600 395662 382208 157073 575725 620809 246429 -121472 99448.7 139279 49575.8 27237.6 92540.7 -136406 -21272.2 -31174.9 -5456.62 20858.7 -1930.84 -56020.5 12587.2 133971
700 401291 383873 158192 569099 628447 241075 -124676 100475 137472 46695.5 25858.2 92524.5 -136678 -20790.2 -30334.9 -5574.82 18245.4 -2201.92 -52685.8 11553.4 130663
800 409458 384987 159217 566041 644594 239115 -129167 101869 138164 26693.3 20267.1 91355.5 -137932 -9499.75 -26692.1 -5409.94 14574.2 -1836.9 -49451.7 5529.59 131418
900 409166 383579 160144 563417 646569 237801 -128002 102958 135818 28419.6 16648.7 91086.8 -138059 -11363.5 -22829.8 -5549.99 15043.3 -1640.99 -44687.4 3074.92 127960
1000 405863 383854 160571 557169 639188 234242 -126876 102784 136051 32285.9 15072.1 91237.4 -140677 -18591.6 -22084.7 -6736.26 13074.9 -1407.86 -40068.4 -4588.38 124206
1100 406133 386557 160972 562426 639784 233586 -128948 102141 140714 41186.6 14452.9 91853.5 -147767 -26553.4 -21018.8 -7801.2 12892.7 -1213.78 -35092.7 -10021.9 122934
1200 404760 390351 161596 573967 644256 235873 -129735 101380 141754 41767.7 13912.4 93315.1 -152916 -30265.6 -18761 -8526.62 10541.1 -1111.97 -31763.9 -18334.8 119466
1300 403714 390491 161917 579039 641734 236800 -129186 100770 142427 35907.5 10307.7 94089 -154305 -27405.3 -16245.3 -8403.94 8054.38 -1925.95 -31812.6 -20454.5 119798
1400 400818 387525 159166 584664 635081 239333 -127826 99989 141967 33214.6 7447.56 94501.4 -153048 -25546.3 -10376.9 -8413.27 7685.09 -532.391 -22282.7 -19185.6 119952
1500 398954 387572 159699 585060 628197 237692 -126852 99428.8 142084 28944.8 6624.12 95166.1 -155083 -21780.7 -8654.89 -9520.32 7025.38 -617.573 -19148.7 -16546.7 117872
1600 398644 387901 159965 581621 623824 233829 -127197 99065.8 142059 18688.7 4824.04 95392.1 -157060 -13309 -6878.44 -10038.4 6212.86 -614.207 -17621.5 -12004.6 114659
1700 396696 386340 159993 573865 617119 230675 -125457 99282.9 141515 14980.4 3967.15 95142.4 -157918 -10247.8 -6317.14 -10374.1 5757.15 -920.548 -18314.7 -9875.75 112923
1800 394604 382564 159961 564951 614860 227429 -124905 99634 138491 10693.5 4568.35 94775.7 -152659 -7125.45 -4518.89 -9394.49 5459.48 -530.69 -17841.9 -8591.89 114010
1900 391595 381543 159980 563805 609749 227832 -122758 99141.6 137633 12740 4963.06 95127.7 -150311 -7534.33 -4523.25 -9078.65 5374.72 -400.417 -15252.4 -5666.43 115320
2000 389918 380148 160018 559799 605546 227283 -120919 99225.3 135269 15267.7 6018.79 94958.6 -146524 -8278.26 -4826.19 -8368.8 5696.78 -415.147 -14494.8 -4401.52 115997
2100 389690 378722 160174 553135 603435 225049 -119659 99646.5 132435 17213.3 5417.78 94843.2 -143098 -9140.52 -3915.48 -8311.5 6081.01 -347.214 -12705.1 -3291.41 115332
2200 389453 376925 160366 547998 602326 223715 -118815 100192 130453 12750.7 4409.3 94280.8 -139593 -5833.95 -3276.47 -7531.06 5439.33 -480.245 -12756.4 -1725.46 116245
2300 389129 375372 160350 544349 600992 223681 -117810 100341 129247 11448.3 3447.5 94030.5 -136811 -6621.35 -2216.99 -6372.49 4623.28 -369.379 -11721.2 -4476.15 118438
2400 389032 372912 160616 541657 601668 223176 -117971 100920 126149 10066.4 1562.73 93684.2 -132984 -8046.07 -2324.26 -4838.86 4569.55 -380.67 -11258.6 -5866.53 120753
2500 388149 372316 160646 542193 601318 224354 -117009 100794 125360 12589.3 949.29 93774.2 -130553 -9750.6 -1141.81 -3543.24 4827.42 -50.2212 -8760.67 -6740.73 122566
2600 387911 370728 159261 543135 603257 226633 -116183 100756 124051 12305.1 548.339 93014.6 -127044 -10187.6 -763.648 -2218.78 4293.63 -33.6807 -8323.32 -8284.39 125493
2700 385089 370579 159481 545697 597407 228341 -114535 100226 124281 10075 147.27 93736 -126840 -8684.93 -1231.97 -1873.04 3755.52 -238.631 -9770.04 -8938.47 125521
2800 382040 370897 159653 547638 594253 228309 -113735 99758.9 123766 7283.82 -608.636 94274.5 -126994 -7413.13 -463.478 -1979.47 3396.45 -244.78 -9574.77 -10034.2 124371
2900 380677 372086 159715 553282 591552 229485 -113589 99059.7 125208 5851.42 -1006.23 94868.7 -129034 -7216.33 -373.799 -2315.98 2913.95 -501.958 -10322.6 -10977.9 124053
3000 378953 370507 159022 553631 587692 229735 -112400 98650.8 125079 4087.72 -877.712 94450.6 -129174 -5832.61 -403.209 -3096.23 2580.7 -410.994 -10626.2 -10877.8 123722
3100 376305 369497 159003 554965 583606 231089 -110388 98424 124292 3985.31 -720.233 94633.8 -127035 -5907.49 -1575.19 -2476.59 2709.22 -513.074 -11315.3 -10589.1 124615
3200 375650 369000 159001 555566 582784 232026 -109686 98354.2 124106 3257.37 -912.5 94584.5 -125865 -6148.62 -1889.72 -1955.96 2633.73 -441.258 -11308.4 -11155.3 125897
3300 376159 369344 159100 556837 584152 232219 -110006 98291.7 124313 -1295.38 -1634.04 94691.8 -126225 -3470.84 -1223.45 -2082.76 1629.53 -585.757 -11895.6 -11757.6 126529
3400 374978 369370 159163 558831 585883 234235 -109738 98427.3 124298 -3910.3 -2167.05 94665.3 -125388 -1773.69 -744.999 -1858.25 806.725 -705.06 -12082.8 -12340.2 128330
3500 376196 370167 159113 562436 588057 235949 -110555 98434.1 125202 -6014.71 -2974.16 94513.4 -125331 -1206.97 -332.695 -1152.05 -103.009 -1021.05 -13539.9 -15897 129472
3600 375822 371152 159138 566053 588280 237240 -110625 98180.2 125739 -6725.13 -3915.66 94710.6 -125734 -1719.69 797.552 -646.384 -939.332 -1141.21 -13900.2 -19146.7 130102
3700 375610 371410 159215 565967 587197 237143 -110590 98093.7 125851 -8944.68 -5013.85 94855.7 -126759 -931.391 1795.88 -826.993 -1839.62 -1318.04 -13725.7 -20907.1 128767
3800 373964 371246 158814 568249 585427 237656 -110071 97207.1 126577 -12277.2 -5929.4 94997.8 -127162 535.502 2252.6 -458.167 -3020.99 -1541.07 -14218.4 -21848.3 129151
3900 373891 371687 158891 569081 584405 237011 -110274 96957.4 127227 -14433.2 -6801.48 95218.6 -128152 1907.56 2788.72 -620.249 -3215.44 -1560.18 -14020.5 -22055.7 128520
4000 372980 372473 158510 569404 581551 236140 -110997 96114.2 128517 -13727 -7572.75 95559.9 -129545 1555.04 3006.68 -899.299 -2806.06 -2083.58 -13668.4 -22318.6 127867
4100 373358 373339 158628 570731 580276 235437 -111453 95870.8 129865 -13674.6 -7625.81 95854.8 -132333 1243.18 3521.56 -2029.44 -3057.87 -2060.83 -11881.2 -22168.9 126009
4200 374276 373932 158744 568540 581409 233851 -112003 95895.3 130059 -10996.6 -6695.93 95978.8 -133717 -347.825 2747.2 -2888.55 -2660.71 -2029.58 -11552.2 -21679 124689
4300 373791 373212 158864 567483 580311 233464 -111378 95915.4 129990 -10398 -6528.69 95976.9 -134015 -666.316 3156.45 -3155.09 -2592.7 -1869.57 -10606.5 -21607.8 123914
4400 372733 372677 158997 568463 578846 234174 -110502 95892.2 129780 -11012.2 -6414.1 96079.6 -133629 41.8535 3227.3 -3050.69 -2570.51 -1710.7 -10217.1 -21019 124085
4500 371567 371918 159169 568918 576941 234566 -109466 95764.9 128965 -10680 -6298.87 96289.5 -131500 -85.9215 3151.64 -2153.83 -2591.5 -1588.12 -9985.11 -20548.6 124671
4600 370679 371630 159322 570183 575458 235540 -108724 95675.1 128957 -11514.5 -6406.06 96476.6 -131393 456.352 3903.23 -1993.44 -3108.89 -1479.55 -8573.5 -20121.4 124872
4700 370320 370892 159421 568498 574433 235263 -108172 95729 128404 -11568.2 -6201.4 96433.4 -130159 680.287 4208.12 -1523.81 -3162.65 -1375.29 -7859.51 -19379.2 125140
4800 369608 370256 159610 568751 573585 235464 -107454 95775.9 127591 -11279.1 -6200.43 96540.1 -128737 697.086 4664.67 -1155.73 -3098.27 -1249.73 -6389.09 -18218.3 125584
4900 368815 369615 159697 571215 573244 237027 -106601 95795.4 127419 -10463.9 -6259.03 96538.5 -127375 239.728 4561.28 -358.104 -2928.92 -1257.68 -5909.24 -17533.3 127177
5000 368862 368954 159714 569845 572793 236815 -106303 95898.5 126808 -10953.3 -6408.89 96405.2 -126274 508.65 4960.98 -106.449 -3080.21 -1087.17 -4599.44 -17368.2 127463
5100 368521 368446 159285 569520 572116 237016 -106047 95831.9 126261 -9499 -6104.75 95978.7 -126121 -76.1083 5292.35 -373.905 -2632.94 -837.456 -3095.02 -16482.7 127490
5200 368979 368454 159305 569293 572780 236896 -106133 95903.8 126272 -7911.11 -5943.42 95925.7 -126086 -1131.94 5423.93 -483.635 -2463.51 -575.481 -2067.01 -16448.6 127456
5300 370148 369015 159390 569826 574549 236781 -106865 95885.9 126891 -7843.42 -5827.82 96013.9 -127410 -784.118 5282 -907.72 -2196.54 -557.166 -1310.83 -14996.6 126910
5400 369733 369380 159485 569739 574830 236889 -106951 96002.1 127153 -6845.72 -5133.38 96008.3 -128360 -696.427 4494.14 -1264.64 -1789.61 -552.589 -1312.22 -13098.2 126482
5500 369952 369695 159546 570170 575174 236873 -107097 96177 127399 -7184.04 -4953.63 95831.6 -129113 -374.197 4415.53 -1496.22 -1824.99 -556.573 -1639.33 -12636.6 125623
5600 369866 370452 159588 571978 574491 237051 -107338 96036.5 127991 -8385.92 -5263.81 95968.9 -130253 289.793 4728.37 -1479.98 -2255.64 -743.251 -1960.21 -13333.8 125222
5700 370623 371037 159642 571702 575187 236219 -107975 96037 128489 -9233.44 -5528.21 95959.3 -131686 387.343 4997.58 -1736.73 -2657.93 -847.183 -2173 -14569.8 123951
5800 371485 371154 159698 570404 576908 235771 -108418 96235.8 128616 -7933.1 -5629.86 95830 -132313 -1121.57 5238.72 -1997.91 -2733.17 -771.869 -1014.17 -15973.4 123642
5900 372064 371925 159698 571640 578088 236244 -109067 96145.1 129266 -7720.43 -6090.45 95830.6 -133516 -1540.38 5939.78 -2334.3 -2719.6 -763.022 -201.963 -16031.6 123442
6000 372397 371955 159753 572186 578263 236414 -109213 96147.6 129217 -6993.63 -6184.52 95860.1 -133264 -2083.01 6144.75 -2336.57 -2816.81 -861.3 416.471 -15643.6 123644
6100 371753 372030 159795 573337 577433 236898 -108756 96106.5 128812 -5840.67 -5816.56 95952.6 -132401 -2814.69 5851.44 -2256.83 -2722.61 -867.193 466.698 -15927 124034
6200 371321 371768 159824 574117 576700 237275 -108474 96032.6 128896 -4767.94 -5761.68 95990.8 -131898 -3441.22 5994.54 -2069.71 -2513.3 -715.545 1002.73 -16037.1 124743
6300 370280 371147 159874 575240 575693 238116 -107618 96077.7 128892 -4212.05 -5734.18 95947.6 -131620 -3944.79 6080.86 -1821.22 -2597.27 -687.178 1048.92 -16647.3 125358
6400 369690 371344 159317 576814 575379 239193 -107255 96014.5 128707 -4613.95 -5562.23 95914.2 -131024 -3848.03 5980.01 -1390.08 -3295.2 -602.678 1286.5 -16501.1 126203
6500 369437 371732 159289 578094 576031 239732 -107307 95905.3 128366 -4985.37 -5272.11 95925.3 -130255 -3124.47 5599.64 -1157.97 -3178.16 -487.733 1426.87 -15265.2 126800
6600 370324 372209 159339 579086 578009 240321 -107929 95982 128617 -5559.59 -4955.47 95880.8 -130376 -2484.65 4988.39 -1151.28 -3103.49 -604.608 250.409 -14984.6 127137
6700 371041 372148 159377 578523 578954 240194 -108167 96049.8 128275 -4727.3 -4666.28 95831.5 -129661 -2834.15 4595.64 -1005.37 -2831.79 -601.257 -640.502 -15243.5 127575
6800 370392 371652 159011 579668 578300 241242 -107548 95950.5 128209 -5280.15 -4660.55 95715.8 -128742 -2696.7 4076.75 -538.728 -3043.14 -766.116 -1651.57 -15670.8 128492
6900 369678 371714 158972 580330 577179 241723 -107182 95807.2 128277 -5462.35 -4459.88 95778.3 -128688 -2428.49 3604.66 -570.966 -2970.8 -727.74 -1783.81 -15002.6 128540
7000 369250 371819 158995 580720 576272 241802 -106948 95682.6 128267 -5646.43 -4582.54 95960 -128867 -2455.96 3685.99 -813.313 -3009.38 -691.269 -1424.22 -15156.4 128312
7100 368496 371300 159057 579002 575597 241300 -106662 95719.3 128030 -6120.36 -4488.85 95954.1 -128704 -1987.48 3372.4 -895.986 -2957.8 -797.205 -1921.62 -14507.4 128146
7200 368721 371227 159054 577936 575008 240807 -106707 95710.2 128214 -6326.33 -4391.88 95937.2 -129364 -1695.71 3104.73 -1113.42 -2878.75 -778.732 -1717.11 -13737 127424
7300 369094 371408 159140 577840 574907 240537 -106818 95792.1 128424 -5494.38 -4022.41 96009.7 -130018 -2026.31 2716.54 -1335.6 -2578.11 -825.405 -1844.06 -13186.3 126811
7400 369813 371796 159230 577467 574747 239948 -107245 95799.1 128622 -4961.01 -4044.89 96132.3 -130504 -2216.54 2757.86 -1579.5 -2371.95 -763.724 -1411.89 -12675.2 126431
7500 370108 372053 159268 577682 575325 239837 -107556 95868.7 128802 -6232.71 -4352.21 96051.1 -130585 -1072.91 3242.37 -1495.07 -2548.96 -651.377 -635.215 -11767.4 126597
7600 369880 372438 159284 578026 574729 239866 -107612 95781.3 129017 -7125.69 -4410.69 96141.9 -131098 -22.0575 3580.88 -1629.94 -2571.2 -530.708 -338.761 -10887.7 126027
7700 369551 372423 159322 577991 573770 239657 -107382 95783.8 129218 -7718.05 -4684.4 96201.7 -131669 463.658 3925.79 -1598.11 -2693.13 -512.209 131.011 -10527.3 125500
7800 369197 372735 159349 579751 572879 240111 -107315 95608.4 129922 -7677.99 -4927.54 96399.6 -132602 578.421 4364.62 -1623.54 -2581.45 -361.881 1146.98 -10274.3 125374
7900 369676 372995 159320 580134 573070 240071 -107625 95573.7 130051 -7588.11 -4991.19 96368.7 -132744 474.656 4416.46 -1578.99 -2435.18 -244.168 1350.3 -10689.2 125429
8000 370349 373090 159372 580280 573132 240050 -107889 95674.6 130095 -7661.13 -4942.4 96341.2 -132782 673.053 4335.57 -1710.8 -2338.29 -303.066 1203.84 -10477.8 125266
8100 370546 373078 159389 580316 573493 240297 -107925 95738.9 129971 -6635.6 -4591.87 96295.2 -132407 240.288 4242.27 -1543.86 -1997.94 -254.892 1350.24 -9881.19 125765
8200 369909 372736 159408 580463 572495 240575 -107408 95696.7 129501 -6244.58 -4279.04 96324.3 -131040 268.571 4001.7 -1080.66 -1844.26 -220.335 1639.07 -8910.49 126450
8300 369047 372027 159450 579360 570645 240477 -106617 95639.3 128982 -5755.26 -4231.62 96429.5 -130216 61.6016 4039.86 -904.623 -1709.3 -155.935 2010.66 -8586.63 126417
8400 368704 372091 159492 578970 569619 240466 -106357 95613.5 128899 -4976.47 -4075.07 96513.3 -130351 -461.078 4127.36 -987.878 -1436.96 28.9014 2475.19 -8641.55 126005
8500 367750 371638 159460 577756 568171 240056 -105912 95573.3 128693 -4636.09 -4099.78 96470.3 -130183 -464.739 4440.7 -1048.57 -1219.74 132.794 3243.83 -8150.07 125575
8600 367661 371720 159490 577580 567649 240115 -105803 95628.7 128785 -4522.2 -4125.6 96460.2 -130535 -287.865 4629.82 -1162.31 -1162.69 149.982 3598.65 -7528.84 125229
8700 366992 371652 159529 577832 566299 240130 -105386 95554.7 128768 -4279.37 -3947.36 96573.4 -130649 -239.75 4456.88 -1243.49 -1003.76 128.142 3745.84 -6929.59 125114
8800 366394 371123 158785 577734 565515 240268 -104871 95411.6 128565 -4614.17 -3946.43 96482.2 -130359 -18.2635 4494.95 -1183.49 -1061.82 116.358 3751.18 -6770.16 125181
8900 366326 370961 158816 577374 565222 240090 -104775 95369.4 128412 -4719.87 -3932.16 96527.1 -130215 -129.436 4185.5 -1240.72 -1244.18 -10.8189 3102.44 -7150.76 124943
9000 366099 370851 158865 576866 564539 239835 -104613 95316.5 128450 -4724.32 -4001.15 96607.5 -130326 -162.344 4152.71 -1357.98 -1262.22 -36.6793 2991.74 -7249.99 124555
9100 366575 370702 158860 575427 564790 239460 -104685 95411 128090 -3794.74 -3647.05 96508.9 -129930 -670.437 3625.21 -1263.53 -1055.19 -43.3464 2337.4 -6972.47 124275
9200 366335 370301 158864 574414 563806 239041 -104347 95410.9 127899 -3609.71 -3443.59 96526.4 -129839 -755.394 3384.8 -1325.61 -1090.13 -77.8418 2142.82 -6867.08 124079
9300 365576 369808 158916 573295 563389 238837 -103933 95477.1 127568 -3968.99 -3645.49 96481.6 -129128 -360.238 3847.23 -1073.26 -1073.45 -49.8185 2876.78 -6472.57 124400
9400 365582 369488 158946 572079 563651 238520 -103751 95592.4 127251 -4614.77 -3864.27 96395 -128585 110.536 4012.42 -1030.79 -1231.37 -79.9954 3202.78 -6286.86 124565
9500 365595 369035 158673 570460 563473 237910 -103697 95650.7 126882 -5034.3 -3992.77 96094.1 -128315 300.011 3866.05 -1241.93 -1664.83 -468.171 2799.12 -6233.97 124487
9600 365314 368918 158689 570127 562520 237685 -103498 95602.4 127094 -4933.36 -3703.02 96151 -128905 376.821 3468.47 -1461.12 -1594.55 -523.946 2157.39 -5986.9 124026
9700 365193 368889 158774 569722 561978 237297 -103457 95587.6 127317 -5152.38 -3641.91 96201.4 -129603 685.172 3172.3 -1687.79 -1529.95 -690.003 1257.86 -5780.32 123306
9800 364887 368915 158827 569328 561082 237026 -103262 95542.3 127261 -4151.1 -3500.41 96333.7 -129689 -165.231 3051.65 -1748.2 -1417.31 -681.677 1222.85 -6175.84 122981
9900 364963 369196 158847 570514 561311 237578 -103306 95477 127327 -3580.65 -3353.12 96439 -129823 -547.082 2893.47 -1752.37 -1376.14 -672.826 1171.13 -6336.86 123050
10000 364881 369255 158631 570654 561201 237513 -103400 95169.8 127534 -3052.78 -3028.78 96428.3 -130089 -879.666 2379.01 -1851.38 -1365.71 -722.173 546.942 -6151.83 122940
10100 365414 369439 158456 570667 561773 237265 -103869 95139.6 127893 -1660.63 -2515.26 96174.8 -131050 -1500.55 1574.5 -2288.91 -896.274 -741.825 -222.786 -5724.86 122652
10200 365696 369367 158527 569668 561858 236930 -103915 95186.1 127681 -1252.01 -2462.8 96194.3 -130866 -1803.32 1495.05 -2345.63 -837.535 -691.877 -192.068 -5763.3 122741
10300 365866 369455 158612 569548 562108 236931 -104054 95196 127468 -1319.01 -2725.48 96212.1 -130391 -2025.89 1664.64 -2161.37 -1116.27 -820.311 -577.047 -6698.1 123034
10400 365395 368978 158638 568853 561502 236805 -103573 95302.3 127150 -1683.64 -2839.89 96143.2 -129839 -1996.95 1639.84 -1956.59 -1341.06 -899.482 -1003.72 -7130.41 123126
10500 365394 368773 158685 568012 561532 236576 -103454 95333.8 126838 -1243.8 -2733.59 96134.1 -129428 -2097.81 1484.05 -1891.18 -1226.08 -966.059 -1452.2 -7045.56 123172
10600 365339 368814 158691 567715 561317 236374 -103446 95305.9 126873 -1080.74 -2620.25 96168.5 -129497 -2197.43 1276.8 -1923.11 -1192.73 -995.105 -1929.91 -7438.72 123162
10700 365712 368692 158737 567171 561769 236359 -103530 95423.3 126707 -819.668 -2644.96 96079.9 -129161 -2412.64 1268.75 -1800.47 -1192.94 -1054.95 -2235.94 -7842.81 123384
10800 365312 367801 158777 566596 561281 236601 -103058 95530.9 126282 -260.327 -2483.16 96024.3 -128414 -2886.42 1102.55 -1594.91 -1040.24 -992.806 -2086.95 -7909.57 123778
10900 365375 367939 158834 567633 562651 237343 -103133 95570.7 126230 -219.293 -2348.02 95994.9 -127793 -2762.38 1120 -1239.56 -975.449 -954.8 -1864.83 -7550.91 124786
11000 365462 367945 158683 568064 563521 237545 -103286 95526.3 126285 237.337 -2194.72 95807.7 -127708 -3276.96 829.647 -1196.31 -985.092 -1028.93 -1677.95 -7654.97 125394
11100 365556 367934 158739 568627 563999 237837 -103333 95505.3 126194 11.1135 -2036.54 95853.7 -127261 -2931.59 602.017 -937.812 -976.342 -1066.34 -1922.38 -7372.78 126040
11200 365756 367614 158783 568418 565084 237945 -103272 95609.1 125913 -414.224 -2111.03 95775.3 -126615 -2679.74 686.792 -592.631 -1094.35 -1050.95 -1784.3 -7376.87 126702
11300 365392 367212 158837 568738 565086 238173 -102907 95664.6 125528 -291.349 -1934.61 95736 -125813 -2820.7 454.857 -234.333 -1131.09 -1146.62 -2427.97 -7583.89 127319
11400 364875 366970 158904 568837 564262 238272 -102438 95651.9 125189 -550.376 -1845.84 95844.4 -125091 -2674.4 259.293 -54.1452 -1100.41 -1158.66 -2847.97 -7646.67 127595
11500 364503 366691 158907 568505 563485 238120 -102167 95605.9 125009 -414.491 -1661.53 95846 -124631 -2713.93 87.4378 -48.2367 -980.592 -1133.4 -3068.68 -7692.52 127537
11600 364527 366683 158938 568170 562756 237777 -102117 95583.4 125218 -589.859 -1790.31 95904.2 -125085 -2636.37 121.404 -214.936 -1014.85 -1181.42 -3104.65 -7768.45 127063
11700 364571 366729 158968 567451 561939 237178 -102144 95592 125360 -944.962 -1961.93 95952.8 -125705 -2716.91 256.553 -486.987 -1237.55 -1189.58 -3074.2 -8296.47 126311
11800 364414 366540 158986 567378 561359 237140 -101971 95537.9 125304 -1267.19 -2119.31 96003.6 -125624 -2447.18 522.314 -564.3 -1245.08 -1151.55 -2624.05 -8091.05 126153
11900 364430 366446 159006 567089 561228 236930 -101971 95569.6 125472 -2211.32 -1968.7 95942.5 -125983 -1477.27 348.97 -641.974 -1186.11 -1118.87 -2911.35 -7132.85 125707
12000 364532 366302 159094 566905 561133 236588 -101937 95621.1 125436 -2730.37 -1739.85 95963.1 -126199 -843.956 102.9 -668.55 -1034.76 -1079.19 -3215.33 -6228.02 125260
12100 364751 366861 159204 567598 561098 236442 -102296 95521.2 125900 -3633.11 -1784.24 96136.6 -127077 -106.668 -21.5719 -1024.48 -1126.41 -1149.63 -3703.42 -5989.43 124851
12200 364967 367445 159216 568533 560897 236519 -102667 95424.5 126512 -4582.59 -1957.19 96204.6 -128192 502.721 98.9839 -1253.15 -1267.37 -1173.78 -3790.87 -5987.13 124468
12300 364526 367306 159237 568647 560170 236413 -102377 95343.1 126518 -5399.23 -2030.76 96293.1 -128350 1099.24 100.552 -1311.54 -1410.55 -1170.51 -3921 -5799.11 124040
12400 364202 367058 159241 568357 559257 236165 -102159 95213.7 126653 -5501.69 -1865.22 96371.4 -128594 1442.19 14.2183 -1484.81 -1245.64 -1122.64 -3706.79 -4850.56 123647
12500 364052 367012 159269 568306 558802 236052 -102072 95182.1 126804 -5231.02 -1778.91 96397.2 -128946 1426.19 116.661 -1652.59 -1064.8 -1056.81 -3253.26 -4624.85 123146
12600 363178 367037 159103 567869 558614 235949 -101986 95058.6 126836 -4943.18 -1559.86 96403.2 -128847 1288.16 73.837 -1464.5 -823.983 -1212.77 -3351.98 -4702.56 123186
12700 362927 366678 159103 567367 558327 235968 -101664 95102.3 126612 -3746.6 -1326.45 96358.7 -128356 694.378 -119.724 -1339.57 -520.744 -1162.96 -3208.47 -4384.15 123421
12800 362945 366497 159174 567298 558780 236093 -101548 95195.3 126491 -2415.61 -1121.06 96303.9 -128044 -283.566 -367.36 -1264.15 -360.064 -1135.33 -3270.13 -4888.63 123630
12900 363063 366477 159250 566987 559299 236011 -101585 95244.2 126420 -1321.72 -788.032 96330.7 -127890 -1104.06 -786.775 -1196.95 -205.342 -1147.98 -3736.75 -5273.8 123772
13000 363097 366416 159288 566761 559339 235888 -101517 95293.2 126232 -995.859 -791.647 96335.2 -127620 -1510.18 -717.327 -1086.81 -288.415 -1191.35 -3742.43 -5672.5 123912
13100 363399 366573 159313 566615 559227 235800 -101640 95354.4 126190 -830.746 -777.679 96351.3 -127670 -1692.49 -852.642 -1079.17 -297.685 -1258.07 -3916.78 -5779.29 123814
13200 363592 366552 159328 566519 559396 235672 -101702 95434.2 126148 -344.655 -770.691 96292.8 -127453 -1998.47 -915.384 -865.674 -237.652 -1277.98 -3885.7 -5783.07 123877
13300 363413 366076 159352 566151 559024 235501 -101551 95434.2 125864 -0.674562 -688.67 96307.3 -126896 -2247.21 -920.752 -658.311 -198.037 -1223.16 -3607.49 -5591.4 124017
13400 363171 366137 159389 565870 558870 235418 -101562 95435.5 125892 167.252 -532.119 96361.1 -126852 -2282.4 -1135.27 -624.043 -209.021 -1237.8 -3803.65 -5653.31 124037
13500 362642 365914 159395 565687 558520 235635 -101287 95465.5 125754 -84.4541 -576.726 96358.6 -126490 -2075.89 -1046.08 -504.973 -281.573 -1266.12 -3860.62 -5658.32 124301
13600 362386 365846 159379 566066 558245 235979 -101072 95430.9 125608 -508.168 -599.069 96382 -125912 -2018.85 -1197.78 -323.753 -344.143 -1279.56 -4411.52 -6079.69 124695
13700 361863 365672 159377 566149 557446 236078 -100714 95390.8 125390 -444.415 -529.023 96409.2 -125333 -2034.76 -1314.86 -180.937 -299.168 -1229.6 -4276.63 -5916.51 124956
13800 361691 365497 159399 566081 557017 236106 -100464 95439.6 125272 -279.99 -478.888 96391.1 -125088 -2277.15 -1485.38 -138.775 -280.508 -1278.76 -4624.18 -6165.92 124952
13900 361527 365373 159417 566177 556605 236134 -100319 95448 125193 -722.726 -464.568 96377.6 -124937 -2065.97 -1515.17 -112.428 -339.38 -1302.43 -4912.88 -6333.92 124900
14000 361540 365464 159434 566249 556420 236270 -100350 95452.1 125300 -933.392 -439.835 96375.1 -125042 -1940.33 -1652.1 -109.845 -415.348 -1309.29 -5217.9 -6417.2 124931
14100 361279 365520 159484 566428 556108 236357 -100205 95439.1 125305 -922.268 -416.7 96435.1 -125036 -1929.21 -1724.66 -101.882 -475.921 -1330.44 -5263.49 -6500.5 124943
14200 360992 365419 159539 566448 555522 236339 -99965.4 95438.2 125230 -512.241 -287.922 96490.9 -124899 -2221.34 -1865.51 -63.9631 -446.968 -1327.45 -5284.83 -6631.82 124944
14300 360916 365359 159521 566382 555319 236269 -99935.8 95394 125160 -442.344 -252.671 96459.7 -124936 -2240.56 -1873.59 -104.447 -447.628 -1304.54 -4984.4 -6526.14 124772
14400 360627 365385 159528 567068 554920 236444 -99783.4 95319.2 125262 93.9954 -311.079 96541 -125148 -2751.84 -1711.79 -74.8095 -490.79 -1281.51 -4537.43 -6853.28 124744
14500 360440 365320 159550 567360 554533 236498 -99599.6 95281 125268 370.305 -235.871 96623.8 -125036 -2863.62 -1738.43 27.0823 -446.711 -1246.95 -4247.38 -6587.67 124779
14600 360504 365391 159568 567833 554868 236760 -99614.6 95275.8 125295 906.188 -221.686 96661.9 -124975 -3278.96 -1738.45 36.3994 -445.534 -1260.68 -4087.82 -6685.67 125075
14700 360601 365641 159306 568448 554734 236916 -99727.4 95171.5 125464 951.947 -98.2284 96740.1 -125243 -3212.24 -1899.24 -43.5131 -354.694 -1301.39 -4437.91 -6494.17 124916
14800 360260 365758 159364 569105 554053 237010 -99580 95118.5 125547 961.035 -125.07 96858.2 -125442 -3330.8 -1976.28 -51.2375 -403.32 -1345.11 -4816.31 -6729.3 124835
14900 359776 365531 159394 569654 553601 237441 -99242.8 95081.4 125396 1148.04 4.44423 96891.8 -124984 -3168.18 -2108.66 191.16 -251.332 -1356.18 -4883.6 -6052.96 125185
15000 359365 365187 159428 570102 553350 237852 -98855.2 95102.6 125240 1423.01 247.101 96894.9 -124324 -3080.78 -2313.4 387.704 -97.3593 -1366.15 -4790.87 -5307.71 125719
15100 358911 364963 159453 570076 552472 237986 -98473.7 95075 124965 1470.37 496.983 96942 -123932 -2919.83 -2622.38 384.5 -10.3702 -1367.85 -4858.76 -4750.88 125719
15200 358807 364863 159483 570213 552517 238253 -98357.7 95109.4 124857 1497.66 547.472 96903.2 -123671 -2900.81 -2678.01 552.093 39.1992 -1323.17 -4829.86 -4502.15 126018
15300 358803 364826 159508 570371 552579 238335 -98308.3 95139.7 124812 1668.29 627.024 96889.1 -123676 -2782.8 -2710.5 680.651 95.9866 -1264.59 -4389.4 -3768.57 125913
15400 358893 364938 159548 570945 552758 238603 -98316.4 95172.9 124913 2083.34 831.378 96917.5 -123678 -2922.62 -2915.07 807.439 185.296 -1230.02 -4281.28 -3327.44 126100
15500 358975 365000 159580 571293 553097 238892 -98375 95170.3 124933 2503.54 1049.92 96932.2 -123499 -3103.43 -3107.81 868.863 308.703 -1197.62 -4156.5 -3031.31 126496
15600 359043 365135 159566 571092 553174 238921 -98450.9 95155.6 124763 2989.47 1251.12 96929.2 -123216 -3333.17 -3298.34 950.886 447.02 -1194.04 -4205.08 -2737.41 126689
15700 359136 364824 159569 571240 553704 239208 -98439.1 95228.7 124609 3550.81 1249.89 96859.3 -122682 -3752.5 -3233.48 1112.26 479.705 -1154.14 -4079.85 -2965.43 127222
15800 359425 364744 159596 571192 554638 239498 -98510.3 95318.6 124328 3776.6 1204.6 96768.7 -121942 -3950.89 -3173.64 1321.52 486.053 -1135.32 -4189.94 -3216.71 127919
15900 359815 364814 159633 571275 555746 239676 -98723.1 95371.6 124117 3934.59 1290.95 96727.3 -121549 -4120.75 -3409.3 1437.83 504.605 -1121.96 -4599.02 -3467.3 128449
16000 360173 364699 159652 570891 556150 239693 -98810.4 95455.9 124094 4220.71 1420.88 96671.3 -121351 -4224.17 -3560.89 1526.94 533.328 -1130.73 -4641.85 -3261.55 128573
16100 360440 364835 159670 570964 556871 239945 -98969.8 95510.2 124039 4813.35 1592.84 96604.9 -121166 -4460.81 -3642.22 1646.05 714.452 -1080.14 -4389.35 -2912.57 129046
16200 360394 364793 159697 571035 556956 239924 -99045.3 95514.3 124020 5055.58 1707.22 96605.2 -120786 -4697.91 -3583.03 1785.74 768.164 -1072.54 -4488.7 -2913.28 129230
16300 360441 364788 159716 570867 557214 239889 -99051.2 95535.1 123874 5049.54 1766.11 96599.7 -120417 -4611.64 -3667.84 1876.56 882.556 -1033.17 -4574.93 -2797.16 129392
16400 360533 364780 159703 570921 557564 240001 -99082.8 95563.5 123940 4913.12 1765.41 96552.7 -120368 -4404.81 -3664.49 1891.98 961.73 -983.051 -4490.76 -2417.47 129614
16500 360440 364685 159733 571208 557661 240194 -98990.8 95552.3 123949 4875.18 1805.48 96573.5 -120233 -4211.09 -3661.29 1912.37 1033.82 -891.039 -4214.63 -1947.39 129819
16600 360509 364679 159781 571135 558164 240204 -99011.3 95611.1 123908 4391.11 1865.69 96544.8 -120293 -3616.89 -3749.43 1885.8 974.789 -964.089 -4759.34 -1556.7 129697
16700 360630 364693 159819 571140 558602 240222 -99051.1 95658.8 124011 3745.25 1747.48 96506.5 -120460 -3170.43 -3686.72 1800.4 829.572 -1021.91 -5060.52 -1524.33 129715
16800 360585 364456 159852 571182 558845 240208 -99048.1 95690.2 124070 3441.01 1710.84 96490.8 -120571 -2904.5 -3517.52 1745.18 746.068 -1008.71 -4983.21 -1331.29 129696
16900 360525 364457 159874 571418 558670 240301 -98999.4 95700.8 124031 3039.54 1731.92 96491.7 -120528 -2647.92 -3560.97 1834.9 596.389 -1071.84 -5283.09 -1383.68 129728
17000 360419 364393 159846 571255 558379 240275 -98906.6 95693.3 124044 2588.72 1660.74 96438 -120521 -2325.79 -3603.38 1845.3 550.773 -1127.17 -5510.37 -1309.11 129642
17100 360390 364283 159857 571044 558233 240223 -98763.3 95735.4 123869 2125.68 1610.37 96415.7 -120255 -1941.88 -3619.3 1831.08 606.752 -1119.89 -5478.87 -1014.89 129571
17200 360324 364091 159895 570511 558118 240025 -98645.9 95778.9 123632 1646.94 1573.11 96369.8 -119988 -1583.5 -3570.37 1882.45 622.593 -1029.75 -5271.19 -737.674 129487
17300 360170 363911 159893 570384 558123 240066 -98508.9 95802.7 123342 1213.89 1398.08 96297.7 -119471 -1236.44 -3295.05 2069.34 605.572 -941.943 -4897.25 -680.67 129772
17400 359878 363882 159907 570917 557747 240442 -98278.8 95757.1 123357 717.34 1308.31 96354.1 -119394 -971.058 -3133.86 2133.64 545.156 -926.002 -4905.08 -724.124 129848
17500 359697 363768 159684 571634 557787 240880 -98095.4 95706.5 123284 129.101 1198.44 96377 -118890 -583.356 -3053.39 2347.76 485.006 -959.682 -5098.8 -654.053 130330
17600 359600 363618 159676 571615 557772 240961 -97971.2 95704.3 123197 -543.241 989.302 96346.7 -118696 -193.425 -2852.24 2436.32 366.76 -968.985 -5126.72 -694.848 130539
17700 359597 363571 159700 571627 557845 241010 -97886.6 95760.6 123094 -1098.46 890.622 96321.1 -118496 39.9936 -2776.07 2499.26 221.725 -993.096 -5175.27 -879.063 130600
17800 359533 363646 159735 572188 557689 241191 -97851.5 95770.4 123140 -1230.27 878.825 96360.4 -118422 157.573 -2721.36 2558.2 216.678 -973.085 -5020.68 -765.368 130657
17900 359825 363604 159732 572637 558060 241271 -98117.8 95737.1 123338 -1376.62 917.356 96368.5 -118661 158.397 -2726.23 2501.82 210.486 -896.535 -4971.54 -1024.93 130715
18000 359926 363962 159756 573286 558131 241252 -98335.2 95669.8 123577 -1527.12 865.114 96445.4 -119256 224.004 -2642.08 2384.28 90.4646 -919.262 -4994.55 -1292.41 130533
18100 359884 364038 159811 573442 557658 241202 -98315.7 95652.9 123669 -1980.27 817.212 96526.4 -119531 544.848 -2701.46 2303.24 42.059 -965.024 -5381.66 -1338.98 130302
18200 359925 364066 159822 573295 557523 241253 -98329.2 95657.5 123696 -2451.22 735.144 96517.7 -119604 804.773 -2758.1 2299.15 -62.6255 -1014.44 -5536.34 -1335.12 130302
18300 359985 364170 159846 573561 557743 241468 -98382.4 95666.9 123716 -2783.72 587.95 96515.3 -119595 1002.52 -2599.59 2377.79 -80.218 -974.891 -5380.13 -1450.44 130483
18400 359809 364037 159871 573584 557344 241537 -98206.5 95658.4 123598 -3065.88 513.288 96536.2 -119415 1217.15 -2584.67 2435.77 -110.382 -956.772 -5118.88 -1168.88 130527
18500 359641 363896 159888 573224 556946 241441 -98084.9 95678.6 123540 -3127.75 411.684 96501.2 -119366 1325.36 -2425.67 2422.18 -137.769 -943.645 -4829.59 -1051.78 130468
18600 359501 363728 159695 572933 556655 241492 -97915 95675.9 123428 -3245.57 397.669 96455.2 -119130 1367.7 -2505.76 2474.9 19.5368 -982.283 -5169.93 -1321.42 130503
18700 359472 363702 159730 572617 556430 241311 -97865.4 95708.5 123382 -3064.92 441.06 96457.6 -119175 1320.85 -2581.95 2426.37 68.3262 -988.103 -5290.61 -1308.52 130353
18800 359546 363754 159732 572356 556311 241075 -97917.8 95693.9 123357 -2720.88 515.637 96454.9 -119172 1088.83 -2625.49 2419.6 82.7261 -993.94 -5429.62 -1448.96 130235
18900 359256 363759 159755 572503 556164 241065 -97852.1 95684.3 123348 -3016.74 673.149 96487.8 -119143 1291.96 -2502.37 2493.28 109.539 -969.923 -5425.84 -1437.14 130200
19000 359098 363765 159775 572481 555947 241173 -97724.4 95697 123268 -3423.15 422.624 96497.6 -119052 1520.14 -2129.43 2544.84 2.6313 -972.642 -5170.94 -1412.25 130263
19100 358919 363562 159783 572577 555739 241372 -97530.3 95744.4 123246 -3743.93 200.768 96455.9 -118861 1706.23 -1762.48 2647.19 -119.911 -960.756 -4757.31 -1409.68 130494
19200 358673 363503 159813 572475 555586 241437 -97593.3 95788.7 123166 -4003.98 -64.9906 96436.1 -118540 1794.36 -1452.02 2727.17 -145.488 -927.95 -4234.82 -1204.44 130597
19300 358622 363450 159837 572265 555275 241357 -97480.1 95799.4 123043 -4417.36 -140.939 96466.4 -118391 2050.06 -1285.04 2737.85 -189.637 -873.526 -3915.22 -1109.45 130553
19400 358297 362981 159871 572365 554868 241444 -97234.8 95790.1 122983 -4561.44 -179.359 96473.9 -118208 2166.21 -1190.98 2855.37 -177.115 -818.609 -3609.35 -1047.59 130640
19500 358162 362939 159883 572675 554556 241556 -97110.1 95747.5 123001 -4968.59 -380.336 96535.9 -118156 2334.37 -994.558 2886.11 -272.023 -836.731 -3562.41 -1281.66 130722
19600 358330 362971 159912 572882 554944 241758 -97123.7 95825.3 122964 -5008.28 -498.095 96524.6 -118001 2173.93 -879.284 2959.97 -369.197 -854.873 -3673.62 -1876.76 130991
19700 358510 362802 159918 572946 555308 241863 -97222.9 95889.8 122989 -5290.06 -595.729 96461.5 -117908 2245.66 -750.9 3047.64 -535.012 -893.768 -3762.47 -2317.94 131219
19800 358535 362859 159830 572898 555664 241795 -97325.6 95817.4 123008 -5599.18 -642.772 96374.7 -118037 2497.56 -803.245 2981.34 -549.092 -971.904 -4349.7 -2612.11 131134
19900 358412 362823 159866 572420 555247 241570 -97193.5 95840.5 122970 -5756.62 -691.033 96401.3 -118200 2580.47 -819.122 2914.51 -587.163 -1007.8 -4490.36 -2593.16 130794
20000 358466 362845 159880 572146 555138 241401 -97209.6 95845.5 123041 -5466.58 -725.269 96415 -118438 2365.2 -712.685 2816.43 -593.149 -988.144 -4381.41 -2663.39 130569
20100 358476 362839 159885 572061 555078 241294 -97190.7 95830.5 123006 -5065.57 -635.141 96441.8 -118399 2139.47 -798.826 2789.89 -547.342 -1008.65 -4420.14 -2613.9 130622
20200 358292 362786 159887 572198 554852 241335 -97087.2 95792.1 123078 -4747.14 -525.942 96470.7 -118432 1891.37 -851.278 2765.9 -518.932 -986.757 -4283.59 -2531.74 130617
20300 358183 362621 159899 571863 554592 241267 -96941.1 95818.6 123054 -4603.08 -400.585 96453.5 -118396 1887.15 -982.42 2762.33 -447.587 -974.403 -4262.64 -2202.32 130582
20400 358104 362579 159904 571530 554539 241112 -96946 95841.7 123093 -4540.84 -343.436 96437.6 -118469 1858.67 -999.847 2729.33 -435.246 -934.992 -4191.22 -2151.29 130520
20500 358088 362444 159897 571188 554306 241027 -96845.5 95858.8 122966 -4641.81 -324.971 96427.5 -118212 1931.16 -983.791 2737.53 -377.712 -889.726 -4127.16 -2018.2 130546
20600 358117 362218 159915 570715 554411 240883 -96748 95892.1 122757 -4692.72 -305.361 96394 -117810 2043.76 -989.254 2807.5 -358.729 -891.659 -4145.63 -1901.13 130725
20700 358170 362169 159939 570404 554683 240834 -96741.2 95931.1 122629 -4432.6 -350.136 96383.6 -117637 1894.07 -922.854 2864.37 -288.146 -881.604 -4098.09 -1914.53 130894
20800 358223 362317 159986 570662 554849 240768 -96837.6 95889 122704 -3820.68 -161.974 96454.1 -117803 1459.63 -1040.41 2753.3 -141.596 -859.067 -4093.21 -1783.54 130857
20900 358395 362478 159877 570774 555102 240652 -96987.8 95790.2 122796 -3308.77 -44.8766 96444.9 -118129 1146.37 -1132.67 2619.08 -63.1346 -833.311 -4177.84 -1728.45 130612
21000 358676 362596 159877 570726 555483 240614 -97168.9 95814.8 122853 -2761.83 52.6606 96416.2 -118354 869.986 -1124.93 2541.64 75.373 -781.472 -3958.12 -1533.35 130531
21100 358808 362568 159897 570546 555759 240580 -97195.5 95844.9 122833 -2735.19 82.1904 96426.2 -118342 935.531 -1139.55 2515.5 129.602 -766.474 -3899.71 -1379.19 130622
21200 358822 362605 159906 570835 555712 240694 -97195.2 95861.7 122863 -2687.86 196.634 96429 -118351 955.714 -1253.36 2543.32 125.542 -765.212 -3957.61 -1242 130652
21300 358813 362645 159935 570859 555427 240583 -97213.3 95845.6 122929 -2714 231.057 96459.3 -118575 1025.37 -1353 2483.99 95.8598 -814.549 -4171.58 -1216.03 130406
21400 359009 362619 159961 570833 555620 240529 -97302.5 95891.1 122976 -2275.45 229.492 96422.4 -118642 618.603 -1316.76 2504.06 112.253 -778.903 -3980.44 -1577.33 130375
21500 359053 362731 159975 570844 555800 240482 -97370.5 95874.1 123079 -2065.69 97.6289 96456.2 -118841 356.6 -1030.36 2441.16 73.8231 -709.174 -3471.77 -1805.65 130267
21600 359042 362679 159989 570907 556055 240756 -97319.5 95879.6 123035 -2236.56 68.1703 96458.2 -118585 464.507 -882.226 2516.59 84.4515 -641.4 -3127.56 -1589.8 130618
21700 359051 362514 159987 570940 556359 240980 -97204.9 95946 122930 -2219.07 57.5094 96403 -118169 506.702 -859.235 2646.85 122.872 -628.084 -2995.53 -1461.99 131067
21800 359167 362590 159985 570864 556487 241024 -97277.7 95987.5 122787 -2379.8 63.7296 96358.6 -117917 588.761 -917.05 2684.52 70.0413 -654.457 -3202.21 -1536.65 131240
21900 359160 362507 159825 570710 556485 241034 -97217.8 95979.3 122637 -2331.75 69.3979 96320.3 -117670 539.345 -948.062 2717.04 39.3384 -646.893 -3206.43 -1579.59 131325
22000 359284 362576 159837 570879 556784 241089 -97294.7 95998 122571 -2026.71 134.662 96316.2 -117496 270.591 -991.45 2760.04 71.4169 -631.413 -3196.88 -1626.93 131502
22100 359202 362607 159845 570955 556574 241133 -97262.1 95967.3 122568 -2111.63 190.909 96358 -117560 405.261 -1034.05 2717.3 99.3557 -622.567 -3319.18 -1575.94 131451
22200 359171 362526 159748 570927 556756 241243 -97258.6 95964.2 122509 -2337.19 57.6925 96248 -117483 535.299 -879.722 2698.52 99.5821 -637.365 -3234.07 -1670.91 131517
22300 359310 362570 159761 570914 557085 241334 -97323 96002.3 122538 -2632.85 54.7707 96225.4 -117280 765.824 -902.457 2787.9 23.2462 -635.525 -3357.73 -1658.47 131740
22400 359262 362541 159763 570978 557084 241426 -97270.3 95988.3 122441 -2697.49 61.4586 96238 -117006 855.528 -882.511 2856.87 69.1097 -608.504 -3247.98 -1443.18 131891
22500 359251 362580 159772 570975 557277 241454 -97284.4 96008.3 122385 -2849.65 150.139 96217.5 -116842 1047.25 -927.74 2877.17 66.9005 -583.771 -3220 -1259.99 132040
22600 359322 362599 159787 571039 557357 241459 -97326.3 95999.9 122451 -2919.4 140.983 96223.7 -116908 1060.68 -912.432 2803.89 45.3812 -580.642 -3262.7 -1402.42 132013
22700 359423 362647 159808 571045 557512 241475 -97394.3 96039.7 122550 -3447.01 40.2004 96193.2 -116975 1330.51 -918.143 2804.16 -82.468 -606.716 -3454.28 -1580.07 132008
22800 359577 362736 159829 571156 557741 241505 -97502.9 96054.8 122646 -3794.35 -86.4058 96191.5 -117134 1429.52 -827.796 2735.94 -229.468 -618.264 -3535.08 -1814.77 131960
22900 359636 362821 159710 571229 557600 241455 -97598.8 96003.8 122695 -3838.26 -145.715 96199.6 -117307 1399.19 -753.972 2772.97 -187.552 -705.708 -3444.67 -1998.27 131919
23000 359795 362860 159727 571140 557558 241296 -97786.1 95999.3 122735 -3747.21 -144.999 96213 -117541 1298.49 -517.704 2711.26 -228.122 -672.992 -3441.34 -2319.96 131793
23100 359924 362904 159763 571081 557800 241248 -97843.4 95988.6 122688 -3203.45 -35.5451 96243.7 -117470 994.477 -638.849 2673.79 -223.192 -692.327 -3604.25 -2498.92 131782
23200 360022 362950 159774 571114 557884 241299 -97907.1 95986.1 122733 -3081.53 -9.61853 96238.9 -117609 913.333 -713.864 2639.03 -195.825 -758.887 -3734.38 -2527.05 131783
23300 360136 363008 159773 570868 557985 241119 -97994.1 95979.2 122834 -3176.26 -24.5735 96224.8 -117900 889.188 -678.776 2515.54 -226.904 -760.566 -3716.44 -2651.63 131567
23400 360417 363245 159792 570855 558026 240851 -98235.8 95936.7 123098 -3121.53 -55.0182 96282.3 -118545 783.266 -558.064 2253.93 -239.687 -730.411 -3474.1 -2721.43 131188
23500 360368 363354 159713 570839 557650 240597 -98390.3 95800.5 123292 -3027.12 25.6329 96302.8 -118833 536.015 -502.921 2192.17 -337.05 -634.04 -3307.83 -2925.58 130924
23600 360447 363548 159715 570964 557483 240498 -98512.5 95742.9 123498 -3299.45 -122.55 96350.2 -119246 576.131 -388.749 2062.39 -448.821 -642.103 -3348.36 -3428.44 130722
23700 360627 363750 159724 571161 557590 240548 -98665.4 95745.1 123676 -3267.97 -173.508 96359.3 -119450 432.778 -406.591 2050.28 -530.348 -677.208 -3447.05 -3774.03 130703
23800 360511 363911 159725 571542 557691 240643 -98774.6 95713 123873 -3203.15 -150.179 96377.2 -119669 315.436 -464.02 2022.33 -547.65 -705.443 -3424.87 -3820.32 130807
23900 360462 363905 159740 571789 557705 240737 -98742.4 95702.6 123903 -3148.61 -149.502 96388.9 -119661 220.221 -494.559 2035.39 -516.663 -704.295 -3492.57 -3949.35 130897
24000 360382 363822 159742 571948 557708 240840 -98642.1 95703.8 123859 -3085.3 -86.8583 96393.1 -119559 281.994 -531.533 2036.8 -477.347 -687.648 -3389.84 -3822.69 130981
24100 360322 363938 159747 572103 557634 240855 -98673.3 95685.3 123953 -3260.9 -147.183 96411.9 -119703 401.097 -440.964 2002.96 -495.036 -672.056 -3303 -3755.61 130905
24200 360346 364090 159786 572391 557766 240947 -98751 95684 124045 -3015.76 -178.287 96444.4 -119799 260.046 -337.774 2003.41 -424.83 -650.167 -3154.02 -3693.81 130965
24300 360384 364164 159796 572473 557776 240879 -98791.6 95668 124071 -2879.61 -144.027 96454.4 -119925 284.859 -358.939 1949.34 -320.334 -647.619 -3224.76 -3480.05 130855
24400 360575 364300 159798 572565 558183 240905 -98941.6 95679.3 124202 -2391.14 57.8413 96427.6 -120206 6.50162 -641.156 1872.45 -240.973 -661.034 -3466.35 -3357.49 130850
24500 360665 364457 159804 572608 558254 240872 -99041.8 95688.9 124314 -2035.08 88.0191 96434.2 -120538 -225.274 -701.839 1812.77 -199.328 -684.066 -3494.13 -3342.99 130622
24600 360777 364619 159809 572543 558301 240862 -99143.1 95696.6 124362 -1944.15 116.588 96426 -120715 -295.67 -718.161 1778.68 -216.371 -699.284 -3471.76 -3393.67 130509
24700 360983 364778 159824 572768 558685 240897 -99299.2 95707.3 124425 -1817.18 146.839 96421.4 -120834 -443.998 -768.431 1752.2 -229.051 -715.341 -3512.14 -3483.84 130529
24800 361246 364979 159859 572950 559055 240911 -99467.9 95704.8 124554 -1771.22 164.788 96484.2 -121093 -454.747 -827.695 1626.48 -202.899 -736.263 -3662.49 -3382.8 130485
24900 361351 365025 159881 572752 559229 240867 -99509.5 95733.3 124504 -1708.85 252.968 96483.2 -121106 -435.081 -923.967 1552.39 -203.405 -739.455 -3788.1 -3323.71 130391
25000 361489 364993 159878 572558 559446 240801 -99573.9 95719.1 124547 -2016.25 219.379 96461.6 -121077 -189.542 -824.264 1543.41 -270.271 -744.758 -3852.38 -3247.92 130410
25100 361699 365053 159898 572433 559686 240647 -99710.7 95726.1 124670 -2362.82 228.942 96467 -121295 124.04 -829.933 1474.71 -273.674 -746.839 -3927.51 -3016.1 130276
25200 361763 365165 159793 572343 559501 240518 -99748 95737.7 124740 -2409.28 188.674 96450.5 -121558 180.556 -856.481 1410.66 -244.782 -751.046 -3932.19 -2888.46 130053
25300 361757 365116 159809 572084 559539 240505 -99705.8 95768.6 124596 -2679.31 184.045 96432.1 -121340 457.14 -865.079 1491.14 -256.667 -752.906 -3888.22 -2666.54 130168
25400 361597 365031 159831 572078 559402 240551 -99565.6 95786.1 124598 -3001.41 120.879 96439.9 -121193 571.614 -806.785 1578.03 -377.352 -760.367 -3971.65 -2851.05 130273
25500 361447 364551 159771 571902 559344 240523 -99499.8 95816 124475 -3206.24 -46.1003 96324.7 -121055 606.057 -725.195 1575.57 -494.83 -772.645 -4046.42 -3208 130380
25600 361350 364492 159789 572135 559307 240645 -99427.1 95800.1 124381 -3364.06 -111.433 96348 -120892 593.87 -601.295 1585.82 -613.383 -737.424 -3904.31 -3490.9 130501
25700 361241 364420 159805 572132 559208 240744 -99320 95812.3 124264 -3257.02 -103.495 96355.5 -120607 484.721 -655.314 1636.82 -631.211 -748.663 -3875.35 -3531.68 130662
25800 360942 364235 159842 572217 558724 240858 -99049.6 95794.4 124108 -3175.62 -141.577 96414.2 -120347 359.542 -713.428 1672.67 -656.444 -785.847 -4028.27 -3717.85 130672
25900 360719 364171 159852 572456 558543 240959 -98909.7 95761.4 124022 -3272.07 -198.563 96447.4 -120148 401.758 -656.94 1743.54 -699.961 -806.443 -4125.89 -3847.87 130811
26000 360462 364098 159868 572752 558108 241015 -98755.6 95710.5 123977 -3440.48 -258.089 96508.9 -120064 424.699 -627.676 1762.86 -750.356 -804.953 -4218.96 -4044.34 130829
26100 360199 363870 159886 572629 557535 240967 -98505.9 95699.3 123820 -3249.21 -158.547 96538.1 -119772 351.98 -693.178 1875.78 -717.869 -804.907 -4310.35 -4004.89 130854
26200 360023 363737 159901 572509 557338 240975 -98346.2 95716.5 123711 -2931.6 -40.9741 96538.5 -119557 219.392 -813.647 1955.71 -615.75 -784.502 -4334.91 -3870.57 130948
26300 359875 363768 159908 572649 557023 240964 -98278.2 95677.2 123757 -2764.2 61.9406 96581.8 -119726 134.87 -927.273 1849.03 -574.607 -805.521 -4411.83 -3802.54 130863
26400 359777 363725 159928 572445 556804 240943 -98170.4 95687.6 123673 -2666.16 82.1648 96602.4 -119558 28.8668 -889.076 1894.66 -587.371 -797.317 -4355.94 -3822.61 130886
26500 359568 363619 159934 572605 556480 241025 -97998.7 95660.8 123728 -2767.78 -19.9956 96630.3 -119579 28.594 -712.264 1884.82 -663.755 -770.187 -4039.98 -3953.35 130842
26600 359532 363584 159927 572604 556431 241096 -97966.4 95657.1 123755 -2726.41 -127.344 96624.5 -119478 12.6702 -550.278 1932.03 -681.098 -767.069 -3862.86 -4030.62 130918
26700 359652 363605 159937 572391 556593 241057 -98023.1 95688.2 123667 -2349.58 -95.2009 96606.9 -119355 -262.653 -530.676 1978.66 -646.357 -757.676 -3788.93 -4168.93 130960
26800 359809 363597 159946 572027 556709 240883 -98121.9 95696.7 123680 -2216.51 -54.7202 96584.8 -119398 -293.176 -574.14 1968.31 -588.063 -741.428 -3816.54 -4077.53 130900
26900 359911 363680 159877 571788 556945 240764 -98280.2 95602.8 123729 -2261.48 -181.364 96572 -119578 -242.423 -400.637 1884.8 -538.327 -708.146 -3631.18 -4078.6 130878
27000 359999 363859 159902 571966 557096 240692 -98392 95596.2 123838 -2536.21 -138.466 96606.5 -119926 25.5739 -482.977 1767.85 -554.038 -715.391 -3767.38 -3789.99 130668
27100 360149 364053 159915 571971 557423 240653 -98537.7 95615.2 123967 -2511.42 -101.964 96594.9 -120258 75.1179 -504.291 1710.41 -507.304 -711.599 -3726.84 -3597.55 130557
27200 360262 364180 159916 571956 557367 240534 -98659.4 95617.2 124089 -2713.99 -101.593 96589.6 -120527 228.989 -478.553 1659.46 -520.719 -697.045 -3658.29 -3463.35 130349
27300 360468 364325 159824 572058 557594 240405 -98826.1 95628.3 124226 -2699.66 -108.233 96567.5 -120773 203.331 -450.477 1594.5 -516.117 -682.02 -3639.29 -3564.28 130161
27400 360726 364387 159841 571962 558051 240330 -98982.9 95674.8 124283 -2819.91 -165.302 96539.7 -120793 259.212 -387.084 1603.46 -549.6 -689.013 -3579.36 -3662.88 130242
27500 360684 364309 159771 571856 558013 240313 -98956.3 95673.6 124251 -2949.5 -201.707 96457.2 -120849 319.109 -333.508 1519.39 -576.112 -703.913 -3522.36 -3611.25 130191
27600 360604 364331 159784 572006 557865 240373 -98886.2 95674.3 124249 -2832.98 -229.527 96482.1 -120815 272.37 -332.688 1532.43 -579.887 -725.761 -3469.58 -3600.94 130232
27700 360521 364216 159662 572080 557830 240447 -98863.3 95658.8 124192 -2680.34 -181.762 96492 -120720 171.154 -458.031 1539.09 -587.139 -756.934 -3569.81 -3560.42 130304
27800 360367 364122 159654 572228 557632 240550 -98749.2 95643 124180 -2671.68 -162.62 96490.3 -120634 256.04 -468.11 1599.7 -558.044 -753.677 -3486.68 -3242.57 130407
27900 360332 364164 159660 572358 557728 240662 -98741.8 95645.7 124181 -2536.02 -198.866 96496.9 -120599 146.307 -406.325 1662.4 -558.169 -748.21 -3427.56 -3174.08 130524
28000 360330 364151 159672 572454 557778 240765 -98714.9 95651.9 124071 -2347.43 -204.582 96502 -120441 -97.5737 -440.718 1699.68 -549.618 -748.453 -3586.75 -3458.57 130657
28100 360307 364191 159548 572536 557617 240776 -98702.5 95607.8 124111 -2211.83 -203.857 96526.7 -120425 -239.956 -480.262 1726.33 -527.192 -736.289 -3674.87 -3669.63 130666
28200 360222 364117 159563 572356 557350 240712 -98617.2 95617.9 124095 -2100.68 -185.834 96521.5 -120411 -406.618 -549.711 1733.5 -555.569 -747.753 -3780.2 -3878.8 130648
28300 360064 363814 159566 572304 556975 240725 -98453.5 95609.2 124056 -2078.56 -183.595 96535.3 -120325 -514.336 -620.35 1737.88 -574.188 -769.692 -3909.92 -4054.94 130638
28400 359975 363843 159591 572374 556694 240682 -98420.8 95587.2 124076 -2079.06 -176.317 96567.7 -120371 -541.326 -687.753 1692.58 -562.179 -794.966 -4025.12 -4123.69 130549
28500 359860 363781 159601 572150 556176 240526 -98313 95551.9 124107 -2031.54 -166.728 96615.5 -120449 -595.575 -756.734 1601.6 -559.267 -791.781 -4115.42 -4140.44 130340
28600 359838 363750 159617 572250 556072 240521 -98286.2 95531.9 124163 -1604.02 -115.783 96634.8 -120505 -904.657 -813.6 1587.72 -542.342 -799.012 -4146.86 -4308.88 130327
28700 359794 363742 159625 572344 555887 240493 -98254.8 95508.7 124249 -1326.99 -24.9847 96663 -120632 -1022.52 -899.346 1569.98 -508.932 -820.476 -4209.43 -4241.45 130279
28800 359736 363892 159660 572497 556024 240436 -98498.6 95510.6 124324 -1142.27 232.657 96699.2 -120780 -900.099 -1013.61 1553.07 -445.637 -816.732 -4336.23 -3971.81 130273
28900 359924 363735 159680 572437 556269 240503 -98559.3 95558.4 124297 -1472.99 262.202 96676.4 -120604 -613.821 -1117.54 1647.57 -443.361 -811.083 -4435.94 -3658.13 130493
29000 360186 363824 159705 572342 556515 240464 -98717.6 95618.5 124336 -1799.57 290.499 96635.8 -120601 -291.371 -1132.69 1666.28 -496.474 -813.07 -4423.66 -3368.65 130511
29100 360428 363889 159735 572209 556526 240339 -98838.5 95653 124394 -1813.31 233.519 96641.9 -120673 -291.191 -1062.94 1664.84 -546.483 -831.643 -4396.88 -3402.4 130483
29200 360540 363866 159748 572128 556644 240170 -99030.9 95686.6 124418 -1902.8 118.93 96611.8 -120827 -238.627 -1169.41 1596.64 -579.243 -878.79 -4547.13 -3451.18 130275
29300 360599 363875 159631 571875 556808 240063 -99076.4 95707.2 124378 -2260.29 60.6526 96547.8 -120856 17.2564 -1162.96 1459.32 -625.352 -896.202 -4591.08 -3392.88 130247
29400 360654 363969 159664 572097 557030 240121 -99128.6 95724.1 124412 -2451.54 89.9469 96545.5 -120949 221.686 -1202.79 1469.19 -610.305 -890.682 -4631.02 -3232.61 130234
29500 360870 364060 159678 571887 557302 240024 -99261 95758.3 124464 -2984.51 -39.7102 96534.3 -121094 522.66 -1095.99 1418.59 -736.144 -915.231 -4658.51 -3366.05 130148
29600 361076 364139 159637 571911 557607 240005 -99396.4 95723.8 124572 -3472.37 -126.342 96528.3 -121210 733.39 -1057.36 1358.23 -889.659 -932.299 -4781.47 -3518.08 130127
29700 361080 364104 159645 571960 557577 239945 -99389.6 95697.6 124614 -3777.96 -138.958 96546.4 -121239 870.773 -1112.22 1315.95 -975.409 -959.163 -4981.52 -3651.32 130065
29800 360979 364074 159652 571848 557429 239922 -99342.7 95695.2 124550 -3933.35 -115.464 96532.5 -121209 1004.07 -1202.29 1347.39 -1018.8 -988.081 -5197.71 -3668.67 130028
29900 360853 364038 159663 572047 557469 240092 -99251.2 95700.3 124435 -4045.52 -80.7393 96539.5 -120982 1123.48 -1235.66 1419.4 -1038.39 -996.858 -5355.89 -3737.02 130224
30000 360910 364006 159676 572078 557617 240141 -99264.5 95713.9 124408 -4006.29 -4.89618 96527.7 -120882 1079.39 -1314.43 1482.49 -1054.73 -1030.42 -5626.33 -3835.6 130356
30100 361038 364065 159705 571958 557929 240066 -99357.8 95721.5 124380 -3906.19 118.53 96534 -120806 1073.34 -1471.01 1503.08 -990.078 -1046.06 -5776.55 -3653.43 130429
30200 361236 364222 159723 572031 558114 240062 -99495.3 95746.6 124515 -3831.81 202.638 96537.7 -121017 1075.87 -1550.46 1437.28 -995.847 -1043.95 -5843.57 -3533.95 130396
30300 361285 364173 159727 571765 558221 240066 -99494.6 95776.3 124435 -4036.66 154.071 96510.1 -120863 1215.54 -1526.61 1471.85 -1038.12 -1058.85 -5913.09 -3551.15 130499
30400 361227 364226 159730 571869 558185 240059 -99504.5 95747.7 124413 -4186.75 52.7953 96536 -120764 1371.16 -1347.36 1509.45 -1052.8 -1044.57 -5692.82 -3466.08 130542
30500 361116 364175 159753 571873 558053 240068 -99420.3 95758.2 124350 -4347.68 44.9393 96548.3 -120640 1485.14 -1380.26 1565.26 -1092.01 -1074.88 -5764.85 -3426.09 130610
30600 361112 364158 159774 571835 558135 240117 -99405.9 95776.9 124265 -4236.88 87.3876 96547.1 -120495 1544.74 -1386.39 1594.55 -1024.29 -1052.77 -5650.98 -3170.72 130713
30700 361171 364086 159779 571703 558282 240082 -99412.6 95797.4 124238 -3964.22 129.666 96520.9 -120427 1415.31 -1425.49 1593.19 -961.127 -1049.87 -5673.42 -3119.15 130750
30800 361323 364100 159790 571513 558410 239998 -99482.4 95798.5 124273 -3839.77 202.404 96524.3 -120505 1382.08 -1559.81 1555.16 -906.096 -1059.89 -5850.82 -2958.12 130682
30900 361346 364128 159798 571479 558267 239936 -99489.1 95788.5 124274 -3695.69 218.909 96539.7 -120560 1320.7 -1593.74 1537.15 -866.748 -1062.93 -5889.73 -2877.78 130590
31000 361352 364108 159808 571233 558370 239848 -99494.6 95808.9 124251 -3561.11 315.933 96517.2 -120574 1269.45 -1726.71 1501.05 -850.945 -1079.06 -6082.89 -2865.07 130593
31100 361567 364118 159741 571062 558595 239724 -99651.7 95819.8 124354 -3480.08 330.415 96415.5 -120899 1185.73 -1741.2 1369.59 -867.161 -1079.66 -6177.78 -3025.98 130475
31200 361706 364167 159743 570867 558598 239627 -99735.3 95830.9 124397 -3522.61 297.815 96399.5 -121020 1197.16 -1705.95 1338.96 -924.33 -1095.58 -6213.45 -3106.27 130372
31300 362000 364281 159763 570638 558927 239521 -99900.1 95871.8 124385 -3737.02 260.436 96392.4 -121040 1305.94 -1660.81 1310.53 -990.4 -1090.59 -6229.87 -3149.24 130326
31400 362223 364359 159768 570510 559367 239479 -100065 95902.8 124438 -4101.4 153.671 96349.1 -121087 1551.1 -1576.66 1323.53 -1078.21 -1103.62 -6300.3 -3175.2 130451
31500 362415 364413 159762 570369 559807 239504 -100173 95928.6 124402 -4496.9 13.283 96318.3 -120990 1765.31 -1484.2 1336.86 -1171.02 -1123.14 -6358.83 -3332.04 130583
31600 362727 364558 159769 570311 560113 239415 -100367 95955.9 124468 -4749.48 -91.0601 96303.7 -121135 1863.51 -1401.8 1330.2 -1221.5 -1155.85 -6386.03 -3493.53 130562
31700 362775 364702 159771 570512 560049 239412 -100451 95927.6 124604 -5095.9 -172.064 96331.3 -121382 2053.04 -1398.75 1282.24 -1298.52 -1198.57 -6672.63 -3715.27 130471
31800 362728 364770 159780 570741 560054 239434 -100479 95907.7 124716 -5328.81 -260.333 96339.5 -121578 2143.61 -1407.59 1260.12 -1363.04 -1254.92 -6913.22 -3957.16 130417
31900 362593 364669 159794 570557 559919 239317 -100463 95914 124626 -5500.77 -327.085 96356.8 -121561 2210.7 -1480.38 1254.04 -1364.77 -1271.29 -6955.38 -3868.34 130372
32000 362530 364640 159802 570650 559942 239306 -100434 95906.9 124659 -5597.76 -314.486 96356.6 -121628 2325.53 -1491.78 1229.97 -1370.35 -1281.66 -7056.29 -3744.79 130310
32100 362563 364589 159801 570598 559915 239330 -100440 95904.3 124682 -5523.43 -267.043 96343.1 -121645 2327.03 -1569.61 1219 -1343.16 -1297.71 -7072.63 -3527.6 130354
32200 362561 364566 159807 570420 559717 239257 -100397 95929.5 124659 -5391.92 -230.763 96336.3 -121674 2256.13 -1652.27 1192.73 -1297.72 -1300.96 -7087.97 -3436.73 130239
32300 362522 364554 159818 570287 559568 239198 -100356 95947 124642 -5314.54 -247.01 96334.3 -121665 2194.37 -1576.93 1229.72 -1290.1 -1271.08 -6926.2 -3378.99 130192
32400 362336 364381 159814 570327 559249 239234 -100246 95916.7 124606 -5353.98 -256.944 96346.5 -121651 2246.42 -1548.63 1249.05 -1326.46 -1277.33 -6820.11 -3338.4 130177
32500 362227 364231 159827 570118 559088 239202 -100111 95950.9 124500 -5190.44 -239.173 96319.7 -121489 2114.88 -1551.83 1293.98 -1289.86 -1270.04 -6822.35 -3407.4 130209
32600 362097 364140 159845 570150 558949 239247 -99995.9 95946.1 124349 -5009.86 -176.741 96333.9 -121222 1993.51 -1585.31 1351.88 -1242.36 -1260.31 -6792.11 -3399.43 130323
32700 361972 364073 159740 570371 558965 239420 -99897 95939.8 124333 -4965.12 -204.006 96311.3 -121091 1889.8 -1559.68 1406.62 -1247.63 -1230.67 -6733.51 -3541.03 130493
32800 361981 364039 159756 570289 559179 239404 -99900.6 95960.5 124207 -5053.45 -265.648 96286.5 -120882 1869.7 -1525.47 1491.09 -1298.18 -1254.74 -6827.46 -3780.5 130646
32900 361926 364032 159767 570245 559140 239434 -99851.6 95961.7 124201 -5002.04 -304.209 96290.5 -120934 1774.38 -1464.46 1462.01 -1337.25 -1255.69 -6752.87 -3872.25 130665
33000 361911 363801 159700 570240 559301 239560 -99823.1 95941.4 124133 -4686.6 -261.67 96246.2 -120602 1549.72 -1403.72 1609.68 -1368.44 -1193.76 -6659.16 -3935.18 130938
33100 361858 363772 159712 570214 559353 239724 -99763.9 95953.6 124062 -4278.61 -218.097 96252.4 -120363 1266.1 -1405.73 1683.41 -1307.15 -1177.03 -6591.35 -3955.26 131139
33200 361961 363751 159715 570053 559800 239768 -99800.7 95997.5 123967 -3535.29 -80.9874 96210.6 -120120 783.569 -1455.77 1746.6 -1149.37 -1117.19 -6324.18 -3881.38 131398
33300 362233 363716 159717 569548 560242 239692 -99920.2 96057.9 123912 -2968.27 63.2519 96136.1 -119995 454.431 -1478.72 1762.66 -1028.45 -1056.66 -6022.35 -3798.58 131557
33400 362384 363767 159722 569397 560665 239671 -100027 96079.9 123923 -2413.08 136.326 96111.1 -119961 87.1314 -1459.8 1759.67 -921.911 -999.019 -5661.31 -3695.23 131648
33500 362470 363813 159733 569261 560896 239611 -100088 96084.4 123914 -2173.28 181.054 96110.1 -119984 -33.522 -1452.95 1777.24 -832.886 -967.475 -5510.82 -3574 131707
33600 362480 363881 159730 569413 561048 239744 -100118 96057.6 123924 -1966.54 183.661 96106.4 -119919 -108.12 -1389.37 1776.81 -735.691 -932.35 -5330.37 -3360.58 131848
33700 362489 363828 159735 569365 561022 239751 -100081 96069.5 123930 -1870.54 200.568 96103.4 -119839 -130.926 -1336.68 1789.45 -672.336 -901.59 -5125.75 -3218.29 131857
33800 362600 363922 159752 569420 561239 239712 -100162 96076.7 123962 -1743.66 183.456 96117.3 -119946 -230.858 -1278.47 1742.8 -671.384 -901.007 -5039.85 -3240.93 131811
33900 362491 364006 159748 569698 561076 239721 -100156 96023.6 124016 -1693.41 156.047 96159.7 -120072 -277.704 -1193.52 1709.41 -674.396 -883.65 -4861.63 -3178.8 131719
34000 362451 363822 159689 569726 561131 239774 -100158 96022.9 124012 -1666.74 168.15 96106.4 -120165 -343.262 -1192.31 1607.45 -697.018 -873.696 -4779.23 -3195.91 131747
34100 362451 363813 159719 569732 561203 239828 -100137 96045.2 124021 -1828.78 135.474 96108.2 -120170 -226.482 -1153.3 1627.84 -699.457 -853.362 -4800.46 -3217.86 131757
34200 362578 363895 159714 569724 561286 239811 -100236 96034.1 124129 -1912.18 150.209 96108 -120375 -119.465 -1201.79 1561.09 -685.455 -842.445 -4881.98 -3056.27 131624
34300 362751 363934 159729 569613 561473 239768 -100318 96060.2 124142 -2113.37 81.4697 96097.6 -120405 -4.47419 -1166.88 1558.73 -714.467 -839.271 -4849.58 -3037.99 131545
34400 362712 363946 159752 569474 561274 239653 -100283 96070.8 124158 -2137.63 41.3495 96106 -120512 13.4967 -1060.38 1507.38 -716.858 -823.315 -4732.95 -3040.91 131348
34500 362684 363913 159768 569496 561179 239620 -100255 96057.6 124159 -2266.03 18.644 96122.8 -120515 66.134 -1042.81 1489.73 -754.506 -816.122 -4727.7 -3074.49 131304
34600 362701 363899 159784 569334 561318 239549 -100256 96070.3 124088 -2066.78 54.4434 96119.6 -120495 -55.3332 -1096.13 1460.26 -706.797 -824.876 -4743.83 -3078.23 131270
34700 362728 363947 159794 569289 561247 239513 -100271 96094.5 124153 -1811.21 150.032 96118.5 -120657 -201.387 -1264.27 1419.77 -636.059 -844.014 -4927.47 -3051.43 131101
34800 362770 363979 159808 569515 561316 239656 -100301 96076.5 124226 -1645.63 195.25 96142.7 -120745 -301.462 -1350.76 1435.77 -634.046 -880.352 -5079.29 -3169.66 131178
34900 362755 364028 159832 569673 561378 239725 -100302 96058.8 124261 -1558.85 175.689 96181 -120843 -425.358 -1334.33 1419.69 -673.594 -892.771 -5176.31 -3477.14 131178
35000 362750 363999 159852 569685 561256 239668 -100281 96049.2 124251 -1586.14 143.676 96204.2 -120770 -448.31 -1308.32 1445.62 -716.867 -892.888 -5195.99 -3637.65 131188
35100 362846 364053 159848 569706 561446 239677 -100357 96065.7 124264 -1568.57 126.944 96180.3 -120753 -504.655 -1311.49 1472.58 -751.453 -896.255 -5293.58 -3845.82 131262
35200 362917 364131 159848 569821 561589 239731 -100431 96059.6 124297 -1509.41 95.7135 96183.6 -120749 -596.594 -1274.09 1486.4 -782.594 -890.169 -5245.64 -4002.97 131359
35300 362973 364104 159864 569899 561741 239807 -100423 96098.9 124274 -1394.97 103.83 96162.3 -120622 -707.16 -1258.89 1541.94 -802.35 -904.511 -5190.46 -4121.31 131480
35400 362934 364005 159872 569681 561759 239778 -100353 96124.2 124223 -1268.09 66.5643 96144.4 -120476 -764.181 -1152.44 1581.5 -755.934 -886.365 -4945.84 -4079.62 131573
35500 362985 364040 159884 569702 561894 239727 -100394 96121.1 124236 -1544.94 -18.5068 96155.7 -120507 -608.111 -1088.45 1574.59 -807.377 -892.274 -4888.01 -4109.45 131593
35600 363096 364136 159896 569585 561988 239629 -100482 96130.2 124246 -1854.58 -158.708 96160.9 -120615 -433.552 -876.94 1542.42 -881.468 -889.475 -4691.2 -4166 131537
35700 363109 364165 159826 569599 561981 239628 -100555 96080.7 124279 -2062.35 -233.033 96168.8 -120572 -410.851 -647.952 1609.11 -1057.29 -786.201 -4344.59 -4267.33 131597
35800 362907 364144 159838 569728 561673 239690 -100430 96053.8 124205 -1980.53 -296.989 96204.7 -120398 -499.689 -526.456 1633.88 -1063.57 -767.733 -4185.57 -4345.53 131672
35900 362697 363985 159850 569737 561365 239759 -100232 96054.8 124088 -1743.65 -250.836 96218.5 -120163 -650.818 -527.719 1684.68 -1010.62 -725.904 -4097.17 -4414.03 131785
36000 362512 363789 159862 569467 560964 239662 -100049 96049 124012 -1458.32 -257.265 96232.2 -120051 -868.542 -508.817 1692.21 -969.069 -703.762 -3986.88 -4503.15 131735
36100 362445 363776 159867 569523 560815 239679 -100003 96033.7 124053 -1534.78 -280.151 96246 -120095 -832.461 -474.787 1666.17 -986.725 -699.3 -3960.68 -4573.72 131716
36200 362371 363682 159755 569565 560664 239704 -99913 96013.2 124048 -1746.88 -357.978 96238.6 -120041 -696.385 -355.836 1686.03 -1024.48 -698.259 -3871.18 -4563.11 131746
36300 362217 363555 159764 569545 560477 239752 -99775 96013.8 123973 -1757.58 -370.65 96234.7 -119892 -718.468 -352.709 1738.24 -1065.91 -712.303 -3872.4 -4626.7 131831
36400 362121 363433 159774 569438 560385 239847 -99658.9 96037.5 123913 -1697.45 -345.243 96212.8 -119661 -735.169 -364.461 1816.15 -1050.74 -723.955 -3869.43 -4578.81 132034
36500 362035 363374 159778 569296 560157 239837 -99577.1 96022.4 123807 -1668.32 -340.473 96228.8 -119509 -753.019 -335.005 1838.83 -1044.25 -719.446 -3886.87 -4584.82 132079
36600 362062 363315 159776 569223 560128 239808 -99555.3 96009.8 123750 -1656.53 -283.151 96236.1 -119417 -712.658 -410.443 1837.9 -1022.07 -740.111 -4076.7 -4539.54 132118
36700 362218 363406 159790 569115 560346 239738 -99670.8 96010.2 123800 -1719.47 -301.648 96234.3 -119564 -706.924 -456.726 1784.35 -1049.86 -745.56 -4232.37 -4724.51 132036
36800 362213 363298 159743 568758 560288 239591 -99659.8 96013.7 123776 -1836.27 -293.09 96166.7 -119676 -605.851 -440.518 1704.54 -1065.03 -740.306 -4201.96 -4692.51 131969
36900 362100 363128 159753 568528 560164 239589 -99519.2 96038.5 123685 -1886.22 -262.998 96149.2 -119419 -502.567 -442.66 1788.63 -1052.4 -746.896 -4200.86 -4555.87 132108
37000 361984 363055 159749 568207 560174 239447 -99483.8 96057.4 123580 -1869.18 -147.195 96120.7 -119253 -486.985 -406.202 1826.45 -1061.12 -745.703 -4214.45 -4556.45 132091
37100 361841 363062 159749 568172 559821 239396 -99406.9 96021.8 123580 -1860.61 -53.1233 96153.5 -119330 -411.448 -569.179 1768.94 -989.878 -762.667 -4404.05 -4318.89 131906
37200 361922 363173 159763 568146 559787 239293 -99489.9 96003.6 123667 -1719.05 34.1728 96183 -119524 -371.426 -632.545 1674.32 -894.487 -742.962 -4367.51 -3978.84 131737
37300 361859 363180 159779 568289 559688 239318 -99449.8 95994.6 123622 -1565.26 107.74 96210 -119444 -340.646 -685.449 1701.09 -808.286 -718.045 -4295.12 -3633.75 131749
37400 361911 363209 159795 568456 559896 239382 -99475 96009.7 123655 -1498.99 98.339 96208.3 -119446 -326.66 -705.746 1723.87 -784.556 -736.528 -4325.19 -3451.18 131790
37500 362130 363226 159808 568314 560300 239339 -99582 96048.9 123594 -1636.33 46.0576 96176.9 -119401 -211.712 -624.848 1715.9 -790.292 -727.699 -4265.98 -3361.98 131850
37600 362300 363318 159821 568238 560471 239302 -99681.8 96069.7 123598 -1918.36 35.1103 96172.2 -119451 4.63683 -665.36 1688.2 -819.488 -747.761 -4357.09 -3272.58 131845
37700 362250 363326 159837 568411 560524 239407 -99655.1 96070.1 123617 -2223.71 18.6567 96178.8 -119381 327.623 -604.113 1690.22 -847.32 -738.202 -4255.94 -3033.55 131912
37800 362067 363231 159849 568525 560362 239493 -99515.7 96056.1 123524 -2351.55 -5.3184 96188.8 -119170 467.557 -546.839 1723.14 -851.822 -746.295 -4233.8 -2852.2 131972
37900 362018 363175 159851 568478 560190 239457 -99459.7 96049.1 123504 -2504.96 12.0866 96193.9 -119147 580.596 -595.987 1697.09 -884.689 -763.392 -4350.12 -2814.8 131904
38000 361962 363108 159857 568505 560088 239459 -99389.3 96042.5 123444 -2584.48 4.83658 96204.1 -119064 546.101 -658.207 1702.9 -966.817 -791.277 -4477.24 -3033.07 131917
38100 361829 363004 159864 568403 559857 239386 -99272.3 96042.2 123418 -2628.96 -25.2695 96207.1 -119061 522.357 -639.53 1702.8 -1008.7 -797.134 -4487.09 -3157.84 131809
38200 361752 363001 159888 568427 559792 239353 -99240.4 96032.8 123404 -2407.99 32.3759 96227.9 -119040 382.576 -679.65 1702.44 -964.206 -783.331 -4390.87 -3082.06 131817
38300 361730 362976 159845 568351 559704 239289 -99241.5 96020.4 123430 -2300.2 96.9175 96231.4 -119095 295.216 -728.05 1726.53 -991.132 -724.531 -4369.86 -3101.7 131787
38400 361670 362961 159849 568440 559564 239258 -99196.3 96007.1 123467 -2362.63 88.6441 96247.6 -119190 353.816 -763.604 1684.77 -973.2 -733.598 -4483.71 -3077.6 131649
38500 361642 363006 159854 568543 559545 239277 -99197.1 96001.9 123513 -2448.86 137.279 96260.8 -119245 458.917 -842.455 1688.68 -950.976 -736.27 -4621.13 -2992.58 131631
38600 361704 363057 159866 568573 559603 239207 -99246.2 96016.5 123607 -2544.45 138.028 96255.5 -119417 504.571 -802.213 1644.61 -1001.89 -713.695 -4548.29 -3027.62 131521
38700 361646 363161 159872 568855 559426 239222 -99261 95993.9 123684 -2421.53 68.2848 96284.6 -119613 407.789 -742.316 1594.52 -994.743 -725.025 -4502.62 -3122.3 131370
38800 361615 363275 159872 569207 559360 239290 -99304.1 95956 123775 -2435.57 18.9227 96316.1 -119743 358.163 -661.24 1572.01 -1033.4 -731.972 -4526.17 -3307.46 131318
38900 361613 363280 159870 569152 559348 239260 -99304.5 95952.7 123777 -2860.36 -107.763 96319.2 -119798 603.583 -552.119 1539.81 -1143.27 -749.169 -4525.3 -3398.63 131270
39000 361697 363293 159887 569207 559463 239235 -99360.8 95935.6 123801 -3125.68 -162.478 96337.7 -119804 831.243 -483.604 1548.39 -1120.43 -725.566 -4438.7 -3222.13 131297
39100 361873 363449 159894 569334 559699 239224 -99524.7 95924.5 123885 -3289.25 -234.837 96346.8 -119969 938.896 -423.025 1504.3 -1119.93 -728.683 -4422.48 -3160.87 131269
39200 361912 363575 159900 569482 559730 239251 -99597.4 95902.7 123909 -3436.97 -293.173 96376.4 -120004 1126.66 -346.966 1490.2 -1098.88 -715.7 -4345.93 -2961.93 131273
39300 361924 363619 159913 569867 559819 239414 -99605.1 95890.1 123976 -3658.7 -358.565 96407.1 -120000 1311.79 -320.763 1487.83 -1121.09 -735.96 -4426.83 -2900.94 131339
39400 361947 363621 159928 570266 560118 239609 -99621.7 95892.6 123995 -4094.91 -486.798 96404.1 -119937 1561.04 -250.744 1579.42 -1203.39 -741.408 -4435.09 -2938.81 131548
39500 362036 363657 159944 570580 560533 239767 -99679.8 95897.9 124027 -4375.06 -567.462 96407.5 -119882 1701.39 -170.664 1623.46 -1213 -720.663 -4395.19 -3037.01 131785
39600 362172 363776 159960 571003 560876 239945 -99775.6 95916.9 124129 -4510.23 -601.495 96417.6 -119909 1826.49 -100.828 1664.47 -1213.62 -704.971 -4307.68 -2969.95 131923
39700 362170 363822 159978 571282 561141 240130 -99778 95940.7 124074 -4683.46 -657.408 96407 -119691 1989.9 5.56924 1782.85 -1268.18 -702.33 -4190.18 -2926.67 132226
39800 362204 363810 159983 571354 561273 240235 -99787.2 95965 124023 -4632.88 -662.105 96367.5 -119530 2033.44 35.9108 1819.78 -1276.34 -696.933 -4037.57 -2702.87 132384
39900 362302 363810 159993 571279 561523 240260 -99824.8 95993.5 123976 -4541.76 -658.659 96350.2 -119423 2038.36 42.8384 1858.33 -1222.72 -674.724 -3954.53 -2548.6 132498
40000 362359 363798 159997 571159 561585 240273 -99837.8 96012 123894 -4641.72 -718.302 96334.5 -119262 2126.58 114.022 1873.29 -1235.94 -674.409 -3918.81 -2554.48 132550
40100 362267 363817 159885 571143 561331 240241 -99836.5 95890.2 123935 -4652.58 -758.114 96329.1 -119307 1978.62 186.392 1883.53 -1361.04 -653.686 -3770.25 -2697.57 132473
40200 362323 363873 159892 571127 561434 240208 -99884.4 95889.6 123988 -4694.15 -812.839 96333.5 -119454 1957.38 210.492 1839.5 -1384.68 -664.311 -3790.76 -2822.59 132353
40300 362327 363920 159892 571057 561421 240189 -99896.8 95874.9 123975 -4876.58 -880.82 96356.4 -119532 2017.74 293.553 1812.16 -1430.36 -651.279 -3743.39 -2949.71 132259
40400 362327 363969 159901 571167 561455 240211 -99921.5 95857.3 124002 -4890.21 -888.158 96374.8 -119607 1942.54 292.408 1789.72 -1450.35 -637.17 -3766.03 -3164.44 132226
40500 362275 363957 159910 571121 561426 240200 -99873.7 95870.9 123928 -4983.67 -934.518 96373.7 -119493 1916.05 325.223 1811.76 -1505.32 -645.018 -3791.93 -3380.84 132230
40600 362400 364066 159923 571082 561571 240175 -99973 95888.2 124005 -4990.57 -952.473 96372.2 -119619 1852.39 309.536 1780.86 -1531.02 -663.291 -3861.1 -3553.66 132220
40700 362490 364127 159920 570906 561714 240155 -100042 95889.2 124037 -4875.32 -980.95 96363.2 -119663 1722.91 329.858 1781.57 -1535.77 -670.722 -3808.23 -3689.05 132269
40800 362618 364186 159922 570797 561868 240128 -100126 95892.3 124089 -4841.28 -1022.22 96359.7 -119765 1699.4 350.449 1733.62 -1539.97 -677.228 -3745.77 -3733.67 132247
40900 362613 364120 159935 570704 561849 240096 -100084 95885.8 124027 -4831.79 -1045.69 96378.2 -119695 1640.9 372.634 1709.43 -1563.35 -688.314 -3732.08 -3816.23 132237
41000 362571 364165 159937 571123 561768 240270 -100076 95858.8 124097 -4773.71 -1094.47 96399.5 -119768 1523.44 452.004 1680.83 -1613.86 -684.152 -3683.05 -4066.41 132194
41100 362603 364284 159944 571314 561615 240257 -100145 95834.6 124221 -4708.98 -1099.96 96430.1 -120014 1449.05 450.768 1593.24 -1621.69 -704.95 -3677.68 -4165.47 132050
41200 362736 364353 159951 571322 561764 240208 -100238 95834.4 124248 -4667.69 -1049.55 96433.3 -120096 1500.46 429.389 1556.67 -1579.07 -701.498 -3679.32 -4035.71 132021
41300 362862 364378 159949 571266 561942 240188 -100297 95838.3 124259 -4557.45 -1007.85 96425.6 -120106 1470.48 352.284 1555.88 -1532.65 -689.971 -3744.9 -3974.56 132071
41400 362987 364430 159956 571250 562201 240158 -100377 95857.2 124306 -4397.86 -980.657 96411.5 -120170 1410.62 363.485 1538.98 -1485.32 -680.697 -3675.3 -3864.12 132049
41500 363131 364484 159968 571183 562522 240183 -100463 95899.5 124293 -4210.09 -937.953 96382.6 -120171 1368.55 377.071 1540.45 -1402.53 -650.598 -3457.4 -3614.83 132101
41600 363203 364541 159984 571280 562741 240175 -100530 95916.4 124366 -4114.06 -864.972 96369.9 -120276 1397.22 331.543 1550.95 -1370.16 -618.437 -3290.29 -3350.19 132119
41700 363281 364554 159989 571056 562768 240089 -100562 95932.6 124361 -4061.94 -851.703 96362 -120240 1377.85 324.09 1570.65 -1328.69 -598.498 -3265.07 -3265.99 132111
41800 363370 364443 159993 570851 562834 240024 -100589 95933 124307 -4176.33 -830.71 96270.9 -120056 1577.62 161.962 1588.33 -1311.85 -613.891 -3417.84 -3182.42 132128
41900 363373 364372 159996 570622 562797 239986 -100552 95940.3 124234 -4172.57 -799.813 96265.8 -119921 1654.27 140.397 1614.05 -1261.33 -605.847 -3386.63 -2997.97 132182
42000 363272 364329 159999 570598 562580 239992 -100481 95926 124192 -4112.77 -731.84 96276.6 -119834 1699.88 75.1246 1636.32 -1215.99 -598.849 -3393.15 -2814.88 132177
42100 363326 364371 160017 570670 562759 240060 -100504 95958 124192 -4100.8 -684.125 96271.1 -119773 1762.46 -24.4035 1662.54 -1201.3 -612.296 -3435.94 -2634.7 132269
42200 363323 364400 160032 570625 562725 240056 -100495 95965.6 124204 -4264.96 -681.408 96281 -119804 1899.95 -26.7809 1627.74 -1194.06 -627.966 -3502.66 -2559.95 132222
42300 363432 364443 160044 570462 562799 239946 -100569 95971.5 124253 -4599.05 -712.658 96270.4 -119939 2130.57 -41.175 1584.74 -1233.49 -653.096 -3650.59 -2542.67 132110
42400 363484 364576 160052 570553 562794 239917 -100650 95958.3 124356 -4678.67 -773.479 96298.8 -120152 2124.98 18.3918 1522.11 -1286.72 -668.119 -3689.92 -2692.78 132013
42500 363475 364713 160068 570788 562646 239868 -100706 95917.7 124511 -4617.74 -762.513 96358.2 -120463 2078.25 -21.9419 1417.5 -1291.31 -665.633 -3707.33 -2754.24 131803
42600 363315 364765 160058 570717 562464 239830 -100710 95901.5 124568 -4616.57 -725.519 96362.7 -120607 2111.8 -85.8879 1392.18 -1294.17 -671.066 -3746.44 -2663.45 131737
42700 363282 364689 160064 570424 562368 239723 -100667 95916.6 124516 -4790.44 -723.24 96342.8 -120568 2234.01 -116.004 1404.68 -1301.74 -685.262 -3844.99 -2664.4 131642
42800 363362 364745 160087 570346 562450 239617 -100715 95930.3 124573 -4752.59 -692.799 96358.6 -120775 2227.76 -128.863 1347.78 -1266.07 -675.259 -3841.24 -2629.54 131503
42900 363385 364805 160092 570474 562561 239637 -100801 95931.2 124682 -4701.65 -714.716 96361.1 -120928 2225.64 -125.636 1322.91 -1282.95 -670.867 -3911.35 -2825.85 131466
43000 363309 364805 160099 570570 562366 239635 -100763 95905 124723 -4763.77 -753.565 96388.8 -120978 2230.91 -90.6273 1285.33 -1308.67 -660.956 -3926.94 -2961.17 131385
43100 363351 364818 160106 570571 562423 239608 -100782 95922 124714 -4981.46 -790.542 96374 -120927 2378.37 -11.0332 1291.17 -1354.12 -656.841 -3810.21 -2865.31 131351
43200 363496 364843 160106 570475 562680 239574 -100857 95943.7 124740 -5333.69 -841.064 96356.2 -120966 2619.31 35.594 1275.36 -1399.14 -672.655 -3864.49 -2816.73 131361
43300 363622 364977 160117 570475 562908 239513 -100975 95951.2 124788 -5454.53 -867.567 96359.6 -121094 2656.9 42.4421 1255.36 -1434.97 -693.504 -3882.75 -2828.31 131318
43400 363733 365072 160123 570398 562959 239419 -101059 95958.9 124831 -5515.74 -841.41 96364.5 -121258 2703.67 -26.2341 1210.26 -1446.06 -706.007 -3948.34 -2808.09 131154
43500 363755 365137 160123 570428 562939 239404 -101125 95962.4 124881 -5467.98 -832.295 96358.2 -121353 2624.15 -53.7956 1196.84 -1423.24 -712.374 -3963.83 -2832.23 131089
43600 363846 365026 160063 570287 563022 239344 -101169 95943.8 124858 -5470.34 -837.716 96229.7 -121206 2638.36 -171.554 1213.9 -1455.94 -733.78 -4102.2 -3010.8 131099
43700 363920 365090 160069 570385 563136 239361 -101236 95932.4 124875 -5300.49 -829.395 96243.9 -121285 2537.85 -180.329 1173.88 -1418.54 -714.642 -4140.74 -3080.77 131090
43800 364023 365132 160072 570439 563198 239381 -101310 95926.6 124937 -5308.19 -808.16 96245.9 -121348 2564.67 -223.857 1152.57 -1410.8 -715.071 -4184.69 -3058.5 131113
43900 364152 365245 160087 570753 563435 239451 -101430 95924.8 125021 -5151.63 -779.161 96254.9 -121449 2474.35 -266.418 1133.6 -1392.22 -713.922 -4167.31 -3080.44 131098
44000 364188 365304 160096 570876 563498 239439 -101471 95932 125093 -5212.02 -737.775 96256.7 -121561 2608.56 -346.942 1112.68 -1363.24 -721.856 -4339.79 -2928.7 131005
44100 364354 365422 160101 570882 563694 239389 -101603 95940.2 125145 -5377.89 -752.528 96248.7 -121720 2735.2 -352.828 1047 -1353.61 -722.507 -4420.01 -2900.51 130903
44200 364538 365468 160032 570846 563775 239260 -101758 95930.5 125261 -5362.49 -650.754 96252.8 -121952 2792.1 -347.649 952.916 -1390.77 -719.492 -4449.07 -2701.95 130809
44300 364565 365488 160032 570824 563711 239259 -101781 95918.5 125255 -5516.63 -617.647 96255.7 -121912 2927.89 -397.328 931.39 -1369.01 -728.551 -4546.33 -2560.75 130780
44400 364546 365506 160039 570947 563582 239250 -101777 95890.5 125301 -5576.36 -593.761 96287.6 -122005 3010.12 -407.927 876.698 -1351.72 -733.833 -4555.07 -2423.44 130666
44500 364448 365521 160048 571060 563447 239283 -101721 95869.2 125335 -5615.46 -540.084 96319.2 -122068 3145.58 -474.434 863.752 -1295.39 -729.266 -4567.51 -2106.82 130655
44600 364397 365544 160053 571123 563328 239294 -101694 95851.6 125288 -5556.3 -496.145 96345.3 -122009 3133.43 -518.759 875.77 -1268.08 -713.987 -4521.19 -1990.37 130668
44700 364263 365525 160033 571394 563273 239407 -101651 95771.6 125319 -5443.21 -436.779 96345.1 -122009 3142.23 -512.931 890.636 -1212.96 -672.755 -4519.13 -1930.43 130730
44800 364349 365500 160043 571279 563450 239402 -101674 95797.4 125296 -5359.97 -425.382 96325.8 -121933 3068.35 -503.736 927.03 -1222.59 -666.159 -4471.4 -1989.74 130770
44900 364384 365484 160057 571206 563597 239411 -101683 95830.1 125216 -5383.75 -487.633 96294.5 -121774 3027.42 -463.984 1023.01 -1260.07 -693.52 -4516.22 -2184.73 130871
45000 364369 365467 160063 571385 563798 239579 -101662 95847.3 125213 -5475.07 -535.957 96281.2 -121694 3064.37 -448.656 1105.62 -1286.31 -713.994 -4588.77 -2323.07 131073
45100 364348 365467 160060 571431 563877 239655 -101651 95833.9 125187 -5457.49 -559.809 96284.5 -121617 3028.76 -403.151 1124.05 -1254.26 -687.186 -4504.62 -2346.08 131145
45200 364313 365516 160067 571624 563813 239699 -101656 95817.8 125264 -5549.31 -538.6 96307.1 -121777 3105.59 -412.712 1061.84 -1248.9 -676.362 -4506.95 -2293.64 131023
45300 364350 365578 160078 571654 563912 239678 -101710 95818.3 125324 -5720.12 -552.261 96308.9 -121875 3221.7 -435.976 1032.27 -1289.55 -690.509 -4584.8 -2291.82 130966
45400 364441 365648 160096 571840 563958 239658 -101788 95807.3 125410 -5699.27 -625.83 96329 -121962 3143.37 -356.127 975.688 -1343.73 -669.718 -4469.71 -2490.78 130908
45500 364524 365775 160110 572094 564028 239671 -101890 95778.9 125523 -5996.36 -706.334 96369 -122091 3333.44 -259.713 941.002 -1415.69 -671.795 -4437.74 -2520.09 130879
45600 364513 365853 160046 572293 563967 239724 -101918 95764.5 125592 -6132.68 -760.613 96371.1 -122212 3332.22 -221.7 854.854 -1474.34 -683.558 -4472.93 -2690.39 130818
45700 364439 365781 160047 572419 563918 239827 -101845 95766.6 125564 -6233.01 -760.365 96362 -122093 3423.1 -227.452 922.302 -1462.45 -689.565 -4529.77 -2635.27 130905
45800 364384 365692 160054 572410 563930 239920 -101765 95771.9 125544 -6310.92 -802.02 96362.5 -122012 3469.63 -183.769 961.72 -1466.15 -681.199 -4451.08 -2591.65 130990
45900 364465 365774 160070 572451 563992 239841 -101835 95767.1 125589 -6309.43 -853.067 96382.5 -122199 3413.02 -129.682 895.453 -1476.11 -670.309 -4356.63 -2692.45 130856
46000 364552 365696 160075 572308 564052 239758 -101886 95773.5 125611 -6167.33 -889.469 96377.9 -122279 3252.86 -63.2117 869.053 -1475.17 -658.085 -4294.55 -2862.02 130749
46100 364565 365760 160094 572379 564009 239733 -101910 95768.5 125694 -6084.72 -947.41 96397.3 -122429 3126.19 22.7767 824.44 -1486.69 -645.452 -4188.33 -3058.29 130665
46200 364460 365723 160102 572555 563932 239763 -101838 95750.1 125691 -6006.06 -976.031 96424.2 -122367 2990.55 53.9857 840.495 -1527.86 -651.442 -4185.54 -3245.13 130665
46300 364377 365717 160105 572712 563827 239836 -101801 95735.2 125740 -6017.49 -1036.32 96437.8 -122430 2965.01 126.815 833.108 -1563.73 -660.655 -4104.7 -3292.46 130662
46400 364306 365800 160074 572828 563763 239848 -101892 95661.6 125833 -5924.2 -963.404 96456 -122533 2858.06 96.9595 835.769 -1585.43 -622.36 -4099.39 -3333.34 130644
46500 364390 365861 160091 572830 563882 239843 -101951 95664.9 125870 -5755.83 -887.462 96470 -122618 2760.75 24.672 821.44 -1548.67 -626.513 -4146.87 -3268.72 130642
46600 364338 365896 160058 572923 563903 239900 -101971 95599.9 125884 -5613.44 -824.092 96469.9 -122645 2626.21 -77.0738 804.678 -1531.63 -637.25 -4274.3 -3266.33 130640
46700 364370 365913 160056 573027 563905 239939 -101988 95605.5 125904 -5654.04 -819.488 96461.1 -122603 2710.98 -88.4128 841.658 -1522.1 -645.254 -4326.52 -3207.16 130715
46800 364341 365941 160060 573159 563842 240042 -101966 95604.2 125906 -5697.89 -853.987 96471.3 -122556 2739.09 -86.1363 876.112 -1512.73 -649.398 -4330.48 -3140.16 130794
46900 364324 365963 160069 573392 563857 240200 -101946 95603.2 125900 -5655.68 -821.554 96485.8 -122491 2751.68 -117.354 910.151 -1484.41 -646.807 -4361.1 -3047.48 130898
47000 364389 366057 160085 573553 564167 240369 -101997 95621.5 125890 -5671.36 -767.298 96486.7 -122464 2822.69 -173.102 903.087 -1465.47 -659.442 -4453.65 -2903.72 130969
47100 364348 366069 160097 573564 564160 240408 -101975 95618.7 125867 -5580.65 -716.549 96499.9 -122434 2791.84 -294.102 914.267 -1433.62 -676.658 -4593.86 -2813.1 130968
47200 364296 366103 160108 573666 564054 240431 -101957 95599.6 125878 -5548.78 -720.437 96528 -122500 2765.74 -283.617 896.852 -1428.16 -668.157 -4553.76 -2788.76 130913
47300 364323 366050 160121 573533 564000 240426 -101927 95627.8 125837 -5622.29 -747.342 96515.6 -122407 2789.6 -252.216 938.036 -1460.73 -667.778 -4501.25 -2840.56 130905
47400 364296 366008 160130 573536 563950 240454 -101884 95629.7 125822 -5605.97 -766.022 96523.9 -122340 2806.28 -246.58 960.63 -1450.39 -655.342 -4459.46 -2818.53 130973
47500 364225 365943 160085 573545 563845 240510 -101815 95604.2 125811 -5610.83 -774.126 96500.8 -122175 2874.97 -231.367 1064.84 -1402.13 -648.049 -4439.66 -2755.82 131100
47600 364131 365835 160079 573475 563652 240513 -101744 95597.4 125760 -5567.15 -750.787 96499.4 -122162 2876.6 -308.246 1034.04 -1381.7 -656.185 -4553.2 -2725.5 131066
47700 364120 365786 160076 573244 563632 240487 -101704 95606.7 125699 -5352.11 -691.472 96489.7 -122081 2747.37 -403.171 1034.59 -1323.15 -657.988 -4669.89 -2736.96 131070
47800 364042 365702 160084 573020 563424 240398 -101636 95593.9 125673 -5119.9 -624.824 96501.4 -122074 2609.73 -464.605 1013.63 -1273.69 -652.509 -4650.95 -2695.9 131005
47900 364072 365696 160094 572803 563426 240310 -101640 95614.1 125645 -4962.82 -598.859 96494.2 -122038 2499.04 -523.814 1007.08 -1241.29 -659.618 -4720.2 -2723.3 130981
48000 364104 365623 160100 572597 563380 240213 -101625 95641.2 125625 -4881.38 -526.634 96466.9 -122041 2474.12 -576.907 1014.7 -1197.56 -644.597 -4684.33 -2572.73 130937
48100 364139 365582 160109 572485 563462 240177 -101622 95665.1 125617 -4674.08 -469.222 96449.1 -122057 2373.77 -643.928 1027.77 -1133.95 -644.568 -4749.07 -2483.27 130947
48200 364237 365684 160115 572518 563546 240138 -101712 95663.6 125682 -4536.38 -408.435 96455.2 -122180 2367.19 -682.803 1018.28 -1080.48 -641.303 -4744.61 -2331.24 130921
48300 364318 365716 160074 572486 563645 240147 -101757 95653.6 125691 -4535.79 -396.334 96431.8 -122205 2400.67 -702.754 1011.79 -1132.23 -659.844 -4771.89 -2234.84 130917
48400 364424 365701 160079 572287 563860 240118 -101799 95688.9 125658 -4688.64 -372.051 96400.9 -122137 2534.9 -763.694 1040.55 -1159.31 -682.791 -4878.2 -2145.69 130986
48500 364479 365731 160080 572135 563894 240054 -101840 95695.4 125658 -4792.23 -349.571 96392.6 -122175 2653.88 -816.357 1013.25 -1158.48 -703.801 -4968.17 -2020.16 130950
48600 364669 365777 160085 571897 564000 239938 -101944 95734.3 125680 -4927.08 -301.39 96361.7 -122270 2757.56 -853.795 971.619 -1150.72 -701.891 -5020.47 -1902.58 130858
48700 364808 365808 160097 571751 564058 239865 -102011 95766.4 125716 -4968.23 -285.284 96342.9 -122328 2730.76 -878.567 956.571 -1164.64 -701.977 -5053.73 -1944.87 130798
48800 364838 365782 160111 571733 564114 239889 -102007 95780.7 125712 -5058.14 -262.152 96337.6 -122288 2803.09 -899.545 976.207 -1157.34 -691.487 -5042.79 -1894.9 130865
48900 364872 365756 160110 571751 564190 239937 -101996 95796.4 125730 -5226.78 -299.295 96329.5 -122272 2935.99 -877.207 1007.33 -1154.03 -692.265 -5022.68 -1820.42 130926
49000 364916 365802 160110 571823 564208 239924 -102027 95796.8 125784 -5403.89 -313.405 96331.8 -122398 3045.39 -916.081 989.417 -1193.02 -719.638 -5161.85 -1787.53 130838
49100 364947 365832 160112 571883 564286 239946 -102063 95796.6 125822 -5507.85 -282.819 96323.3 -122461 3111.27 -971.739 1009.68 -1235.79 -730.603 -5278.32 -1803.46 130841
49200 364885 365840 160128 571965 564300 239981 -102038 95786.6 125800 -5541.54 -287.338 96337.8 -122403 3061.65 -1031.44 1057.3 -1304.95 -756.451 -5444.86 -1960.07 130914
49300 364760 365753 160133 571928 564129 240038 -101923 95783.9 125735 -5590.46 -304.958 96349.6 -122205 3075.31 -987.201 1103.33 -1338.05 -737.066 -5309.61 -1927.14 131001
49400 364690 365683 160135 571952 564120 240093 -101853 95787.5 125692 -5668.31 -321.817 96340.1 -122082 3080.97 -1009.41 1142.96 -1371.39 -756.78 -5487.72 -2079.76 131118
49500 364750 365706 160133 571706 564237 240044 -101887 95801.8 125665 -5581.57 -328.269 96322.5 -122063 3029.49 -958.7 1160.01 -1370.1 -755.629 -5449.84 -2085.06 131114
49600 364798 365633 160141 571592 564286 239982 -101920 95815.6 125662 -5484.14 -289.92 96323.4 -122112 2970.96 -1006.79 1126.06 -1340.03 -761.898 -5511.31 -2022.61 131058
49700 364743 365623 160146 571499 564156 239896 -101899 95808.9 125672 -5431.28 -264.095 96326.1 -122205 2980.01 -1026.61 1092.67 -1294.8 -747.815 -5485.66 -1936.21 130952
49800 364760 365594 160149 571400 564150 239853 -101890 95818.4 125675 -5292.23 -218.261 96319.3 -122255 2933.89 -1047.04 1083.02 -1245.74 -735.234 -5413.15 -1827.04 130922
49900 364758 365503 160165 571404 564124 239845 -101874 95833.8 125674 -5302.35 -209.144 96327.2 -122282 2966.02 -1048.61 1082.75 -1248.82 -744.679 -5452.66 -1767.82 130875
50000 364715 365522 160176 571514 564077 239840 -101874 95813.5 125710 -5339.27 -247.49 96345.7 -122357 2926.74 -1003.18 1049.31 -1276.97 -741.743 -5441.24 -1894.29 130848
50100 364726 365561 160184 571583 564081 239790 -101903 95795.7 125756 -5341.3 -266.976 96362.5 -122439 2884.79 -986.445 1022.91 -1288.61 -728.051 -5372.52 -1922 130774
50200 364722 365546 160189 571441 563973 239711 -101888 95797.3 125779 -5301.2 -291.457 96371.7 -122515 2830.51 -939.309 985.923 -1309.62 -709.588 -5274.55 -1972.47 130693
50300 364689 365601 160187 571547 563885 239726 -101895 95780.3 125836 -5345.91 -276.248 96385.3 -122642 2891.25 -959.574 944.175 -1295.13 -699.892 -5259.9 -1897.16 130627
50400 364632 365529 160189 571545 563752 239669 -101901 95784.4 125831 -5409.59 -189.988 96378.4 -122648 3044.05 -953.044 942.29 -1249.2 -674.802 -5196.61 -1593.28 130553
50500 364675 365596 160201 571575 563758 239641 -101941 95784.6 125862 -5484.97 -166.716 96396.6 -122723 3193.03 -964.913 916.419 -1234.22 -669.307 -5194.24 -1350.51 130495
50600 364691 365599 160199 571583 563820 239668 -101948 95783.2 125865 -5655.12 -165.818 96396.9 -122714 3340.29 -968.143 932.821 -1248.21 -662.361 -5187.44 -1239.44 130533
50700 364771 365605 160205 571592 564042 239720 -101989 95813 125835 -5810.17 -186.841 96363.9 -122606 3460.05 -963.226 986.008 -1277.24 -659.996 -5203.04 -1225.37 130674
50800 364819 365686 160214 571673 564099 239734 -102028 95815.4 125865 -5907.32 -205.553 96375.8 -122660 3522.02 -952.524 972.158 -1291.24 -664.711 -5237.4 -1206.39 130635
50900 364824 365706 160215 571587 564066 239712 -102023 95819.4 125880 -5889.74 -236.442 96379.3 -122704 3490.33 -909.807 956.655 -1319.68 -662.14 -5205.83 -1282.06 130590
51000 364938 365774 160225 571414 564227 239635 -102106 95825.8 125876 -5620.99 -216.207 96378.6 -122717 3282.07 -911.059 950.775 -1310.86 -657.989 -5096.28 -1320.26 130580
51100 365035 365776 160232 571285 564414 239629 -102149 95862.8 125853 -5344.77 -136.411 96349.9 -122673 3070.3 -1016.27 958.653 -1265.94 -656.736 -5176.39 -1420.11 130637
