# Time-averaged data for fix myMSD
# TimeStep MSD_X MSD_Y MSD_Z MSD_Total Temperture
100 0.0209686 0.0235006 0.0186096 0.0630788 597.546
200 0.0548528 0.0682052 0.0567613 0.179819 474.568
300 0.0802101 0.0934818 0.0803914 0.254083 393.534
400 0.0896702 0.118369 0.0798643 0.287904 338.541
500 0.0954023 0.134856 0.0908909 0.32115 298.057
600 0.114929 0.155281 0.102633 0.372843 281.243
700 0.126127 0.163312 0.113902 0.403342 279.502
800 0.135357 0.169133 0.129039 0.433529 295.786
900 0.152978 0.187055 0.150716 0.490748 313.876
1000 0.16009 0.192154 0.161266 0.51351 316.019
1100 0.156053 0.206913 0.163945 0.52691 305.461
1200 0.15309 0.201932 0.1633 0.518322 290.151
1300 0.1463 0.206705 0.147567 0.500572 292.804
1400 0.128631 0.212407 0.143837 0.484875 297.353
1500 0.142311 0.220254 0.159436 0.522002 299.861
1600 0.155544 0.214152 0.171126 0.540822 308.609
1700 0.155573 0.217467 0.161434 0.534473 304.621
1800 0.159486 0.211014 0.154727 0.525228 294.824
1900 0.155445 0.188782 0.156459 0.500685 300.211
2000 0.159095 0.193952 0.158009 0.511056 291.732
2100 0.163495 0.216912 0.173647 0.554054 294.537
2200 0.170452 0.242532 0.189873 0.602858 304.917
2300 0.199029 0.259173 0.221 0.679201 307.646
2400 0.210028 0.27824 0.253722 0.741991 299.598
2500 0.201915 0.273825 0.260104 0.735845 297.782
2600 0.217494 0.2752 0.256754 0.749448 295.106
2700 0.240262 0.270135 0.255646 0.766042 295.437
2800 0.228564 0.269042 0.235939 0.733545 305.008
2900 0.212031 0.260827 0.226095 0.698953 309.219
3000 0.208504 0.252661 0.211508 0.672672 293.793
3100 0.208613 0.25948 0.218218 0.686311 287.551
3200 0.201242 0.268047 0.222066 0.691355 299.483
3300 0.205546 0.275305 0.231631 0.712482 309.411
3400 0.221182 0.279693 0.247048 0.747922 311.166
3500 0.247374 0.28762 0.261193 0.796187 289.638
3600 0.234205 0.300638 0.271897 0.80674 297.744
3700 0.223835 0.292025 0.253277 0.769136 306.476
3800 0.234241 0.304826 0.272571 0.811639 289.844
3900 0.253742 0.32141 0.291964 0.867116 301.143
4000 0.253574 0.3195 0.296125 0.869199 312.402
4100 0.243107 0.30731 0.264867 0.815285 316.142
4200 0.237008 0.293446 0.259604 0.790058 310.34
4300 0.238784 0.302036 0.273196 0.814015 301.722
4400 0.254159 0.318757 0.281237 0.854153 296.821
4500 0.272805 0.338495 0.297274 0.908574 292.477
4600 0.279146 0.356482 0.328355 0.963984 298.137
4700 0.285433 0.386602 0.355499 1.02753 307.476
4800 0.291919 0.387219 0.359457 1.0386 310.892
4900 0.28541 0.354954 0.343884 0.984248 306.641
5000 0.301486 0.358355 0.344358 1.0042 298.046
5100 0.306097 0.372834 0.347469 1.0264 291.55
5200 0.305285 0.356968 0.319825 0.982078 295.427
5300 0.303867 0.364001 0.303869 0.971737 308.654
5400 0.314213 0.394344 0.311482 1.02004 320.259
5500 0.309834 0.39462 0.330512 1.03497 306.375
5600 0.313304 0.381302 0.358342 1.05295 296.468
5700 0.337715 0.357576 0.350391 1.04568 295.958
5800 0.35642 0.332861 0.340555 1.02984 306.674
5900 0.356445 0.32753 0.347006 1.03098 318.588
6000 0.350228 0.33443 0.3529 1.03756 312.892
6100 0.319596 0.354095 0.362553 1.03625 293.557
6200 0.294801 0.350032 0.348923 0.993757 298.152
6300 0.325584 0.357755 0.369696 1.05304 297.733
6400 0.321807 0.364499 0.361328 1.04763 309.023
6500 0.296588 0.373158 0.339005 1.00875 312.423
6600 0.28478 0.373022 0.338628 0.99643 310.941
6700 0.267497 0.353674 0.331438 0.952609 292.55
6800 0.275317 0.366641 0.330411 0.972369 289.575
6900 0.301044 0.380036 0.341364 1.02244 294.823
7000 0.30316 0.349633 0.334487 0.987281 313.574
7100 0.286546 0.332836 0.342287 0.96167 309.576
7200 0.257146 0.321582 0.336611 0.915339 295.492
7300 0.220518 0.312559 0.320943 0.854019 300.627
7400 0.196138 0.292865 0.301577 0.79058 299.788
7500 0.203388 0.304439 0.30018 0.808007 299.06
7600 0.219285 0.31522 0.307097 0.841602 295.959
7700 0.23341 0.302811 0.294757 0.830979 289.099
7800 0.243426 0.308261 0.308729 0.860416 303.211
7900 0.274648 0.341305 0.340269 0.956221 314.255
8000 0.302859 0.370247 0.366173 1.03928 300.144
8100 0.290078 0.367343 0.336548 0.993969 292.274
8200 0.30147 0.353346 0.336211 0.991027 280.774
8300 0.313608 0.341446 0.342827 0.997881 297.157
8400 0.286897 0.326558 0.348302 0.961756 299.407
8500 0.282993 0.323289 0.376979 0.983261 301.278
8600 0.272908 0.305135 0.367621 0.945664 315.16
8700 0.278228 0.316907 0.370458 0.965593 316.844
8800 0.290035 0.327329 0.374138 0.991502 312.125
8900 0.285415 0.327741 0.375363 0.988518 302.87
9000 0.294247 0.334231 0.392678 1.02116 288.179
9100 0.299665 0.35515 0.399058 1.05387 298.132
9200 0.279016 0.340814 0.381524 1.00135 307.981
9300 0.276726 0.307217 0.377619 0.961561 312.143
9400 0.256871 0.285331 0.373546 0.915748 299.95
9500 0.256843 0.276885 0.361088 0.894816 291.514
9600 0.245956 0.280706 0.369979 0.896642 289.079
9700 0.242091 0.304751 0.35666 0.903502 302.231
9800 0.243649 0.315482 0.348347 0.907478 306.095
9900 0.249235 0.317725 0.3608 0.92776 299.007
10000 0.249133 0.29948 0.3597 0.908313 294.527
10100 0.248357 0.289401 0.365334 0.903092 281.297
10200 0.258783 0.304636 0.364118 0.927538 286.455
10300 0.271394 0.293315 0.386985 0.951694 293.711
10400 0.277152 0.292641 0.403636 0.973429 300.899
10500 0.254084 0.302544 0.402693 0.959321 311.697
10600 0.242739 0.315792 0.401018 0.959549 294.27
10700 0.255476 0.312743 0.399531 0.967751 286.4
10800 0.260323 0.315784 0.419987 0.996094 294.224
10900 0.270937 0.308495 0.424496 1.00393 296.259
11000 0.271449 0.286463 0.417174 0.975086 307.516
11100 0.271117 0.281287 0.41242 0.964824 290.396
11200 0.28243 0.295453 0.416342 0.994226 301.594
11300 0.271402 0.293513 0.410203 0.975118 300.468
11400 0.254507 0.286599 0.416998 0.958104 311.161
11500 0.269935 0.301436 0.435497 1.00687 307.165
11600 0.286741 0.320392 0.439955 1.04709 302.604
11700 0.302149 0.339464 0.442927 1.08454 296.96
11800 0.306843 0.340469 0.450672 1.09798 286.307
11900 0.287124 0.35442 0.445181 1.08672 300.101
12000 0.283998 0.332066 0.439011 1.05508 297.746
12100 0.292745 0.336713 0.462546 1.092 305.811
12200 0.298955 0.345568 0.451487 1.09601 301.689
12300 0.299335 0.325637 0.447023 1.072 294.544
12400 0.315249 0.302973 0.448124 1.06635 295.514
12500 0.317193 0.33649 0.475169 1.12885 300.313
12600 0.324307 0.370035 0.506555 1.2009 304.309
12700 0.322911 0.373462 0.530214 1.22659 306.162
12800 0.311417 0.363849 0.529448 1.20471 306.954
12900 0.304465 0.365781 0.524249 1.19449 296.845
13000 0.309515 0.362602 0.497017 1.16913 283.677
13100 0.32221 0.350199 0.507791 1.1802 294.516
13200 0.326124 0.343036 0.536427 1.20559 306.441
13300 0.333502 0.35591 0.543348 1.23276 297.936
13400 0.338559 0.356547 0.533898 1.229 300.444
13500 0.338032 0.355678 0.543318 1.23703 299.476
13600 0.330206 0.343058 0.534144 1.20741 291.89
13700 0.322706 0.340816 0.529306 1.19283 280.144
13800 0.322879 0.373218 0.525442 1.22154 293.747
13900 0.337897 0.393432 0.546317 1.27765 306.328
14000 0.336736 0.390576 0.566942 1.29425 304.899
14100 0.326602 0.379922 0.562611 1.26913 298.731
14200 0.330183 0.358507 0.544137 1.23283 295.335
14300 0.340323 0.362518 0.54274 1.24558 274.478
14400 0.350965 0.364585 0.533339 1.24889 279.516
14500 0.358784 0.360271 0.559165 1.27822 301.061
14600 0.35965 0.349933 0.596258 1.30584 306.24
14700 0.337229 0.355136 0.594199 1.28656 314.233
14800 0.3216 0.355249 0.576919 1.25377 282.093
14900 0.319764 0.357823 0.584462 1.26205 294.787
15000 0.337329 0.361423 0.605598 1.30435 299.838
15100 0.356692 0.373108 0.627393 1.35719 299.735
15200 0.369866 0.381288 0.657215 1.40837 304.204
15300 0.383056 0.384063 0.648175 1.41529 306.276
15400 0.384409 0.367551 0.665795 1.41775 283.066
15500 0.371996 0.385281 0.661164 1.41844 294.603
15600 0.369605 0.390076 0.653767 1.41345 312.949
15700 0.372029 0.405094 0.674797 1.45192 309.917
15800 0.369103 0.418768 0.676397 1.46427 303.281
15900 0.365274 0.437478 0.671269 1.47402 288.615
16000 0.355397 0.428741 0.65694 1.44108 289.469
16100 0.349282 0.391603 0.654119 1.395 297.792
16200 0.336682 0.374675 0.655028 1.36638 304.619
16300 0.327167 0.378622 0.641719 1.34751 297.097
16400 0.330238 0.357775 0.635613 1.32363 285.283
16500 0.342833 0.347679 0.638922 1.32943 289.159
16600 0.347098 0.356543 0.63987 1.34351 295.161
16700 0.339593 0.373691 0.664773 1.37806 314.887
16800 0.339535 0.371767 0.661614 1.37292 302.393
16900 0.361782 0.361701 0.66846 1.39194 297.462
17000 0.368969 0.353486 0.668527 1.39098 290.784
17100 0.33555 0.31699 0.622339 1.27488 302.536
17200 0.323616 0.337956 0.591548 1.25312 320.247
17300 0.318664 0.341153 0.603435 1.26325 305.588
17400 0.295542 0.321065 0.591737 1.20834 293.74
17500 0.268968 0.310476 0.586218 1.16566 296.643
17600 0.262262 0.320873 0.609645 1.19278 294.21
17700 0.277459 0.320499 0.616276 1.21423 316.676
17800 0.290565 0.331233 0.633751 1.25555 314.07
17900 0.295446 0.339071 0.642495 1.27701 292.408
18000 0.290246 0.320618 0.641529 1.25239 303.843
18100 0.297729 0.333046 0.659685 1.29046 298.192
18200 0.313047 0.353615 0.673669 1.34033 307.526
18300 0.324303 0.363359 0.658627 1.34629 282.763
18400 0.33498 0.390381 0.667622 1.39298 288.109
18500 0.338019 0.389201 0.693247 1.42047 290.832
18600 0.323057 0.370196 0.682861 1.37611 301.699
18700 0.296041 0.337479 0.655453 1.28897 306.85
18800 0.290496 0.34412 0.645333 1.27995 304.609
18900 0.303787 0.360811 0.662122 1.32672 290.95
19000 0.331482 0.388074 0.711601 1.43116 287.276
19100 0.336271 0.38368 0.720751 1.4407 300.139
19200 0.328891 0.372553 0.686 1.38744 302.793
19300 0.32697 0.389582 0.657478 1.37403 305.035
19400 0.310682 0.38023 0.659439 1.35035 300.61
19500 0.286948 0.372009 0.654059 1.31302 301.977
19600 0.302365 0.360624 0.683356 1.34635 287.077
19700 0.303166 0.355259 0.699126 1.35755 289.466
19800 0.307677 0.369125 0.693391 1.37019 294.34
19900 0.317868 0.36746 0.698385 1.38371 302.699
20000 0.317798 0.353175 0.712642 1.38362 297.851
20100 0.332296 0.362017 0.748592 1.4429 300.133
20200 0.337974 0.36796 0.771939 1.47787 310.021
20300 0.328939 0.376893 0.770258 1.47609 323.038
20400 0.341913 0.388027 0.772213 1.50215 297.62
20500 0.331573 0.395566 0.75969 1.48683 296.3
20600 0.312102 0.383016 0.741059 1.43618 293.857
20700 0.303701 0.357654 0.753269 1.41462 311.252
20800 0.293748 0.348399 0.768632 1.41078 315.809
20900 0.305643 0.348481 0.789597 1.44372 299.877
21000 0.305942 0.317441 0.782292 1.40567 297.135
21100 0.298317 0.315044 0.736749 1.35011 291.798
21200 0.305479 0.322253 0.739262 1.367 305.709
21300 0.331494 0.355055 0.803095 1.48964 300.453
21400 0.344842 0.374791 0.826828 1.54646 318.173
21500 0.341302 0.377258 0.836577 1.55514 315.747
21600 0.366777 0.390734 0.826542 1.58405 303.309
21700 0.389558 0.393222 0.809879 1.59266 296.755
21800 0.398004 0.365393 0.794942 1.55834 299.669
21900 0.384484 0.350554 0.802847 1.53788 303.743
22000 0.363772 0.348676 0.80057 1.51302 312.76
22100 0.340223 0.348972 0.803826 1.49302 302.084
22200 0.323412 0.348321 0.848101 1.51983 299.488
22300 0.311735 0.330567 0.820022 1.46232 290.209
22400 0.303393 0.32103 0.778935 1.40336 294.043
22500 0.308319 0.321003 0.772466 1.40179 305.274
22600 0.303541 0.338301 0.7898 1.43164 310.523
22700 0.300545 0.348144 0.801272 1.44996 302.227
22800 0.303201 0.346896 0.849228 1.49932 301.616
22900 0.314327 0.366792 0.908316 1.58944 291.787
23000 0.335959 0.370921 0.909917 1.6168 294.03
23100 0.34846 0.360682 0.893633 1.60277 307.612
23200 0.375131 0.3671 0.901063 1.64329 311.827
23300 0.370445 0.365309 0.909229 1.64498 300.169
23400 0.357517 0.396596 0.893733 1.64785 297.428
23500 0.345657 0.411621 0.918931 1.67621 294.064
23600 0.35523 0.41524 0.939353 1.70982 296.981
23700 0.366319 0.401212 0.94978 1.71731 308.467
23800 0.383644 0.38123 0.965577 1.73045 326.106
23900 0.401937 0.382033 0.935813 1.71978 294.868
24000 0.392397 0.387805 0.927825 1.70803 295.182
24100 0.371706 0.412547 0.937364 1.72162 299.133
24200 0.357686 0.405662 0.975822 1.73917 306.918
24300 0.34573 0.404778 1.03227 1.78278 291.565
24400 0.348453 0.395036 1.04863 1.79212 288.005
24500 0.352145 0.388851 1.02029 1.76128 301.674
24600 0.363289 0.385475 1.02561 1.77438 304.442
24700 0.375059 0.379708 1.02513 1.77989 312.344
24800 0.381296 0.406398 1.01959 1.80729 298.409
24900 0.39875 0.434349 1.01905 1.85215 293.045
25000 0.414065 0.445597 1.03475 1.89441 289.411
25100 0.410919 0.475167 1.06346 1.94954 295.05
25200 0.389642 0.483182 1.06427 1.9371 305.666
25300 0.379983 0.470661 1.07785 1.92849 310.991
25400 0.395927 0.492519 1.07544 1.96389 292.41
25500 0.395586 0.517204 1.10744 2.02023 290.636
25600 0.371731 0.483146 1.12906 1.98394 287.148
25700 0.367946 0.448036 1.1355 1.95148 296.808
25800 0.365228 0.477561 1.10828 1.95107 303.691
25900 0.365947 0.477939 1.09772 1.94161 301.469
26000 0.361256 0.444065 1.07161 1.87693 299.774
26100 0.352339 0.413561 1.04563 1.81153 294.358
26200 0.362232 0.415186 1.06607 1.84348 280.172
26300 0.353768 0.413344 1.10354 1.87065 287.448
26400 0.33119 0.40687 1.11833 1.85639 303.088
26500 0.34068 0.453225 1.13659 1.93049 307.854
26600 0.376452 0.476731 1.15037 2.00355 308.047
26700 0.396485 0.445135 1.13911 1.98073 288.709
26800 0.388733 0.407689 1.1583 1.95472 293.773
26900 0.378883 0.403499 1.16152 1.9439 313.275
27000 0.376032 0.412999 1.16179 1.95083 318.688
27100 0.381727 0.411855 1.17646 1.97004 295.465
27200 0.383019 0.428453 1.19079 2.00226 294.402
27300 0.375901 0.431068 1.15287 1.95983 296.856
27400 0.36852 0.457091 1.15486 1.98047 301.845
27500 0.372823 0.474329 1.19058 2.03773 315.075
27600 0.394447 0.468584 1.25141 2.11444 318.012
27700 0.391317 0.468701 1.27617 2.13619 302.839
27800 0.381432 0.465657 1.26762 2.11471 300.035
27900 0.380364 0.47245 1.25811 2.11092 294.881
28000 0.410328 0.476996 1.29304 2.18036 300.841
28100 0.427454 0.495563 1.3144 2.23741 316.382
28200 0.423134 0.489317 1.31775 2.2302 316.984
28300 0.42304 0.489525 1.33439 2.24696 294.644
28400 0.428007 0.518119 1.32389 2.27002 303.637
28500 0.406258 0.526847 1.2916 2.22471 288.847
28600 0.394538 0.505483 1.32798 2.228 299.458
28700 0.396058 0.488935 1.29529 2.18028 316.802
28800 0.391258 0.498608 1.22874 2.11861 315.351
28900 0.405773 0.484326 1.27894 2.16904 312.685
29000 0.408219 0.460317 1.3249 2.19344 294.827
29100 0.386615 0.446542 1.32691 2.16006 301.423
29200 0.377654 0.435838 1.33252 2.14601 296.183
29300 0.38824 0.439079 1.3231 2.15042 301.475
29400 0.384523 0.457172 1.30088 2.14257 295.736
29500 0.385198 0.447024 1.27288 2.10511 301.234
29600 0.397573 0.419283 1.26371 2.08057 297.624
29700 0.394578 0.424036 1.3451 2.16372 312.01
29800 0.391434 0.435177 1.37187 2.19848 314.213
29900 0.415755 0.444306 1.34701 2.20707 296.31
30000 0.431956 0.444332 1.32113 2.19742 292.879
30100 0.440659 0.437156 1.31139 2.1892 292.165
30200 0.428145 0.439175 1.276 2.14332 307.861
30300 0.391126 0.408496 1.27469 2.07431 308.497
30400 0.354545 0.393854 1.29605 2.04445 297.301
30500 0.323143 0.379173 1.26318 1.96549 284.723
30600 0.322507 0.404673 1.27377 2.00095 289.041
30700 0.337545 0.436254 1.3323 2.1061 301.682
30800 0.350898 0.448443 1.39525 2.19459 300.476
30900 0.340723 0.433418 1.40711 2.18125 312.21
31000 0.339697 0.428221 1.39363 2.16154 288.904
31100 0.347894 0.423369 1.38059 2.15185 292.8
31200 0.34014 0.429165 1.38888 2.15819 304.092
31300 0.339385 0.441828 1.39853 2.17974 296.602
31400 0.325807 0.451693 1.37702 2.15452 324.417
31500 0.320727 0.447226 1.36015 2.1281 322.733
31600 0.343337 0.468898 1.41874 2.23098 301.169
31700 0.390055 0.504331 1.47397 2.36835 296.782
31800 0.413345 0.534528 1.52481 2.47268 304.639
31900 0.410132 0.528922 1.50955 2.44861 293.256
32000 0.377238 0.510479 1.51299 2.40071 279.332
32100 0.36537 0.455304 1.48977 2.31044 296.503
32200 0.35802 0.422141 1.4979 2.27806 297.257
32300 0.345249 0.440739 1.5257 2.31169 295.824
32400 0.35458 0.450781 1.51619 2.32155 301.911
32500 0.361332 0.455168 1.51148 2.32798 306.946
32600 0.35235 0.459576 1.51972 2.33165 298.065
32700 0.35814 0.437314 1.50865 2.30411 289.606
32800 0.370933 0.408688 1.464 2.24362 287.867
32900 0.377455 0.421318 1.48112 2.2799 298.843
33000 0.370784 0.425746 1.47608 2.27261 306.223
33100 0.379423 0.444569 1.44745 2.27144 303.92
33200 0.379254 0.459419 1.48145 2.32013 294.994
33300 0.359518 0.463611 1.53996 2.36309 286.482
33400 0.372338 0.475534 1.57274 2.42061 287.733
33500 0.404561 0.493214 1.53888 2.43666 300.182
33600 0.425529 0.50887 1.58879 2.52319 308.559
33700 0.435971 0.524623 1.61419 2.57479 308.751
33800 0.445598 0.504639 1.64206 2.59229 301.932
33900 0.451977 0.483368 1.68412 2.61946 285.909
34000 0.442205 0.476397 1.71477 2.63337 285.959
34100 0.434803 0.483816 1.68337 2.60199 298.914
34200 0.448562 0.495285 1.68011 2.62396 304.06
34300 0.473245 0.512058 1.73151 2.71682 298.653
34400 0.486617 0.553634 1.74731 2.78756 304.944
34500 0.481924 0.583576 1.79162 2.85712 290.657
34600 0.479913 0.578347 1.81455 2.87281 287.555
34700 0.479048 0.554355 1.8025 2.8359 291.016
34800 0.472023 0.514654 1.73064 2.71732 305.318
34900 0.457744 0.516769 1.70145 2.67597 304.412
35000 0.427317 0.517766 1.7369 2.68198 298.234
35100 0.419896 0.547786 1.74568 2.71336 307.887
35200 0.460586 0.574034 1.7654 2.80002 301.272
35300 0.50404 0.587722 1.8521 2.94386 295.247
35400 0.513882 0.570754 1.88546 2.9701 295.09
35500 0.51471 0.58173 1.8517 2.94814 307.09
35600 0.52613 0.594453 1.83335 2.95393 317.353
35700 0.528557 0.587764 1.81159 2.92791 315.229
35800 0.531493 0.59201 1.78208 2.90558 303.686
35900 0.522162 0.619936 1.80073 2.94283 293.353
36000 0.518531 0.661416 1.82672 3.00666 301.354
36100 0.51583 0.691042 1.82544 3.03232 299.843
36200 0.536699 0.710507 1.87316 3.12037 285.278
36300 0.569996 0.742796 1.89853 3.21132 288.491
36400 0.59905 0.750249 1.89726 3.24655 306.394
36500 0.600292 0.744995 1.93901 3.2843 301.959
36600 0.591978 0.760391 1.92045 3.27282 306.108
36700 0.569929 0.753578 1.93825 3.26175 293.727
36800 0.56329 0.736153 1.92643 3.22588 285.633
36900 0.572112 0.70673 1.94112 3.21996 294.658
37000 0.569792 0.699522 1.91759 3.1869 316.986
37100 0.572687 0.719213 1.95421 3.24611 297.052
37200 0.573795 0.691248 1.92134 3.18638 301.583
37300 0.554444 0.667065 1.88628 3.10779 300.116
37400 0.536548 0.647809 1.90769 3.09205 284.654
37500 0.530486 0.629884 1.95542 3.11579 286.431
37600 0.528036 0.643474 1.97568 3.14719 309.229
37700 0.514399 0.678718 1.97814 3.17126 307.297
37800 0.508635 0.724241 1.97218 3.20506 300.128
37900 0.515369 0.72717 1.95125 3.19379 287.439
38000 0.527015 0.761815 1.95643 3.24526 295.694
38100 0.532392 0.77811 1.96979 3.28029 314.809
38200 0.55402 0.737801 2.0036 3.29542 315.139
38300 0.567141 0.71225 2.02572 3.30511 310.425
38400 0.580119 0.722572 2.04987 3.35256 301.158
38500 0.603656 0.719996 2.07447 3.39812 291.869
38600 0.597738 0.690082 2.08354 3.37136 299.008
38700 0.593649 0.68609 2.06882 3.34856 310.917
38800 0.624412 0.709472 2.09402 3.4279 311.38
38900 0.628464 0.716401 2.103 3.44786 302.662
39000 0.612272 0.718424 2.07851 3.40921 308.297
39100 0.598369 0.73604 2.1069 3.44131 294.974
39200 0.575067 0.728532 2.14371 3.44731 293.427
39300 0.549229 0.730306 2.13254 3.41208 307.248
39400 0.56351 0.701301 2.12971 3.39452 303.124
39500 0.560516 0.701627 2.10226 3.36441 304.025
39600 0.529898 0.711173 2.05968 3.30075 294.49
39700 0.515237 0.70892 2.11613 3.34029 294.927
39800 0.537595 0.74758 2.18966 3.47483 305.849
39900 0.558796 0.734061 2.20741 3.50027 306.861
40000 0.56277 0.718759 2.15862 3.44014 288.686
40100 0.588833 0.713218 2.11637 3.41842 288.109
40200 0.596714 0.706997 2.09145 3.39516 301.333
40300 0.597416 0.7393 2.1014 3.43811 311.047
40400 0.606541 0.739272 2.11565 3.46146 306.342
40500 0.624121 0.748724 2.19592 3.56876 304.117
40600 0.605641 0.718878 2.24594 3.57046 283.497
40700 0.58178 0.722709 2.24868 3.55317 290.49
40800 0.56274 0.733881 2.32752 3.62414 305.535
40900 0.520942 0.716111 2.28079 3.51784 305.488
41000 0.517667 0.74581 2.25526 3.51874 311.671
41100 0.546605 0.764857 2.20432 3.51578 291.515
41200 0.554426 0.780331 2.20551 3.54027 287.148
41300 0.5689 0.790564 2.25727 3.61673 296.878
41400 0.576367 0.802959 2.31694 3.69627 306.083
41500 0.580763 0.78099 2.35825 3.72 303.254
41600 0.593426 0.736104 2.3133 3.64283 311.071
41700 0.58319 0.720539 2.29561 3.59934 295.86
41800 0.562842 0.729886 2.29538 3.58811 306.996
41900 0.54002 0.729961 2.24404 3.51403 292.693
42000 0.547074 0.737171 2.25928 3.54352 304.589
42100 0.562208 0.72764 2.36052 3.65037 321.702
42200 0.595083 0.732092 2.38915 3.71633 308.712
42300 0.635959 0.761911 2.41769 3.81556 305.377
42400 0.658427 0.755329 2.441 3.85475 305.421
42500 0.660523 0.737522 2.45118 3.84922 300.51
42600 0.648472 0.704172 2.42582 3.77846 293.256
42700 0.631291 0.69556 2.43153 3.75838 292.75
42800 0.631792 0.721669 2.36914 3.7226 275.351
42900 0.619695 0.777304 2.40569 3.80269 283.252
43000 0.613128 0.817906 2.45389 3.88493 299.205
43100 0.605711 0.831208 2.46275 3.89967 296.167
43200 0.596938 0.779502 2.46197 3.83841 310.713
43300 0.592805 0.750376 2.43026 3.77344 307.605
43400 0.563951 0.733194 2.45143 3.74858 288.239
43500 0.540376 0.722035 2.50977 3.77218 292.274
43600 0.553386 0.720746 2.53421 3.80834 298.46
43700 0.562774 0.695957 2.52534 3.78407 298.63
43800 0.609083 0.702015 2.53142 3.84251 301.259
43900 0.663279 0.697128 2.52658 3.88699 297.795
44000 0.643235 0.675826 2.48206 3.80112 299.722
44100 0.621376 0.699397 2.49351 3.81428 302.249
44200 0.628587 0.730057 2.49566 3.8543 291.891
44300 0.615702 0.737618 2.46895 3.82227 287.516
44400 0.598794 0.747602 2.51235 3.85875 307.649
44500 0.576862 0.808102 2.59773 3.9827 314.399
44600 0.560104 0.833236 2.66669 4.06003 304.523
44700 0.55451 0.796985 2.71358 4.06507 290.77
44800 0.593957 0.814892 2.70546 4.11431 288.582
44900 0.59234 0.788854 2.68038 4.06157 306.334
45000 0.60356 0.766083 2.6893 4.05895 313.149
45100 0.626354 0.771834 2.73114 4.12933 305.158
45200 0.631151 0.8065 2.77409 4.21174 301.299
45300 0.599233 0.825996 2.74958 4.17481 300.289
45400 0.599747 0.837556 2.73221 4.16951 299.01
45500 0.621918 0.8542 2.72747 4.20359 289.061
45600 0.664203 0.813662 2.69461 4.17247 296.879
45700 0.697156 0.825111 2.69725 4.21952 315.567
45800 0.695201 0.816667 2.73121 4.24308 334.787
45900 0.676803 0.771906 2.81405 4.26276 333.208
46000 0.643041 0.757829 2.94158 4.34245 334.192
46100 0.601251 0.750203 3.07223 4.42369 302.455
46200 0.586048 0.79877 3.14984 4.53466 284.113
46300 0.593762 0.836627 3.08624 4.51663 294.565
46400 0.577305 0.839313 2.94348 4.36009 312.23
46500 0.575142 0.86646 2.87334 4.31494 306.281
46600 0.618207 0.837857 2.89404 4.3501 297.824
46700 0.700839 0.82513 2.99229 4.51825 287.079
46800 0.74448 0.830814 2.9686 4.5439 295.007
46900 0.750415 0.836086 2.99136 4.57786 307.273
47000 0.749199 0.847931 3.08029 4.67742 308.004
47100 0.784834 0.86703 3.17915 4.83101 305.599
47200 0.831988 0.876534 3.14928 4.8578 292.904
47300 0.819051 0.887275 3.10964 4.81596 295.979
47400 0.799544 0.92876 3.11666 4.84497 298.476
47500 0.772899 0.907999 3.19455 4.87545 303.325
47600 0.718242 0.885067 3.2724 4.87571 307.713
47700 0.693596 0.866433 3.28048 4.84051 307.65
47800 0.683333 0.85729 3.28436 4.82498 305.023
47900 0.670452 0.853491 3.27583 4.79978 288.993
48000 0.644277 0.833296 3.25332 4.73089 288.743
48100 0.653413 0.824148 3.28988 4.76745 306.551
48200 0.702601 0.814423 3.28831 4.80533 312.089
48300 0.726927 0.833254 3.30502 4.8652 342.371
48400 0.715454 0.881468 3.44543 5.04235 329.879
48500 0.674504 0.891371 3.50085 5.06673 306.91
48600 0.659707 0.867294 3.51717 5.04417 294.329
48700 0.667693 0.849428 3.47477 4.9919 306.608
48800 0.659726 0.820173 3.41214 4.89204 315.998
48900 0.663719 0.778945 3.39157 4.83424 300.357
49000 0.695851 0.775509 3.42301 4.89437 300.861
49100 0.722144 0.799062 3.48206 5.00326 286.981
49200 0.679115 0.790582 3.54507 5.01476 287.044
49300 0.636471 0.782149 3.60032 5.01894 307.797
49400 0.638102 0.789127 3.56963 4.99685 299.072
49500 0.677437 0.787256 3.54151 5.0062 297.559
49600 0.697088 0.764125 3.53086 4.99208 298.458
49700 0.703994 0.75702 3.49302 4.95404 296.774
49800 0.751021 0.744648 3.53787 5.03354 275.759
49900 0.795435 0.733289 3.54606 5.07478 290.146
50000 0.871174 0.757766 3.62283 5.25177 302.187
50100 0.99119 0.807486 3.59168 5.39035 300.398
50200 1.10216 0.872933 3.53462 5.50971 301.452
50300 1.16073 0.949346 3.55824 5.66831 309.133
50400 1.22958 0.964929 3.61606 5.81057 294.403
50500 1.29845 0.928663 3.69138 5.91849 289.72
50600 1.34165 0.861882 3.70509 5.90862 294.328
50700 1.33408 0.825404 3.69159 5.85107 304.509
50800 1.37406 0.798214 3.75632 5.92859 311.088
50900 1.42508 0.77227 3.84075 6.03811 305.941
51000 1.44059 0.745029 3.87377 6.05939 302.231
51100 1.45917 0.74154 3.87714 6.07785 289.812
51200 1.52535 0.741607 3.94798 6.21494 300.207
51300 1.57932 0.782816 3.96308 6.32521 303.078
51400 1.61037 0.794081 3.9132 6.31765 305.303
51500 1.65143 0.778467 3.884 6.3139 316.779
51600 1.67159 0.762753 3.83413 6.26847 315.921
51700 1.65882 0.769521 3.78561 6.21396 294.118
51800 1.64467 0.803797 3.84316 6.29164 296.48
51900 1.68384 0.788843 3.94693 6.41961 302.335
52000 1.7349 0.756336 3.96581 6.45705 302.697
52100 1.735 0.757585 4.01419 6.50677 300.269
52200 1.75433 0.750355 4.04901 6.55369 311.966
52300 1.72925 0.741742 4.08528 6.55627 304.766
52400 1.68868 0.778963 4.12262 6.59026 297.699
52500 1.66197 0.786001 4.12289 6.57086 286.199
52600 1.58168 0.757681 4.09987 6.43923 291.274
52700 1.49247 0.735473 4.07008 6.29802 310.357
52800 1.37285 0.721524 4.03941 6.13378 318.125
52900 1.30994 0.75947 4.03938 6.10879 307.535
53000 1.27825 0.82339 4.03898 6.14062 300.935
53100 1.23993 0.890994 4.10771 6.23863 296.254
53200 1.19407 0.918235 4.15204 6.26435 291.654
53300 1.14633 0.906086 4.1491 6.20151 309.85
53400 1.15687 0.835243 4.13727 6.12938 315.252
53500 1.13126 0.772371 4.02141 5.92504 296.057
53600 1.11167 0.744292 3.97405 5.83002 303.78
53700 1.13899 0.777205 3.95458 5.87078 298.898
53800 1.17815 0.798862 3.94891 5.92592 286.768
53900 1.21255 0.812108 3.9969 6.02155 277.446
54000 1.2941 0.801828 4.22247 6.3184 291.597
54100 1.35417 0.776519 4.29149 6.42218 296.028
54200 1.41651 0.813491 4.26387 6.49387 299.485
54300 1.50227 0.84159 4.24537 6.58922 310.326
54400 1.56113 0.816279 4.20482 6.58224 291.084
54500 1.63022 0.818411 4.24964 6.69828 287.711
54600 1.66971 0.773191 4.29684 6.73974 308.075
54700 1.72603 0.731487 4.30268 6.7602 296.042
54800 1.806 0.704179 4.27027 6.78045 287.219
54900 1.8905 0.712198 4.36359 6.96628 290.924
55000 1.95325 0.767241 4.45696 7.17746 306.223
55100 2.01142 0.809411 4.41469 7.23552 304.745
55200 2.00592 0.795634 4.3858 7.18735 301.723
55300 1.93247 0.794691 4.37542 7.10258 294.904
55400 1.82324 0.795 4.4034 7.02165 303.649
55500 1.71096 0.802397 4.39585 6.90921 319.307
55600 1.67189 0.814623 4.37407 6.86058 314.679
55700 1.64552 0.812009 4.38981 6.84734 313.687
55800 1.66112 0.808949 4.43591 6.90598 299.314
55900 1.68286 0.856075 4.39044 6.92938 296.53
56000 1.67592 0.875944 4.40001 6.95188 291.049
56100 1.67701 0.883341 4.46523 7.02558 300.897
56200 1.69433 0.877526 4.53032 7.10217 318.443
56300 1.73421 0.857312 4.58639 7.17791 302.8
56400 1.74435 0.827751 4.61751 7.18961 310.419
56500 1.68299 0.779657 4.54268 7.00533 287.621
56600 1.63062 0.771469 4.53705 6.93914 298.837
56700 1.61312 0.790765 4.60918 7.01307 293.415
56800 1.5686 0.803775 4.66433 7.0367 312.204
56900 1.54562 0.803603 4.60296 6.95218 303.583
57000 1.53695 0.792455 4.54296 6.87236 289.221
57100 1.51307 0.774282 4.44557 6.73292 287.347
57200 1.50459 0.787469 4.39168 6.68374 296.096
57300 1.49451 0.807875 4.48182 6.78421 296.046
57400 1.48444 0.83604 4.62522 6.9457 303.989
57500 1.46099 0.866743 4.69307 7.0208 306.572
57600 1.46526 0.899098 4.74118 7.10554 298.888
57700 1.47298 0.919885 4.83384 7.22671 288.313
57800 1.435 0.935381 4.90062 7.271 296.994
57900 1.39755 0.939575 4.84913 7.18625 308.514
58000 1.39083 0.911829 4.78275 7.08541 306.079
58100 1.39573 0.893408 4.82151 7.11065 306.876
58200 1.39524 0.887372 4.82121 7.10383 294.769
58300 1.43381 0.901511 4.84219 7.17751 292.402
58400 1.52178 0.918757 4.91331 7.35385 293.832
58500 1.59291 0.959252 5.01981 7.57197 310.85
58600 1.64569 1.01147 5.09277 7.74993 317.18
58700 1.75651 1.0192 5.17972 7.95543 313.31
58800 1.84684 1.01184 5.1924 8.05108 293.881
58900 1.8691 1.04898 5.22997 8.14805 295.505
59000 1.84352 1.07137 5.21735 8.13224 301.878
59100 1.85848 1.03737 5.206 8.10185 310.406
59200 1.82969 1.00329 5.14129 7.97427 313.358
59300 1.81084 1.00585 5.1489 7.96558 314.904
59400 1.8355 1.02846 5.1975 8.06146 298.959
59500 1.86944 1.05018 5.32557 8.24519 301.395
59600 1.86848 1.06309 5.33691 8.26848 294.096
59700 1.87203 1.03047 5.27953 8.18202 302.831
59800 1.83119 1.00492 5.27098 8.10708 291.838
59900 1.76622 0.989179 5.28943 8.04484 290.161
60000 1.73576 0.95108 5.3304 8.01724 287.186
60100 1.74403 0.947109 5.39082 8.08195 296.92
60200 1.78301 0.976324 5.53716 8.29649 307.035
60300 1.83417 0.952647 5.72837 8.51519 300.859
60400 1.87638 0.945892 5.8019 8.62418 306.005
60500 1.91026 0.919292 5.74193 8.57148 304.404
60600 1.95453 0.869444 5.59162 8.4156 304.998
60700 1.98791 0.834211 5.54298 8.3651 294.033
60800 2.00803 0.856619 5.56301 8.42766 293.982
60900 2.009 0.905801 5.53594 8.45074 299.188
61000 1.98266 0.96837 5.47059 8.42161 314.939
61100 1.96939 0.974765 5.43291 8.37707 311.735
61200 1.98094 0.956913 5.49235 8.4302 289.603
61300 1.98067 0.983071 5.60866 8.57241 293.671
61400 2.00858 0.989965 5.67702 8.67556 300.099
61500 1.99514 0.968099 5.69013 8.65337 306.954
61600 1.95791 0.962951 5.70245 8.62331 298.126
61700 1.93373 0.991926 5.57557 8.50122 274.696
61800 1.89609 1.00549 5.52204 8.42362 292.171
61900 1.82191 1.01296 5.58521 8.42009 316.309
62000 1.72814 1.02459 5.72901 8.48173 302.248
62100 1.66844 1.0136 5.65224 8.33428 295.982
62200 1.5811 1.01932 5.52875 8.12917 290.174
62300 1.47916 1.04368 5.59816 8.121 310.227
62400 1.45571 1.05339 5.69038 8.19948 310.446
62500 1.43698 1.03534 5.81318 8.2855 322.712
62600 1.45561 1.02601 5.77909 8.26071 317.908
62700 1.51152 1.02102 5.80493 8.33747 313.443
62800 1.57516 1.07038 5.95559 8.60114 310.841
62900 1.62784 1.13239 6.0282 8.78843 283.31
63000 1.62882 1.17602 6.05746 8.86231 298.465
63100 1.6225 1.15083 6.07694 8.85027 300.06
63200 1.62869 1.11828 6.07282 8.81979 307.06
63300 1.62584 1.13209 6.10768 8.86561 299.827
63400 1.65897 1.11826 6.08725 8.86449 282.681
63500 1.69021 1.11023 5.95683 8.75727 288.864
63600 1.73037 1.12303 5.88817 8.74157 300.942
63700 1.74716 1.1455 5.96314 8.85579 303.244
63800 1.72063 1.16421 6.03582 8.92066 308.16
63900 1.70261 1.16926 5.99329 8.86516 296.709
64000 1.69224 1.1775 6.05432 8.92405 279.231
64100 1.78073 1.18161 6.05594 9.01828 299.081
64200 1.85434 1.22053 6.09776 9.17264 298.142
64300 1.89408 1.24602 6.18275 9.32285 305.961
64400 1.93513 1.22907 6.23601 9.40021 309.658
64500 1.99086 1.2044 6.29236 9.48762 286.276
64600 2.02822 1.17136 6.38214 9.58172 281.197
64700 2.07808 1.14016 6.4083 9.62654 287.199
64800 2.10333 1.18377 6.38561 9.67272 304.392
64900 2.08182 1.24882 6.44366 9.7743 305.148
65000 2.05429 1.29245 6.51524 9.86197 296.846
65100 1.98314 1.25931 6.47564 9.7181 303.443
65200 1.92104 1.23523 6.44581 9.60209 298.045
65300 1.9112 1.22541 6.41415 9.55077 281.821
65400 1.88945 1.21891 6.53064 9.639 287.691
65500 1.90082 1.17637 6.60734 9.68453 305.755
65600 1.91287 1.17711 6.5218 9.61178 302.117
65700 1.86173 1.21995 6.45603 9.53771 296.275
65800 1.83419 1.23476 6.44654 9.51549 296.731
65900 1.82292 1.22895 6.42631 9.47818 298.701
66000 1.88022 1.19827 6.38686 9.46535 304.009
66100 1.96064 1.14545 6.35415 9.46024 312.258
66200 1.98306 1.16769 6.44184 9.59259 307.776
66300 2.04762 1.22679 6.57421 9.84863 298.557
66400 2.06866 1.22087 6.62834 9.91787 286.36
66500 2.04267 1.20517 6.69798 9.94581 291.569
66600 2.03428 1.21199 6.75248 9.99875 307.436
66700 2.03771 1.20672 6.71813 9.96256 299.298
66800 2.02537 1.18516 6.70063 9.91116 300.911
66900 1.99871 1.19909 6.78722 9.98503 298.527
67000 1.94234 1.21891 6.95433 10.1156 296.44
67100 1.95628 1.22869 7.01174 10.1967 291.302
67200 1.92999 1.23541 6.99993 10.1653 301.769
67300 1.87784 1.28229 6.95789 10.118 305.865
67400 1.80471 1.30681 6.83391 9.94543 313.748
67500 1.76024 1.31703 6.8671 9.94437 302.302
67600 1.77898 1.3077 6.90514 9.99181 298.808
67700 1.82183 1.31855 6.94555 10.0859 296.073
67800 1.85525 1.3715 7.03904 10.2658 297.734
67900 1.89342 1.41849 7.00652 10.3184 314.344
68000 1.92592 1.40945 6.98561 10.321 315.339
68100 1.97137 1.38063 6.96351 10.3155 294.387
68200 1.97174 1.37144 6.99851 10.3417 300.339
68300 1.99774 1.35544 7.16547 10.5187 297.346
68400 2.02582 1.32048 7.36418 10.7105 295.529
68500 2.01728 1.3308 7.40213 10.7502 282.764
68600 2.07159 1.3144 7.42862 10.8146 289.336
68700 2.1266 1.26418 7.44286 10.8336 302.788
68800 2.1414 1.24793 7.39849 10.7878 300.229
68900 2.16124 1.23089 7.50623 10.8984 302.099
69000 2.12329 1.24338 7.61881 10.9855 301.349
69100 2.06193 1.24681 7.6331 10.9418 289.543
69200 2.05611 1.26807 7.65409 10.9783 283.865
69300 2.06186 1.25793 7.57036 10.8901 296.604
69400 2.08315 1.24097 7.44419 10.7683 300.897
69500 2.07084 1.29561 7.35389 10.7203 304.677
69600 2.05042 1.378 7.38438 10.8128 297.833
69700 2.06902 1.40269 7.36725 10.839 292.738
69800 2.12183 1.41452 7.34297 10.8793 285.981
69900 2.17021 1.35676 7.45932 10.9863 291.55
70000 2.22514 1.28413 7.49653 11.0058 301.116
70100 2.31196 1.23614 7.57009 11.1182 308.315
70200 2.40789 1.23502 7.6501 11.293 305.847
70300 2.43105 1.24074 7.65722 11.329 302.36
70400 2.41845 1.27002 7.7385 11.427 293.93
70500 2.40131 1.30086 7.80197 11.5041 287.553
70600 2.37601 1.34667 7.83263 11.5553 291.403
70700 2.38789 1.3352 7.80593 11.529 299.412
70800 2.40901 1.31673 7.76465 11.4904 315.609
70900 2.44964 1.29305 7.86447 11.6072 301.002
71000 2.49612 1.26254 7.89203 11.6507 279.216
71100 2.4799 1.26464 7.90702 11.6516 293.194
71200 2.47345 1.3366 8.0855 11.8956 303.894
71300 2.496 1.40731 8.24098 12.1443 311.714
71400 2.53594 1.43151 8.19787 12.1653 287.526
71500 2.59167 1.43395 8.24015 12.2658 279.601
71600 2.64618 1.44974 8.35027 12.4462 291.501
71700 2.65203 1.4418 8.34649 12.4403 300.254
71800 2.62202 1.38878 8.36633 12.3771 300.39
71900 2.53442 1.37286 8.4157 12.323 293.339
72000 2.45427 1.37778 8.44973 12.2818 301.813
72100 2.44892 1.41987 8.51926 12.388 311.591
72200 2.42544 1.48657 8.53162 12.4436 327.293
72300 2.35753 1.50282 8.58673 12.4471 306.062
72400 2.3042 1.51408 8.60362 12.4219 302.089
72500 2.23306 1.54074 8.7958 12.5696 298.107
72600 2.13601 1.51625 8.96341 12.6157 296.231
72700 2.07175 1.50446 9.1202 12.6964 286.282
72800 2.0571 1.49799 9.15322 12.7083 303.331
72900 2.11589 1.51564 9.00133 12.6329 307.467
73000 2.17014 1.49906 8.86229 12.5315 305.897
73100 2.21541 1.49157 8.8126 12.5196 300.367
73200 2.30539 1.50183 8.79091 12.5981 286.343
73300 2.3885 1.51267 8.76769 12.6689 299.734
73400 2.51018 1.52845 8.87942 12.9181 302.508
73500 2.59887 1.52625 8.9994 13.1245 300.264
73600 2.60777 1.50818 9.0134 13.1294 285.235
73700 2.56938 1.54133 9.16876 13.2795 283.772
73800 2.51432 1.50568 9.17128 13.1913 306.244
73900 2.49005 1.47027 9.05628 13.0166 306.482
74000 2.43939 1.45877 9.05294 12.9511 307.798
74100 2.38033 1.45846 9.04023 12.879 301.737
74200 2.38031 1.44262 9.0423 12.8652 291.351
74300 2.3959 1.4559 9.22103 13.0728 284.159
74400 2.41643 1.44922 9.43817 13.3038 299.734
74500 2.40434 1.4627 9.55883 13.4259 308.927
74600 2.38769 1.46562 9.45566 13.309 306.583
74700 2.37794 1.48526 9.3196 13.1828 299.524
74800 2.39723 1.44401 9.21372 13.055 282.172
74900 2.40235 1.41387 9.22636 13.0426 279.806
75000 2.3875 1.43587 9.36548 13.1889 286.776
75100 2.38427 1.45414 9.51256 13.351 297.028
75200 2.39044 1.47062 9.54509 13.4061 299.484
75300 2.35094 1.51749 9.52672 13.3951 309.72
75400 2.27134 1.49203 9.47523 13.2386 297.834
75500 2.18583 1.43501 9.4318 13.0526 294.043
75600 2.14803 1.36169 9.37749 12.8872 292.913
75700 2.13824 1.36177 9.36293 12.8629 300.169
75800 2.17603 1.39011 9.35416 12.9203 313.414
75900 2.26127 1.39148 9.37234 13.0251 306.747
76000 2.34171 1.40264 9.35632 13.1007 304.277
76100 2.39629 1.42121 9.47345 13.2909 294.468
76200 2.43307 1.42987 9.55563 13.4186 290.092
76300 2.50003 1.4346 9.55289 13.4875 286.819
76400 2.53216 1.43573 9.5452 13.5131 303.682
76500 2.58367 1.41226 9.52551 13.5214 308.556
76600 2.65374 1.40655 9.45011 13.5104 292.115
76700 2.65046 1.44268 9.47872 13.5719 292.637
76800 2.5855 1.49176 9.58344 13.6607 304.249
76900 2.52131 1.47549 9.61007 13.6069 323.37
77000 2.437 1.44051 9.7053 13.5828 299.857
77100 2.36803 1.43557 9.75785 13.5614 297.509
77200 2.33619 1.4499 9.81219 13.5983 297.325
77300 2.35265 1.44658 9.87535 13.6746 295.448
77400 2.35423 1.42976 9.86546 13.6494 309.864
77500 2.31092 1.44933 9.82663 13.5869 317.422
77600 2.28011 1.4998 9.76781 13.5477 309.076
77700 2.23354 1.52459 9.78401 13.5421 303.215
77800 2.17589 1.4727 9.87611 13.5247 292.947
77900 2.15265 1.52159 9.91719 13.5914 293.517
78000 2.21082 1.56747 9.97363 13.7519 306.793
78100 2.29085 1.6176 9.95571 13.8642 319.368
78200 2.42223 1.60316 9.96103 13.9864 302.191
78300 2.53568 1.56914 9.98553 14.0903 295.691
78400 2.62153 1.54045 10.1235 14.2854 297.88
78500 2.70276 1.52154 10.1911 14.4154 293.247
78600 2.72013 1.48934 10.071 14.2804 299.765
78700 2.619 1.44108 10.0543 14.1144 311.844
78800 2.48525 1.40959 9.96545 13.8603 324.052
78900 2.39761 1.42759 9.90174 13.7269 332.927
79000 2.36511 1.40156 9.89154 13.6582 379.373
79100 2.31699 1.39157 10.0529 13.7614 401.659
79200 2.20034 1.40102 10.3631 13.9645 398.831
79300 2.10922 1.40862 10.6781 14.1959 352.574
79400 2.01676 1.38983 10.9803 14.3869 300.565
79500 1.89149 1.38634 11.2437 14.5215 286.646
79600 1.85399 1.44084 11.1678 14.4626 295.884
79700 1.88418 1.50966 11.0222 14.416 293.229
79800 1.9065 1.55028 11.1291 14.5858 290.723
79900 1.91688 1.62761 11.321 14.8655 308.505
80000 1.90577 1.74418 11.3627 15.0126 314.356
80100 1.8945 1.811 11.5702 15.2757 302.522
80200 1.83569 1.86723 11.6192 15.3222 297.624
80300 1.75388 1.93073 11.4728 15.1574 292.547
80400 1.66967 1.9081 11.2993 14.8771 299.894
80500 1.62577 1.8339 11.3156 14.7752 297.957
80600 1.61265 1.72513 11.4729 14.8106 295.271
80700 1.64306 1.55444 11.4798 14.6773 312.661
80800 1.65252 1.47929 11.4294 14.5612 307.727
80900 1.61899 1.50494 11.4114 14.5353 299.454
81000 1.58057 1.54015 11.3993 14.52 286.784
81100 1.55623 1.57822 11.5346 14.6691 300.486
81200 1.52802 1.581 11.597 14.706 298.163
81300 1.55263 1.55333 11.5909 14.6968 318.648
81400 1.63846 1.61563 11.5473 14.8014 336.844
81500 1.75749 1.65693 11.6332 15.0476 314.939
81600 1.76531 1.68999 11.6723 15.1276 309.355
81700 1.806 1.70415 11.711 15.2212 303.693
81800 1.86417 1.71794 11.8217 15.4038 291.55
81900 1.89951 1.72218 11.8708 15.4925 296.304
82000 1.95195 1.71071 11.9148 15.5775 318.106
82100 1.92064 1.63668 11.7737 15.3311 321.154
82200 1.83432 1.59544 11.6918 15.1215 301.53
82300 1.74954 1.60642 11.7798 15.1358 291.122
82400 1.66789 1.57956 11.8441 15.0916 303.33
82500 1.66952 1.62005 11.9685 15.2581 312.759
82600 1.6626 1.64936 12.0875 15.3994 301.997
82700 1.66354 1.67033 12.3419 15.6758 339.65
82800 1.62251 1.68055 12.6289 15.932 352.791
82900 1.5085 1.67235 12.9487 16.1296 319.862
83000 1.47178 1.65409 13.426 16.5519 297.159
83100 1.52735 1.63178 13.7182 16.8773 292.271
83200 1.58135 1.59005 13.752 16.9234 290.604
83300 1.61245 1.62709 13.7392 16.9788 299.135
83400 1.67794 1.64114 13.717 17.036 301.171
83500 1.73302 1.64782 13.7564 17.1373 318.237
83600 1.70112 1.6739 13.7635 17.1385 304.057
83700 1.66837 1.76991 13.6864 17.1247 290.022
83800 1.64387 1.77859 13.6021 17.0245 293.088
83900 1.57365 1.69221 13.4152 16.681 310.132
84000 1.54944 1.65484 13.2335 16.4378 301.774
84100 1.526 1.66507 13.1299 16.321 297.03
84200 1.47015 1.59322 13.0656 16.129 279.95
84300 1.39733 1.56126 12.9962 15.9548 292.506
84400 1.39277 1.5486 12.8834 15.8248 302.752
84500 1.41207 1.58179 12.7864 15.7803 298.626
84600 1.48024 1.6077 12.7302 15.8181 309.397
84700 1.59768 1.65749 12.6446 15.8998 281.993
84800 1.69072 1.68664 12.8503 16.2277 284.947
84900 1.74487 1.73573 13.0464 16.527 290.759
85000 1.81058 1.73182 13.2901 16.8325 325.326
85100 1.84326 1.72712 13.4629 17.0333 348.938
85200 1.88442 1.77885 13.5213 17.1846 322.09
85300 1.93367 1.81288 13.6846 17.4311 305.211
85400 1.92262 1.85357 13.808 17.5842 286.564
85500 1.8862 1.87232 13.9486 17.7071 301.41
85600 1.8742 1.84812 14.1233 17.8456 301.393
85700 1.86541 1.8078 14.119 17.7923 301.52
85800 1.84848 1.80382 14.0205 17.6728 302.52
85900 1.8053 1.83103 14.1499 17.7863 303.415
86000 1.80602 1.81393 14.4942 18.1141 315.578
86100 1.79213 1.73676 14.609 18.1379 314.959
86200 1.75997 1.72657 14.8072 18.2937 296.568
86300 1.76002 1.72591 14.9181 18.4041 305.928
86400 1.82462 1.69975 15.0514 18.5758 287.649
86500 1.88844 1.7114 15.066 18.6659 292.396
86600 1.92427 1.71252 15.0722 18.709 301.476
86700 1.87458 1.72719 14.963 18.5647 311.949
86800 1.68483 1.72098 14.79 18.1958 307.226
86900 1.58152 1.73955 14.5497 17.8708 310.704
87000 1.54594 1.75969 14.4289 17.7345 295.322
87100 1.58426 1.84142 14.3784 17.8041 298.447
87200 1.71516 1.84579 14.4032 17.9641 297.775
87300 1.86645 1.77415 14.4367 18.0773 315.353
87400 2.02879 1.78212 14.6399 18.4508 320.423
87500 2.14697 1.83387 14.7224 18.7032 301.883
87600 2.15668 1.83931 14.7384 18.7344 290.352
87700 2.09946 1.84671 14.7016 18.6478 291.704
87800 2.05309 1.88343 14.5502 18.4867 306.521
87900 1.98929 1.93151 14.6229 18.5437 307.448
88000 1.91257 1.92264 14.5583 18.3935 308.999
88100 1.84698 1.94467 14.4252 18.2169 297.241
88200 1.79051 2.01416 14.3515 18.1562 289.641
88300 1.73384 2.1035 14.3404 18.1777 302.609
88400 1.72262 2.18682 14.4325 18.3419 308.22
88500 1.88448 2.21065 14.6639 18.759 301.548
88600 2.06448 2.18896 14.7785 19.0319 303.83
88700 2.20206 2.24651 14.8082 19.2568 298.707
88800 2.2526 2.40185 14.8584 19.5128 304.227
88900 2.2652 2.51415 15.0672 19.8465 291.127
89000 2.2742 2.57577 15.1587 20.0087 291.956
89100 2.36837 2.68195 14.9777 20.0281 308.788
89200 2.47903 2.70788 14.7445 19.9314 310.922
89300 2.50773 2.67127 14.519 19.698 300.354
89400 2.52437 2.66576 14.423 19.6131 298.783
89500 2.52471 2.69932 14.497 19.721 286.144
89600 2.53874 2.65355 14.5704 19.7627 307.353
89700 2.55422 2.52458 14.5067 19.5855 313.304
89800 2.49333 2.56392 14.4886 19.5459 307.939
89900 2.41711 2.63878 14.3907 19.4466 302.171
90000 2.32446 2.69495 14.3451 19.3645 291.132
90100 2.25953 2.76818 14.4573 19.485 298.044
90200 2.20205 2.81806 14.7065 19.7266 302.316
90300 2.16666 2.8494 14.7919 19.808 317.101
90400 2.17418 2.90471 14.9382 20.0171 312.658
90500 2.19362 3.03572 14.8913 20.1207 305.799
90600 2.21681 3.08245 14.8183 20.1176 298.096
90700 2.21699 3.1443 14.7319 20.0932 296.068
90800 2.20748 3.21194 14.8482 20.2676 298.103
90900 2.19719 3.2707 15.0515 20.5194 310.922
91000 2.18812 3.33891 15.1307 20.6578 315.2
91100 2.16212 3.41813 15.3038 20.884 310.243
91200 2.17169 3.45584 15.3653 20.9928 306.218
91300 2.2651 3.44012 15.5143 21.2195 291.89
91400 2.32463 3.3893 15.6179 21.3318 295.752
91500 2.39617 3.35097 15.5693 21.3164 310.803
91600 2.4391 3.37797 15.5688 21.3859 305.563
91700 2.44691 3.41905 15.5779 21.4439 305.842
91800 2.41115 3.41919 15.6553 21.4857 297.972
91900 2.35747 3.36086 15.813 21.5313 285.405
92000 2.32287 3.29659 15.8511 21.4706 302.844
92100 2.27725 3.2697 15.6891 21.236 307.873
92200 2.29127 3.23808 15.5931 21.1225 315.276
92300 2.32807 3.17188 15.5952 21.0952 319.407
92400 2.38246 3.09287 15.5062 20.9815 304.133
92500 2.39736 3.02847 15.4578 20.8836 291.311
92600 2.36496 3.00552 15.4324 20.8029 294.462
92700 2.35004 3.02712 15.4617 20.8389 305.33
92800 2.32726 3.07862 15.4469 20.8528 315.592
92900 2.33159 3.13385 15.5564 21.0219 302.454
93000 2.35023 3.15104 15.5147 21.016 286.388
93100 2.37343 3.15752 15.6563 21.1873 289.457
93200 2.41518 3.12812 15.812 21.3553 308.057
93300 2.43567 3.13295 15.8932 21.4618 308.434
93400 2.41807 3.1604 15.9897 21.5682 301.918
93500 2.42605 3.14527 16.0672 21.6385 279.697
93600 2.42416 3.18244 16.0122 21.6188 286.796
93700 2.39393 3.22573 15.9148 21.5345 291.584
93800 2.39287 3.21211 15.86 21.465 294.733
93900 2.41833 3.17111 15.9313 21.5207 303.728
94000 2.483 3.16899 16.0109 21.6628 302.045
94100 2.56318 3.1556 16.113 21.8318 294.654
94200 2.64934 3.09005 16.4662 22.2056 281.344
94300 2.65192 3.01792 16.6909 22.3607 282.412
94400 2.57645 3.02025 16.8237 22.4204 294.1
94500 2.52887 3.04603 16.9739 22.5488 302.938
94600 2.41762 3.0205 16.9532 22.3913 302.268
94700 2.27007 2.98185 16.885 22.137 300.375
94800 2.15216 2.98672 16.711 21.8499 290.523
94900 2.13334 2.99466 16.5675 21.6955 282.052
95000 2.17942 3.04116 16.5359 21.7565 293.555
95100 2.07372 3.10889 16.6334 21.816 300.143
95200 2.0642 3.1608 16.7657 21.9907 302.001
95300 2.13157 3.1851 16.7837 22.1004 302.385
95400 2.15397 3.17121 16.7603 22.0854 311.474
95500 2.21332 3.12785 16.6888 22.03 293.222
95600 2.23845 3.11127 16.8063 22.156 294.743
95700 2.22386 3.13751 16.9343 22.2957 300.209
95800 2.21375 3.19505 16.8696 22.2784 300.46
95900 2.24306 3.29694 16.9272 22.4672 322.511
96000 2.27723 3.39374 16.9105 22.5815 308.984
96100 2.31353 3.53507 16.776 22.6245 297.121
96200 2.2929 3.55653 16.7747 22.6241 298.138
96300 2.15486 3.52121 16.6953 22.3714 296.345
96400 2.0676 3.51849 16.5537 22.1398 284.451
96500 2.11907 3.49632 16.5714 22.1868 287.471
96600 2.18203 3.50884 16.6934 22.3843 309.297
96700 2.22599 3.6048 16.9111 22.7419 303.137
96800 2.2687 3.67125 17.0104 22.9503 308.708
96900 2.28161 3.65502 17.0708 23.0074 294.933
97000 2.28102 3.59092 17.2503 23.1223 287.329
97100 2.29373 3.54468 17.3091 23.1475 286.94
97200 2.30204 3.45505 17.3926 23.1497 307.85
97300 2.26875 3.34854 17.4062 23.0235 303.502
97400 2.28646 3.30105 17.4134 23.0009 299.443
97500 2.32175 3.32381 17.5228 23.1684 284.931
97600 2.38578 3.31608 17.6437 23.3456 286.14
97700 2.3991 3.34273 17.5602 23.302 287.421
97800 2.38779 3.3323 17.484 23.2041 307.231
97900 2.33503 3.31979 17.4192 23.0741 305.223
98000 2.32309 3.33522 17.4443 23.1026 293.362
98100 2.38049 3.31459 17.51 23.2051 294.18
98200 2.41395 3.27793 17.6836 23.3755 298.651
98300 2.38513 3.25313 17.7535 23.3918 312.37
98400 2.33609 3.30175 17.7486 23.3864 317.585
98500 2.30216 3.32137 17.7083 23.3318 299.647
98600 2.3221 3.26528 17.8231 23.4105 294.701
98700 2.31932 3.21672 18.0133 23.5493 290.278
98800 2.26317 3.21566 17.9678 23.4467 306.718
98900 2.32539 3.25698 17.8677 23.4501 310.798
99000 2.34236 3.29061 17.8261 23.4591 299.231
99100 2.271 3.19693 17.8042 23.2721 288.129
99200 2.25501 3.12651 17.9745 23.3561 287.402
99300 2.26623 3.13648 18.228 23.6307 301.333
99400 2.24197 3.09529 18.448 23.7852 300.863
99500 2.21116 2.97973 18.4651 23.656 314.087
99600 2.16429 2.91838 18.5353 23.618 303.738
99700 2.15569 2.97787 18.5468 23.6803 293.515
99800 2.11679 3.06876 18.4811 23.6667 291.68
99900 2.11388 3.11472 18.4649 23.6935 300.175
100000 2.16381 3.20306 18.4113 23.7782 304.615
100100 2.19611 3.33483 18.427 23.958 313.601
100200 2.19331 3.44866 18.2416 23.8836 328.884
100300 2.15694 3.55403 17.9857 23.6966 310.03
100400 2.16594 3.5951 17.8023 23.5634 304.988
100500 2.14044 3.66785 17.7719 23.5802 299.645
100600 2.15798 3.7253 17.9793 23.8625 292.009
100700 2.20291 3.75366 18.1292 24.0857 304.282
100800 2.24429 3.77222 18.3947 24.4112 310.142
100900 2.3229 3.772 18.7838 24.8787 311.995
101000 2.33848 3.71729 19.0036 25.0594 304.914
101100 2.26274 3.69945 19.0403 25.0025 293.921
101200 2.20824 3.76667 19.0081 24.983 290.977
101300 2.24515 3.8278 18.9461 25.0191 305.446
101400 2.27855 3.89885 19.013 25.1905 307.171
101500 2.26469 3.94842 18.9852 25.1983 295.692
101600 2.25032 4.00282 18.8636 25.1168 306.183
101700 2.28056 4.03213 18.7249 25.0375 298.88
101800 2.32033 4.04309 18.6863 25.0497 286.449
101900 2.32035 4.06897 18.8507 25.24 287.04
102000 2.29312 4.01248 18.7815 25.0871 280.502
102100 2.2545 3.94506 18.8392 25.0387 300.292
102200 2.25437 3.84597 18.8767 24.977 304.792
102300 2.23455 3.8096 18.9333 24.9775 306.792
102400 2.2005 3.76877 19.1482 25.1175 295.929
102500 2.24061 3.69326 19.2615 25.1954 285.702
102600 2.25093 3.67855 19.3609 25.2904 285.869
102700 2.22192 3.73367 19.3435 25.2991 305.314
102800 2.20545 3.70806 19.1361 25.0496 297.779
102900 2.1407 3.66458 19.1321 24.9373 300.462
103000 2.11815 3.59051 19.2325 24.9412 301.195
103100 2.08079 3.50183 19.3395 24.9221 302.938
103200 2.09862 3.42313 19.4733 24.9951 311.665
103300 2.15108 3.3987 19.4707 25.0205 301.051
103400 2.18459 3.41577 19.4419 25.0423 292.004
103500 2.21052 3.40623 19.4427 25.0595 291.021
103600 2.21083 3.439 19.5108 25.1607 311.666
103700 2.22887 3.43608 19.7009 25.3659 313.588
103800 2.29612 3.41929 19.7713 25.4867 305.293
103900 2.37266 3.37062 19.6569 25.4002 301.983
104000 2.49193 3.31226 19.5839 25.3881 289.707
104100 2.56205 3.28242 19.5804 25.4248 291.319
104200 2.57404 3.28656 19.6834 25.544 295.335
104300 2.68529 3.27364 19.8913 25.8502 308.359
104400 2.79397 3.27297 20.094 26.1609 303.286
104500 2.85121 3.17235 20.1505 26.1741 307.645
104600 2.80279 3.10509 20.2494 26.1572 290.665
104700 2.81164 3.05866 20.3438 26.2141 287.608
104800 2.84848 3.00641 20.3855 26.2404 277.965
104900 2.86345 2.98299 20.4613 26.3078 290.776
105000 2.89574 2.96134 20.523 26.3801 300.009
105100 2.91501 2.90014 20.5245 26.3396 308.84
105200 2.91184 2.84174 20.5731 26.3267 299.577
105300 2.88226 2.78327 20.4348 26.1003 298.743
105400 2.86219 2.7346 20.4043 26.0011 286.099
105500 2.89005 2.63748 20.6015 26.129 288.846
105600 2.86413 2.59247 20.7061 26.1627 298.925
105700 2.82517 2.63008 20.7065 26.1618 297.746
105800 2.76551 2.69226 20.6562 26.1139 299.379
105900 2.73357 2.72455 20.6143 26.0724 308.903
106000 2.77547 2.70295 20.5793 26.0577 297.03
106100 2.79257 2.68048 20.7541 26.2271 286.256
106200 2.71975 2.69005 20.77 26.1798 278.921
106300 2.71102 2.75422 20.6133 26.0785 306.364
106400 2.84603 2.8361 20.6203 26.3024 289.763
106500 2.88136 2.92156 20.64 26.4429 305.365
106600 2.95394 3.00962 20.8455 26.8091 316.108
106700 3.04407 3.06385 20.774 26.8819 295.497
106800 3.0735 3.15912 20.6289 26.8615 282.767
106900 3.12364 3.32878 20.6965 27.1489 292.283
107000 3.13125 3.49378 20.7972 27.4222 306.379
107100 3.06708 3.60959 20.8904 27.5671 308.958
107200 3.01555 3.61777 20.9068 27.5401 308.364
107300 2.9304 3.56396 20.9188 27.4132 302.907
107400 2.85432 3.52367 20.9741 27.3521 295.048
107500 2.80786 3.40785 21.118 27.3337 291.209
107600 2.70197 3.41673 21.2078 27.3265 306.81
107700 2.64875 3.43078 21.3421 27.4217 316.967
107800 2.62731 3.35255 21.4621 27.442 288.728
107900 2.62686 3.26438 21.5571 27.4483 286.538
108000 2.62447 3.26067 21.4417 27.3268 294.839
108100 2.56282 3.21507 21.2695 27.0474 309.773
108200 2.4948 3.18376 21.1712 26.8498 305.708
108300 2.43449 3.18074 20.9809 26.5961 292.9
108400 2.47374 3.11329 20.9263 26.5134 294.875
108500 2.42935 3.05552 21.1743 26.6592 290.489
108600 2.41512 3.02428 21.2308 26.6702 279.855
108700 2.4484 2.99319 21.2305 26.6721 298.308
108800 2.41408 3.00032 21.2403 26.6547 309.367
108900 2.42277 2.96445 21.2799 26.6671 301.264
109000 2.43534 2.92959 21.3186 26.6835 294.37
109100 2.46894 2.94207 21.4233 26.8343 282.07
109200 2.53194 2.89438 21.5232 26.9496 288.254
109300 2.66398 2.84612 21.7639 27.2739 288.281
109400 2.71753 2.82581 21.9095 27.4528 305.422
109500 2.70038 2.80887 21.9826 27.4919 312.362
109600 2.69892 2.83353 21.9322 27.4646 298.176
109700 2.78531 2.88235 21.8634 27.531 288.39
109800 2.87947 2.93963 21.7299 27.549 298.146
109900 2.92979 2.94685 21.7345 27.6111 305.228
110000 2.95737 2.95498 21.6943 27.6067 300.718
110100 2.99877 2.96915 21.5964 27.5643 300.788
110200 3.05351 3.04783 21.6357 27.737 298.751
110300 3.11856 3.10735 21.7674 27.9934 292.229
110400 3.17215 3.14301 21.9573 28.2724 290.453
110500 3.1812 3.16973 22.0955 28.4464 295.453
110600 3.15971 3.2169 22.2186 28.5952 305.682
110700 3.13534 3.24101 22.397 28.7734 306.133
110800 3.12755 3.20928 22.2672 28.604 304.445
110900 3.08421 3.1714 22.2342 28.4898 297.678
111000 2.99212 3.09046 22.1859 28.2684 287.366
111100 2.92072 3.0669 22.1407 28.1283 287.612
111200 2.83493 3.03749 22.2083 28.0807 297.109
111300 2.80599 3.06663 22.11 27.9826 310.126
111400 2.71452 3.09363 22.1853 27.9934 308.536
111500 2.65235 3.06052 22.2927 28.0055 294.884
111600 2.64397 3.08794 22.2687 28.0006 292.593
111700 2.60629 3.12223 22.3742 28.1028 296.145
111800 2.55088 3.1413 22.3929 28.085 302.066
111900 2.5254 3.1282 22.4949 28.1485 296.781
112000 2.45183 3.16497 22.5968 28.2137 307.331
112100 2.44067 3.2141 22.5674 28.2221 318.268
112200 2.49974 3.27753 22.5498 28.3271 312.761
112300 2.44847 3.34231 22.5498 28.3405 307.95
112400 2.41977 3.34309 22.6306 28.3935 299.429
112500 2.46647 3.3035 22.875 28.645 296.693
112600 2.45024 3.30858 23.2587 29.0175 300.365
112700 2.40261 3.26474 23.3273 28.9947 284.79
112800 2.4035 3.24376 23.4068 29.054 279.61
112900 2.52311 3.27925 23.2735 29.0759 294.863
113000 2.60162 3.33906 23.2391 29.1798 299.481
113100 2.63994 3.39783 23.0162 29.054 301.563
113200 2.65968 3.46128 22.9697 29.0906 302.447
113300 2.71464 3.60601 23.1208 29.4414 300.833
113400 2.7792 3.76557 23.0969 29.6417 291.527
113500 2.8282 3.90062 22.9914 29.7202 297.74
113600 2.89751 3.92001 23.0228 29.8403 308.185
113700 2.97459 3.9607 23.1921 30.1274 305.387
113800 3.0731 4.00445 23.3901 30.4677 305.642
113900 3.10959 3.96398 23.3011 30.3746 304.754
114000 3.11118 3.95526 23.2082 30.2747 299.386
114100 3.14107 4.00045 23.3497 30.4912 289.686
114200 3.16381 3.9357 23.561 30.6605 292.572
114300 3.17776 3.85331 23.8247 30.8558 315.006
114400 3.00919 3.8436 24.1853 31.0381 354.387
114500 2.82535 3.84937 24.4434 31.1181 368.413
114600 2.74624 3.72104 24.9216 31.3889 338.547
114700 2.757 3.66287 25.5278 31.9477 309.95
114800 2.78381 3.70207 25.9682 32.4541 288.204
114900 2.82549 3.70779 26.2437 32.777 285.021
115000 2.94494 3.66625 26.1973 32.8085 301.532
115100 2.99985 3.62629 25.8292 32.4553 315.037
115200 3.02246 3.50601 25.5219 32.0503 304.436
115300 2.96729 3.42734 25.4379 31.8326 303.435
115400 2.87724 3.33676 25.3277 31.5417 302.292
115500 2.86656 3.21213 25.3982 31.4768 299.604
115600 2.8651 3.10459 25.3117 31.2814 288.524
115700 2.84764 2.96342 25.2441 31.0552 300.612
115800 2.83415 2.97906 25.3905 31.2037 315.262
115900 2.86231 2.97141 25.5466 31.3803 309.152
116000 2.83471 2.94134 25.7234 31.4994 305.31
116100 2.82508 2.85934 25.8834 31.5678 300.95
116200 2.75234 2.89718 25.9115 31.5611 300.241
116300 2.64795 2.94719 26.0414 31.6366 294.131
116400 2.5085 2.97267 25.972 31.4532 297.897
116500 2.43549 2.97729 25.948 31.3608 298.152
116600 2.4321 2.92998 25.9678 31.3299 312.486
116700 2.41119 2.97644 26.0855 31.4732 320.311
116800 2.40802 3.05039 26.2147 31.6731 303.952
116900 2.44663 3.02787 26.2773 31.7518 301.081
117000 2.53097 3.0565 26.3993 31.9868 302.222
117100 2.6173 3.08601 26.3855 32.0889 285.638
117200 2.70335 3.14153 26.5492 32.3941 299.081
117300 2.71423 3.23789 26.7657 32.7178 314.202
117400 2.76361 3.27924 26.8283 32.8712 310.089
117500 2.82835 3.2938 26.9548 33.0769 288.981
117600 2.95962 3.31948 26.9068 33.1859 292.144
117700 3.02171 3.30268 26.7486 33.073 304.113
117800 3.03607 3.28517 26.6637 32.985 311.825
117900 3.07389 3.20757 26.6443 32.9258 311.831
118000 3.08126 3.15416 26.6335 32.8689 305.203
118100 3.06228 3.16843 26.7084 32.9391 300.018
118200 2.92423 3.12112 26.6343 32.6797 296.79
118300 2.88103 2.99863 26.7492 32.6288 302.726
118400 2.89806 2.95382 26.988 32.8399 299.481
118500 2.95842 3.01771 27.2859 33.262 289.248
118600 2.9773 3.11492 27.4528 33.545 290.928
118700 3.02605 3.14741 27.5559 33.7294 300.514
118800 3.02965 3.08827 27.5976 33.7155 309.962
118900 2.93522 3.0766 27.6527 33.6645 302.603
119000 2.88783 3.06207 27.65 33.5999 293.595
119100 2.86701 2.9935 27.5937 33.4542 296.906
119200 2.88829 2.93498 27.5671 33.3904 320.501
119300 2.89439 2.94707 27.5233 33.3648 310.872
119400 2.83476 3.00274 27.4116 33.2491 305.354
119500 2.80892 3.02544 27.4184 33.2528 301.126
119600 2.77616 3.04804 27.5937 33.4179 296.466
119700 2.78893 3.10347 27.6169 33.5093 299.168
119800 2.89839 3.0918 27.5001 33.4903 291.437
119900 2.89154 3.10506 27.5341 33.5307 310.008
120000 2.88296 3.12387 27.6173 33.6242 311.935
