# Stress and strain vectors, 333U-50C-26-vasp, positive deformation 5
# eps sig1 sig2 sig3 sig4 sig5 sig6
0 -0 -0 -0 -0 -0 -0
0.004 1.43985469701382 1.02083138230564 0.858275772690545 -0.118435452388287 -0.181331542579598 -0.0043343580244757
0.00799999999999987 1.76549570624721 1.61534296336546 1.29841448095155 0.0803417363116901 -0.101346850942601 -0.0968442615527238
0.012 1.32197315826375 1.08867459466572 0.722360813279569 -0.098936080732873 -0.064437384613511 -0.0641417372737992
0.0160000000000001 1.207942645372 1.06666338044368 0.709750811296066 -0.0406952299746079 -0.234843926588611 -0.0974900733099895
0.02 1.60855844458536 0.81008832851926 1.12452545134462 0.0503845060560514 -0.252479140951548 -0.187682893703859
0.0239999999999999 1.01645141524885 0.805843112726048 0.887528929502606 -0.210471060509752 -0.452514587839896 -0.106352730654285
0.028 1.27673115754614 0.969051782905473 0.730202428411698 -0.0587158977483154 -0.360974495284858 0.0877601280970437
0.0320000000000001 1.43174186058629 1.05805263467715 1.05024321754291 -0.223720140345142 0.0578717839779555 0.0325677085765046
0.036 1.30579354991967 0.685283158634864 0.79353680840481 -0.231887319169462 0.0199666636598741 -0.0300857824087371
0.0399999999999999 1.47596441489442 0.618659322815305 0.542953179384469 0.0151507006793079 0.421297571056271 -0.0644333136682368
0.044 1.080277238994 1.13207429466365 1.09602065234793 -0.122502826759466 -0.148607629930885 -0.0550628252488806
0.0480000000000001 1.33602126269918 0.894701923708746 1.0106110094208 -0.265828443041756 -0.141283979732037 -0.110157610872179
0.052 1.22394606824379 0.5520189117648 0.891597720338231 -0.317400485565724 0.0434166299776162 -0.239261185253006
0.0560000000000001 1.08943643318072 1.05863260802474 0.655228630719584 -0.303330876797 0.139567977848803 -0.128894686719491
0.0599999999999999 1.73409889135524 1.15011322660251 0.674631381704816 -0.24299997922134 -0.0731562249187411 -0.0375250612126265
0.0640000000000001 0.924406872958642 0.871002458666686 0.319497791292889 0.0240418151529912 0.128672944167085 -0.106609223720748
0.068 1.13915399113889 1.19811117414361 0.962806832230246 -0.32922904742305 0.0264993083402488 0.205106622666368
0.072 1.26098329693017 1.05456146729131 0.984800250937636 -0.263686158886517 0.0678794299785404 -0.0406617378224133
0.076 1.39473246624877 0.974967402962871 0.854806788849793 -0.147353076171864 0.153706584323737 0.00632024286930286
0.08 1.73217281323862 1.36165277812024 0.95391096169834 -0.130536729479406 0.108116952932812 -0.217603691073494
0.084 1.49668337484112 1.07141982222307 0.680150316146616 -0.366304386255157 0.18148611523424 -0.111776890190821
0.088 1.78629872656944 1.16467552535338 1.159581346152 0.0395619031010718 0.136262929799094 -0.029349242630382
0.092 1.80406938056606 0.989569721067876 1.03181008150835 -0.117086581926181 0.118485771683516 -0.13635834441589
0.096 1.60323970073886 1.05681120709268 0.927605227866216 -0.137260056730299 0.082288797286204 0.0726596121352093
0.1 1.30368261390257 1.20331779785398 0.770302234491351 -0.396795986452499 0.0355232292736749 -0.175315780299469
0.104 1.09582128509072 1.11725714972303 0.912375121244402 -0.191686817217129 -0.0422742891387695 0.00672037153883939
0.108 1.45232722761635 1.15622516034227 1.08363898582982 -0.135977553741979 0.232616449046505 0.219669449737933
0.112 1.47823862687556 1.07813781578522 1.20302027562907 -0.385540473615709 0.0871470648427127 0.0164726225071097
0.116 0.905824842434752 0.583414444856153 0.689201978027115 -0.354910494638231 0.242116771072374 -0.0281943955620296
0.12 1.64252938612216 1.50224051774502 1.04547114887745 -0.252064810591326 0.0136986750853878 0.115669159287602
0.124 1.38896178883846 1.11815506562632 0.885469005336643 -0.57232138440938 0.171883088003474 0.105705444037122
0.128 1.56235085492475 1.15559435182846 0.858334371916873 -0.268109826470219 0.367186601409075 -0.0268358526602792
0.132 1.54040963066003 1.25154002755321 1.34303012075332 -0.269924401262198 0.423257809793466 -0.0467345769195037
0.136 1.80812572432229 1.36245233230929 1.57274427810131 -0.504598721985413 0.338424542908192 0.0377103403457439
0.14 1.38949043380635 1.38493978842715 1.15367991519347 -0.433105360410318 0.312653040944768 0.121003310404302
0.144 1.15743558785798 1.17236016493632 1.13144737495379 -0.290843608173511 0.300868071824561 0.0288871525918007
0.148 1.29173797741873 1.24204642233367 1.10901285388472 -0.330313309258657 0.568483057483271 0.0039963430913197
0.152 0.906926113650453 1.19896503810469 0.89803193505386 -0.513019180368303 0.432332754710719 0.0896051840627323
0.156 1.45339606419968 1.59139611631399 1.49371177833223 -0.442109060638505 0.159692743537988 -0.130049659069975
0.16 1.98918059172295 1.72479237092245 1.12071379623794 -0.675109971000012 0.55306565707486 0.17203348849619
0.164 1.72242242335607 1.67202756735637 1.61298133354739 -0.698973845298418 0.520527881472857 0.179011036168474
0.168 1.59112425752249 1.16474349958139 1.33510988742062 -0.365829245778199 0.513602472284174 0.252032826172108
0.172 1.20336961455947 1.39821470668735 1.54167542834335 -0.362364800976274 0.721729324963977 0.158312287992793
0.176 1.17354156753813 0.982337112437564 0.901438637101565 -0.557257796177817 0.455461928360491 -0.0337322650884476
0.18 1.64053657068927 1.42105347263458 1.46003135168275 -0.420333360614682 0.46974096320172 0.0607249671953558
0.184 1.48188672490081 1.27927941663077 1.11527532075842 -0.596844378760708 0.623996123268969 -0.0167901167287405
0.188 1.61204366233942 1.44482812087087 1.35716457834274 -0.248750567000896 0.491679481449634 -0.130164591678511
0.192 1.46309479554481 1.48021800931025 1.19426954914931 -0.540979763586547 0.617808838684068 0.140140219863999
0.196 1.62829334084891 1.58919630290111 1.1643155186395 -0.37802765427326 0.610974078244775 0.0654156359811089
0.2 1.57051360210096 1.16722550957043 0.968457558607363 -0.540576411363193 0.991710242359439 0.244629963805698
