# Time-averaged data for fix myRDF
# TimeStep Number-of-rows
# Row r g1(r) coor1(r) ...
0 100
1 0.025 0 0 0 0 0 0 0 0
2 0.075 0 0 0 0 0 0 0 0
3 0.125 0 0 0 0 0 0 0 0
4 0.175 0 0 0 0 0 0 0 0
5 0.225 0 0 0 0 0 0 0 0
6 0.275 0 0 0 0 0 0 0 0
7 0.325 0 0 0 0 0 0 0 0
8 0.375 0 0 0 0 0 0 0 0
9 0.425 0 0 0 0 0 0 0 0
10 0.475 0 0 0 0 0 0 0 0
11 0.525 0 0 0 0 0 0 0 0
12 0.575 0 0 0 0 0 0 0 0
13 0.625 0 0 0 0 0 0 0 0
14 0.675 0 0 0 0 0 0 0 0
15 0.725 0 0 0 0 0 0 0 0
16 0.775 0 0 0 0 0 0 0 0
17 0.825 0 0 0 0 0 0 0 0
18 0.875 0 0 0 0 0 0 0 0
19 0.925 0 0 0 0 0 0 0 0
20 0.975 0 0 0 0 0 0 0 0
21 1.025 0 0 0 0 0 0 0 0
22 1.075 0 0 0 0 0 0 102.803 3
23 1.125 0 0 0 0 0 0 0 3
24 1.175 0 0 0 0 0 0 0 3
25 1.225 0 0 0 0 0 0 0 3
26 1.275 0 0 0 0 0 0 0 3
27 1.325 0 0 0 0 0 0 0 3
28 1.375 0 0 0 0 0 0 0 3
29 1.425 0 0 0 0 0 0 0 3
30 1.475 0 0 0 0 0 0 0 3
31 1.525 0 0 0 0 0 0 0 3
32 1.575 0 0 0 0 10.6436 0.305556 0 3
33 1.625 0 0 0 0 49.9938 1.83333 0 3
34 1.675 0 0 0 0 4.84797 1.99074 0 3
35 1.725 0 0 0 0 0 1.99074 0 3
36 1.775 0 0 0 0 0 1.99074 0 3
37 1.825 0 0 0 0 0.240226 2 0 3
38 1.875 0 0 0 0 0 2 0 3
39 1.925 0 0 0 0 0 2 0 3
40 1.975 0 0 0 0 0 2 0 3
41 2.025 0 0 7.90234 0.375 0 2 0 3
42 2.075 0 0 9.6167 0.854167 0 2 0 3
43 2.125 0 0 2.39204 0.979167 0 2 0 3
44 2.175 0 0 0.380555 1 0 2 0 3
45 2.225 0 0 0 1 0 2 0.16667 3.02083
46 2.275 0 0 0 1 0 2 0.478275 3.08333
47 2.325 0 0 0 1 0 2 0.610568 3.16667
48 2.375 0 0 0 1 0 2 0.585132 3.25
49 2.425 0 0 0 1 0 2 0.982191 3.39583
50 2.475 0 0 0 1 0 2 0.673506 3.5
51 2.525 0 0 0 1 0 2 1.94129 3.8125
52 2.575 0 0 0 1 0 2 2.11552 4.16667
53 2.625 0 0 0 1 0 2 1.31722 4.39583
54 2.675 0 0 0 1 0 2 2.19094 4.79167
55 2.725 0 0 0 1 0 2 2.778 5.3125
56 2.775 0 0 0 1 0 2 1.92873 5.6875
57 2.825 1.26711 0.0833333 0 1 0 2 2.06785 6.10417
58 2.875 0 0.0833333 0 1 0 2 2.19621 6.5625
59 2.925 1.18195 0.166667 0 1 0 2 1.92888 6.97917
60 2.975 1.14256 0.25 0 1 0 2 1.95782 7.41667
61 3.025 2.76275 0.458333 0 1 0 2 1.35259 7.72917
62 3.075 2.67363 0.666667 0 1 0.08462 2.00926 2.00708 8.20833
63 3.125 2.07101 0.833333 0 1 0.0819339 2.01852 1.26741 8.52083
64 3.175 2.50787 1.04167 0 1 0.0793737 2.02778 2.21006 9.08333
65 3.225 2.91685 1.29167 0 1 0.153863 2.0463 1.90406 9.58333
66 3.275 6.12835 1.83333 0.335702 1.04167 0.671405 2.12963 1.4617 9.97917
67 3.325 6.40277 2.41667 0.325682 1.08333 0.651364 2.21296 2.23906 10.6042
68 3.375 4.43891 2.83333 0.632208 1.16667 0.351227 2.25926 1.66613 11.0833
69 3.425 2.15513 3.04167 0.306942 1.20833 0.954931 2.38889 1.5475 11.5417
70 3.475 2.09356 3.25 1.19269 1.375 1.06017 2.53704 1.63995 12.0417
71 3.525 3.25534 3.58333 1.1591 1.54167 0.708337 2.63889 1.72657 12.5833
72 3.575 1.58246 3.75 1.26777 1.72917 1.37732 2.84259 1.09756 12.9375
73 3.625 1.92388 3.95833 1.09603 1.89583 1.40048 3.05556 1.50704 13.4375
74 3.675 1.87189 4.16667 1.19971 2.08333 1.83659 3.34259 0.733157 13.6875
75 3.725 1.09319 4.29167 1.55696 2.33333 1.61463 3.60185 1.12988 14.0833
76 3.775 1.41922 4.45833 2.14765 2.6875 1.68443 3.87963 1.21595 14.5208
77 3.825 1.72796 4.66667 0.984411 2.85417 1.42193 4.12037 1.07157 14.9167
78 3.875 1.01019 4.79167 1.55865 3.125 1.54533 4.38889 1.20895 15.375
79 3.925 1.96924 5.04167 1.16861 3.33333 2.28529 4.7963 1.23191 15.8542
80 3.975 0.640002 5.125 1.59516 3.625 2.73456 5.2963 1.20112 16.3333
81 4.025 0.3121 5.16667 1.55577 3.91667 2.3707 5.74074 0.967728 16.7292
82 4.075 1.21795 5.33333 1.51783 4.20833 2.21651 6.16667 1.49072 17.3542
83 4.125 0.891455 5.45833 1.16384 4.4375 2.82144 6.72222 1.30932 17.9167
84 4.175 1.16031 5.625 1.85913 4.8125 2.98379 7.32407 1.89356 18.75
85 4.225 1.69951 5.875 0.806839 4.97917 2.95841 7.93519 1.06318 19.2292
86 4.275 1.10666 6.04167 1.18211 5.22917 2.6707 8.5 1.39966 19.875
87 4.325 0.270305 6.08333 1.73241 5.60417 1.7538 8.87963 1.32337 20.5
88 4.375 1.32081 6.29167 0.940577 5.8125 1.12869 9.12963 1.16396 21.0625
89 4.425 0.516452 6.375 0.643609 5.95833 1.18506 9.39815 0.842822 21.4792
90 4.475 1.26244 6.58333 2.24753 6.47917 0.719209 9.56481 0.906502 21.9375
91 4.525 1.48163 6.83333 0.791328 6.66667 0.859714 9.76852 1.04778 22.4792
92 4.575 0.241571 6.875 0.86014 6.875 0.993939 10.0093 1.14327 23.0833
93 4.625 0.472752 6.95833 0.757478 7.0625 0.860346 10.2222 1.19583 23.7292
94 4.675 0.462694 7.04167 1.15323 7.35417 0.512547 10.3519 0.981619 24.2708
95 4.725 1.35886 7.29167 0.645116 7.52083 0.716795 10.537 0.960954 24.8125
96 4.775 0.665276 7.41667 1.26335 7.85417 0.807142 10.75 0.977125 25.375
97 4.825 0.868746 7.58333 0.927979 8.10417 0.85924 10.9815 1.34686 26.1667
98 4.875 0.851017 7.75 0.606028 8.27083 0.707032 11.1759 0.902729 26.7083
99 4.925 0.625369 7.875 0.593785 8.4375 0.758725 11.3889 0.918511 27.2708
100 4.975 1.22572 8.125 0.654648 8.625 0.517253 11.537 0.766787 27.75
