# Time-averaged data for fix myMSD
# TimeStep MSD_X MSD_Y MSD_Z MSD_Total Temperture
100 0.0245029 0.0223056 0.023219 0.0700274 225.122
200 0.106431 0.101005 0.102722 0.310158 266.677
300 0.180935 0.188715 0.178255 0.547905 314.189
400 0.219564 0.242977 0.235097 0.697639 325.787
500 0.275985 0.297454 0.297603 0.871042 335.119
600 0.353374 0.355685 0.348288 1.05735 353.076
700 0.397231 0.426682 0.39197 1.21588 326.308
800 0.415402 0.507471 0.52043 1.4433 301.925
900 0.435676 0.546747 0.616593 1.59902 290.728
1000 0.481258 0.566076 0.603526 1.65086 300.639
1100 0.567322 0.601705 0.60529 1.77432 310.252
1200 0.685009 0.677528 0.738136 2.10067 335.639
1300 0.838679 0.728464 0.856341 2.42348 326.698
1400 0.914092 0.791155 0.788107 2.49335 313.722
1500 0.867968 0.871486 0.78576 2.52521 300.302
1600 0.844526 0.959783 0.8839 2.68821 297.847
1700 0.822762 1.02948 0.914896 2.76714 304.736
1800 0.907389 1.02968 1.00463 2.9417 314.229
1900 0.968593 1.05247 1.09256 3.11362 303.851
2000 0.989225 1.13586 1.1623 3.28738 315.545
2100 1.07187 1.19801 1.29283 3.56271 311.249
2200 1.06057 1.22508 1.35723 3.64288 360.089
2300 0.993241 1.25565 1.38256 3.63144 375.142
2400 0.999811 1.27327 1.3769 3.64998 346.387
2500 0.990469 1.32389 1.34017 3.65453 322.188
2600 1.00128 1.40854 1.33287 3.74269 295.639
2700 1.06604 1.48274 1.32935 3.87813 288.392
2800 1.08292 1.47833 1.38996 3.95121 298.531
2900 1.08109 1.4997 1.40662 3.98741 313.575
3000 1.07529 1.58239 1.50976 4.16744 304.8
3100 1.14161 1.62285 1.56875 4.33321 311.074
3200 1.2565 1.57923 1.54925 4.38497 299.436
3300 1.42304 1.67098 1.5741 4.66811 313.57
3400 1.51397 1.74153 1.56424 4.81974 313.17
3500 1.54227 1.80528 1.55318 4.90073 306.815
3600 1.63757 1.84931 1.54175 5.02863 302.255
3700 1.66162 1.89777 1.50061 5.06 308.18
3800 1.58738 1.8781 1.43748 4.90295 291.188
3900 1.54193 1.83318 1.51794 4.89305 287.999
4000 1.6121 1.81381 1.57702 5.00293 299.859
4100 1.74722 1.84107 1.60384 5.19212 311.79
4200 1.70347 1.9586 1.70088 5.36295 313.464
4300 1.66841 1.97267 1.70633 5.3474 306.843
4400 1.66785 1.96955 1.65346 5.29086 302.443
4500 1.73136 2.01468 1.60639 5.35243 308.354
4600 1.77001 2.02225 1.60457 5.39683 303.687
4700 1.89542 2.09071 1.65838 5.64451 319.668
4800 1.95999 2.10008 1.6668 5.72686 311.166
4900 2.05763 2.06996 1.65968 5.78727 320.722
5000 2.17338 1.97582 1.72865 5.87784 333.783
5100 2.21201 1.93657 1.78998 5.93855 303.243
5200 2.22621 1.97483 1.77454 5.97558 311.467
5300 2.17168 1.94664 1.82592 5.94424 332.937
5400 2.22687 1.9487 1.90679 6.08236 298.364
5500 2.34103 1.93067 1.93481 6.20651 321.537
5600 2.38368 1.991 2.00285 6.37753 310.052
5700 2.45343 2.03159 2.113 6.59801 308.758
5800 2.59455 2.14752 2.07817 6.82024 298.868
5900 2.73569 2.164 2.12938 7.02907 302.517
6000 2.84147 2.16392 2.11704 7.12244 310.468
6100 2.79015 2.15851 2.12719 7.07586 285.428
6200 2.84425 2.21545 2.20692 7.26663 297.816
6300 2.89968 2.23139 2.24795 7.37902 297.456
6400 2.85113 2.19685 2.3122 7.36018 307.68
6500 2.99902 2.20014 2.33039 7.52955 301.806
6600 3.15561 2.31053 2.44963 7.91577 321.556
6700 3.14856 2.36892 2.59132 8.1088 325.314
6800 3.22546 2.31453 2.59342 8.13341 307.332
6900 3.21256 2.34899 2.68745 8.249 299.852
7000 3.25284 2.41471 2.68025 8.3478 289.186
7100 3.21785 2.43253 2.70875 8.35913 309.847
7200 3.24843 2.43612 2.71967 8.40422 301.318
7300 3.2359 2.45187 2.63143 8.3192 317.487
7400 3.20856 2.45035 2.62282 8.28173 298.671
7500 3.09623 2.36833 2.6626 8.12716 293.958
7600 3.13131 2.32944 2.76685 8.2276 302.133
7700 3.103 2.34856 2.77762 8.22918 307.259
7800 3.12614 2.36099 2.72122 8.20835 298.38
7900 3.1511 2.37582 2.69222 8.21914 286.196
8000 3.15056 2.37231 2.79263 8.31551 292.679
8100 3.0958 2.31066 2.84979 8.25625 314.325
8200 3.01313 2.29603 2.74447 8.05364 300.649
8300 3.02404 2.38489 2.71132 8.12025 298.567
8400 3.02898 2.36989 2.67915 8.07802 300.006
8500 3.08119 2.36207 2.65617 8.09943 310.081
8600 3.10849 2.36402 2.5858 8.05832 298.194
8700 3.06407 2.37641 2.56083 8.00131 290.97
8800 3.14502 2.38423 2.64071 8.16995 289.071
8900 3.23494 2.43668 2.74568 8.41731 305.886
9000 3.26563 2.47751 2.82205 8.56518 308.191
9100 3.30722 2.46595 2.9327 8.70587 300.84
9200 3.22363 2.36234 2.87659 8.46257 291.857
9300 3.16202 2.33306 2.78697 8.28205 291.861
9400 3.11587 2.33374 2.70426 8.15387 270.982
9500 3.11652 2.35099 2.66149 8.129 275.647
9600 3.10803 2.41715 2.65603 8.18122 300.098
9700 3.18895 2.44698 2.72171 8.35765 298.093
9800 3.1705 2.41128 2.78988 8.37167 310.588
9900 3.1401 2.37963 2.6499 8.16963 348.966
10000 3.18055 2.33678 2.68271 8.20004 332.226
10100 3.22727 2.34464 2.70679 8.27871 300.167
10200 3.25848 2.39204 2.69342 8.34395 297.828
10300 3.28511 2.34724 2.71731 8.34966 288.215
10400 3.2547 2.33297 2.73081 8.31849 300.304
10500 3.21239 2.32262 2.71705 8.25206 300.15
10600 3.18756 2.3712 2.6237 8.18246 305.355
10700 3.14678 2.43016 2.5839 8.16083 305.248
10800 3.11339 2.34948 2.68675 8.14961 293.395
10900 3.0497 2.33205 2.73177 8.11352 285.631
11000 3.11299 2.36532 2.72682 8.20513 296.993
11100 3.17592 2.33424 2.73955 8.24971 306.579
11200 3.13218 2.37867 2.72543 8.23628 318.933
11300 3.17773 2.4015 2.76936 8.3486 345.33
11400 3.17743 2.46615 2.81388 8.45747 321.607
11500 3.34138 2.46866 2.91471 8.72475 321.443
11600 3.5244 2.47003 2.93233 8.92676 310.691
11700 3.57994 2.51794 2.79428 8.89215 291.942
11800 3.56217 2.51942 2.77141 8.853 290.168
11900 3.55396 2.51976 2.82583 8.89956 299.573
12000 3.48897 2.5929 2.8191 8.90096 312.565
12100 3.4975 2.61479 2.84457 8.95686 302.757
12200 3.49216 2.55584 2.84528 8.89327 296.39
12300 3.5552 2.55612 2.80375 8.91507 285.018
12400 3.6949 2.52403 2.71542 8.93435 299.758
12500 3.76017 2.49481 2.70816 8.96315 303.653
12600 3.78892 2.46373 2.72781 8.98045 306.754
12700 3.84713 2.44817 2.76716 9.06246 322.096
12800 3.96403 2.41698 2.72783 9.10884 306.781
12900 3.895 2.47017 2.71782 9.083 308.203
13000 3.75754 2.50932 2.70135 8.96821 298.256
13100 3.82151 2.49124 2.69929 9.01204 295.851
13200 3.73018 2.42025 2.63599 8.78642 299.973
13300 3.83091 2.39366 2.58152 8.80608 303.899
13400 3.87282 2.36059 2.64734 8.88075 305.707
13500 3.76887 2.39547 2.70457 8.86891 323.31
13600 3.83548 2.41937 2.71931 8.97415 303.521
13700 3.93929 2.50269 2.75719 9.19917 299.658
13800 3.84739 2.49651 2.85082 9.19471 293.933
13900 3.96759 2.44371 2.91074 9.32204 306.385
14000 3.98263 2.46696 2.93563 9.38522 320.743
14100 3.93787 2.4874 2.94868 9.37395 308.295
14200 3.97068 2.47171 2.93243 9.37482 292.945
14300 4.08642 2.43772 2.91535 9.43949 301.863
14400 4.11205 2.42601 2.99109 9.52915 301.925
14500 4.14387 2.44047 2.97994 9.56429 298.088
14600 4.23078 2.36855 2.85984 9.45916 290.836
14700 4.03511 2.36294 2.75128 9.14933 294.11
14800 4.01739 2.37508 2.75679 9.14927 288.97
14900 4.09861 2.39688 2.77666 9.27216 296.695
15000 4.18705 2.48278 2.81691 9.48675 303.455
15100 4.21393 2.4036 2.79907 9.41661 325.312
15200 4.09736 2.38817 2.80825 9.29379 339.963
15300 4.04458 2.37491 2.80023 9.21971 320.678
15400 4.0565 2.3898 2.83908 9.28538 305.143
15500 4.07052 2.41222 2.79486 9.2776 300.181
15600 4.14059 2.39743 2.77603 9.31405 323.955
15700 4.15206 2.46823 2.76906 9.38935 282.894
15800 4.18367 2.44132 2.79184 9.41683 314.015
15900 4.18791 2.42349 2.83189 9.4433 327.923
16000 4.13673 2.44387 2.82488 9.40549 305.503
16100 4.05538 2.4762 2.82061 9.3522 316.423
16200 4.00842 2.42332 2.76829 9.20003 310.666
16300 3.93715 2.43898 2.73638 9.11251 259.405
16400 3.97716 2.45944 2.74701 9.18361 269.395
16500 4.11131 2.44499 2.80832 9.36462 292.643
16600 4.13171 2.39391 2.80326 9.32889 322.831
16700 4.07158 2.35284 2.78524 9.20966 291.606
16800 4.04158 2.39204 2.79697 9.23059 294.813
16900 4.07363 2.36763 2.75832 9.19958 287.83
17000 4.30188 2.32713 2.78787 9.41689 285.837
17100 4.40756 2.34703 2.81256 9.56715 299.251
17200 4.42727 2.43018 2.78789 9.64535 325.081
17300 4.30571 2.46403 2.81333 9.58307 282.78
17400 4.29975 2.47023 2.77658 9.54655 291.29
17500 4.30888 2.47994 2.74235 9.53117 285.332
17600 4.24699 2.48176 2.77384 9.50259 299.457
17700 4.35158 2.52757 2.83948 9.71863 300.869
17800 4.29072 2.51101 2.84453 9.64625 302.989
17900 4.32566 2.49593 2.81133 9.63292 294.66
18000 4.31107 2.47478 2.79854 9.58439 294.729
18100 4.33618 2.50249 2.78776 9.62642 293.761
18200 4.34414 2.54954 2.7326 9.62628 292.195
18300 4.38846 2.55664 2.74467 9.68976 312.858
18400 4.33368 2.56099 2.80665 9.70133 310.807
18500 4.36558 2.56303 2.85325 9.78187 295.24
18600 4.2769 2.56869 2.93122 9.77681 300.328
18700 4.26529 2.57864 2.93485 9.77878 290.065
18800 4.16361 2.52907 2.97248 9.66516 299.076
18900 4.20916 2.56491 2.91262 9.68669 305.461
19000 4.23002 2.5452 2.81502 9.59024 320.361
19100 4.19603 2.54813 2.73893 9.48309 313.425
19200 4.21631 2.5927 2.80895 9.61796 316.531
19300 4.20156 2.60319 2.83119 9.63594 302.135
19400 4.19546 2.70471 2.83358 9.73375 294.595
19500 4.16257 2.74568 2.82792 9.73618 293.985
19600 4.28477 2.71417 2.87101 9.86995 307.751
19700 4.35711 2.6813 2.89392 9.93233 317.089
19800 4.35823 2.72812 2.86146 9.94781 296.105
19900 4.24911 2.69231 2.82423 9.76565 287.167
20000 4.14612 2.5772 2.84428 9.56761 295.993
20100 3.99288 2.52444 2.79298 9.3103 302.457
20200 4.05333 2.41368 2.84171 9.30873 323.892
20300 4.13873 2.33493 2.79305 9.26671 311.829
20400 4.07705 2.41394 2.70021 9.1912 298.581
20500 4.08143 2.40217 2.71395 9.19755 292.323
20600 4.119 2.41439 2.775 9.30839 302.909
20700 4.03305 2.43561 2.82572 9.29438 301.799
20800 3.98435 2.47711 2.77659 9.23805 301.528
20900 4.0562 2.51246 2.74948 9.31814 289.685
21000 3.98337 2.56657 2.71393 9.26387 300.91
21100 4.11284 2.5371 2.69822 9.34816 324.144
21200 4.18995 2.48387 2.78169 9.45551 302.341
21300 4.32142 2.57884 2.73206 9.63232 291.171
21400 4.34798 2.61813 2.76421 9.73031 294.334
21500 4.27806 2.59337 2.73334 9.60477 304.219
21600 4.21261 2.67033 2.71814 9.60108 313.725
21700 4.33607 2.66661 2.75832 9.761 325.633
21800 4.35428 2.64485 2.73079 9.72993 321.293
21900 4.42957 2.65606 2.74558 9.8312 301.189
22000 4.44881 2.69031 2.71021 9.84933 301.179
22100 4.42866 2.75957 2.62335 9.81158 289.606
22200 4.47689 2.73981 2.67285 9.88955 294.015
22300 4.52177 2.73495 2.67956 9.93628 298.462
22400 4.56246 2.69089 2.67499 9.92834 316.426
22500 4.57203 2.72794 2.6447 9.94467 320.136
22600 4.5967 2.72924 2.72623 10.0522 291.545
22700 4.58244 2.72295 2.76173 10.0671 289.839
22800 4.53333 2.71814 2.758 10.0095 302.785
22900 4.54943 2.65045 2.77477 9.97465 308.34
23000 4.5254 2.62606 2.89245 10.0439 304.874
23100 4.45607 2.64713 2.9793 10.0825 293.213
23200 4.42562 2.73521 3.03962 10.2004 283.849
23300 4.50242 2.71677 3.08296 10.3021 292.817
23400 4.53987 2.70075 2.96764 10.2083 301.403
23500 4.76689 2.72459 2.99784 10.4893 307.437
23600 4.8494 2.66749 2.9746 10.4915 296.749
23700 4.7768 2.64521 2.95123 10.3732 297.166
23800 4.70585 2.66048 2.89329 10.2596 280.062
23900 4.64952 2.66776 2.85776 10.175 281.38
24000 4.67524 2.70131 2.88463 10.2612 308.833
24100 4.80343 2.74104 2.92986 10.4743 315.652
24200 4.86822 2.85636 2.9483 10.6729 300.963
24300 4.8345 2.88144 2.92 10.6359 294.005
24400 4.90687 2.849 2.90148 10.6574 300.523
24500 4.97401 2.8965 2.90963 10.7801 298.131
24600 5.00202 2.82572 2.86325 10.691 309.41
24700 4.84779 2.80745 2.82199 10.4772 318.694
24800 4.83369 2.77897 2.88486 10.4975 314.253
24900 4.73149 2.75508 2.80185 10.2884 296.156
25000 4.6528 2.75977 2.76824 10.1808 300.253
25100 4.68304 2.71678 2.87199 10.2718 301.267
25200 4.71748 2.75535 2.88786 10.3607 284.037
25300 4.77522 2.74683 2.82546 10.3475 292.311
25400 4.81491 2.74633 2.82731 10.3886 303.699
25500 4.81702 2.79102 2.86108 10.4691 302.895
25600 4.90344 2.91971 2.89288 10.716 305.687
25700 4.92218 2.98034 2.86565 10.7682 287.184
25800 4.97092 2.89316 2.88536 10.7494 282.925
25900 4.84348 2.88542 2.94746 10.6764 308.792
26000 4.72792 2.85644 3.05046 10.6348 314.341
26100 4.75742 2.89916 3.02022 10.6768 314.438
26200 4.78236 2.9186 3.00091 10.7019 296.969
26300 4.76064 2.85161 3.05802 10.6703 290.035
26400 4.82588 2.69111 3.0819 10.5989 307.975
26500 4.75706 2.66168 3.06078 10.4795 295.909
26600 4.75989 2.67779 3.03093 10.4686 314.004
26700 4.78506 2.69646 2.96735 10.4489 327.769
26800 4.75924 2.68431 2.93366 10.3772 310.258
26900 4.76379 2.77441 2.95375 10.492 323.491
27000 4.87528 2.76813 2.9336 10.577 327.29
27100 5.02933 2.80402 2.95751 10.7909 330.931
27200 5.08733 2.84111 2.98216 10.9106 307.09
27300 5.04583 2.85253 2.88958 10.7879 291.574
27400 4.95774 2.87991 2.88006 10.7177 251.308
27500 4.90437 2.8458 2.92589 10.6761 287.067
27600 4.91551 2.81895 3.00277 10.7372 309.027
27700 4.92517 2.80525 2.98437 10.7148 313.911
27800 4.89342 2.82133 2.89328 10.608 288.793
27900 4.87995 2.76554 2.88909 10.5346 297.823
28000 4.86254 2.70456 2.93904 10.5061 291.752
28100 4.84012 2.65167 2.89891 10.3907 299.101
28200 4.75667 2.65458 2.79051 10.2018 298.181
28300 4.79445 2.65529 2.8172 10.2669 309.493
28400 4.78412 2.63453 2.76824 10.1869 326.71
28500 4.74839 2.5995 2.80734 10.1552 325.068
28600 4.66 2.54751 2.88711 10.0946 290.256
28700 4.62939 2.56064 3.00878 10.1988 296.406
28800 4.68868 2.65281 3.04 10.3815 304.596
28900 4.75834 2.69877 2.9888 10.4459 289.4
29000 4.77333 2.7694 3.07324 10.616 312.674
29100 4.72998 2.79782 3.08515 10.613 317.796
29200 4.68964 2.80703 3.02792 10.5246 291.45
29300 4.75471 2.83838 2.92846 10.5216 299.972
29400 4.90958 2.78732 2.89536 10.5923 294.495
29500 4.87154 2.73566 2.89932 10.5065 297.381
29600 4.80763 2.73039 2.87953 10.4176 313.38
29700 4.76388 2.68351 2.85165 10.299 304.883
29800 4.74651 2.67062 2.92073 10.3379 308.013
29900 4.62803 2.65466 2.98552 10.2682 311.744
30000 4.57421 2.72645 2.94021 10.2409 298.494
30100 4.65955 2.77535 2.93725 10.3721 289.871
30200 4.76448 2.7879 2.94618 10.4986 300.483
30300 4.7164 2.71018 2.91323 10.3398 316.436
30400 4.64148 2.62262 2.81881 10.0829 318.554
30500 4.6002 2.56266 2.85498 10.0178 302.935
30600 4.63332 2.52204 2.88984 10.0452 289.666
30700 4.71105 2.62222 2.84405 10.1773 302.63
30800 4.63004 2.70959 2.85879 10.1984 301.006
30900 4.69716 2.65042 2.88056 10.2281 302.393
31000 4.79354 2.67497 2.8429 10.3114 295.947
31100 4.81291 2.74098 2.82739 10.3813 299.059
31200 4.77279 2.78685 2.89451 10.4541 298.945
31300 4.76675 2.85812 2.93428 10.5592 302.673
31400 4.80543 2.88342 2.9539 10.6428 306.851
31500 4.78221 2.81202 2.97802 10.5723 311.018
31600 4.69832 2.74924 2.93879 10.3863 301.278
31700 4.59722 2.78318 2.92145 10.3019 283.776
31800 4.6076 2.79768 2.91106 10.3163 305.414
31900 4.63417 2.80855 2.89185 10.3346 306.709
32000 4.65937 2.74271 2.91852 10.3206 318.3
32100 4.57901 2.68699 2.91661 10.1826 314.889
32200 4.6292 2.66949 2.86377 10.1625 296.661
32300 4.73848 2.70354 2.85915 10.3012 287.752
32400 4.71647 2.67041 2.84612 10.233 306.753
32500 4.73166 2.62557 2.84358 10.2008 304.047
32600 4.77264 2.61402 2.90494 10.2916 296.953
32700 4.69789 2.70493 2.96191 10.3647 288.815
32800 4.68226 2.74012 3.00919 10.4316 301.52
32900 4.77909 2.71123 3.03702 10.5273 302.179
33000 4.8716 2.73085 3.09752 10.7 315.604
33100 4.82391 2.70296 3.1281 10.655 303.458
33200 4.70748 2.67487 3.07637 10.4587 287.89
33300 4.79895 2.70627 3.01066 10.5159 290.801
33400 4.76573 2.68203 3.08662 10.5344 296.869
33500 4.61891 2.65668 3.12602 10.4016 309.24
33600 4.55637 2.69445 3.08216 10.333 313.853
33700 4.58391 2.70814 3.07916 10.3712 321.523
33800 4.58669 2.73037 3.10512 10.4222 305.177
33900 4.55523 2.73427 3.06133 10.3508 297.322
34000 4.70132 2.75652 3.01964 10.4775 299.028
34100 4.78974 2.82558 2.99184 10.6072 298.502
34200 4.68023 2.89631 2.94539 10.5219 308.694
34300 4.52973 2.85146 2.88403 10.2652 327.177
34400 4.48432 2.76881 2.82991 10.083 303.925
34500 4.5483 2.80173 2.79171 10.1417 296.991
34600 4.57643 2.77249 2.78919 10.1381 292.748
34700 4.6782 2.72603 2.83984 10.2441 308.721
34800 4.84041 2.76966 2.8398 10.4499 319.174
34900 4.87684 2.8113 2.83935 10.5275 315.351
35000 4.98315 2.87523 2.81223 10.6706 306.622
35100 5.09451 2.95196 2.84593 10.8924 307.196
35200 5.15162 3.00209 2.94912 11.1028 288.24
35300 5.26677 2.97617 3.04354 11.2865 300.954
35400 5.4255 2.96943 3.02548 11.4204 304.142
35500 5.33642 3.14573 2.99052 11.4727 321.459
35600 5.32552 3.19074 3.02814 11.5444 311.226
35700 5.36081 3.0474 3.06444 11.4726 290.018
35800 5.40217 3.06368 3.03925 11.5051 303.945
35900 5.24962 3.20725 3.1076 11.5645 292.352
36000 5.29125 3.30874 3.14252 11.7425 311.396
36100 5.17447 3.28468 3.06646 11.5256 316.011
36200 5.23678 3.28483 2.96939 11.491 303.515
36300 5.3636 3.23518 2.89929 11.4981 284.432
36400 5.35997 3.10142 2.92375 11.3851 301.007
36500 5.31573 3.10881 2.95412 11.3787 294.443
36600 5.30652 3.22111 2.92087 11.4485 310.85
36700 5.32963 3.32577 2.89187 11.5473 317.993
36800 5.22898 3.41639 2.84634 11.4917 300.423
36900 5.27045 3.285 2.80799 11.3634 305.629
37000 5.34078 3.22518 2.85079 11.4167 293.098
37100 5.33839 3.26208 2.85462 11.4551 296.884
37200 5.27003 3.27393 2.87598 11.4199 315.684
37300 5.28163 3.26893 2.90318 11.4537 310.043
37400 5.45631 3.29279 2.88264 11.6317 307.816
37500 5.46544 3.27492 2.92868 11.669 297.696
37600 5.51973 3.3012 2.98425 11.8052 292.673
37700 5.51719 3.26876 2.92188 11.7078 312.32
37800 5.50306 3.34692 2.94681 11.7968 293.455
37900 5.4451 3.3796 3.05159 11.8763 299.899
38000 5.44152 3.35142 3.04545 11.8384 305.953
38100 5.519 3.2995 3.058 11.8765 296.061
38200 5.67606 3.24094 3.09283 12.0098 294.201
38300 5.61361 3.15046 3.20945 11.9735 289.423
38400 5.61044 3.17162 3.23151 12.0136 302.877
38500 5.49173 3.14893 3.30429 11.945 304.448
38600 5.47542 3.11146 3.22228 11.8092 310.355
38700 5.47833 3.12585 3.15396 11.7581 314.676
38800 5.3997 3.2037 3.05387 11.6573 295.262
38900 5.43611 3.23019 2.98786 11.6542 286.094
39000 5.35003 3.22157 3.06275 11.6344 301.106
39100 5.34272 3.23745 3.04693 11.6271 301.259
39200 5.47557 3.30964 3.01811 11.8033 313.639
39300 5.47071 3.39821 3.076 11.9449 305.299
39400 5.45805 3.38741 3.05856 11.904 284.199
39500 5.51296 3.32534 3.1199 11.9582 288.266
39600 5.53549 3.30285 3.10102 11.9394 286.821
39700 5.65181 3.28332 3.23209 12.1672 316.004
39800 5.64372 3.25752 3.29525 12.1965 311.226
39900 5.60476 3.28044 3.23952 12.1247 301.511
40000 5.56709 3.36931 3.22677 12.1632 298.428
40100 5.56997 3.41881 3.26254 12.2513 302.529
40200 5.58748 3.34548 3.20983 12.1428 295.418
40300 5.56194 3.36103 3.23214 12.1551 307.09
40400 5.62202 3.34592 3.22725 12.1952 302.093
40500 5.63464 3.39848 3.21621 12.2493 301.849
40600 5.46648 3.38907 3.23262 12.0882 293.449
40700 5.47273 3.40811 3.28156 12.1624 283.035
40800 5.47186 3.46641 3.24641 12.1847 309.027
40900 5.44741 3.48071 3.30853 12.2366 310.92
41000 5.51526 3.49175 3.33768 12.3447 303.798
41100 5.57468 3.52353 3.2556 12.3538 294.001
41200 5.54737 3.46147 3.18071 12.1896 282.138
41300 5.46738 3.42415 3.22908 12.1206 282.461
41400 5.47818 3.42605 3.37902 12.2833 283.663
41500 5.37731 3.38072 3.43106 12.1891 291.98
41600 5.3476 3.38554 3.35275 12.0859 305.019
41700 5.50095 3.4287 3.33284 12.2625 301.945
41800 5.58646 3.46 3.31973 12.3662 302.938
41900 5.42156 3.55896 3.33913 12.3197 304.79
42000 5.43395 3.56414 3.28251 12.2806 295.779
42100 5.35899 3.61726 3.19888 12.1751 292.577
42200 5.38259 3.60712 3.234 12.2237 286.827
42300 5.53604 3.57807 3.28379 12.3979 303.157
42400 5.58977 3.54823 3.32082 12.4588 309.21
42500 5.69398 3.52191 3.29934 12.5152 306.327
42600 5.66728 3.49373 3.25764 12.4186 297.688
42700 5.76031 3.56512 3.2682 12.5936 286.236
42800 5.71964 3.7216 3.26404 12.7053 293.653
42900 5.69665 3.69607 3.20592 12.5986 301.071
43000 5.71363 3.57979 3.21147 12.5049 299.233
43100 5.55661 3.63109 3.21712 12.4048 309.287
43200 5.5374 3.64816 3.22734 12.4129 303.756
43300 5.58397 3.52866 3.25059 12.3632 291.708
43400 5.53078 3.4649 3.31175 12.3074 287.157
43500 5.64004 3.5111 3.30916 12.4603 299.638
43600 5.68814 3.57348 3.26155 12.5232 305.803
43700 5.6319 3.61917 3.2191 12.4702 306.955
43800 5.65908 3.5872 3.38694 12.6332 304.422
43900 5.67262 3.51681 3.41657 12.606 299.801
44000 5.66201 3.47134 3.45468 12.588 307.984
44100 5.43871 3.44391 3.48265 12.3653 287.991
44200 5.39606 3.5306 3.41806 12.3447 276.735
44300 5.22468 3.60446 3.41725 12.2464 285.018
44400 5.28381 3.56192 3.46444 12.3102 298.777
44500 5.33916 3.64816 3.49277 12.4801 300.349
44600 5.27387 3.60659 3.49629 12.3768 298.69
44700 5.29817 3.54035 3.56616 12.4047 311.672
44800 5.29992 3.58121 3.5922 12.4733 312.69
44900 5.17419 3.57254 3.51485 12.2616 319.592
45000 5.09883 3.49493 3.53469 12.1284 299.489
45100 5.2132 3.481 3.53009 12.2243 301.522
45200 5.21615 3.50465 3.57523 12.296 293.731
45300 5.21526 3.53017 3.58145 12.3269 298.632
45400 5.18152 3.53065 3.58978 12.3019 310.649
45500 5.35522 3.54158 3.53849 12.4353 312.942
45600 5.39333 3.5349 3.54693 12.4752 305.084
45700 5.37579 3.58153 3.53928 12.4966 300.217
45800 5.34739 3.58058 3.39162 12.3196 296.732
45900 5.47002 3.50909 3.45131 12.4304 290.196
46000 5.4557 3.49049 3.44746 12.3936 315.284
46100 5.36614 3.5503 3.4212 12.3376 316.395
46200 5.32837 3.67105 3.4267 12.4261 299.445
46300 5.4629 3.71427 3.48918 12.6664 284.299
46400 5.44875 3.63383 3.41011 12.4927 296.408
46500 5.47492 3.63737 3.34349 12.4558 309.533
46600 5.5246 3.58983 3.38813 12.5026 299.071
46700 5.57165 3.69138 3.42992 12.6929 293.366
46800 5.52404 3.6819 3.45242 12.6584 281.45
46900 5.55163 3.60503 3.43816 12.5948 287.955
47000 5.5922 3.59779 3.38742 12.5774 289.554
47100 5.54682 3.6321 3.39439 12.5733 303.92
47200 5.49017 3.51516 3.51216 12.5175 300.665
47300 5.43917 3.43812 3.45046 12.3278 299.356
47400 5.33195 3.4513 3.29652 12.0798 321.729
47500 5.12322 3.46148 3.26013 11.8448 316.223
47600 5.16729 3.42075 3.21519 11.8032 290.556
47700 5.18021 3.38141 3.21723 11.7788 301.213
47800 5.23549 3.43723 3.31303 11.9858 297.802
47900 5.32619 3.43695 3.3437 12.1068 295.219
48000 5.3598 3.30482 3.39017 12.0548 299.13
48100 5.22595 3.32941 3.35227 11.9076 318.838
48200 5.06048 3.35176 3.39827 11.8105 303.209
48300 5.04347 3.41039 3.4181 11.872 287.296
48400 5.27718 3.51542 3.41234 12.2049 295.111
48500 5.36387 3.55593 3.42146 12.3413 297.167
48600 5.40048 3.62494 3.40354 12.429 300.422
48700 5.41572 3.58704 3.34978 12.3525 314.808
48800 5.37842 3.47677 3.29271 12.1479 308.549
48900 5.34792 3.46334 3.31892 12.1302 294.786
49000 5.29017 3.56189 3.32469 12.1768 298.986
49100 5.33685 3.5011 3.41459 12.2525 294.591
49200 5.30585 3.43934 3.46516 12.2104 307.131
49300 5.22201 3.47923 3.41717 12.1184 317.915
49400 5.24266 3.50661 3.33589 12.0852 315.074
49500 5.26039 3.49669 3.36046 12.1175 299.031
49600 5.30283 3.49359 3.34388 12.1403 295.978
49700 5.38313 3.49694 3.35179 12.2319 289.796
49800 5.31511 3.54345 3.4245 12.2831 313.998
49900 5.25324 3.64456 3.45498 12.3528 320.748
50000 5.27695 3.57426 3.50874 12.36 300.487
50100 5.36638 3.58277 3.54902 12.4982 304.956
50200 5.41079 3.51644 3.5646 12.4918 297.557
50300 5.39288 3.44694 3.56541 12.4052 294.322
50400 5.31866 3.46447 3.58063 12.3638 300.234
50500 5.28655 3.51733 3.58992 12.3938 319.995
50600 5.22574 3.68472 3.64891 12.5594 313.026
50700 5.29948 3.7058 3.70171 12.707 300.512
50800 5.43372 3.71703 3.55251 12.7033 300.845
50900 5.48095 3.67113 3.51339 12.6655 293.866
51000 5.38856 3.61009 3.56157 12.5602 303.19
51100 5.31357 3.58675 3.62196 12.5223 302.895
51200 5.18344 3.69457 3.48443 12.3624 318.575
51300 5.22999 3.6201 3.52931 12.3794 311.27
51400 5.32245 3.64231 3.48362 12.4484 298.83
51500 5.37559 3.59255 3.40005 12.3682 299.99
51600 5.38578 3.52857 3.31087 12.2252 296.603
51700 5.47849 3.56442 3.33612 12.379 292.891
51800 5.49819 3.58856 3.44666 12.5334 302.841
51900 5.45918 3.6604 3.58789 12.7075 319.332
52000 5.40744 3.69007 3.69772 12.7952 305.694
52100 5.38453 3.64177 3.73906 12.7654 296.836
52200 5.42597 3.58346 3.68754 12.697 297.255
52300 5.36988 3.54909 3.63133 12.5503 294.598
52400 5.52109 3.64279 3.59419 12.7581 311.316
52500 5.54039 3.5954 3.59211 12.7279 319.675
52600 5.46446 3.44404 3.5759 12.4844 307.067
52700 5.54486 3.44818 3.47377 12.4668 307.21
52800 5.63604 3.45742 3.48776 12.5812 294.816
52900 5.51121 3.48713 3.57878 12.5771 296.181
53000 5.32449 3.53712 3.53746 12.3991 302.84
53100 5.29458 3.54573 3.48854 12.3288 289.947
53200 5.23928 3.53181 3.46938 12.2405 289.631
53300 5.3632 3.63353 3.52811 12.5248 301.45
53400 5.40554 3.67849 3.5318 12.6158 303.614
53500 5.24281 3.63453 3.57281 12.4501 310.782
53600 5.19655 3.64816 3.45615 12.3009 314.56
53700 5.1834 3.5082 3.37755 12.0692 295.503
53800 5.12705 3.47469 3.49867 12.1004 289.267
53900 5.31615 3.38676 3.62666 12.3296 295.221
54000 5.35048 3.27746 3.65029 12.2782 307.294
54100 5.289 3.19233 3.53466 12.016 307.046
54200 5.38482 3.2546 3.49785 12.1373 317.411
54300 5.46766 3.47236 3.55365 12.4937 304.072
54400 5.54144 3.58946 3.56024 12.6911 299.743
54500 5.4492 3.49911 3.61384 12.5622 296.84
54600 5.37556 3.4665 3.75026 12.5923 282.085
54700 5.44026 3.54496 3.75454 12.7398 296.566
54800 5.35061 3.63455 3.63488 12.62 310.062
54900 5.27599 3.56266 3.57973 12.4184 310.667
55000 5.38479 3.53019 3.57871 12.4937 296.042
55100 5.54922 3.57552 3.60616 12.7309 284.148
55200 5.42264 3.63634 3.61583 12.6748 295.541
55300 5.31364 3.66268 3.59143 12.5677 302.83
55400 5.43065 3.64028 3.59645 12.6674 299.083
55500 5.40481 3.62645 3.6199 12.6512 304.719
55600 5.36643 3.63797 3.54188 12.5463 318.613
55700 5.47598 3.68183 3.4896 12.6474 328.827
55800 5.577 3.62501 3.52585 12.7279 308.146
55900 5.57047 3.56008 3.52977 12.6603 303.166
56000 5.43634 3.63081 3.47351 12.5407 296.265
56100 5.36707 3.61876 3.48058 12.4664 290.874
56200 5.38677 3.58128 3.52126 12.4893 305.79
56300 5.34966 3.47433 3.49875 12.3227 311.541
56400 5.2732 3.39712 3.38563 12.0559 312.808
56500 5.30952 3.29237 3.29144 11.8933 291.531
56600 5.40776 3.31797 3.25853 11.9843 283.381
56700 5.34103 3.4198 3.24632 12.0072 299.939
56800 5.26562 3.42777 3.25494 11.9483 303.976
56900 5.37102 3.46789 3.28201 12.1209 312.583
57000 5.45593 3.46605 3.4774 12.3994 293.598
57100 5.44091 3.49705 3.6262 12.5641 283.931
57200 5.54322 3.5194 3.72759 12.7902 295.347
57300 5.67977 3.53633 3.65606 12.8722 310.55
57400 5.64086 3.65751 3.64854 12.9469 299.476
57500 5.50889 3.80403 3.63973 12.9527 295.03
57600 5.50928 3.81561 3.63933 12.9642 299.404
57700 5.54724 3.85056 3.73714 13.1349 286.605
57800 5.51191 3.86294 3.77421 13.149 296.005
57900 5.432 3.84531 3.74056 13.0179 304.817
58000 5.49914 3.78871 3.62262 12.9105 305.834
58100 5.63794 3.75899 3.55302 12.95 306.666
58200 5.57604 3.82335 3.5399 12.9393 297.743
58300 5.51734 3.81483 3.61046 12.9426 296.801
58400 5.56672 3.79549 3.54406 12.9063 301.208
58500 5.51922 3.77635 3.56135 12.8569 295.848
58600 5.5093 3.7778 3.62025 12.9074 311.564
58700 5.49826 3.7322 3.51261 12.7431 296.466
58800 5.53306 3.67365 3.51028 12.717 291.79
58900 5.61222 3.6423 3.52286 12.7774 306.513
59000 5.76475 3.6843 3.6528 13.1018 317.705
59100 5.81435 3.70803 3.69065 13.213 311.363
59200 5.62217 3.71002 3.66046 12.9927 291.568
59300 5.5969 3.72366 3.67906 12.9996 299.74
59400 5.52715 3.65992 3.60606 12.7931 293.505
59500 5.50956 3.64583 3.58111 12.7365 297.933
59600 5.42397 3.6958 3.60255 12.7223 313.968
59700 5.35504 3.74495 3.39075 12.4907 307.454
59800 5.34492 3.67284 3.21208 12.2298 304.244
59900 5.37677 3.61634 3.24573 12.2388 292.92
60000 5.44397 3.58226 3.39864 12.4249 296.132
60100 5.41818 3.60872 3.48245 12.5093 299.644
60200 5.46139 3.67133 3.44541 12.5781 298.214
60300 5.49566 3.64663 3.50052 12.6428 310.147
60400 5.43891 3.61659 3.51822 12.5737 318.127
60500 5.29257 3.65021 3.37656 12.3193 318.082
60600 5.28618 3.6424 3.3963 12.3249 308.642
60700 5.45833 3.60803 3.50648 12.5728 295.335
60800 5.61012 3.58817 3.53414 12.7324 295.057
60900 5.57201 3.72102 3.48728 12.7803 297.372
61000 5.53895 3.82619 3.4201 12.7852 316.052
61100 5.51251 3.83251 3.48582 12.8308 309.17
61200 5.39155 3.79164 3.55549 12.7387 302.169
61300 5.47438 3.70367 3.59848 12.7765 284.972
61400 5.47808 3.65603 3.5903 12.7244 291.56
61500 5.58626 3.6257 3.60658 12.8185 287.351
61600 5.52781 3.62801 3.58507 12.7409 303.696
61700 5.45045 3.58727 3.49699 12.5347 314.488
61800 5.49995 3.56497 3.38318 12.4481 299.032
61900 5.4648 3.57361 3.29618 12.3346 291.149
62000 5.42048 3.68722 3.34576 12.4535 284.857
62100 5.40219 3.74903 3.44471 12.5959 297.355
62200 5.42037 3.64656 3.47438 12.5413 302.515
62300 5.40004 3.76275 3.52089 12.6837 311.054
62400 5.42646 3.78144 3.60281 12.8107 292.024
62500 5.51545 3.77198 3.60592 12.8934 279.622
62600 5.51794 3.89488 3.55267 12.9655 293.838
62700 5.42711 3.83838 3.42462 12.6901 300.157
62800 5.45496 3.70023 3.32233 12.4775 299.597
62900 5.45537 3.57713 3.32481 12.3573 297.708
63000 5.42358 3.65135 3.30198 12.3769 302.863
63100 5.39707 3.6727 3.29618 12.366 303.985
63200 5.35765 3.65866 3.31536 12.3317 310.017
63300 5.31046 3.6599 3.3596 12.33 295.518
63400 5.28887 3.59615 3.32198 12.207 297.213
63500 5.32096 3.61034 3.25615 12.1875 297.341
63600 5.21418 3.65139 3.31786 12.1834 279.641
63700 5.3145 3.65611 3.36986 12.3405 297.519
63800 5.39766 3.68934 3.47609 12.5631 312.629
63900 5.41069 3.7192 3.51502 12.6449 311.252
64000 5.40654 3.73192 3.36966 12.5081 298.007
64100 5.40242 3.82434 3.47414 12.7009 291.478
64200 5.2758 3.86286 3.45897 12.5976 283.677
64300 5.23901 3.75187 3.4445 12.4354 317.257
64400 5.24409 3.78776 3.42874 12.4606 312.155
64500 5.21215 3.90259 3.41463 12.5294 295.572
64600 5.32635 4.06978 3.50209 12.8982 291.463
64700 5.36792 4.06842 3.50634 12.9427 294.733
64800 5.52643 3.98739 3.44141 12.9552 311.135
64900 5.63669 3.98491 3.37866 13.0003 320.844
65000 5.62276 4.15949 3.30451 13.0868 309.093
65100 5.63059 4.17523 3.38157 13.1874 302.337
65200 5.62059 4.03561 3.5737 13.2299 290.359
65300 5.58862 4.03368 3.58026 13.2026 296.638
65400 5.59365 4.00948 3.50963 13.1128 306.322
65500 5.61947 3.8469 3.5367 13.0031 322.887
65600 5.6852 3.80761 3.55264 13.0455 315.933
65700 5.65872 3.72322 3.57138 12.9533 310.359
65800 5.47794 3.77581 3.64224 12.896 295.218
65900 5.43787 3.94865 3.52938 12.9159 301.303
66000 5.4537 4.00942 3.46353 12.9267 287.083
66100 5.44837 3.92148 3.43023 12.8001 303.238
66200 5.4341 3.84736 3.44017 12.7216 314.34
66300 5.48459 3.9524 3.39453 12.8315 311.545
66400 5.40634 4.07788 3.41221 12.8964 309.5
66500 5.13473 3.98067 3.32048 12.4359 307.101
66600 4.97828 3.97082 3.40389 12.353 301.462
66700 5.1336 4.17694 3.39046 12.701 298.849
66800 5.2618 4.08299 3.34616 12.6909 289.241
66900 5.27008 3.9536 3.33427 12.558 291.113
67000 5.1283 3.88825 3.30227 12.3188 314.207
67100 5.02412 3.84091 3.25945 12.1245 308.329
67200 5.03139 3.91103 3.3948 12.3372 300.473
67300 5.0205 3.88158 3.43689 12.339 294.326
67400 5.07589 3.85237 3.3385 12.2668 299.539
67500 5.04702 3.98934 3.31431 12.3507 297.308
67600 4.98725 4.23731 3.33176 12.5563 297.722
67700 5.05445 4.17016 3.31868 12.5433 308.689
67800 5.09458 4.04359 3.26919 12.4074 314.79
67900 5.27339 3.88916 3.24547 12.408 327.283
68000 5.31232 3.79208 3.1716 12.276 301.746
68100 5.30346 3.82384 3.16676 12.2941 298.877
68200 5.22495 3.7758 3.12086 12.1216 301.434
68300 5.05488 3.7057 3.18849 11.9491 295.001
68400 5.08188 3.7322 3.22229 12.0364 290.197
68500 5.09977 3.80151 3.17761 12.0789 295.499
68600 5.05569 3.90954 3.17484 12.1401 312.063
68700 5.07316 3.79705 3.26937 12.1396 313.616
68800 5.14599 3.86557 3.4445 12.4561 298.929
68900 5.13408 3.95901 3.47329 12.5664 291.652
69000 5.11087 3.90573 3.4682 12.4848 285.151
69100 5.09604 3.91733 3.53912 12.5525 307.495
69200 5.20407 3.89273 3.59685 12.6936 304.728
69300 5.2589 3.91795 3.56278 12.7396 306.297
69400 5.08872 3.75732 3.50781 12.3539 288.514
69500 5.0981 3.74123 3.41908 12.2584 280.626
69600 5.13294 3.68729 3.35674 12.177 276.715
69700 5.21671 3.64872 3.32667 12.1921 296.452
69800 5.04359 3.5659 3.24779 11.8573 298.547
69900 5.07976 3.58373 3.18291 11.8464 303.523
70000 5.12319 3.75385 3.25444 12.1315 307.143
70100 5.18453 3.7438 3.32922 12.2576 288.654
70200 5.24165 3.71672 3.35074 12.3091 280.497
70300 5.1485 3.72934 3.2644 12.1422 291.722
70400 5.0231 3.80372 3.25963 12.0864 304.058
70500 5.0822 3.93109 3.3962 12.4095 297.897
70600 5.15907 4.01155 3.38315 12.5538 299.577
70700 5.27317 3.90469 3.33977 12.5176 312.178
70800 5.27607 3.8247 3.2773 12.3781 300.872
70900 5.22737 3.87116 3.26866 12.3672 289.624
71000 5.12518 3.95242 3.24612 12.3237 284.941
71100 5.17843 3.88683 3.15987 12.2251 300.939
71200 5.17537 3.88301 3.13917 12.1976 301.788
71300 5.15452 4.0005 3.20134 12.3564 309.324
71400 5.18278 3.96347 3.34169 12.4879 293.834
71500 5.16692 3.8791 3.43393 12.4799 284.224
71600 5.19611 3.95892 3.41409 12.5691 279.95
71700 5.22684 4.00508 3.44035 12.6723 283.165
71800 5.23908 3.99863 3.49851 12.7362 303.241
71900 5.31462 3.93376 3.49342 12.7418 310.613
72000 5.26753 3.97945 3.44908 12.6961 298.007
72100 5.17076 3.88216 3.36259 12.4155 286.089
72200 5.25569 3.77229 3.30464 12.3326 282.692
72300 5.36069 3.9059 3.34244 12.609 298.049
72400 5.38573 3.94879 3.37092 12.7054 309.191
72500 5.30422 3.94266 3.31962 12.5665 304.591
72600 5.31829 3.76081 3.26219 12.3413 302.355
72700 5.33721 3.65975 3.29221 12.2892 289.941
72800 5.16268 3.62698 3.27807 12.0677 281.923
72900 5.16914 3.4701 3.21854 11.8578 292.341
73000 5.21139 3.30935 3.18067 11.7014 299.97
73100 5.12826 3.25317 3.19005 11.5715 296.151
73200 5.20296 3.2184 3.18421 11.6056 299.13
73300 5.13362 3.2152 3.21361 11.5624 308.531
73400 5.22818 3.27851 3.20408 11.7108 323.594
73500 5.25266 3.26576 3.20836 11.7268 313.987
73600 5.22066 3.23282 3.30093 11.7544 297.084
73700 5.1692 3.25321 3.27125 11.6937 301.157
73800 5.13596 3.27644 3.20097 11.6134 299.223
73900 5.23468 3.37674 3.20174 11.8132 295.34
74000 5.42844 3.46232 3.13338 12.0241 284.607
74100 5.54682 3.55448 3.11134 12.2126 285.374
74200 5.4853 3.65113 3.17044 12.3069 301.29
74300 5.44148 3.6664 3.18363 12.2915 307.013
74400 5.44617 3.66108 3.1974 12.3047 302.132
74500 5.35437 3.58414 3.29093 12.2294 294.945
74600 5.27248 3.52482 3.34731 12.1446 285.971
74700 5.20464 3.54111 3.37867 12.1244 290.892
74800 5.21497 3.40515 3.33512 11.9552 299.577
74900 5.28609 3.34063 3.37047 11.9972 299.985
75000 5.21408 3.40985 3.40591 12.0298 297.733
75100 5.18985 3.50245 3.31603 12.0083 316.746
75200 5.21173 3.46317 3.26276 11.9377 324.628
75300 5.15336 3.44087 3.30595 11.9002 317.517
75400 5.20417 3.34809 3.23577 11.788 305.419
75500 5.29426 3.47378 3.18465 11.9527 302.371
75600 5.33137 3.60745 3.21333 12.1522 295.219
75700 5.37609 3.59297 3.27471 12.2438 287.992
75800 5.29999 3.62897 3.26409 12.1931 307.087
75900 5.25543 3.56953 3.24829 12.0733 304.039
76000 5.3519 3.60947 3.30331 12.2647 306.386
76100 5.39721 3.65964 3.34893 12.4058 293.799
76200 5.38735 3.72958 3.30175 12.4187 289.09
76300 5.35394 3.68532 3.20276 12.242 308.822
76400 5.22982 3.62194 3.13924 11.991 320.066
76500 5.30821 3.71756 3.20568 12.2315 315.887
76600 5.50239 3.75635 3.2699 12.5286 304.493
76700 5.53514 3.72477 3.28584 12.5457 297.52
76800 5.49142 3.65854 3.31859 12.4686 290.187
76900 5.52712 3.66616 3.36821 12.5615 301.033
77000 5.54255 3.68337 3.3994 12.6253 317.207
77100 5.41151 3.63685 3.3136 12.362 301.968
77200 5.31416 3.61856 3.2533 12.186 302.099
77300 5.20779 3.64127 3.16805 12.0171 299.716
77400 5.15363 3.73338 3.17783 12.0648 285.798
77500 5.07777 3.65731 3.2093 11.9444 284.07
77600 4.97489 3.56227 3.1802 11.7174 305.414
77700 4.90057 3.46729 3.19411 11.562 310.633
77800 4.98468 3.52546 3.31042 11.8206 298.71
77900 4.91104 3.58224 3.38209 11.8754 290.066
78000 4.91668 3.53165 3.40422 11.8526 301.337
78100 4.92651 3.57502 3.36778 11.8693 318.323
78200 5.01877 3.64608 3.30885 11.9737 317.977
78300 5.0239 3.70951 3.30728 12.0407 303.094
78400 4.9872 3.70337 3.30413 11.9947 295.858
78500 4.99265 3.63838 3.29405 11.9251 293.952
78600 4.98065 3.61551 3.31828 11.9144 301.783
78700 4.98694 3.64937 3.35523 11.9915 319.02
78800 5.07246 3.70048 3.40232 12.1753 320.253
78900 5.15566 3.73841 3.39281 12.2869 313.073
79000 5.175 3.73744 3.33613 12.2486 306.728
79100 5.13776 3.70144 3.29793 12.1371 293.676
79200 5.08626 3.63628 3.24204 11.9646 295.107
79300 5.07382 3.65873 3.2927 12.0252 301.055
79400 4.87793 3.65814 3.2223 11.7584 317.648
79500 5.00012 3.6567 3.15594 11.8128 316.934
79600 5.1383 3.63092 3.15604 11.9253 302.119
79700 5.15547 3.68176 3.20878 12.046 302.58
79800 5.15109 3.64525 3.16369 11.96 299.433
79900 5.12707 3.53994 3.08975 11.7568 292.16
80000 5.04052 3.60022 3.1074 11.7481 285.195
80100 5.01795 3.7231 3.10627 11.8473 286.743
80200 5.12697 3.77613 3.17559 12.0787 302.829
80300 5.08167 3.75631 3.23587 12.0738 303.761
80400 5.13769 3.70102 3.22201 12.0607 305.772
80500 5.18804 3.70894 3.15625 12.0532 291.472
80600 5.16769 3.68237 3.14043 11.9905 289.459
80700 5.16478 3.61953 3.10986 11.8942 294.608
80800 5.16382 3.55949 3.1462 11.8695 298.767
80900 5.22007 3.52455 3.17186 11.9165 301.442
81000 5.23963 3.51786 3.08675 11.8442 296.684
81100 5.09899 3.55108 3.06113 11.7112 314.75
81200 5.1374 3.59958 3.18803 11.925 317.89
81300 5.10663 3.73744 3.18457 12.0286 297.328
81400 5.2273 3.82594 3.16225 12.2155 289.995
81500 5.23034 3.70775 3.22906 12.1671 299.091
81600 5.2614 3.73477 3.31074 12.3069 304.651
81700 5.18261 3.78581 3.37443 12.3429 315.662
81800 5.16344 3.79041 3.39708 12.3509 309.455
81900 5.15527 3.61894 3.3875 12.1617 296.186
82000 5.1757 3.53863 3.40168 12.116 285.634
82100 5.14869 3.56905 3.4001 12.1178 298.831
82200 5.13788 3.5577 3.31866 12.0142 309.184
82300 5.08485 3.50313 3.22051 11.8085 308.115
82400 5.2088 3.55141 3.27696 12.0372 296.618
82500 5.29243 3.57026 3.1967 12.0594 278.545
82600 5.24962 3.61912 3.22459 12.0933 294.618
82700 5.17853 3.55137 3.31154 12.0414 294.842
82800 5.10663 3.52925 3.24945 11.8853 303.441
82900 5.09563 3.64267 3.2817 12.02 305.52
83000 5.14656 3.6119 3.40324 12.1617 301.016
83100 5.07657 3.4922 3.576 12.1448 284.194
83200 4.96731 3.45163 3.63089 12.0498 287.613
83300 4.9052 3.51133 3.58371 12.0002 292.785
83400 4.8909 3.54844 3.59771 12.0371 299.366
83500 4.86178 3.48052 3.58048 11.9228 306.295
83600 4.92709 3.44329 3.57478 11.9452 301.824
83700 4.99371 3.4922 3.55088 12.0368 294.643
83800 4.9952 3.4542 3.60015 12.0495 278.659
83900 5.09534 3.36107 3.73848 12.1949 276.92
84000 5.18611 3.37971 3.72426 12.2901 291.912
84100 5.17195 3.46756 3.68307 12.3226 301.286
84200 5.10787 3.52742 3.73352 12.3688 305.524
84300 5.10415 3.52333 3.7325 12.36 305.443
84400 5.08343 3.58749 3.6862 12.3571 286.815
84500 5.14564 3.58549 3.62453 12.3557 285.738
84600 5.11012 3.52696 3.49039 12.1275 296.109
84700 5.04361 3.57625 3.47219 12.092 301.042
84800 5.03159 3.53432 3.55723 12.1231 299.274
84900 5.02198 3.48982 3.55037 12.0622 300.428
85000 5.10052 3.47368 3.57491 12.1491 313.63
85100 5.04642 3.38204 3.68878 12.1172 321.328
85200 4.98271 3.42429 3.71238 12.1194 304.787
85300 5.03429 3.50376 3.63006 12.1681 294.216
85400 5.07267 3.49878 3.64806 12.2195 298.326
85500 5.15603 3.55644 3.71967 12.4321 292.33
85600 5.16689 3.61667 3.6915 12.4751 311.377
85700 5.2092 3.61153 3.65649 12.4772 317.749
85800 5.16403 3.5512 3.61792 12.3332 303.426
85900 5.34393 3.59629 3.61145 12.5517 306.15
86000 5.47457 3.71063 3.59756 12.7828 296.906
86100 5.39107 3.62837 3.59546 12.6149 294.234
86200 5.24909 3.58185 3.65601 12.487 296.817
86300 5.29648 3.65129 3.6716 12.6194 316.065
86400 5.20179 3.63203 3.54469 12.3785 323.974
86500 4.98828 3.70238 3.56285 12.2535 307.754
86600 4.92035 3.71202 3.50477 12.1371 288.646
86700 4.89321 3.64126 3.56917 12.1036 289.414
86800 4.89751 3.62772 3.61284 12.1381 306.965
86900 4.89453 3.62739 3.55876 12.0807 307.553
87000 4.98393 3.61104 3.51387 12.1088 306.65
87100 4.96147 3.56975 3.62889 12.1601 299.511
87200 5.03142 3.6644 3.68854 12.3844 296.581
87300 5.2466 3.7405 3.61998 12.6071 301.739
87400 5.24968 3.72023 3.5771 12.547 313.472
87500 5.17523 3.62376 3.60543 12.4044 301.051
87600 5.10102 3.5583 3.65138 12.3107 290.583
87700 5.00644 3.5136 3.63917 12.1592 291.821
87800 5.14596 3.50019 3.67142 12.3176 305.362
87900 5.226 3.41057 3.72717 12.3637 305.948
88000 5.23437 3.43681 3.8166 12.4878 322.843
88100 5.15814 3.45396 3.82413 12.4362 311.032
88200 5.1504 3.44101 3.80625 12.3977 300.424
88300 5.11489 3.54279 3.84829 12.506 301.052
88400 5.16452 3.51953 3.86485 12.5489 291.398
88500 5.19307 3.43082 3.73873 12.3626 292.045
88600 5.16649 3.36714 3.57517 12.1088 309.134
88700 5.26162 3.23329 3.61211 12.107 311.106
88800 5.29405 3.22099 3.62404 12.1391 303.454
88900 5.26999 3.33856 3.57119 12.1797 284.002
89000 5.25307 3.44744 3.63292 12.3334 291.885
89100 5.21498 3.38183 3.75357 12.3504 295.76
89200 5.20489 3.38348 3.84966 12.438 310.287
89300 5.23039 3.3722 3.83092 12.4335 306.102
89400 5.13208 3.42437 3.77068 12.3271 294.923
89500 5.07716 3.54637 3.76199 12.3855 292.712
89600 5.07749 3.60272 3.7537 12.4339 307.582
89700 5.19474 3.51742 3.68342 12.3956 306.629
89800 5.17804 3.44676 3.71498 12.3398 306.691
89900 4.97875 3.43739 3.79072 12.2069 287.477
90000 4.87931 3.44392 3.7882 12.1114 284.892
90100 4.83016 3.38515 3.67403 11.8893 299.226
90200 4.96543 3.3296 3.65089 11.9459 302.152
90300 4.96124 3.40974 3.66474 12.0357 304.91
90400 4.8568 3.50446 3.65837 12.0196 300.633
90500 4.89604 3.46679 3.62885 11.9917 292.868
90600 4.95393 3.4089 3.59179 11.9546 281.497
90700 4.92322 3.38622 3.51788 11.8273 298.571
90800 4.89655 3.34803 3.57189 11.8165 311.518
90900 4.92022 3.36198 3.55273 11.8349 290.619
91000 5.02913 3.38833 3.57071 11.9882 302.624
91100 4.98432 3.36344 3.53711 11.8849 301.333
91200 5.03018 3.31333 3.54961 11.8931 295.673
91300 5.12709 3.27892 3.58064 11.9867 285.175
91400 5.18931 3.27587 3.6526 12.1178 294.922
91500 5.11768 3.3121 3.66535 12.0951 308.227
91600 5.07978 3.34417 3.61912 12.0431 304.294
91700 5.10277 3.40259 3.71873 12.2241 302.022
91800 5.07261 3.39422 3.72743 12.1943 294.782
91900 5.10236 3.4002 3.70339 12.2059 282.733
92000 5.16418 3.42934 3.75919 12.3527 281.984
92100 5.08974 3.45181 3.84153 12.3831 302.012
92200 5.05967 3.34887 3.92736 12.3359 296.548
92300 5.12383 3.29612 3.93715 12.3571 303.085
92400 5.02091 3.32816 3.81609 12.1652 308.656
92500 4.90341 3.31046 3.7752 11.9891 307.156
92600 4.8767 3.2645 3.72914 11.8703 294.447
92700 4.86528 3.31805 3.62962 11.813 288.213
92800 4.95575 3.31706 3.62724 11.9 298.533
92900 4.98081 3.36761 3.58918 11.9376 309.917
93000 4.9271 3.38556 3.6248 11.9375 312.161
93100 4.94599 3.31132 3.60104 11.8583 308.386
93200 5.05613 3.3225 3.61345 11.9921 296.516
93300 5.03752 3.40013 3.64965 12.0873 300.502
93400 5.02229 3.50331 3.72734 12.2529 294.337
93500 5.08832 3.47044 3.70415 12.2629 314.213
93600 5.04997 3.44593 3.71452 12.2104 313.754
93700 5.10534 3.48251 3.75465 12.3425 306.092
93800 5.00565 3.51272 3.70136 12.2197 298.673
93900 4.88886 3.50862 3.68447 12.082 303.677
94000 4.92909 3.36028 3.73823 12.0276 293.245
94100 5.07756 3.31306 3.75801 12.1486 296.76
94200 5.03948 3.31646 3.68744 12.0434 298.961
94300 5.00347 3.2703 3.74753 12.0213 296.438
94400 4.89046 3.32234 3.84109 12.0539 309.095
94500 5.03409 3.38688 3.86715 12.2881 310.571
94600 5.02624 3.3469 3.87972 12.2529 301.77
94700 4.91967 3.27549 3.90828 12.1034 294.82
94800 4.99409 3.37845 3.82555 12.1981 292.823
94900 4.98119 3.49927 3.72759 12.2081 303.792
95000 4.88928 3.53675 3.75722 12.1833 314.639
95100 4.70752 3.47104 3.89703 12.0756 316.716
95200 4.61026 3.32451 3.89466 11.8294 327.003
95300 4.57703 3.2921 3.77683 11.646 298.009
95400 4.6117 3.30315 3.67425 11.5891 298.309
95500 4.6284 3.26061 3.7054 11.5944 293.21
95600 4.69568 3.2475 3.70179 11.645 298.321
95700 4.77152 3.1412 3.71207 11.6248 315.674
95800 4.73907 3.02433 3.79295 11.5563 305.065
95900 4.74958 3.00062 3.74388 11.4941 286.368
96000 4.76498 3.14098 3.76806 11.674 285.734
96100 4.89016 3.16961 3.75403 11.8138 294.053
96200 4.85142 3.10475 3.73042 11.6866 293.626
96300 4.78968 3.19826 3.85599 11.8439 299.283
96400 4.80357 3.23241 3.86352 11.8995 304.74
96500 4.83806 3.26104 3.85894 11.958 312.304
96600 4.78133 3.284 3.88944 11.9548 281.391
96700 4.8779 3.26582 3.76103 11.9047 286.565
96800 4.93937 3.31598 3.7187 11.9741 287.594
96900 4.99391 3.32095 3.70639 12.0213 301.445
97000 5.08725 3.31881 3.74579 12.1519 305.391
97100 5.11546 3.39255 3.79251 12.3005 300.813
97200 5.09633 3.36764 3.79624 12.2602 290.852
97300 4.90456 3.34742 3.77888 12.0309 286.56
97400 4.83416 3.38095 3.72874 11.9439 277.449
97500 4.76879 3.35299 3.74319 11.865 290.887
97600 4.75535 3.22495 3.81386 11.7942 306.328
97700 4.71517 3.17456 3.80903 11.6988 303.436
97800 4.70976 3.08108 3.74655 11.5374 305.054
97900 4.76852 3.0321 3.75445 11.5551 290.562
98000 4.81481 3.11701 3.82544 11.7573 285.644
98100 4.88799 3.18866 3.8036 11.8802 300.489
98200 4.94844 3.30195 3.79972 12.0501 315.688
98300 5.00729 3.4372 3.87805 12.3225 300.185
98400 5.04082 3.41684 3.87303 12.3307 305.35
98500 5.02175 3.34397 3.85255 12.2183 294.683
98600 5.00312 3.22271 3.81615 12.042 283.933
98700 5.02834 3.16906 3.84617 12.0436 273.343
98800 4.96162 3.18224 3.905 12.0489 289.875
98900 5.06931 3.17246 3.88249 12.1243 309.073
99000 4.97792 3.15196 3.78334 11.9132 299.827
99100 4.91388 3.19785 3.81598 11.9277 307.342
99200 4.9356 3.25224 3.81208 11.9999 288.405
99300 4.94357 3.23677 3.79216 11.9725 291.839
99400 4.80142 3.15376 3.70498 11.6602 301.96
99500 4.72141 3.2594 3.71327 11.6941 314.254
99600 4.57342 3.38591 3.75763 11.717 318.77
99700 4.58979 3.38137 3.72914 11.7003 319.097
99800 4.63302 3.3267 3.69201 11.6517 328.123
99900 4.75046 3.44058 3.60486 11.7959 295.333
100000 4.79538 3.51806 3.64985 11.9633 299.743
100100 4.71522 3.48024 3.71461 11.9101 284.486
100200 4.70295 3.39984 3.72654 11.8293 298.341
100300 4.77396 3.36209 3.74645 11.8825 302.601
100400 4.73191 3.36892 3.77009 11.8709 308.975
100500 4.91605 3.45847 3.84519 12.2197 306.777
100600 4.96817 3.57409 3.87405 12.4163 305.51
100700 4.96019 3.61446 3.83954 12.4142 294.618
100800 5.09089 3.54552 3.84227 12.4787 300.646
100900 5.06036 3.43231 3.8101 12.3028 311.482
101000 5.04852 3.31368 3.81048 12.1727 310.984
101100 5.01445 3.282 3.86673 12.1632 293.883
101200 4.98418 3.23995 3.85017 12.0743 293.643
101300 4.96398 3.23858 3.94519 12.1478 297.007
101400 4.88763 3.19896 4.00066 12.0872 298.631
101500 4.97576 3.27718 3.96908 12.222 309.889
101600 4.96585 3.30635 3.96624 12.2384 320.961
101700 4.96556 3.33534 3.97547 12.2764 315.798
101800 5.02612 3.30238 3.97492 12.3034 303.3
101900 5.06617 3.37393 3.95824 12.3983 290.615
102000 5.13575 3.44087 3.90293 12.4795 292.875
102100 5.1974 3.48192 3.96048 12.6398 309.584
102200 5.22223 3.50093 3.93793 12.6611 315.771
102300 5.23659 3.45556 3.93305 12.6252 307.056
102400 5.08356 3.41998 3.96159 12.4651 306.95
102500 4.91333 3.48321 3.98871 12.3853 288.571
102600 4.86077 3.50249 4.00705 12.3703 297.787
102700 4.89037 3.49846 4.0007 12.3895 308.717
102800 4.99308 3.40944 4.04537 12.4479 316.149
102900 5.00589 3.40959 3.86807 12.2836 317.847
103000 5.04671 3.38507 3.67195 12.1037 300.15
103100 5.18226 3.45344 3.67398 12.3097 294.855
103200 5.23345 3.51451 3.75212 12.5001 298.411
103300 5.19293 3.53923 3.86673 12.5989 296.451
103400 5.05532 3.52398 3.92156 12.5009 317.509
103500 5.02313 3.4836 3.81113 12.3179 312.013
103600 4.95533 3.47418 3.84799 12.2775 296.232
103700 4.94746 3.55821 3.8813 12.387 285.648
103800 4.92205 3.53939 3.7663 12.2277 302.841
103900 4.93961 3.50935 3.68717 12.1361 299.686
104000 4.88364 3.45681 3.70413 12.0446 303.819
104100 4.87976 3.45206 3.76141 12.0932 300.899
104200 4.85714 3.27005 3.80493 11.9321 312.163
104300 4.71388 3.20646 3.88136 11.8017 316.452
104400 4.69863 3.25023 3.8737 11.8226 295.171
104500 4.75136 3.35343 3.8653 11.9701 288.94
104600 4.76819 3.50055 3.90714 12.1759 300.366
104700 4.69163 3.48857 3.96569 12.1459 307.662
104800 4.72672 3.46437 3.93757 12.1287 316.998
104900 4.78703 3.42281 3.87877 12.0886 318.531
105000 4.77294 3.41256 3.91619 12.1017 301.999
105100 4.91751 3.41602 3.88371 12.2172 297.095
105200 5.03906 3.39312 3.94057 12.3727 293.103
105300 5.00408 3.36546 3.90325 12.2728 309.26
105400 4.97687 3.31555 3.84157 12.134 309.664
105500 5.14026 3.31655 3.95669 12.4135 314.902
105600 5.11665 3.26072 3.99056 12.3679 301.639
105700 5.00821 3.21861 3.89321 12.12 288.769
105800 5.01398 3.15589 3.82916 11.999 295.62
105900 5.03828 3.15286 3.87956 12.0707 298.604
106000 4.93266 3.18082 3.7966 11.9101 316.951
106100 4.8623 3.153 3.75761 11.7729 310.229
106200 4.903 3.22776 3.72376 11.8545 300.661
106300 4.99827 3.30189 3.80154 12.1017 301.28
106400 5.10347 3.32655 3.8944 12.3244 293.722
106500 4.98038 3.26512 3.97383 12.2193 303.538
106600 4.86261 3.24488 4.01775 12.1252 315.25
106700 4.85575 3.29242 3.9592 12.1074 317.87
106800 4.79516 3.32844 3.96258 12.0862 300.022
106900 4.75756 3.28903 3.79986 11.8465 297.688
107000 4.82695 3.25494 3.8136 11.8955 297.324
107100 4.87973 3.22975 3.73626 11.8457 293.921
107200 4.79767 3.15546 3.79278 11.7459 297.583
107300 4.79736 3.07701 3.72432 11.5987 308.844
107400 4.86746 3.06138 3.69991 11.6288 306.883
107500 4.94722 3.09071 3.65622 11.6941 297.724
107600 4.98527 3.03235 3.74542 11.763 286.928
107700 4.99033 3.00025 3.91222 11.9028 283.734
107800 4.94754 3.05439 3.9563 11.9582 298.419
107900 5.10328 3.1017 3.9679 12.1729 299.1
108000 4.97763 3.09847 4.01486 12.091 303.171
108100 4.7884 3.12982 4.05853 11.9768 305.797
108200 4.8417 3.15432 3.9848 11.9808 298.523
108300 5.0388 3.20475 3.86258 12.1061 286.632
108400 5.05767 3.16807 3.87278 12.0985 287.98
108500 4.98856 3.19737 3.90007 12.086 298.505
108600 4.88195 3.19508 3.84038 11.9174 310.144
108700 4.82285 3.13865 3.75006 11.7116 304.08
108800 4.88615 3.14641 3.66306 11.6956 312.426
108900 4.7839 3.15652 3.57747 11.5179 300.484
109000 4.85642 3.24236 3.65613 11.7549 289.786
109100 4.99433 3.27942 3.61522 11.889 298.922
109200 4.96352 3.34616 3.74313 12.0528 304.393
109300 4.92228 3.41788 3.87749 12.2176 318.206
109400 4.92786 3.41418 3.88092 12.223 306.562
109500 4.92896 3.44348 3.8425 12.2149 298.072
109600 4.83493 3.43822 3.81293 12.0861 289.995
109700 4.8529 3.49225 3.88012 12.2253 294.649
109800 4.84105 3.61738 3.97473 12.4332 304.881
109900 4.69842 3.56572 3.97644 12.2406 308.259
110000 4.65158 3.52168 3.92655 12.0998 310.442
110100 4.77425 3.47004 3.78009 12.0244 309.145
110200 4.8636 3.39458 3.73423 11.9924 301.345
110300 4.88779 3.39124 3.78181 12.0608 299.226
110400 4.89841 3.2871 3.72238 11.9079 292.861
110500 4.88774 3.31056 3.72319 11.9215 288.466
110600 4.76162 3.45279 3.75315 11.9676 296.585
110700 4.79378 3.57075 3.74254 12.1071 305.004
110800 4.88443 3.67154 3.86479 12.4208 312.261
110900 4.94949 3.58327 3.96834 12.5011 304.024
111000 4.97079 3.57615 3.84412 12.3911 293.261
111100 4.98432 3.65671 3.77815 12.4192 298.398
111200 5.042 3.73563 3.88371 12.6613 293.123
111300 5.04769 3.73906 3.95589 12.7426 301.191
111400 5.20564 3.64388 3.89471 12.7442 314.417
111500 5.07802 3.57909 3.91247 12.5696 311.357
111600 4.97688 3.5337 3.95698 12.4676 294.712
111700 4.91636 3.55844 3.92577 12.4006 285.052
111800 4.84847 3.58378 3.79014 12.2224 302.243
111900 4.86022 3.56294 3.69587 12.119 307.661
112000 4.72643 3.52102 3.73996 11.9874 304.583
112100 4.72491 3.4343 3.73697 11.8962 284.9
112200 4.71622 3.50664 3.65435 11.8772 286.185
112300 4.65693 3.50142 3.76742 11.9258 290.957
112400 4.70569 3.47516 3.82125 12.0021 301.878
112500 4.76287 3.58079 3.79177 12.1354 314.682
112600 4.86894 3.65335 3.87547 12.3978 297.681
112700 4.98164 3.63825 3.95867 12.5786 296.307
112800 4.90502 3.69826 3.99152 12.5948 291.884
112900 4.83897 3.70152 3.94821 12.4887 311.501
113000 4.87624 3.60388 3.88908 12.3692 312.624
113100 4.84994 3.61705 4.0565 12.5235 304.286
113200 4.85896 3.49055 3.92424 12.2738 293.042
113300 4.89896 3.48876 3.86396 12.2517 297.007
113400 4.78119 3.53052 3.85223 12.1639 294.114
113500 4.72228 3.55627 3.75714 12.0357 301.855
113600 4.67002 3.51762 3.6963 11.8839 301.181
113700 4.63491 3.37159 3.68842 11.6949 303.419
113800 4.64759 3.31588 3.66163 11.6251 293.06
113900 4.71739 3.31352 3.73339 11.7643 288.941
114000 4.69019 3.40438 3.81148 11.9061 301.404
114100 4.80484 3.50923 3.8556 12.1697 310.092
114200 4.87458 3.56985 3.85864 12.3031 301.805
114300 4.79931 3.65874 3.89792 12.356 311.995
114400 4.79509 3.74586 3.97302 12.514 308.699
114500 5.00767 3.70722 4.00306 12.718 290.52
114600 4.97153 3.79627 3.88809 12.6559 305.674
114700 4.96139 3.84887 3.90756 12.7178 295.053
114800 4.88263 3.74254 3.94705 12.5722 309.114
114900 5.00858 3.70902 3.89865 12.6163 317.406
115000 5.17825 3.70525 3.79336 12.6769 300.022
115100 5.35268 3.74118 3.80445 12.8983 293.056
115200 5.39247 3.6538 3.84674 12.893 291.307
115300 5.29722 3.6744 3.92059 12.8922 308.82
115400 5.34665 3.69931 3.77584 12.8218 302.756
115500 5.43046 3.57883 3.74189 12.7512 306.9
115600 5.34174 3.62282 3.8164 12.7809 301.188
115700 5.32836 3.7591 3.69735 12.7848 288.405
115800 5.26108 3.80375 3.76828 12.8331 284.765
115900 5.0292 3.81118 3.77359 12.614 299.617
116000 4.99026 3.83174 3.66946 12.4915 310.846
116100 5.00436 3.76646 3.70344 12.4743 306.921
116200 4.9754 3.72259 3.71104 12.409 294.263
116300 5.01482 3.64629 3.73975 12.4009 288.777
116400 4.98893 3.66639 3.81223 12.4675 292.444
116500 4.95463 3.66649 3.86316 12.4843 311.749
116600 4.94694 3.57028 3.9178 12.435 312.969
116700 4.98117 3.58009 3.90829 12.4696 300.345
116800 4.99681 3.59785 3.9643 12.559 295.923
116900 5.02561 3.61478 3.89226 12.5326 288.111
117000 4.94846 3.68312 3.91485 12.5464 304.424
117100 4.88674 3.72695 4.00294 12.6166 314.328
117200 4.91046 3.82687 3.8325 12.5698 330.321
117300 4.9734 3.89456 3.82031 12.6883 323.562
117400 5.00651 3.74296 3.8516 12.6011 305.197
117500 5.0015 3.68703 3.81107 12.4996 303.649
117600 4.94339 3.72029 3.78596 12.4496 297.329
117700 4.99651 3.71645 3.87028 12.5832 289.946
117800 4.99396 3.68843 3.87282 12.5552 290.214
117900 5.17326 3.69261 3.92986 12.7957 307.004
118000 5.26394 3.63726 3.92103 12.8222 310.972
118100 5.27932 3.73027 3.92102 12.9306 306.109
118200 5.32307 3.65978 3.92611 12.909 289.461
118300 5.19184 3.63786 3.8704 12.7001 295.364
118400 4.97473 3.55155 3.77356 12.2998 305.988
118500 4.86752 3.49396 3.78294 12.1444 293.333
118600 4.8639 3.40937 3.80362 12.0769 300.014
118700 4.90193 3.34871 3.82389 12.0745 310.138
118800 4.95472 3.32208 3.86158 12.1384 313.982
118900 4.91158 3.48533 3.85898 12.2559 312.458
119000 5.0398 3.58393 3.93298 12.5567 292.666
119100 5.05603 3.626 3.8642 12.5462 293.351
119200 5.01649 3.65196 3.73334 12.4018 300.857
119300 5.02272 3.66892 3.81534 12.507 305.757
119400 4.8638 3.64828 3.86968 12.3818 310.709
119500 4.8164 3.73286 3.9516 12.5009 315.921
119600 4.84366 3.68137 3.97854 12.5036 307.284
119700 4.95683 3.70315 3.79584 12.4558 303.616
119800 5.03369 3.68944 3.87154 12.5947 290.27
119900 5.04149 3.6836 3.90694 12.632 298.096
120000 5.06485 3.66127 3.93278 12.6589 303.137
120100 5.18994 3.55065 3.87824 12.6188 319.653
120200 5.16513 3.64722 3.85388 12.6662 299.16
120300 5.04496 3.70401 3.96905 12.718 293.665
120400 5.06266 3.65679 3.88853 12.608 289.681
120500 5.11082 3.55898 3.89611 12.5659 297.31
120600 5.0128 3.54161 3.83164 12.386 303.714
120700 5.09529 3.63707 3.74716 12.4795 309.665
120800 5.03294 3.64826 3.76794 12.4491 302.648
120900 4.96685 3.60303 3.87509 12.445 294.472
121000 4.87516 3.50828 3.79919 12.1826 293.448
121100 4.80082 3.50252 3.85275 12.1561 301.403
121200 4.81295 3.58237 3.96248 12.3578 301.037
121300 4.82947 3.61465 3.97984 12.424 310.055
121400 4.85427 3.52103 3.89028 12.2656 304.021
121500 4.90385 3.50258 3.84726 12.2537 299.598
121600 5.0138 3.52829 3.89079 12.4329 293.061
121700 4.99662 3.55335 3.90271 12.4527 286.591
121800 4.82666 3.47549 3.91693 12.2191 303.219
121900 4.82781 3.55107 3.96096 12.3398 321.751
122000 4.91407 3.61918 3.89424 12.4275 303.786
122100 4.92783 3.58696 3.94004 12.4548 300.87
122200 4.86788 3.62761 4.02619 12.5217 292.725
122300 4.89997 3.60323 3.7553 12.2585 297.061
122400 4.94767 3.60744 3.6077 12.1628 316.111
122500 5.00188 3.67521 3.63111 12.3082 318.806
122600 5.0642 3.58522 3.79571 12.4451 303.293
122700 5.13568 3.52083 3.79166 12.4482 296.692
122800 5.16362 3.52288 3.8312 12.5177 296.469
122900 5.19111 3.57352 3.88548 12.6501 300.085
123000 5.15561 3.66232 3.88469 12.7026 319.133
123100 5.16108 3.58466 3.94516 12.6909 318.464
123200 5.10459 3.53476 3.85054 12.4899 303.734
123300 5.17773 3.51128 3.89866 12.5877 306.181
123400 5.16031 3.58946 3.9381 12.6879 294.966
123500 5.14284 3.65836 3.85005 12.6513 298.629
123600 5.10241 3.6111 3.79008 12.5036 303.045
123700 5.00066 3.61763 3.8112 12.4295 313.595
123800 5.07426 3.69176 3.8845 12.6505 319.574
123900 4.97625 3.77163 3.89916 12.647 292.973
124000 5.01043 3.68714 3.92341 12.621 291.85
124100 4.91105 3.64295 3.96037 12.5144 298.21
124200 4.89274 3.62185 3.89813 12.4127 302.141
124300 4.86106 3.55326 4.03035 12.4447 316.044
124400 4.86604 3.53156 4.06791 12.4655 333.775
124500 4.97225 3.51291 4.11441 12.5996 308.616
124600 5.0729 3.50845 4.11171 12.6931 301.611
124700 5.03717 3.50391 4.10404 12.6451 292.898
124800 4.95359 3.40155 3.92606 12.2812 305.322
124900 5.11459 3.27347 3.80769 12.1957 297.394
125000 5.12314 3.28978 3.70529 12.1182 285.12
125100 4.95916 3.38647 3.70547 12.0511 293.009
125200 4.94886 3.36632 3.68373 11.9989 307.619
125300 4.91838 3.40579 3.69518 12.0193 311.204
125400 4.74707 3.36061 3.75044 11.8581 296.057
125500 4.6513 3.36432 3.74053 11.7562 301.166
125600 4.73665 3.40463 3.75656 11.8978 301.838
125700 4.76277 3.44627 3.7323 11.9413 296.995
125800 4.72522 3.49349 3.69145 11.9102 302.657
125900 4.80738 3.47691 3.85655 12.1408 309.454
126000 4.83537 3.47665 3.86942 12.1814 306.911
126100 4.72915 3.53122 3.90412 12.1645 294.606
126200 4.66187 3.51967 4.00238 12.1839 293.845
126300 4.62486 3.55609 3.99024 12.1712 292.316
126400 4.64442 3.56848 3.87861 12.0915 279.701
126500 4.68614 3.74987 3.78913 12.2251 294.431
126600 4.77764 3.78398 3.7939 12.3555 301.573
126700 4.75345 3.65092 3.94655 12.3509 305.427
126800 4.5462 3.64686 3.95974 12.1528 305.987
126900 4.5259 3.77202 3.87388 12.1718 292.077
127000 4.56462 3.67664 3.91629 12.1576 282.891
127100 4.6065 3.54605 3.85894 12.0115 291.699
127200 4.61386 3.57818 3.79151 11.9836 299.997
127300 4.73316 3.59496 3.77451 12.1026 305.445
127400 4.7838 3.48365 3.88142 12.1489 299.492
127500 4.66599 3.43187 3.81844 11.9163 299.171
127600 4.6682 3.48821 3.72442 11.8808 306.076
127700 4.83053 3.52177 3.90077 12.2531 322.462
127800 4.6661 3.54973 3.90743 12.1233 310.111
127900 4.72254 3.55321 3.9469 12.2227 301.368
128000 4.8858 3.5983 3.82574 12.3098 300.145
128100 4.93995 3.56136 3.88969 12.391 289.249
128200 5.06277 3.59549 3.86375 12.522 307.241
128300 5.09651 3.61725 3.74245 12.4562 315.231
128400 5.12693 3.58596 3.70064 12.4135 302.965
128500 5.34714 3.62404 3.83016 12.8013 301.532
128600 5.47507 3.66998 3.88788 13.0329 300.698
128700 5.2906 3.68233 3.86409 12.837 302.621
128800 5.16136 3.62969 3.89686 12.6879 297.575
128900 5.05162 3.65212 3.90732 12.6111 281.29
129000 4.86196 3.657 3.87445 12.3934 293.254
129100 4.60467 3.59562 3.87875 12.079 297.495
129200 4.68591 3.51892 3.71583 11.9207 314.058
129300 4.80659 3.51359 3.76401 12.0842 308.691
129400 4.8315 3.53748 3.75693 12.1259 293.65
129500 4.70444 3.43403 3.78348 11.922 294.832
129600 4.65559 3.42795 3.87713 11.9607 299.955
129700 4.81017 3.49479 3.92951 12.2345 324.049
129800 4.82506 3.5713 3.83985 12.2362 323.162
129900 4.97696 3.57068 3.95748 12.5051 301.543
130000 5.0714 3.5288 3.89784 12.498 298.582
130100 5.01023 3.60298 3.88697 12.5002 295.049
130200 4.93289 3.71006 3.84668 12.4896 289.228
130300 4.81751 3.67176 3.82709 12.3164 308.29
130400 4.82297 3.70967 3.88961 12.4223 313.891
130500 4.91527 3.70709 3.97303 12.5954 300.398
130600 4.9598 3.68032 3.89535 12.5355 291.184
130700 4.96993 3.63663 3.74559 12.3521 294.994
130800 5.05356 3.60708 3.76059 12.4212 307.808
130900 4.95482 3.65351 3.86899 12.4773 314.197
131000 4.81749 3.70902 3.9198 12.4463 308.308
131100 4.83759 3.67524 3.91145 12.4243 299.249
131200 4.70313 3.6247 3.91165 12.2395 297.404
131300 4.61481 3.64864 3.90742 12.1709 290.39
131400 4.59346 3.59661 3.86431 12.0544 306.125
131500 4.59607 3.52792 3.69523 11.8192 311.607
131600 4.66941 3.49272 3.80324 11.9654 305.545
131700 4.61096 3.47441 3.84743 11.9328 292.694
131800 4.43466 3.42996 3.84461 11.7092 295.003
131900 4.30176 3.34551 3.86774 11.515 290.649
132000 4.3446 3.34869 4.01413 11.7074 282.96
132100 4.42003 3.37938 3.91785 11.7173 292.988
132200 4.41022 3.48184 3.80502 11.6971 310.206
132300 4.42878 3.52769 3.88792 11.8444 307.019
132400 4.50072 3.5375 3.86741 11.9056 292.252
132500 4.57892 3.53163 3.79577 11.9063 304.803
132600 4.70356 3.5565 3.79147 12.0515 318.088
132700 4.65111 3.49963 3.76188 11.9126 315.652
132800 4.68439 3.48911 3.70676 11.8803 301.054
132900 4.73154 3.49287 3.67102 11.8954 296.187
133000 4.64344 3.51685 3.62001 11.7803 296.71
133100 4.67253 3.5435 3.65684 11.8729 313.073
133200 4.81868 3.57185 3.6599 12.0504 313.571
133300 4.89315 3.60159 3.70211 12.1968 315.943
133400 4.87677 3.73606 3.83042 12.4432 298.621
133500 4.86845 3.75881 3.84591 12.4732 296.582
133600 4.6157 3.74542 3.84181 12.2029 292.623
133700 4.54949 3.76407 3.90772 12.2213 300.292
133800 4.56294 3.68594 3.84743 12.0963 307.274
133900 4.52937 3.50803 3.81911 11.8565 307.652
134000 4.54503 3.52477 3.92878 11.9986 308.746
134100 4.5008 3.48133 3.85238 11.8345 298.932
134200 4.48133 3.43669 3.78948 11.7075 292.488
134300 4.59875 3.47493 3.75618 11.8299 291.664
134400 4.72533 3.457 3.82296 12.0053 316.213
134500 4.67351 3.43597 3.86339 11.9729 302.247
134600 4.69956 3.4597 3.92792 12.0872 294.572
134700 4.64234 3.51886 3.94646 12.1077 283.777
134800 4.72707 3.54684 3.99504 12.269 288.662
134900 4.69577 3.58913 3.92285 12.2077 297.127
135000 4.66616 3.50561 3.81925 11.991 303.07
135100 4.71181 3.4604 3.80589 11.9781 313.452
135200 4.7082 3.4295 3.94943 12.0871 293.224
135300 4.76685 3.49831 3.90429 12.1694 281.186
135400 4.6747 3.49992 3.79399 11.9686 295.619
135500 4.59528 3.51047 3.76415 11.8699 300.456
135600 4.56403 3.567 3.76551 11.8965 305.973
135700 4.61829 3.68487 3.71563 12.0188 295.958
135800 4.66559 3.5933 3.74855 12.0074 304.008
135900 4.59518 3.58918 3.86076 12.0451 296.059
136000 4.65617 3.67672 3.8484 12.1813 304.557
136100 4.61425 3.60253 3.87032 12.0871 302.003
136200 4.52347 3.49509 3.89562 11.9142 290.477
136300 4.53668 3.36393 3.87185 11.7725 281.476
136400 4.61528 3.28403 3.77828 11.6776 286.54
136500 4.53726 3.24148 3.85359 11.6323 296.975
136600 4.48831 3.28865 3.86595 11.6429 301.328
136700 4.60607 3.45036 3.84707 11.9035 303.457
136800 4.70473 3.47151 3.83253 12.0088 306.563
136900 4.68733 3.43196 3.88701 12.0063 294.703
137000 4.66703 3.49299 3.9088 12.0688 278.558
137100 4.79561 3.56992 3.87656 12.2421 299.217
137200 4.74649 3.53353 3.76882 12.0488 306.037
137300 4.7639 3.52743 3.77284 12.0642 302.085
137400 4.68038 3.61082 3.90864 12.1998 301.689
137500 4.67847 3.55481 4.08747 12.3207 294.717
137600 4.77073 3.44166 4.01672 12.2291 296.552
137700 4.66715 3.39528 3.96143 12.0239 307.15
137800 4.50984 3.43517 3.9348 11.8798 297.951
137900 4.4439 3.40763 3.89359 11.7451 286.882
138000 4.50881 3.44576 3.92744 11.882 287.095
138100 4.59534 3.43533 3.85561 11.8863 291.328
138200 4.66153 3.33004 3.92277 11.9143 313.722
138300 4.79885 3.17455 3.92826 11.9017 301.507
138400 4.8163 3.21725 4.00556 12.0391 298.897
138500 4.62868 3.29936 3.9992 11.9272 284.247
138600 4.54124 3.37917 4.00549 11.9259 281.339
138700 4.54922 3.4147 3.89952 11.8634 307.428
138800 4.60006 3.33849 3.8626 11.8011 308.883
138900 4.68818 3.29606 3.93991 11.9242 303.501
139000 4.66484 3.20494 3.86128 11.7311 289.303
139100 4.63 3.11926 3.90624 11.6555 290.768
139200 4.55422 3.19714 4.02486 11.7762 299.832
139300 4.49051 3.25206 4.04328 11.7858 310.67
139400 4.46152 3.36174 3.88726 11.7105 305.665
139500 4.52537 3.35721 3.88617 11.7688 303.651
139600 4.64841 3.34343 3.91237 11.9042 285.106
139700 4.52925 3.35397 3.91558 11.7988 298.349
139800 4.39553 3.52708 3.9586 11.8812 304.818
139900 4.36543 3.60747 3.96004 11.9329 326.529
140000 4.48244 3.59298 3.76741 11.8428 332.289
140100 4.60267 3.52813 3.75267 11.8835 303.64
140200 4.68383 3.50469 3.69911 11.8876 305.283
140300 4.72639 3.57607 3.65029 11.9528 295.431
140400 4.71462 3.55471 3.69002 11.9594 286.517
140500 4.6302 3.49477 3.82357 11.9485 302.466
140600 4.59601 3.45069 3.87091 11.9176 318.766
140700 4.58582 3.40119 3.74744 11.7344 312.428
140800 4.51757 3.3685 3.76783 11.6539 294.919
140900 4.28068 3.37323 3.85463 11.5085 297.286
141000 4.39484 3.38323 3.87605 11.6541 300.216
141100 4.60778 3.50308 3.83244 11.9433 307.622
141200 4.55533 3.62012 3.8765 12.0519 324.045
141300 4.50351 3.48118 3.94101 11.9257 315.078
141400 4.6411 3.47399 3.86831 11.9834 293.149
141500 4.84834 3.51457 3.83769 12.2006 293.376
141600 4.74518 3.57259 3.82538 12.1432 306.071
141700 4.55748 3.57149 3.87047 11.9994 301.911
141800 4.65438 3.56799 3.90318 12.1256 314.322
141900 4.61132 3.53519 3.98804 12.1345 321.693
142000 4.64093 3.51846 4.0061 12.1655 299.471
142100 4.66304 3.4936 3.91969 12.0763 298.884
142200 4.65891 3.59168 3.93228 12.1829 293.492
142300 4.68014 3.57715 4.05352 12.3108 302.882
142400 4.55905 3.59864 4.19723 12.3549 320.35
142500 4.58287 3.6132 4.17671 12.3728 319.378
142600 4.6379 3.51614 4.13971 12.2937 304.417
142700 4.61902 3.48431 4.07857 12.1819 305.561
142800 4.64217 3.41828 3.99273 12.0532 289.287
142900 4.73264 3.45606 3.85901 12.0477 294.683
143000 4.72921 3.52863 3.81351 12.0713 315.289
143100 4.54978 3.48988 3.88411 11.9238 308.51
143200 4.516 3.41743 4.01951 11.9529 306.056
143300 4.48988 3.48988 4.03394 12.0137 304.803
143400 4.5111 3.4636 4.07705 12.0517 301.062
143500 4.64666 3.51079 4.05828 12.2157 295.457
143600 4.70576 3.57721 3.98349 12.2664 283.482
143700 4.74269 3.58409 4.03012 12.3569 276.268
143800 4.80597 3.55662 4.07702 12.4396 291.708
143900 4.65722 3.55926 4.06448 12.281 297.718
144000 4.68778 3.59802 4.12786 12.4137 308.466
144100 4.74056 3.64865 4.08945 12.4787 302.266
144200 4.63373 3.5225 3.98811 12.1443 287.999
144300 4.62327 3.51068 3.87156 12.0055 288.323
144400 4.57267 3.63071 3.82931 12.0327 302.309
144500 4.51215 3.55246 3.93211 11.9967 311.181
144600 4.54481 3.53705 4.0552 12.1371 310.291
144700 4.52609 3.64282 4.10332 12.2722 292.691
144800 4.42781 3.76058 3.99414 12.1825 295.112
144900 4.40829 3.76867 3.94008 12.117 306.122
145000 4.53673 3.64402 3.85658 12.0373 315.594
145100 4.59389 3.53429 3.85344 11.9816 331.953
145200 4.71724 3.52206 3.83785 12.0771 311.225
145300 4.88531 3.53627 3.85072 12.2723 299.077
145400 4.89843 3.52775 3.95112 12.3773 300.378
145500 4.87839 3.66734 3.98223 12.528 296.315
145600 4.82585 3.71735 4.06577 12.609 286.775
145700 4.75753 3.73498 4.07631 12.5688 289.816
145800 4.74419 3.64314 4.0196 12.4069 311.777
145900 4.80807 3.62672 4.01833 12.4531 305.435
146000 4.89674 3.64109 4.02288 12.5607 303.134
146100 4.91734 3.69507 3.97614 12.5885 294.32
146200 4.83486 3.69853 4.01095 12.5443 290.032
146300 4.80559 3.72997 4.06407 12.5996 293.009
146400 4.92633 3.74696 4.10459 12.7779 297.727
146500 4.93812 3.82036 4.17264 12.9311 310.16
146600 4.92664 4.02812 4.25282 13.2076 312.999
146700 5.02595 3.99453 4.31765 13.3381 301.06
146800 5.06143 3.8537 4.28872 13.2039 300.93
146900 4.99508 3.78449 4.1953 12.9749 289.828
147000 4.95909 3.7578 4.17804 12.8949 279.992
147100 4.78757 3.80609 4.21784 12.8115 286.469
147200 4.68848 3.82134 4.1602 12.67 296.866
147300 4.43399 3.90254 4.24377 12.5803 302.122
147400 4.31919 3.86586 4.27991 12.465 312.161
147500 4.53639 3.69059 4.21619 12.4432 304.615
147600 4.65943 3.74182 4.04666 12.4479 292.54
147700 4.72548 3.80423 4.03588 12.5656 290.093
147800 4.60409 3.9077 4.19366 12.7054 291.484
147900 4.53518 3.9607 4.31728 12.8132 301.02
148000 4.58492 3.86497 4.47277 12.9227 303.397
148100 4.64047 3.87074 4.58006 13.0913 299.478
148200 4.63503 3.87657 4.52861 13.0402 300.746
148300 4.76578 3.88434 4.50581 13.1559 280.074
148400 4.83026 3.80889 4.4141 13.0532 279.645
148500 4.9076 3.71988 4.34137 12.9689 292.975
148600 5.01641 3.64622 4.16446 12.8271 297.224
148700 4.91235 3.57765 4.17232 12.6623 298.567
148800 4.92611 3.70508 4.11909 12.7503 307.056
148900 4.93266 3.79759 4.21043 12.9407 310.466
149000 4.83051 3.81536 4.29681 12.9427 296.488
149100 4.76519 3.80209 4.40217 12.9695 291.461
149200 4.81066 3.73318 4.30516 12.849 293.546
149300 4.80861 3.66162 4.31213 12.7824 301.242
149400 4.7506 3.59055 4.27002 12.6112 305.387
149500 4.73963 3.60379 4.2313 12.5747 306.066
149600 4.72342 3.61342 4.22982 12.5667 305.185
149700 4.77945 3.61345 4.21545 12.6084 295.781
149800 4.89087 3.69833 4.15775 12.7469 291.029
149900 4.96258 3.77109 4.06978 12.8035 287.801
150000 4.9251 3.73406 4.08345 12.7426 305.976
150100 4.85566 3.69891 3.91922 12.4738 302.116
150200 4.8165 3.81672 3.8591 12.4923 304.088
150300 4.67191 3.84775 3.92142 12.4411 294.292
150400 4.73879 3.76364 3.82816 12.3306 285.33
150500 4.6687 3.68144 3.86812 12.2183 273.405
150600 4.64756 3.64507 3.95927 12.2519 292.023
150700 4.74032 3.54208 3.9141 12.1965 291.42
150800 4.74072 3.59348 3.89634 12.2305 311.023
150900 4.72125 3.69967 3.88106 12.302 295.554
151000 4.79354 3.59615 3.84042 12.2301 303.264
151100 4.93918 3.51918 3.93284 12.3912 286.659
151200 5.06385 3.40249 3.83275 12.2991 280.455
151300 5.01307 3.4995 3.8127 12.3253 296.349
151400 5.01211 3.66045 3.8691 12.5417 305.278
151500 5.00555 3.70677 3.99811 12.7104 304.444
151600 4.94312 3.62401 4.05542 12.6226 290.145
151700 4.98892 3.665 4.05094 12.7049 303.559
151800 5.01202 3.76073 3.99536 12.7681 318.373
151900 4.82347 3.82774 4.05148 12.7027 310.918
152000 4.71761 3.89255 4.06329 12.6735 304.062
152100 4.72905 3.91752 3.96988 12.6165 298.635
152200 4.58776 3.98058 3.91918 12.4875 293.117
152300 4.54546 3.88245 4.02762 12.4555 307.168
152400 4.48769 3.87579 3.99302 12.3565 322.615
152500 4.53204 3.87624 3.93209 12.3404 316.963
152600 4.49762 3.83722 3.93519 12.27 291.871
152700 4.43186 3.75592 3.94079 12.1286 301.043
152800 4.36296 3.61453 3.96049 11.938 295.989
152900 4.42223 3.68397 4.06381 12.17 302.557
153000 4.50376 3.80934 3.97973 12.2928 317.798
153100 4.46131 3.799 4.02966 12.29 310.009
153200 4.4155 3.92677 4.13644 12.4787 302.792
153300 4.45415 3.91951 4.02848 12.4022 285.55
153400 4.45909 3.93232 4.01654 12.408 298.789
153500 4.43449 4.06939 4.01579 12.5197 301.936
153600 4.44096 3.98485 4.09216 12.518 312.624
153700 4.5122 3.95462 4.02479 12.4916 299.866
153800 4.55339 3.88609 3.98181 12.4213 288.756
153900 4.45338 3.82659 3.91486 12.1948 298.849
154000 4.2141 3.82308 3.8655 11.9027 299.443
154100 4.29497 3.78163 3.84925 11.9258 315.371
154200 4.4991 3.75947 3.82531 12.0839 310.671
154300 4.46064 3.79296 3.84315 12.0967 304.6
154400 4.44032 3.8384 3.89432 12.173 289.966
154500 4.31242 3.86562 3.80295 11.981 288.043
154600 4.30724 3.86804 3.86759 12.0429 304.429
154700 4.4255 3.81137 3.95749 12.1944 314.521
154800 4.41478 3.9099 3.98464 12.3093 310.367
154900 4.47502 3.83244 3.98608 12.2935 296.109
155000 4.64382 3.80323 3.9284 12.3755 294.692
155100 4.68983 3.7747 3.973 12.4375 301.198
155200 4.80405 3.80533 4.11205 12.7214 314.454
155300 4.89248 3.85206 4.06526 12.8098 327.488
155400 4.75338 3.99078 4.01804 12.7622 308.137
155500 4.67687 3.94877 3.99644 12.6221 303.491
155600 4.68136 4.00734 4.12075 12.8094 306.009
155700 4.76685 4.00581 4.17993 12.9526 290.279
155800 4.89899 4.06642 4.16841 13.1338 289.942
155900 4.79302 4.13017 4.16841 13.0916 305.633
156000 4.69298 4.08849 4.21437 12.9958 311.258
156100 4.64851 4.07983 4.28574 13.0141 291.267
156200 4.64732 3.91151 4.18627 12.7451 300.624
156300 4.66834 3.86825 4.11132 12.6479 291.803
156400 4.6067 3.90009 4.12582 12.6326 280.44
156500 4.54289 3.86721 4.09337 12.5035 298.242
156600 4.55681 3.80361 4.15317 12.5136 300.268
156700 4.52937 3.90161 4.18747 12.6184 319.485
156800 4.50596 3.92242 4.18218 12.6106 303.998
156900 4.51015 3.86434 4.06738 12.4419 299.374
157000 4.65143 3.77211 3.95568 12.3792 299.639
157100 4.71642 3.79205 3.91437 12.4228 298.83
157200 4.67039 3.74061 3.87694 12.2879 292.27
157300 4.74804 3.71763 3.93672 12.4024 313.703
157400 4.77049 3.74792 3.90334 12.4217 321.059
157500 4.66381 3.71043 3.98779 12.362 316.756
157600 4.52599 3.75833 4.00922 12.2935 300.727
157700 4.48097 3.83115 3.98554 12.2977 304.859
157800 4.42455 3.75579 3.9985 12.1788 292.789
157900 4.30469 3.78248 4.0568 12.144 286.29
158000 4.37417 3.86524 4.1641 12.4035 299.815
158100 4.36546 3.88675 4.13628 12.3885 312.777
158200 4.40629 3.88232 4.24644 12.5351 304.964
158300 4.55964 3.89696 4.27959 12.7362 292.97
158400 4.66361 3.95155 4.28926 12.9044 291.636
158500 4.61678 4.09406 4.28182 12.9927 295.173
158600 4.52463 4.04158 4.26237 12.8286 306.877
158700 4.5359 3.93514 4.15884 12.6299 322.173
158800 4.46001 3.87943 4.19306 12.5325 308.028
158900 4.46717 3.80723 4.17097 12.4454 294.226
159000 4.3712 3.8411 4.0781 12.2904 298.205
159100 4.46827 3.91033 4.00926 12.3879 290.109
159200 4.58695 3.94715 4.01342 12.5475 308.361
159300 4.5534 3.87259 3.98732 12.4133 312.486
159400 4.40668 3.93499 4.03473 12.3764 301.478
159500 4.41876 3.87181 4.0903 12.3809 301.25
159600 4.40816 3.87481 4.151 12.434 294.724
159700 4.48093 3.95817 4.32651 12.7656 298.445
159800 4.49177 3.92201 4.45437 12.8682 308.966
159900 4.46183 3.8528 4.40539 12.72 324.249
160000 4.49833 3.84777 4.34059 12.6867 322.433
160100 4.55036 3.92125 4.31406 12.7857 305.983
160200 4.5494 4.03071 4.34653 12.9266 300.192
160300 4.48383 4.00899 4.26326 12.7561 289.415
160400 4.40396 4.07797 4.16729 12.6492 294.114
160500 4.32678 4.10704 4.14458 12.5784 306.249
160600 4.31445 4.09496 4.29669 12.7061 314.621
160700 4.38368 4.10778 4.28198 12.7734 309.687
160800 4.34557 4.15263 4.27869 12.7769 289.709
160900 4.30911 4.14443 4.25323 12.7068 297.139
161000 4.31754 4.23583 4.22543 12.7788 300.071
161100 4.34662 4.3058 4.16781 12.8202 300.712
161200 4.28536 4.18514 4.0825 12.553 319.058
161300 4.43835 4.02335 4.09747 12.5592 327.91
161400 4.47706 3.94512 4.05237 12.4745 301.898
161500 4.36663 3.96324 4.12486 12.4547 290.867
161600 4.39302 3.98606 4.15127 12.5304 295.981
161700 4.52866 3.86774 4.18608 12.5825 299.596
161800 4.64475 3.81618 4.13375 12.5947 316.307
161900 4.62546 3.85189 4.133 12.6104 307.832
162000 4.45125 4.10674 4.23026 12.7882 295.681
162100 4.29562 4.19047 4.22378 12.7099 281.431
162200 4.32787 4.0647 4.25606 12.6486 304.178
162300 4.26285 3.99917 4.22067 12.4827 309.454
162400 4.33901 3.96685 4.21453 12.5204 306.215
162500 4.32859 3.94412 4.15295 12.4257 291.942
162600 4.31921 4.00727 4.19757 12.524 289.649
162700 4.30036 4.11517 4.13819 12.5537 290.604
162800 4.24543 4.09385 4.19836 12.5376 294.116
162900 4.20257 3.88695 4.21011 12.2996 303.807
163000 4.32678 3.68843 4.24982 12.265 303.008
163100 4.34355 3.66356 4.31094 12.3181 305.541
163200 4.25857 3.68183 4.28554 12.2259 283.554
163300 4.20635 3.65228 4.3718 12.2304 285.259
163400 4.24565 3.65947 4.33315 12.2383 300.264
163500 4.19875 3.73363 4.28478 12.2172 304.965
163600 4.14545 3.83423 4.30165 12.2813 302.568
163700 4.13363 3.90758 4.32627 12.3675 303.435
163800 4.16959 3.96751 4.36773 12.5048 279.588
163900 4.21203 4.03366 4.34908 12.5948 282.872
164000 4.31996 3.96577 4.33657 12.6223 291.838
164100 4.41624 3.96148 4.28264 12.6604 300.792
164200 4.48133 3.88037 4.20175 12.5634 300.205
164300 4.45523 3.80845 4.09999 12.3637 316.113
164400 4.31639 3.86132 4.16626 12.344 294.702
164500 4.31992 3.79702 4.1506 12.2675 283.811
164600 4.25745 3.74636 4.13951 12.1433 294.953
164700 4.22574 3.69807 4.16988 12.0937 299.017
164800 4.26336 3.57073 4.21514 12.0492 306.863
164900 4.34473 3.50826 4.15186 12.0049 306.321
165000 4.23757 3.4777 4.2093 11.9246 276.857
165100 4.11193 3.40621 4.2138 11.7319 288.601
165200 4.07873 3.42503 4.15338 11.6571 299.811
165300 4.22899 3.60067 4.08178 11.9114 311.852
165400 4.28442 3.65197 4.0685 12.0049 307.818
165500 4.25936 3.57922 4.09226 11.9308 294.814
165600 4.30865 3.57557 4.07482 11.959 284.745
165700 4.39472 3.51857 3.96173 11.875 290.989
165800 4.35108 3.4611 3.88328 11.6955 297.138
165900 4.45887 3.49297 3.97115 11.923 305.327
166000 4.58935 3.52295 4.03279 12.1451 302.231
166100 4.66491 3.66943 4.09473 12.4291 309.971
166200 4.55717 3.80664 4.33902 12.7028 300.149
166300 4.61842 3.87294 4.20305 12.6944 299.701
166400 4.59699 3.87153 4.24235 12.7109 296.559
166500 4.59107 3.75972 4.19898 12.5498 284.885
166600 4.37777 3.58851 4.05759 12.0239 294.969
166700 4.35582 3.60408 4.05549 12.0154 311.79
166800 4.3499 3.74463 4.03432 12.1289 308.932
166900 4.40792 3.73195 4.12883 12.2687 302.31
167000 4.28594 3.7051 4.22242 12.2135 288.137
167100 4.17469 3.67751 4.37176 12.224 291.375
167200 4.1535 3.70764 4.26971 12.1308 301.056
167300 4.22192 3.76459 4.23971 12.2262 305.841
167400 4.35074 3.70357 4.35247 12.4068 300.826
167500 4.41951 3.62206 4.32616 12.3677 289.081
167600 4.46191 3.52947 4.26456 12.2559 290.52
167700 4.63401 3.54075 4.24706 12.4218 303.478
167800 4.65746 3.56845 4.23788 12.4638 310.779
167900 4.59972 3.49707 4.1538 12.2506 302.37
168000 4.5924 3.45534 4.11688 12.1646 296.338
168100 4.63099 3.46973 4.17952 12.2802 284.208
168200 4.64836 3.47309 4.2117 12.3331 285.123
168300 4.58133 3.506 4.18927 12.2766 287.273
168400 4.61324 3.43286 4.1018 12.1479 298.858
168500 4.78372 3.40365 4.11857 12.3059 309.18
168600 4.56432 3.35531 4.094 12.0136 307.864
168700 4.54641 3.41797 4.09658 12.061 287.102
168800 4.62429 3.40711 4.15616 12.1876 291.824
168900 4.5982 3.4334 4.11046 12.1421 279.721
169000 4.47092 3.57219 4.10571 12.1488 302.816
169100 4.44508 3.68056 4.18648 12.3121 302.108
169200 4.31801 3.67458 4.18381 12.1764 303.203
169300 4.30273 3.4946 4.18648 11.9838 295.803
169400 4.29489 3.44845 4.11112 11.8545 289.521
169500 4.18917 3.52722 4.17919 11.8956 280.056
169600 4.36967 3.47426 4.22329 12.0672 293.107
169700 4.43777 3.35027 4.23052 12.0186 300.073
169800 4.63587 3.36674 4.15877 12.1614 308.394
169900 4.82881 3.46734 4.01503 12.3112 306.619
170000 4.75885 3.43028 4.02761 12.2167 292.03
170100 4.66085 3.48868 4.07063 12.2202 288.697
170200 4.49805 3.61051 4.16446 12.273 312.337
170300 4.44889 3.6663 4.17588 12.2911 310.543
170400 4.34473 3.61072 4.16857 12.124 313.808
170500 4.43606 3.53206 4.27076 12.2389 288.253
170600 4.49949 3.59736 4.36997 12.4668 292.991
170700 4.42481 3.6455 4.21347 12.2838 283.99
170800 4.39714 3.57266 4.20795 12.1778 306.151
170900 4.43346 3.49601 4.22932 12.1588 304.101
171000 4.40979 3.53724 4.02511 11.9721 311.174
171100 4.36976 3.52199 4.03246 11.9242 295.643
171200 4.45985 3.56469 4.03145 12.056 291.054
171300 4.4548 3.55586 4.00644 12.0171 288.287
171400 4.60324 3.51275 3.98676 12.1028 298.666
171500 4.75913 3.45941 4.01451 12.2331 306.831
171600 4.76127 3.39132 4.0498 12.2024 298.623
171700 4.62678 3.40242 4.08914 12.1183 302.9
171800 4.50481 3.425 4.11201 12.0418 299.944
171900 4.46783 3.46555 4.15657 12.0899 290.631
172000 4.53295 3.49202 4.09786 12.1228 298.953
172100 4.57602 3.48135 4.16468 12.2221 316.302
172200 4.53428 3.51762 4.29331 12.3452 306.74
172300 4.4188 3.53025 4.18735 12.1364 298.326
172400 4.3122 3.64432 4.00373 11.9603 305.008
172500 4.27038 3.7397 4.10142 12.1115 296.623
172600 4.15516 3.64206 4.11947 11.9167 300.109
172700 4.13603 3.58006 4.18676 11.9029 311.818
172800 4.11296 3.60852 4.12907 11.8505 317.143
172900 4.1265 3.51664 4.14613 11.7893 302.472
173000 4.17038 3.43243 4.20745 11.8103 289.692
173100 4.10351 3.39102 4.1741 11.6686 294.937
173200 4.19277 3.32599 4.25226 11.771 300.015
173300 4.43059 3.41761 4.20159 12.0498 313.084
173400 4.65471 3.54053 4.23778 12.433 301.572
173500 4.68242 3.54083 4.08198 12.3052 286.476
173600 4.56211 3.61042 4.02393 12.1965 282.353
173700 4.56257 3.6502 4.10711 12.3199 304.107
173800 4.52646 3.58273 4.15423 12.2634 304.542
173900 4.66445 3.53932 4.08832 12.2921 305.392
174000 4.83362 3.63176 4.06697 12.5323 292.988
174100 4.8563 3.64212 4.03205 12.5305 292.771
174200 4.81744 3.64134 4.09505 12.5538 288.716
174300 4.81512 3.6213 4.24748 12.6839 300.549
174400 4.76614 3.57921 4.19433 12.5397 303.212
174500 4.78164 3.54718 4.15144 12.4803 295.849
174600 4.66545 3.62584 4.06658 12.3579 304.99
174700 4.58156 3.65672 4.08906 12.3273 288.734
174800 4.64259 3.53216 4.10868 12.2834 270.761
174900 4.64524 3.43547 4.06761 12.1483 300.167
175000 4.55433 3.3615 4.06762 11.9835 308.723
175100 4.5177 3.36494 4.19704 12.0797 303.625
175200 4.34752 3.55152 4.12647 12.0255 301.173
175300 4.31798 3.64224 4.22139 12.1816 290.79
175400 4.40683 3.44479 4.31962 12.1712 283.635
175500 4.50008 3.37342 4.17954 12.053 283.835
175600 4.61795 3.32537 4.13332 12.0766 304.222
175700 4.54063 3.3842 4.08905 12.0139 307.91
175800 4.42579 3.44622 4.23772 12.1097 309.768
175900 4.43727 3.42199 4.13234 11.9916 295.977
176000 4.52144 3.58873 3.97859 12.0888 288.427
176100 4.56822 3.58554 3.94743 12.1012 295.576
176200 4.67769 3.50376 4.0333 12.2147 333.095
176300 4.81304 3.43802 4.04272 12.2938 307.935
176400 4.8191 3.51179 4.07021 12.4011 299.561
176500 4.72107 3.60966 4.03086 12.3616 296.167
176600 4.67678 3.54099 3.94516 12.1629 287.851
176700 4.74715 3.47298 4.05649 12.2766 307.364
176800 4.77389 3.42743 4.16572 12.367 311.059
176900 4.85837 3.42145 4.0981 12.3779 317.368
177000 4.84584 3.4218 4.02347 12.2911 305.655
177100 4.89591 3.34641 3.95519 12.1975 304.344
177200 4.83565 3.34798 4.04398 12.2276 294.26
177300 4.77935 3.3847 4.03841 12.2025 298.285
177400 4.79319 3.43457 4.11118 12.3389 314.105
177500 5.00136 3.45299 4.07701 12.5314 321.873
177600 4.95262 3.52609 4.18367 12.6624 302.281
177700 4.80223 3.56726 4.11799 12.4875 295.927
177800 4.75488 3.54881 4.13541 12.4391 296.938
177900 4.65148 3.53807 4.10693 12.2965 302.148
178000 4.62909 3.48574 4.17318 12.288 304.66
178100 4.61505 3.52084 4.17573 12.3116 280.611
178200 4.56897 3.55485 4.14956 12.2734 284.579
178300 4.55712 3.51909 4.10181 12.178 295.305
178400 4.64588 3.42916 4.03077 12.1058 300.941
178500 4.61634 3.36186 4.06801 12.0462 310.027
178600 4.74506 3.39602 4.06075 12.2018 295.401
178700 4.76159 3.44312 4.17036 12.3751 275.225
178800 4.71767 3.46684 4.20996 12.3945 286.569
178900 4.82089 3.45287 4.22107 12.4948 297.815
179000 4.79715 3.49239 4.32705 12.6166 306.21
179100 4.75569 3.4498 4.23296 12.4384 303.604
179200 4.7443 3.41673 4.13843 12.2995 306.368
179300 4.73085 3.4407 4.05956 12.2311 313.606
179400 4.77057 3.40979 4.09149 12.2718 310.29
179500 4.87362 3.46383 4.01636 12.3538 295.197
179600 4.87882 3.56627 4.04276 12.4878 296.785
179700 4.89375 3.5993 4.02299 12.516 295.112
179800 4.79333 3.55437 4.01702 12.3647 302.584
179900 4.76044 3.46478 4.04783 12.273 309.222
180000 4.84467 3.47457 4.14078 12.46 311.857
180100 4.80455 3.50456 4.17976 12.4889 301.848
180200 4.72053 3.53566 4.12631 12.3825 291.492
180300 4.61378 3.54475 4.1653 12.3238 300.22
180400 4.64412 3.50497 4.12185 12.2709 314.39
180500 4.73971 3.4955 4.05753 12.2927 321.325
180600 4.60004 3.5644 4.09667 12.2611 318.124
180700 4.59539 3.5345 4.14261 12.2725 305.109
180800 4.59626 3.57157 4.16928 12.3371 293.927
180900 4.68243 3.54551 4.17521 12.4031 295.902
181000 4.81053 3.44205 4.178 12.4306 305.233
181100 4.78737 3.35007 4.18904 12.3265 315.102
181200 4.73333 3.50917 4.10884 12.3513 300.226
181300 4.69404 3.58849 4.11473 12.3973 288.091
181400 4.6946 3.62837 4.10036 12.4233 298.581
181500 4.64642 3.63055 4.07551 12.3525 302.678
181600 4.67271 3.62819 3.94458 12.2455 314.942
181700 4.85642 3.55552 3.96521 12.3772 312.989
181800 4.82354 3.40649 3.93788 12.1679 309.919
181900 4.72893 3.39085 3.9125 12.0323 299.122
182000 4.59377 3.42925 4.0051 12.0281 297.158
182100 4.59131 3.51454 4.0259 12.1317 300.437
182200 4.65128 3.59764 4.1527 12.4016 312.659
182300 4.69325 3.65203 4.07204 12.4173 316.472
182400 4.72306 3.69194 4.07566 12.4907 299.919
182500 4.7427 3.63898 4.08939 12.4711 294.553
182600 4.62084 3.57524 4.16594 12.362 291.757
182700 4.58146 3.63691 4.23394 12.4523 296.106
182800 4.54452 3.728 4.24376 12.5163 314.511
182900 4.51299 3.75985 4.18391 12.4567 304.253
183000 4.57982 3.75868 4.21518 12.5537 305.959
183100 4.54405 3.83202 4.2054 12.5815 290.036
183200 4.38865 3.9237 4.2109 12.5233 295.87
183300 4.3387 3.91039 4.21201 12.4611 300.896
183400 4.46299 3.90415 4.24018 12.6073 301.654
183500 4.58319 3.95804 4.23261 12.7738 300.424
183600 4.52835 3.87912 4.14485 12.5523 305.885
183700 4.54644 3.72142 4.12209 12.3899 287.102
183800 4.54712 3.71249 4.13624 12.3958 284.715
183900 4.4608 3.67552 4.14612 12.2824 281.354
184000 4.55501 3.74793 4.13295 12.4359 294.684
184100 4.56399 3.71185 4.07042 12.3463 297.916
184200 4.52317 3.63354 4.10306 12.2598 299.237
184300 4.46698 3.59681 4.13861 12.2024 298.359
184400 4.61371 3.68831 4.14862 12.4506 310.825
184500 4.48733 3.77273 4.27183 12.5319 315.293
184600 4.35784 3.77362 4.19548 12.3269 300.829
184700 4.41438 3.77139 4.13696 12.3227 298.949
184800 4.52744 3.80634 4.21001 12.5438 293.289
184900 4.74896 3.80584 4.29761 12.8524 301.726
185000 4.82125 3.786 4.14117 12.7484 317.029
185100 4.73359 3.87624 4.1771 12.7869 305.48
185200 4.63396 3.84145 4.08731 12.5627 288.48
185300 4.60636 3.81616 4.04675 12.4693 288.931
185400 4.5247 3.84376 4.13781 12.5063 297.459
185500 4.46724 3.88679 4.23338 12.5874 308.354
185600 4.49273 3.84952 4.17819 12.5204 305.712
185700 4.551 3.89909 4.13938 12.5895 301.301
185800 4.51105 3.89569 4.19952 12.6063 306.077
185900 4.42638 3.726 4.17655 12.3289 298.849
186000 4.45019 3.61461 4.15182 12.2166 288.252
186100 4.47837 3.6846 4.13445 12.2974 283.787
186200 4.46362 3.67306 4.18295 12.3196 275.29
186300 4.4515 3.64734 4.16918 12.268 295.976
186400 4.45294 3.75508 4.00605 12.2141 311.443
186500 4.36527 3.80627 3.98673 12.1583 306.305
186600 4.42366 3.87175 4.03313 12.3285 291.587
186700 4.38708 3.89636 4.06081 12.3442 291.462
186800 4.3653 3.83408 4.116 12.3154 292.634
186900 4.34977 3.85351 4.02862 12.2319 308.818
187000 4.3666 3.91862 3.95165 12.2369 311.429
187100 4.37121 3.87552 4.02196 12.2687 296.889
187200 4.4129 3.85008 4.04304 12.306 298.036
187300 4.4777 3.7913 4.11795 12.3869 296.11
187400 4.54895 3.84158 4.07702 12.4675 306.551
187500 4.48923 3.85135 4.20517 12.5457 310.546
187600 4.53827 3.83166 4.19882 12.5687 305.052
187700 4.61304 3.84966 4.20419 12.6669 298.854
187800 4.66091 3.78552 4.17197 12.6184 291.427
187900 4.5592 3.85532 4.0962 12.5107 299.14
188000 4.47161 3.80521 4.08133 12.3581 308.905
188100 4.49864 3.82326 4.10324 12.4251 321.077
188200 4.43317 3.76363 4.07328 12.2701 310.003
188300 4.48276 3.71031 4.06396 12.257 309.086
188400 4.60349 3.61109 4.06009 12.2747 296.901
188500 4.64168 3.70407 4.119 12.4648 287.248
188600 4.59346 3.80005 4.20693 12.6004 310.74
188700 4.62153 3.91016 4.18739 12.7191 310.139
188800 4.69405 3.83313 4.18932 12.7165 308.317
188900 4.79626 3.80252 4.11629 12.7151 306.983
189000 4.83847 3.77409 4.13922 12.7518 297.441
189100 4.93177 3.88993 4.13049 12.9522 297.792
189200 4.9483 3.88005 4.09802 12.9264 300.906
189300 4.88543 3.8303 4.12053 12.8363 277.021
189400 4.66805 3.78252 4.11618 12.5668 296.815
189500 4.44549 3.75755 4.05286 12.2559 315.532
189600 4.39188 3.62416 4.13268 12.1487 304.651
189700 4.35519 3.59028 4.12314 12.0686 296.107
189800 4.38029 3.70059 4.13834 12.2192 289.253
189900 4.45944 3.75729 4.18803 12.4047 268.52
190000 4.63143 3.70975 4.22583 12.567 275.633
190100 4.62024 3.72968 4.23709 12.587 295.458
190200 4.64803 3.76469 4.19771 12.6104 305.213
190300 4.58353 3.75222 4.16523 12.501 307.606
190400 4.73509 3.79351 4.13318 12.6618 298.214
190500 4.73046 3.80956 4.14947 12.6895 287.614
190600 4.90678 3.78308 4.1445 12.8344 289.52
190700 4.9796 3.76253 4.16715 12.9093 293.499
190800 4.93979 3.84487 4.13291 12.9176 309.29
190900 4.85698 3.87919 4.13898 12.8752 302.267
191000 4.84113 3.91608 4.23709 12.9943 292.022
191100 4.82953 3.76914 4.23063 12.8293 291.816
191200 4.72575 3.69459 4.16186 12.5822 284.778
191300 4.57815 3.89518 4.17964 12.653 283.639
191400 4.48841 3.93888 4.14646 12.5737 303.582
191500 4.46313 4.05069 4.15385 12.6677 305.506
191600 4.43945 4.03909 4.14048 12.619 303.995
191700 4.50277 3.90183 4.21209 12.6167 300.289
191800 4.52471 3.73762 4.15968 12.422 288.933
191900 4.61027 3.75689 4.06466 12.4318 289.142
192000 4.66848 3.65176 4.01615 12.3364 292.346
192100 4.57597 3.59921 4.0739 12.2491 306.726
192200 4.46895 3.78399 4.14726 12.4002 308.303
192300 4.46435 3.8723 4.15799 12.4946 296.822
192400 4.53733 3.82458 4.1762 12.5381 298.954
192500 4.59678 3.62495 4.13415 12.3559 306.691
192600 4.5281 3.60496 4.18899 12.3221 299.766
192700 4.55654 3.74088 4.13368 12.4311 285.094
192800 4.71041 3.79103 4.0848 12.5862 288.257
192900 4.72901 3.80904 4.07805 12.6161 290.986
193000 4.73723 3.67457 4.03045 12.4422 298.063
193100 4.77112 3.69402 4.12881 12.5939 312.558
193200 4.75597 3.89397 4.27102 12.921 301.229
193300 4.61355 3.90578 4.30129 12.8206 292.675
193400 4.5831 3.83452 4.25173 12.6694 285.423
193500 4.69717 3.83332 4.1167 12.6472 293.581
193600 4.78142 3.86529 4.0724 12.7191 298.022
193700 4.68868 3.97129 4.02065 12.6806 293.156
193800 4.68931 3.88938 3.94275 12.5214 314.946
193900 4.56489 3.84241 4.01001 12.4173 311.805
194000 4.57186 3.84688 4.17438 12.5931 305.278
194100 4.66717 3.91848 4.16577 12.7514 279.606
194200 4.75051 3.8358 4.15824 12.7445 291.941
194300 4.7495 3.76551 4.09135 12.6064 301.972
194400 4.67313 3.67409 4.05269 12.3999 306.609
194500 4.53403 3.73241 4.18532 12.4518 300.154
194600 4.58068 3.69593 4.1347 12.4113 298.522
194700 4.68998 3.64545 4.1552 12.4906 281.738
194800 4.75364 3.75151 4.19332 12.6985 280.635
194900 4.80597 3.68926 4.17856 12.6738 289.753
195000 4.69051 3.74179 4.27844 12.7107 302.451
195100 4.64772 3.85032 4.25545 12.7535 303.74
195200 4.80548 3.994 4.22432 13.0238 296.385
195300 4.90449 4.0258 4.35303 13.2833 295.28
195400 4.97699 4.01415 4.32038 13.3115 292.578
195500 5.1205 4.02161 4.29561 13.4377 306.134
195600 5.2238 3.91423 4.24543 13.3835 303.85
195700 5.03282 3.84594 4.30632 13.1851 312.293
195800 4.91719 3.81766 4.35017 13.085 310.531
195900 4.82211 3.76762 4.37883 12.9686 286.057
196000 4.73816 3.86437 4.37957 12.9821 290.385
196100 4.75719 3.91244 4.39491 13.0645 306.512
196200 4.7805 3.91635 4.44444 13.1413 308.185
196300 4.7379 3.85213 4.32891 12.9189 309.996
196400 4.89175 3.73312 4.28276 12.9076 308.052
196500 4.90516 3.7926 4.20111 12.8989 295.91
196600 4.78831 3.76501 4.23311 12.7864 290.942
196700 4.75391 3.9021 4.21182 12.8678 290.693
196800 4.70318 4.00433 4.23801 12.9455 303.537
196900 4.60669 4.02146 4.21356 12.8417 307.803
197000 4.67217 3.99065 4.23344 12.8963 308.23
197100 4.79065 3.94482 4.2524 12.9879 292.046
197200 4.77903 3.96001 4.27749 13.0165 288.872
197300 4.71888 3.95108 4.25036 12.9203 275.265
197400 4.80031 3.89832 4.24207 12.9407 286.255
197500 4.7135 3.88641 4.26157 12.8615 301.455
197600 4.68421 3.92282 4.18212 12.7891 307.161
197700 4.69597 3.90929 4.1923 12.7976 293.579
197800 4.67723 3.83304 4.16683 12.6771 283.997
197900 4.75863 3.70929 4.16674 12.6347 283.015
198000 4.80076 3.82579 4.17304 12.7996 297.305
198100 4.97944 3.83975 4.10301 12.9222 307.175
198200 4.97298 3.88549 4.18516 13.0436 310.642
198300 4.83449 4.03228 4.26969 13.1365 293.375
198400 4.93903 4.11856 4.2554 13.313 290.476
198500 4.93761 4.13062 4.17103 13.2393 293.307
198600 4.99023 4.14681 4.21747 13.3545 291.99
198700 5.02585 4.06871 4.22162 13.3162 301.87
198800 4.9979 4.06088 4.24157 13.3003 310.525
198900 4.97621 4.12109 4.33657 13.4339 323.141
199000 4.89573 4.11027 4.35231 13.3583 326.126
199100 4.87166 4.16248 4.33448 13.3686 323.671
199200 4.9706 4.09304 4.20867 13.2723 304.754
199300 5.07336 3.98333 4.19668 13.2534 296.753
199400 4.95871 3.94137 4.19033 13.0904 298.289
199500 4.86509 3.85636 4.18835 12.9098 299.575
199600 4.78433 3.77957 4.22377 12.7877 309.432
199700 4.78482 3.83978 4.26195 12.8866 318.769
199800 4.76108 3.9597 4.34975 13.0705 307.998
199900 4.6716 4.06662 4.33273 13.0709 294.615
200000 4.68321 4.04077 4.41009 13.1341 291.875
