# Stress and strain vectors, 333U-50C-20_eq, positive deformation 3
# eps sig1 sig2 sig3 sig4 sig5 sig6
0 -0 -0 -0 -0 -0 -0
0.000200000000000075 -0.161490040159103 -0.773463192529216 0.0398618631610591 -0.490977805145168 -0.0359553661195166 0.146093316743326
0.000399999999999942 -0.284416289636359 -0.886766209063291 -0.327153048423335 -0.0171597212064822 0.0303386899773292 0.0554309665752226
0.000600000000000018 -0.0215405420285486 -0.993819384602824 -0.613901343204884 -0.421121710429595 0.0522841588953462 0.0275970248550633
0.000800000000000094 -0.404773168142352 -0.500085888302584 -0.274670247214144 -0.340935860164099 0.08819985714115 -0.0382225178712038
0.000999999999999959 0.419388947478981 -0.377238303745812 0.0390948557549289 0.010522266100655 0.0326881050614477 -0.306394757928638
0.00120000000000004 0.0286693986990838 -1.11837036843135 -0.168304064474989 -0.19392841586692 -0.207993003626026 0.246806822855335
0.0013999999999999 0.540076508165979 -0.331951292628838 0.227645328740277 -0.162797449910427 0.0200196687750488 -0.369838473463143
0.00159999999999998 -0.00490233578443534 -0.63703821681614 -0.618188495388582 -0.0266732012486164 0.0118323438086183 -0.0540764251023066
0.00180000000000005 0.230241780886153 -0.833855868675588 -0.247673998482835 -0.312621904593787 0.179976493303202 0.0136401840428689
0.00199999999999992 0.310255393633009 -0.273497006466645 -0.120869482608092 0.0744173809716412 -0.170672024117872 -0.0213910270069755
0.00219999999999999 -0.155807477369334 -1.39985674834616 -0.275483460488123 -0.197629638824067 -0.108011927325163 -0.0635931667692676
0.00240000000000007 -0.609127862324401 -0.695257505518472 -0.114165812953831 -0.310639288570133 -0.0202494344167095 -0.0904810301027275
0.00259999999999993 -0.363597569043855 -1.01554904668746 -0.272772048080167 -0.452758796550782 -0.221449815321192 0.00221372579276029
0.00280000000000001 0.0677493268823297 -0.593463800343583 -0.088530808423782 -0.0357010286239616 -0.0245484208147 -0.345579903456084
0.00300000000000009 0.347899671498366 -0.714147304112256 -0.0953782900083973 0.0851082894508431 -0.205038163782462 0.284674903645808
0.00319999999999995 -0.146552434870482 -0.698540956884399 0.159835851397482 -0.365262589106134 -0.0203952962484888 -0.129778066864454
0.00340000000000003 -0.626212082926876 -0.46921465297595 -0.0157039464164302 -0.0441462576048852 -0.0447126774121731 -0.236187378250862
0.00360000000000011 0.0177675573298514 -0.978252377600506 -0.494747653070365 -0.0465146783369529 0.0945459119281574 0.10626767761502
0.00379999999999997 0.274559703295282 -0.52742854276997 0.0386660183991401 -0.218426848808924 -0.108360035899659 -0.0829268937426358
0.00400000000000005 -0.295348627479994 -1.45622738061193 -0.451872822654752 0.0747497889867918 0.219180577929599 0.048608594800418
0.00419999999999991 0.0860208290422594 -0.595732092464533 0.0259965084135827 -0.174254874647625 0.207629185102921 -0.240990841843387
0.00439999999999999 0.0141320830870368 -0.572621979109879 -0.204488768353777 0.00217189650015572 0.192179638858939 -0.218077446052494
0.00460000000000006 0.229407612439404 -0.706364112636405 -0.0538539750025146 -0.168512606768579 -0.166217988558068 0.155461440548047
0.00479999999999993 0.724339940886449 -0.407883487155859 0.957376975471962 -0.261921157353651 0.125276699866596 -0.241919642504477
0.00500000000000001 -0.271641160703122 -0.930488136015883 -0.284588393081566 -0.303184502416597 0.102271596275626 -0.23849622134977
0.00520000000000008 -0.571765472204649 -1.14662467617694 -0.118010724710916 -0.396572608439974 0.139637105515119 -0.384947578971359
0.00539999999999995 -0.178370393515721 -0.881542053393211 -0.380980289174727 0.145843248605074 -0.165655507048645 -0.196306696193447
0.00560000000000002 -0.195350532444339 -1.13575346692269 -0.135227437730355 -0.168768928879103 -0.125394193640547 -0.525011661445674
0.0058000000000001 0.41958950256356 -0.304054352324595 -0.410043237647848 0.0197102854883651 0.0917115623453056 -0.26765997750969
0.00599999999999994 -0.0420424075986503 -0.323771150445745 0.109394096013348 -0.32500999661796 0.189331481130234 0.0258126529418544
0.00620000000000006 0.200817029176321 0.0712449020380673 0.318517774712775 -0.330548308613305 0.17758924623548 0.104767346290069
0.00639999999999988 -0.0531360620411239 -1.41050735840381 -0.369325477268379 -0.283893624887637 0.136892435132124 0.205474107805671
0.0066 -0.351080089915302 -1.43707577815349 -0.975887374192923 -0.316929590332427 -0.0217659660908037 0.0817164087075324
0.00680000000000006 -0.476060137701435 -0.647130524198438 -0.113643180101333 -0.303698481415172 -0.0557228045391943 -0.249002958345605
0.00699999999999994 -0.039856578412586 -0.941706413095292 -0.347940856172494 -0.0997265009630859 0.355902928817209 -0.307865897661843
0.0072 0.518919561707218 0.140046566621246 0.132393571353851 -0.0436339385662342 -0.0385105623906066 -0.109139740046723
0.00740000000000006 -0.311095116679665 -0.83790393362578 -0.108420354598603 -0.108800105615751 0.156070632093267 -0.076133742916171
0.00759999999999994 0.273199978269894 -0.364708643351723 0.189499045462293 -0.10353397124105 -0.121643326786649 -0.258741445792922
0.0078 0.112277727235379 -0.933385056024024 -0.0178833110490731 -0.377925900910626 0.15721598618183 0.109346520095218
0.00800000000000012 0.0567446537575147 -0.826362285251073 -0.0460737345176934 0.0933292346269754 -0.0682996748836957 -0.122585017504104
0.00819999999999994 0.106814259573 -0.531049061783792 0.469243214631534 -0.400429333439162 0.044239280285375 0.0819623213544326
0.00840000000000006 -0.123948313529263 -0.783213681988045 0.135624197027394 -0.100411529775548 -0.182141023814585 0.0724152655694269
0.00860000000000012 0.0640201760375469 -0.0878221824448987 0.238565731303872 -0.299377865114772 0.028949458107714 -0.413933481904006
0.0088 0.0868367482897063 -0.677993931468013 0.330265350892915 -0.307926723143986 0.166301841015871 -0.628337193132404
0.00900000000000006 -0.0973033582593691 -1.19942425727992 -0.223095047792262 0.122127375584641 -0.272689725419866 -0.565903840338336
0.00919999999999994 -0.0804351583320157 -0.514561346175789 0.00864222518937996 -0.231313312508085 0.0308227348763655 0.0333788207571569
0.0094 -0.129926506413666 -0.539344494659307 0.0116434855308779 -0.1054803524226 0.115007859477746 -0.172059284638929
0.00960000000000006 0.104532374202389 -0.947324663895408 -0.221295493644439 -0.413864304791083 0.25586609931012 -0.167565599210432
0.00979999999999994 0.0943438176746274 -0.262059026010773 0.268031787711324 -0.341133205175534 0.0118609281273462 -0.0244635534854601
0.01 -0.33234930552193 -0.893897994514619 -0.231466931043997 -0.002041043139564 0.0951091504060006 -0.0886964587516993
