# Stress and strain vectors, 333U-50C-14-vasp, positive deformation 6
# eps sig1 sig2 sig3 sig4 sig5 sig6
0 -0 -0 -0 -0 -0 -0
0.00400000000000008 1.29363816033428 0.41618366927661 0.712224050796398 -0.0121747981591334 -0.761128019780755 0.178254715836037
1.86618897764521 1.49699371925459 0.707533912273871 0.979645744014733 -0.0804188101907425 -0.26411498576538 0.331149461628144
1.87018897764521 0.687872025646064 0.204954821608909 0.329028380804068 0.158282470529354 -0.21247650818613 0.240922958436018
1.87418897764521 1.0079538022423 0.669013752767736 0.550822539392975 0.406242574569095 -0.183713441463267 0.335570164140355
1.87818897764521 0.475639027313992 0.255942472262013 0.804594861571544 0.149474004397031 -0.610438851840132 0.375097783314971
1.88218897764521 1.19746203762888 0.963093894506258 0.880278455345233 -0.17969955361027 -0.486857459096995 0.563947470418134
0.0280000000000002 0.318805440593165 0.356424970025618 0.115430855669285 -0.1020676077389 -0.482201118960169 0.407779059872941
0.0319999999999997 1.05608987148052 0.638220518068299 0.737581023599133 0.159546594562353 -0.308259580441498 0.608273743588118
0.036 1.16237325388737 0.994755412420279 1.17798888633703 -0.116414435674891 -0.00702608167689638 0.420648859024882
0.0400000000000003 1.19102173307176 0.709174814781966 0.532326276066357 -0.132234773074745 -0.597236853960869 0.415992336458436
0.0439999999999998 1.11911643104462 0.39997690938287 0.421046434054396 0.100652906378965 -0.513270958422671 0.194211168203097
0.0480000000000001 0.79440760347205 0.125786431976717 0.552986344100335 0.0831993511548653 -0.402163358590544 0.495082072068749
0.0519999999999999 0.97791155640606 1.02479959208577 0.959091169244733 0.0246564946129972 -0.588646603258958 0.569150548077193
0.056 0.642781131866276 0.425599206929003 0.877623486832975 -0.284233274470414 -0.536192603724217 0.652288888529442
0.06 0.724671666857768 0.0295979060823359 0.435635913575474 0.0108567742259567 -0.437314402247768 0.553835744789532
0.064 1.74309372697371 1.21103907040193 1.24045412208506 -0.164019713856195 -0.323869976808787 0.623493803299411
0.068 0.731155675962917 0.667839988241689 0.697898342502158 -0.107791400769542 -0.255251988593557 0.785100457876976
0.072 0.778102415454158 0.570847696232981 0.817856870735857 0.104272965794509 -0.365505733851462 0.55322998842402
0.076 1.1611996090296 0.766387148922415 1.20515042693103 -0.00726907289330265 -0.329161865101477 0.737016921057604
0.08 1.75369025780409 1.0758470093971 1.45000807090088 -0.158745813356047 -0.0662922001762496 0.782955802371832
0.084 1.15770186575255 0.895180293734245 1.11300275484763 -0.162380454419858 -0.300628195610983 0.593366962289595
0.0879999999999995 1.45560804677182 1.12063991457515 1.37401185552691 0.0160745515386944 -0.178217847390826 0.71042935837068
0.092 1.24977045058907 1.00086659841506 1.13009897622438 -0.0399900421156453 -0.299389739950873 0.922118472022103
0.096 1.15541927399126 0.664940496430947 0.848770590710577 -0.0236435756401288 -0.409644631775811 1.03049050775248
0.1 1.33027533479128 0.852126367908605 0.829920145719797 -0.00645646541976887 -0.35906439954084 0.79829511312005
0.104 1.21929806107771 0.770068065726513 1.08486638317419 -0.246982293553902 -0.380867263998085 0.950105714883318
0.108 0.983810606887438 0.635107928593525 0.947294132402444 -0.0628452302205013 -0.302620296026117 1.17065981270312
0.112 1.20943310980517 0.836636684663835 1.73018145349102 0.0223186473212946 -0.0848740935629711 0.992143915765995
0.116 1.28374154842265 0.831135085546475 0.933720601976076 -0.258441249022106 -0.271245085577903 1.06472575056467
0.12 1.28099680600447 0.751267747202952 1.35887155290861 0.0153182107343176 -0.24124655897614 0.994636318635162
0.124 0.778444198946151 -0.0301523367328362 0.450994780034371 -0.256867459414787 -0.320056473475667 1.09352867348293
0.128 0.854440235350564 0.6580394418988 0.922121677362744 -0.298487076225626 -0.301078093677441 0.907089980322199
0.132 1.0055775798791 0.968870629074577 1.36745183250969 -0.283128209040165 -0.260462518315721 0.877755450431102
0.136 1.352658910751 0.496014527212217 1.25869777339328 0.0734440152519531 -0.326942094285922 1.03549386517956
0.14 1.12636964756536 0.640017015441447 1.00498093660666 -0.113220963059935 -0.290942349718585 1.12304498756432
0.144 1.19037974204822 0.182477535265896 0.877208665439582 0.0317995276618376 -0.23925315915952 1.08552199530953
0.148 1.19185743755237 0.486391180546044 1.20122516141154 -0.12214643316162 -0.214968347828208 1.32322535304512
0.152 1.10216619132056 0.688927239857957 0.970161618468753 -0.108060099389925 -0.263966734953196 1.25276204006424
0.156 1.34297870436213 0.515268560261324 1.21186522608106 -0.354943659436595 -0.219179090003866 1.48857567675524
0.16 1.33154990343009 0.495726879855651 1.21813927009678 -0.0872527919934702 -0.272105274082891 1.55381996864557
0.164 1.17901962767331 0.467065273808024 0.927015285604916 0.112826106258403 -0.293193755495325 1.62163469537764
0.168 1.29327439169416 0.359584841578501 0.538137327126664 0.0773898947239066 -0.281981116708222 1.30160178988224
0.172 0.361216885730129 -0.526179197839106 0.314312868079212 -0.201734159565388 -0.153532985961188 1.31803200564772
0.176 1.39185236379488 0.610861173286228 1.52943880590031 -0.305582795903513 -0.0994434247061764 1.32695207131405
0.18 0.605164924626669 0.498824622377426 0.971468042564485 -0.33870689995249 -0.28841884675704 1.43333527662018
0.184 1.10030042502862 0.250980811873701 1.35641488650858 -0.276870008339343 -0.457523187538323 1.42689656531132
0.187999999999999 0.999135259565639 0.291916805857593 0.927910067445626 -0.17812342781939 -0.161612414437031 1.45668650025213
0.192 1.05237455249134 0.878584324335625 1.41237631912606 -0.244615846334561 0.0229942919357445 1.60646182107409
0.196 0.970107263738929 0.625408727153938 1.59506654918347 -0.244834095474055 -0.260076091885693 1.41002938415872
0.2 0.581521253390336 0.207803942250753 1.6038020178415 -0.603361891851587 -0.411476277958355 1.40517488056814
