# Stress and strain vectors, 333-HD-100C-14-VASP, positive deformation 6
# eps sig1 sig2 sig3 sig4 sig5 sig6
0 -0 -0 -0 -0 -0 -0
0.00400000000000014 0.582161841122648 1.08687760874531 0.308002054497074 -0.168389017118718 -0.0349122534128352 0.189214293305138
0.00799999999999988 0.289456473804151 0.481828209439417 0.0627525022422128 -0.284079839150221 0.0112612307166356 0.266064535948633
0.012 0.330655600098361 0.718171385756463 0.0204208178476627 -0.0901588414030591 -0.140090775430474 0.379463998589877
0.0160000000000002 0.682967553098826 0.679296214714999 -0.151497211219558 -0.275287455573829 -0.0294069294829953 0.33639845926206
0.0199999999999999 0.784805831669684 0.846832336261134 0.0568221792034944 0.120468480652733 0.0513580718732934 0.460211431147569
0.024 -0.374421902118976 0.0120360293222058 -0.876141856588429 0.285560134814969 0.198935541412281 0.31327348754082
0.0279999999999998 0.360949901131052 0.625653573987093 -0.125932816445855 0.411167233504966 0.238413741544863 0.518371190798047
0.0319999999999999 0.414019233954754 0.809395480496933 0.0344168607886998 0.252118432758892 0.202327368603065 0.526033483844705
0.0360000000000001 -0.335012762521877 -0.113897192398124 -0.690653280995581 0.235346074766656 0.218815197788612 0.767358735655619
0.0399999999999998 0.522270689271306 0.504418271366746 0.0551271853318435 0.603460466186539 0.0721768754893311 0.692668421104493
0.0439999999999999 0.615332452841073 1.09578801041683 0.455563588424649 0.349100880039872 -0.0663748447700168 0.829353206017343
0.0480000000000001 0.230824980177726 0.767519408482522 -0.320286492015121 0.0966566834361758 -0.0264498752598928 0.924516059378015
0.0519999999999998 0.472359084715687 0.808268862481463 -0.324472713281705 0.194428766238542 0.0842404757110329 1.04630076812269
0.0559999999999999 0.985420266248638 0.858255108088105 0.728825468260823 0.236174495376598 0.349875043019125 0.909246840785762
0.06 0.408121199013234 0.383823624729257 0.183781196563405 0.250062957269043 0.402744249736977 1.0116553391364
0.064 0.487345704312705 0.848922122136508 0.328687501597195 0.469040627984007 -0.205792593817131 1.06680921365299
0.068 0.296172744108716 0.792680944396457 0.209588908747398 0.340240880177467 -0.0866462066065329 1.1816226513744
0.072 0.0891245567975827 0.250651616041872 -0.235010307439626 0.0563612158279915 -0.00432107305756678 1.06807466188369
0.076 0.479511320360737 0.613684889862832 0.283420682348209 -0.0864985943777852 0.052123054548745 1.36688886519303
0.08 0.341857232299382 0.320766005767137 -0.61976894764913 0.0776475712572361 -0.0287072841018331 1.48450650243398
0.084 0.181753247686061 0.177405321802516 -0.31732935078441 0.117030109097549 0.114577356788375 1.38737336751114
0.088 0.480445199987956 0.555165003835973 -0.13428208341602 -0.00175818604630955 0.160589526120667 1.44502180240428
0.092 0.389526007544709 0.455515748653477 -0.0619700927507803 0.0209636905313865 -0.20814933043115 1.25677740386023
0.096 0.00614604646646307 0.0792775241633159 -0.429205639306452 -0.0497001686638036 -0.128690319958522 1.39536267455054
0.1 0.911234516673551 0.587185526107042 0.384169596437133 -0.0178170560579572 -0.119651908750955 1.38936630413388
0.104 0.850423124362682 0.524489942402727 0.160686471494113 -0.169599572001775 0.0237937892064329 1.5899647870501
0.108 0.893694590141287 0.565545258311515 0.0614439433420092 0.185054296998864 0.0845386114595643 1.57884389986276
0.112 0.244861087585023 0.0893868376893454 -0.385272672291576 -0.0917694275909387 0.072446270992433 1.71866980754015
0.116 0.502890877322378 -0.0392169969310406 -0.202491837290915 0.0351219872233536 0.0946578900008109 1.89709291685489
0.12 0.0858578528423417 0.00973997568949028 -0.268336858390992 0.21343232405413 0.0745220061794357 1.85241445863758
0.124 -0.0105456349065871 -0.0232497282973723 -0.292272593988296 0.1486839835124 -0.153720274823542 1.94415739460062
0.128 -0.0672947631915954 0.0336356578006224 -0.290762305420058 0.297297789112967 -0.169009799540689 1.89072677060274
0.132 0.051392548247637 -0.0716412335129181 -0.107527366085547 0.202521417919334 0.191108523980227 2.2076482143231
0.136 -0.0450133804876179 0.0450900272441876 -0.117704592550677 0.220589077308886 0.141435160666015 2.34141399937889
0.14 0.409742908893797 -0.0368289800518614 -0.0739449074716639 0.265724350895751 0.203695978236707 2.1341918102804
0.144 0.175623592207237 0.317285611282913 -0.185814739869023 0.349617188335248 -0.0779139395250319 1.93061810962735
0.148 0.391177543874754 0.343153368418893 -0.0248423485802318 0.719194246397189 -0.0638328484650473 2.22482554235952
0.152 0.295552296613825 0.378180586066932 0.020163529394814 0.445003742458727 -0.0284809445920011 2.09000198094759
0.156 0.184665836940217 0.865890767884224 0.544191263255563 0.510292080076567 0.0292510007123234 2.39508744406308
0.16 0.0325234649007395 0.25249649249256 -0.362287938120752 0.348296102425777 0.0586750873386177 2.61840496967372
0.164 -0.125844105150788 -0.430453192516905 -0.720491110262186 0.201437132548896 0.0270503825054963 2.40517657966473
0.168 -0.0360891462438024 0.116940166060994 0.076298365765143 0.22021175141111 0.0261428528601697 2.25088144804987
0.172 0.321507123623538 0.338741142965466 0.30092190582445 0.270262445184917 0.0251614782105898 2.31315705057614
0.176 0.23886900489898 -0.176233846089339 -0.102476314886805 0.176925401621294 -0.0707715140787663 2.37891097473079
0.18 -0.221996824512151 -0.313225391846872 -0.434907729755447 0.226022134323173 -0.0311081900984654 2.35718740168834
0.184 0.775007461043542 0.804450491940067 0.453662804340991 0.607551302445529 0.353343701107467 2.54753092431022
0.188 0.565952943133623 0.896709972815424 0.30110288222458 0.505136051579787 0.528013449712685 2.21581977691823
0.192 0.723884580681383 0.494946920174044 0.493536794151244 0.28025254041484 0.293558392567965 2.44336611783892
0.196 0.587864548029134 -0.178187323660867 -0.339829150283319 0.0758021111298245 0.0683510915174626 2.59795433499577
0.2 0.200607583922067 -0.303828132628817 -0.369607295934961 0.411154816276273 -0.299362282892656 2.98165099847205
