# Stress and strain vectors, 333-EXP-6, negative deformation 1
# eps sig1 sig2 sig3 sig4 sig5 sig6
0 -0 -0 -0 -0 -0 -0
-0.000100000000000025 0.337372681423125 0.468887673286137 0.456870441789736 0.188590659927289 0.396673923531937 0.287333585302875
-0.000200000000000051 0.959108661533768 0.746298386445107 0.848659199735239 -0.219673645394114 0.0777264758359527 -0.136954377030649
-0.000299999999999962 0.772263328392936 0.466191883560749 0.311041027212352 0.260189677725297 0.0655266354134232 -0.367741839153518
-0.000399999999999987 0.267955711225388 0.619454289012944 0.93758161706966 -0.0417222975137998 -0.0513718603404202 0.0428890896595558
-0.000500000000000013 0.831574615990687 0.26838678038524 0.715113688635042 -0.225223101784398 0.00753326536271633 0.331108123052776
-0.000600000000000038 0.54004158529673 0.159681083143687 0.410508423932137 -0.151625652466991 0.0019348327981698 -0.311694989070128
-0.000699999999999948 0.244250535502939 0.732273697935753 0.379446103842395 -0.103381943331997 0.31437382956446 -0.127505678010972
-0.000799999999999974 0.507437555319908 0.721385007467587 0.786215953091896 -0.0570967759432707 -0.220958751557767 0.025951644107545
-0.0009 0.926051316120421 1.01692002347972 1.19969504767794 -0.0771752435739264 0.0348244684221293 -0.213301157376695
-0.00100000000000003 0.702720053857577 0.60407024094254 0.642675784075381 -0.115744841506742 0.232960539102047 -0.374332004875518
-0.00110000000000005 0.578353321882028 0.590922354099349 0.842002655518644 -0.153693637130646 -0.208752322986005 -0.360640161002419
-0.00119999999999996 0.644301705948223 0.598386963820954 0.711953420737465 -0.251265755967047 -0.445575611981695 -0.103847210042591
-0.00129999999999999 -0.00945219095835728 0.292985900242554 0.477907726992866 -0.32411767679783 -0.00971476126843716 -0.00143165296120949
-0.00140000000000001 0.411171499631021 0.205516438277708 0.561547090766171 -0.245433207204011 -0.0172330380042485 -0.32819121560478
-0.00150000000000004 0.317991250308661 0.29205794552303 0.356471292947104 -0.221008541921685 -0.129572199843412 -0.538999842841908
-0.00159999999999995 0.428195270749203 0.763756716060018 0.592273652142421 -0.0829260120366729 -0.158715408007469 -0.340534545489775
-0.00169999999999997 0.502307273434555 0.772434383719798 0.926964719880273 -0.344807794829309 0.0411087323975874 -0.176668086039185
-0.0018 0.762338210630853 1.02924914495317 0.972817463253134 -0.224925281161952 0.149187641586971 -0.316929449627037
-0.00190000000000003 0.211213662932208 0.857450389360278 0.735947171280822 0.0368158610069468 0.0249724139754983 -0.00440284874507873
-0.00200000000000005 0.517492430132083 0.413340077321859 0.362230665555404 -0.131908649730058 0.00408667133519598 -0.256434375498337
-0.00209999999999996 0.774146353389937 0.601043482418879 0.602337610542577 -0.169124758147797 0.102339483413051 0.0146044788168548
-0.00219999999999999 0.667338282599051 0.113947337092242 0.0815021460806931 -0.0980550402374232 0.148391118045858 -0.0297652973132937
-0.00230000000000001 0.161184039223422 0.160147412425397 0.435025078660493 -0.111491385568464 0.20515265732562 -0.237039078558373
-0.00240000000000004 0.131203700051284 0.661314071683706 0.418095313807701 -0.103380224844702 -0.0183534269115742 -0.190447903511582
-0.00249999999999995 0.3314770821604 0.161231850690275 0.645203418285117 -0.150921204062944 0.326116978901951 -0.0133564007566355
-0.00259999999999997 0.350201537391423 0.766516666265679 0.675335133074431 -0.0297323534765354 -0.251364211587024 -0.348917159143573
-0.0027 -0.0350842487358285 0.853104839589374 0.571299169350362 -0.0194412475342572 -0.00302652005949684 -0.485325978148076
-0.00280000000000003 0.611085646415488 0.585371577568698 0.496125728451612 -0.0630334400332368 0.202768681701416 -0.289305118611957
-0.00290000000000005 0.741383360016391 0.198386768346387 0.748126877765603 -0.284676331930393 0.0086052201990389 -0.0894935245213509
-0.00299999999999996 0.339174896985084 0.872488809357858 0.289125497513242 -0.427941424303587 0.0964591161642193 -0.0862440645250133
-0.00309999999999999 0.604487093613726 0.238823766660627 0.715900821477157 0.319722264384103 -0.118314642887495 -0.180888102358137
-0.00320000000000001 0.182963556679424 0.423868415660486 0.672122474474255 0.275933440791237 0.525255437370035 -0.247235498567354
-0.00330000000000004 0.841508592265366 0.680861220588475 0.455070711331385 0.0239890555890454 -0.0338669503950179 -0.104655631042352
-0.00340000000000006 0.521595075755428 -0.0244340489615671 0.637267003425439 0.143997439957386 -0.0465350760552745 -0.441019524192938
-0.00349999999999997 -0.133126770954615 -0.461354694005487 -0.349279774858176 -0.171041791441618 0.16102947345002 -0.0670883310235015
-0.0036 0.246665792203533 0.386668222314289 -0.0892098137329866 -0.0975893968581424 0.201637379648252 -0.0725875465079852
-0.00370000000000003 0.00769211294517622 0.66830066999411 0.0455429419449443 -0.0181768976013339 0.261042686117524 -0.193835500362742
-0.00380000000000005 -0.12821582263345 0.283433953868412 0.292230297140202 -0.14884041644348 0.0927711305182609 -0.349850236134972
-0.00389999999999996 0.0205597980387617 0.451075639127213 0.247825945559389 0.0735081980892819 0.388460240079608 -0.0912786236015215
-0.00399999999999999 0.277657163661049 0.894435713867437 0.725336274150259 0.17469946262954 0.208875312552232 -0.151968570363534
-0.00410000000000001 0.858455031407083 0.533474787169678 0.636146724938759 -0.286394881507466 0.307174418898218 -0.288253185472887
-0.00420000000000004 0.906901001773062 0.77301605486599 1.07586083593806 -0.015679331680891 0.291585703599766 -0.481672146839855
-0.00430000000000006 0.425143491295212 0.721724214060471 0.112898192292401 -0.0514170041829582 0.179532714162352 0.0422666221643089
-0.00439999999999997 0.470857419381266 0.593861703919583 0.584037803253683 -0.12756006301097 -0.000660577662375496 -0.0665803359385885
-0.0045 -0.189458219788795 0.407625290370007 0.225321040438601 -0.339324384517957 -0.0143737050760249 0.17275350568995
-0.00460000000000003 0.387758789312285 0.319657302095381 0.646263469566377 0.159951962277914 0.177950672092813 -0.345833043347655
-0.00470000000000005 0.621169106298273 0.0440990662027319 0.739395486836698 0.00819280496828457 0.552041504557104 -0.166638252813394
-0.00479999999999996 0.306262092982877 0.766933474023772 0.816511616635693 0.0116154665866079 -0.102112788984127 -0.0116447951653383
-0.00489999999999999 0.579550908026181 0.67359724146318 0.386032135307568 0.231879978010468 -0.0616447706434005 -0.238625089428383
-0.00500000000000001 0.086914866449288 0.0943977384275713 0.240008468600596 -0.241360725367393 0.427449155077764 0.0106731394938339
-0.00510000000000004 0.387381629269456 0.509848743811265 0.46153434699054 -0.336596875234382 -0.192388037505148 -0.264636702037661
-0.00520000000000006 0.375850642166042 0.685874834697938 0.467110155720594 -0.112642941315183 0.141162003551903 -0.125470026698449
-0.00529999999999997 0.382024503387353 0.283406415001804 0.542319077725195 -0.212267409418525 0.134425902741524 0.0139019580763141
-0.0054 0.386619911913752 0.0252088304786131 0.570386803594339 0.00861443309015736 0.0695225088509844 -0.0631983737426277
-0.00550000000000003 0.706033496964774 1.09522359730932 0.844578205342065 0.00313314779183822 0.125798698326243 -0.415015959015528
-0.00560000000000005 0.0623626135038544 0.391278571629424 0.352703737273452 0.171306912540908 0.292883289783381 -0.321777945427607
-0.00569999999999996 0.00257561226812848 0.323523792298284 0.382640147142876 0.144166097880699 0.597499740827437 -0.353060797073423
-0.00579999999999999 -0.294829729493717 0.160703775915 0.119744542173573 0.309158603904228 0.488380560458149 -0.381124078690913
-0.00590000000000001 0.391904849666803 1.11019750476833 0.793014689446039 -0.218948791026217 0.163921635564767 -0.0566460445494167
-0.00600000000000004 1.02302785884527 0.616971824319852 1.19380255857012 0.0327895116882538 0.350354167273616 -0.147412003705514
-0.00610000000000006 -0.161355617025662 -0.109597361009829 0.159910103837578 -0.351465679344456 0.0161402974272192 -0.178372213729713
-0.00619999999999997 0.390332273099995 0.529613659314069 0.465827341276653 0.295122740415214 0.22148435764779 -0.177478765010619
-0.0063 0.374127417321874 0.731394476538981 0.619583097564881 -0.145923418935062 -0.093420526530961 -0.176397457019598
-0.00640000000000003 0.750038964060849 0.542750790305343 0.568707336250641 0.08648923557224 0.22618065338158 -0.0917439113081667
-0.00650000000000006 0.183215816081281 0.306412154961987 0.489303978321578 0.220638794808423 0.401885715646385 -0.151728278738413
-0.00659999999999993 0.528776207151603 0.859214070004309 0.963920349495209 0.0687019979489958 0.0181986884101477 -0.317959445973221
-0.0067 0.1742323048239 0.538825813821516 0.549741740173008 0.0687170354189713 0.00552382183176338 -0.114239209396535
-0.0068 0.59656233009602 0.537304345532141 0.38522940049741 -0.193182887220895 0.295554858715727 -0.313816999722151
-0.00690000000000006 0.200489660790695 -0.0424489659500628 -0.115882932105843 -0.239645479556265 0.332569885571811 -0.267283635105295
-0.00700000000000006 0.103520023300055 -0.200686777768343 0.00799373628858015 0.0490925377189376 0.104017390534406 -0.148767073535022
-0.0071 0.253358693005194 0.222608649538151 0.325862817816133 -0.498464081600108 0.181200630222805 -0.0771008112338478
-0.0072 0.552625418203299 0.696441387688834 0.421960607519253 -0.0995940776043888 0.101722939186926 -0.00216112161504007
-0.0073 0.232617039959465 -0.259761267724296 0.236149005887523 -0.0295071251187449 0.145118226945913 -0.20514992414519
-0.00740000000000006 0.590201446498253 0.412363934188264 0.468552424410519 -0.443226085411894 -0.202751108046758 -0.349757759596275
-0.00750000000000006 0.461866626359025 0.369356197176747 1.068325507574 -0.3681037264823 -0.0979552610950598 -0.415010700430507
-0.0076 0.191724880243302 0.587832142379065 0.783057720252893 -0.28664818277084 0.0827958951310362 -0.396766113488159
-0.0077 0.76317695677499 0.56310938226111 0.811454853128843 0.0899292963308783 -0.176322273837529 -0.276340136226614
-0.00780000000000006 0.0509401506848446 -0.00107948976020379 0.321364948203087 0.0829100290212421 -0.0646229917096275 -0.215570350212085
-0.00790000000000006 0.10779212846855 0.792639859683229 0.749258654167933 0.287261278089364 0.124243802394458 0.0732268913100797
-0.008 0.333461868730536 0.181188757482529 0.160757669466826 0.060908435009328 0.0124443733586912 0.0930658442905177
-0.0081 0.161864873539022 0.523224931199735 0.75307374945618 -0.0403912350938729 0.101590622222681 -0.151597794911228
-0.0082 0.11385323068621 0.177905809122125 0.427672215176728 -0.00128220208623857 -0.0184657852975506 -0.306480084143546
-0.00830000000000006 0.0736461598942736 -0.0718351887060322 0.0148712224701597 -0.507426855711848 0.0358111010507665 -0.272537163663904
-0.00840000000000006 0.536731475186873 0.409069832970048 0.494572046214001 -0.254727262461263 -0.138199596276011 0.176118217886838
-0.0085 -0.268580796196275 0.113480611323579 0.35787829344688 0.160273067938614 -0.228001577562339 -0.169703257628551
-0.0086 0.0578512400034025 0.0196710201596774 -0.151936922567357 -0.160830029361105 0.479704838279424 -0.413550018127459
-0.00870000000000007 0.0457728886938452 0.20512555582286 0.0428728461570476 -0.0246936733186043 0.0472977594032792 -0.1543644281298
-0.00880000000000006 0.0492430775892598 0.296121445649475 0.0963187596174169 -0.137947745016448 -0.428081187324514 -0.486097273866938
-0.0089 0.702352034132445 1.05246727164735 0.898431746850187 -0.0462117367444715 0.165809417900763 -0.404953708077361
-0.009 0.31657262692624 0.630718068019997 0.912177165638386 0.00815860200882191 -0.00177086234379561 -0.0813137960644565
-0.0091 0.29096854529956 0.23193840182523 0.574433478774372 0.398338598468538 -0.125592674819198 -0.120203517807591
-0.00920000000000006 0.55869224991587 0.552277771667108 0.525031139053735 0.170684026360243 -0.268216275704862 -0.120467162063586
-0.00930000000000007 -0.0633717028645991 0.541112876262153 0.443636617585608 -0.0690576400132441 -0.179353336479432 -0.351873525214664
-0.0094 0.118852278603147 0.32334791865699 0.634029130149899 -0.475217789770215 -0.531077927790161 -0.0243344724145037
-0.0095 0.16319419657158 0.556641538942705 0.604210968497808 -0.179879950158023 0.0129567064667284 -0.215601200552231
-0.00960000000000007 -0.48916527658822 -0.209265148358127 -0.237032035975896 0.12882529846642 0.145344016284089 0.030654287730081
-0.00970000000000006 0.375763178576278 -0.506947889506674 0.321989120237173 0.19597709807765 0.183379211930765 0.00403009939449266
-0.0098 0.246474720010857 0.382732780523823 0.534479178261532 -0.0897640197441158 0.251096225946181 -0.0520665642994662
-0.0099 0.179023118881114 0.462023823598623 0.696852942554482 -0.048399924196534 -0.208205973384188 -0.298717346710037
-0.01 0.21786213032917 0.342241863614125 0.695371389738079 -0.374937408364312 -0.133731476170927 -0.403816427934617
