# Time-averaged data for fix myMSD
# TimeStep MSD_X MSD_Y MSD_Z MSD_Total Temperture
100 0.018122 0.014496 0.0183478 0.0509659 291.655
200 0.0496332 0.038063 0.0448874 0.132584 304.64
300 0.0738974 0.0618616 0.0621887 0.197948 312.223
400 0.0871659 0.0781362 0.0676481 0.23295 301.883
500 0.0868251 0.0728296 0.0652711 0.224926 297.682
600 0.0876863 0.0688833 0.0755643 0.232134 297.595
700 0.0834385 0.067892 0.0820156 0.233346 290.25
800 0.0852022 0.0785841 0.0871074 0.250894 282.518
900 0.101018 0.0858623 0.0922856 0.279166 293.146
1000 0.110425 0.0890869 0.0963155 0.295828 299.245
1100 0.116312 0.105595 0.0997737 0.321681 304.202
1200 0.129022 0.109788 0.0856412 0.324451 299.538
1300 0.128725 0.106187 0.105898 0.34081 286.919
1400 0.137274 0.118094 0.118277 0.373645 285.798
1500 0.15587 0.121746 0.114775 0.392392 288.447
1600 0.156672 0.123643 0.120461 0.400777 293.153
1700 0.159938 0.132977 0.131012 0.423927 303.943
1800 0.168305 0.131704 0.130397 0.430406 309.725
1900 0.177095 0.137246 0.127345 0.441686 297.632
2000 0.181611 0.151386 0.127289 0.460286 291.525
2100 0.18798 0.169591 0.119029 0.476599 281.615
2200 0.18386 0.165933 0.11622 0.466013 290.099
2300 0.176427 0.15759 0.134705 0.468722 296.402
2400 0.159542 0.141214 0.12721 0.427967 299.507
2500 0.157124 0.139544 0.114292 0.41096 308.954
2600 0.1875 0.144824 0.124338 0.456662 310.325
2700 0.185611 0.141746 0.14766 0.475017 301.394
2800 0.223469 0.175917 0.164442 0.563828 292.233
2900 0.271364 0.213717 0.163595 0.648675 301.973
3000 0.318686 0.239086 0.183464 0.741236 303.307
3100 0.316494 0.260596 0.189863 0.766953 295.656
3200 0.33582 0.272793 0.198748 0.807361 304.595
3300 0.340741 0.252964 0.205097 0.798802 295.482
3400 0.375704 0.206551 0.196896 0.77915 300.816
3500 0.360691 0.183014 0.183713 0.727418 297.335
3600 0.360549 0.189474 0.20897 0.758993 298.852
3700 0.326332 0.197945 0.224231 0.748508 304.37
3800 0.304365 0.193742 0.206699 0.704807 313.19
3900 0.276648 0.174654 0.1939 0.645202 295.482
4000 0.277104 0.177553 0.210172 0.664829 288.262
4100 0.283017 0.189133 0.214638 0.686787 298.715
4200 0.299155 0.215495 0.215292 0.729941 312.267
4300 0.30304 0.228145 0.206482 0.737667 307.099
4400 0.31835 0.224603 0.234758 0.777711 280.61
4500 0.328715 0.231506 0.245176 0.805396 294.325
4600 0.319359 0.22231 0.249795 0.791464 304.928
4700 0.342869 0.227164 0.243095 0.813129 306.674
4800 0.366018 0.240363 0.260689 0.867069 300.434
4900 0.358659 0.250823 0.266425 0.875907 290.491
5000 0.328354 0.234364 0.268469 0.831188 287.846
5100 0.315967 0.221748 0.263003 0.800718 296.955
5200 0.313569 0.241005 0.262439 0.817013 298.06
5300 0.321304 0.273879 0.272396 0.867579 303.487
5400 0.322967 0.29277 0.260544 0.87628 303.266
5500 0.328468 0.275935 0.244764 0.849167 288.26
5600 0.319817 0.266848 0.258905 0.84557 296.986
5700 0.32019 0.287639 0.281863 0.889692 304.403
5800 0.331865 0.325738 0.271907 0.92951 321.231
5900 0.343898 0.333894 0.26061 0.938402 309.597
6000 0.337182 0.316554 0.270491 0.924227 290.682
6100 0.353655 0.296183 0.269629 0.919467 290.967
6200 0.406124 0.299032 0.283441 0.988596 301.058
6300 0.447126 0.326 0.312757 1.08588 303.117
6400 0.449754 0.362805 0.333659 1.14622 316.305
6500 0.416782 0.388652 0.329437 1.13487 318.157
6600 0.388719 0.354099 0.342576 1.08539 322.527
6700 0.370888 0.397467 0.366368 1.13472 306.978
6800 0.364379 0.463043 0.402 1.22942 295.292
6900 0.366329 0.49694 0.434594 1.29786 292.801
7000 0.398758 0.530978 0.441435 1.37117 299.63
7100 0.468285 0.576163 0.454744 1.49919 305.622
7200 0.503929 0.577185 0.485151 1.56626 314.208
7300 0.479873 0.52697 0.514612 1.52145 303.099
7400 0.462036 0.482699 0.533858 1.47859 296.645
7500 0.467294 0.467343 0.518504 1.45314 305.187
7600 0.465921 0.468054 0.500788 1.43476 305.324
7700 0.449231 0.479731 0.498348 1.42731 294.964
7800 0.433516 0.491214 0.473026 1.39776 289.617
7900 0.427941 0.512187 0.474123 1.41425 289.916
8000 0.387978 0.515973 0.509322 1.41327 287.608
8100 0.399179 0.553383 0.511548 1.46411 307.373
8200 0.428419 0.609451 0.526557 1.56443 307.145
8300 0.430533 0.645534 0.519173 1.59524 303.639
8400 0.46295 0.663669 0.502645 1.62926 292.991
8500 0.492751 0.654773 0.48986 1.63738 289.288
8600 0.530884 0.646111 0.491873 1.66887 297.033
8700 0.574356 0.699974 0.487547 1.76188 308.407
8800 0.646182 0.690238 0.491594 1.82801 302.977
8900 0.622281 0.663886 0.497037 1.7832 298.271
9000 0.595062 0.666609 0.510136 1.77181 296.204
9100 0.623844 0.670679 0.519922 1.81445 282.702
9200 0.598383 0.654749 0.517534 1.77067 296.1
9300 0.585533 0.612251 0.547944 1.74573 313.192
9400 0.611047 0.613368 0.600189 1.8246 310.414
9500 0.596357 0.596257 0.583481 1.7761 300.744
9600 0.59529 0.588723 0.56989 1.7539 296.848
9700 0.60801 0.618313 0.581305 1.80763 295.347
9800 0.647683 0.661229 0.619227 1.92814 306.165
9900 0.670368 0.652627 0.607884 1.93088 308.704
10000 0.646237 0.648886 0.619901 1.91502 299.349
10100 0.599696 0.634316 0.629077 1.86309 295.048
10200 0.573832 0.635804 0.618187 1.82782 292.214
10300 0.548286 0.658888 0.642472 1.84965 305.854
10400 0.534532 0.654967 0.633092 1.82259 313.105
10500 0.57076 0.67555 0.625394 1.8717 311.326
10600 0.599896 0.722786 0.639916 1.9626 306.021
10700 0.598242 0.725742 0.661862 1.98585 286.18
10800 0.603374 0.708447 0.65702 1.96884 289.466
10900 0.617091 0.691745 0.628028 1.93687 298.917
11000 0.631281 0.682522 0.66246 1.97626 298.512
11100 0.559661 0.710654 0.705821 1.97614 308.832
11200 0.520676 0.715226 0.729847 1.96575 323.63
11300 0.519092 0.685289 0.760256 1.96464 305.232
11400 0.538994 0.687286 0.738987 1.96527 302.182
11500 0.580143 0.667147 0.694216 1.94151 297.905
11600 0.636996 0.663091 0.669622 1.96971 291.918
11700 0.699255 0.717378 0.662638 2.07927 282.12
11800 0.746834 0.752058 0.665619 2.16451 285.471
11900 0.735792 0.7547 0.649449 2.13994 306.78
12000 0.740136 0.761933 0.65461 2.15668 305.377
12100 0.762205 0.762672 0.671723 2.1966 294.488
12200 0.76412 0.778088 0.701181 2.24339 285.938
12300 0.780124 0.81117 0.730701 2.322 283.628
12400 0.801517 0.818084 0.791782 2.41138 291.758
12500 0.766239 0.835186 0.792264 2.39369 303.477
12600 0.771137 0.869517 0.821025 2.46168 312.18
12700 0.742718 0.912752 0.846537 2.50201 308.215
12800 0.732703 0.926839 0.871977 2.53152 286.28
12900 0.766452 0.889044 0.886859 2.54235 288.686
13000 0.82967 0.858417 0.8922 2.58029 301.304
13100 0.908406 0.853477 0.94128 2.70316 304.96
13200 0.909365 0.902155 0.909081 2.7206 293.658
13300 0.931091 0.969881 0.851669 2.75264 287.156
13400 0.981068 0.974162 0.814668 2.7699 290.994
13500 0.98985 1.01954 0.826011 2.83541 298.987
13600 0.976495 1.06501 0.84096 2.88246 303.071
13700 0.979715 1.08533 0.860317 2.92536 295.615
13800 1.05378 1.09441 0.858124 3.00631 297.148
13900 1.12898 1.12463 0.862591 3.1162 295.246
14000 1.18419 1.14453 0.87974 3.20846 287.107
14100 1.26306 1.13441 0.916368 3.31384 295.282
14200 1.33207 1.18227 0.914073 3.42841 305.213
14300 1.31953 1.31309 0.908592 3.5412 307.573
14400 1.2938 1.36126 0.915295 3.57035 294.76
14500 1.30328 1.41887 0.967184 3.68933 296.066
14600 1.33077 1.45485 0.971327 3.75694 285.073
14700 1.29146 1.54758 0.960412 3.79945 284.783
14800 1.26952 1.56095 0.933869 3.76434 296.725
14900 1.30403 1.57289 0.878601 3.75552 298.314
15000 1.32441 1.70034 0.896087 3.92083 300.77
15100 1.3418 1.74345 0.903226 3.98848 300.998
15200 1.32831 1.7092 0.893642 3.93115 298.897
15300 1.24676 1.67233 0.903995 3.82308 288.998
15400 1.16111 1.65636 0.892436 3.70991 292.376
15500 1.09757 1.65686 0.897889 3.65232 314.842
15600 1.07887 1.59674 0.946526 3.62213 313.64
15700 1.10752 1.53261 1.01109 3.65121 305.936
15800 1.12836 1.53349 0.977871 3.63973 303.015
15900 1.1188 1.58558 0.951037 3.65541 297.443
16000 1.12399 1.59908 0.985365 3.70844 301.736
16100 1.16656 1.6233 0.986402 3.77627 327.859
16200 1.21215 1.67066 0.985551 3.86836 318.103
16300 1.20418 1.63196 1.01815 3.85429 309.236
16400 1.23884 1.55522 1.09029 3.88436 308.183
16500 1.31043 1.58615 1.13499 4.03157 293.62
16600 1.37403 1.68585 1.14085 4.20073 287.703
16700 1.3583 1.68985 1.21415 4.2623 302.74
16800 1.37459 1.6281 1.24889 4.25157 312.377
16900 1.38084 1.51621 1.32294 4.21999 312.125
17000 1.45217 1.50919 1.37893 4.34029 304.084
17100 1.43808 1.53557 1.42311 4.39676 294.596
17200 1.41764 1.5939 1.47486 4.4864 296.381
17300 1.45879 1.73351 1.53791 4.73021 307.391
17400 1.53488 1.84744 1.58156 4.96387 301.447
17500 1.56281 1.97881 1.59695 5.13857 305.407
17600 1.49944 2.09182 1.6022 5.19346 295.06
17700 1.3941 2.18435 1.55275 5.1312 294.222
17800 1.39233 2.1528 1.50356 5.0487 283.142
17900 1.49425 2.10059 1.56914 5.16398 310.938
18000 1.63884 2.14438 1.5996 5.38281 311.492
18100 1.7178 2.09664 1.54341 5.35785 299.654
18200 1.65053 2.10565 1.53392 5.2901 297.201
18300 1.56657 2.19188 1.50272 5.26117 295.386
18400 1.48367 2.23902 1.42498 5.14766 289.518
18500 1.42799 2.30782 1.38796 5.12377 289.159
18600 1.42435 2.49008 1.40209 5.31652 293.129
18700 1.46818 2.65628 1.50497 5.62943 299.781
18800 1.54714 2.77019 1.55314 5.87047 322.673
18900 1.55897 3.02075 1.57794 6.15766 306.592
19000 1.4359 3.2778 1.65069 6.3644 316.118
19100 1.38684 3.32625 1.62098 6.33407 321.591
19200 1.42978 3.14112 1.71557 6.28647 307.439
19300 1.43885 3.02811 1.73384 6.20081 301.55
19400 1.39779 2.9525 1.64213 5.99243 296.796
19500 1.4284 2.8806 1.60832 5.91732 285.754
19600 1.5239 2.87061 1.58607 5.98057 308.877
19700 1.53999 2.99691 1.6411 6.178 310.953
19800 1.6119 2.99209 1.61117 6.21517 302.768
19900 1.70698 2.99135 1.67965 6.37799 305.341
20000 1.82704 3.23103 1.67081 6.72888 293.233
20100 1.94708 3.41754 1.61234 6.97696 302.155
20200 1.93879 3.57251 1.62654 7.13785 295.962
20300 1.93033 3.40049 1.64388 6.9747 301.267
20400 1.91087 3.22937 1.60728 6.74752 310.632
20500 1.91835 3.07345 1.61109 6.60289 287.361
20600 1.91233 2.83079 1.61663 6.35975 285.211
20700 1.95028 2.68838 1.67793 6.31658 285.171
20800 1.98315 2.63264 1.74182 6.35761 301.994
20900 1.97047 2.64449 1.71953 6.33449 300.925
21000 1.92547 2.68872 1.65874 6.27293 302.827
21100 1.79134 2.73372 1.659 6.18405 293.213
21200 1.70143 2.94897 1.70234 6.35274 289.154
21300 1.6961 2.98416 1.75556 6.43582 282.954
21400 1.69123 3.10319 1.78315 6.57757 307.627
21500 1.67553 3.16334 1.83171 6.67058 307.455
21600 1.8394 3.09137 1.7048 6.63557 304.505
21700 1.93439 3.03862 1.67746 6.65047 293.507
21800 1.99033 3.16497 1.70421 6.85951 293.542
21900 2.11574 3.42377 1.79844 7.33795 277.798
22000 2.34168 3.45801 1.82026 7.61995 280.178
22100 2.49291 3.54077 1.91574 7.94942 286.703
22200 2.57229 3.61802 1.92307 8.11338 291.511
22300 2.56608 3.52104 1.91591 8.00303 305.969
22400 2.57074 3.63307 1.97432 8.17813 296.258
22500 2.58815 3.75539 2.03778 8.38133 299.595
22600 2.65146 3.66391 2.00154 8.31692 288.806
22700 2.71427 3.68065 2.02825 8.42317 282.194
22800 2.60572 3.70233 2.0132 8.32125 292.725
22900 2.44047 3.63044 2.03525 8.10616 299.895
23000 2.57397 3.62247 2.05037 8.24681 313.209
23100 2.61403 3.44055 2.04799 8.10257 305.045
23200 2.57897 3.52049 2.09496 8.19442 286.129
23300 2.60954 3.52812 2.17382 8.31148 282.035
23400 2.78597 3.58532 2.16607 8.53736 301.548
23500 2.62132 3.60525 2.11798 8.34455 298.45
23600 2.59654 3.52703 2.02818 8.15175 307.639
23700 2.68288 3.52302 2.01224 8.21814 301.798
23800 2.7253 3.47069 2.15347 8.34946 283.625
23900 2.70806 3.42902 2.12066 8.25774 294.236
24000 2.69973 3.47372 2.13624 8.30969 313.605
24100 2.65179 3.53037 2.17739 8.35955 313.758
24200 2.59126 3.44929 2.16041 8.20096 295.692
24300 2.5514 3.52037 2.22251 8.29429 289.354
24400 2.52733 3.50686 2.24217 8.27635 300.101
24500 2.41901 3.64465 2.21319 8.27685 297.337
24600 2.43719 3.55833 2.15651 8.15203 322.357
24700 2.51944 3.60853 2.17552 8.30349 310.068
24800 2.53179 3.55701 2.21785 8.30664 297.929
24900 2.61831 3.58003 2.25842 8.45677 290.284
25000 2.8116 3.62288 2.32277 8.75725 304.852
25100 2.75172 3.52656 2.40214 8.68041 304.949
25200 2.78402 3.58839 2.39175 8.76417 299.689
25300 2.83457 3.63714 2.32375 8.79546 301.455
25400 2.87082 3.67152 2.30611 8.84845 291.248
25500 2.86649 3.77606 2.38928 9.03182 291.1
25600 2.63159 3.51283 2.3253 8.46972 312.462
25700 2.69492 3.48235 2.29121 8.46848 310.994
25800 2.65508 3.45529 2.29838 8.40875 302.122
25900 2.75635 3.33132 2.26517 8.35284 297.538
26000 2.82604 3.38225 2.25838 8.46667 291.871
26100 2.78425 3.21593 2.34166 8.34183 298.933
26200 2.79222 3.37441 2.51896 8.68559 310.076
26300 2.77027 3.45736 2.48801 8.71564 299.327
26400 2.76488 3.53373 2.37127 8.66987 304.532
26500 2.79727 3.55744 2.40908 8.7638 317.24
26600 2.80172 3.52542 2.4493 8.77644 302.669
26700 2.90692 3.40218 2.43318 8.74229 292.679
26800 2.95248 3.55278 2.41065 8.91592 286.625
26900 2.90985 3.74189 2.45319 9.10494 306.517
27000 2.98463 3.71538 2.55819 9.25819 312.937
27100 2.93383 3.51053 2.49542 8.93978 310.044
27200 2.92365 3.47425 2.49734 8.89524 301.305
27300 2.87409 3.47975 2.49033 8.84417 302.425
27400 2.79026 3.32596 2.56326 8.67949 288.666
27500 2.71461 3.4246 2.54317 8.68238 306.394
27600 2.68156 3.47879 2.50735 8.66771 320.478
27700 2.67095 3.59344 2.51708 8.78146 312.733
27800 2.73782 3.59832 2.51302 8.84916 309.805
27900 2.7878 3.58191 2.47186 8.84157 304.054
28000 2.78619 3.55605 2.52818 8.87041 299.17
28100 2.72989 3.44315 2.60226 8.7753 295.239
28200 2.74754 3.39458 2.66323 8.80535 285.096
28300 2.78108 3.48644 2.54992 8.81745 284.401
28400 2.82853 3.53388 2.60319 8.9656 291.997
28500 2.85795 3.47372 2.62687 8.95855 316.519
28600 2.76372 3.55903 2.67824 9.00099 310.225
28700 2.75859 3.55898 2.74091 9.05849 285.897
28800 2.73549 3.61965 2.74678 9.10193 295.747
28900 2.68284 3.61 2.70049 8.99333 291.021
29000 2.7864 3.46573 2.75991 9.01204 294.832
29100 2.90235 3.36825 2.79512 9.06572 309.906
29200 2.86806 3.38329 2.71031 8.96166 311.554
29300 2.91697 3.405 2.73819 9.06016 286.932
29400 2.95723 3.42643 2.70075 9.0844 279.234
29500 2.85943 3.60517 2.69628 9.16088 300.671
29600 2.92197 3.75186 2.7833 9.45713 302.304
29700 2.95273 3.80747 2.74216 9.50236 288.544
29800 2.85639 3.82115 2.7788 9.45633 304.231
29900 2.79564 3.83871 2.78909 9.42344 323.928
30000 2.67856 3.70351 2.74035 9.12242 326.005
30100 2.6244 3.6628 2.71673 9.00393 311.778
30200 2.77497 3.65111 2.76517 9.19125 307.296
30300 2.89642 3.51123 2.77822 9.18587 295.038
30400 2.87694 3.5167 2.87315 9.26679 289.879
30500 2.73057 3.64825 2.86277 9.24159 309.493
30600 2.54295 3.69989 2.92699 9.16983 320.45
30700 2.40047 3.69817 2.98393 9.08257 297.054
30800 2.24179 3.74828 2.99678 8.98685 297.551
30900 2.12366 3.69581 2.95639 8.77586 291.385
31000 2.19116 3.65042 2.92222 8.76379 311.138
31100 2.40503 3.64792 2.97948 9.03244 307.257
31200 2.38831 3.53695 3.06446 8.98972 299.028
31300 2.31491 3.63173 3.02164 8.96829 291.004
31400 2.26226 3.69593 3.03514 8.99333 289.364
31500 2.31193 3.65643 2.91222 8.88058 299.863
31600 2.43538 3.70303 2.99026 9.12867 309.084
31700 2.54178 3.62658 3.09076 9.25912 300.171
31800 2.55768 3.52415 3.09883 9.18066 313.944
31900 2.53056 3.6152 3.07826 9.22403 304.474
32000 2.61653 3.61791 3.05647 9.29091 296.66
32100 2.70321 3.44677 3.04502 9.19499 300.859
32200 2.74778 3.31452 3.07694 9.13924 297.153
32300 2.78483 3.4181 3.0296 9.23253 301.948
32400 2.58796 3.45125 3.00349 9.04271 291.182
32500 2.55017 3.44345 3.10125 9.09487 313.613
32600 2.60505 3.4068 3.19236 9.20422 316.866
32700 2.56918 3.37242 3.29202 9.23362 292.936
32800 2.57564 3.50794 3.23432 9.3179 291.432
32900 2.55585 3.4868 3.23915 9.2818 300.559
33000 2.69316 3.51079 3.29977 9.50372 300.502
33100 2.79684 3.55284 3.34508 9.69476 302.769
33200 2.84069 3.53107 3.44822 9.81998 319.081
33300 2.854 3.50162 3.44867 9.80428 303.578
33400 2.84913 3.43087 3.36053 9.64054 297.235
33500 2.80858 3.39851 3.35962 9.56672 290.168
33600 2.7536 3.52097 3.3498 9.62436 305.007
33700 2.79756 3.47328 3.32402 9.59487 307.297
33800 2.82119 3.56661 3.39612 9.78392 317.788
33900 2.76922 3.61885 3.45568 9.84376 314.216
34000 2.70492 3.51385 3.51256 9.73133 297.068
34100 2.66415 3.35787 3.61492 9.63694 297.262
34200 2.68163 3.50945 3.59068 9.78176 296.52
34300 2.79088 3.51573 3.56198 9.86858 311.017
34400 2.77653 3.46778 3.49923 9.74354 318.042
34500 2.8755 3.43359 3.43768 9.74677 313.335
34600 2.84649 3.56324 3.33504 9.74477 305.509
34700 2.94653 3.58682 3.2714 9.80475 295.778
34800 3.00106 3.41151 3.25263 9.6652 299.22
34900 2.97986 3.39529 3.36506 9.74021 300.262
35000 3.0535 3.35124 3.56732 9.97207 325.67
35100 3.16851 3.42024 3.67508 10.2638 318.632
35200 3.1291 3.388 3.76655 10.2837 294.968
35300 3.11689 3.47 3.85164 10.4385 292.013
35400 3.15361 3.59526 3.94378 10.6926 308.205
35500 3.14213 3.55322 4.11015 10.8055 298.895
35600 3.08922 3.6156 4.17084 10.8757 296.327
35700 3.10581 3.73777 4.00894 10.8525 313.455
35800 3.07393 3.66679 3.86383 10.6046 306.779
35900 3.12486 3.53231 3.82349 10.4807 306.253
36000 3.13462 3.5176 3.90996 10.5622 287.424
36100 3.05526 3.53427 3.84732 10.4369 300.113
36200 3.14058 3.62817 3.82154 10.5903 299.173
36300 3.33714 3.6872 3.94078 10.9651 289.067
36400 3.32612 3.77747 3.9647 11.0683 302.86
36500 3.25776 3.88553 4.08847 11.2318 320.07
36600 3.25626 3.86747 4.20078 11.3245 318.092
36700 3.2228 3.87808 4.26678 11.3677 296.692
36800 3.26834 3.84696 4.32193 11.4372 293.722
36900 3.22068 3.87567 4.34648 11.4428 292.067
37000 3.16833 3.85003 4.45829 11.4767 305.839
37100 3.0853 3.72048 4.45485 11.2606 317.049
37200 3.00465 3.93736 4.51502 11.457 309.834
37300 2.96882 3.9134 4.5553 11.4375 294.608
37400 3.07066 3.91914 4.62028 11.6101 300.105
37500 2.95978 4.09634 4.58688 11.643 298.944
37600 3.01332 3.96342 4.64318 11.6199 310.519
37700 3.07297 3.92306 4.66444 11.6605 298.764
37800 3.06506 3.91269 4.6312 11.6089 307.379
37900 3.08326 3.7744 4.57765 11.4353 317.19
38000 3.054 3.6138 4.43292 11.1007 313.441
38100 3.17838 3.64422 4.3438 11.1664 305.841
38200 3.35185 3.70217 4.27002 11.324 293.149
38300 3.4262 3.54378 4.375 11.345 290.013
38400 3.23934 3.50557 4.58587 11.3308 299.353
38500 3.20235 3.59561 4.72782 11.5258 288.402
38600 3.0407 3.56792 4.79658 11.4052 301.071
38700 3.02224 3.61673 4.7645 11.4035 319.774
38800 3.12273 3.67277 4.66381 11.4593 297.029
38900 3.03804 3.6594 4.7076 11.405 292.155
39000 2.99239 3.62225 4.75383 11.3685 300.226
39100 3.09757 3.62754 4.85834 11.5834 297.455
39200 3.25246 3.618 4.81251 11.683 283.87
39300 3.25951 3.6595 4.8281 11.7471 288.367
39400 3.24633 3.67803 4.74905 11.6734 285.575
39500 3.27367 3.58312 4.70244 11.5592 309.757
39600 3.31687 3.45109 4.65962 11.4276 318.282
39700 3.35822 3.45738 4.69707 11.5127 291.714
39800 3.38225 3.51367 4.8066 11.7025 309.14
39900 3.27854 3.59615 5.00289 11.8776 299.29
40000 3.26428 3.71309 5.06904 12.0464 296.912
40100 3.3414 3.76146 5.08273 12.1856 277.06
40200 3.4495 3.84823 5.08846 12.3862 286.231
40300 3.37187 3.80842 5.14926 12.3295 303.304
40400 3.31855 3.86568 5.31046 12.4947 294.735
40500 3.31652 3.91014 5.2903 12.517 306.25
40600 3.20632 3.8197 5.2114 12.2374 294.139
40700 3.18332 3.77399 5.29309 12.2504 302.395
40800 3.10648 3.80054 5.22662 12.1336 309.129
40900 3.31143 3.73656 5.13421 12.1822 293.994
41000 3.49221 3.71089 5.19197 12.3951 304.157
41100 3.47338 3.70078 5.26387 12.438 294.727
41200 3.49536 3.74722 5.33798 12.5806 293.524
41300 3.49689 3.83275 5.38898 12.7186 293.201
41400 3.51961 3.91193 5.41803 12.8496 314.742
41500 3.42729 3.98969 5.45376 12.8707 301.382
41600 3.26644 3.97642 5.28993 12.5328 295.08
41700 3.3947 3.96813 5.30602 12.6689 292.572
41800 3.54474 3.94653 5.24859 12.7399 291.465
41900 3.49427 3.82461 5.1416 12.4605 311.12
42000 3.47978 3.81981 5.35442 12.654 311.208
42100 3.42494 3.90309 5.53085 12.8589 306.175
42200 3.35905 3.83034 5.47263 12.662 291.362
42300 3.48711 3.73686 5.4427 12.6667 295.095
42400 3.54644 3.79655 5.61216 12.9552 279.587
42500 3.48646 3.90116 5.60536 12.993 287.679
42600 3.3271 3.89508 5.59144 12.8136 296.646
42700 3.35961 3.91039 5.50907 12.7791 309.127
42800 3.5155 3.90013 5.59162 13.0072 308.799
42900 3.71431 3.80852 5.64051 13.1633 299.092
43000 3.82305 3.80069 5.72403 13.3478 287.463
43100 3.78825 3.84102 5.82131 13.4506 284.112
43200 3.81637 3.90815 5.87567 13.6002 303.121
43300 3.92839 3.96422 5.85583 13.7484 293.459
43400 3.85679 3.93416 5.9134 13.7044 302.557
43500 3.84835 3.98434 5.82353 13.6562 304.654
43600 3.85119 4.02425 5.77345 13.6489 312.085
43700 3.84516 3.94219 5.83425 13.6216 307.304
43800 3.78946 3.91073 5.92718 13.6274 310.161
43900 3.6921 4.03581 6.07775 13.8057 308.668
44000 3.79433 4.13205 6.01112 13.9375 299.322
44100 3.90778 4.16483 5.87081 13.9434 294.065
44200 3.8628 4.20015 5.87185 13.9348 294.096
44300 3.77787 4.09837 5.96434 13.8406 306.94
44400 3.77968 4.0885 5.94844 13.8166 319.08
44500 3.78562 4.22605 6.00248 14.0142 308.136
44600 3.6396 4.28689 5.96249 13.889 305.484
44700 3.62627 4.26524 6.02728 13.9188 293.908
44800 3.6742 4.15903 6.15399 13.9872 302.035
44900 3.81166 4.08305 6.14824 14.043 300.975
45000 3.91363 4.13447 6.2616 14.3097 315.623
45100 3.96819 4.13555 6.37979 14.4835 316.331
45200 4.02608 4.05244 6.50194 14.5805 299.637
45300 4.05785 4.06646 6.60549 14.7298 298.457
45400 3.94964 4.07416 6.56624 14.59 307.76
45500 3.92081 4.01412 6.53011 14.465 294.508
45600 3.94984 3.89218 6.456 14.298 293.693
45700 3.84991 3.78165 6.41636 14.0479 282.584
45800 3.83662 3.74594 6.42646 14.009 310.804
45900 3.86398 3.79546 6.35132 14.0108 304.23
46000 3.76801 3.80263 6.39046 13.9611 298.936
46100 3.76405 3.75608 6.45103 13.9712 305.551
46200 3.78613 3.75961 6.52955 14.0753 297.311
46300 3.77107 3.78708 6.49652 14.0547 291.03
46400 3.64867 3.90613 6.61296 14.1678 295.991
46500 3.52007 3.89925 6.59427 14.0136 308.256
46600 3.53688 3.74006 6.59043 13.8674 317.449
46700 3.43855 3.80078 6.54185 13.7812 305.173
46800 3.39685 3.82541 6.56214 13.7844 300.079
46900 3.40675 3.75343 6.54687 13.707 299.945
47000 3.58095 3.93295 6.49081 14.0047 300.753
47100 3.77892 3.85403 6.47499 14.1079 285.109
47200 3.87492 3.84599 6.41418 14.1351 291.25
47300 3.91497 3.92963 6.4337 14.2783 294.122
47400 3.8187 3.90232 6.62116 14.3422 302.818
47500 3.73629 4.0091 6.69705 14.4424 309.186
47600 3.77825 4.01127 6.82228 14.6118 294.003
47700 3.59586 3.82888 7.02969 14.4544 302.499
47800 3.47732 3.89511 7.1314 14.5038 300.615
47900 3.54371 3.80138 7.22707 14.5722 308.125
48000 3.66146 3.76465 7.2122 14.6383 303.306
48100 3.8117 3.83301 7.15995 14.8047 297.092
48200 3.94056 3.88427 7.16409 14.9889 284.307
48300 4.03908 3.93097 7.02219 14.9922 303.68
48400 3.9612 3.95124 7.06998 14.9824 315.494
48500 3.81917 4.11705 7.15124 15.0875 307.419
48600 3.70824 4.29135 7.14485 15.1444 298.69
48700 3.66699 4.26011 7.10867 15.0358 298.551
48800 3.64567 4.28038 7.12498 15.051 303.376
48900 3.58077 4.3352 7.07332 14.9893 295.788
49000 3.62514 4.22157 7.0061 14.8528 302.1
49100 3.81183 4.05419 7.00687 14.8729 289.103
49200 3.86842 3.97345 6.9173 14.7592 281.856
49300 3.97281 3.95075 6.99953 14.9231 295.932
49400 3.97112 3.8839 7.06714 14.9222 316.144
49500 3.90148 3.95174 7.26143 15.1146 307.853
49600 3.86664 3.93367 7.46045 15.2608 306.764
49700 3.8592 3.8736 7.64425 15.377 298.024
49800 3.87267 3.9913 7.71735 15.5813 290.499
49900 3.92751 4.15747 7.63164 15.7166 307.887
50000 3.94713 4.1436 7.46281 15.5535 294.311
50100 4.01969 4.01202 7.42155 15.4533 296.379
50200 3.96782 3.94785 7.46231 15.378 280.77
50300 3.99415 3.99251 7.6222 15.6089 287.84
50400 4.07369 3.97558 7.688 15.7373 298.62
50500 4.13321 4.00237 7.78734 15.9229 311.744
50600 4.12855 3.99853 7.95687 16.084 308.163
50700 4.09497 3.8923 7.95355 15.9408 294.571
50800 4.10526 3.94052 7.89064 15.9364 296.13
50900 4.19953 3.942 7.82943 15.971 304.404
51000 4.29112 3.91718 7.77637 15.9847 324.043
51100 4.21546 3.90516 7.7674 15.888 316.765
51200 4.28842 3.83076 7.7033 15.8225 314.408
51300 4.48427 3.75112 7.75097 15.9864 298.718
51400 4.64677 3.709 7.92846 16.2842 295.159
51500 4.43097 3.68802 7.96746 16.0864 300.22
51600 4.27188 3.64441 8.23478 16.1511 302.375
51700 4.13421 3.73131 8.31541 16.1809 318.129
51800 4.11019 3.73674 8.3422 16.1891 301.212
51900 4.16106 3.78017 8.44631 16.3876 289.563
52000 4.19131 3.78848 8.4691 16.4489 295.212
52100 4.10617 3.82116 8.73041 16.6577 297.212
52200 3.92392 3.8002 8.81216 16.5363 314.683
52300 3.83157 3.88654 8.70978 16.4279 313.184
52400 3.96072 4.00106 8.70129 16.6631 299.762
52500 3.90442 3.95881 8.66538 16.5286 318.27
52600 3.82225 3.99026 8.62117 16.4337 314.297
52700 3.76363 4.0613 8.62455 16.4495 313.766
52800 3.79667 4.12905 8.60496 16.5307 300.029
52900 3.91252 4.11354 8.68342 16.7095 313.16
53000 3.99037 4.2183 8.7168 16.9255 307.267
53100 3.93775 4.3972 8.73686 17.0718 304.819
53200 3.90401 4.5124 8.92266 17.3391 312.325
53300 3.94021 4.65687 9.09534 17.6924 319.554
53400 4.04424 4.76465 9.18756 17.9965 320.103
53500 4.13329 4.80852 9.41422 18.356 324.088
53600 4.15762 4.81608 9.69734 18.671 309.302
53700 4.20119 4.67904 10.0472 18.9275 288.882
53800 4.41048 4.65753 10.3568 19.4248 298.232
53900 4.6505 4.66382 10.6534 19.9678 291.428
54000 4.76403 4.54227 10.8947 20.201 302.847
54100 4.80434 4.46746 11.0343 20.3061 303.366
54200 4.77835 4.38399 10.8989 20.0613 308.484
54300 4.62744 4.42051 10.6205 19.6684 300.965
54400 4.56191 4.52436 10.3521 19.4383 295.86
54500 4.60613 4.64709 10.1594 19.4127 292.331
54600 4.61162 4.71551 9.93204 19.2592 304.034
54700 4.62678 4.74674 9.94215 19.3157 305.915
54800 4.72137 4.68478 10.0643 19.4705 328.061
54900 4.78918 4.5621 10.1098 19.4611 307.666
55000 5.01614 4.56256 10.229 19.8077 307.773
55100 5.05506 4.50647 10.2843 19.8458 294.938
55200 4.96524 4.42012 10.2811 19.6665 293.425
55300 4.79615 4.37292 10.2778 19.4469 302.214
55400 4.68036 4.46597 10.3106 19.4569 313.98
55500 4.7937 4.56817 10.3046 19.6665 314.221
55600 4.86572 4.5851 10.45 19.9008 308.418
55700 4.88451 4.57596 10.6188 20.0793 306.493
55800 4.87893 4.45315 10.8463 20.1783 295.348
55900 4.78497 4.49112 11.0024 20.2785 298.417
56000 4.75195 4.40741 11.0116 20.171 292.997
56100 4.6616 4.41312 10.9644 20.0392 306.685
56200 4.69263 4.43491 10.9302 20.0578 322.235
56300 4.77666 4.37208 10.8188 19.9675 306.407
56400 4.81775 4.39874 10.736 19.9525 296.453
56500 4.61509 4.39766 10.82 19.8327 301.272
56600 4.50513 4.27663 10.8592 19.6409 289.356
56700 4.52169 4.38312 10.9064 19.8112 317.62
56800 4.42957 4.43715 11.0186 19.8853 321.552
56900 4.29287 4.32782 11.0953 19.716 320.372
57000 4.48686 4.4159 11.1153 20.0181 304.391
57100 4.50955 4.48039 11.2058 20.1957 295.372
57200 4.51815 4.48307 11.2723 20.2735 302.862
57300 4.58607 4.55663 11.5186 20.6613 300.699
57400 4.6368 4.67629 11.741 21.0541 280.483
57500 4.75862 4.70454 11.9897 21.4528 295.301
57600 4.58119 4.7565 12.1504 21.4881 300.406
57700 4.52006 4.83644 12.2443 21.6008 309.061
57800 4.76835 5.00194 12.1681 21.9384 300.813
57900 4.84886 4.98643 12.3018 22.1371 302.951
58000 4.90399 4.75521 12.2751 21.9344 294.156
58100 5.00344 4.69036 12.3917 22.0855 276.927
58200 5.06259 4.53204 12.425 22.0196 273.154
58300 5.01899 4.57657 12.5572 22.1527 278.739
58400 5.0295 4.4945 12.6578 22.1818 295.894
58500 4.97436 4.57948 12.3981 21.9519 309.966
58600 4.7956 4.76186 12.4155 21.973 307.395
58700 4.86162 4.85391 12.6086 22.3241 293.918
58800 5.0228 4.78859 12.7115 22.5229 293.37
58900 4.99826 4.88891 12.4417 22.3289 288.462
59000 4.89188 4.95794 12.2974 22.1472 303.205
59100 4.97746 4.75895 12.3471 22.0836 318.103
59200 4.88981 4.72606 12.4947 22.1106 304.738
59300 4.63715 4.74351 12.4781 21.8588 288.323
59400 4.4547 4.8521 12.5755 21.8823 294.5
59500 4.46245 4.7894 12.5268 21.7787 305.73
59600 4.52872 4.68062 12.4459 21.6552 312.929
59700 4.50692 4.85007 12.4698 21.8268 309.978
59800 4.48568 5.00109 12.7392 22.226 309.247
59900 4.53676 4.97144 13.1111 22.6193 302.403
60000 4.34461 4.91008 13.5441 22.7987 293.004
60100 4.26267 4.95595 13.7675 22.9861 302.493
60200 4.41655 4.96143 13.954 23.332 309.919
60300 4.50875 4.93691 13.9936 23.4393 314.858
60400 4.34092 4.90244 13.9175 23.1609 307.605
60500 4.37516 5.03442 14.128 23.5376 299.225
60600 4.51563 5.04849 14.2818 23.8459 286.438
60700 4.48616 5.20321 14.1808 23.8702 303.345
60800 4.70363 5.24038 14.1421 24.0861 317.703
60900 4.80605 5.04755 13.7566 23.6102 319.366
61000 4.73903 4.88031 13.6112 23.2306 308.51
61100 4.67422 4.88255 13.6338 23.1905 298.706
61200 4.74666 4.90802 13.6809 23.3356 287.273
61300 4.8019 4.91446 13.9031 23.6194 305.637
61400 4.87788 5.07213 14.1851 24.1351 308.096
61500 4.9628 5.08923 14.2404 24.2925 319.638
61600 4.87006 5.29769 14.2494 24.4172 316.431
61700 4.74636 5.2188 14.247 24.2122 293.66
61800 4.6964 5.05464 14.4108 24.1618 302.144
61900 4.90546 5.02395 14.2663 24.1957 299.023
62000 5.21235 5.15479 13.9663 24.3334 292.685
62100 5.26339 5.2834 13.9659 24.5127 277.045
62200 5.11828 5.07221 14.0541 24.2446 299.617
62300 5.01865 5.02061 14.2115 24.2507 302.408
62400 4.9064 5.09717 14.3195 24.3231 312.224
62500 4.98431 5.14972 14.2517 24.3857 306.92
62600 4.93769 5.35241 14.3353 24.6254 300.811
62700 4.83825 5.3333 14.3846 24.5561 301.759
62800 4.77479 5.19038 14.212 24.1771 294.049
62900 4.71016 5.26373 14.1988 24.1727 283.221
63000 4.78052 5.12219 14.2996 24.2023 275.988
63100 4.80777 5.06487 14.3373 24.2099 283.08
63200 4.59456 5.23303 14.1617 23.9893 297.118
63300 4.48279 5.28057 14.1616 23.9249 310.705
63400 4.4888 5.18684 14.0706 23.7462 308.17
63500 4.52026 5.3611 14.1758 24.0572 303.811
63600 4.48298 5.51891 14.2326 24.2345 293.73
63700 4.33115 5.50547 14.388 24.2246 298.259
63800 4.27965 5.5843 14.5922 24.4561 295.678
63900 4.34706 5.5057 14.6289 24.4817 310.957
64000 4.49157 5.57238 14.6445 24.7084 315.242
64100 4.36239 5.96123 14.4581 24.7817 315.605
64200 4.17391 6.04789 14.7219 24.9437 312.064
64300 4.15779 5.98811 15.1423 25.2882 298.221
64400 4.30315 5.8743 15.1703 25.3478 290.948
64500 4.33974 5.90979 15.2264 25.476 288.212
64600 4.3006 6.09717 15.6295 26.0273 306.206
64700 4.53468 6.23668 15.9469 26.7183 306.851
64800 4.75789 6.24705 16.3327 27.3377 306.261
64900 4.78971 6.09029 16.6384 27.5184 304.579
65000 4.96567 6.13117 16.6738 27.7706 302.526
65100 5.17353 6.22294 16.5734 27.9699 296.068
65200 5.28465 6.19958 16.5374 28.0216 297.376
65300 5.30424 6.28261 16.6703 28.2571 309.139
65400 5.28117 6.49115 16.8679 28.6402 319.159
65500 5.21513 6.64079 16.953 28.809 305.043
65600 5.2219 6.50308 16.9497 28.6746 297.64
65700 5.06032 6.34176 17.0604 28.4625 301.359
65800 4.97683 6.51312 17.3855 28.8754 291.544
65900 4.87112 6.43916 17.826 29.1363 308.147
66000 4.85253 6.51032 17.6604 29.0233 301.399
66100 4.70287 6.62887 17.7114 29.0432 299.741
66200 4.56299 6.66334 17.8316 29.058 304.466
66300 4.47702 6.52853 17.9965 29.0021 322.109
66400 4.44854 6.51418 18.1342 29.0969 303.592
66500 4.4731 6.41127 18.2163 29.1006 295.784
66600 4.50875 6.35719 18.2517 29.1176 311.413
66700 4.54359 6.34871 18.0643 28.9566 298.636
66800 4.48569 6.2089 17.9935 28.6881 291.431
66900 4.53626 6.27024 18.0752 28.8817 298.794
67000 4.71374 6.44539 18.0248 29.1839 316.667
67100 4.78233 6.46023 17.6441 28.8867 287.649
67200 4.79941 6.45302 17.6311 28.8835 276.036
67300 4.74722 6.40261 17.6761 28.8259 281.897
67400 4.61074 6.39491 17.6699 28.6756 279.404
67500 4.5013 6.45601 17.6229 28.5802 298.505
67600 4.49393 6.56385 17.3409 28.3987 299.948
67700 4.54912 6.66985 17.3642 28.5831 306.752
67800 4.47282 6.72481 17.3257 28.5233 318.221
67900 4.29927 6.82766 17.2136 28.3405 305.866
68000 4.25217 6.91892 17.3372 28.5083 298.719
68100 4.41033 6.96641 17.5762 28.953 290.424
68200 4.4752 7.21901 17.6366 29.3308 300.65
68300 4.42529 7.41455 17.8158 29.6557 322.66
68400 4.52306 7.34608 18.0949 29.9641 320.507
68500 4.70213 7.2308 18.1645 30.0975 310.217
68600 4.71431 7.18574 18.3082 30.2082 324.901
68700 4.62848 6.98512 18.4319 30.0455 311.57
68800 4.57564 6.79323 18.5367 29.9055 298.002
68900 4.57834 6.87225 18.7281 30.1787 283.996
69000 4.64035 7.00054 18.6125 30.2534 298.456
69100 4.66964 7.14628 18.6686 30.4845 312.32
69200 4.69538 7.29333 18.672 30.6607 309.59
69300 4.65473 7.21495 18.7112 30.5809 297.506
69400 4.66058 7.34711 18.716 30.7237 304.001
69500 4.69434 7.5304 18.6808 30.9056 296.41
69600 4.57119 7.75676 18.7372 31.0652 296.009
69700 4.43231 7.87541 18.7783 31.086 325.149
69800 4.32774 7.80808 18.6732 30.809 309.568
69900 4.3738 7.75581 18.5205 30.6501 295.149
70000 4.36302 7.71109 18.3434 30.4175 305.816
70100 4.2825 7.46049 18.439 30.182 293.933
70200 4.32828 7.1295 18.6481 30.1059 296.198
70300 4.43488 6.89922 18.9441 30.2782 289.509
70400 4.44648 6.81702 19.2294 30.4929 282.896
70500 4.55007 6.90883 19.457 30.9159 293.517
70600 4.90483 6.82202 19.7127 31.4395 303.871
70700 5.1852 6.4776 19.8951 31.5579 312.688
70800 5.31062 6.27398 19.8957 31.4803 318.208
70900 5.40247 6.53793 20.064 32.0044 309.757
71000 5.4798 6.68838 20.2796 32.4478 313.982
71100 5.5399 6.63066 20.5844 32.755 317.171
71200 5.40806 6.66297 21.0099 33.081 301.855
71300 5.39147 6.60695 21.3613 33.3598 290.36
71400 5.45597 6.56012 21.6507 33.6668 288.44
71500 5.50843 6.46047 22.0622 34.0311 307.381
71600 5.44054 6.36566 22.4914 34.2976 302.374
71700 5.29636 6.45618 22.9265 34.6791 305.002
71800 5.12637 6.20217 22.9702 34.2988 298.158
71900 5.16376 6.05026 22.9437 34.1577 286.827
72000 5.33361 5.86861 23.0389 34.2412 286.358
72100 5.51854 6.03688 23.1229 34.6783 280.941
72200 5.35519 6.1451 23.2371 34.7374 289.789
72300 5.21781 6.18404 23.4415 34.8434 314.679
72400 5.20584 6.30739 23.4199 34.9332 298.947
72500 5.01483 6.31144 23.2732 34.5995 293.714
72600 4.89967 6.37384 23.173 34.4465 291.343
72700 4.87621 6.46715 23.0691 34.4124 272.646
72800 4.79654 6.47044 23.0351 34.3021 291.183
72900 4.82172 6.30895 22.9589 34.0896 298.797
73000 4.94596 6.07087 22.9571 33.9739 311.957
73100 4.9748 5.83827 23.1575 33.9705 299.494
73200 4.94345 6.01472 23.3056 34.2638 285.679
73300 5.00994 6.17304 23.2619 34.4449 290.009
73400 5.01879 6.26658 23.313 34.5984 285.898
73500 5.02843 6.3403 23.3004 34.6691 296.666
73600 4.89526 6.28208 23.1429 34.3202 320.958
73700 4.80153 6.06865 23.1022 33.9723 300.237
73800 4.7861 5.99409 23.1598 33.94 293.436
73900 4.72402 6.02181 23.235 33.9809 296.765
74000 4.67017 6.01256 23.4103 34.093 302.361
74100 4.8318 5.99545 23.5065 34.3337 306.464
74200 4.80877 6.12279 23.6408 34.5723 319.401
74300 4.76437 6.16921 23.9228 34.8564 304.933
74400 4.69904 6.08573 24.0417 34.8265 296.369
74500 4.64914 6.12312 23.9587 34.731 291.712
74600 4.66928 6.18733 23.8196 34.6762 304.246
74700 4.56252 5.90475 23.5909 34.0581 316.453
74800 4.34271 5.82259 23.6688 33.8341 306.372
74900 4.17451 6.00265 24.1654 34.3425 298.57
75000 4.17964 5.92852 24.5298 34.638 298.057
75100 4.0791 5.81153 24.284 34.1746 286.27
75200 4.00388 5.87741 24.0811 33.9624 294.689
75300 4.06773 5.88816 24.3695 34.3254 301.15
75400 4.20001 5.93441 24.3849 34.5193 314.956
75500 4.31504 5.9712 24.5168 34.803 294.015
75600 4.38245 6.05041 24.4824 34.9153 298.74
75700 4.18026 6.0422 24.4496 34.6721 293.788
75800 4.14369 6.14183 24.4677 34.7532 288.471
75900 4.23473 6.09671 24.3277 34.6591 292.114
76000 4.42838 6.05472 24.5178 35.0009 301.497
76100 4.49153 6.20666 24.3949 35.0931 311.525
76200 4.65024 6.18412 24.0574 34.8917 309.308
76300 4.7301 6.27588 24.5469 35.5529 291.359
76400 4.70338 6.24957 24.9131 35.866 285.971
76500 4.62348 6.41582 24.8627 35.902 296.722
76600 4.66155 6.3874 24.5405 35.5895 302.444
76700 4.85862 6.24825 24.4065 35.5133 308.978
76800 5.03967 6.1703 24.5182 35.7282 292.522
76900 5.00064 6.04444 24.6858 35.7309 279.252
77000 5.03908 5.98852 24.7072 35.7348 284.548
77100 4.98849 5.91655 24.8271 35.7321 300.399
77200 4.97422 5.8632 25.0495 35.8869 303.475
77300 4.91011 5.91036 25.3396 36.16 301.303
77400 4.76957 5.90758 25.6535 36.3306 298.143
77500 4.58205 5.92228 25.9203 36.4246 282.853
77600 4.60163 5.99732 25.8054 36.4043 285.854
77700 4.65482 5.87117 25.5666 36.0926 297.202
77800 4.65151 5.75959 25.6505 36.0616 303.777
77900 4.66678 5.80767 26.1189 36.5933 295.1
78000 4.65711 5.92454 26.3022 36.8839 305.88
78100 4.70077 6.09144 26.2811 37.0733 312.485
78200 4.63349 6.03407 26.2671 36.9346 305.178
78300 4.57461 5.67241 26.3442 36.5912 294.223
78400 4.53534 5.54852 26.6763 36.7602 291.188
78500 4.41287 5.64253 26.9195 36.9749 294.019
78600 4.24535 5.70122 26.9158 36.8624 316.294
78700 4.37578 5.90293 26.5444 36.8232 307.615
78800 4.56753 6.05106 25.9761 36.5947 311.038
78900 4.56886 6.15365 25.5169 36.2395 294.471
79000 4.74574 6.09914 25.6336 36.4785 298.022
79100 4.74646 6.08937 25.8343 36.6701 303.934
79200 4.90886 6.17233 26.2008 37.282 310.544
79300 5.1145 6.4951 26.4616 38.0712 299.804
79400 5.13534 6.69296 26.5696 38.3979 300.807
79500 5.11329 6.892 26.9705 38.9758 304.679
79600 5.04931 6.98161 27.4951 39.526 292.923
79700 4.92947 7.01416 27.5858 39.5294 285.464
79800 4.88133 7.22745 27.8079 39.9167 298.635
79900 4.96506 7.37494 28.0346 40.3746 311.511
80000 5.0467 7.1521 27.6446 39.8435 300.519
80100 4.95331 6.90535 27.3862 39.2449 301.964
80200 4.99125 6.58981 27.4133 38.9943 291.422
80300 5.08893 6.34627 27.4776 38.9128 299.437
80400 5.11379 6.27343 27.5975 38.9847 302.812
80500 5.2529 6.37032 27.6824 39.3056 297.454
80600 5.47764 6.56757 27.8902 39.9354 310.351
80700 5.66555 6.72692 28.3048 40.6972 286.214
80800 5.67201 6.69242 28.643 41.0075 284.008
80900 5.61446 6.80618 28.9163 41.337 287.345
81000 5.54374 7.10045 29.0564 41.7006 297.345
81100 5.49461 7.32679 29.0716 41.893 306.562
81200 5.36161 7.51721 29.0486 41.9274 305.129
81300 5.40233 7.47909 29.1214 42.0028 290.918
81400 5.42404 7.4442 29.3344 42.2027 275.979
81500 5.35901 7.59428 29.6265 42.5798 306.493
81600 5.34345 7.69049 29.9928 43.0268 299.758
81700 5.40133 7.84832 30.2054 43.455 295.436
81800 5.45616 8.01707 30.2374 43.7106 305.322
81900 5.61065 8.01897 30.298 43.9276 308.797
82000 5.68425 8.08796 30.2038 43.976 303.498
82100 5.83996 8.49325 29.8389 44.1721 290.031
82200 6.03834 8.89755 29.7054 44.6413 295.273
82300 6.15448 8.89834 29.7073 44.7601 307.981
82400 6.05569 8.88364 29.3016 44.241 309.796
82500 6.13711 8.7079 29.5372 44.3822 328.93
82600 6.07439 8.69499 29.6492 44.4185 320.437
82700 5.95846 8.81662 29.7791 44.5542 297.906
82800 5.97558 9.03284 29.9115 44.9199 292.794
82900 6.12555 8.95376 30.0371 45.1164 308.455
83000 6.48103 8.9131 30.0668 45.4609 292.207
83100 6.53388 8.7767 29.8404 45.151 292.967
83200 6.18853 8.55933 29.9861 44.7339 305.677
83300 5.86624 8.25585 29.9026 44.0246 313.854
83400 5.82552 7.94988 29.8846 43.66 305.448
83500 5.79726 7.86509 29.9019 43.5642 304.204
83600 5.71402 8.02239 29.9364 43.6728 305.11
83700 5.83404 7.81426 30.167 43.8153 296.525
83800 6.03972 7.62553 30.4714 44.1366 288.716
83900 6.36929 7.60519 30.8405 44.815 302.023
84000 6.80673 7.47886 31.1921 45.4777 315.802
84100 7.13148 7.4658 31.5295 46.1268 305.315
84200 7.23895 7.3834 32.0049 46.6273 295.653
84300 7.50693 7.37554 32.9199 47.8024 306.068
84400 8.08692 7.28156 33.4902 48.8586 286.791
84500 8.21845 7.41464 33.453 49.0861 288.662
84600 8.36784 7.22205 33.604 49.1938 283.008
84700 8.77229 7.01715 33.8577 49.6471 292.947
84800 8.92055 6.80798 34.1778 49.9064 301.921
84900 8.80314 6.67887 34.4102 49.8922 310.501
85000 8.94747 6.61436 34.5029 50.0647 303.981
85100 9.23716 6.69786 34.9087 50.8437 297.367
85200 9.10926 6.9457 35.0921 51.1471 304.293
85300 8.82408 7.02296 35.181 51.0281 298.882
85400 8.69559 7.11577 35.3068 51.1181 295.156
85500 8.64074 7.31401 35.3518 51.3066 306.796
85600 8.50375 7.63483 35.1878 51.3264 309.602
85700 8.20765 7.98781 34.9084 51.1039 322.644
85800 8.0406 8.0249 34.8048 50.8703 304.5
85900 8.05197 7.80157 35.1779 51.0315 302.9
86000 8.1722 7.67603 35.3581 51.2063 293.349
86100 8.29728 8.1163 35.1781 51.5916 304.408
86200 8.47755 8.21326 34.9342 51.625 300.767
86300 8.48403 7.88256 35.2382 51.6048 307.27
86400 8.50128 7.44342 35.2962 51.2409 311.285
86500 8.50452 7.18433 35.3533 51.0421 298.997
86600 8.63239 7.15421 35.656 51.4426 293.365
86700 8.67267 7.12215 35.6708 51.4657 296.861
86800 8.62491 7.15246 35.5085 51.2859 314.725
86900 8.37592 7.20115 35.458 51.0351 314.108
87000 8.21219 7.32799 35.9206 51.4608 297.861
87100 7.81687 7.36167 36.4258 51.6043 286.582
87200 7.64861 7.03727 36.5512 51.2371 294.194
87300 7.48378 6.79174 36.3472 50.6228 304.826
87400 7.57824 6.6966 36.1969 50.4717 307.028
87500 7.80149 6.71602 36.1812 50.6987 292.461
87600 8.06181 6.67886 36.6216 51.3623 292.073
87700 8.27271 6.43428 36.9376 51.6446 273.618
87800 8.32883 6.18364 37.0992 51.6117 292.543
87900 8.34734 6.04928 36.9798 51.3764 298.158
88000 8.4796 6.03672 37.261 51.7773 306.254
88100 8.48152 6.10957 37.8736 52.4647 298.716
88200 8.55639 6.28711 37.7619 52.6053 292.255
88300 8.25538 6.32828 37.9195 52.5032 310.402
88400 8.18536 6.36669 38.0064 52.5584 318.918
88500 8.11232 6.52351 38.2262 52.862 304.29
88600 7.75336 6.59588 38.3074 52.6566 290.921
88700 7.73194 6.76723 38.4887 52.9878 296.938
88800 7.74126 6.9636 38.3177 53.0225 312.739
88900 7.81808 7.14997 37.9115 52.8796 315.384
89000 7.84065 7.3949 37.7127 52.9482 301.873
89100 7.96324 7.48716 38.2807 53.7311 309.22
89200 7.8836 7.65086 38.4931 54.0276 301.267
89300 7.94665 7.48277 38.7464 54.1758 286.208
89400 7.83422 7.41228 39.5299 54.7764 296.969
89500 7.81518 7.23243 39.7611 54.8087 318.351
89600 7.94005 6.56496 39.9488 54.4539 309.386
89700 7.91856 6.17134 39.7371 53.827 299.817
89800 7.89194 6.05809 39.7253 53.6753 306.875
89900 7.95458 5.88349 40.4017 54.2398 283.324
90000 8.03228 5.993 40.4701 54.4954 287.798
90100 8.1459 6.0794 40.6523 54.8776 294.811
90200 8.28429 6.12501 40.6159 55.0252 296.613
90300 8.18751 6.16117 40.5571 54.9058 304.958
90400 8.11046 6.20949 40.74 55.0599 298.378
90500 8.24199 6.30549 40.6955 55.243 302.836
90600 8.25597 6.61562 40.597 55.4686 292.802
90700 8.36863 6.91624 40.8766 56.1615 283.678
90800 8.50267 7.22827 40.7988 56.5298 294.034
90900 8.38395 7.37508 40.7275 56.4865 303.631
91000 8.20092 7.69264 40.9361 56.8296 305.729
91100 8.33046 7.78773 41.0519 57.1701 306.086
91200 8.27365 7.92972 41.2805 57.4839 285.506
91300 8.32355 7.97369 41.374 57.6712 288.771
91400 8.27664 8.00549 41.5747 57.8568 298.19
91500 8.30199 8.18164 42.0637 58.5474 303.828
91600 8.25099 8.0991 42.3188 58.6689 297.49
91700 8.3362 7.90771 42.2628 58.5067 304.841
91800 8.39976 7.9794 42.2912 58.6704 290.234
91900 8.54077 7.9449 42.2776 58.7632 292.19
92000 8.65364 7.92356 42.4653 59.0425 290.432
92100 8.61882 7.82614 42.4797 58.9247 303.119
92200 8.47087 7.71304 42.3442 58.5282 310.257
92300 8.42312 7.82921 42.5377 58.7901 304.498
92400 8.41137 7.81252 42.3791 58.603 301.039
92500 8.31977 7.87166 42.5314 58.7229 283.125
92600 8.13292 7.75245 42.3 58.1854 298.11
92700 7.94845 7.59326 42.0548 57.5965 311.219
92800 7.74732 7.3592 42.1019 57.2084 319.007
92900 7.71508 7.11183 42.2794 57.1063 301.954
93000 7.78409 7.00584 42.5376 57.3275 295.496
93100 7.96191 6.91142 42.6745 57.5478 294.008
93200 8.08337 7.00025 42.873 57.9566 301.646
93300 7.98666 7.18418 43.1647 58.3356 312.685
93400 8.08738 7.23711 43.1117 58.4362 320.834
93500 7.9719 7.4114 43.3471 58.7304 297.654
93600 7.96286 7.50794 43.3993 58.8701 290.306
93700 8.04408 7.60803 43.1974 58.8495 295.594
93800 8.16757 7.45825 43.0917 58.7175 307.63
93900 8.05701 7.38116 43.0775 58.5156 316.606
94000 7.91193 7.44358 43.2923 58.6478 307.949
94100 7.73124 7.40651 43.4019 58.5396 304.763
94200 7.68498 7.40191 43.4175 58.5044 287.629
94300 7.80839 7.16957 43.8104 58.7884 298.641
94400 7.96557 6.76166 43.4998 58.227 311.522
94500 7.84306 6.44024 43.4809 57.7642 310.754
94600 7.84322 6.36637 43.7684 57.978 302.501
94700 7.8485 6.22195 44.0361 58.1065 285.793
94800 7.90149 6.0715 44.4054 58.3784 292.808
94900 8.1683 5.94485 44.8264 58.9395 309.119
95000 8.37813 5.92553 45.0167 59.3203 307.227
95100 8.37699 5.99075 45.5355 59.9032 293.056
95200 8.5173 6.13053 46.2473 60.8951 280.391
95300 8.71057 6.20147 46.8641 61.7761 285.942
95400 8.97604 6.28877 47.6162 62.881 295.687
95500 8.92578 6.44932 48.2713 63.6464 295.115
95600 8.72862 6.56853 48.8099 64.1071 309.715
95700 8.58064 6.68858 48.7692 64.0384 297.703
95800 8.51962 6.81255 49.0243 64.3565 308.73
95900 8.59694 6.98268 48.6846 64.2643 288.709
96000 8.62112 7.07673 48.813 64.5109 290.912
96100 8.63469 7.08661 48.9425 64.6638 292.116
96200 8.58936 7.17605 48.9983 64.7637 305.067
96300 8.68602 7.12754 48.6904 64.5039 308.238
96400 8.45005 7.04616 48.7785 64.2747 302.218
96500 8.47246 6.99785 48.5938 64.0641 285.957
96600 8.53408 6.98329 48.9552 64.4726 285.091
96700 8.55585 6.9161 49.0869 64.5588 287.076
96800 8.51419 6.92492 48.8753 64.3144 313.084
96900 8.42 7.02583 48.882 64.3278 302.341
97000 8.29174 6.77435 48.9518 64.0179 291.525
97100 8.24261 6.7216 48.9079 63.8722 287.514
97200 8.19734 6.74126 49.0763 64.0149 278.813
97300 8.3087 6.65549 49.7304 64.6946 289.294
97400 8.43342 6.63267 50.4102 65.4763 305.25
97500 8.45093 6.63182 50.3064 65.3892 300.748
97600 8.38118 6.60236 50.1163 65.0998 300.411
97700 8.2508 6.6284 49.9755 64.8548 281.01
97800 8.19655 6.75475 49.766 64.7173 295.772
97900 8.05511 6.72527 49.6033 64.3837 301.148
98000 8.08021 6.71145 49.7207 64.5123 309.705
98100 8.18446 6.60724 49.778 64.5697 298.4
98200 8.32824 6.46568 49.9999 64.7938 289.566
98300 8.33409 6.32948 49.9511 64.6146 304.896
98400 8.47493 6.32871 49.9854 64.789 321.656
98500 8.73649 6.50168 50.1008 65.3389 309.236
98600 8.79183 6.68305 50.1465 65.6214 299.759
98700 8.77331 6.85598 50.5911 66.2204 295.811
98800 8.77679 6.94997 51.1977 66.9244 301.189
98900 8.79829 7.04663 51.7228 67.5677 309.683
99000 8.68015 6.83155 52.2729 67.7846 316.464
99100 8.84486 6.71768 52.5391 68.1016 301.904
99200 8.85979 6.56169 52.6896 68.111 298.615
99300 8.7277 6.81531 52.1692 67.7123 298.553
99400 8.56331 6.85869 51.6479 67.0699 283.162
99500 8.44122 6.92983 51.7115 67.0825 308.922
99600 8.31976 6.94453 51.8051 67.0694 306.229
99700 8.16555 6.84956 51.7683 66.7834 306.508
99800 8.11983 6.68055 51.7719 66.5722 288.99
99900 7.97618 6.55301 51.6867 66.2159 298.26
100000 8.04013 6.50617 52.0737 66.62 315.592
