# Stress and strain vectors, 333U-50C-5_eq, negative deformation 3
# eps sig1 sig2 sig3 sig4 sig5 sig6
0 -0 -0 -0 -0 -0 -0
-0.000199999999999977 -0.442807255874879 -0.097130626087363 -0.429948866398563 -0.36706015473624 -0.213076866588746 -0.596058382745585
-0.000399999999999955 -0.827585703709899 0.147044546836452 -0.485159776744313 -0.0837819750772206 -0.311884197570104 -0.314679003418715
-0.000599999999999932 -0.38905282218741 0.273497977832967 -0.447711265623553 -0.355076599298292 -0.16754869664593 -0.309927986613627
-0.000799999999999909 -0.122608857497276 0.14648510883212 -0.781779663788943 -0.174018165766639 -0.367714219512567 -0.310944707390147
-0.00100000000000009 -0.0962315941638051 0.0915039489768796 -0.88750625981718 -0.24836858673845 -0.207333525101402 -0.192933083299664
-0.00120000000000006 -1.00425929377671 0.1122012937465 -0.638480642597527 -0.0308706983586403 -0.349500187504902 -0.0686988304502367
-0.00140000000000004 -0.678157730440058 0.271746975345431 -0.25875560111328 -0.357715532560919 -0.522854479435947 -0.385140669447943
-0.00160000000000002 -0.649297933929038 -0.368753247689911 -1.01154194450941 -0.0742690218211545 -0.197567250619586 -0.146087255199791
-0.00179999999999999 -0.41082545393777 0.269318544865358 -0.151007285629735 0.0777916599591191 -0.429558997767631 -0.214052426851201
-0.00199999999999997 -0.62830818927475 0.0966051927628512 -0.357724816085454 0.0690391401167158 -0.216910444267178 -0.326960983293745
-0.00219999999999995 -1.17783545001624 -0.509566054901469 -1.33967979063769 0.190847467933899 -0.460524117190795 -0.273227418785901
-0.00239999999999993 -0.583033762801862 0.148831191613925 -0.561662341210621 0.129491983014907 0.175477488486863 -0.417431418058834
-0.00260000000000011 -1.24438682038002 -0.290726970296027 -0.346569516575425 0.0680591380802526 0.106678771777872 -0.205499500695252
-0.00280000000000008 -0.825960647433661 -0.433524720498396 -0.778387969104891 -0.0877256640980307 -0.114959319016123 -0.0431402864274801
-0.00300000000000006 -1.0206592801466 -0.27189411371722 -0.387624370554913 -0.049739480318982 -0.334672202397963 -0.350460607974495
-0.00320000000000004 -0.472719706613911 0.671901981268875 -0.615114717190115 -0.0168231094099279 -0.307068974142833 -0.478550424447488
-0.00340000000000002 -0.540135280127951 -0.425306306153769 -0.814494386228256 0.00949537437558328 -0.412975629459961 -0.314476086563845
-0.00359999999999999 -0.367753097193795 0.538243871215757 -0.289955604694177 -0.418007535706017 -0.124647024539551 -0.337769028040532
-0.00379999999999997 -1.14057645569483 -0.466266332959169 -1.18449676377937 -0.429443215164347 -0.468463533314999 -0.437156902452063
-0.00399999999999995 0.247243005883149 0.548657229864919 -0.453486174554798 -0.385745112413827 -0.089552913668608 -0.315164990493274
-0.00420000000000012 -0.807064416329689 -0.133811313677874 -1.26013123168658 0.0255486661658993 -0.163267964773047 -0.295853233081778
-0.0044000000000001 -0.0176284562598977 0.634653037450983 -0.292551833910775 -0.301206811418969 -0.39081441624226 0.0295200107070238
-0.00460000000000008 -0.549600491353328 0.0875042629325719 -0.478272720020846 -0.0214530652120268 -0.403929951039788 -0.573817958451374
-0.00480000000000006 -0.54557785532059 0.795470716527518 -0.0870388088225864 -0.121822721546624 -0.471867134172122 -0.227320541950333
-0.00500000000000003 -0.538902038972062 -0.329104707071779 -0.930772132458395 -0.0219620756067328 -0.434568659644523 -0.406270693922743
-0.00520000000000001 -0.843735867765409 -0.14150949947072 -0.814914734667264 -0.116253892298553 -0.337731267009221 -0.301245852736922
-0.00539999999999999 -0.34911871150203 0.136755981746569 -0.822154153378289 0.0282230479620006 -0.0796708314585454 -0.0900147601045671
-0.00559999999999997 -0.568728684423141 -0.0758495727197392 -0.929464104887409 0.21817171787604 -0.31273399880888 -0.337388805465904
-0.00579999999999994 -0.922630841408148 -0.626856086694258 -0.82443996249512 0.24752552530955 -0.220341402681902 -0.244220084395551
-0.00600000000000011 -0.899252230307294 -0.316124718749819 -0.788785463259468 -0.312449508804165 -0.191923638554539 -0.281628520608306
-0.00620000000000011 -0.457028403095078 0.491713312727196 -0.786692290536903 -0.339717119273237 -0.599036523151541 -0.405848426644115
-0.00640000000000006 -0.899315134559949 -0.267155533743167 -1.1442239559463 0.0160229470704969 -0.41633006004507 -0.380087756137074
-0.00660000000000006 -0.11516444408789 0.51876722541305 -0.94342866998894 0.00993736717928512 -0.263202636229298 -0.42273978251759
-0.00680000000000006 -0.368141639874007 0.0397971649284513 -0.708491354642185 0.0180254799500873 -0.0363678328842288 -0.445104572421431
-0.007 -0.514781214221814 0.0351718645566033 -0.929516532119372 -0.094227858234248 0.160791635295224 -0.224181414743621
-0.0072 -0.549461015981455 -0.0806565654511763 -0.737773258327019 -0.00977916941064632 -0.0751755418980328 0.0742792143405209
-0.00739999999999994 -0.585280644434563 -0.0678531009872931 -0.790784451057363 -0.306156392291113 -0.344971740544871 -0.0833358285578496
-0.00760000000000017 -0.661768221822929 0.443113787479956 -0.937684907611746 -0.306003696849198 -0.242589171868703 -0.290903593795082
-0.00780000000000011 -0.53277648870444 0.13534108702475 -0.973526061110093 -0.174882414996954 -0.356045376562351 -0.571666440151789
-0.00800000000000011 -0.387897652639967 -0.135610542363662 -1.03607032675961 -0.14645754777661 -0.527045132223094 -0.100510484497196
-0.00820000000000006 -0.210368509703523 0.103341027648615 -1.10690386422184 0.124403547123177 -0.237934475731706 -0.246945516688228
-0.00840000000000006 -0.429988358212538 -0.0308654839037752 -0.545871422894584 -0.215388340678749 -0.363129865482147 -0.187101539739224
-0.00860000000000006 -0.700550405777982 -0.525920248770755 -1.28689849653862 -0.0976128076265444 -0.307864317355143 0.111710924291269
-0.0088 -1.46841688404982 0.0188291540036095 -0.711847187473317 0.0843341471313275 -0.410924798305898 -0.37092355318852
-0.009 -0.860843198802554 -0.104028404248427 -0.956891797938356 0.0366792129901544 -0.111760436078063 -0.492082421837944
-0.00920000000000017 -0.115178240045624 0.306143806107349 -0.708670127712989 0.2359559393605 -0.172495992399793 -0.648058643213627
-0.00940000000000011 -0.776273455569982 -0.374688525923377 -1.03043881972475 0.102651059213759 -0.258103860474712 -0.466332040204247
-0.00960000000000011 -0.55857880773031 0.464479784745376 -0.734240917132335 -0.102942815345465 -0.144346684294165 -0.413312257113463
-0.00980000000000011 -0.644794459378585 -0.258963249499841 -0.916029432030976 -0.442501171614622 -0.0950911668246987 -0.748924012867124
-0.0100000000000001 -0.613999796543742 -0.00558415433177657 -0.866520939200993 -0.262037503718528 -0.40496689307283 -0.489754312670296
