# Stress and strain vectors, 333U-50C-5_eq, negative deformation 1
# eps sig1 sig2 sig3 sig4 sig5 sig6
0 -0 -0 -0 -0 -0 -0
-0.0002 -0.442828419404308 -0.0971287273608172 -0.429957546733574 -0.367055892226127 -0.213077323364843 -0.596061934236909
-0.000399999999999999 -0.833793527377961 0.145206093178157 -0.48196196259179 -0.0828234615716087 -0.309961584318735 -0.316584966187544
-0.000599999999999999 -0.386890240638135 0.283419583901861 -0.425862650659993 -0.35894818670307 -0.16552308449818 -0.312586773202932
-0.0008 -0.127185438682159 0.139771370891951 -0.765739272233904 -0.178122243129539 -0.368146521755512 -0.313149335890335
-0.001 -0.114708953620361 0.101986314521559 -0.864349654304864 -0.2414878653795 -0.209002679966003 -0.194747713595403
-0.0012 -1.0465880897949 0.0948106075852094 -0.609353430046835 -0.0406763334423535 -0.355759980462294 -0.0746731391068778
-0.0014 -0.700339206236442 0.268201670721814 -0.238282029902918 -0.368463043705604 -0.535519496787226 -0.362372098299018
-0.0016 -0.693156505640199 -0.342052422425276 -0.968340082772889 -0.102592721535536 -0.214928545940284 -0.118291236251295
-0.0018 -0.468695339809505 0.273166458836319 -0.106034505319048 0.0868666830352969 -0.430411515287611 -0.219225732810733
-0.002 -0.754253114622218 0.0409310989356189 -0.41024801103703 0.0880034290993071 -0.207662727968743 -0.31623200130851
-0.00219999999999999 -1.21028029588049 -0.507284967698737 -1.23383463276226 0.118089371318735 -0.422220066418497 -0.258280929994385
-0.00239999999999999 -0.561885799863262 0.197542560933454 -0.483116088145123 0.0520238326866705 0.192580367932214 -0.334897096692977
-0.00259999999999999 -1.1554219233274 -0.358862086449357 -0.329615299557275 0.218440380603303 0.0846466583536579 -0.309175744683373
-0.00279999999999999 -0.966337335752725 -0.41580225147353 -0.777387080869764 -0.235846700744781 -0.0829231963679213 -0.0378011389388142
-0.00299999999999999 -0.769167264763317 -0.310438671391274 -0.432956815978744 -0.213882381343522 -0.175382008543103 -0.329522909671858
-0.00319999999999999 -0.560587628432073 0.650133993392026 -0.451744014285688 0.090283959250236 -0.316522818927625 -0.406714522821715
-0.00339999999999999 -0.989018066760348 -0.526868871268116 -0.69086348944586 -0.205999536910176 -0.311713896490729 -0.320070422743054
-0.00359999999999999 -0.503626434612619 0.608502984766777 -0.211858399979148 -0.281371564369676 -0.355583554942685 -0.413091313065224
-0.00379999999999999 -1.16468318850326 -0.669611801523081 -1.12194949353764 -0.287966747570359 -0.60693449480428 -0.368448903243741
-0.00399999999999999 -0.364085134734557 -0.0181374446051886 -0.746179923887378 -0.389290746079547 0.0864293679129215 -0.207354789456818
-0.00419999999999999 -0.530048282271374 -0.0608524043784734 -0.921644068514777 -0.0280409352734944 -0.327945319910668 -0.292312302392734
-0.00439999999999999 -0.305113027940312 0.241218611097233 -0.382373172427654 -0.278172563488051 -0.121424607596567 -0.268360676522299
-0.00459999999999999 -0.770898408608285 -0.229704759751814 -0.519157611887451 -0.00268675821028635 -0.296983794394917 -0.427573085275531
-0.00479999999999999 -0.977939973855405 0.214592600206322 -0.478962459935397 -0.0158432509399896 -0.465191012833699 -0.442658496131928
-0.00499999999999999 -1.02692642047682 -0.00793816738325831 -0.556204058110462 -0.0341202416425277 -0.025958308517637 -0.326254914234807
-0.00519999999999999 -1.16483067329348 -0.331493618511477 -0.80520523944005 -0.15585240984267 -0.402498457202627 -0.202060192588931
-0.00539999999999999 -0.930408891130976 -0.415715244487823 -1.1945618880203 0.169577712908834 -0.23805987213275 -0.176028506853872
-0.00559999999999999 -0.269492900251325 0.137132081586507 -0.162855160022306 0.271679234182243 -0.239604373290755 -0.387901011784075
-0.00579999999999999 -0.743653248763887 -0.358267717801406 -0.553236597278695 -0.168433522984701 -0.290342696560847 -0.394009844711723
-0.00599999999999999 -0.765397865350195 -0.118296057085342 -0.330452534979537 -0.279144505426291 -0.250229434745851 -0.0709984304160337
-0.00619999999999999 -1.10390576951611 0.081111987912811 -0.965720622687144 -0.261096122905496 -0.470106067288572 -0.537733869021815
-0.0064 -0.833687853690954 0.0769016223908801 -0.480502625828319 -0.362117516697217 -0.2772260375819 -0.505737626244483
-0.0066 -0.568001222628852 0.472143839567346 -0.969464836384183 0.142685481159503 -0.0114619468170029 -0.406344726496873
-0.0068 -0.605328100381187 -0.149105121532436 -0.956780173329826 -0.15188143570346 -0.479430324504555 -0.438448369232294
-0.007 -0.53520632218284 0.225856383606825 -0.944383740813371 -0.133148874336594 -0.162398197580148 -0.256436959959872
-0.0072 -1.07956979398485 -0.639122959550313 -0.95063639191063 -0.481200071867618 -0.243727418224393 -0.321648874255693
-0.0074 -0.978650539148439 0.0585097100113996 -0.881272412805728 0.0370390433316067 0.0794472447990586 -0.229149716513159
-0.0076 -0.920518212215734 -0.156298608391457 -0.686389195060152 0.0909320624367788 -0.3965243833691 -0.407856544824879
-0.0078 -0.787089526227426 0.309137793806403 -0.474761429219905 -0.21304978462888 -0.0262106401186766 -0.178989357003012
-0.008 -1.27274531794781 0.0608092216840041 -0.731756019601424 -0.249808838377081 -0.484407973764331 -0.259273421218587
-0.0082 -0.728690357769438 -0.0251343850558797 -1.06254315149643 0.197357444026008 -0.392187132105833 -0.398549320451234
-0.0084 -1.07155279805234 -0.499269891202736 -1.28160248114927 -0.226134221093284 -0.229805766288442 -0.0874802964638992
-0.0086 -0.800200848217876 -0.134108752166034 -0.841258698608494 0.00107949725895531 -0.312591156642203 -0.415490901317177
-0.0088 -0.908567694384682 -0.197237207369121 -0.59492130125044 0.0217727159879407 -0.134527684513563 -0.244914054055441
-0.009 -0.342712746414322 0.119367666464188 -0.139428317442904 -0.00248435151971626 -0.0976886538525786 -0.497646414330961
-0.0092 -1.28532363964175 -0.306323394786484 -0.921321251508575 -0.0121226099952339 -0.118238731910804 -0.285553203528326
-0.0094 -1.21316217782867 -0.0093858889484061 -0.811998704965096 0.0884273625429534 -0.11068459881617 -0.345641332479066
-0.0096 -0.413340538006677 -0.0635948079873359 -0.297275686513963 -0.310292569723595 -0.365959910577886 -0.108239198213645
-0.0098 -1.05954767659133 0.215303819599683 -0.536639439457025 -0.239554488838239 -0.287044852674901 -0.549657814082224
-0.01 -1.01833254577265 -0.28978955391204 -0.61885478030584 -0.168134022893546 -0.357737436630807 -0.385535865418415
