# Time-averaged data for fix myMSD
# TimeStep MSD_X MSD_Y MSD_Z MSD_Total Temperture
100 0.412916 0.483707 0.352826 1.24945 2071.46
200 1.13194 1.04225 0.830635 3.00483 1140.96
300 1.52876 1.27926 1.08634 3.89436 727.073
400 1.48719 1.36165 1.26204 4.11088 502.15
500 1.38258 1.4637 1.36402 4.2103 371.761
600 1.41577 1.50255 1.46115 4.37947 309.9
700 1.46966 1.4879 1.53007 4.48762 270.453
800 1.51437 1.56138 1.56325 4.639 268.687
900 1.56292 1.60819 1.67726 4.84838 290.651
1000 1.6193 1.68346 1.75322 5.05599 314.166
1100 1.72495 1.75801 1.83574 5.3187 327.213
1200 1.76639 1.80339 1.89256 5.46234 326.692
1300 1.85412 1.84489 1.99397 5.69298 299.01
1400 1.99329 1.89169 2.14278 6.02776 304.64
1500 1.97521 1.96765 2.19208 6.13494 282.632
1600 1.9455 2.02981 2.24071 6.21602 274.972
1700 1.94386 2.14675 2.32997 6.42058 318.528
1800 1.93745 2.22662 2.42233 6.58641 319.846
1900 1.92233 2.31884 2.47604 6.71722 297.394
2000 1.97977 2.35996 2.48962 6.82936 292.067
2100 1.9996 2.45185 2.47798 6.92943 307.723
2200 2.06543 2.47003 2.45755 6.99301 292.674
2300 2.05685 2.42152 2.45733 6.9357 297.519
2400 2.10111 2.40403 2.38414 6.88928 295.785
2500 2.16967 2.57396 2.31534 7.05897 289.419
2600 2.18514 2.7303 2.34773 7.26317 303.457
2700 2.16891 2.83212 2.46412 7.46516 321.792
2800 2.17352 2.82084 2.61811 7.61246 305.339
2900 2.21883 2.83723 2.73319 7.78925 297.705
3000 2.34131 2.76379 2.85193 7.95704 287.66
3100 2.3458 2.78075 3.10383 8.23038 289.508
3200 2.45015 2.8383 3.10784 8.39629 292.719
3300 2.57317 2.87071 2.89271 8.33658 315.458
3400 2.59198 2.9522 2.6935 8.23768 309.805
3500 2.50394 2.89963 2.61001 8.01358 280.194
3600 2.44541 2.79974 2.64256 7.8877 294.873
3700 2.38516 2.8144 2.77836 7.97792 304.451
3800 2.30454 2.81399 2.85131 7.96985 317.466
3900 2.3605 2.7698 2.92168 8.05198 300.662
4000 2.29622 2.73664 2.9513 7.98415 294.984
4100 2.32047 2.8054 2.99988 8.12576 287.453
4200 2.38364 2.91268 3.02182 8.31814 294.651
4300 2.41624 3.01133 3.03206 8.45963 322.638
4400 2.50312 3.11118 3.15243 8.76673 318.49
4500 2.57833 3.10158 3.21837 8.89829 303.269
4600 2.61692 3.1105 3.14037 8.86779 291.936
4700 2.69378 3.1972 3.08869 8.97968 284.953
4800 2.78801 3.27846 3.04176 9.10823 282.426
4900 2.70592 3.30043 3.03464 9.041 315.289
5000 2.68544 3.42323 2.98579 9.09446 312.669
5100 2.78503 3.55361 2.95835 9.29698 296.811
5200 2.83858 3.58348 2.89793 9.31999 292.275
5300 2.80728 3.52776 2.94348 9.27852 292.521
5400 2.80848 3.58533 2.91011 9.30392 299.403
5500 2.92405 3.66136 2.99175 9.57716 311.526
5600 2.9299 3.73143 3.13971 9.80105 311.812
5700 3.03145 3.76272 3.20338 9.99755 293.075
5800 3.16757 3.73771 3.22967 10.135 285.805
5900 3.12769 3.68789 3.28138 10.097 296.618
6000 3.20635 3.75569 3.50461 10.4666 309.143
6100 3.22339 3.77852 3.67693 10.6788 307.972
6200 3.15838 3.77545 3.693 10.6268 318.404
6300 3.20259 3.80408 3.65939 10.6661 297.867
6400 3.25589 3.86914 3.58658 10.7116 273.34
6500 3.29213 3.90993 3.59195 10.794 275.022
6600 3.2916 3.9186 3.60252 10.8127 307.563
6700 3.28051 4.05142 3.64132 10.9733 328.313
6800 3.23824 4.13836 3.71772 11.0943 317.161
6900 3.20259 4.22529 3.73371 11.1616 291.967
7000 3.27791 4.16267 3.75173 11.1923 279.308
7100 3.38389 4.24379 3.79468 11.4224 288.734
7200 3.42775 4.26696 3.85335 11.5481 305.73
7300 3.42699 4.29032 3.86958 11.5869 311.713
7400 3.54006 4.32258 3.7926 11.6552 311.771
7500 3.56394 4.33546 3.81044 11.7098 297.743
7600 3.6251 4.32243 3.69304 11.6406 295.766
7700 3.66511 4.28465 3.66738 11.6171 285.382
7800 3.78391 4.31577 3.56828 11.668 310.418
7900 3.81337 4.27196 3.57549 11.6608 311.839
8000 3.75407 4.20898 3.60173 11.5648 301.778
8100 3.76155 4.20724 3.52772 11.4965 295.157
8200 3.80478 4.15313 3.49677 11.4547 291.05
8300 3.82234 4.14387 3.44921 11.4154 290.278
8400 3.77525 4.10805 3.51284 11.3961 289.991
8500 3.76302 4.08881 3.44767 11.2995 308.048
8600 3.76736 4.14776 3.52599 11.4411 322.104
8700 3.68666 4.21989 3.44214 11.3487 304.009
8800 3.50639 4.35023 3.48036 11.337 286.791
8900 3.46195 4.45124 3.43667 11.3499 286.677
9000 3.46522 4.55108 3.34964 11.3659 294.563
9100 3.48981 4.74777 3.45341 11.691 317.931
9200 3.48104 4.85693 3.62172 11.9597 314.608
9300 3.44782 4.91958 3.69643 12.0638 292.524
9400 3.6079 4.93188 3.75688 12.2967 284.803
9500 3.72753 4.87528 3.78916 12.392 293.482
9600 3.819 4.86206 3.81756 12.4986 302.546
9700 3.86326 4.82884 3.89347 12.5856 309.128
9800 3.88078 4.78298 3.94283 12.6066 325.005
9900 3.91289 4.72545 3.9628 12.6011 288.412
10000 4.1203 4.76218 3.93065 12.8131 274.959
10100 4.14597 4.81567 3.9948 12.9564 294.774
10200 4.00508 4.88458 3.96601 12.8557 314.055
10300 3.95326 5.02488 3.95708 12.9352 315.618
10400 4.03551 5.22077 3.95432 13.2106 298.011
10500 4.11421 5.31696 3.9779 13.4091 293.429
10600 4.2789 5.14024 3.95023 13.3694 286.686
10700 4.33441 5.07777 4.01021 13.4224 293.391
10800 4.21057 5.05841 4.19728 13.4663 300.982
10900 4.24536 5.0138 4.26666 13.5258 316.202
11000 4.32498 4.86814 4.43829 13.6314 307.178
11100 4.48844 4.75652 4.41728 13.6622 297.283
11200 4.52591 4.66672 4.40039 13.593 285.81
11300 4.3645 4.73867 4.41476 13.5179 305.712
11400 4.24234 4.65744 4.43456 13.3343 301.818
11500 4.1365 4.63481 4.40639 13.1777 301.053
11600 3.97952 4.70327 4.40549 13.0883 302.213
11700 3.85153 4.75722 4.31865 12.9274 300.958
11800 3.81223 4.75042 4.28509 12.8477 295.546
11900 3.91216 4.76845 4.19748 12.8781 292.278
12000 3.96432 4.75333 4.25143 12.9691 307.863
12100 3.99273 4.64441 4.19692 12.8341 309.116
12200 4.01385 4.62502 4.36052 12.9994 301.752
12300 4.08188 4.60236 4.43898 13.1232 283.3
12400 4.00901 4.59696 4.56719 13.1732 290.181
12500 4.00314 4.46464 4.47144 12.9392 299.638
12600 3.98955 4.39569 4.52642 12.9117 300.606
12700 3.90051 4.31479 4.63811 12.8534 307.249
12800 3.80815 4.30001 4.52132 12.6295 295.975
12900 3.76834 4.34994 4.39057 12.5088 288.556
13000 3.89466 4.29019 4.36291 12.5478 303.178
13100 4.01314 4.33141 4.43146 12.776 316.089
13200 3.97113 4.39905 4.54434 12.9145 316.761
13300 3.92393 4.49985 4.64201 13.0658 307.21
13400 3.86757 4.4739 4.63787 12.9793 297.249
13500 3.89213 4.52489 4.72205 13.1391 298.198
13600 3.98672 4.60547 4.96855 13.5608 302.873
13700 3.99061 4.61832 5.05553 13.6645 306.8
13800 3.7722 4.67588 5.07699 13.5251 297.8
13900 3.50799 4.71765 5.09177 13.3174 303.468
14000 3.45218 4.75155 5.10465 13.3084 296.409
14100 3.48173 4.77138 5.13028 13.3834 286.008
14200 3.40647 4.83156 5.18586 13.4239 294.957
14300 3.55394 5.01854 5.11768 13.6902 311.179
14400 3.73366 5.06569 4.96771 13.7671 301.781
14500 3.92352 5.07987 4.87092 13.8743 304.919
14600 4.13345 5.20124 4.95318 14.2879 286.078
14700 4.20176 5.14525 4.96673 14.3137 288.678
14800 4.15816 5.15174 5.00088 14.3108 294.258
14900 4.22086 5.22332 5.08782 14.532 293.288
15000 4.23413 5.25847 5.20065 14.6933 307.014
15100 4.10527 5.22015 5.20291 14.5283 301.388
15200 4.10507 5.25705 5.20746 14.5696 301.179
15300 4.28904 5.36544 5.16428 14.8188 281.032
15400 4.37397 5.3622 5.22463 14.9608 283.134
15500 4.3025 5.37312 5.24009 14.9157 297.181
15600 4.34007 5.33691 5.27107 14.948 307.928
15700 4.42509 5.25489 5.31667 14.9966 303.623
15800 4.42844 5.26119 5.37949 15.0691 294.618
15900 4.37169 5.34689 5.3557 15.0743 284.785
16000 4.40377 5.40131 5.34823 15.1533 294.185
16100 4.36699 5.42123 5.33905 15.1273 293.221
16200 4.28763 5.46381 5.32155 15.073 301.024
16300 4.26445 5.57554 5.60256 15.4426 309.482
16400 4.27837 5.72691 5.87131 15.8766 295.095
16500 4.19524 5.62081 5.82197 15.638 290.159
16600 4.15042 5.40452 5.72103 15.276 285.447
16700 4.17239 5.44155 5.95185 15.5658 304.983
16800 4.19236 5.55143 6.07582 15.8196 306.246
16900 4.3192 5.62476 6.00271 15.9467 307.136
17000 4.33888 5.65652 6.05497 16.0504 301.385
17100 4.46812 5.7521 6.09739 16.3176 302.339
17200 4.31022 5.76275 6.27483 16.3478 294.978
17300 4.28657 5.78019 6.38771 16.4545 281.398
17400 4.30219 5.78065 6.34461 16.4275 281.569
17500 4.17807 5.90094 6.22264 16.3016 286.478
17600 4.08014 6.25259 6.12009 16.4528 293.404
17700 3.97713 6.43193 6.17313 16.5822 306.004
17800 3.97693 6.54307 6.03782 16.5578 295.324
17900 4.09111 6.71258 5.94353 16.7472 315.965
18000 4.19754 6.99312 5.80013 16.9908 315.437
18100 4.29876 6.96593 5.66442 16.9291 300.068
18200 4.29401 6.81173 5.7 16.8057 288.881
18300 4.21477 6.75422 5.71261 16.6816 297.711
18400 4.19081 6.68278 5.8245 16.6981 299.682
18500 4.34618 6.70551 5.9149 16.9666 310.229
18600 4.33815 6.59825 5.95564 16.892 308.96
18700 4.25827 6.56505 6.02232 16.8456 287.23
18800 4.19251 6.48753 6.04427 16.7243 293.451
18900 4.28007 6.36415 6.14072 16.7849 296.749
19000 4.39933 6.46432 6.19688 17.0605 307.137
19100 4.5796 6.54639 6.37474 17.5007 310.353
19200 4.52255 6.66796 6.46804 17.6586 299.331
19300 4.45952 6.67271 6.68708 17.8193 288.826
19400 4.41373 6.55238 6.66889 17.635 288.46
19500 4.37286 6.60271 6.91409 17.8897 294.306
19600 4.41544 6.70562 7.08254 18.2036 301.266
19700 4.50718 6.84447 7.07001 18.4217 304.439
19800 4.58682 7.13955 7.07792 18.8043 301.767
19900 4.49041 7.20955 6.97865 18.6786 279.53
20000 4.36683 7.05788 6.89155 18.3163 281.131
20100 4.37272 6.92643 6.90287 18.202 306.022
20200 4.4306 6.70425 7.00492 18.1398 305.737
20300 4.2227 6.5547 6.95549 17.7329 305.205
20400 4.16059 6.55517 6.94228 17.658 293.822
20500 4.04767 6.39282 7.04315 17.4836 282.075
20600 3.97275 6.37857 7.18059 17.5319 296.276
20700 3.97796 6.51947 7.25252 17.75 306.995
20800 3.92234 6.61227 7.0646 17.5992 311.018
20900 3.89013 6.42158 6.91189 17.2236 295.726
21000 3.91169 6.42732 7.05839 17.3974 289.753
21100 3.9672 6.47684 7.27294 17.717 285.848
21200 4.00073 6.55143 7.30663 17.8588 294.526
21300 4.08675 6.62855 7.4717 18.187 304.666
21400 4.15937 6.58768 7.73076 18.4778 309.061
21500 4.14798 6.53818 7.95281 18.639 303.086
21600 4.1476 6.76172 7.91977 18.8291 292.345
21700 4.18672 6.80348 8.07532 19.0655 283.515
21800 4.23328 6.89772 8.34519 19.4762 300.505
21900 4.20894 7.00648 8.39748 19.6129 309.784
22000 4.11747 6.872 8.35636 19.3458 310.32
22100 4.07526 6.87388 8.25324 19.2024 291.288
22200 4.02203 6.94749 8.15371 19.1232 292.652
22300 4.08541 7.04591 8.27824 19.4096 299.196
22400 4.09001 7.06431 8.37002 19.5243 308.312
22500 4.10003 7.05776 8.28658 19.4444 317.913
22600 4.04166 7.02416 8.10316 19.169 303.688
22700 4.08058 6.93945 7.89452 18.9146 294.717
22800 4.17436 7.07026 7.71406 18.9587 293.268
22900 4.23703 7.23401 7.77309 19.2441 306.577
23000 4.10284 7.11574 7.70856 18.9271 321
23100 4.00011 6.77362 7.72052 18.4943 296.902
23200 3.93154 6.50962 7.89929 18.3404 291.588
23300 3.94231 6.4535 8.10241 18.4982 288.895
23400 4.0243 6.53408 8.06958 18.628 311.247
23500 4.03773 6.6897 8.01555 18.743 310.021
23600 3.99847 6.72852 7.92335 18.6503 294.642
23700 4.01093 6.72138 7.89817 18.6305 279.179
23800 4.02145 6.759 7.84054 18.621 295.005
23900 4.15484 6.69221 7.81939 18.6664 313.228
24000 4.18084 6.64443 7.66568 18.4909 311.088
24100 4.04841 6.64405 7.61308 18.3055 296.82
24200 3.98355 6.71344 7.57002 18.267 296.159
24300 3.93937 6.74132 7.50953 18.1902 289.9
24400 3.86956 6.51257 7.59369 17.9758 303.146
24500 3.86466 6.36385 7.76932 17.9978 311.434
24600 3.86276 6.33968 7.81517 18.0176 315.83
24700 3.86189 6.29828 7.81103 17.9712 303.263
24800 3.78191 6.33693 7.85878 17.9776 296.911
24900 3.85768 6.49849 7.74532 18.1015 293.966
25000 3.87602 6.42853 7.82859 18.1331 303.176
25100 4.07706 6.41314 7.67212 18.1623 323.197
25200 4.15431 6.34828 7.71898 18.2216 308.199
25300 4.13938 6.40858 7.68714 18.2351 304.572
25400 4.16628 6.32589 7.61054 18.1027 293.419
25500 4.18492 6.31195 7.61459 18.1115 297.996
25600 4.18333 6.26482 7.59325 18.0414 298.145
25700 4.16134 6.36766 7.73501 18.264 311.189
25800 4.12696 6.41352 7.83155 18.372 296.53
25900 4.11935 6.35635 8.08005 18.5558 308.547
26000 4.16648 6.34438 8.36685 18.8777 308.083
26100 4.19051 6.40808 8.42012 19.0187 289.207
26200 4.16178 6.4161 8.59366 19.1715 304.246
26300 4.08964 6.46351 8.29033 18.8435 304.973
26400 4.13862 6.67771 8.13698 18.9533 291.598
26500 4.18604 6.72813 8.12501 19.0392 292.95
26600 4.21341 6.84324 7.89305 18.9497 302.711
26700 4.12912 6.73081 7.76469 18.6246 308.479
26800 3.99867 6.63852 7.7528 18.39 321.434
26900 4.011 6.75628 7.75846 18.5257 320.138
27000 4.11747 6.8126 7.83499 18.7651 297.811
27100 4.14262 6.89764 7.92621 18.9665 302.514
27200 4.2115 6.71345 7.95454 18.8795 296.611
27300 4.35469 6.59517 7.99292 18.9428 295.913
27400 4.42038 6.76023 8.00575 19.1864 294.424
27500 4.52064 6.80645 8.0075 19.3346 300.725
27600 4.73091 6.80257 8.04428 19.5778 307.843
27700 4.75704 7.12357 8.14938 20.03 315.899
27800 4.73185 7.42706 8.23721 20.3961 296.745
27900 4.57556 7.48011 8.36866 20.4243 291.579
28000 4.44903 7.33595 8.44946 20.2344 288.781
28100 4.38906 7.16471 8.51496 20.0687 303.39
28200 4.26333 7.24445 8.49626 20.004 305.767
28300 4.26291 7.34568 8.45375 20.0623 299.67
28400 4.17604 7.37447 8.52052 20.071 297.019
28500 4.19385 7.33941 8.56024 20.0935 302.47
28600 4.23872 7.2658 8.47656 19.9811 295.53
28700 4.29456 7.32591 8.41457 20.035 285.467
28800 4.38143 7.33634 8.3444 20.0622 300.19
28900 4.49643 7.22068 8.34501 20.0621 307.964
29000 4.58671 7.09734 8.45168 20.1357 304.015
29100 4.6243 7.00003 8.62087 20.2452 315.536
29200 4.49352 6.81413 8.61006 19.9177 301.129
29300 4.37638 6.83048 8.51439 19.7213 284.177
29400 4.31473 6.7247 8.43552 19.4749 297.289
29500 4.31605 6.745 8.45049 19.5115 299.405
29600 4.30464 6.959 8.39177 19.6554 310.789
29700 4.36127 7.22212 8.54967 20.1331 305.899
29800 4.37473 7.59503 8.88687 20.8566 305.671
29900 4.43337 7.93276 9.04286 21.409 293.067
30000 4.4502 8.23007 9.08309 21.7634 295.745
30100 4.45845 8.46782 9.13691 22.0632 301.924
30200 4.35961 8.49242 9.1536 22.0056 317.853
30300 4.2803 8.5719 9.07061 21.9228 301.537
30400 4.35947 8.72188 8.93971 22.0211 291.621
30500 4.37602 8.68721 8.95843 22.0217 299.281
30600 4.47493 8.54143 9.14509 22.1614 291.745
30700 4.47647 8.42249 9.25945 22.1584 314.001
30800 4.484 8.30677 9.27969 22.0705 312.437
30900 4.54535 8.35221 9.17458 22.0721 297.782
31000 4.43982 8.24517 9.17897 21.864 302.768
31100 4.38183 8.35782 9.24724 21.9869 294.687
31200 4.32158 8.3287 9.14922 21.7995 287.19
31300 4.21277 8.18424 9.30219 21.6992 282.877
31400 4.3333 8.1918 9.24004 21.7651 290.184
31500 4.42024 8.34039 9.22064 21.9813 298.529
31600 4.33251 8.46526 9.3607 22.1585 301.536
31700 4.29376 8.58319 9.45834 22.3353 307.689
31800 4.37539 8.72496 9.44155 22.5419 300.885
31900 4.4143 8.79329 9.42193 22.6295 277.346
32000 4.4639 8.69998 9.42545 22.5893 300.614
32100 4.45175 8.44336 9.4424 22.3375 293.595
32200 4.53998 8.25416 9.64679 22.4409 304.35
32300 4.69339 8.26945 9.75445 22.7173 300.611
32400 4.72191 8.20809 9.69972 22.6297 295.769
32500 4.75132 8.09984 9.71078 22.5619 307.869
32600 4.75476 8.2573 9.62699 22.639 294.471
32700 4.72326 8.34104 9.58948 22.6538 303.663
32800 4.6257 8.42525 9.60527 22.6562 314.848
32900 4.62436 8.26823 9.70929 22.6019 302.48
33000 4.6033 8.35008 9.81305 22.7664 284.11
33100 4.60123 8.33728 9.88955 22.8281 294.957
33200 4.64682 8.34445 10.0827 23.0739 313.007
33300 4.60595 8.20973 10.1098 22.9255 314.571
33400 4.62046 8.2503 10.1971 23.0679 296.205
33500 4.5642 8.32258 10.1032 22.9899 290.314
33600 4.49815 8.46768 9.90312 22.8689 300.226
33700 4.48031 8.53109 9.85408 22.8655 300.796
33800 4.39494 8.71798 9.80257 22.9155 302.645
33900 4.32255 8.81796 9.6698 22.8103 322.231
34000 4.21825 8.73601 9.55438 22.5086 318.344
34100 4.21177 8.80029 9.50569 22.5178 295.325
34200 4.26914 8.80115 9.45093 22.5212 290.828
34300 4.26525 8.71864 9.33809 22.322 302.003
34400 4.26486 8.59365 9.42243 22.2809 308.426
34500 4.33486 8.52372 9.56477 22.4234 305.759
34600 4.37234 8.57418 9.68052 22.627 315.245
34700 4.42455 8.6603 9.71494 22.7998 302.929
34800 4.53562 8.80804 9.67122 23.0149 296.682
34900 4.53536 8.70251 9.66381 22.9017 296.978
35000 4.43556 8.70353 9.4542 22.5933 298.243
35100 4.34732 8.6895 9.41692 22.4537 315.639
35200 4.25898 8.60731 9.33714 22.2034 322.695
35300 4.14806 8.66304 9.20396 22.0151 319.594
35400 4.07679 8.66228 9.1592 21.8983 306.488
35500 4.16865 8.63821 9.13646 21.9433 299.252
35600 4.18363 8.63475 9.15344 21.9718 289.095
35700 4.19117 8.7446 9.15811 22.0939 304.029
35800 4.19997 9.0878 8.92691 22.2147 311.188
35900 4.05776 9.33673 8.88968 22.2842 294.636
36000 3.97427 9.40707 9.02918 22.4105 295.557
36100 4.05225 9.41799 9.39384 22.8641 294.386
36200 4.13139 9.31441 9.44812 22.8939 292.27
36300 4.1389 9.10441 9.45274 22.696 306.816
36400 4.10265 8.94805 9.63237 22.6831 313.681
36500 4.15506 8.90248 9.75392 22.8115 311.289
36600 4.18909 8.93474 9.97267 23.0965 294.996
36700 4.15846 9.04465 10.0222 23.2253 305.124
36800 4.12871 9.08108 10.0774 23.2872 300.647
36900 4.11534 9.20198 10.2684 23.5857 288.484
37000 4.13814 9.27597 10.4242 23.8383 284.15
37100 4.15038 9.01463 10.3954 23.5604 300.202
37200 4.09047 8.96212 10.2593 23.3119 305.084
37300 4.01877 9.00009 10.1201 23.1389 302.369
37400 3.99694 8.93576 10.1653 23.098 288.167
37500 3.95198 8.97746 10.2444 23.1739 290.063
37600 4.0572 8.85798 10.4013 23.3165 310.483
37700 4.1999 8.60594 10.3233 23.1291 302.929
37800 4.22125 8.56564 10.1684 22.9553 298.168
37900 4.29937 8.73717 10.1245 23.161 283.187
38000 4.34105 8.85579 10.3435 23.5404 286.363
38100 4.31264 9.0747 10.5963 23.9837 291.827
38200 4.20145 8.97476 10.6554 23.8316 316.928
38300 4.30604 8.97791 10.6017 23.8856 304.424
38400 4.44135 8.92552 10.6698 24.0366 300.13
38500 4.51987 9.02244 10.7534 24.2957 287.328
38600 4.54976 9.18356 10.6479 24.3812 281.315
38700 4.52799 9.14067 10.7488 24.4174 292.468
38800 4.6533 8.91548 10.8769 24.4457 293.197
38900 4.83378 8.92124 10.7973 24.5524 308.227
39000 4.9711 8.79433 10.9969 24.7623 290.315
39100 5.10094 8.88475 11.1099 25.0955 294.913
39200 5.18271 9.12793 11.3354 25.646 298.817
39300 5.30117 8.99146 11.6813 25.9739 309.138
39400 5.67429 8.92514 11.8027 26.4021 320.888
39500 5.95254 8.93362 11.691 26.5772 309.669
39600 6.0139 9.12528 11.7072 26.8464 293.496
39700 6.02261 9.25829 11.8555 27.1364 300.638
39800 5.92591 9.3675 11.8598 27.1532 305.784
39900 5.87754 9.49222 11.9026 27.2723 311.657
40000 5.90284 9.76822 12.0647 27.7357 321.845
40100 5.92233 9.57244 12.183 27.6778 314.069
40200 5.94068 9.72598 12.2355 27.9022 302.99
40300 6.03964 10.0497 12.2567 28.3461 294.334
40400 5.9888 10.239 12.1461 28.3738 295.927
40500 5.99086 10.2332 12.203 28.427 314.786
40600 5.97653 10.2106 12.2286 28.4158 318.145
40700 5.98854 10.3944 12.1413 28.5242 296.648
40800 6.03265 10.4197 12.1123 28.5647 292.154
40900 5.88194 10.3057 11.7823 27.9699 293.943
41000 5.75344 10.4539 11.556 27.7634 303.586
41100 5.59723 10.4975 11.3532 27.4479 315.738
41200 5.49297 10.5761 11.3885 27.4576 296.851
41300 5.55934 10.6719 11.1885 27.4198 295.771
41400 5.61149 10.6405 11.1535 27.4055 307.756
41500 5.71892 10.5524 11.2138 27.4852 297.471
41600 5.82908 10.5543 11.1829 27.5663 285.348
41700 5.94507 10.4208 11.0119 27.3777 279.918
41800 6.04032 10.3957 11.043 27.4791 298.744
41900 6.0081 10.211 10.9259 27.145 301.373
42000 5.89999 10.2047 10.8482 26.9529 307.021
42100 5.98884 10.1885 10.9937 27.1711 300.498
42200 6.06862 10.2411 11.165 27.4747 292.204
42300 5.98887 9.97978 11.1092 27.0778 278.883
42400 5.94935 9.71434 10.8562 26.5198 284.146
42500 5.98753 9.5612 10.7371 26.2858 302.11
42600 5.968 9.54716 10.8321 26.3472 308.152
42700 5.93914 9.58247 10.8246 26.3462 297.231
42800 5.91933 9.56361 10.8764 26.3593 293.247
42900 5.97154 9.42821 10.7877 26.1875 292.066
43000 6.01127 9.39129 10.6196 26.0221 281.018
43100 5.98287 9.36865 10.5305 25.882 301.356
43200 5.99051 9.28349 10.7766 26.0506 304.843
43300 5.99 9.22547 11.041 26.2565 299.148
43400 5.9004 9.13828 10.7985 25.8372 291.586
43500 5.85062 9.13102 10.3558 25.3374 277.905
43600 5.88877 9.15461 10.4028 25.4461 297.807
43700 6.01534 9.37155 10.6531 26.04 308.066
43800 6.15473 9.33754 10.7296 26.2218 309.644
43900 6.28613 9.10766 10.8257 26.2195 293.623
44000 6.41131 8.88583 10.9367 26.2339 298.394
44100 6.41596 8.83804 11.2141 26.4681 293.656
44200 6.25756 8.85987 11.0023 26.1198 295.122
44300 6.2236 8.69232 10.9627 25.8786 303.24
44400 6.33788 8.58108 11.2394 26.1584 306.949
44500 6.34349 8.84284 11.6041 26.7904 307.076
44600 6.47933 9.07758 11.936 27.4929 292.544
44700 6.52352 9.1614 12.1369 27.8219 293.007
44800 6.47465 9.2762 12.0921 27.8429 289.173
44900 6.50194 9.25351 11.9335 27.689 299.623
45000 6.48917 9.04169 11.997 27.5279 304.882
45100 6.43697 9.13261 11.8387 27.4083 304.159
45200 6.49812 9.22449 11.7538 27.4764 297.968
45300 6.40339 9.31571 11.619 27.3381 292.913
45400 6.30647 9.36884 11.655 27.3304 286.967
45500 6.27495 9.65308 11.9826 27.9106 305.903
45600 6.18813 9.69945 12.2589 28.1465 313.884
45700 6.32106 9.81083 12.4878 28.6196 310.416
45800 6.67665 9.84858 12.5056 29.0308 297.945
45900 6.86172 9.99459 12.4682 29.3245 284.855
46000 6.84715 9.99895 12.3427 29.1888 295.143
46100 6.87788 9.91637 12.3786 29.1728 305.746
46200 7.03326 10.0529 12.418 29.5042 313.678
46300 7.18129 9.95846 12.3534 29.4932 307.836
46400 7.28387 9.62338 12.5229 29.4302 299.215
46500 7.27532 9.68474 12.7229 29.6829 299.731
46600 7.40558 9.95683 12.7414 30.1038 296.715
46700 7.53931 10.0207 12.7471 30.3071 300.285
46800 7.50854 10.1114 12.4034 30.0233 291.429
46900 7.51451 9.9054 12.2527 29.6726 300.808
47000 7.6459 9.69881 12.299 29.6437 309.784
47100 7.96704 9.92806 12.4341 30.3292 307.467
47200 8.26527 9.75808 12.5464 30.5698 292.741
47300 8.48916 9.33129 12.49 30.3105 290.018
47400 8.82117 9.2481 12.5927 30.6619 293.764
47500 9.26752 9.03091 12.665 30.9634 301.279
47600 9.37174 8.87127 12.6925 30.9355 300.729
47700 9.28943 8.78113 12.7591 30.8297 311.676
47800 9.15287 8.46185 12.6341 30.2488 297.58
47900 9.14649 8.52765 12.5823 30.2564 290.571
48000 9.18107 8.50479 12.3595 30.0453 300.961
48100 9.19527 8.68606 12.271 30.1524 314.116
48200 9.20661 8.9919 12.2519 30.4504 300.118
48300 8.73887 9.0592 12.2126 30.0107 297.31
48400 8.47089 9.06212 11.9641 29.4971 297.741
48500 8.73339 9.41317 11.8435 29.9901 283.886
48600 8.92213 9.28519 11.7266 29.9339 276.738
48700 8.89755 9.10988 11.3881 29.3955 299.212
48800 9.04841 9.18343 11.2437 29.4756 313.949
48900 8.9069 9.20141 11.2842 29.3925 303.613
49000 8.55413 9.35126 11.4917 29.397 292.418
49100 8.24674 9.34894 11.5265 29.1222 291.362
49200 8.15274 9.18362 11.3623 28.6987 302.227
49300 7.96383 9.10302 11.3053 28.3722 302.15
49400 7.70022 9.32053 11.2944 28.3152 292.038
49500 7.89669 9.54018 11.3657 28.8026 306.773
49600 7.95366 9.65785 11.1699 28.7814 311.535
49700 7.90755 9.72433 11.0353 28.6671 309.535
49800 7.74273 9.85909 11.3153 28.9171 298.485
49900 7.81543 10.2009 11.5248 29.5412 286.388
50000 7.88133 10.4373 11.5737 29.8924 299.079
50100 7.8591 10.808 11.6456 30.3126 309.154
50200 7.70248 11.1027 11.8787 30.6839 308.095
50300 7.66328 11.2203 12.1944 31.0779 304.846
50400 7.7942 11.3355 12.0692 31.1989 310.818
50500 7.95744 11.4515 12.0363 31.4452 295.464
50600 8.13641 11.3126 12.2148 31.6638 292.846
50700 8.27755 11.2271 12.3907 31.8954 303.296
50800 8.35089 11.2631 12.4433 32.0573 307.611
50900 8.37066 11.4261 12.5344 32.3311 308.052
51000 8.15862 11.363 12.4864 32.0081 292.548
51100 7.99234 11.1505 12.3951 31.538 293.273
51200 7.74089 10.877 12.287 30.9049 297.168
51300 7.45988 10.8786 12.1704 30.5089 298.991
51400 7.38798 11.0404 12.1393 30.5676 311.022
51500 7.46608 11.3444 12.1633 30.9738 312.133
51600 7.57208 11.4909 11.9423 31.0052 302.918
51700 7.67961 11.5597 11.8038 31.0431 302.521
51800 7.95381 11.6624 11.641 31.2572 301.366
51900 8.13937 11.6865 11.6271 31.453 294.639
52000 8.29081 11.7011 11.5558 31.5478 289.918
52100 8.36182 11.7171 11.2725 31.3514 291.701
52200 8.57909 11.7176 11.4295 31.7262 298.062
52300 8.87704 11.3945 11.6331 31.9047 311.916
52400 9.12176 11.4439 11.4371 32.0028 307.821
52500 8.99635 11.3932 11.573 31.9625 289.447
52600 8.82589 11.321 11.5967 31.7436 281.637
52700 8.90968 11.5723 11.6258 32.1078 289.601
52800 8.99728 11.6529 11.485 32.1352 298.683
52900 8.89661 11.7202 11.419 32.0358 298.204
53000 8.72285 11.9093 11.3183 31.9504 307.68
53100 8.58873 11.7195 11.1775 31.4857 309.773
53200 8.55189 11.4054 11.1353 31.0926 290.23
53300 8.4067 11.3619 11.0147 30.7833 282.938
53400 8.3607 11.2722 11.0081 30.6411 298.636
53500 8.51025 11.2892 11.1629 30.9624 307.718
53600 8.50502 11.0447 11.2962 30.8459 309.076
53700 8.42223 10.9633 11.4487 30.8343 297.571
53800 8.35636 11.2107 11.5724 31.1395 290.391
53900 8.42888 11.1432 11.4817 31.0537 297.955
54000 8.3809 10.9548 11.4319 30.7676 302.601
54100 8.34175 10.8157 11.5942 30.7517 304.735
54200 8.35235 10.6863 11.4968 30.5354 292.084
54300 8.40239 10.6742 11.3314 30.408 274.866
54400 8.31322 10.5461 11.5353 30.3947 297.929
54500 8.3448 10.4395 11.5402 30.3245 301.805
54600 8.26826 10.3288 11.3719 29.9689 310.618
54700 8.05711 10.4753 11.3955 29.9279 303.768
54800 7.96234 10.5681 11.2798 29.8102 291.782
54900 8.08796 10.5769 11.1863 29.8511 293.139
55000 7.97723 10.4963 11.3834 29.8569 290.396
55100 7.87422 10.6474 11.3973 29.9189 309.998
55200 7.83225 10.7194 11.3529 29.9046 303.758
55300 7.63801 10.6096 11.2563 29.5039 298.402
55400 7.41852 10.6517 11.1184 29.1886 286.497
55500 7.47434 10.8322 11.1213 29.4278 283.476
55600 7.43857 10.9916 11.2884 29.7186 297.083
55700 7.54201 10.9292 11.515 29.9862 297.57
55800 7.63007 11.1449 11.6546 30.4295 311.507
55900 7.71708 11.3577 11.6421 30.7169 304.415
56000 7.76867 11.4909 11.7702 31.0297 285.025
56100 7.82002 11.3907 11.7897 31.0004 281.705
56200 7.86276 11.4099 11.5064 30.779 299.935
56300 7.8461 11.6965 11.5274 31.07 305.407
56400 7.8477 11.8251 11.8317 31.5045 303.677
56500 7.82531 11.8322 11.9411 31.5986 306.644
56600 7.68127 11.8029 11.8463 31.3305 294.48
56700 7.62743 11.7605 11.7617 31.1496 287.192
56800 7.54618 11.6165 11.847 31.0097 297.988
56900 7.40388 11.5515 11.6385 30.5939 314.431
57000 7.40435 11.7556 11.6064 30.7663 315.456
57100 7.5422 11.7533 11.8769 31.1724 298.53
57200 7.45342 11.5108 11.8833 30.8475 290.072
57300 7.43327 11.4263 11.9071 30.7667 291.068
57400 7.53053 11.5117 11.99 31.0322 322.287
57500 7.44614 11.5743 11.9528 30.9733 308.979
57600 7.3668 11.6055 12.1222 31.0945 305.758
57700 7.33943 11.6805 12.4374 31.4574 293.717
57800 7.18316 12.0188 12.6021 31.804 296.205
57900 7.33816 12.0711 12.3854 31.7947 303.726
58000 7.37515 12.063 12.4641 31.9023 299.361
58100 7.31236 11.8653 12.6378 31.8154 284.612
58200 7.21862 11.7318 12.5658 31.5162 288.546
58300 7.06554 11.7674 12.8106 31.6435 300.901
58400 7.17206 11.9806 12.83 31.9827 302.86
58500 7.17809 12.1131 12.6618 31.953 304.624
58600 7.21776 12.0042 12.5361 31.758 297.507
58700 7.25819 11.9115 12.6732 31.843 297.949
58800 7.24729 11.9453 12.5935 31.7862 290.539
58900 7.18951 11.872 12.4704 31.5319 280.716
59000 7.27702 11.8816 12.585 31.7436 312.649
59100 7.33653 11.9524 12.7382 32.0271 314.727
59200 7.36902 11.9607 12.6385 31.9682 290.572
59300 7.4407 11.8722 12.3951 31.708 300.073
59400 7.48209 11.8807 12.1828 31.5456 294.066
59500 7.45433 11.9398 12.0157 31.4098 298.139
59600 7.56303 11.8079 11.9489 31.3198 324.59
59700 7.46206 11.9467 11.865 31.2738 314.625
59800 7.29269 11.9347 11.9679 31.1952 296.024
59900 7.20503 11.8199 11.8163 30.8412 303.287
60000 7.13001 11.9236 11.7304 30.784 296.822
60100 7.19647 12.1826 11.8912 31.2702 295.357
60200 7.30953 12.3031 12.1304 31.743 300.56
60300 7.39784 12.3523 12.062 31.8121 302.985
60400 7.39201 12.6115 12.1223 32.1258 318.129
60500 7.5255 12.4537 12.1558 32.135 294.527
60600 7.68379 12.2898 12.0166 31.9902 296.731
60700 7.61357 12.1467 12.1421 31.9023 293.557
60800 7.49752 12.2724 11.987 31.7569 299.328
60900 7.419 12.249 11.9246 31.5927 299.874
61000 7.25054 12.2358 11.8377 31.3241 308.274
61100 7.46962 12.3925 11.8642 31.7263 306.532
61200 7.79388 12.5621 12.0827 32.4387 301.329
61300 7.75861 12.526 11.9762 32.2608 303.04
61400 7.63586 12.3015 11.984 31.9213 298.433
61500 7.61476 12.4149 12.2798 32.3094 296.474
61600 7.6227 12.7051 12.503 32.8308 289.583
61700 7.59275 12.4082 12.5509 32.5518 291.8
61800 7.66752 12.2184 12.7114 32.5973 304.737
61900 7.92968 12.1259 12.7925 32.848 309.828
62000 7.93493 12.1259 12.6376 32.6984 311.123
62100 7.93785 12.2514 12.8309 33.0201 303.714
62200 8.09838 12.3454 12.958 33.4017 317.424
62300 8.10584 12.6283 12.8658 33.6 316.735
62400 7.9828 12.7131 12.6876 33.3835 295.408
62500 7.818 12.7069 12.9954 33.5203 284.6
62600 7.834 12.9801 13.4083 34.2224 298.923
62700 7.69555 13.2752 13.841 34.8118 310.665
62800 7.59173 13.3266 14.3935 35.3118 298.18
62900 7.76256 13.3848 14.9292 36.0766 306.228
63000 8.07031 13.1568 15.4677 36.6949 289.239
63100 8.10537 13.0326 16.1585 37.2964 278.584
63200 8.12678 13.0042 16.7307 37.8617 290.168
63300 7.97781 12.9391 17.6638 38.5807 301.261
63400 8.00406 12.7394 18.4767 39.2201 301.701
63500 8.05987 12.6663 18.4082 39.1344 307.88
63600 8.06009 12.9978 18.3445 39.4023 288.134
63700 8.23301 13.372 18.5254 40.1304 283.742
63800 8.114 13.4628 18.6452 40.222 297.151
63900 8.13944 13.5551 18.5001 40.1947 304.573
64000 7.95783 13.8984 18.3729 40.2291 305.67
64100 7.99418 14.1494 18.0984 40.242 289.51
64200 7.93544 14.083 18.0458 40.0643 294.035
64300 7.99464 14.1335 17.7588 39.887 321.265
64400 7.97378 14.3183 17.6849 39.9769 306.896
64500 8.04566 14.3687 17.8568 40.2711 296.88
64600 7.98765 14.5758 17.7662 40.3296 300.41
64700 7.98136 14.4855 17.6687 40.1356 300.574
64800 7.96941 14.5604 17.4037 39.9335 291.797
64900 7.88109 14.4505 17.1175 39.4491 298.841
65000 7.85712 14.4793 17.2267 39.5632 309.52
65100 7.90472 14.6756 17.4294 40.0097 307.125
65200 8.10122 14.644 17.5555 40.3007 302.592
65300 8.20015 14.5752 17.6824 40.4578 285.397
65400 8.13955 14.5547 17.7015 40.3957 297.177
65500 7.94298 14.3154 18.1277 40.3861 293.146
65600 7.79732 14.4465 18.1766 40.4205 300.529
65700 7.9027 14.4265 18.243 40.5722 306.819
65800 7.93566 14.1067 18.3077 40.35 297.854
65900 8.05121 14.0057 18.5424 40.5993 287.593
66000 8.14066 14 18.7035 40.8441 277.661
66100 8.21021 14.0935 18.654 40.9577 287.881
66200 8.17651 13.9148 18.4529 40.5442 299.988
66300 8.05809 14.0495 18.6637 40.7712 309.03
66400 8.25773 14.3392 18.7737 41.3706 297.959
66500 8.41949 14.3932 18.8526 41.6654 293.287
66600 8.36543 14.357 18.9642 41.6866 285.437
66700 8.01147 14.4469 18.9576 41.416 292.301
66800 7.92909 14.6416 18.9214 41.4921 302.252
66900 7.86786 14.5554 19.1086 41.5318 302.423
67000 7.95353 14.665 19.2873 41.9058 298.588
67100 7.92424 14.6862 19.4758 42.0862 300.166
67200 7.97058 14.5527 19.7514 42.2747 283.549
67300 7.9855 14.8335 19.7849 42.6038 297.448
67400 7.96921 15.0798 19.771 42.82 294.551
67500 7.99465 14.9857 19.8981 42.8785 306.793
67600 7.97954 14.8249 20.0807 42.8852 321.392
67700 7.9169 15.0795 20.1564 43.1528 301.881
67800 7.8587 14.9575 20.1765 42.9927 306.142
67900 7.72581 14.5619 20.3763 42.6641 300.45
68000 7.80268 14.5468 20.2374 42.587 291.396
68100 7.87251 14.6447 19.911 42.4282 293.766
68200 7.94361 14.5832 19.3056 41.8324 308.058
68300 7.69938 14.5953 18.7016 40.9963 310.988
68400 7.7938 14.4763 18.2605 40.5306 302.861
68500 7.86695 14.6681 18.16 40.695 295.625
68600 7.94987 14.6997 18.0569 40.7065 306.881
68700 7.86341 14.5568 18.0173 40.4376 293.975
68800 7.90546 14.4568 17.892 40.2543 304.22
68900 7.91362 14.3658 17.7817 40.0611 293.529
69000 7.82629 14.1985 17.9156 39.9404 305.683
69100 7.79094 14.3003 18.1525 40.2437 318.504
69200 7.70848 14.2748 18.1328 40.116 308.243
69300 7.79684 14.2555 18.3532 40.4056 308.363
69400 7.84466 14.0068 18.8521 40.7036 306.688
69500 7.75031 13.7886 18.8742 40.4131 303.491
69600 7.66416 13.8538 18.8713 40.3893 301.186
69700 7.60511 13.8782 18.6407 40.124 291.468
69800 7.54659 13.7528 18.3586 39.658 289.615
69900 7.48183 13.5026 18.1893 39.1738 300.901
70000 7.38577 13.4719 17.7434 38.6011 303.468
70100 7.20842 13.3739 17.3234 37.9057 304.819
70200 7.10463 13.5316 17.0883 37.7245 291.461
70300 7.0615 13.59 17.3238 37.9753 281.234
70400 7.11411 13.6781 17.5507 38.3429 288.764
70500 7.07363 13.8355 17.5832 38.4924 293.262
70600 7.01543 13.9141 17.5082 38.4378 301.872
70700 7.04934 13.8587 17.5972 38.5052 304.73
70800 6.86609 13.8308 17.7856 38.4825 303.278
70900 6.8265 13.7879 17.8285 38.4429 290.792
71000 6.74192 13.9429 17.7821 38.467 285.525
71100 6.71224 14.1926 18.023 38.9278 296.686
71200 6.94034 14.177 18.2137 39.3311 303.362
71300 7.01505 14.2462 18.4162 39.6774 298.175
71400 6.86467 14.1689 18.6943 39.7278 305.121
71500 6.88835 14.4767 19.1744 40.5395 294.446
71600 6.97129 14.5706 19.7365 41.2784 280.299
71700 7.02277 14.3063 20.3843 41.7134 284.547
71800 7.11206 14.3419 20.8475 42.3015 313.685
71900 7.02939 14.0926 21.2476 42.3696 299.284
72000 6.81962 14.2876 21.8564 42.9636 297.915
72100 6.81234 14.3772 22.3184 43.5079 293.149
72200 7.01657 14.1657 22.7236 43.9059 290.433
72300 7.08446 14.3664 23.0853 44.5361 293.907
72400 7.08489 14.5553 23.5422 45.1825 314.552
72500 7.1196 14.9274 23.758 45.805 312.749
72600 7.04701 15.2611 23.6799 45.9881 294.43
72700 7.04221 15.2335 23.3566 45.6324 309.512
72800 7.08445 15.0965 22.8456 45.0265 299.792
72900 7.07232 15.1227 22.4714 44.6664 301.612
73000 6.99525 14.9766 22.3174 44.2893 286.538
73100 7.10139 14.9829 22.1899 44.2741 279.902
73200 6.99954 14.9443 22.4236 44.3675 283.833
73300 7.12882 14.9348 22.8984 44.9621 295.306
73400 7.02127 15.2297 23.3057 45.5567 315.974
73500 7.16547 15.1564 23.5963 45.9182 305.072
73600 7.36587 15.1756 23.797 46.3385 297.134
73700 7.35664 15.2777 24.0488 46.6832 301.002
73800 7.43741 15.2793 23.9802 46.6969 297.5
73900 7.46024 15.2187 23.6789 46.3578 299.217
74000 7.41799 15.3341 23.287 46.0391 299.721
74100 7.45816 15.4828 22.838 45.7789 302.823
74200 7.55061 15.6841 22.5459 45.7807 281.518
74300 7.56971 15.9334 22.6506 46.1537 284.625
74400 7.60968 15.6374 22.5176 45.7646 304.465
74500 7.62639 15.7294 22.3105 45.6662 298.695
74600 7.61519 15.9127 22.2395 45.7673 308.22
74700 7.6851 16.0941 22.4996 46.2788 294.989
74800 7.74965 16.2244 22.4011 46.3752 284.911
74900 7.88607 16.4066 22.1045 46.3971 290.522
75000 7.99195 16.5361 22.0253 46.5533 309.444
75100 8.01216 16.9736 22.0594 47.0452 308.361
75200 7.86309 17.4309 22.2193 47.5133 320.892
75300 7.63406 17.6644 22.2457 47.5442 301.169
75400 7.50819 17.6917 22.0861 47.286 301.484
75500 7.51201 17.5236 22.1609 47.1965 291.908
75600 7.63842 17.5488 21.5396 46.7268 289.081
75700 7.70958 17.8873 21.439 47.0359 287.566
75800 7.8647 18.2764 21.3725 47.5136 305.703
75900 8.04915 18.4194 21.2582 47.7267 304.441
76000 7.94679 18.5612 21.032 47.5401 312.977
76100 7.92142 18.7424 20.7056 47.3694 304.901
76200 8.06827 18.605 20.7154 47.3887 286.852
76300 8.21716 18.5189 21.121 47.8571 293.836
76400 8.14641 18.7185 21.2554 48.1204 303.946
76500 8.15627 18.6995 21.45 48.3058 307.325
76600 8.21115 18.6246 22.1286 48.9644 301.65
76700 8.21918 18.6256 22.2317 49.0764 293.245
76800 8.00769 18.4304 21.7772 48.2153 289.065
76900 7.96227 18.3287 22.0055 48.2965 298.252
77000 8.09874 18.2733 22.5893 48.9613 303.724
77100 8.39039 18.44 22.4818 49.3122 317.457
77200 8.71517 18.6961 22.6938 50.1051 310.874
77300 8.7538 18.9289 22.7807 50.4634 309.587
77400 8.69206 19.2229 22.599 50.514 294.489
77500 8.75603 19.4002 22.738 50.8943 284.42
77600 8.84638 19.3907 22.5735 50.8106 295.492
77700 8.78426 19.474 22.3474 50.6056 308.573
77800 8.48328 19.5996 22.8919 50.9748 312.115
77900 8.48923 19.6437 23.4922 51.6251 294.284
78000 8.61263 19.6225 24.2031 52.4382 295.521
78100 8.74766 19.7618 24.6015 53.1109 290.385
78200 8.95317 20.0069 24.5717 53.5317 312.549
78300 8.95047 20.294 24.5632 53.8077 305.437
78400 9.02896 20.374 24.79 54.1929 299.52
78500 9.29277 20.4007 24.4789 54.1724 299.482
78600 9.54433 20.641 23.4219 53.6073 302.811
78700 9.8487 20.5254 22.9429 53.317 298.433
78800 9.91208 20.5043 23.6137 54.03 282.391
78900 9.99159 20.3145 23.9551 54.2612 271.567
79000 9.96092 19.8672 24.0276 53.8557 288.762
79100 9.99765 19.6981 23.9052 53.6009 297.652
79200 10.0284 19.575 23.9857 53.5891 303.585
79300 10.0999 19.5543 24.0464 53.7006 303.669
79400 10.2107 19.6977 23.708 53.6165 309.401
79500 10.2152 20.223 23.2448 53.683 298.861
79600 10.3553 20.6546 23.2086 54.2184 296.416
79700 10.5326 20.7395 23.2198 54.4919 288.697
79800 10.3948 20.8721 23.0275 54.2945 298.752
79900 10.4947 20.6544 22.901 54.0501 323.15
80000 10.5191 20.0854 23.0454 53.6499 304.304
80100 10.4825 19.8239 23.1498 53.4562 302.27
80200 10.3552 19.636 23.2228 53.214 298.386
80300 10.1303 19.8094 23.1216 53.0614 297.365
80400 9.96026 19.9038 23.031 52.895 286.943
80500 10.0278 19.9453 22.7575 52.7306 287.284
80600 9.97973 20.1398 22.7018 52.8214 292.969
80700 9.66989 20.2685 22.4488 52.3872 306.189
80800 9.38712 19.9618 22.3849 51.7339 300.258
80900 9.28205 19.7711 22.8785 51.9316 301.578
81000 9.33571 19.8448 22.8784 52.059 285.968
81100 9.407 20.0543 22.7105 52.1718 288.597
81200 9.47878 20.1417 22.9772 52.5977 295.06
81300 9.59714 20.0627 23.3548 53.0146 308.101
81400 9.94721 20.323 23.1387 53.4089 312.722
81500 10.1442 20.3719 23.4169 53.933 317.609
81600 10.0525 20.2067 23.8592 54.1185 304.67
81700 10.0485 19.8761 24.1651 54.0897 313.251
81800 10.0684 19.7192 24.4381 54.2257 298.514
81900 10.4151 19.6773 24.2772 54.3696 303.507
82000 10.7368 19.835 24.3232 54.895 292.469
82100 10.8124 19.9182 24.433 55.1636 288.78
82200 10.7067 19.9864 24.1745 54.8676 298.291
82300 10.6283 20.2119 24.0555 54.8957 309.421
82400 10.6391 20.64 24.0517 55.3308 310.354
82500 10.8593 20.92 23.9292 55.7086 293.975
82600 10.7703 20.6989 24.0143 55.4835 292.599
82700 10.4889 20.683 23.9707 55.1425 298.511
82800 10.4122 20.7563 24.0846 55.2531 301.147
82900 10.5084 20.8622 24.0676 55.4382 299.998
83000 10.6658 20.7851 23.7914 55.2423 296.822
83100 10.7664 20.4921 23.6314 54.8898 298.45
83200 10.7207 20.2807 23.3487 54.3501 301.868
83300 10.7362 20.2911 23.2516 54.2789 308.756
83400 10.9924 20.1212 23.0679 54.1816 310.437
83500 11.1642 19.9539 23.1334 54.2515 301.057
83600 10.7331 20.0059 23.1002 53.8392 297.834
83700 10.3783 20.001 22.68 53.0593 291.927
83800 10.2205 20.0844 22.4969 52.8018 291.079
83900 10.4599 19.9307 22.3899 52.7804 307.454
84000 10.8205 19.898 22.2984 53.0168 296.627
84100 10.5954 20.1353 22.5131 53.2438 301.683
84200 10.2261 20.2441 23.1941 53.6643 312.395
84300 10.1103 19.9933 23.8411 53.9447 285.745
84400 10.2498 19.7742 24.14 54.164 293.297
84500 9.97699 20.1336 24.598 54.7085 300.929
84600 9.95874 20.5817 24.8611 55.4016 307.833
84700 10.2486 20.7258 24.5972 55.5716 331.449
84800 10.2455 21.1046 24.478 55.8282 333.428
84900 10.2849 21.1569 24.4777 55.9196 309.469
85000 10.2205 20.8699 24.6922 55.7826 295.015
85100 10.2942 20.6661 24.652 55.6123 285.192
85200 10.3467 20.369 24.7345 55.4502 290.999
85300 10.0699 20.1028 25.0134 55.1861 315.511
85400 10.0522 19.7914 25.145 54.9886 305.12
85500 10.1859 19.3542 25.0113 54.5514 298.908
85600 10.2054 18.9128 24.7187 53.8368 293.039
85700 10.0971 18.7808 24.5718 53.4497 301.739
85800 10.3073 18.8964 24.2852 53.4889 292.508
85900 10.4316 18.6692 23.823 52.9239 300.089
86000 10.5061 18.8412 23.2678 52.6151 314.41
86100 10.7688 19.1072 22.9831 52.8591 323.349
86200 10.9042 19.3014 23.0096 53.2151 313.173
86300 10.6879 19.3212 22.8109 52.82 289.337
86400 10.4366 19.4484 22.8808 52.7658 296.603
86500 10.3965 19.6401 22.8641 52.9007 302.706
86600 10.695 19.7201 22.8127 53.2278 307.234
86700 10.7305 19.6329 22.8317 53.1951 307.558
86800 10.7815 19.6521 22.9911 53.4247 298.156
86900 10.9342 19.6334 23.1399 53.7075 286.475
87000 11.0952 19.5788 23.3028 53.9768 301.427
87100 11.117 19.8109 23.4149 54.3428 309.471
87200 11.0376 19.832 23.33 54.1996 292.407
87300 11.3134 19.9856 23.3306 54.6296 282.767
87400 11.3599 19.9425 23.261 54.5634 277.715
87500 11.3372 19.8399 23.4755 54.6526 299.169
87600 11.5893 19.4147 23.7919 54.7959 297.071
87700 11.5034 19.359 23.6177 54.4802 301.644
87800 11.3507 19.3289 23.4442 54.1237 306.511
87900 11.426 19.2454 23.5408 54.2121 294.154
88000 11.0926 19.5047 23.3896 53.987 289.33
88100 11.0213 19.5131 23.4495 53.9838 296.792
88200 11.0705 19.7775 23.4797 54.3278 295.843
88300 10.9515 19.5922 23.4176 53.9613 306.938
88400 11.1389 19.7042 23.1945 54.0376 310.282
88500 11.2471 20.0029 23.2632 54.5132 298.56
88600 11.1087 20.168 23.3019 54.5786 289.489
88700 10.8814 20.4591 23.5127 54.8532 292.929
88800 10.8543 20.6381 23.7932 55.2856 314.069
88900 10.8454 20.4784 23.8251 55.1489 309.135
89000 10.8489 20.2807 23.9159 55.0456 297.303
89100 10.772 20.606 24.0366 55.4146 295.282
89200 10.8973 21.0523 24.1707 56.1203 303.183
89300 11.1719 21.5065 24.4694 57.1478 322.201
89400 11.3215 21.9206 24.6346 57.8767 315.508
89500 11.2545 22.3573 25.0295 58.6413 298.522
89600 11.224 22.6444 25.5381 59.4064 305.996
89700 11.0879 22.8485 25.78 59.7165 294.213
89800 10.9249 22.7672 25.5214 59.2134 289.62
89900 10.9153 22.4993 25.0753 58.4899 311.96
90000 10.7623 22.3438 24.8856 57.9917 312.958
90100 10.82 22.1317 24.8926 57.8444 299.561
90200 10.9607 21.7869 24.567 57.3147 296.591
90300 10.826 21.5601 24.283 56.6691 297.939
90400 10.9721 21.6821 24.0678 56.7219 304.011
90500 10.907 21.9582 23.8695 56.7348 294.957
90600 10.7487 21.8425 24.2239 56.8151 303.065
90700 10.7428 21.9374 24.4649 57.1451 317.11
90800 10.8023 21.9967 25.0145 57.8135 311.734
90900 10.6251 21.9355 25.4904 58.051 301.466
91000 10.3818 22.2687 25.4783 58.1287 295.904
91100 10.3056 22.5321 25.2354 58.0731 301.737
91200 10.2827 22.6128 24.9336 57.8291 299.114
91300 10.1956 22.5969 24.6728 57.4653 300.456
91400 10.2018 22.762 24.4593 57.4231 289.477
91500 10.5024 22.4414 24.7239 57.6676 282.155
91600 10.6641 22.2494 24.9631 57.8766 298.083
91700 10.4875 22.1226 25.2983 57.9085 314.416
91800 10.5047 22.1135 24.965 57.5832 296.7
91900 10.6893 22.4608 25.2722 58.4223 294.278
92000 10.8159 22.6311 25.3747 58.8216 298.46
92100 11.0113 22.6516 25.4299 59.0928 313.87
92200 11.2141 22.8572 25.6049 59.6761 311.4
92300 11.2158 22.862 25.3188 59.3966 306.671
92400 11.2551 23.1034 24.839 59.1975 302.052
92500 11.1227 23.2164 25.1099 59.4491 297.459
92600 10.9281 23.3745 25.4514 59.754 296.061
92700 10.7151 23.4171 25.5247 59.6569 315.548
92800 10.7065 23.5641 25.4397 59.7103 300.392
92900 10.6151 23.5723 25.4735 59.6609 316.372
93000 10.8211 23.7405 25.4862 60.0478 288.718
93100 11.2217 23.7659 25.5233 60.5109 289.007
93200 11.4365 23.5596 25.7258 60.7219 302.769
93300 11.3847 23.8627 25.733 60.9804 318.38
93400 11.2419 24.1138 25.9724 61.328 296.874
93500 10.9635 23.9228 26.4206 61.3069 297.198
93600 11.1143 23.725 26.3323 61.1716 309.786
93700 11.2436 23.3914 26.532 61.1669 296.371
93800 11.1338 23.1867 26.9331 61.2535 289.683
93900 11.2002 23.0539 26.7961 61.0502 303.158
94000 11.1173 22.989 27.379 61.4853 313.845
94100 10.9585 22.8836 27.4307 61.2728 313.345
94200 11.003 22.9948 27.5701 61.5679 301.573
94300 11.0793 23.0265 27.9192 62.025 308.512
94400 11.1698 22.9863 28.311 62.4671 293.191
94500 11.5283 22.7529 28.9191 63.2003 309.579
94600 11.5854 22.6823 29.2201 63.4878 316.374
94700 11.6235 22.3907 29.4135 63.4277 297.964
94800 11.7209 22.0243 29.3774 63.1226 298.122
94900 11.6932 21.8297 29.1513 62.6742 296.114
95000 11.793 21.7537 29.2772 62.824 287.135
95100 12.1785 21.2037 29.2106 62.5928 311.058
95200 12.4975 20.9986 29.0158 62.5118 308.949
95300 12.34 20.9354 29.0141 62.2895 301.875
95400 12.1316 20.889 29.2827 62.3033 293.299
95500 12.1487 20.9278 29.2157 62.2921 281.744
95600 12.305 20.8905 29.2959 62.4914 297.105
95700 12.6154 20.8678 29.1692 62.6523 287.151
95800 12.7333 21.0947 29.316 63.144 293.69
95900 12.6559 21.6113 29.3841 63.6514 302.512
96000 12.6697 21.6921 29.2871 63.6489 307.63
96100 12.7085 21.6457 29.0815 63.4357 295.811
96200 12.7613 21.5755 29.0075 63.3444 286.601
96300 13.0304 21.9428 29.0555 64.0287 291.613
96400 13.315 21.8633 29.0112 64.1895 290.389
96500 13.4882 21.6206 29.0564 64.1653 299.339
96600 13.2246 21.9506 29.3037 64.4789 304.487
96700 13.145 21.9922 29.2558 64.393 311.731
96800 13.4061 21.8662 29.338 64.6103 314.974
96900 13.3386 21.684 29.1638 64.1864 302.217
97000 13.5566 21.48 29.0247 64.0613 298.17
97100 13.6968 21.3402 28.9074 63.9444 307.205
97200 13.8178 21.1824 28.8198 63.8199 289.306
97300 14.0469 20.6942 28.8573 63.5984 288.304
97400 13.9731 20.6776 28.6352 63.286 302.311
97500 13.8869 20.4263 28.5701 62.8833 313.149
97600 13.6919 20.3134 28.5358 62.5411 297.819
97700 13.5057 20.322 28.9339 62.7616 299.892
97800 12.9701 20.1518 28.7989 61.9208 290.448
97900 12.9487 20.2063 28.5818 61.7368 281.178
98000 12.9377 20.2511 28.6501 61.8389 299.166
98100 12.8629 20.2766 28.4766 61.6161 305.001
98200 12.7492 20.1302 28.0871 60.9664 313.54
98300 12.6764 20.1888 28.0601 60.9252 303.863
98400 12.6379 20.1415 28.1654 60.9448 291.761
98500 12.4824 19.9304 28.2895 60.7023 290.21
98600 12.5012 19.9816 28.428 60.9109 304.87
98700 12.6268 20.1364 28.5802 61.3434 301.578
98800 12.8958 20.0476 28.5919 61.5352 303.597
98900 12.9432 20.2276 29.1215 62.2922 281.548
99000 13.0433 20.1316 29.1491 62.3241 282.171
99100 12.7195 20.567 29.0309 62.3173 297.829
99200 12.6787 20.6268 29.022 62.3275 298.303
99300 12.8281 20.5271 29.0397 62.3949 306.89
99400 12.5947 20.6751 29.0273 62.2972 299.743
99500 12.4041 20.6951 28.8811 61.9802 287.707
99600 12.6978 20.8042 28.6434 62.1454 280.326
99700 12.8122 20.6865 28.5506 62.0492 293.205
99800 12.6277 20.7696 28.7505 62.1477 302.521
99900 12.4114 21.0198 28.9601 62.3912 302.575
100000 12.6565 21.1374 29.3118 63.1058 304.298
100100 12.6789 20.9224 29.2858 62.8871 290.645
100200 12.5691 21.0987 29.5246 63.1924 304.359
100300 12.5305 21.1381 29.344 63.0127 328.657
100400 12.6607 20.7343 29.4373 62.8323 313.835
100500 12.8926 20.683 29.7898 63.3654 303.272
100600 12.8431 20.8264 30.129 63.7986 295.783
100700 12.6696 20.6718 30.0816 63.423 292.875
100800 12.7005 20.631 30.1138 63.4453 301.541
100900 12.7439 20.5398 30.3175 63.6012 302.822
101000 12.8987 20.6821 30.1061 63.6868 314.775
101100 12.8555 20.866 29.9839 63.7054 310.476
101200 13.2028 21.0255 30.1564 64.3847 296.453
101300 13.1679 21.026 30.0985 64.2924 295.736
101400 12.8831 20.9961 30.0701 63.9494 305.809
101500 12.8943 21.0275 30.2332 64.155 294.535
101600 12.9316 20.6359 30.1164 63.6839 283.301
101700 12.7896 20.5317 30.3252 63.6465 298.685
101800 12.8269 20.6988 30.4057 63.9314 313.793
101900 12.98 20.7059 30.2575 63.9434 311.702
102000 13.0794 20.5625 30.455 64.0969 294.471
102100 13.1354 20.3492 30.6454 64.1301 290.596
102200 12.9383 20.2134 30.5929 63.7446 303.786
102300 12.7373 20.4041 30.3689 63.5103 309.38
102400 12.8562 20.3038 30.4235 63.5835 298.418
102500 13.0623 20.3943 30.724 64.1806 279.904
102600 13.1083 20.3963 30.4663 63.971 286.714
102700 12.983 20.314 30.8829 64.18 297.08
102800 12.9206 20.2002 31.1109 64.2317 305.299
102900 13.2325 20.1022 31.0173 64.3521 305.288
103000 13.4351 19.7823 31.1162 64.3336 292.063
103100 13.5834 19.8584 30.8216 64.2634 283.654
103200 13.5278 19.9662 30.9643 64.4583 284.314
103300 13.1087 19.849 30.8014 63.7592 303.022
103400 13.185 19.842 30.4275 63.4545 306.606
103500 13.363 19.4979 30.4058 63.2667 301.965
103600 13.5242 19.3641 29.9739 62.8622 300.582
103700 13.6019 19.5875 29.8549 63.0443 288.214
103800 13.7282 19.1607 29.808 62.6969 289.882
103900 13.8609 18.8266 29.8118 62.4993 312.834
104000 13.8407 19.0101 29.5386 62.3894 313.29
104100 13.8414 18.7661 29.2792 61.8867 297.967
104200 14.0633 18.8059 29.5278 62.3969 295.765
104300 14.4108 18.7771 29.816 63.004 296.347
104400 14.5693 18.967 29.289 62.8253 313.608
104500 14.5536 19.176 28.8386 62.5682 314.988
104600 14.6502 19.5873 28.9014 63.1389 311.177
104700 14.5598 19.2554 28.9006 62.7157 298.793
104800 14.4852 18.9006 28.7276 62.1134 296.586
104900 14.4447 18.7205 28.65 61.8152 293.502
105000 14.2681 18.5915 28.375 61.2346 311.069
105100 14.1944 18.6287 27.8485 60.6715 318.063
105200 14.1411 18.7229 27.4777 60.3417 315.674
105300 14.0177 18.5214 26.9432 59.4824 290.927
105400 13.8983 18.7726 26.6198 59.2907 301.544
105500 13.973 18.8503 26.6863 59.5096 301.43
105600 14.1211 18.8319 26.9694 59.9224 294.62
105700 13.9596 19.0716 27.0722 60.1034 301.139
105800 13.8474 19.3684 26.9832 60.1989 309.61
105900 13.7418 19.6712 27.1275 60.5405 319.944
106000 13.5393 19.7797 27.4472 60.7662 302.718
106100 13.8417 19.9329 27.5036 61.2783 304.722
106200 14.0714 20.1512 27.5059 61.7284 309.398
106300 14.1588 20.2491 27.487 61.8949 304.364
106400 14.3276 20.5122 27.1577 61.9976 296.789
106500 14.3485 20.571 26.9392 61.8587 296.97
106600 14.5605 20.6854 26.9055 62.1514 301.252
106700 14.7822 20.7427 27.0957 62.6206 317.303
106800 14.7744 21.0669 27.3476 63.1889 320.925
106900 14.7383 21.3479 27.4491 63.5353 306.082
107000 14.4405 21.2722 27.3526 63.0653 296.836
107100 13.7681 21.2212 27.5686 62.5579 294.288
107200 13.6712 21.3566 27.6704 62.6982 311.509
107300 13.7889 21.3764 27.7976 62.9629 300.609
107400 13.6251 21.4551 27.7854 62.8656 301.189
107500 13.39 21.6721 28.0957 63.1578 287.026
107600 13.2909 21.6324 28.4378 63.3612 283.387
107700 13.1421 21.7298 28.6314 63.5033 308.561
107800 12.969 21.9916 28.5584 63.5189 317.563
107900 12.9439 22.3781 28.2668 63.5888 299.72
108000 12.7892 22.6274 27.7151 63.1317 301.736
108100 12.8714 22.7935 27.7167 63.3815 298.675
108200 13.0498 23.0291 28.143 64.2219 295.411
108300 13.0177 23.4553 28.4616 64.9346 295.796
108400 12.8173 23.9109 28.6527 65.381 315.077
108500 12.7018 24.3264 28.4267 65.455 308.822
108600 12.6272 24.6923 28.4817 65.8012 299.705
108700 12.7601 24.6713 28.6595 66.0909 297.158
108800 12.8525 24.1529 28.4088 65.4141 295.534
108900 13.0528 23.8122 28.1384 65.0034 302.946
109000 13.5893 23.7026 28.1222 65.4142 309.303
109100 13.5367 23.4343 28.2502 65.2212 314.64
109200 13.3444 23.6148 28.7186 65.6777 299.731
109300 13.3216 23.6365 29.1707 66.1288 302.309
109400 13.4852 23.3298 28.9174 65.7325 288.554
109500 13.5488 23.4501 28.5053 65.5042 293.713
109600 13.3644 23.5253 28.229 65.1187 300.958
109700 13.1215 23.519 28.3255 64.966 303.824
109800 13.4417 22.8597 28.2669 64.5683 305.392
109900 13.6754 22.7461 28.1602 64.5817 299.359
110000 13.6808 22.8943 27.9839 64.559 306.349
110100 13.7355 22.9484 27.3876 64.0716 294.829
110200 14.0375 22.9539 26.9689 63.9603 294.29
110300 14.2691 22.4646 26.915 63.6488 285.471
110400 14.5295 22.3108 26.9021 63.7424 284.757
110500 14.2874 22.1653 26.6743 63.127 298.165
110600 13.9898 22.059 26.2605 62.3093 306.241
110700 13.8591 22.2186 25.7328 61.8105 297.495
110800 13.8456 22.4266 25.613 61.8852 302.752
110900 13.9869 22.5055 25.6961 62.1886 320.699
111000 14.0993 22.7732 25.5913 62.4638 334.988
111100 14.1989 23.1173 25.8373 63.1535 321.642
111200 14.0499 23.4384 25.8957 63.384 295.696
111300 13.9702 23.9089 25.9809 63.86 291.768
111400 13.8124 24.4403 26.5405 64.7932 303.198
111500 13.6719 24.725 26.9382 65.3351 307.674
111600 13.8976 24.7903 27.0057 65.6937 309.238
111700 14.2751 24.7422 27.023 66.0402 298.9
111800 14.6346 24.5261 26.7419 65.9025 285.49
111900 14.6734 24.2063 26.7251 65.6048 302.869
112000 14.5719 24.9183 26.532 66.0221 304.228
112100 14.3613 25.4916 26.5981 66.451 299.641
112200 14.2991 25.2936 26.75 66.3426 308.377
112300 14.4667 25.4495 26.8251 66.7412 303.264
112400 14.6179 25.3246 27.1593 67.1018 293.221
112500 14.4453 25.6285 27.5061 67.5799 300.528
112600 13.9943 25.6029 27.6702 67.2674 307.775
112700 13.6691 25.4833 27.6087 66.7611 314.573
112800 13.4188 25.2188 27.6775 66.3151 297.525
112900 13.2588 25.1094 27.815 66.1832 296.473
113000 13.433 24.9744 27.987 66.3944 298.991
113100 13.5649 24.908 28.2086 66.6815 292.834
113200 13.3484 24.8536 27.9068 66.1088 303.782
113300 13.479 24.8117 27.5004 65.7911 308.048
113400 13.7641 24.6948 27.3697 65.8285 308.781
113500 13.9658 24.3387 27.0167 65.3212 310.009
113600 13.8041 23.9702 27.3368 65.1111 310.332
113700 13.6649 23.6774 27.4476 64.7899 303.239
113800 13.8572 23.6084 27.2483 64.714 298.381
113900 13.8306 23.6566 27.2323 64.7196 304.594
114000 13.621 23.2756 27.2396 64.1362 280.304
114100 13.7388 23.2061 27.2985 64.2434 305.692
114200 13.7352 23.81 27.4906 65.0358 324.995
114300 13.5117 24.4366 27.877 65.8252 296.758
114400 13.6256 24.709 28.179 66.5136 299.211
114500 13.6631 24.4962 28.3878 66.5471 292.489
114600 13.663 23.8726 28.3578 65.8934 296.205
114700 13.7977 24.0588 28.2054 66.062 318.457
114800 13.821 24.3602 27.948 66.1292 314.613
114900 13.8292 24.3065 27.5157 65.6515 292.646
115000 13.8016 24.4847 27.4583 65.7445 290.645
115100 13.5239 24.6992 27.3666 65.5897 291.595
115200 13.7619 24.7852 26.933 65.4802 311.507
115300 13.6686 24.7394 26.2801 64.6881 313.381
115400 13.628 24.9632 25.851 64.4422 305.704
115500 13.7956 25.3716 25.2692 64.4363 293.429
115600 13.8879 25.6127 24.9916 64.4922 300.678
115700 13.8598 25.6676 25.0285 64.5558 298.262
115800 14.174 25.634 24.997 64.8051 308.033
115900 14.1128 25.4763 25.126 64.7151 302.92
116000 14.0404 25.3214 25.2642 64.626 311.578
116100 14.1692 25.179 25.3889 64.7372 299.901
116200 14.4339 25.3458 25.4948 65.2744 286.593
116300 14.6427 25.6169 25.5613 65.8209 301.765
116400 14.5665 25.9112 25.5676 66.0454 296.396
116500 14.4906 26.3073 25.5992 66.3972 301.824
116600 14.6432 26.7523 25.8736 67.2691 318.01
116700 15.0064 27.3658 26.1157 68.4878 320.555
116800 15.0153 27.5968 25.9952 68.6073 300.272
116900 14.9871 27.6934 25.8367 68.5172 289.873
117000 15.0423 28.1164 25.8389 68.9975 299.683
117100 15.1028 28.464 25.8334 69.4002 307.673
117200 15.1184 29.0257 26.0475 70.1916 318.45
117300 14.9139 29.1867 26.294 70.3945 308.77
117400 14.8167 29.1252 26.2829 70.2248 289.862
117500 14.909 28.7688 26.2305 69.9082 296.775
117600 14.8822 28.2359 26.347 69.4651 294.907
117700 14.8572 28.2206 26.6233 69.701 310.454
117800 14.8706 28.0779 26.9632 69.9117 318.753
117900 14.9617 27.7685 27.001 69.7312 306.371
118000 15.0991 28.1043 26.6894 69.8928 292.76
118100 14.8608 28.1858 26.7467 69.7933 299.678
118200 14.7263 28.0568 26.7002 69.4832 302.781
118300 14.7752 28.1517 26.7111 69.6381 318.084
118400 14.9686 28.4173 26.6848 70.0707 313.821
118500 14.9846 28.6715 26.6232 70.2793 307.476
118600 14.868 28.6257 26.4149 69.9085 305.356
118700 14.5945 28.2363 26.5394 69.3701 289.556
118800 14.3208 27.9137 26.8567 69.0912 294.037
118900 14.2377 27.5453 27.1626 68.9457 314.142
119000 14.3942 27.6027 27.443 69.4399 311.265
119100 14.1894 27.8291 27.7026 69.7211 297.539
119200 14.2373 27.8707 27.8008 69.9088 291.971
119300 14.543 27.9883 27.9277 70.459 298.268
119400 14.3002 28.1808 28.0537 70.5346 298.228
119500 13.9623 28.2006 28.2239 70.3869 301.961
119600 13.9942 27.9202 28.1903 70.1047 317.254
119700 13.993 27.6946 28.0192 69.7068 306.787
119800 13.8579 27.8777 28.047 69.7826 294.299
119900 13.8029 28.355 27.9371 70.0949 291.206
120000 13.9025 28.8112 27.8379 70.5515 295.018
