#  Timestep    No_Moles    No_Specs C30H121O71N51           H
        100           2           2           1           1
#  Timestep    No_Moles    No_Specs C30H121O71N51           H
        200           2           2           1           1
#  Timestep    No_Moles    No_Specs C30H122O71N51
        300           1           1           1
#  Timestep    No_Moles    No_Specs C30H122O71N51
        400           1           1           1
#  Timestep    No_Moles    No_Specs C30H122O71N51
        500           1           1           1
#  Timestep    No_Moles    No_Specs C30H121O71N51           H
        600           2           2           1           1
#  Timestep    No_Moles    No_Specs C30H121O71N51           H
        700           2           2           1           1
#  Timestep    No_Moles    No_Specs C30H121O71N51           H
        800           2           2           1           1
#  Timestep    No_Moles    No_Specs C30H121O71N51           H
        900           2           2           1           1
#  Timestep    No_Moles    No_Specs C29H119O71N51         CH3
       1000           2           2           1           1
#  Timestep    No_Moles    No_Specs C30H120O71N51           H
       1100           3           2           1           2
#  Timestep    No_Moles    No_Specs C30H122O71N51
       1200           1           1           1
#  Timestep    No_Moles    No_Specs C30H121O71N51           H
       1300           2           2           1           1
#  Timestep    No_Moles    No_Specs C30H121O71N51           H
       1400           2           2           1           1
#  Timestep    No_Moles    No_Specs C30H122O71N51
       1500           1           1           1
#  Timestep    No_Moles    No_Specs C30H121O71N51           H
       1600           2           2           1           1
#  Timestep    No_Moles    No_Specs C30H122O71N51
       1700           1           1           1
#  Timestep    No_Moles    No_Specs C30H122O71N51
       1800           1           1           1
#  Timestep    No_Moles    No_Specs C30H121O71N51           H
       1900           2           2           1           1
#  Timestep    No_Moles    No_Specs C30H121O71N51           H
       2000           2           2           1           1
#  Timestep    No_Moles    No_Specs C30H121O71N51           H
       2100           2           2           1           1
#  Timestep    No_Moles    No_Specs C30H120O71N51           H
       2200           3           2           1           2
#  Timestep    No_Moles    No_Specs C30H120O71N51           H
       2300           3           2           1           2
#  Timestep    No_Moles    No_Specs C29H118O71N51           H         CH3
       2400           3           3           1           1           1
#  Timestep    No_Moles    No_Specs C30H122O71N51
       2500           1           1           1
#  Timestep    No_Moles    No_Specs C30H119O71N51           H
       2600           4           2           1           3
#  Timestep    No_Moles    No_Specs C30H121O71N51           H
       2700           2           2           1           1
#  Timestep    No_Moles    No_Specs C30H121O71N51           H
       2800           2           2           1           1
#  Timestep    No_Moles    No_Specs C30H122O71N51
       2900           1           1           1
#  Timestep    No_Moles    No_Specs C30H122O71N51
       3000           1           1           1
#  Timestep    No_Moles    No_Specs C30H120O71N51           H
       3100           3           2           1           2
#  Timestep    No_Moles    No_Specs C30H121O71N51           H
       3200           2           2           1           1
#  Timestep    No_Moles    No_Specs C30H120O71N51           H
       3300           3           2           1           2
#  Timestep    No_Moles    No_Specs C30H122O71N51
       3400           1           1           1
#  Timestep    No_Moles    No_Specs C30H122O71N51
       3500           1           1           1
#  Timestep    No_Moles    No_Specs C29H119O71N51         CH3
       3600           2           2           1           1
#  Timestep    No_Moles    No_Specs C30H121O71N51           H
       3700           2           2           1           1
#  Timestep    No_Moles    No_Specs C30H122O71N51
       3800           1           1           1
#  Timestep    No_Moles    No_Specs C30H121O71N51           H
       3900           2           2           1           1
#  Timestep    No_Moles    No_Specs C30H122O71N51
       4000           1           1           1
#  Timestep    No_Moles    No_Specs C30H121O71N51           H
       4100           2           2           1           1
#  Timestep    No_Moles    No_Specs C30H120O71N51           H
       4200           3           2           1           2
#  Timestep    No_Moles    No_Specs C30H122O71N51
       4300           1           1           1
#  Timestep    No_Moles    No_Specs C30H122O71N51
       4400           1           1           1
#  Timestep    No_Moles    No_Specs C30H122O71N51
       4500           1           1           1
#  Timestep    No_Moles    No_Specs C30H119O71N51           H
       4600           4           2           1           3
#  Timestep    No_Moles    No_Specs C30H121O71N51           H
       4700           2           2           1           1
#  Timestep    No_Moles    No_Specs C30H121O71N51           H
       4800           2           2           1           1
#  Timestep    No_Moles    No_Specs C30H120O71N51           H
       4900           3           2           1           2
#  Timestep    No_Moles    No_Specs C30H120O71N51           H
       5000           3           2           1           2
#  Timestep    No_Moles    No_Specs C30H121O71N51           H
       5100           2           2           1           1
#  Timestep    No_Moles    No_Specs C30H121O71N51           H
       5200           2           2           1           1
#  Timestep    No_Moles    No_Specs C30H122O71N51
       5300           1           1           1
#  Timestep    No_Moles    No_Specs C30H122O71N51
       5400           1           1           1
#  Timestep    No_Moles    No_Specs C30H122O71N51
       5500           1           1           1
#  Timestep    No_Moles    No_Specs C30H120O71N51           H
       5600           3           2           1           2
#  Timestep    No_Moles    No_Specs C30H122O71N51
       5700           1           1           1
#  Timestep    No_Moles    No_Specs C29H119O71N51         CH3
       5800           2           2           1           1
#  Timestep    No_Moles    No_Specs C30H122O71N51
       5900           1           1           1
#  Timestep    No_Moles    No_Specs C30H122O71N51
       6000           1           1           1
#  Timestep    No_Moles    No_Specs C30H122O71N51
       6100           1           1           1
#  Timestep    No_Moles    No_Specs C30H122O71N51
       6200           1           1           1
#  Timestep    No_Moles    No_Specs C29H118O71N51         CH3           H
       6300           3           3           1           1           1
#  Timestep    No_Moles    No_Specs C30H119O71N51           H
       6400           4           2           1           3
#  Timestep    No_Moles    No_Specs C30H120O71N51           H
       6500           3           2           1           2
#  Timestep    No_Moles    No_Specs C30H122O71N51
       6600           1           1           1
#  Timestep    No_Moles    No_Specs C30H122O71N51
       6700           1           1           1
#  Timestep    No_Moles    No_Specs C30H122O71N51
       6800           1           1           1
#  Timestep    No_Moles    No_Specs C30H122O71N51
       6900           1           1           1
#  Timestep    No_Moles    No_Specs C30H122O71N51
       7000           1           1           1
#  Timestep    No_Moles    No_Specs C29H119O71N51         CH3
       7100           2           2           1           1
#  Timestep    No_Moles    No_Specs C29H118O71N51         CH3           H
       7200           3           3           1           1           1
#  Timestep    No_Moles    No_Specs C30H122O71N51
       7300           1           1           1
#  Timestep    No_Moles    No_Specs C30H121O71N51           H
       7400           2           2           1           1
#  Timestep    No_Moles    No_Specs C30H122O71N51
       7500           1           1           1
#  Timestep    No_Moles    No_Specs C30H121O71N51           H
       7600           2           2           1           1
#  Timestep    No_Moles    No_Specs C30H120O71N51           H
       7700           3           2           1           2
#  Timestep    No_Moles    No_Specs C30H120O71N51           H
       7800           3           2           1           2
#  Timestep    No_Moles    No_Specs C30H122O71N51
       7900           1           1           1
#  Timestep    No_Moles    No_Specs C29H119O71N51         CH3
       8000           2           2           1           1
#  Timestep    No_Moles    No_Specs C30H120O71N51           H
       8100           3           2           1           2
#  Timestep    No_Moles    No_Specs C30H122O71N51
       8200           1           1           1
#  Timestep    No_Moles    No_Specs C30H122O71N51
       8300           1           1           1
#  Timestep    No_Moles    No_Specs C30H122O71N51
       8400           1           1           1
#  Timestep    No_Moles    No_Specs C29H118O71N51         CH3           H
       8500           3           3           1           1           1
#  Timestep    No_Moles    No_Specs C29H118O71N51           H         CH3
       8600           3           3           1           1           1
#  Timestep    No_Moles    No_Specs C30H121O71N51           H
       8700           2           2           1           1
#  Timestep    No_Moles    No_Specs C30H122O71N51
       8800           1           1           1
#  Timestep    No_Moles    No_Specs C29H121O70N51         CHO
       8900           2           2           1           1
#  Timestep    No_Moles    No_Specs C30H122O71N51
       9000           1           1           1
#  Timestep    No_Moles    No_Specs C30H120O71N51           H
       9100           3           2           1           2
#  Timestep    No_Moles    No_Specs C30H121O71N51           H
       9200           2           2           1           1
#  Timestep    No_Moles    No_Specs C30H121O71N51           H
       9300           2           2           1           1
#  Timestep    No_Moles    No_Specs C30H121O71N51           H
       9400           2           2           1           1
#  Timestep    No_Moles    No_Specs C30H122O71N51
       9500           1           1           1
#  Timestep    No_Moles    No_Specs C30H122O71N51
       9600           1           1           1
#  Timestep    No_Moles    No_Specs C29H120O71N51         CH2
       9700           2           2           1           1
#  Timestep    No_Moles    No_Specs C30H121O71N51           H
       9800           2           2           1           1
#  Timestep    No_Moles    No_Specs C29H118O71N51         CH4
       9900           2           2           1           1
#  Timestep    No_Moles    No_Specs C28H114O71N51         CH4
      10000           3           2           1           2
#  Timestep    No_Moles    No_Specs C29H117O71N51           H         CH4
      10100           3           3           1           1           1
#  Timestep    No_Moles    No_Specs C29H118O71N51         CH4
      10200           2           2           1           1
#  Timestep    No_Moles    No_Specs C29H118O71N51         CH4
      10300           2           2           1           1
#  Timestep    No_Moles    No_Specs C28H114O71N51           H         CH4         CH3
      10400           4           4           1           1           1           1
#  Timestep    No_Moles    No_Specs C29H117O71N51           H         CH4
      10500           3           3           1           1           1
#  Timestep    No_Moles    No_Specs C28H115O70N51           H         CH4        CH2O
      10600           4           4           1           1           1           1
#  Timestep    No_Moles    No_Specs C29H119O71N51         CH3
      10700           2           2           1           1
#  Timestep    No_Moles    No_Specs C29H118O71N51         CH4
      10800           2           2           1           1
#  Timestep    No_Moles    No_Specs C29H117O71N51           H         CH4
      10900           3           3           1           1           1
#  Timestep    No_Moles    No_Specs C29H118O71N51         CH4
      11000           2           2           1           1
#  Timestep    No_Moles    No_Specs C29H118O71N51         CH4
      11100           2           2           1           1
#  Timestep    No_Moles    No_Specs C29H118O71N51         CH4
      11200           2           2           1           1
#  Timestep    No_Moles    No_Specs C27H114O70N51         CH4          CO
      11300           4           3           1           2           1
#  Timestep    No_Moles    No_Specs C29H118O71N51         CH4
      11400           2           2           1           1
#  Timestep    No_Moles    No_Specs C29H118O71N51         CH4
      11500           2           2           1           1
#  Timestep    No_Moles    No_Specs C27H113O71N51         CH3         CH2         CH4
      11600           4           4           1           1           1           1
#  Timestep    No_Moles    No_Specs C28H116O70N51           H         CH4          CO
      11700           5           4           1           2           1           1
#  Timestep    No_Moles    No_Specs C29H117O71N51           H         CH4
      11800           3           3           1           1           1
#  Timestep    No_Moles    No_Specs C29H117O71N51           H         CH4
      11900           3           3           1           1           1
#  Timestep    No_Moles    No_Specs C28H113O69N50      CH5O2N         CH4
      12000           3           3           1           1           1
#  Timestep    No_Moles    No_Specs C28H112O69N50      CH5O2N           H         CH4
      12100           4           4           1           1           1           1
#  Timestep    No_Moles    No_Specs C27H113O68N50      CH5O2N         CH4          CO
      12200           4           4           1           1           1           1
#  Timestep    No_Moles    No_Specs C26H109O67N50      CH5O2N         CHO           H         CH4          CO
      12300           8           6           1           1           1           3           1           1
#  Timestep    No_Moles    No_Specs C27H113O68N50        H4ON         CHO         CH4          CO
      12400           5           5           1           1           1           1           1
#  Timestep    No_Moles    No_Specs C27H111O68N50      CH5O2N         CHO           H         CH4
      12500           5           5           1           1           1           1           1
#  Timestep    No_Moles    No_Specs C27H116O69N51         CHO         CH4
      12600           4           3           1           2           1
#  Timestep    No_Moles    No_Specs C28H113O69N50        H4ON         CHO         CH4
      12700           4           4           1           1           1           1
#  Timestep    No_Moles    No_Specs C26H112O67N50        H4ON         CHO         CH4          CO
      12800           6           5           1           1           2           1           1
#  Timestep    No_Moles    No_Specs C27H116O69N51         CHO         CH4
      12900           4           3           1           2           1
#  Timestep    No_Moles    No_Specs C28H115O71N51         CH3         CH4
      13000           3           3           1           1           1
#  Timestep    No_Moles    No_Specs C29H117O69N50        H4ON         CHO
      13100           3           3           1           1           1
#  Timestep    No_Moles    No_Specs C28H116O70N51         CHO           H         CH4
      13200           4           4           1           1           1           1
#  Timestep    No_Moles    No_Specs C28H110O70N50        H4ON         CH4
      13300           4           3           1           1           2
#  Timestep    No_Moles    No_Specs C27H105O70N50        H4ON         CH4           H         CH3
      13400           7           5           1           1           2           2           1
#  Timestep    No_Moles    No_Specs C28H110O70N50        H4ON         CH4
      13500           4           3           1           1           2
#  Timestep    No_Moles    No_Specs C30H118O70N50        H4ON
      13600           2           2           1           1
#  Timestep    No_Moles    No_Specs C27H110O69N50        H4ON         CH4          CO
      13700           5           4           1           1           2           1
#  Timestep    No_Moles    No_Specs C27H114O70N51         CH4          CO
      13800           4           3           1           2           1
#  Timestep    No_Moles    No_Specs C28H114O69N50        H4ON         CH4          CO
      13900           4           4           1           1           1           1
#  Timestep    No_Moles    No_Specs C28H108O70N50        H4ON         CH4           H
      14000           6           4           1           1           2           2
#  Timestep    No_Moles    No_Specs C28H110O70N50        H3ON         CH4           H
      14100           5           4           1           1           2           1
#  Timestep    No_Moles    No_Specs C29H114O70N50        H4ON         CH4
      14200           3           3           1           1           1
#  Timestep    No_Moles    No_Specs C27H115O70N51         CH4          CO         CH3
      14300           4           4           1           1           1           1
#  Timestep    No_Moles    No_Specs C29H117O71N51           H         CH3
      14400           4           3           1           2           1
#  Timestep    No_Moles    No_Specs C28H109O70N50        H4ON         CH4           H
      14500           5           4           1           1           2           1
#  Timestep    No_Moles    No_Specs C28H110O70N50        H4ON         CH4
      14600           4           3           1           1           2
#  Timestep    No_Moles    No_Specs C26H106O69N50        H4ON         CH4          CO
      14700           6           4           1           1           3           1
#  Timestep    No_Moles    No_Specs C28H118O70N51         CH4          CO
      14800           3           3           1           1           1
#  Timestep    No_Moles    No_Specs C26H110O68N50        H4ON         CH4          CO
      14900           6           4           1           1           2           2
#  Timestep    No_Moles    No_Specs C28H114O71N51         CH4
      15000           3           2           1           2
#  Timestep    No_Moles    No_Specs C29H116O71N51           H         CH4
      15100           4           3           1           2           1
#  Timestep    No_Moles    No_Specs C27H115O70N51         CH3         CH4          CO
      15200           4           4           1           1           1           1
#  Timestep    No_Moles    No_Specs C26H110O70N51         CH3         CH4           H          CO
      15300           6           5           1           1           2           1           1
#  Timestep    No_Moles    No_Specs C28H110O70N50        H3ON         CH3         CH4           H
      15400           6           5           1           1           1           1           2
#  Timestep    No_Moles    No_Specs C29H113O70N50        H4ON         CH4           H
      15500           4           4           1           1           1           1
#  Timestep    No_Moles    No_Specs C29H122O70N51          CO
      15600           2           2           1           1
#  Timestep    No_Moles    No_Specs C27H110O69N50        H4ON         CH4          CO
      15700           5           4           1           1           2           1
#  Timestep    No_Moles    No_Specs C25H103O67N49       CH7ON         CH4      CH4O2N          CO
      15800           6           5           1           1           2           1           1
#  Timestep    No_Moles    No_Specs C28H114O71N51         CH4
      15900           3           2           1           2
#  Timestep    No_Moles    No_Specs C29H118O71N51         CH4
      16000           2           2           1           1
#  Timestep    No_Moles    No_Specs C28H114O69N50     C2H7O2N           H
      16100           3           3           1           1           1
#  Timestep    No_Moles    No_Specs C28H117O70N51           H         CH4          CO
      16200           4           4           1           1           1           1
#  Timestep    No_Moles    No_Specs C28H111O70N50       CH7ON         CH4
      16300           3           3           1           1           1
#  Timestep    No_Moles    No_Specs C26H114O69N51          CO         CH4
      16400           5           3           1           2           2
#  Timestep    No_Moles    No_Specs C28H114O71N51         CH4
      16500           3           2           1           2
#  Timestep    No_Moles    No_Specs C25H101O67N49       CH7ON         CH4      CH4O2N           H         CH5          CO
      16600           7           7           1           1           1           1           1           1           1
#  Timestep    No_Moles    No_Specs C25H106O68N50       CH7ON         CHO         CH4          CO
      16700           6           5           1           1           1           2           1
#  Timestep    No_Moles    No_Specs C25H106O68N50       CH7ON         CHO         CH4          CO
      16800           6           5           1           1           1           2           1
#  Timestep    No_Moles    No_Specs C28H111O70N50       CH7ON         CH4
      16900           3           3           1           1           1
#  Timestep    No_Moles    No_Specs C27H109O70N49     C2H9ON2         CH4
      17000           3           3           1           1           1
#  Timestep    No_Moles    No_Specs C29H118O71N51         CH4
      17100           2           2           1           1
#  Timestep    No_Moles    No_Specs C27H113O68N50         CHO         CH4      CH4O2N
      17200           4           4           1           1           1           1
#  Timestep    No_Moles    No_Specs C28H114O71N51         CH4
      17300           3           2           1           2
#  Timestep    No_Moles    No_Specs C27H113O70N51         CHO         CH4
      17400           4           3           1           1           2
#  Timestep    No_Moles    No_Specs C27H114O70N51         CH3         CHO         CH4
      17500           4           4           1           1           1           1
#  Timestep    No_Moles    No_Specs C28H117O70N51         CHO         CH4
      17600           3           3           1           1           1
#  Timestep    No_Moles    No_Specs C27H110O69N50       CH7ON         CHO         CH4
      17700           4           4           1           1           1           1
#  Timestep    No_Moles    No_Specs C26H105O69N50       CH7ON         CHO         CH4           H
      17800           6           5           1           1           1           2           1
#  Timestep    No_Moles    No_Specs C27H113O69N51         H2O         CH4          CO         CH3
      17900           5           5           1           1           1           1           1
#  Timestep    No_Moles    No_Specs C29H117O71N51           H         CH4
      18000           3           3           1           1           1
#  Timestep    No_Moles    No_Specs C27H112O69N51         CH4         H2O          CO
      18100           5           4           1           2           1           1
#  Timestep    No_Moles    No_Specs C28H115O70N51         CHO           H         CH4
      18200           5           4           1           1           2           1
#  Timestep    No_Moles    No_Specs C27H113O70N51         CH4           H          CO
      18300           5           4           1           2           1           1
#  Timestep    No_Moles    No_Specs C27H114O70N51         CH4          CO
      18400           4           3           1           2           1
#  Timestep    No_Moles    No_Specs C28H111O70N51         CH4         H2O           H
      18500           5           4           1           2           1           1
#  Timestep    No_Moles    No_Specs C28H117O70N51           H         CH4          CO
      18600           4           4           1           1           1           1
#  Timestep    No_Moles    No_Specs C29H118O71N51         CH4
      18700           2           2           1           1
#  Timestep    No_Moles    No_Specs C27H111O69N51         CH4         H2O           H          CO
      18800           6           5           1           2           1           1           1
#  Timestep    No_Moles    No_Specs C28H111O70N51         CH4         H2O           H
      18900           5           4           1           2           1           1
#  Timestep    No_Moles    No_Specs C29H115O70N51         H2O           H         CH4
      19000           4           4           1           1           1           1
#  Timestep    No_Moles    No_Specs C28H114O71N51         CH4
      19100           3           2           1           2
#  Timestep    No_Moles    No_Specs C27H114O70N51         CH4          CO
      19200           4           3           1           2           1
#  Timestep    No_Moles    No_Specs C27H114O70N51         CH4          CO
      19300           4           3           1           2           1
#  Timestep    No_Moles    No_Specs C28H115O69N51         H2O           H         CH4          CO
      19400           5           5           1           1           1           1           1
#  Timestep    No_Moles    No_Specs C29H118O71N51         CH4
      19500           2           2           1           1
#  Timestep    No_Moles    No_Specs C27H112O69N51         CH4         H2O          CO
      19600           5           4           1           2           1           1
#  Timestep    No_Moles    No_Specs C27H111O69N50        CH5N         H2O         CH4          CO
      19700           5           5           1           1           1           1           1
#  Timestep    No_Moles    No_Specs C28H118O70N51         CH4          CO
      19800           3           3           1           1           1
#  Timestep    No_Moles    No_Specs C27H113O70N51         CH4           H          CO
      19900           5           4           1           2           1           1
#  Timestep    No_Moles    No_Specs C28H118O70N51         CH4          CO
      20000           3           3           1           1           1
#  Timestep    No_Moles    No_Specs C29H118O71N51         CH4
      20100           2           2           1           1
#  Timestep    No_Moles    No_Specs C28H117O70N51           H         CH4          CO
      20200           4           4           1           1           1           1
#  Timestep    No_Moles    No_Specs C27H114O70N51         CH4          CO
      20300           4           3           1           2           1
#  Timestep    No_Moles    No_Specs C25H102O67N49       CH7ON         CH4      CH4O2N           H          CO
      20400           7           6           1           1           2           1           1           1
#  Timestep    No_Moles    No_Specs C27H107O70N50       CH7ON         CH4
      20500           4           3           1           1           2
#  Timestep    No_Moles    No_Specs C26H110O68N50         CH4      CH4O2N          CO
      20600           5           4           1           2           1           1
#  Timestep    No_Moles    No_Specs C28H111O69N50        H5ON           H         CH4          CO
      20700           6           5           1           1           2           1           1
#  Timestep    No_Moles    No_Specs C28H114O71N51         CH4
      20800           3           2           1           2
#  Timestep    No_Moles    No_Specs C26H107O69N50       CH7ON         CH4          CO
      20900           5           4           1           1           2           1
#  Timestep    No_Moles    No_Specs C26H105O69N50       CH7ON         CH4           H          CO
      21000           7           5           1           1           2           2           1
#  Timestep    No_Moles    No_Specs C27H107O70N50       CH7ON         CH4
      21100           4           3           1           1           2
#  Timestep    No_Moles    No_Specs C26H107O69N50       CH7ON         CH4          CO
      21200           5           4           1           1           2           1
#  Timestep    No_Moles    No_Specs C27H106O70N50       CH7ON         CH4           H
      21300           5           4           1           1           2           1
#  Timestep    No_Moles    No_Specs C27H107O70N50       CH7ON         CH4
      21400           4           3           1           1           2
#  Timestep    No_Moles    No_Specs C28H113O71N51         CH4           H
      21500           4           3           1           2           1
#  Timestep    No_Moles    No_Specs C28H110O70N50       CH7ON           H         CH4
      21600           4           4           1           1           1           1
#  Timestep    No_Moles    No_Specs C26H107O69N50       CH7ON         CH4          CO
      21700           5           4           1           1           2           1
#  Timestep    No_Moles    No_Specs C27H107O70N50       CH7ON         CH4
      21800           4           3           1           1           2
#  Timestep    No_Moles    No_Specs C27H114O70N51         CH4          CO
      21900           4           3           1           2           1
#  Timestep    No_Moles    No_Specs C26H107O69N50       CH7ON         CH4          CO
      22000           5           4           1           1           2           1
#  Timestep    No_Moles    No_Specs C26H106O69N50     C2H7O2N         CH4           H
      22100           5           4           1           1           2           1
#  Timestep    No_Moles    No_Specs C28H116O69N51         CH4          HO          CO           H
      22200           5           5           1           1           1           1           1
#  Timestep    No_Moles    No_Specs C27H113O70N51         CH4           H          CO
      22300           5           4           1           2           1           1
#  Timestep    No_Moles    No_Specs C26H106O68N50       CH7ON         CH4          HO          CO
      22400           6           5           1           1           2           1           1
#  Timestep    No_Moles    No_Specs C26H106O69N50       CH7ON         CH4           H          CO
      22500           6           5           1           1           2           1           1
#  Timestep    No_Moles    No_Specs C26H107O69N50       CH7ON         CH4          CO
      22600           5           4           1           1           2           1
#  Timestep    No_Moles    No_Specs C26H107O69N50       CH7ON         CH4          CO
      22700           5           4           1           1           2           1
#  Timestep    No_Moles    No_Specs C27H111O69N50       CH7ON         CH4          CO
      22800           4           4           1           1           1           1
#  Timestep    No_Moles    No_Specs C27H110O69N50       CH7ON         CH4           H          CO
      22900           5           5           1           1           1           1           1
#  Timestep    No_Moles    No_Specs C26H107O69N50       CH7ON         CH4          CO
      23000           5           4           1           1           2           1
#  Timestep    No_Moles    No_Specs C27H111O69N50       CH7ON         CH4          CO
      23100           4           4           1           1           1           1
#  Timestep    No_Moles    No_Specs C27H111O69N50       CH7ON         CH4          CO
      23200           4           4           1           1           1           1
#  Timestep    No_Moles    No_Specs C27H110O69N50       CH7ON         CH4           H          CO
      23300           5           5           1           1           1           1           1
#  Timestep    No_Moles    No_Specs C26H106O69N50       CH7ON         CH4           H          CO
      23400           6           5           1           1           2           1           1
#  Timestep    No_Moles    No_Specs C27H111O69N50       CH7ON         CH4          CO
      23500           4           4           1           1           1           1
#  Timestep    No_Moles    No_Specs C28H115O69N50       CH7ON          CO
      23600           3           3           1           1           1
#  Timestep    No_Moles    No_Specs C26H107O69N50       CH7ON         CH4          CO
      23700           5           4           1           1           2           1
#  Timestep    No_Moles    No_Specs C27H111O69N50       CH7ON         CH4          CO
      23800           4           4           1           1           1           1
#  Timestep    No_Moles    No_Specs C26H107O69N50       CH7ON         CH4          CO
      23900           5           4           1           1           2           1
#  Timestep    No_Moles    No_Specs C26H107O69N50       CH7ON         CH4          CO
      24000           5           4           1           1           2           1
#  Timestep    No_Moles    No_Specs C26H107O69N50       CH7ON         CH4          CO
      24100           5           4           1           1           2           1
#  Timestep    No_Moles    No_Specs C28H113O69N50       CH7ON           H          CO
      24200           5           4           1           1           2           1
#  Timestep    No_Moles    No_Specs C27H111O69N50       CH7ON         CH4          CO
      24300           4           4           1           1           1           1
#  Timestep    No_Moles    No_Specs C26H108O69N50       CH7ON         CH3         CH4          CO
      24400           5           5           1           1           1           1           1
#  Timestep    No_Moles    No_Specs C26H107O69N50       CH7ON         CH4          CO
      24500           5           4           1           1           2           1
#  Timestep    No_Moles    No_Specs C26H107O69N50       CH7ON         CH4          CO
      24600           5           4           1           1           2           1
#  Timestep    No_Moles    No_Specs C28H115O69N50       CH7ON          CO
      24700           3           3           1           1           1
#  Timestep    No_Moles    No_Specs C26H107O69N50       CH7ON         CH4          CO
      24800           5           4           1           1           2           1
#  Timestep    No_Moles    No_Specs C26H107O69N50       CH7ON         CH4          CO
      24900           5           4           1           1           2           1
#  Timestep    No_Moles    No_Specs C26H107O69N50       CH7ON         CH4          CO
      25000           5           4           1           1           2           1
#  Timestep    No_Moles    No_Specs C27H111O69N50       CH7ON         CH3          CO           H
      25100           5           5           1           1           1           1           1
#  Timestep    No_Moles    No_Specs C26H106O69N50       CH7ON         CH4           H          CO
      25200           6           5           1           1           2           1           1
#  Timestep    No_Moles    No_Specs C26H107O69N50       CH7ON         CH4          CO
      25300           5           4           1           1           2           1
#  Timestep    No_Moles    No_Specs C27H111O69N50       CH7ON         CH4          CO
      25400           4           4           1           1           1           1
#  Timestep    No_Moles    No_Specs C26H107O69N50       CH7ON         CH4          CO
      25500           5           4           1           1           2           1
#  Timestep    No_Moles    No_Specs C28H115O69N50       CH7ON          CO
      25600           3           3           1           1           1
#  Timestep    No_Moles    No_Specs C26H106O69N50       CH7ON         CH4           H          CO
      25700           6           5           1           1           2           1           1
#  Timestep    No_Moles    No_Specs C27H109O69N50       CH7ON         CH4           H          CO
      25800           6           5           1           1           1           2           1
#  Timestep    No_Moles    No_Specs C26H107O69N50       CH7ON         CH4          CO
      25900           5           4           1           1           2           1
#  Timestep    No_Moles    No_Specs C26H107O69N50       CH7ON         CH4          CO
      26000           5           4           1           1           2           1
#  Timestep    No_Moles    No_Specs C26H108O69N50       CH7ON         CH3          CO           H
      26100           6           5           1           1           2           1           1
#  Timestep    No_Moles    No_Specs C28H115O69N50       CH7ON          CO
      26200           3           3           1           1           1
#  Timestep    No_Moles    No_Specs C26H107O69N50       CH7ON         CH4          CO
      26300           5           4           1           1           2           1
#  Timestep    No_Moles    No_Specs C26H106O69N50       CH7ON         CH4           H          CO
      26400           6           5           1           1           2           1           1
#  Timestep    No_Moles    No_Specs C26H107O69N50       CH7ON         CH4          CO
      26500           5           4           1           1           2           1
#  Timestep    No_Moles    No_Specs C27H111O69N50       CH7ON         CH4          CO
      26600           4           4           1           1           1           1
#  Timestep    No_Moles    No_Specs C26H105O69N50       CH7ON         CH4           H          CO
      26700           7           5           1           1           2           2           1
#  Timestep    No_Moles    No_Specs C26H106O69N50       CH7ON         CH4           H          CO
      26800           6           5           1           1           2           1           1
#  Timestep    No_Moles    No_Specs C27H111O69N50       CH7ON         CH4          CO
      26900           4           4           1           1           1           1
#  Timestep    No_Moles    No_Specs C29H122O70N51          CO
      27000           2           2           1           1
