# Stress and strain vectors, 333U-50C-1-vasp, negative deformation 5
# eps sig1 sig2 sig3 sig4 sig5 sig6
0 -0 -0 -0 -0 -0 -0
-0.0040000000000002 0.144927496133447 -0.66472750247159 -0.597355942101498 0.00777731603428582 -0.265888741290008 0.0994404466303677
-0.00799999999999985 0.534204203348502 -0.636700687803518 -0.235362413397512 -0.0841868843593339 -0.252507102283726 0.249228335331273
-0.0120000000000001 -0.0917510250213983 -0.59180027336142 -0.382804718925198 0.0719403226512293 0.0909264183491736 0.75169073814906
-0.0160000000000002 0.650520035704309 -0.375894632244295 0.0378788013371206 -0.534993936329521 -0.00325169338847642 0.485205185347235
-0.0199999999999999 0.398832808917328 -0.60590700636352 -0.419307275359784 -0.40141139087491 0.0503273076705596 0.563134096265528
-0.0240000000000001 0.161796841437974 -0.39334687531889 -0.502956698287266 -0.270613952874366 -0.415521728766671 0.532645420096473
-0.0279999999999998 0.403661776524215 -0.0775350950841921 -0.590604578038372 0.0641366203866739 0.0612717530366307 0.440349502290313
-0.0319999999999999 -0.0379845893110895 -0.135252536647137 -0.468458598544587 0.373781781605779 -0.169720322976878 0.469279258587542
-0.0360000000000001 0.446342132287225 -0.4623853918211 -0.899615312338402 0.0746589857849776 -0.246372331331436 0.642783089706872
-0.0399999999999998 0.349431490595707 -0.292573563667639 -0.0802853822968788 -0.245436400984608 -0.363497631526154 0.405028108652884
-0.044 0.93805933137418 -0.134037848973746 0.0690808088810653 -0.044547709271634 -0.512367364546383 0.11576070716148
-0.0480000000000002 0.622208967427434 -0.421013970510024 -0.165640152158054 0.103165355266569 -0.150057782575571 0.115616765062696
-0.0519999999999998 0.582066396053999 -0.662358750612644 -0.0943940944830398 -0.135915558987416 -0.0949943717586826 0.335864718159526
-0.056 0.829475902695812 -0.254575991387476 0.127351501468047 -0.028019058229893 -0.278025137689188 0.319484295007756
-0.0600000000000002 0.262228806818518 -0.619624600507947 -0.390488274777382 0.046642700227543 -0.180091405477766 0.341182937429974
-0.0639999999999998 0.248854270452422 -0.636803875165162 -0.621914837530902 0.0782332865020569 -0.460266008825842 0.29889632352143
-0.0680000000000001 0.24191278127305 -0.671026906017217 -0.686613954009455 -0.12072472874639 -0.376347663029703 0.685092816262847
-0.0720000000000002 0.062942740112899 -0.697830718911276 -0.755943234028454 -0.452747887931931 -0.617763986983796 0.397014202967315
-0.0759999999999999 0.486572447182394 -0.577885800564219 -0.640819610007044 -0.312471549405763 -0.62873259256411 0.185768060081518
-0.08 0.73779169495031 -0.0778540431694079 -0.105605024338532 -0.0820943945048569 -0.601814043082358 0.405726507953034
-0.084 0.811454091987573 0.128835984801095 0.232945234797102 -0.0118850642446053 -0.53328283405317 0.574204287597621
-0.088 0.315632236654148 -0.271983515906747 -0.67843307115065 0.0454250054047591 -0.622509607318119 0.34361420221718
-0.092 0.906246146639059 0.0436126833267741 -0.122684278175268 -0.139634484742128 -0.750603529160956 0.208541288841509
-0.096 0.48979401919394 -0.411207084764757 -0.26354483618573 -0.158937033869551 -0.596365797305832 0.101494212065785
-0.1 0.0953596764720061 -0.848386745850916 -0.643087949212099 -0.29562075528668 -0.540689009626557 0.352427478623993
-0.104 0.384869595071444 -0.330847385687835 -0.409961139598196 0.0400177705009369 -0.748392571530496 0.370207185479547
-0.108 0.633379753288454 -0.451099414270746 -0.121741486490534 -0.0795558665417858 -0.65851398075684 0.271715396029322
-0.112 0.180658204819533 -0.793449974339876 -0.967048508991407 -0.0637464127871566 -0.809805353150033 0.662943641038868
-0.116 0.555383793426187 -0.228165418709373 -0.409133635577578 -0.197932073335583 -0.738788629472189 0.55717164237367
-0.12 0.58460459263556 -0.311103987160293 -0.148240185591588 -0.264814297268596 -0.946862444827526 0.409628869344603
-0.124 0.615663193408145 -0.472778124758876 -0.18249603779572 0.0841815710526121 -0.862625135638019 0.468738734022616
-0.128 0.663026835222825 -0.270768893408679 -0.272278825331492 -0.159727140355431 -1.13041700879338 0.450223702665966
-0.132 0.288436751375493 -0.576260617375041 -0.529591873228882 -0.285105205261353 -0.918636567388236 0.434219327140904
-0.136 0.365528051386633 -0.819514300952506 -0.617870524693484 -0.177925020361137 -0.926178812307982 0.466716898342678
-0.14 0.442097219298007 -0.915609112205136 -0.712782631570461 -0.33640486026009 -0.787588771353339 0.456646565613269
-0.144 0.548601471166726 -0.0478100717656284 -0.0455040022254261 0.200721825355057 -0.935150046524235 0.660120881456833
-0.148 0.315745077456748 -0.428846169687042 -0.384816710328011 0.0417412398105305 -1.15482079334432 0.537470062285427
-0.152 0.618577108447929 -0.222707290843405 -0.218116343435256 -0.354008642981681 -1.24696865285543 0.684352255462215
-0.156 0.045170149088713 -0.715536310794584 -1.01810473511592 -0.29258447892422 -0.93049534044667 0.518713384223301
-0.16 0.816882816482929 -0.501556663108611 -0.135309787498328 -0.161912106234303 -1.21391664169873 0.419303219170453
-0.164 0.377215315680878 -0.157021501537243 -0.374117179380234 0.112807349969042 -1.21914658378203 0.395110881454613
-0.168 0.665615788599808 -0.207572406491398 -0.00340489858387113 0.0405024964797502 -1.13845528750406 0.369337785314489
-0.172 0.929595181184844 0.21671962484471 0.0181508784637119 -0.253951202160888 -1.09588203219935 0.322911948861207
-0.176 -0.134265745389955 -0.72423589996878 -0.767171633093036 -0.107544898812672 -1.16375864560126 0.281227554408105
-0.18 -0.190500337444079 -0.604282138982504 -0.82157966758829 -0.319975434250397 -1.21959305535485 0.599449377690039
-0.184 -0.108658933768895 -0.718298282951987 -0.267870758096532 -0.0192329956845849 -1.44315899852038 0.19369905422507
-0.188 -0.0396967530348272 -0.691238792528228 -0.523505948696929 0.122452084935438 -1.25513507079463 0.119012149602893
-0.192 0.209370111271267 -0.829572141767438 -0.679986834147735 0.377951613596803 -1.72034244730195 0.0691944392236671
-0.196 0.0706848025768517 -0.155376655682754 -0.544837839445311 -0.120372247273142 -0.977339695521433 0.43904521065238
-0.2 0.606798938638938 -0.0234324762857736 -0.318641230675655 -0.236792935594247 -1.25437529853075 0.611200445166969
