# Stress and strain vectors, SiO2, positive deformation 6
# eps sig1 sig2 sig3 sig4 sig5 sig6
0 -0 -0 -0 -0 -0 -0
0.0200000000000003 -0.182453932782575 -0.644154130280743 -1.1214233262565 0.554964368850609 -0.238614198351553 -0.118315062903467
0.0399999999999999 -1.4958169175072 -2.02247171189944 -2.52339098211559 0.117446191862926 0.275782604601405 0.709645604285757
0.06 -1.11168982192185 -0.940700846586457 -1.64111850026333 0.0452879881869952 -0.0103150808833891 1.1603884382971
0.08 -1.15693216367368 -1.63258588377394 -2.08774384356059 0.287358260682487 -0.00317935613307732 1.62985563419162
0.1 -2.0664633131344 -1.68436721205806 -2.51696364509538 -0.175260226320103 0.312860485936396 2.30736939008067
0.12 -1.56891629866868 -1.86134732929167 -2.31345427932203 -0.292573214117966 -0.111808988725949 2.730271511032
0.14 -1.59546486074589 -1.43704116021959 -2.01563731222885 0.280638281546087 0.716534405611474 3.11503009268624
0.16 -1.40889059455206 -1.8638069137689 -2.16929820377754 1.03522417102672 0.123451917045414 3.47956628091392
0.18 -1.49296615223419 -1.36308451131499 -1.96469982664935 -0.81627357021786 0.381361663286747 3.81627091553426
0.2 -1.51630790825983 -1.02734757538537 -1.71467829366005 -0.220249088173788 -0.0717560625417079 4.12313758954658
0.22 -1.1283454121713 -2.41607338035515 -2.41672791075175 0.622801013835202 -0.827997849065897 5.17037431227203
0.24 -0.637021787205394 -2.33027013604172 -2.34221169887676 -0.48542270360995 0.32467472116257 6.21017543804519
0.26 -0.523481198557035 -2.62483109113476 -2.47944640680825 0.792706511510708 -0.471112755007103 6.14136100369585
0.28 -1.75413070114487 -1.75754371748815 -2.22694050016162 0.00246778959099225 -0.511269085816241 6.47404367035389
0.3 -0.652086664638742 -1.95258689283909 -2.2227581731895 -0.3816730167464 0.176522172247496 7.25637858031101
0.32 -0.577685787267671 -2.38261122320487 -2.38410387723864 -0.122374750519109 -0.68890926578942 7.52999502775735
0.34 -0.545232229620392 -1.74340191174528 -1.85649099598393 -0.708287833091055 -0.738084951419715 8.07099935550378
0.36 0.143773182778082 -2.54724740565529 -2.28547238545413 0.19530901989736 -0.744159278041038 8.9109979047272
0.38 -0.52378183501153 -1.34091765875637 -1.6704085394224 0.237603189125853 -1.20971913028598 8.9922025784161
0.4 0.777716240942323 -1.98647965394369 -1.7685488259485 0.233494660955963 -0.570255971743069 10.1404185658479
0.42 1.3891633445757 -2.56886630161579 -2.15318264859441 0.455637769366079 -0.934573090644719 10.8006088754974
0.44 1.83353451366112 -2.46007345439468 -1.88640249290031 0.624808797740246 -0.349748044217294 11.4904932456432
0.46 2.35177704574754 -2.80316500677612 -1.92064720648166 -0.0583777608596307 -0.482594325357786 12.4094051211517
0.48 2.4070512614796 -2.26974548686995 -1.75603512811656 0.815303546472635 -0.812205570423425 12.5239370646164
0.5 3.24020561361919 -3.06775040152332 -2.05339726447198 -1.3542403980704 0.178819138279215 13.7515670985675
0.52 2.71269880802106 -1.97062909515075 -1.61229043199812 0.804392122107251 -1.34500879234621 13.7631934260097
0.54 3.8045069321089 -1.65064519042758 -1.35201673203375 -0.137997719639132 -1.12664152178569 14.8782428450552
0.56 4.69547795886259 -2.26368506256959 -1.12092575149606 -0.76847628134301 -0.229697340890971 15.7186145015947
0.58 4.54061658934098 -2.82153391674859 -1.96853915945324 0.194429417659963 -0.739760193563826 16.339021846032
0.6 4.32261282582887 -1.97690862766015 -1.6388573554105 -0.847128671472109 -0.651910038322429 16.8806599741563
0.62 5.82829632415142 -2.5507099991776 -1.78492468874727 0.477576641951016 -0.804730861040799 17.8794118437079
0.64 5.80611487195115 -2.61126501774659 -1.78427901693341 0.120303408999677 -0.86321812139147 18.3562426393907
0.66 6.48542789845301 -1.98830572670472 -1.54132006756504 -0.619299316951598 -0.262041370158043 19.0822753458731
0.68 7.11058389158183 -2.31562973883422 -1.31018520919996 -0.441589869648527 -0.895959989626933 19.6798159698898
0.7 8.58177595839432 -3.15597376701523 -2.13886731303801 -0.808771573187542 0.500443479823876 20.8117827426381
0.72 8.77117811718489 -3.17205371784573 -1.72295311907282 -0.876228627445895 0.226491622256166 21.0650340993267
0.74 8.15321927776405 -3.18582254995206 -2.31881579279504 -0.588687343178659 -0.300454997030003 21.68108063203
0.76 8.43829827468789 -2.04533476603167 -1.65780244448987 -1.56691553879329 0.150172972170948 22.1372527401441
0.78 10.147211355472 -3.66283802502431 -2.36105066468893 0.0165179818717403 0.131892530283754 22.7312319320978
0.8 10.2027017362722 -3.94115444063238 -2.62512327802159 -0.891699343039273 1.31473710336999 22.9776529563381
0.82 10.4203482457322 -3.97312846296204 -3.11135489098412 -1.66830421581588 0.342163278316887 23.3871441317428
0.84 11.3958767956451 -4.28500969221424 -3.0088285841796 -1.18674081149242 0.308636574461589 23.6829602855945
0.86 10.3656208149719 -4.51091272262344 -3.72335757983755 -0.851610093093714 0.581843042842095 23.1612597658421
0.88 11.8649517156762 -4.3352421725973 -3.31099354974982 -1.56680082621067 0.920404741871325 23.6442119394288
0.9 12.2661309088525 -3.99799876809078 -3.45777609407554 -0.731841721142847 0.705443439433021 23.1987732293891
0.92 12.5805588089887 -4.25978809283596 -3.89231055446889 -1.502567628867 0.550931409122559 22.8075393254333
0.94 11.8488888450672 -2.95892364109784 -3.49580624571952 -0.946564822312202 0.198154071879097 22.2489896184444
0.96 12.7586534259175 -2.98736719358072 -3.41768978198792 -0.445394535829709 -0.16694520947837 21.6561876679089
0.98 12.6095809363442 -2.58445898531287 -3.65199384850167 -0.983136834433951 -0.00371101928114062 21.5436360797056
1 13.254908125277 -2.98741503770038 -3.70811519061559 -1.49718144532812 0.00531822395370805 21.5277642855522
1.02 14.0712819173937 -2.66033861228883 -3.14758521539403 -0.661651475596433 -0.507733910532091 21.3137414025203
1.04 14.7847990748546 -1.80062126401411 -2.25894397142592 -0.169016366038299 -0.490804723153619 21.6820690167588
1.06 15.3266514006949 -0.902499029007421 -1.59211759063494 -0.410959511305885 -0.582382187494382 22.5833643835323
1.08 16.0707000786811 -1.15531513369252 -2.05549321507081 -0.782491368231586 -0.658465247017608 22.3438165197337
1.1 14.49391022509 -2.37384128752062 -3.28538275298316 -1.02298952332955 -0.723901164402851 21.9480885690679
1.12 14.6829020280923 -2.86445778299259 -3.61259428284338 -0.497060356298219 0.17204199249696 21.4590342708389
1.14 15.2383299017277 -2.27538344951203 -2.89817077545246 -0.0661975819025495 -0.328806367759306 21.1149993014523
1.16 14.0516132511554 -3.09582281325225 -2.66933343786691 -0.565156205232381 -0.509150950809853 20.4378219422208
1.18 12.5321109409997 -4.20811294801461 -3.57454261899533 0.707161129934109 -0.130265450307963 18.7615148912961
1.2 11.7957161714673 -4.56751486707896 -2.11033955266552 0.24487480547034 0.217363161206792 16.9015460865951
1.22 10.1014825893709 -5.56841195432372 -2.38403088586092 0.56376329798905 0.156803421892032 14.7099507673743
1.24 8.64900488377757 -7.64973600483785 -3.16325380918393 1.10792264106424 -0.201411878367116 12.3798662214743
1.26 6.95006748882786 -8.62419548901908 -4.46087540953786 1.21980604193752 0.00482347685848317 11.235548403726
1.28 9.83535774677353 -7.7264715995417 -2.85894508961216 0.611807923174068 -0.709704737254687 11.7742677663682
1.3 11.1844632034241 -6.12087335093042 -2.80479147480099 0.378454311612733 -0.674400977719351 12.779041882485
1.32 10.7475516662445 -6.29892479983517 -3.45433441508843 0.799859323879829 0.372725554756311 12.9521945129343
1.34 9.98832517070273 -6.61827867811805 -3.10479725040599 1.45722916876985 0.0366649938695236 12.8141247529237
1.36 10.13033086123 -6.98474849467717 -2.55168919002855 0.232785207315267 0.222875944152627 13.1471897206363
1.38 10.3668731526801 -6.60963036543922 -3.3114917243426 0.437076659332547 -0.231143102221913 13.3653152500176
1.4 12.2062766449792 -5.89042002997358 -3.21763176855516 0.324798647598998 -0.385271413201877 14.1653985795377
1.42 11.8075095211359 -6.41324959741651 -4.2791580586588 -0.012312807868199 0.374404076941802 14.5535296821976
1.44 10.8171555321879 -6.08222438729548 -4.59420186898383 0.689545892497796 1.23513096773587 14.650526670213
1.46 10.7538114865711 -5.41232655073177 -3.68922810336798 1.0114150656367 1.16773589271349 14.3852645696039
1.48 9.749259322418 -5.28554415822562 -2.90067330070307 1.36816210867206 1.142589453162 13.4338358729949
1.5 8.94912849078729 -5.97267543958473 -3.99639311225696 0.57798371867595 1.8612789215665 13.2122877945294
1.52 9.65522221134844 -6.54515462825144 -3.76604508662245 1.33994385344332 0.967409497805216 13.3180265909815
1.54 9.72940157450577 -5.90704126047756 -3.11043071461698 0.348770385587138 1.19993580139718 13.5752962575794
1.56 9.10260490684722 -5.82503675287954 -3.00134993725182 0.577296137879886 1.51796475364674 12.9101740141547
1.58 6.43027589583561 -6.6738230525543 -4.42405182706471 0.731114606914143 1.2823514381143 11.7779311410202
1.6 7.16504578433986 -5.8238708402103 -4.59181841901554 0.585624664334803 1.48750161229758 12.0167025865945
1.62 6.54324425131102 -5.42882085008797 -4.59822820519431 0.858704766778309 1.78754819115395 12.5731764258702
1.64 6.95114382022331 -6.20346075738266 -3.6619628534559 0.325425557297641 2.14185324596727 12.3329062797583
1.66 6.86278787927716 -6.29361574007494 -3.29889205525819 -0.286224357844723 1.49156208596098 11.9621741704214
1.68 5.58675151493925 -6.21616846460858 -4.35662719230123 0.514968908914472 2.03495457754219 11.591621538339
1.7 2.01809705742897 -8.89820309889049 -6.20642591936912 -0.165713026800261 1.57741518648878 10.4771093973434
1.72 3.15009976807873 -8.04971972870441 -5.22466361778803 -0.953907143231407 1.33803232828285 10.3554419560257
1.74 4.09582145870765 -7.89079362832212 -4.52429204321631 -1.06287643204811 1.44414657317587 9.6980127171974
1.76 3.514087477619 -6.05713326511182 -4.96762208953357 -1.07081158586415 0.662956654791145 9.52221890840786
1.78 4.08386287175206 -7.15981425621867 -4.27468796797585 -0.453300008969999 0.823471583918266 9.91893728310511
1.8 2.92104896017377 -5.93766021183284 -3.6413579599302 -0.449403649208817 2.01222432415691 8.96336200418915
1.82 3.47268507469501 -5.50901223334735 -4.69051716394618 -0.613171034375484 0.98417167617197 9.00431556028952
1.84 3.20474842177671 -6.20450673204514 -3.20335639047045 -0.346912281886672 0.883962548005459 9.60766616955035
1.86 2.48389169284804 -5.51688225813071 -3.51453555864115 -0.352747849938152 1.10427990944167 8.93984849555696
1.88 2.86335142603419 -7.94686060114539 -2.29288851688243 -1.63467398258934 0.748717634604361 8.96575566343212
1.9 3.68361845473561 -7.44261412408489 -2.29717182490018 -1.96404313056939 -0.23010002340846 8.45293732053117
1.92 1.92757082078405 -6.72452265504896 -3.38620313447532 -0.391333168238648 0.0821732461651436 8.86690824441018
1.94 2.35831463764371 -5.8836717975646 -3.40897433008063 -1.12351165278406 1.20934925351832 8.88893775947085
1.96 3.27769537293379 -5.17663834799649 -3.26749939139758 -0.555120229180042 -0.0380489814147582 9.74219448698215
1.98 4.561821180851 -4.53852529797941 -3.38999995921721 -1.63191965542702 -0.0974630690496849 10.7252963977141
2 4.57774860369576 -7.39355860304669 -2.39974294168173 -0.0430888397795908 1.05939326237184 9.73002312641681
