# Stress and strain vectors, SiO2, positive deformation 2
# eps sig1 sig2 sig3 sig4 sig5 sig6
0 -0 -0 -0 -0 -0 -0
0.0100000000000001 -0.333073269027008 -0.554337912323095 -1.13934951535561 0.444693981002017 0.115085576001787 0.0254937090099991
0.02 -1.31800141731658 -0.296104224682472 -1.82248678519254 -0.0916501645152884 0.181530773302708 0.188758254084385
0.0300000000000001 -0.533375002830654 0.632090130655442 -1.33657149639607 0.54592378001225 -0.270732713875329 -0.106199086611216
0.04 0.403026939188555 1.61291698609722 -0.956254086902392 0.880393835622073 0.150143101543395 0.184217034499741
0.0500000000000001 0.412682424899828 2.67586961412668 -0.398163843080385 0.45667301388241 0.554877575077061 0.0250177785638601
0.06 -0.480070436737698 3.16134754552607 -1.01189116955026 0.531115308442099 0.222776732227227 0.0438287294335083
0.0700000000000001 0.0324291665363783 4.33032061541459 -0.463651170123712 0.334160068055364 -0.362881210106802 0.156421003326769
0.08 0.477537838262369 5.07162598822971 -0.110703188817369 0.247079883484728 0.0803468347946587 -0.166235873678021
0.09 0.412076662031229 5.59015573581637 -0.0506636662315707 1.03201413549252 -0.124952795987708 -0.0984511882390887
0.1 -0.272302681864965 5.85059798282384 -0.52484098233916 0.722543446507206 -0.0294753892008812 -0.00846530969340796
0.11 -0.0937678127234506 6.9644818332946 -0.193357503897398 1.17779923131581 -0.350521436213462 0.0377743997026804
0.12 -0.28301256688776 7.71124964659063 -0.159400805458565 1.00152177879388 0.174115749505655 0.131660162782006
0.13 -0.123913983911949 8.60865430977645 -0.0375240217553673 1.17020156635085 -0.134354217696791 0.0941952012179383
0.14 -0.542835247238476 9.38426540834284 -0.063150513786374 1.14783300188979 0.00777165996381308 -0.0934183245128745
0.15 -0.875945039036536 10.1826267871597 -0.20821935456209 1.17714837251723 -0.343036732878514 0.163887285950815
0.16 -1.00751188394521 11.2204207173445 -0.189019509445787 1.18464551001723 -0.101692185843227 -0.176399598204702
0.17 -0.510239113221206 13.3926073496293 0.725927236258297 1.05817344757917 0.0712657378879712 0.121099656844282
0.18 -0.0137679099980187 15.5342456382557 1.39734173638764 0.717848187535055 0.0117579694507227 -0.0184431825976036
0.19 0.474504986470844 17.7241537352524 2.23597295853795 0.656905634935291 -0.223189537810137 -0.238285484529915
0.2 1.11530732367633 19.4781104966361 2.93817704110691 0.878819777841298 -0.168657389702567 0.0444217807395153
0.21 1.272017422245 20.8505746702349 3.3113030495123 0.826518816382049 0.233276563941099 -0.0461257957770253
0.22 1.75014460702496 22.450007921346 3.84548373500922 0.481207209664159 0.104339102034999 0.0521498901519454
0.23 2.51112751504474 24.4331836300516 4.77934261124223 0.0945387417995974 -0.111585733176843 0.0640783614929888
0.24 2.79024952314417 26.019860631474 5.30652674374992 0.179460513933508 -0.149642700682125 -0.0306796073587969
0.25 3.81060636743422 28.0915835252337 6.31773797578708 0.0447173920450913 0.0854434573860545 0.0928841778570184
0.26 4.8499898551762 30.153314908385 7.50822308047112 0.182305082274289 0.0356962696436139 -0.0552047335583217
0.27 5.55785576923295 31.5669739299281 8.17800991858187 -0.0836538394539059 -0.120027625214228 0.0105576403933998
0.28 6.23579899285822 32.876550282257 8.89610214841976 -0.105810146087917 -0.0983977193618415 0.0936321133466263
0.29 6.72369400014615 34.1704245028095 9.36408518436804 0.172557843838033 -0.079691615203659 -0.0820864086819697
0.3 7.35447165710333 35.6235493418355 10.1069843592931 -0.105627894001771 -0.0549023402226324 0.016266587498226
0.31 7.98591670699297 37.1165539149228 10.6767726214691 -0.0490191453144243 -0.0787475455314571 0.160590752981748
0.32 8.13807680511005 37.9565205530817 10.843155676854 -0.0870850964901848 -0.155050831053628 -0.0504902733709821
0.33 8.66964805993793 39.0750076825993 11.4021667090029 0.0356208261375398 0.0459250241485595 0.084557894652571
0.34 9.30967174258189 40.0022424814772 11.8522566991502 0.176678208733015 0.037310127334782 -0.121203146960594
0.35 9.66964822325723 40.6663792540138 12.2097463751565 0.0913273052847081 -0.0646643270778859 -0.0999445435980322
0.36 10.1780346047283 41.7529639073192 12.6211645448892 0.0336926475180306 0.0828402049416147 0.111190688754819
0.37 10.2260703157267 42.1672965082973 12.6772118035926 0.272165769630283 -0.0958424897999447 -0.153110200052061
0.38 10.5321385921156 43.4285358004992 13.0308970003757 0.216910297937437 -0.0107964328047086 0.0608361122835289
0.39 10.7090223807837 44.293723004685 13.3746548366866 0.166349869642407 -0.00732705660973558 -0.00755301344420461
0.4 10.7161553775658 45.1205782312183 13.2278729472278 0.215720026316193 0.0832210980570819 -0.0204628458510515
0.41 10.6690425064414 45.7316022405212 13.3911545278816 -0.0341154696446997 -0.174393905107651 0.0795654434308397
0.42 10.8518714572014 46.5845935540514 13.5035711017753 0.0784539061355986 -0.209707916106863 -0.143341536163482
0.43 11.0666362593188 47.381390974631 13.7694730633062 0.204808165012068 -0.0853159261547476 0.0702997761927997
0.44 11.3493673658768 48.0532372433614 14.0619239977632 0.21073385728168 -0.123224816263188 0.0309544963320604
0.45 11.7296422810825 48.9408024341675 14.3586303844903 0.215385649048231 -0.144025088111125 -0.0183518074901144
0.46 11.5175120593054 48.7557388085345 14.071534350813 0.161602405329052 -0.103873414907678 0.00133347822855125
0.47 11.3416278060631 49.0770858537606 13.9995720489251 0.305600553639976 -0.0891266533252118 -0.000349838834518306
0.48 11.189547677518 49.3655776466461 13.8065322889432 0.165610091011747 -0.124005089696959 0.0251773027267884
0.49 10.9129235482884 49.5972789336909 13.5914498326659 0.176241707206736 -0.0593471455748152 0.070479978866003
0.5 10.7412094025547 49.5869582076492 13.4703993294566 0.19474740932313 0.103916102581535 -0.024494733317853
0.51 10.8818079061645 50.1976720248896 13.5312613822872 0.281687915397449 -0.061384685208023 0.113191213402809
0.52 10.7553803023369 50.348485914903 13.4745080997695 0.179566550109128 -0.128694294083331 -0.0787550325928447
0.53 10.8643583691576 50.4641478251833 13.5356987984194 0.254114722064049 0.106506693814786 0.085548277050196
0.54 10.882031840728 50.6899931008586 13.4194080003633 0.151568047366438 -0.140394233617857 -0.0954199191034281
0.55 11.0034451023767 51.2447078084065 13.5502732060481 0.340900827143903 -0.0605004629665103 -0.0254088518460776
0.56 11.1091738163151 51.8048421931551 13.6783108159555 0.185629216583085 0.0575860721512889 -0.019237040435743
0.57 11.203442698384 52.3855328993978 13.6849774175201 0.215323501691409 0.141015293577778 -0.0358971147511947
0.58 11.4312700794495 53.0290604959711 13.9264139023479 0.0572939459866601 -0.113872517291298 0.0341573500425267
0.59 11.4655098956946 53.7409080331015 13.9692652703083 0.0397827621244544 0.0593029554986465 -0.0694278039559458
0.6 11.7692872868579 54.263063751678 14.2562079465982 0.109416946318188 0.0618718159019441 0.070080433245697
0.61 11.9944124974638 55.5006714772342 14.5690758833878 0.0171654273783967 -0.145398690702571 -0.0351538177975002
0.62 12.4466155913865 55.9658654721845 14.8147059288267 0.0131577943289079 0.093044438614098 -0.019898912534884
0.63 12.3931558965919 57.0659465074961 14.9993717835218 0.0651087151563023 0.0360894282582293 0.0703148876601198
0.64 12.5413265643945 56.726188408493 14.9412496217959 -0.060238828203424 -0.0126007554069715 -0.0418791474374426
0.65 11.0655708649791 52.7957060491841 13.4593649423563 -0.274110416591957 0.244147823394661 0.354618954211577
0.66 9.49027766174683 44.0938987531892 11.7164025569304 -0.406243139511758 0.264266865021345 0.287398299817336
0.67 6.57674323566469 32.0104966865161 8.64249213942539 0.283471704705535 0.266635022987974 -0.0105664159156102
0.68 2.12477369833617 16.2922982177636 3.4232112841462 -0.6540439062037 -0.356382884342897 0.369191921577326
0.69 -0.0122936529575988 6.97480374127516 0.753882395829697 -0.551657377207386 0.0721207624661097 0.467094836917027
0.7 -1.75415691950186 2.04386974331625 -1.47038812711979 -0.411554643085633 -0.512733650296423 0.6570916278329
0.71 -2.78706811525793 -0.758604449642264 -1.9568695251261 0.201883609076672 -0.546724350816984 0.28923151836739
0.72 -1.87097655538706 -1.22422466840437 -1.99498437623514 -0.325574216186791 -0.640177382836095 -0.371852659686037
0.73 -2.64875391104183 -0.685045368420891 -2.37044165235506 -0.155406026843759 0.00364067120534245 -0.0282754878652913
0.74 -2.26281823014338 -0.190708267349654 -2.00249515014616 0.0384122765524191 -0.234048369731101 -0.0176104961522893
0.75 -1.65590109856594 0.174078308037408 -1.67797923654195 -0.149478509275874 -0.0346429079747156 0.123846196903531
0.76 -1.73857268066429 0.98794739070312 -1.34141732572581 0.474331498476609 -0.0403745754233527 0.0393897661922604
0.77 -1.52401185320251 0.984321855023495 -0.785974553646863 0.0803616464662106 -0.00222759592580353 0.294819772551911
0.78 -1.76133287386647 0.116834182933472 -1.53023505326882 0.417303336911367 -0.342099845726903 0.0342613919112758
0.79 -2.04392260920055 0.225820928756184 -1.84243712298147 0.223826304701115 -0.452743533178667 0.0864397770766035
0.8 -1.88116661049352 -0.272059137741057 -1.89515192548983 0.309857927896169 0.49896420372649 0.347390872229716
0.81 -1.13310244692662 -0.273696555943455 -1.99223193605729 0.252312535841246 -0.0976582084608046 -0.121611409718728
0.82 -1.84846233754894 -0.546905003373389 -1.82115578643471 0.0565693677924728 -0.1433807930443 -0.180263285003838
0.83 -2.32368735823206 0.0819258312168501 -1.63099339009412 0.134667675964665 0.698068892251137 -0.0648314546281601
0.84 -1.96948503704101 0.346907725573528 -1.67891899509066 -0.218316690466156 0.0803559561884889 0.0828956674479902
0.85 -1.12682568388455 0.755019492402942 -1.33282350243494 -0.220437747154179 -0.338778399877894 0.2387351936334
0.86 -1.12334808610155 -0.0212927560789114 -1.24673837571592 -0.229906903546321 -0.25170285071699 0.0103850434442163
0.87 -1.43982816609394 0.386612097371183 -1.67785240853728 0.0724158089389241 -0.674752595041075 -0.188098342124606
0.88 -1.61883983592822 -0.576511794679426 -2.11798446807859 -0.152282259236023 0.112090704886943 -0.305746673275726
0.89 -1.28388502887337 -0.231501091832795 -1.93623624134703 0.0451866623698976 -0.0161744168986028 0.0633465849392398
0.9 -1.2210948887732 0.226468590861444 -1.4069461711709 -0.215993897873833 -0.158975235426015 -0.0429106757531866
0.91 -2.13240592993982 0.013406414816684 -1.72711583459159 -0.0205028320573102 -0.150506782745884 0.255217527479151
0.92 -1.19457093233368 -0.132187318131697 -1.61319418713956 0.0912666793234846 -0.520236864849035 0.0622340914753827
0.93 -2.07922781432416 0.177141809786596 -1.51184126854623 -0.0525536938134372 -0.114519207519584 -0.345313686998545
0.94 -1.89587567285889 0.272994403794956 -1.26377314642419 0.22364174351901 -0.0938805887265249 -0.191708707262519
0.95 -1.36475569880923 0.303843132479409 -1.34939155502272 0.103760857109262 -0.0271707783740656 0.16117521953588
0.96 -1.27770603594836 0.0606734192086623 -1.57542668176865 0.0181332635210228 0.10839348157556 0.140563597723606
0.97 -1.39341646176256 0.146210384996563 -1.36288853175557 -0.176393090185322 -0.766160649905078 -0.129281508766999
0.98 -1.34623408808557 0.140844688496532 -1.91449162626946 -0.0321838712839107 0.047456787032166 0.215306901569906
0.99 -1.23228309475878 -0.246656523681294 -1.7616670912515 -0.0601238285595156 -0.0892463830583465 0.15234149099636
1 -0.895735487078052 0.55366492162765 -1.09900373373366 -0.109944264122182 -0.279113457069302 0.270785685574772
