# Time-averaged data for fix myMSD
# TimeStep MSD_X MSD_Y MSD_Z MSD_Total Temperture
100 0.0187866 0.0178945 0.0177345 0.0544157 199.07
200 0.0844482 0.0826088 0.0830815 0.250139 247.446
300 0.158937 0.157728 0.168117 0.484782 304.484
400 0.21783 0.220853 0.248552 0.687235 331.856
500 0.275601 0.285186 0.303843 0.86463 316.301
600 0.344997 0.386892 0.345724 1.07761 282.345
700 0.402015 0.453248 0.380271 1.23553 299.824
800 0.425302 0.497645 0.450042 1.37299 305.71
900 0.445896 0.508679 0.524729 1.4793 307.28
1000 0.50955 0.556324 0.600524 1.6664 315.193
1100 0.600328 0.63646 0.659252 1.89604 315.19
1200 0.678394 0.778098 0.786394 2.24289 300.552
1300 0.746346 0.960627 0.895961 2.60293 306.085
1400 0.783737 1.03814 0.957208 2.77908 319.812
1500 0.82926 1.09603 0.976847 2.90214 331.196
1600 0.895246 1.14079 0.952004 2.98804 360.882
1700 0.920509 1.13913 0.945722 3.00536 337.436
1800 1.00341 1.1571 0.89433 3.05484 356.672
1900 1.10569 1.22629 0.934162 3.26614 341.019
2000 1.17316 1.30726 0.980244 3.46066 345.441
2100 1.21864 1.40581 1.07237 3.69682 419.936
2200 1.35367 1.46937 1.1606 3.98363 394.447
2300 1.40018 1.51685 1.21346 4.13049 315.293
2400 1.38962 1.59894 1.27815 4.26671 317.039
2500 1.38235 1.66034 1.27157 4.31426 291.862
2600 1.41806 1.65035 1.28697 4.35538 274.008
2700 1.48874 1.61555 1.37847 4.48276 282.355
2800 1.43602 1.66742 1.41773 4.52117 310.224
2900 1.38944 1.72855 1.52232 4.64031 322.041
3000 1.41252 1.71081 1.57755 4.70087 342.645
3100 1.41542 1.69974 1.55782 4.67298 332.199
3200 1.45018 1.67962 1.58727 4.71706 294.282
3300 1.44558 1.73763 1.54516 4.72837 297.267
3400 1.40801 1.82409 1.51428 4.74639 287.417
3500 1.38701 1.80512 1.56496 4.75709 290.834
3600 1.43477 1.82182 1.59853 4.85512 309.694
3700 1.53746 1.90018 1.62566 5.06331 325.648
3800 1.54982 1.93499 1.70153 5.18634 331.04
3900 1.57142 1.83555 1.80329 5.21026 349.284
4000 1.5415 1.92532 1.92609 5.39292 313.737
4100 1.53138 1.99975 1.98838 5.51951 299.507
4200 1.56825 1.93149 1.91829 5.41803 287.933
4300 1.61758 1.76957 1.96958 5.35673 314.783
4400 1.59461 1.6807 1.93376 5.20906 330.897
4500 1.58406 1.68837 1.92256 5.195 364.546
4600 1.65109 1.72863 1.87066 5.25039 326.013
4700 1.62675 1.67732 1.86004 5.16412 309.4
4800 1.70725 1.62306 1.81816 5.14846 299.743
4900 1.80808 1.59068 1.77592 5.17469 288.661
5000 1.77751 1.5755 1.82324 5.17626 292.665
5100 1.81606 1.58254 1.80027 5.19887 294.515
5200 1.89473 1.54244 1.76336 5.20053 300.825
5300 1.9079 1.49675 1.78703 5.19168 317.074
5400 1.90825 1.55934 1.75897 5.22655 311.27
5500 1.95998 1.5719 1.76437 5.29625 301.437
5600 1.98126 1.54285 1.77161 5.29572 305.305
5700 1.88773 1.54609 1.81263 5.24644 299.132
5800 1.87609 1.6278 1.91709 5.42098 297.542
5900 1.97637 1.66675 1.97524 5.61836 281.177
6000 2.05906 1.67118 1.95079 5.68102 282.333
6100 2.02754 1.65968 1.91913 5.60635 302.361
6200 2.03935 1.59587 1.79385 5.42908 292.834
6300 2.0592 1.60862 1.78592 5.45374 312.292
6400 1.97824 1.59357 1.75853 5.33033 307.776
6500 1.9457 1.64922 1.79815 5.39307 293.632
6600 1.98078 1.71815 1.81367 5.51261 304.417
6700 2.06589 1.70065 1.82724 5.59378 310.272
6800 2.16464 1.74862 1.87109 5.78434 313.311
6900 2.14653 1.79162 1.96468 5.90283 311.834
7000 2.17699 1.73716 1.95749 5.87164 306.229
7100 2.1876 1.74064 1.87891 5.80715 297.304
7200 2.20335 1.78005 1.94851 5.93191 315.805
7300 2.2272 1.82283 1.88315 5.93318 296.234
7400 2.23409 1.75859 1.8955 5.88818 311.849
7500 2.16883 1.74202 1.92157 5.83242 287.138
7600 2.12463 1.72915 1.92722 5.781 299.178
7700 2.09121 1.76908 2.02315 5.88344 310.074
7800 2.06057 1.7798 1.9327 5.77307 329.354
7900 2.02228 1.73549 1.94163 5.6994 314.229
8000 1.97757 1.75496 2.04749 5.78002 301.475
8100 2.00908 1.86529 2.03763 5.912 285.465
8200 2.08969 1.86669 1.94859 5.90497 308.775
8300 2.09159 1.85674 1.97517 5.92351 310.935
8400 2.03638 1.78531 1.97844 5.80013 300.746
8500 2.06923 1.75006 1.95271 5.77201 290.52
8600 2.19633 1.81028 1.91456 5.92117 285.799
8700 2.19343 1.8807 1.795 5.86913 305.286
8800 2.17972 1.92354 1.8832 5.98646 304.296
8900 2.21248 1.91462 1.92961 6.05671 303.936
9000 2.11451 1.84678 1.90203 5.86332 290.254
9100 1.9909 1.8435 1.97782 5.81221 288.588
9200 1.94085 1.91492 2.05109 5.90685 276.072
9300 2.01499 1.90552 1.99933 5.91984 285.949
9400 2.13261 1.79582 1.99597 5.9244 297.158
9500 2.16893 1.8528 1.99596 6.01768 305.474
9600 2.07835 1.93726 2.01611 6.03172 303.536
9700 2.01831 1.99304 1.97516 5.9865 296.116
9800 2.0819 2.04181 1.86231 5.98602 278.893
9900 2.17389 2.04577 1.84725 6.06692 285.624
10000 2.13588 1.96931 1.85447 5.95966 298.48
10100 2.10173 1.90739 1.85208 5.8612 292.025
10200 2.09955 1.90493 1.78887 5.79335 316.303
10300 2.08794 1.93338 1.90103 5.92235 305.775
10400 2.10338 1.97539 1.90173 5.9805 301.557
10500 2.08697 1.92156 1.99947 6.008 289.089
10600 2.02561 1.85237 2.00975 5.88773 296.138
10700 1.97986 1.89107 2.01769 5.88863 310.274
10800 1.95509 1.9425 2.08403 5.98162 301.341
10900 1.97837 1.89167 2.16827 6.03831 320.967
11000 1.96026 1.91741 2.13147 6.00913 353.55
11100 1.99291 1.92741 2.08004 6.00035 319.761
11200 2.01217 1.91577 2.16234 6.09029 298.824
11300 2.01633 1.9298 2.15777 6.1039 304.346
11400 2.05319 1.90262 2.24542 6.20122 279.51
11500 1.96325 1.94845 2.19944 6.11115 290.372
11600 1.9353 1.87144 2.04856 5.8553 324.186
11700 1.97125 1.89477 2.02418 5.89021 296.512
11800 1.94066 1.93928 2.01494 5.89487 311.187
11900 1.92134 1.94299 1.97032 5.83465 282.603
12000 1.92209 1.9503 2.00625 5.87864 274.389
12100 1.98873 1.94938 2.00353 5.94164 304.181
12200 2.01451 1.9534 1.97764 5.94555 322.782
12300 2.05799 1.98696 2.10705 6.152 294.982
12400 2.06707 2.03814 2.1862 6.29142 307.299
12500 2.06425 1.97865 2.17865 6.22154 296.526
12600 2.11167 2.06276 2.27116 6.44559 295.48
12700 2.14261 2.10661 2.23942 6.48864 291.124
12800 2.09011 2.12404 2.20325 6.4174 314.855
12900 2.11866 2.13851 2.29849 6.55565 303.436
13000 2.08913 2.09 2.20343 6.38256 333.193
13100 2.14492 1.98595 2.22986 6.36073 294.029
13200 2.17989 1.95992 2.26981 6.40961 287.857
13300 2.12297 1.90719 2.25024 6.2804 303.505
13400 2.09027 1.90725 2.3083 6.30582 320.925
13500 2.09309 1.98861 2.332 6.4137 303.32
13600 2.0116 2.04641 2.34978 6.40779 340.053
13700 2.01315 2.04506 2.35075 6.40896 323.025
13800 1.99845 2.04736 2.35189 6.3977 294.945
13900 2.01265 2.12123 2.34217 6.47604 279.307
14000 1.98158 2.09275 2.28988 6.36421 292.758
14100 1.93593 2.08235 2.24705 6.26533 314.233
14200 1.89734 1.95359 2.15605 6.00699 306.283
14300 1.90387 1.94063 2.11703 5.96154 298.317
14400 1.90722 1.97476 2.12407 6.00605 291.237
14500 1.97091 1.94561 2.15793 6.07445 290.987
14600 2.09067 1.94375 2.09057 6.12498 290.282
14700 2.05749 2.01125 2.12423 6.19297 300.502
14800 2.13067 1.99314 2.2055 6.32932 308.314
14900 2.15044 2.02753 2.0953 6.27328 313.334
15000 2.24259 2.12534 2.04348 6.41141 298.24
15100 2.34531 2.16513 2.11396 6.6244 291.321
15200 2.40235 2.24691 2.2057 6.85495 298.111
15300 2.47387 2.28501 2.31036 7.06924 306.002
15400 2.4962 2.26868 2.32068 7.08556 305.08
15500 2.56397 2.24691 2.2876 7.09847 315.855
15600 2.61111 2.24528 2.3069 7.16329 322.723
15700 2.56726 2.31089 2.23488 7.11302 296.429
15800 2.48172 2.31376 2.23803 7.03351 284.75
15900 2.39236 2.24249 2.15667 6.79152 301.17
16000 2.35114 2.16743 2.18347 6.70205 303.688
16100 2.31369 2.1315 2.20662 6.65181 306.026
16200 2.30813 2.09874 2.24803 6.65491 308.05
16300 2.27126 2.15295 2.28566 6.70987 299.921
16400 2.29931 2.26522 2.20249 6.76702 297.986
16500 2.32051 2.30587 2.29806 6.92444 295.8
16600 2.33233 2.32432 2.39864 7.05528 266.118
16700 2.39177 2.41115 2.41934 7.22227 286.829
16800 2.35025 2.4888 2.49407 7.33313 288.692
16900 2.33082 2.38603 2.38712 7.10398 300.451
17000 2.33166 2.31158 2.27659 6.91984 311.674
17100 2.2306 2.27241 2.24389 6.7469 304.117
17200 2.18098 2.28258 2.27877 6.74233 283.305
17300 2.18254 2.24882 2.30821 6.73957 290.072
17400 2.20925 2.17091 2.24028 6.62045 291.476
17500 2.18007 2.13282 2.31622 6.6291 298.993
17600 2.18647 2.13575 2.30769 6.6299 305.328
17700 2.17011 2.17577 2.35029 6.69618 325.994
17800 2.23263 2.22898 2.37654 6.83815 306.574
17900 2.35077 2.2307 2.56062 7.14209 308.567
18000 2.37178 2.26071 2.68649 7.31898 297.569
18100 2.35065 2.22823 2.58422 7.1631 293.745
18200 2.34107 2.19357 2.51715 7.05179 297.132
18300 2.30366 2.21493 2.54568 7.06427 312.565
18400 2.3221 2.25948 2.6019 7.18349 318.082
18500 2.27763 2.30342 2.51945 7.1005 300.544
18600 2.32396 2.31817 2.43319 7.07532 293.604
18700 2.35141 2.28142 2.43484 7.06767 305.585
18800 2.39918 2.22126 2.55372 7.17415 311.917
18900 2.46002 2.19645 2.52534 7.18181 295.611
19000 2.47142 2.24183 2.5328 7.24604 295.502
19100 2.45052 2.30913 2.5205 7.28016 284.363
19200 2.41355 2.29421 2.44364 7.1514 317.397
19300 2.41835 2.27821 2.42428 7.12083 301.342
19400 2.449 2.3097 2.38335 7.14205 293.362
19500 2.47528 2.36025 2.38557 7.2211 296.352
19600 2.50696 2.37041 2.37868 7.25605 295.595
19700 2.45504 2.29436 2.37142 7.12082 296.488
19800 2.42112 2.27915 2.40934 7.10961 298.834
19900 2.44742 2.31297 2.47354 7.23394 312.511
20000 2.49339 2.33401 2.55179 7.37919 310.011
20100 2.53684 2.40129 2.69415 7.63228 319.58
20200 2.46849 2.46317 2.82903 7.76069 307.394
20300 2.48227 2.5645 2.87199 7.91875 294.042
20400 2.5681 2.5613 2.76693 7.89633 286.115
20500 2.63012 2.58685 2.66512 7.88208 312.42
20600 2.73469 2.72728 2.69059 8.15256 338.558
20700 2.73534 2.85416 2.64214 8.23165 319.12
20800 2.79651 2.79099 2.56182 8.14932 344.957
20900 2.7604 2.75432 2.56634 8.08106 311.329
21000 2.62441 2.71813 2.56315 7.90569 306
21100 2.61932 2.73455 2.5437 7.89757 286.006
21200 2.59925 2.68241 2.56737 7.84903 284.1
21300 2.65827 2.67297 2.52705 7.85829 300.345
21400 2.62458 2.61889 2.48482 7.72828 299.303
21500 2.44813 2.68576 2.47308 7.60698 321.166
21600 2.43256 2.71376 2.52759 7.67391 315.646
21700 2.45598 2.70858 2.58305 7.74761 300.498
21800 2.45312 2.74019 2.68429 7.8776 287.672
21900 2.3916 2.84694 2.68334 7.92188 294.392
22000 2.32536 2.81622 2.64346 7.78504 316.647
22100 2.318 2.78865 2.68745 7.79409 310.074
22200 2.40107 2.93907 2.63695 7.9771 296.983
22300 2.54638 3.03224 2.50726 8.08589 305.96
22400 2.53415 2.93424 2.57148 8.03986 309.296
22500 2.6082 3.03207 2.61273 8.25299 295.925
22600 2.56425 3.05901 2.63603 8.25928 292.39
22700 2.62094 3.05089 2.61423 8.28605 306.481
22800 2.58263 3.14107 2.62975 8.35345 319.303
22900 2.58621 3.05613 2.60062 8.24296 323.528
23000 2.64549 3.11094 2.63163 8.38805 312.161
23100 2.69748 3.257 2.66329 8.61777 308.147
23200 2.61063 3.34953 2.69332 8.65349 305.477
23300 2.70424 3.45657 2.69701 8.85781 291.538
23400 2.77158 3.51619 2.78866 9.07643 293.014
23500 2.7609 3.6428 2.70023 9.10394 292.359
23600 2.9291 3.81621 2.57843 9.32374 314.15
23700 2.94151 3.96015 2.55739 9.45905 340.294
23800 2.9533 3.94135 2.4965 9.39115 325.879
23900 3.08735 3.82763 2.55782 9.47279 320.215
24000 3.10695 3.69498 2.70678 9.50871 304.23
24100 3.08412 3.68854 2.7925 9.56517 305.748
24200 3.11403 3.67009 2.89755 9.68167 285.276
24300 3.09245 3.59586 2.89649 9.5848 296.926
24400 3.05484 3.62966 2.96871 9.65321 305.211
24500 3.06766 3.72351 3.04314 9.83431 315.242
24600 3.2531 3.82947 3.07836 10.1609 309.928
24700 3.30911 3.73327 3.03852 10.0809 299.487
24800 3.27127 3.63923 2.98121 9.89171 291.313
24900 3.32271 3.75399 2.9752 10.0519 302.386
25000 3.36516 3.66784 3.0735 10.1065 312.689
25100 3.36586 3.67326 3.00933 10.0485 307.912
25200 3.41547 3.64643 2.94711 10.009 298.096
25300 3.38994 3.55584 3.00891 9.9547 291.879
25400 3.34342 3.46952 3.0624 9.87534 287.853
25500 3.34596 3.4922 3.13354 9.97171 306.276
25600 3.27968 3.52574 3.1255 9.93092 314.225
25700 3.3185 3.66766 3.10188 10.088 312.494
25800 3.38957 3.68967 3.10836 10.1876 311.58
25900 3.40053 3.62009 3.17728 10.1979 297.445
26000 3.48327 3.46438 3.24215 10.1898 298.386
26100 3.50589 3.3958 3.34865 10.2503 298.491
26200 3.45772 3.38718 3.38971 10.2346 319.461
26300 3.53904 3.53264 3.35286 10.4245 315.02
26400 3.69142 3.55548 3.34347 10.5904 293.683
26500 3.59957 3.51102 3.42739 10.538 294.351
26600 3.63226 3.49648 3.45142 10.5802 292.884
26700 3.64792 3.5313 3.38092 10.5601 310.704
26800 3.43789 3.59415 3.34006 10.3721 316.599
26900 3.47893 3.65346 3.4193 10.5517 297.886
27000 3.54787 3.7823 3.44221 10.7724 285.757
27100 3.66113 3.91954 3.44576 11.0264 300.681
27200 3.7174 3.97464 3.46648 11.1585 295.108
27300 3.81579 3.92156 3.50625 11.2436 304.776
27400 3.78154 3.99984 3.62014 11.4015 323.977
27500 3.71768 3.89589 3.58023 11.1938 316.557
27600 3.76667 3.92443 3.49288 11.184 301.188
27700 3.79617 3.90198 3.49615 11.1943 300.784
27800 3.93742 3.85268 3.49044 11.2805 291.507
27900 3.97466 3.81419 3.49585 11.2847 300.777
28000 3.95254 3.87348 3.46521 11.2912 314.91
28100 4.02695 3.83948 3.4435 11.3099 311.95
28200 4.01352 3.74406 3.52859 11.2862 290.041
28300 3.79701 3.6482 3.3909 10.8361 293.2
28400 3.67918 3.72839 3.45524 10.8628 291.869
28500 3.60531 3.85777 3.47873 10.9418 299.569
28600 3.54449 3.92422 3.48482 10.9535 302.509
28700 3.51308 4.00487 3.61491 11.1329 308.305
28800 3.48358 4.00098 3.60678 11.0913 296.007
28900 3.5092 3.8452 3.50627 10.8607 292.975
29000 3.55966 3.8272 3.42465 10.8115 303.465
29100 3.52519 3.88265 3.35629 10.7641 309.821
29200 3.50755 3.93002 3.37554 10.8131 319.982
29300 3.57332 4.06558 3.41776 11.0567 301.228
29400 3.70363 4.03293 3.48607 11.2226 296.767
29500 3.76819 4.04276 3.49841 11.3094 292.594
29600 3.81433 4.06557 3.58223 11.4621 303.567
29700 3.6825 3.96907 3.54216 11.1937 315.444
29800 3.65364 3.85063 3.53641 11.0407 322.104
29900 3.79361 3.70773 3.54123 11.0426 316.117
30000 3.82424 3.66211 3.58593 11.0723 316.715
30100 3.86504 3.77095 3.65422 11.2902 305.179
30200 3.83909 3.91486 3.71027 11.4642 297.581
30300 3.90322 3.9025 3.67834 11.4841 289.409
30400 3.9554 3.90248 3.71977 11.5777 303.531
30500 3.79808 3.90477 3.56428 11.2671 316.867
30600 3.80116 4.04389 3.47378 11.3188 309.59
30700 3.82426 4.17659 3.60128 11.6021 304.516
30800 3.95851 4.19172 3.41982 11.57 292.02
30900 4.04296 4.07828 3.28691 11.4081 286.355
31000 3.92742 4.0649 3.38641 11.3787 302.878
31100 3.83522 4.05278 3.41547 11.3035 306.598
31200 3.72597 3.98004 3.46977 11.1758 313.721
31300 3.72359 3.94737 3.52273 11.1937 286.856
31400 3.79916 3.91162 3.53977 11.2506 294.478
31500 3.96803 3.9976 3.66924 11.6349 298.831
31600 4.16446 3.97375 3.70643 11.8446 308.548
31700 4.29542 4.05022 3.84242 12.1881 292.949
31800 4.37784 4.02391 4.00593 12.4077 278.462
31900 4.4055 3.86366 3.94701 12.2162 307.217
32000 4.356 3.76574 3.8885 12.0102 312.749
32100 4.3095 3.83604 3.89863 12.0442 300.019
32200 4.26897 3.87433 3.9132 12.0565 288.731
32300 4.16927 3.9958 4.02539 12.1905 286.086
32400 4.22156 4.03528 4.11681 12.3736 287.949
32500 4.42828 4.06707 4.20577 12.7011 296.555
32600 4.56568 4.0767 4.37577 13.0182 301.646
32700 4.61216 3.98306 4.23635 12.8316 306.724
32800 4.42262 4.00016 3.99163 12.4144 306.429
32900 4.48578 4.0176 3.9469 12.4503 295.181
33000 4.50288 3.97989 3.9221 12.4049 284.274
33100 4.59132 3.9461 3.96848 12.5059 285.873
33200 4.71846 3.88773 4.0186 12.6248 309.758
33300 4.65924 3.87279 4.04955 12.5816 309.106
33400 4.65692 3.93924 4.07268 12.6688 303.266
33500 4.57217 3.98051 4.124 12.6767 288.199
33600 4.46278 4.19592 4.0817 12.7404 297.587
33700 4.32382 4.16135 4.07642 12.5616 292.859
33800 4.38879 3.93056 4.13877 12.4581 306.79
33900 4.44643 3.88645 4.0733 12.4062 300.3
34000 4.40121 3.92189 4.01329 12.3364 309.907
34100 4.29379 4.02351 3.95952 12.2768 289.563
34200 4.15107 4.00471 3.99769 12.1535 291.567
34300 4.15176 3.9976 3.94258 12.0919 292.374
34400 4.13463 4.01776 3.8751 12.0275 311.344
34500 4.17357 3.96047 3.87353 12.0076 305.73
34600 4.37927 3.89194 3.81153 12.0827 308.215
34700 4.5604 3.83482 3.86439 12.2596 310.171
34800 4.73677 3.77372 3.91292 12.4234 289.845
34900 4.86875 3.886 3.87724 12.632 303.17
35000 4.98128 4.11999 3.98342 13.0847 305.884
35100 4.8516 4.1999 4.14817 13.1997 297.028
35200 4.85249 4.21396 4.28609 13.3525 300.181
35300 4.88952 4.32363 4.23786 13.451 293.676
35400 4.93258 4.3599 4.12664 13.4191 306.76
35500 4.96549 4.30174 4.18743 13.4547 284.53
35600 5.14193 4.32257 4.25816 13.7227 284.622
35700 5.26529 4.28377 4.29183 13.8409 319.641
35800 5.19525 4.3785 4.26316 13.8369 321.343
35900 5.02035 4.50877 4.28888 13.818 306.65
36000 4.93182 4.46773 4.38117 13.7807 296.41
36100 4.97875 4.47291 4.41459 13.8663 303.283
36200 5.0811 4.50749 4.49661 14.0852 284.158
36300 4.9075 4.51367 4.57378 13.995 286.582
36400 4.82275 4.51084 4.5741 13.9077 292.694
36500 4.93015 4.58564 4.4774 13.9932 315.505
36600 5.08167 4.51973 4.36812 13.9695 307.435
36700 5.22311 4.25506 4.37087 13.849 288.95
36800 5.16948 4.27284 4.3332 13.7755 292.1
36900 5.06937 4.48016 4.29098 13.8405 312.294
37000 5.01382 4.66136 4.26665 13.9418 319.486
37100 4.95291 4.77647 4.36679 14.0962 311.248
37200 4.91609 4.76077 4.51675 14.1936 300.927
37300 4.87405 4.63285 4.60241 14.1093 295.904
37400 4.85696 4.67457 4.6301 14.1616 301.372
37500 4.9214 4.71417 4.59851 14.2341 304.221
37600 5.09553 4.73386 4.6312 14.4606 302.882
37700 5.07018 4.52614 4.61024 14.2066 305.498
37800 5.07317 4.56778 4.5029 14.1438 308.438
37900 5.0557 4.69527 4.42398 14.1749 301.915
38000 5.08226 4.80183 4.33987 14.224 286.96
38100 5.19783 4.71924 4.22467 14.1417 288.511
38200 5.25173 4.52984 4.18301 13.9646 309.565
38300 5.31441 4.48281 4.24673 14.0439 300.917
38400 5.44436 4.4639 4.33378 14.242 304.222
38500 5.52316 4.45786 4.48246 14.4635 303.397
38600 5.43837 4.62665 4.57764 14.6427 293.415
38700 5.46637 4.48643 4.62376 14.5766 289.304
38800 5.49383 4.47542 4.58278 14.552 282.382
38900 5.55099 4.58256 4.64499 14.7785 302.968
39000 5.58931 4.63908 4.57026 14.7986 311.189
39100 5.58924 4.84141 4.53245 14.9631 305.46
39200 5.59203 4.98091 4.49485 15.0678 295.355
39300 5.65639 4.95576 4.56419 15.1763 292.976
39400 5.84755 4.96373 4.62177 15.4331 292.771
39500 5.93904 4.70948 4.56474 15.2133 311.133
39600 6.0161 4.71935 4.53334 15.2688 310.695
39700 5.93643 4.72931 4.48185 15.1476 311.897
39800 5.88758 4.64136 4.45407 14.983 302.273
39900 5.83823 4.57148 4.51613 14.9258 316.217
40000 5.88564 4.6269 4.5046 15.0171 291.517
40100 5.85872 4.65293 4.43408 14.9457 298.472
40200 5.71174 4.68537 4.50467 14.9018 304.36
40300 5.64595 4.65745 4.42964 14.733 304.98
40400 5.54653 4.58348 4.3727 14.5027 289.357
40500 5.44187 4.52461 4.4048 14.3713 286.159
40600 5.5129 4.55552 4.27162 14.34 303.995
40700 5.55954 4.5242 4.37405 14.4578 305.941
40800 5.66956 4.47936 4.46358 14.6125 304.472
40900 5.69057 4.50387 4.51811 14.7126 286.05
41000 5.63558 4.57901 4.47866 14.6933 288.911
41100 5.70166 4.61064 4.55881 14.8711 297.077
41200 5.74753 4.61621 4.53046 14.8942 301.774
41300 5.76129 4.50216 4.46562 14.7291 307.381
41400 5.83978 4.37097 4.42662 14.6374 309.744
41500 5.9466 4.39075 4.38555 14.7229 300.716
41600 5.86341 4.58102 4.40169 14.8461 296.668
41700 6.04142 4.63475 4.49803 15.1742 298.193
41800 6.03784 4.63333 4.58213 15.2533 297.542
41900 6.15515 4.61655 4.60759 15.3793 305.462
42000 6.19028 4.71622 4.64024 15.5467 297.022
42100 6.0702 4.84821 4.62247 15.5409 289.956
42200 6.00128 4.85132 4.75111 15.6037 284.656
42300 5.91566 4.74812 4.84867 15.5125 291.45
42400 5.82492 4.71356 5.00384 15.5423 294.298
42500 5.8708 4.69887 4.97604 15.5457 307.991
42600 5.732 4.70141 4.80817 15.2416 307.076
42700 5.62309 4.54458 4.83791 15.0056 295.24
42800 5.71969 4.57031 4.8283 15.1183 285.46
42900 5.77473 4.66524 4.85874 15.2987 295.413
43000 5.91091 4.74294 4.84341 15.4973 304.85
43100 5.80856 4.76328 4.95268 15.5245 303.717
43200 5.75404 4.5853 4.96415 15.3035 288.671
43300 5.95243 4.62748 4.98581 15.5657 308.252
43400 6.07345 4.87256 4.92468 15.8707 317.146
43500 5.95523 4.97924 4.85161 15.7861 313.281
43600 6.07489 4.88647 4.8445 15.8059 296.703
43700 6.07559 4.79778 4.84215 15.7155 292.267
43800 6.03941 4.86859 4.9437 15.8517 300.129
43900 6.13521 4.81485 5.02962 15.9797 293.061
44000 6.17763 4.86568 5.10127 16.1446 298.936
44100 6.14306 5.06129 5.126 16.3304 305.227
44200 6.22537 5.10661 4.97387 16.3059 308.785
44300 6.24352 5.3316 4.97219 16.5473 296.851
44400 6.06072 5.30277 5.09145 16.4549 296.282
44500 6.00402 5.25247 5.05327 16.3098 284.263
44600 6.0845 5.32167 5.04327 16.4494 287.843
44700 6.16241 5.42498 4.91351 16.5009 306.198
44800 6.15043 5.28742 4.80476 16.2426 301.301
44900 6.27334 5.19815 4.80143 16.2729 298.841
45000 6.3075 5.16076 4.84443 16.3127 288.068
45100 6.20501 5.08467 4.89681 16.1865 316.673
45200 6.10914 5.01353 4.89841 16.0211 317.15
45300 5.95969 4.90296 4.96318 15.8258 305.757
45400 5.75329 4.85808 4.87953 15.4909 299.682
45500 5.65305 4.74075 4.79699 15.1908 297.456
45600 5.7955 4.82986 4.62273 15.2481 296.107
45700 5.90343 4.77491 4.57813 15.2565 318.127
45800 5.98896 4.809 4.82701 15.625 319.056
45900 6.18907 4.96152 4.92555 16.0761 295.417
46000 6.22626 4.91433 4.86031 16.0009 296.639
46100 5.99826 4.85472 4.86437 15.7173 300.575
46200 5.96853 4.71984 5.0854 15.7738 296.559
46300 5.86093 4.71921 4.9155 15.4956 303.743
46400 6.13726 4.91938 4.94169 15.9983 313.161
46500 6.22959 4.95391 4.9711 16.1546 326.19
46600 6.2382 5.11472 5.09384 16.4468 308.997
46700 6.18687 5.5172 5.01544 16.7195 299.193
46800 6.023 5.61222 4.99241 16.6276 292.061
46900 5.94609 5.51355 5.03699 16.4966 308.906
47000 5.74052 5.4952 4.99541 16.2311 327.702
47100 5.67391 5.48247 4.90059 16.057 312.876
47200 5.65019 5.33731 4.94536 15.9329 293.481
47300 5.6509 5.2012 4.86186 15.714 291.565
47400 5.51222 5.38743 4.93392 15.8336 302.196
47500 5.43916 5.28083 4.94692 15.6669 304.718
47600 5.38737 5.28528 4.9784 15.651 322.633
47700 5.5316 5.44276 4.98035 15.9547 305.512
47800 5.6979 5.46669 4.94636 16.1109 292.742
47900 5.83277 5.31665 5.07787 16.2273 285.051
48000 5.80156 5.34654 5.03865 16.1868 306.291
48100 5.72846 5.36409 4.88478 15.9773 300.93
48200 5.84279 5.29804 4.71064 15.8515 310.881
48300 5.83864 5.26616 4.75004 15.8548 305.003
48400 5.74799 5.45255 4.86206 16.0626 299.344
48500 5.80909 5.51264 4.83873 16.1605 296.417
48600 5.91478 5.43634 4.92165 16.2728 302.985
48700 5.89352 5.51396 5.16228 16.5698 298.609
48800 5.89447 5.38181 5.14163 16.4179 282.756
48900 5.88566 5.66583 5.10761 16.6591 288.106
49000 5.68392 5.67059 5.29368 16.6482 306.972
49100 5.78453 5.51648 5.359 16.66 304.514
49200 5.70004 5.49061 5.28603 16.4767 305.889
49300 5.5806 5.77212 5.19477 16.5475 311.501
49400 5.46057 5.80791 5.23473 16.5032 297.649
49500 5.61289 5.82735 5.19924 16.6395 298.877
49600 5.75675 5.87488 5.16059 16.7922 309.916
49700 5.81284 5.85939 5.02016 16.6924 290.785
49800 5.79902 5.59626 4.84758 16.2429 283.38
49900 5.80147 5.54481 4.95573 16.302 287.739
50000 5.91785 5.64223 4.989 16.5491 296.288
50100 5.82525 5.66592 5.05047 16.5416 288.297
50200 5.90738 5.63191 4.99329 16.5326 306.298
50300 6.12242 5.64467 4.8866 16.6537 304.236
50400 6.04331 5.59415 4.8968 16.5343 304.976
50500 5.93991 5.59652 4.95615 16.4926 301.849
50600 5.85803 5.59571 4.90978 16.3635 284.152
50700 5.75644 5.66306 5.03053 16.45 288.412
50800 5.88228 5.58987 5.24166 16.7138 299.499
50900 6.10323 5.5693 5.49332 17.1658 305.211
51000 6.11506 5.48467 5.36832 16.968 313.192
51100 6.066 5.522 5.24797 16.836 287.72
51200 6.07356 5.74295 5.28991 17.1064 297.162
51300 6.23296 5.77539 5.32447 17.3328 288.844
51400 6.15342 5.66 5.36773 17.1812 305.217
51500 6.03688 5.64472 5.53892 17.2205 294.483
51600 5.89436 5.69966 5.56983 17.1638 322.051
51700 6.02309 5.74122 5.52822 17.2925 300.845
51800 6.05113 5.76862 5.56211 17.3819 293.061
51900 6.06861 5.69341 5.40817 17.1702 294.25
52000 6.33118 5.64548 5.331 17.3077 295.539
52100 6.40704 5.64479 5.3458 17.3976 312.667
52200 6.30181 5.53053 5.24755 17.0799 302.216
52300 6.0511 5.68217 5.11168 16.8449 285.1
52400 6.13181 5.73546 5.20356 17.0708 291.057
52500 6.18663 5.47516 5.11967 16.7815 292.347
52600 6.19909 5.65102 5.19389 17.044 310.443
52700 6.13832 5.72026 5.31464 17.1732 315.093
52800 6.14914 5.46399 5.34128 16.9544 293.464
52900 6.16221 5.54473 5.13807 16.845 309.167
53000 6.19762 5.635 5.07762 16.9102 292.517
53100 6.15713 5.72891 5.18423 17.0703 297.66
53200 5.97005 5.65182 5.13347 16.7553 311.632
53300 5.94001 5.47516 4.93375 16.3489 331.3
53400 5.85392 5.54454 4.91063 16.3091 314.912
53500 5.82377 5.83289 4.97516 16.6318 296.168
53600 5.96389 5.79898 5.16724 16.9301 302.039
53700 5.93085 5.79339 5.36773 17.092 298.376
53800 5.92342 5.81639 5.58333 17.3231 290.595
53900 5.86179 5.76069 5.44329 17.0658 298.402
54000 5.71834 5.68263 5.37845 16.7794 304.575
54100 5.75607 5.49987 5.31015 16.5661 307.396
54200 5.79446 5.41891 5.19769 16.4111 309.99
54300 5.86172 5.54552 5.06389 16.4711 297.665
54400 5.98086 5.67453 5.10126 16.7566 292.806
54500 6.05001 5.52358 5.06373 16.6373 293.953
54600 6.08399 5.43539 5.06019 16.5796 302.102
54700 6.21734 5.52678 5.13149 16.8756 313.781
54800 6.39114 5.41678 5.15668 16.9646 304.321
54900 6.50575 5.26996 5.20892 16.9846 280.247
55000 6.45409 5.34593 5.2156 17.0156 292.092
55100 6.61003 5.4325 5.35728 17.3998 307.38
55200 6.70275 5.54908 5.49728 17.7491 303.943
55300 6.81756 5.50848 5.48701 17.813 295.979
55400 6.8007 5.49512 5.49323 17.789 283.684
55500 6.47657 5.58117 5.44064 17.4984 284.964
55600 6.47722 5.63852 5.44822 17.564 294.028
55700 6.59219 5.62016 5.4747 17.687 304.194
55800 6.66568 5.65229 5.45115 17.7691 297.348
55900 6.33654 5.65466 5.38947 17.3807 299.83
56000 6.03602 5.6365 5.28795 16.9605 300.501
56100 6.05679 5.54125 5.27724 16.8753 316.985
56200 6.05813 5.52744 5.3131 16.8987 317.679
56300 6.07116 5.51103 5.29221 16.8744 300.905
56400 6.15943 5.53582 5.36701 17.0623 308.53
56500 6.14549 5.64861 5.43456 17.2287 297.196
56600 6.22101 5.8648 5.44675 17.5326 287.14
56700 6.0925 5.88492 5.51806 17.4955 305.731
56800 5.95752 5.87127 5.51341 17.3422 315.939
56900 5.8449 5.8416 5.41422 17.1007 304.262
57000 5.82089 5.7406 5.46082 17.0223 302.62
57100 5.99074 5.62655 5.47355 17.0908 290.808
57200 6.09471 5.63696 5.46757 17.1992 287.652
57300 6.20863 5.56761 5.65065 17.4269 293.3
57400 6.31566 5.56392 5.72556 17.6051 300.155
57500 6.37131 5.49118 5.58415 17.4466 300.119
57600 6.41323 5.51572 5.45934 17.3883 300.933
57700 6.26811 5.50857 5.33103 17.1077 324.394
57800 6.10435 5.4564 5.36191 16.9227 314.602
57900 6.23797 5.38318 5.24026 16.8614 304.282
58000 6.43175 5.44886 5.2369 17.1175 293.524
58100 6.51737 5.33402 5.28048 17.1319 307.131
58200 6.49194 5.26797 5.49387 17.2538 293.526
58300 6.43442 5.32057 5.42581 17.1808 279.498
58400 6.26646 5.39498 5.36327 17.0247 292.082
58500 6.20936 5.3227 5.33649 16.8686 301.902
58600 6.25452 5.45512 5.14751 16.8572 310.239
58700 6.16772 5.51049 5.13533 16.8135 299.416
58800 6.21945 5.50974 5.1854 16.9146 292.486
58900 6.33271 5.69576 5.23973 17.2682 296.57
59000 6.43019 5.79387 5.36352 17.5876 295.367
59100 6.39235 5.80017 5.45871 17.6512 307.935
59200 6.1842 5.81032 5.47257 17.4671 312.714
59300 5.99056 5.71913 5.49997 17.2097 303.874
59400 5.93619 5.70752 5.54136 17.1851 291.682
59500 5.97927 5.52848 5.6328 17.1406 294.817
59600 6.0581 5.51403 5.71607 17.2882 290.226
59700 6.09484 5.71101 5.71182 17.5177 307.167
59800 6.01182 5.69569 5.74957 17.4571 313.112
59900 5.8792 5.51505 5.77068 17.1649 325.333
60000 5.73052 5.65167 5.82946 17.2117 322.25
60100 5.7601 5.59609 6.01364 17.3698 295.465
60200 6.01256 5.405 5.91926 17.3368 295.718
60300 5.97726 5.43874 5.81959 17.2356 297.809
60400 5.9563 5.47139 5.82399 17.2517 308.353
60500 5.93888 5.38269 5.67009 16.9917 304.513
60600 5.99725 5.47966 5.55364 17.0305 292.877
60700 5.94478 5.61766 5.64783 17.2103 296.017
60800 6.06722 5.57563 5.79006 17.4329 283.874
60900 6.20464 5.74546 5.79761 17.7477 296.591
61000 6.25438 5.78117 5.82225 17.8578 312.876
61100 6.17759 5.69508 5.89687 17.7695 306.525
61200 6.12414 5.72168 5.9405 17.7863 297.679
61300 6.18264 5.7603 5.89748 17.8404 287.63
61400 6.34302 5.74176 5.80601 17.8908 290.524
61500 6.37446 5.63325 5.85482 17.8625 301.39
61600 6.34918 5.64562 5.96871 17.9635 301.765
61700 6.25636 5.58483 6.08679 17.928 318.421
61800 6.22236 5.61085 6.06201 17.8952 291.18
61900 6.07996 5.57865 6.12467 17.7833 285.822
62000 5.95943 5.59989 6.16602 17.7253 287.364
62100 5.94661 5.71254 6.14294 17.8021 302.681
62200 5.95336 5.67278 6.0583 17.6844 307.488
62300 5.85774 5.79402 6.01607 17.6678 303.361
62400 5.77454 5.85822 5.97553 17.6083 304.073
62500 5.91396 5.66412 5.95244 17.5305 296.94
62600 6.00686 5.46574 5.92852 17.4011 294.437
62700 5.99692 5.62964 5.94238 17.5689 298.242
62800 5.98636 5.72019 5.72267 17.4292 291.777
62900 6.13836 5.83678 5.45452 17.4297 312.849
63000 6.20393 5.98836 5.36104 17.5533 312.819
63100 6.02412 5.96472 5.38033 17.3692 294.855
63200 5.87664 5.88658 5.41264 17.1759 290.821
63300 5.84465 6.02147 5.48401 17.3501 299.373
63400 5.91493 6.07737 5.55799 17.5503 318.271
63500 5.99122 6.0691 5.53421 17.5945 315.934
63600 6.07051 5.97401 5.56966 17.6142 304.996
63700 6.0278 6.04597 5.54345 17.6172 296.825
63800 6.02559 6.17624 5.5075 17.7093 292.865
63900 6.12169 6.13715 5.60491 17.8637 303.261
64000 6.10145 6.01373 5.77383 17.889 313.59
64100 6.03241 5.83839 5.89248 17.7633 308.416
64200 5.88693 5.73706 5.96725 17.5912 304.408
64300 5.88773 5.8038 6.00551 17.697 301.954
64400 5.96196 5.72029 5.99841 17.6807 301.342
64500 5.93276 5.6052 6.06326 17.6012 284.5
64600 5.76347 5.72374 6.00947 17.4967 317.303
64700 5.67076 5.65105 5.9818 17.3036 314.717
64800 5.80494 5.5607 5.98896 17.3546 302.878
64900 5.87886 5.56203 5.97739 17.4183 294.786
65000 6.03424 5.71444 5.9715 17.7202 294.456
65100 6.21025 5.72283 5.9331 17.8662 299.745
65200 6.20043 5.71068 5.79474 17.7058 327.922
65300 6.06486 5.79122 5.8537 17.7098 307.109
65400 6.06432 6.02369 5.71644 17.8045 309.563
65500 6.0887 6.09793 5.64946 17.8361 296.085
65600 6.15545 5.95799 5.56634 17.6798 289.126
65700 6.17326 5.75491 5.55332 17.4815 300.531
65800 6.0378 5.64325 5.56605 17.2471 314.26
65900 5.87233 5.58264 5.71194 17.1669 323.704
66000 5.99429 5.6198 5.83303 17.4471 322.35
66100 6.2148 5.59885 5.82899 17.6426 310.072
66200 6.40006 5.70146 5.75622 17.8577 303.066
66300 6.51245 5.6711 5.7552 17.9388 293.521
66400 6.47241 5.70303 5.6935 17.8689 295.972
66500 6.56937 5.89039 5.78289 18.2427 292.029
66600 6.56295 5.98669 5.82492 18.3746 315.66
66700 6.52942 5.97214 5.73035 18.2319 306.275
66800 6.48449 5.78502 5.81853 18.088 305.275
66900 6.27398 5.63634 5.92802 17.8383 287.208
67000 6.08883 5.73116 6.17973 17.9997 291.4
67100 6.0088 5.98059 6.15399 18.1434 294.002
67200 5.92473 5.92956 6.0005 17.8548 307.463
67300 5.79838 5.65845 5.827 17.2838 298.15
67400 5.79714 5.57025 5.72072 17.0881 299.633
67500 5.55098 5.71134 5.716 16.9783 304.801
67600 5.38777 5.78871 5.67743 16.8539 291.921
67700 5.46684 5.69794 5.57301 16.7378 299.076
67800 5.53832 5.46154 5.66305 16.6629 306.388
67900 5.62348 5.48141 5.71713 16.822 306.318
68000 5.76458 5.77457 5.75171 17.2909 297.712
68100 5.86781 5.81289 5.8575 17.5382 284.771
68200 5.95035 5.71261 5.81956 17.4825 296.936
68300 6.14595 5.60365 5.80472 17.5543 305.777
68400 6.36833 5.58558 5.74226 17.6962 307.895
68500 6.43693 5.45874 5.75252 17.6482 306.034
68600 6.5475 5.37555 5.9099 17.833 295.253
68700 6.4681 5.36658 6.24917 18.0838 298.821
68800 6.56152 5.22681 6.4086 18.1969 288.866
68900 6.52248 5.09353 6.25646 17.8725 278.35
69000 6.33666 4.97982 6.14573 17.4622 300.072
69100 6.18261 5.04362 6.30893 17.5352 299.976
69200 6.21666 5.07731 6.35104 17.645 305.489
69300 6.15936 4.94764 6.32709 17.4341 296.925
69400 6.15969 4.91974 6.34089 17.4203 293.452
69500 6.19843 4.93895 6.46349 17.6009 300.621
69600 6.24945 5.0941 6.38234 17.7259 295.986
69700 6.15008 5.11342 6.187 17.4505 295.142
69800 6.29982 5.39906 6.23474 17.9336 313.883
69900 6.28706 5.64012 6.25736 18.1845 299.624
70000 6.2854 5.64035 6.21512 18.1409 306.273
70100 6.36784 5.45943 6.37174 18.199 290.184
70200 6.27819 5.64519 6.61632 18.5397 287.229
70300 6.26334 5.80649 6.60649 18.6763 297.095
70400 6.20959 5.81441 6.28118 18.3052 315.053
70500 6.07682 5.92384 6.01294 18.0136 302.554
70600 6.12281 6.02968 5.68234 17.8348 297.677
70700 6.14486 5.90646 5.51713 17.5684 294.142
70800 6.09988 5.84903 5.61836 17.5673 307.186
70900 5.95476 5.96544 5.73949 17.6597 298.67
71000 5.79422 6.05221 5.76031 17.6067 283.494
71100 5.73269 6.00397 5.64566 17.3823 293.348
71200 5.84578 5.85102 5.8158 17.5126 307.146
71300 5.90177 5.70577 5.70261 17.3101 314.955
71400 5.86912 5.85092 5.74436 17.4644 300.83
71500 5.82376 6.05065 5.70274 17.5771 302.334
71600 5.95115 6.12268 5.74962 17.8234 296.035
71700 6.09885 6.13419 5.77987 18.0129 298.065
71800 6.27416 5.89481 5.75284 17.9218 319.958
71900 6.28749 5.68343 5.74062 17.7115 311.476
72000 6.48773 5.52396 5.59914 17.6108 302.545
72100 6.60365 5.48201 5.47602 17.5617 296.806
72200 6.71757 5.43883 5.60007 17.7565 290.126
72300 6.52977 5.66342 5.64428 17.8375 299.951
72400 6.35942 5.68854 5.44289 17.4909 303.535
72500 6.17891 5.62869 5.58156 17.3892 304.223
72600 6.11702 5.75586 5.72758 17.6005 295.016
72700 6.20392 5.61681 5.74469 17.5654 304.549
72800 6.35242 5.51427 5.76617 17.6329 312.769
72900 6.43793 5.57725 5.84841 17.8636 299.525
73000 6.50621 5.68759 5.79321 17.987 296.798
73100 6.45662 5.71251 5.80437 17.9735 286.831
73200 6.48117 5.74042 5.63186 17.8534 292.488
73300 6.46114 5.82062 5.6339 17.9157 305.16
73400 6.53099 5.6679 5.79378 17.9927 304.769
73500 6.51183 5.73875 5.81613 18.0667 299.825
73600 6.3818 5.83345 5.73116 17.9464 295.668
73700 6.55411 5.92088 5.78362 18.2586 294.487
73800 6.71173 6.00207 5.65227 18.3661 282.42
73900 6.88341 5.9589 5.51473 18.357 293.121
74000 7.14846 5.78533 5.56059 18.4944 311.189
74100 7.14569 5.78352 5.58796 18.5172 303.756
74200 7.0595 5.93765 5.57855 18.5757 301.432
74300 7.10104 5.9699 5.48663 18.5576 279.944
74400 7.20516 6.06169 5.41733 18.6842 274.002
74500 7.34466 6.38224 5.36511 19.092 283.648
74600 7.45225 6.56426 5.35675 19.3733 295.108
74700 7.55602 6.53251 5.40376 19.4923 302.95
74800 7.32665 6.39731 5.40524 19.1292 307.801
74900 7.16486 6.4181 5.18772 18.7707 303.284
75000 7.30614 6.34596 5.20418 18.8563 290.653
75100 7.31791 6.25622 5.3744 18.9485 287.98
75200 7.18462 6.14858 5.53632 18.8695 287.596
75300 7.16877 6.19271 5.52474 18.8862 295.7
75400 6.90553 6.33293 5.55775 18.7962 304.282
75500 6.7723 6.37449 5.51178 18.6586 297.73
75600 6.79513 6.58146 5.57056 18.9472 306.394
75700 6.87543 6.70249 5.62629 19.2042 300.038
75800 6.83498 6.577 5.47124 18.8832 282.423
75900 6.80357 6.5665 5.33273 18.7028 300.7
76000 6.93525 6.66419 5.33843 18.9379 308.591
76100 6.83048 6.63966 5.3855 18.8556 309.949
76200 6.78322 6.74548 5.38339 18.9121 324.18
76300 6.7607 6.68682 5.57683 19.0243 312.385
76400 6.74622 6.50628 5.79015 19.0427 294.234
76500 6.81859 6.33281 5.92384 19.0752 293.596
76600 6.73278 6.37633 5.96785 19.077 298.668
76700 6.57062 6.49966 5.96025 19.0305 314.256
76800 6.55548 6.61218 5.87583 19.0435 308.76
76900 6.39104 6.69899 6.05459 19.1446 308.517
77000 6.31642 6.88399 6.25622 19.4566 290.72
77100 6.26243 7.0276 6.26314 19.5532 289.486
77200 6.23299 7.20668 6.06427 19.5039 303.655
77300 6.39924 7.36253 5.97241 19.7342 308.536
77400 6.6162 7.40277 6.04695 20.0659 319.525
77500 6.54235 7.46138 6.08918 20.0929 291.053
77600 6.44237 7.31323 6.10714 19.8627 280.621
77700 6.36454 7.21216 6.20452 19.7812 306.154
77800 6.32613 7.25555 6.28041 19.8621 310.076
77900 6.42072 7.3432 6.2742 20.0381 304.091
78000 6.50197 7.12779 6.35486 19.9846 297.235
78100 6.65598 6.84006 6.49559 19.9916 289.706
78200 6.83486 6.62162 6.43643 19.8929 304.873
78300 6.96347 6.38505 6.30392 19.6524 308.636
78400 7.06672 6.26391 6.39861 19.7292 304.329
78500 6.88297 6.35524 6.49547 19.7337 304.005
78600 6.73845 6.60141 6.40965 19.7495 290.196
78700 6.66262 6.71282 6.47521 19.8506 295.597
78800 6.66041 6.54069 6.44683 19.6479 302.238
78900 6.76932 6.33698 6.33135 19.4377 310.164
79000 6.98688 6.26694 6.17404 19.4279 316.514
79100 7.32757 6.47808 6.25597 20.0616 301.763
79200 7.14913 6.63964 6.19152 19.9803 297.693
79300 6.77287 6.76355 6.12786 19.6643 291.155
79400 6.49617 6.95084 6.2096 19.6566 296.07
79500 6.53972 7.31014 6.29798 20.1478 315.61
79600 6.64321 7.50551 6.35228 20.501 301.576
79700 6.72605 7.34575 6.50776 20.5796 284.182
79800 6.66711 7.04479 6.69531 20.4072 287.768
79900 6.51431 6.88182 6.74143 20.1376 301.146
80000 6.43713 6.77584 6.83778 20.0508 309.431
80100 6.40494 6.69398 6.67745 19.7764 299.729
80200 6.5204 6.6148 6.58548 19.7207 293.116
80300 6.67369 6.61419 6.6226 19.9105 274.946
80400 6.71847 6.69037 6.52814 19.937 283.631
80500 6.57801 6.77231 6.41162 19.7619 300.06
80600 6.60491 6.85327 6.35504 19.8132 285.529
80700 6.6246 6.9647 6.35539 19.9447 314.262
80800 6.80693 7.03382 6.21065 20.0514 310.055
80900 7.0797 7.05213 6.11886 20.2507 287.921
81000 7.14983 6.89237 6.22811 20.2703 288.669
81100 7.03939 6.69038 6.18325 19.913 299.316
81200 6.89065 6.62682 6.14212 19.6596 301.789
81300 6.78356 6.74975 6.16307 19.6964 307.919
81400 6.67265 6.85263 6.03655 19.5618 299.65
81500 6.82549 6.74542 6.14946 19.7204 292.843
81600 6.94901 6.72627 6.18385 19.8591 281.098
81700 7.10899 6.86906 6.16367 20.1417 295.038
81800 7.07979 7.06259 6.33716 20.4795 317.639
81900 7.15152 7.19312 6.36499 20.7096 302.676
82000 7.16334 7.11726 6.41909 20.6997 292.723
82100 7.13755 7.06954 6.40911 20.6162 295.392
82200 7.03548 7.10632 6.34195 20.4838 296.364
82300 6.77264 7.04866 6.4676 20.2889 313
82400 6.68257 6.93601 6.35031 19.9689 305.629
82500 6.75731 6.73916 6.25818 19.7546 298.905
82600 6.7894 6.70172 6.36473 19.8558 295.336
82700 6.88623 6.79006 6.27507 19.9514 286.927
82800 6.95843 6.90851 6.16794 20.0349 299.59
82900 6.99779 7.03138 6.24083 20.27 292.782
83000 7.00634 7.01504 6.31449 20.3359 297.118
83100 7.09348 7.20244 6.36781 20.6637 303.3
83200 7.29179 7.05503 6.43937 20.7862 300.909
83300 7.34159 7.00193 6.63868 20.9822 292.689
83400 7.11795 7.04534 6.50421 20.6675 294.582
83500 6.93371 7.1517 6.45247 20.5379 285.671
83600 6.74453 7.3455 6.29178 20.3818 300.284
83700 6.65361 7.22913 6.30637 20.1891 312.179
83800 6.73747 6.96523 6.29558 19.9983 305.87
83900 6.92645 6.73403 6.28879 19.9493 297.862
84000 6.88403 6.66609 6.36511 19.9152 281.982
84100 6.86074 6.84221 6.47678 20.1797 270.823
84200 6.8415 6.85371 6.45011 20.1453 276.588
84300 6.9092 6.67511 6.50759 20.0919 284.321
84400 6.84247 6.57358 6.53662 19.9527 305.217
84500 6.70875 6.41311 6.488 19.6099 303.229
84600 6.57147 6.09499 6.41669 19.0832 308.944
84700 6.62909 5.99575 6.46313 19.088 303.228
84800 6.70118 6.03946 6.5599 19.3005 291.677
84900 6.82576 6.13778 6.53276 19.4963 278.981
85000 6.93592 6.06433 6.52634 19.5266 307.061
85100 6.77749 6.28419 6.72004 19.7817 310.105
85200 6.80725 6.48327 6.75159 20.0421 296.071
85300 6.98186 6.43483 6.75402 20.1707 291.862
85400 7.02617 6.43814 6.70231 20.1666 298.979
85500 6.91769 6.23394 6.64946 19.8011 314.661
85600 6.93683 5.9348 6.6488 19.5204 312.635
85700 7.08594 6.02902 6.59602 19.711 304.997
85800 7.04746 6.15289 6.45741 19.6578 299.372
85900 7.10573 6.0491 6.52948 19.6843 299.634
86000 7.21761 6.07222 6.45797 19.7478 295.111
86100 7.10298 6.33719 6.39797 19.8381 301.196
86200 7.00659 6.51143 6.35652 19.8745 306.695
86300 7.08238 6.51616 6.28489 19.8834 326.532
86400 7.04823 6.66112 6.21906 19.9284 306.36
86500 7.08992 6.70268 6.21634 20.0089 298.876
86600 7.02364 6.84105 6.15429 20.019 295.427
86700 6.79499 6.73644 6.00128 19.5327 303.029
86800 6.71149 6.48652 6.02408 19.2221 290.952
86900 6.89939 6.39717 6.03468 19.3312 275.733
87000 7.03722 6.29415 5.94458 19.276 296.48
87100 7.11012 6.38263 5.99605 19.4888 295.294
87200 7.34598 6.4457 6.12198 19.9137 302.857
87300 7.45952 6.2813 6.22029 19.9611 307.414
87400 7.62659 6.35494 6.05836 20.0399 291.412
87500 7.54994 6.32447 5.90482 19.7792 284.132
87600 7.41239 6.2592 5.78615 19.4577 289.015
87700 7.39459 6.26217 5.63925 19.296 295.226
87800 7.33029 6.15985 5.59976 19.0899 301.493
87900 7.18571 6.36036 5.49574 19.0418 306.98
88000 7.27711 6.61749 5.37636 19.271 303.297
88100 7.35847 6.72558 5.49266 19.5767 287.523
88200 7.3274 6.86804 5.48869 19.6841 292.425
88300 7.29974 6.71643 5.4501 19.4663 290.956
88400 7.24549 6.46225 5.48407 19.1918 306.554
88500 7.09798 6.19355 5.54534 18.8369 308.283
88600 7.03096 6.0917 5.63682 18.7595 304.622
88700 6.95431 6.06656 5.54813 18.569 291.472
88800 6.9969 6.19474 5.44633 18.638 296.238
88900 6.99634 6.50754 5.5129 19.0168 291.03
89000 7.14294 6.56159 5.40859 19.1131 302.464
89100 7.19127 6.34313 5.35799 18.8924 302.085
89200 7.14563 6.05359 5.31943 18.5186 297.72
89300 7.25344 5.94787 5.41384 18.6152 298.004
89400 7.23182 5.94941 5.51653 18.6978 296.107
89500 7.25239 5.92652 5.55111 18.73 277.37
89600 7.49159 5.88332 5.54838 18.9233 288.804
89700 7.53813 6.03684 5.49657 19.0715 302.319
89800 7.58001 6.14241 5.52788 19.2503 306.165
89900 7.67206 6.31081 5.53676 19.5196 296.246
90000 7.61855 6.43315 5.37733 19.429 286.52
90100 7.47133 6.38138 5.30904 19.1617 274.882
90200 7.38661 6.43601 5.38333 19.206 298.201
90300 7.41116 6.52319 5.63031 19.5647 312.962
90400 7.4231 6.56733 5.71554 19.706 300.328
90500 7.5572 6.45888 5.6378 19.6539 303.432
90600 7.51322 6.33771 5.61568 19.4666 291.33
90700 7.30401 6.27248 5.60203 19.1785 287.209
90800 7.18033 6.15054 5.55254 18.8834 301.494
90900 7.18985 5.93995 5.60537 18.7352 314.239
91000 7.16521 5.81773 5.61151 18.5945 307.632
91100 7.35887 5.82486 5.68022 18.8639 294.781
91200 7.50711 6.0927 5.73642 19.3362 291.459
91300 7.5897 6.21514 5.81328 19.6181 300.382
91400 7.52 6.05746 5.78531 19.3628 317.231
91500 7.36878 6.10002 5.91227 19.3811 327.81
91600 7.4287 6.20825 5.8907 19.5276 310.874
91700 7.32641 6.2149 5.75139 19.2927 311.976
91800 7.24176 6.49447 5.71087 19.4471 292.461
91900 7.39463 6.51178 5.75873 19.6651 291.194
92000 7.43954 6.44169 5.69195 19.5732 308.125
92100 7.36442 6.33079 5.61876 19.314 307.569
92200 7.38764 6.14729 5.61124 19.1462 307.484
92300 7.29544 6.09245 5.70277 19.0907 317.827
92400 7.29064 6.19141 5.73304 19.2151 293.382
92500 7.31792 6.20065 5.7949 19.3135 288.634
92600 7.37696 6.34167 5.87595 19.5946 299.617
92700 7.53158 6.57128 5.84527 19.9481 302.535
92800 7.45202 6.57293 5.93945 19.9644 312.614
92900 7.24022 6.53998 6.03783 19.818 315.176
93000 7.31038 6.66233 5.92903 19.9017 297.031
93100 7.42512 6.8996 5.89431 20.219 289.772
93200 7.39638 6.98766 5.98175 20.3658 286.732
93300 7.36979 6.88553 6.02957 20.2849 304.232
93400 7.33265 6.89355 5.99388 20.2201 311.022
93500 7.2295 6.91031 5.88601 20.0258 299.538
93600 7.18641 6.87414 5.76753 19.8281 304.216
93700 7.23651 6.85978 5.6641 19.7604 293.646
93800 7.19648 6.8882 5.62906 19.7137 280.633
93900 7.10764 6.87385 5.70809 19.6896 280.732
94000 7.1073 7.05479 5.82684 19.9889 294.481
94100 7.01684 7.28061 5.89984 20.1973 294.079
94200 6.95296 7.37865 5.85738 20.189 306.239
94300 6.95415 7.16203 5.78642 19.9026 306.822
94400 6.94036 6.94185 5.941 19.8232 297.26
94500 7.09933 6.84794 6.05161 19.9989 285.211
94600 7.24693 6.85133 6.08152 20.1798 292.439
94700 7.37081 6.8912 6.15427 20.4163 299.007
94800 7.45631 6.78654 6.12384 20.3667 305.813
94900 7.48233 6.64251 6.05212 20.177 303.171
95000 7.4604 6.73003 6.06098 20.2514 300.939
95100 7.45846 6.823 6.03637 20.3178 306.703
95200 7.38911 6.73376 5.96956 20.0924 291.581
95300 7.34761 6.48216 5.96867 19.7984 288.177
95400 7.35875 6.15027 6.12604 19.6351 289.558
95500 7.29565 6.1445 6.14798 19.5881 290.404
95600 7.2022 6.2807 6.07754 19.5604 297.936
95700 7.3212 6.32288 6.05852 19.7026 301.896
95800 7.34555 6.42165 6.07627 19.8435 316.728
95900 7.38332 6.51533 6.06539 19.964 307.959
96000 7.37296 6.58356 6.10355 20.0601 304.281
96100 7.36513 6.55837 6.09603 20.0195 292.822
96200 7.34839 6.63124 6.06781 20.0474 285.498
96300 7.32204 6.55955 5.96873 19.8503 306.765
96400 7.27509 6.45862 5.87798 19.6117 310.004
96500 7.36888 6.23745 5.92382 19.5302 309.789
96600 7.40877 6.00161 6.01282 19.4232 307.341
96700 7.48463 6.06982 5.93848 19.4929 303.083
96800 7.58986 6.15294 5.75436 19.4972 289.981
96900 7.68338 6.20958 5.69971 19.5927 299.746
97000 7.62873 6.35428 5.55832 19.5413 291.302
97100 7.54108 6.3603 5.54422 19.4456 293.85
97200 7.43335 6.28952 5.51764 19.2405 303.468
97300 7.43876 6.20021 5.71374 19.3527 316.963
97400 7.65252 6.22856 5.86977 19.7509 300.755
97500 7.7345 6.25413 5.67971 19.6683 290.075
97600 7.5911 6.20328 5.56048 19.3549 300.566
97700 7.39388 6.34196 5.48128 19.2171 300.542
97800 7.27969 6.21327 5.61214 19.1051 301.694
97900 7.53049 6.0215 5.50433 19.0563 301.52
98000 7.57681 6.18176 5.46844 19.227 296.679
98100 7.53335 6.29911 5.49905 19.3315 293.903
98200 7.58521 6.37148 5.62189 19.5786 290.007
98300 7.63207 6.59698 5.76882 19.9979 302.613
98400 7.56628 6.5216 5.75337 19.8413 314.343
98500 7.62735 6.18515 5.70384 19.5163 302.514
98600 7.6119 6.07147 5.77028 19.4537 288.212
98700 7.41409 5.8361 5.81676 19.067 289.622
98800 7.26031 5.73983 5.8371 18.8372 283.94
98900 7.18393 5.7059 5.94894 18.8388 294.458
99000 7.13205 5.67102 6.04279 18.8459 294.387
99100 6.96483 5.61395 6.02435 18.6031 310.283
99200 6.88498 5.6977 6.00794 18.5906 307.242
99300 6.88915 5.65191 5.94181 18.4829 288.635
99400 7.0988 5.52126 5.81859 18.4386 282.632
99500 7.26947 5.60963 5.6551 18.5342 294.575
99600 7.26968 5.78352 5.50941 18.5626 304.935
99700 7.22685 5.93297 5.63167 18.7915 303.538
99800 7.2155 5.86065 5.78711 18.8633 295.87
99900 7.18385 5.84446 5.77792 18.8062 278.518
100000 7.16387 5.96867 5.90067 19.0332 283.904
100100 7.42484 6.08177 5.88023 19.3868 304.221
100200 7.49701 6.13495 5.73789 19.3698 299.524
100300 7.38943 6.34296 5.74063 19.473 295.277
100400 7.51214 6.38921 5.80558 19.7069 306.923
100500 7.69847 6.16736 5.82037 19.6862 317.325
100600 7.74124 6.04908 5.83751 19.6278 323.109
100700 7.85445 6.04491 5.82258 19.7219 297.399
100800 7.9384 6.0353 5.76448 19.7382 295.459
100900 8.05565 6.11044 5.70306 19.8691 298.805
101000 8.1539 5.91721 5.70173 19.7728 309.188
101100 8.07858 5.77937 5.7567 19.6147 310.658
101200 7.94099 5.91091 5.89902 19.7509 295.966
101300 8.00309 6.05833 5.80059 19.862 292.827
101400 8.0038 6.03147 5.81072 19.846 293.859
101500 7.94391 5.9742 5.82011 19.7382 305.128
101600 7.93982 5.81542 5.9299 19.6851 302.612
101700 7.92449 5.72904 5.91025 19.5638 320.34
101800 8.00082 5.77248 5.81359 19.5869 319.63
101900 7.9791 5.86451 5.7497 19.5933 305.12
102000 7.96347 6.24392 5.74336 19.9508 298.339
102100 8.18199 6.57708 5.81635 20.5754 298.233
102200 8.37003 6.49798 5.80979 20.6778 294.646
102300 8.48343 6.34573 5.95709 20.7862 305.929
102400 8.62613 6.16026 6.03199 20.8184 319.411
102500 8.63253 5.94839 6.02894 20.6099 301.866
102600 8.41374 5.8242 6.03401 20.2719 305.681
102700 8.32779 5.88212 5.97744 20.1874 292.906
102800 8.51299 5.77395 5.98291 20.2699 297.347
102900 8.48093 5.84458 5.84128 20.1668 306.964
103000 8.51205 6.07547 5.76257 20.3501 290.852
103100 8.47946 6.14827 5.83244 20.4602 314.428
103200 8.65449 6.21162 5.9499 20.816 312.97
103300 8.96048 6.17927 6.06158 21.2013 293.931
103400 8.90589 6.22442 6.17315 21.3035 289.967
103500 8.75353 6.41116 6.0894 21.2541 297.855
103600 8.712 6.5698 5.9204 21.2022 295.586
103700 8.71173 6.43625 5.89321 21.0412 299.653
103800 8.45462 6.28541 5.92477 20.6648 297.084
103900 8.44609 6.42271 5.90586 20.7746 306.529
104000 8.56321 6.47297 5.9079 20.9441 301.187
104100 8.42116 6.15357 5.91268 20.4874 310.117
104200 8.4571 6.01913 5.73348 20.2097 302.316
104300 8.66349 6.02345 5.65569 20.3426 295.804
104400 8.82953 6.15012 5.74284 20.7225 288.497
104500 8.83115 6.42176 5.76373 21.0166 299.534
104600 8.71683 6.46864 5.84398 21.0294 315.41
104700 8.68206 6.35128 5.70841 20.7418 311.651
104800 8.63786 6.13331 5.72041 20.4916 295.416
104900 8.38508 5.96193 5.59361 19.9406 293.141
105000 8.17283 5.88883 5.66062 19.7223 297.672
105100 8.06472 5.95418 5.77439 19.7933 319.186
105200 8.19903 6.17747 5.85837 20.2349 316.331
105300 8.32416 6.39596 5.80153 20.5216 307.647
105400 8.40887 6.69284 5.78059 20.8823 303.733
105500 8.50461 6.70325 5.7138 20.9217 297.705
105600 8.61745 6.62785 5.85454 21.0998 293.448
105700 8.55174 6.60539 5.85512 21.0122 313.703
105800 8.47797 6.40185 5.9061 20.7859 322.882
105900 8.48971 6.19855 5.97874 20.667 313.131
106000 8.46277 5.92035 6.02932 20.4124 298.436
106100 8.62473 5.93293 6.05967 20.6173 298.845
106200 8.81811 6.25709 6.12787 21.2031 296.566
106300 8.83306 6.58932 6.19751 21.6199 324.114
106400 8.75339 6.67072 6.32422 21.7483 312.169
106500 8.60616 6.61163 6.28928 21.5071 282.774
106600 8.61823 6.6616 6.20428 21.4841 291.922
106700 8.58407 6.65699 6.26146 21.5025 306.53
106800 8.5025 6.33586 6.19208 21.0304 309.861
106900 8.49354 6.13028 6.1298 20.7536 291.468
107000 8.39679 6.26249 6.11144 20.7707 283.559
107100 8.28436 6.49801 6.08784 20.8702 269.079
107200 8.32255 6.4218 5.96339 20.7077 277.373
107300 8.12091 6.33351 5.82342 20.2778 294.547
107400 7.95683 6.39781 5.81293 20.1676 295.886
107500 8.1431 6.38529 5.80215 20.3305 309.828
107600 8.31081 6.54211 5.85222 20.7051 308.869
107700 8.25434 6.42354 6.00214 20.68 302.342
107800 8.28081 6.23163 6.13856 20.651 285.325
107900 8.44396 6.27093 6.11683 20.8317 289.202
108000 8.35782 6.24567 6.21628 20.8198 300.404
108100 8.31748 6.32622 6.33124 20.9749 304.368
108200 8.29278 6.3312 6.17523 20.7992 301.884
108300 8.26972 6.41397 5.95945 20.6431 294.831
108400 8.25394 6.29572 5.98816 20.5378 293.355
108500 8.47655 6.06774 6.0888 20.6331 294.812
108600 8.41871 5.99554 5.96266 20.3769 295.913
108700 8.32668 6.07023 6.02653 20.4234 302.637
108800 8.30119 6.21633 6.12128 20.6388 315.575
108900 8.33169 6.4008 6.07059 20.8031 298.393
109000 8.19564 6.30957 6.01844 20.5236 293.268
109100 8.19504 6.07096 6.05861 20.3246 286.557
109200 8.32548 6.10759 6.03653 20.4696 291.76
109300 8.53655 6.17824 6.0129 20.7277 301.86
109400 8.4515 6.14891 6.07791 20.6783 300.763
109500 8.1846 6.21488 5.89867 20.2982 301.26
109600 8.0078 6.44496 5.84697 20.2997 293.987
109700 8.17283 6.64164 5.92025 20.7347 283.578
109800 8.46664 6.70742 5.95365 21.1277 280.246
109900 8.51027 6.60721 6.01049 21.128 298.301
110000 8.42508 6.75309 6.01352 21.1917 303.659
110100 8.27029 6.87107 6.06486 21.2062 300.398
110200 8.35908 6.61986 6.15506 21.134 301.747
110300 8.30223 6.84415 6.17089 21.3173 312.966
110400 8.08489 7.1938 6.05674 21.3354 311.499
110500 7.99953 7.11129 6.04343 21.1543 301.615
110600 7.97537 6.76022 6.03592 20.7715 289.097
110700 8.08324 6.75313 6.16776 21.0041 302.135
110800 7.95856 7.04416 6.3015 21.3042 297.8
110900 7.96825 6.9671 6.29821 21.2336 322.425
111000 8.07286 6.76378 6.22879 21.0654 307.068
111100 8.11218 6.72075 6.2373 21.0702 307.207
111200 8.08469 6.95479 6.31439 21.3539 292.745
111300 8.11328 7.24433 6.21442 21.572 298.467
111400 8.14677 7.09732 6.0819 21.326 300.101
111500 8.13884 6.85819 6.17657 21.1736 295.769
111600 8.07935 6.974 6.21636 21.2697 308.124
111700 8.1696 7.19836 6.11704 21.485 323.671
111800 8.35915 7.11984 6.20084 21.6798 309.439
111900 8.32743 7.08229 6.27184 21.6816 294.095
112000 8.11262 7.14905 6.29521 21.5569 298.588
112100 8.13309 7.12319 6.22154 21.4778 291.784
112200 8.20794 6.82583 6.06675 21.1005 307.794
112300 8.31179 6.9323 6.02338 21.2675 316.607
112400 8.62752 7.02063 5.96841 21.6166 307.873
112500 8.63359 7.02684 6.09776 21.7582 300.575
112600 8.78756 7.08963 5.94135 21.8185 295.871
112700 8.8151 7.21305 5.89226 21.9204 293.908
112800 8.62869 7.37875 6.01474 22.0222 310.016
112900 8.61704 7.31231 6.17118 22.1005 330.533
113000 8.63527 7.33414 6.23659 22.206 319.002
113100 8.59421 7.44024 6.34451 22.379 294.826
113200 8.33576 7.63438 6.34955 22.3197 304.071
113300 8.0777 7.69163 6.35047 22.1198 297.092
113400 8.0036 7.72997 6.25587 21.9895 291.439
113500 8.09111 7.86563 6.23129 22.188 300.172
113600 8.17078 7.85502 6.24965 22.2755 309.415
113700 8.14756 7.7012 6.32328 22.172 315.652
113800 8.17409 7.77698 6.34911 22.3002 305.747
113900 7.94532 7.91334 6.37518 22.2338 289.964
114000 7.94616 7.98197 6.54015 22.4683 299.526
114100 8.11022 8.01713 6.58442 22.7118 299.981
114200 8.28424 8.16463 6.5079 22.9568 310.116
114300 8.31324 8.1912 6.46515 22.9696 320.524
114400 7.96207 8.4312 6.40768 22.8009 321.891
114500 7.70389 8.44982 6.40582 22.5595 306.526
114600 7.77245 8.08851 6.51246 22.3734 284.064
114700 8.07229 7.90581 6.53048 22.5086 294.017
114800 8.04859 7.77042 6.5047 22.3237 311.941
114900 7.9723 7.81531 6.5775 22.3651 305.28
115000 8.16544 7.72411 6.58091 22.4705 298.62
115100 8.40963 7.83542 6.4728 22.7178 281.996
115200 8.4187 8.01409 6.53223 22.965 286.138
115300 8.3799 8.03862 6.56806 22.9866 291.615
115400 8.4197 7.95679 6.45325 22.8297 301.73
115500 8.51068 7.61313 6.51092 22.6347 300.962
115600 8.49957 7.6405 6.70691 22.847 301.594
115700 8.34037 7.72421 6.66282 22.7274 294.789
115800 8.06397 7.70301 6.73599 22.503 285.142
115900 8.15345 7.60289 6.70984 22.4662 286.618
116000 8.27292 7.51595 6.64618 22.4351 303.883
116100 8.15287 7.39755 6.63269 22.1831 308.052
116200 8.20464 7.4376 6.63699 22.2792 304.866
116300 8.35148 7.45577 6.40191 22.2092 295.201
116400 8.24705 7.51047 6.44531 22.2028 298.934
116500 8.07077 7.36834 6.72898 22.1681 283.027
116600 8.40233 7.24684 6.83959 22.4888 283.573
116700 8.66714 7.21803 6.99549 22.8807 289.48
116800 8.44996 7.31307 7.21393 22.977 305.449
116900 8.33528 7.37473 7.1973 22.9073 305.641
117000 8.64608 7.41854 7.03394 23.0986 289.502
117100 8.71257 7.36238 7.06151 23.1365 290.376
117200 8.7418 7.16858 6.99256 22.9029 278.608
117300 8.60299 7.08334 7.04218 22.7285 287.487
117400 8.30936 7.22414 7.09307 22.6266 309.781
117500 8.44714 7.3135 7.34909 23.1097 292.75
117600 8.74835 7.42274 7.3532 23.5243 308.68
117700 8.755 7.53981 7.29766 23.5925 305.671
117800 8.54774 7.52693 6.98005 23.0547 294.306
117900 8.34856 7.67133 6.75741 22.7773 280.308
118000 8.41757 7.91821 6.76103 23.0968 304.166
118100 8.54017 8.01938 6.6985 23.2581 302.495
118200 8.51244 7.93142 6.63751 23.0814 307.795
118300 8.47824 7.9673 6.62512 23.0707 306.786
118400 8.50088 7.8854 6.56435 22.9506 289.864
118500 8.41497 7.96651 6.41727 22.7988 302.213
118600 8.4386 7.96606 6.44235 22.847 297.822
118700 8.34072 7.72837 6.55978 22.6289 298.581
118800 8.35967 7.47709 6.65768 22.4944 295.5
118900 8.56372 7.44689 6.5405 22.5511 318.96
119000 8.36446 7.55281 6.50436 22.4216 333.038
119100 8.13174 7.91837 6.5631 22.6132 313.103
119200 8.25938 8.14684 6.68218 23.0884 308.856
119300 8.41234 8.48211 6.71519 23.6096 292.258
119400 8.40093 8.59902 6.63387 23.6338 289.571
119500 8.49537 8.6999 6.55812 23.7534 312.075
119600 8.63105 8.81281 6.54504 23.9889 310.648
119700 8.79887 8.53111 6.55498 23.885 307.841
119800 8.96322 8.55488 6.52139 24.0395 289.551
119900 8.89817 8.40708 6.41745 23.7227 291.722
120000 8.72813 8.36565 6.49174 23.5855 300.07
120100 8.77388 8.31891 6.56935 23.6621 325.179
120200 8.84262 8.24438 6.61069 23.6977 307.848
120300 9.01092 8.17868 6.71557 23.9052 288.381
120400 9.19432 8.11901 6.83082 24.1442 283.523
120500 9.04064 8.1564 6.72097 23.918 289.587
120600 8.7636 8.15351 6.67572 23.5928 297.938
120700 8.80514 8.23225 6.71647 23.7539 309.98
120800 8.94194 8.4737 6.69107 24.1067 298.103
120900 8.89642 8.84637 6.79358 24.5364 292.069
121000 8.79098 8.80336 6.88448 24.4788 297.922
121100 8.73154 8.55249 6.96993 24.254 288.497
121200 8.67796 8.51725 6.7897 23.9849 296.982
121300 8.7027 8.42804 6.65509 23.7858 313.109
121400 8.63572 8.55185 6.52267 23.7102 306.873
121500 8.61159 8.40657 6.3698 23.388 300.103
121600 8.95878 8.40014 6.38462 23.7435 295.349
121700 8.83746 8.59637 6.56105 23.9949 293.475
121800 8.52847 8.75505 6.56152 23.845 295.192
121900 8.49486 8.7617 6.67903 23.9356 314.592
122000 8.53994 8.30375 6.8528 23.6965 315.308
122100 8.63535 8.08491 6.7199 23.4402 315.677
122200 8.617 8.01967 6.69924 23.3359 297.281
122300 8.52181 8.04295 6.72584 23.2906 292.26
122400 8.58766 8.28064 6.81429 23.6826 290.353
122500 8.78626 8.42024 6.79259 23.9991 304.788
122600 8.75844 8.46881 6.88202 24.1093 310.072
122700 8.75405 8.48038 6.94954 24.184 303.875
122800 8.69017 8.3097 6.90889 23.9087 288.522
122900 8.58244 8.51846 6.87342 23.9743 299.048
123000 8.66791 8.71648 6.76349 24.1479 305.861
123100 8.54782 8.78219 6.70259 24.0326 298.812
123200 8.36834 8.84504 6.58454 23.7979 299.072
123300 8.51718 8.74002 6.44325 23.7004 297.612
123400 8.54736 8.45034 6.48069 23.4784 313.775
123500 8.62629 8.03464 6.6402 23.3011 311.402
123600 8.79856 8.40495 6.75253 23.956 313.199
123700 9.00039 8.62066 6.79353 24.4146 301.398
123800 9.04626 8.41521 6.75301 24.2145 291.663
123900 9.14906 8.46652 6.62135 24.2369 292.61
124000 9.08087 8.68455 6.60386 24.3693 316.209
124100 9.11756 8.78482 6.5359 24.4383 309.506
124200 9.11973 8.92969 6.59796 24.6474 290.411
124300 9.04356 8.98427 6.48744 24.5153 288.747
124400 8.8005 8.89629 6.29689 23.9937 294.343
124500 8.55041 8.78035 6.22321 23.554 304.933
124600 8.43054 8.51898 6.32248 23.272 306.3
124700 8.55606 8.23383 6.39444 23.1843 296.899
124800 8.75142 8.12139 6.37486 23.2477 286.644
124900 8.77869 8.26622 6.37104 23.416 286.203
125000 8.85021 8.51249 6.44638 23.8091 286.54
125100 9.13961 8.57783 6.51455 24.232 312.353
125200 9.1506 8.76043 6.40917 24.3202 304.952
125300 8.97974 8.78634 6.35966 24.1257 298.186
125400 8.95018 8.53965 6.44354 23.9334 299.424
125500 9.1303 8.34074 6.6747 24.1457 288.298
125600 8.93792 8.24605 6.72115 23.9051 286.854
125700 8.91203 8.39092 6.65321 23.9562 296.128
125800 8.8333 8.45113 6.70851 23.9929 306.262
125900 8.63015 8.42988 6.72514 23.7852 307.725
126000 8.52016 8.40418 6.63979 23.5641 297.577
126100 8.52845 8.3855 6.55173 23.4657 285.973
126200 8.56134 8.4988 6.71279 23.7729 280.763
126300 8.78835 8.37255 6.73762 23.8985 298.769
126400 8.89801 8.4107 6.73199 24.0407 305.354
126500 8.76487 8.58701 6.80454 24.1564 308.524
126600 8.77222 8.61403 6.69483 24.0811 289.614
126700 8.90843 8.51022 6.68587 24.1045 274.59
126800 9.05317 8.25598 6.58984 23.899 283.732
126900 9.02311 8.14626 6.4328 23.6022 294.149
127000 8.95538 8.20364 6.45658 23.6156 298.501
127100 8.85438 8.43227 6.58529 23.8719 303.344
127200 8.69912 8.38222 6.45504 23.5364 315.427
127300 8.71631 8.2325 6.47078 23.4196 312.232
127400 8.67579 8.15976 6.46653 23.3021 290.555
127500 8.71133 8.43334 6.54214 23.6868 287.996
127600 8.60392 8.57354 6.72055 23.898 299.946
127700 8.64569 8.38576 6.60491 23.6363 311.39
127800 8.47515 8.1575 6.57799 23.2106 315.021
127900 8.33246 8.12127 6.44985 22.9036 294.837
128000 8.37236 8.20308 6.3851 22.9605 291.651
128100 8.57225 8.2971 6.40575 23.2751 306.241
128200 8.72912 8.38802 6.46867 23.5858 305.882
128300 8.54118 8.44048 6.45367 23.4353 303.723
128400 8.15929 8.46387 6.50028 23.1234 293.298
128500 8.53326 8.62602 6.50185 23.6611 293.641
128600 8.97011 8.575 6.55507 24.1002 285.854
128700 9.04024 8.47318 6.65024 24.1637 293.848
128800 8.99499 8.6066 6.80632 24.4079 319.873
128900 8.7794 8.55059 6.96417 24.2942 300.15
129000 8.50847 8.46586 6.77452 23.7488 291.575
129100 8.40449 8.41104 6.52414 23.3397 304.07
129200 8.59441 8.25259 6.49668 23.3437 322.759
129300 8.62726 8.24682 6.62902 23.5031 312.866
129400 8.81743 8.29193 6.60126 23.7106 297.112
129500 8.83307 8.43061 6.55191 23.8156 298.85
129600 8.55161 8.58246 6.50694 23.641 300.752
129700 8.49879 8.54491 6.4308 23.4745 295.483
129800 8.50033 8.74507 6.49019 23.7356 318.006
129900 8.61516 8.66986 6.45177 23.7368 305.757
130000 8.77895 8.62324 6.49314 23.8953 304.3
130100 9.10906 8.657 6.52299 24.289 285.055
130200 9.17284 8.39006 6.54063 24.1035 294.327
130300 8.96205 8.18747 6.50111 23.6506 304.641
130400 8.83714 8.2774 6.37802 23.4925 300.962
130500 8.72662 8.41251 6.50672 23.6458 318.345
130600 8.9689 8.25374 6.7787 24.0013 296.971
130700 8.92351 8.41509 6.87538 24.214 285.606
130800 8.83459 8.34681 6.79356 23.975 293.573
130900 9.00465 8.32755 6.57012 23.9023 306.051
131000 9.03525 8.52816 6.55721 24.1206 316.47
131100 8.86462 8.53089 6.72368 24.1192 295.198
131200 8.78282 8.22856 6.87103 23.8824 297.909
131300 8.67924 8.14389 7.13042 23.9536 307.166
131400 8.55245 8.41125 7.30131 24.265 293.231
131500 8.58407 8.33648 7.22128 24.1418 281.579
131600 8.64087 8.11766 7.14843 23.9069 290.494
131700 8.62556 7.98157 6.84595 23.4531 288.943
131800 8.67528 7.9532 6.60983 23.2383 294.712
131900 8.75038 7.69357 6.64661 23.0906 292.201
132000 8.74163 7.49393 6.76312 22.9987 313.7
132100 8.88684 7.43358 6.82148 23.1419 305.062
132200 8.97395 7.29576 6.96411 23.2338 285.103
132300 9.02553 7.23581 7.09894 23.3603 288.167
132400 9.11039 7.14108 7.2254 23.4769 295.331
132500 9.07824 6.99098 7.1696 23.2388 308.612
132600 8.83968 6.9301 7.17258 22.9424 300.387
132700 8.8605 7.17846 7.1409 23.1799 298.639
132800 8.92547 7.38511 6.97733 23.2879 299.682
132900 8.85032 7.4056 6.77173 23.0277 300.403
133000 8.7566 7.50661 6.67457 22.9378 306.494
133100 8.77765 7.46768 6.77106 23.0164 306.864
133200 8.80879 7.36898 6.70526 22.883 297.455
133300 8.59982 7.2973 6.74811 22.6452 285.248
133400 8.55564 7.22657 6.83822 22.6204 293.709
133500 8.78867 7.33756 6.83806 22.9643 314.345
133600 8.86943 7.6404 6.97774 23.4876 316.081
133700 8.84056 7.80382 7.00682 23.6512 296.807
133800 8.9203 8.08936 7.17327 24.1829 292.357
133900 8.97647 8.34645 7.29242 24.6153 293.854
134000 9.16271 8.33026 7.38273 24.8757 304.884
134100 9.25544 8.17203 7.38463 24.8121 301.217
134200 9.17247 8.34117 7.42325 24.9369 299.023
134300 9.0204 8.29924 7.42218 24.7418 295.727
134400 8.93473 8.10954 7.39232 24.4366 290.208
134500 8.73415 8.16178 7.38275 24.2787 285.624
134600 8.90203 8.20429 7.34817 24.4545 304.021
134700 9.04239 8.21984 7.25306 24.5153 308.421
134800 9.25668 8.15297 7.11883 24.5285 300.098
134900 9.49068 8.3619 7.05916 24.9117 287.749
135000 9.56239 8.62947 7.1082 25.3001 289.137
135100 9.5783 8.64284 7.17078 25.3919 293.541
135200 9.36037 8.46263 7.28609 25.1091 303.875
135300 9.40128 8.43773 7.3262 25.1652 303.244
135400 9.49141 8.46984 7.25703 25.2183 296.618
135500 9.59508 8.18641 7.39879 25.1803 272.953
135600 9.37829 8.25063 7.36354 24.9925 284.906
135700 9.39031 8.13331 7.33707 24.8607 305.797
135800 9.71288 8.03692 7.24515 24.995 315.138
135900 9.68779 8.05877 7.13382 24.8804 302.666
136000 9.44696 7.92795 7.10027 24.4752 301.622
136100 9.2509 7.92699 7.11709 24.295 294.404
136200 9.27017 7.90792 7.17131 24.3494 298.832
136300 9.19631 7.80161 7.2573 24.2552 302.37
136400 9.27213 7.65662 7.26717 24.1959 300.178
136500 9.15911 7.57342 7.33072 24.0632 304.863
136600 9.19203 7.59576 7.22192 24.0097 291.509
136700 9.41128 7.83106 7.22934 24.4717 293.015
136800 9.42528 7.96378 7.32836 24.7174 301.589
136900 9.53524 7.90723 7.45702 24.8995 311.419
137000 9.71997 8.03819 7.69076 25.4489 311.842
137100 9.6912 7.96635 7.69185 25.3494 297.797
137200 9.4766 7.97502 7.74728 25.1989 292.69
137300 9.55155 7.77441 7.83672 25.1627 285.004
137400 9.33436 7.60884 7.67855 24.6217 295.554
137500 9.22911 7.84641 7.59633 24.6718 315.651
137600 9.25498 8.23676 7.68587 25.1776 298.099
137700 9.3207 8.25451 7.8121 25.3873 289.997
137800 9.32227 8.05438 7.84182 25.2185 298.16
137900 9.48517 7.96138 7.7355 25.1821 327.476
138000 9.50618 7.94038 7.8207 25.2673 306.47
138100 9.42131 7.95619 7.81142 25.1889 305.548
138200 9.26055 7.81068 7.75669 24.8279 297.918
138300 9.1955 7.7272 7.45241 24.3751 301.575
138400 9.11943 7.68928 7.42413 24.2328 277.725
138500 9.28075 7.61343 7.48067 24.3749 272.224
138600 9.28983 7.73718 7.55624 24.5833 285.988
138700 9.09699 7.86884 7.63709 24.6029 295.919
138800 9.12878 7.93198 7.69518 24.7559 302.126
138900 8.97658 7.97806 7.79876 24.7534 302.858
139000 8.86289 7.78151 7.87005 24.5144 311.361
139100 9.09633 7.76169 7.86579 24.7238 298.473
139200 9.32282 8.0807 7.73153 25.1351 293.95
139300 9.51601 8.26596 7.43831 25.2203 287.063
139400 9.58568 8.39208 7.43023 25.408 294.995
139500 9.74906 8.48133 7.52361 25.754 304.16
139600 9.76929 8.53156 7.60226 25.9031 308.455
139700 9.67759 8.41604 7.60654 25.7002 298.599
139800 9.57651 8.42729 7.59054 25.5943 288.595
139900 9.45263 8.49903 7.59909 25.5507 296.99
140000 9.43095 8.47511 7.49981 25.4059 298.746
140100 9.37969 8.22508 7.65541 25.2602 316.723
140200 9.1492 7.9692 7.58095 24.6993 303.956
140300 9.2592 8.15019 7.63964 25.049 290.857
140400 9.13803 8.54566 7.6233 25.307 297.201
140500 9.23244 8.64669 7.63081 25.5099 289.922
140600 9.53736 8.80827 7.59332 25.9389 301.134
140700 9.67887 8.79513 7.45646 25.9305 318.648
140800 9.42817 8.55358 7.32767 25.3094 326.671
140900 9.31711 8.03797 7.11922 24.4743 323.938
141000 9.54249 8.02387 7.16705 24.7334 306.744
141100 9.59377 8.08402 7.24592 24.9237 293.532
141200 9.49895 8.01546 7.32571 24.8401 288.138
141300 9.41102 7.96607 7.60196 24.979 304.202
141400 9.17723 7.94504 7.68195 24.8042 306.188
141500 8.95217 8.06463 7.66289 24.6797 324.083
141600 9.06263 8.3162 7.49063 24.8695 307.328
141700 9.30773 8.50586 7.40146 25.2151 298.169
141800 9.21068 8.35459 7.36469 24.93 289.711
141900 9.32043 8.19593 7.41468 24.931 285.892
142000 9.50254 8.24873 7.58104 25.3323 305.525
142100 9.50723 8.32288 7.65836 25.4885 308.786
142200 9.52616 8.47453 7.68061 25.6813 306.909
142300 9.59216 8.53136 7.71103 25.8346 292.736
142400 9.71816 8.3235 7.69016 25.7318 287.029
142500 9.70966 8.2957 7.71722 25.7226 296.699
142600 9.52664 8.31435 7.82148 25.6625 311.206
142700 9.42273 8.2559 7.86371 25.5423 304.453
142800 9.29168 7.93152 7.77688 25.0001 300.635
142900 9.35961 7.74854 7.86153 24.9697 293.106
143000 9.71646 7.83295 7.89886 25.4483 279.794
143100 9.90755 7.74996 7.90605 25.5636 301.042
143200 9.62651 7.77383 8.07492 25.4753 311.207
143300 9.37982 7.8074 7.93161 25.1188 301.675
143400 9.37391 7.95583 7.81205 25.1418 291.267
143500 9.44352 8.0137 7.88868 25.3459 293.02
143600 9.57266 7.97928 7.97438 25.5263 318.065
143700 9.61896 7.85257 8.05791 25.5294 305.76
143800 9.58776 7.8003 8.16979 25.5578 311.681
143900 9.55601 7.89212 8.24404 25.6922 297.24
144000 9.42054 8.12477 8.24353 25.7888 287.694
144100 9.51793 8.26594 8.01957 25.8034 313.493
144200 9.60624 8.46691 7.9262 25.9993 309.12
144300 9.52283 8.69388 7.64825 25.865 284.672
144400 9.48206 8.64681 7.47903 25.6079 288.547
144500 9.44136 8.42635 7.49875 25.3665 294.098
144600 9.33292 8.17632 7.33893 24.8482 305.278
144700 9.2261 8.22181 7.13346 24.5814 306.349
144800 9.20159 8.12122 7.18262 24.5054 297.531
144900 9.1356 7.9944 7.17987 24.3099 292.381
145000 9.15434 8.26087 7.17754 24.5927 285.612
145100 9.22809 8.5982 7.22798 25.0543 313.123
145200 9.42013 8.32733 7.20809 24.9556 312.922
145300 9.5351 8.2759 7.09566 24.9067 295.387
145400 9.41135 8.44457 7.01566 24.8716 287.166
145500 9.41846 8.40816 7.07474 24.9014 303.041
145600 9.57209 8.22196 7.13801 24.9321 311.245
145700 9.44979 8.24611 7.06437 24.7603 315.971
145800 9.43107 8.4447 7.02212 24.8979 301.992
145900 9.71632 8.25776 7.00903 24.9831 291.567
146000 9.69292 8.3504 7.07641 25.1197 293.895
146100 9.5641 8.51314 7.08167 25.1589 302.328
146200 9.55627 8.51707 7.04166 25.115 317.296
146300 9.49854 8.10162 6.99143 24.5916 305.663
146400 9.55177 7.91384 7.13371 24.5993 303.953
146500 9.55622 8.17023 7.30789 25.0343 294.818
146600 9.64495 8.2003 7.29434 25.1396 298.626
146700 9.77401 8.33246 7.33159 25.4381 287.055
146800 9.72573 8.5211 7.24791 25.4947 295.885
146900 9.5866 8.71218 7.25135 25.5501 307.779
147000 9.54379 8.73391 7.19761 25.4753 311.207
147100 9.39065 8.79526 7.14143 25.3273 305.798
147200 9.32583 8.59464 7.1406 25.0611 291.275
147300 9.26835 8.54506 7.13066 24.9441 289.626
147400 9.48969 8.7351 7.43504 25.6598 296.924
147500 9.78651 8.79348 7.60475 26.1847 309.651
147600 10.1406 8.60766 7.60508 26.3534 305.965
147700 10.1402 8.3018 7.5928 26.0348 279.36
147800 9.97347 8.25711 7.39308 25.6237 284.008
147900 9.86259 8.42359 7.41946 25.7056 291.837
148000 9.80171 8.33048 7.41084 25.543 299.449
148100 9.63802 7.97108 7.32841 24.9375 295.441
148200 9.49944 7.75199 7.27906 24.5305 307.865
148300 9.5866 7.84406 7.35498 24.7856 317.099
148400 9.76303 7.9884 7.50478 25.2562 290.767
148500 9.76879 8.02991 7.39469 25.1934 294.898
148600 9.92692 7.96831 7.28856 25.1838 285.803
148700 9.96662 8.18491 7.24182 25.3934 303.365
148800 9.98625 8.523 7.28501 25.7943 312.292
148900 9.95285 8.29481 7.31034 25.558 295.896
149000 9.84959 8.00746 7.2959 25.153 297.992
149100 9.7377 8.00862 7.26227 25.0086 289.807
149200 9.87297 8.15364 7.27928 25.3059 291.372
149300 10.0993 8.30891 7.47025 25.8785 292.827
149400 10.4751 8.527 7.34161 26.3437 297.995
149500 10.3144 8.34124 7.11535 25.771 312.083
149600 9.97635 8.16126 7.15869 25.2963 303.001
149700 9.67688 8.17978 7.17544 25.0321 298.426
149800 9.64775 8.2314 7.28228 25.1614 290.04
149900 9.65789 8.24641 7.43261 25.3369 275.491
150000 9.83382 8.30575 7.49543 25.635 280.901
150100 10.0365 8.46121 7.51768 26.0153 295.698
150200 10.1847 8.70382 7.37139 26.2599 296.432
150300 10.1601 9.03509 7.27668 26.4719 300.517
150400 9.95622 8.91924 7.34913 26.2246 307.127
150500 9.72407 8.67003 7.35757 25.7517 314.846
150600 9.8316 8.75893 7.38478 25.9753 309.823
150700 10.0168 8.69974 7.48709 26.2037 286.055
150800 9.92453 8.48001 7.39487 25.7994 291.441
150900 10.0136 8.17974 7.53078 25.7241 320.208
151000 10.5074 7.81799 7.65889 25.9842 304.92
151100 10.861 7.6415 7.79439 26.2969 301.172
151200 10.984 7.56638 7.78556 26.3359 288.195
151300 10.6487 7.54294 7.6535 25.8451 287.473
151400 10.4 7.73388 7.47512 25.6089 304.579
151500 10.3547 7.95002 7.26915 25.5739 310.387
151600 10.2167 7.84318 7.13587 25.1957 303.994
151700 10.1807 7.88501 7.18247 25.2482 302.308
151800 10.2191 7.93114 7.30258 25.4528 298.122
151900 10.3274 7.73285 7.31312 25.3734 299.936
152000 10.4268 7.55205 7.16809 25.1469 287.793
152100 10.377 7.59449 7.27183 25.2433 303.389
152200 10.1549 7.75217 7.45524 25.3623 301.776
152300 10.1148 7.7557 7.45681 25.3273 296.729
152400 10.36 7.74531 7.38969 25.495 296.171
152500 10.3891 7.73112 7.32517 25.4454 289.121
152600 10.4066 7.77327 7.45393 25.6338 299.461
152700 10.4316 7.79862 7.47759 25.7078 315.09
152800 10.516 7.7383 7.53314 25.7875 308.282
152900 10.6828 7.70455 7.46227 25.8496 291.884
153000 10.5576 7.85403 7.4165 25.8281 296.679
153100 10.3779 7.83142 7.51009 25.7194 287.993
153200 10.2822 7.71726 7.53021 25.5297 301.587
153300 10.2789 7.48303 7.83803 25.5999 306.147
153400 10.2241 7.27729 7.98297 25.4844 306.514
153500 10.2547 6.99731 7.90357 25.1556 297.527
153600 10.0855 6.95542 7.70492 24.7458 287.457
153700 10.0202 7.01535 7.49609 24.5317 289.665
153800 10.2239 6.81131 7.33206 24.3673 302.63
153900 10.2025 6.9147 7.27781 24.395 305.331
154000 10.1259 7.21768 7.30731 24.6509 303.053
154100 10.1303 7.17673 7.29173 24.5987 295.648
154200 10.0724 7.25897 7.45887 24.7902 292.771
154300 10.1036 7.53212 7.59174 25.2274 278.509
154400 10.2213 7.59277 7.67522 25.4893 271.797
154500 10.3271 7.55057 7.54541 25.4231 291.607
154600 10.3714 7.40356 7.29742 25.0724 303.271
154700 10.2992 7.558 7.10663 24.9638 306.914
154800 10.2761 7.76318 7.20541 25.2447 299.139
154900 10.2849 7.93228 7.29209 25.5093 290.357
155000 10.2918 7.88544 7.3294 25.5066 295.876
155100 10.075 7.84495 7.31474 25.2347 286.378
155200 10.0856 7.80567 7.32263 25.2139 291.102
155300 10.2261 7.86133 7.34985 25.4373 303.819
155400 10.1106 8.17286 7.49629 25.7797 317.483
155500 10.1356 8.35186 7.39395 25.8814 301.92
155600 10.0289 8.44085 7.45866 25.9284 298.851
155700 10.016 8.35818 7.52086 25.8951 297.215
155800 10.0048 8.3975 7.69445 26.0968 297.959
155900 9.90811 8.32187 7.71928 25.9493 306.642
156000 9.76158 8.59636 7.86798 26.2259 318.892
156100 9.90254 8.68957 7.94282 26.5349 313.605
156200 9.77918 8.51195 7.83204 26.1232 296.425
156300 9.72199 8.24126 7.56141 25.5247 292.204
156400 9.84457 8.09651 7.52566 25.4667 299.749
156500 9.96877 8.156 7.65254 25.7773 293.217
156600 9.86027 8.07647 7.654 25.5907 315.493
156700 9.66995 8.16701 7.69439 25.5313 325.533
156800 9.99584 8.20842 7.67737 25.8816 307.454
156900 10.1962 8.12691 7.63143 25.9546 303.042
157000 10.0896 8.11024 7.67955 25.8794 291.346
157100 10.0244 8.18362 7.57192 25.7799 306.19
157200 9.95757 8.25897 7.36823 25.5848 309.431
157300 10.1331 8.19108 7.10017 25.4243 306.913
157400 10.0861 7.97458 7.1843 25.245 303.342
157500 10.2619 7.83216 7.26549 25.3596 299.814
157600 10.4209 7.60101 7.28325 25.3052 284.018
157700 10.2826 7.72985 7.29286 25.3053 297.66
157800 10.2208 7.97661 7.506 25.7034 316.659
157900 10.0885 8.08329 7.50449 25.6763 302.197
158000 9.943 8.20544 7.42894 25.5774 308.83
158100 9.88531 8.42353 7.54976 25.8586 309.074
158200 10.0622 8.43867 7.52871 26.0296 294.069
158300 9.98553 8.48386 7.51443 25.9838 295.577
158400 9.83561 8.36958 7.44179 25.647 300.347
158500 9.60765 8.42361 7.39767 25.4289 309.8
158600 9.7595 8.63485 7.53806 25.9324 336.133
158700 10.2313 8.55328 7.73555 26.5201 317.67
158800 10.287 8.33182 7.82227 26.441 298.727
158900 9.95144 8.06938 7.83812 25.8589 295.679
159000 9.83988 7.95503 7.7546 25.5495 293.816
159100 9.82517 7.80882 7.73295 25.3669 299.645
159200 9.90251 7.84543 7.54583 25.2938 316.248
159300 9.72183 8.04766 7.39194 25.1614 314.194
159400 9.54494 8.20968 7.38954 25.1442 295.665
159500 9.57662 8.2107 7.48503 25.2723 296.666
159600 9.7944 8.22042 7.47447 25.4893 285.044
159700 9.92372 8.28808 7.37346 25.5853 302.12
159800 9.53577 8.16344 7.31324 25.0125 304.511
159900 9.53785 8.27804 7.3502 25.1661 298.919
160000 9.83286 8.52731 7.33997 25.7001 283.717
160100 9.9774 8.54754 7.29275 25.8177 293.782
160200 9.69269 8.19706 7.39105 25.2808 302.49
160300 9.52105 7.85931 7.33602 24.7164 312.753
160400 9.319 7.75353 7.51075 24.5833 306.189
160500 9.48405 7.90138 7.59128 24.9767 289.743
160600 9.61128 8.0435 7.5608 25.2156 278.192
160700 9.69197 8.02289 7.50836 25.2232 276.265
160800 9.52158 7.80614 7.38084 24.7086 282.515
160900 9.44294 7.4718 7.25586 24.1706 302.565
161000 9.5152 7.3871 7.1275 24.0298 299.971
161100 9.56886 7.63766 7.0846 24.2911 311.248
161200 9.73169 7.60052 7.12407 24.4563 298.97
161300 10.0304 7.95998 7.27273 25.2632 301.356
161400 10.0003 8.2292 7.3146 25.5441 282.161
161500 9.67099 7.93846 7.40065 25.0101 286.679
161600 9.34089 7.6199 7.30623 24.267 298.484
161700 9.36041 7.35777 7.35253 24.0707 300.131
161800 9.55533 7.50213 7.25775 24.3152 306.211
161900 9.63232 7.8611 7.16698 24.6604 302.622
162000 9.57534 7.8979 7.15087 24.6241 286.056
162100 9.68457 7.89384 7.10984 24.6882 278.49
162200 9.7898 7.94578 7.11924 24.8548 293.392
162300 9.72732 7.84398 7.21623 24.7875 301.376
162400 9.6047 7.89284 7.12506 24.6226 306.4
162500 9.60831 7.92221 7.13434 24.6649 301.827
162600 9.64953 7.75126 7.06626 24.467 287.377
162700 9.5281 7.79842 7.41274 24.7393 294.054
162800 9.40543 7.95726 7.49523 24.8579 295.197
162900 9.60398 8.14762 7.58169 25.3333 298.151
163000 9.70418 8.05989 7.66266 25.4267 314.358
163100 9.53715 8.02439 7.41167 24.9732 300.18
163200 9.65591 7.79461 7.34641 24.7969 291.677
163300 9.84257 7.68065 7.33155 24.8548 283.096
163400 9.78172 7.90303 7.24715 24.9319 289.955
163500 10.027 7.98733 7.16456 25.1789 295.86
163600 10.0973 7.92005 7.15099 25.1683 307.375
163700 9.71602 7.97546 7.15478 24.8463 298.568
163800 9.60883 8.05425 7.18655 24.8496 297.245
163900 9.96025 7.92645 7.24106 25.1278 301.983
164000 10.0259 8.00165 7.25508 25.2826 308.344
164100 9.91858 8.09549 7.09569 25.1098 303.726
164200 9.76024 8.035 7.10612 24.9014 292.679
164300 9.75305 7.95589 7.14851 24.8575 308.05
164400 9.85673 7.89558 7.25265 25.005 308.834
164500 9.99616 8.09645 7.40321 25.4958 306.351
164600 10.005 8.2906 7.28755 25.5832 289.186
164700 10.082 8.20996 7.25719 25.5491 288.475
164800 10.3179 7.96606 7.11268 25.3966 286.829
164900 10.314 7.82652 7.07898 25.2195 316.038
165000 10.3398 7.6387 7.21742 25.1959 302.763
165100 10.096 7.74931 7.08627 24.9316 292.448
165200 9.96036 8.0154 6.95684 24.9326 294.477
165300 10.044 8.1457 6.93194 25.1216 291.171
165400 10.0704 8.30413 6.96725 25.3418 289.541
165500 9.9031 8.27154 7.03315 25.2078 296.723
165600 9.88723 8.00276 7.07137 24.9614 304.617
165700 9.95069 7.8093 7.06448 24.8245 307.624
165800 9.77742 7.54037 7.16282 24.4806 304.263
165900 9.58723 7.44346 7.46129 24.492 298.946
166000 9.84745 7.42777 7.545 24.8202 278.446
166100 10.0678 7.57567 7.35949 25.003 291.286
166200 9.99715 7.83587 7.39166 25.2247 303.892
166300 10.2503 8.1996 7.41035 25.8602 305.78
166400 10.3616 8.24301 7.24522 25.8499 299.97
166500 10.2854 8.1379 7.25344 25.6768 288.293
166600 10.3182 8.1538 7.25155 25.7236 274.072
166700 10.4036 8.00808 7.16094 25.5726 284.401
166800 10.085 7.83394 6.99512 24.914 298.58
166900 9.86531 7.92816 7.10179 24.8953 301.747
167000 9.8532 7.95247 7.12501 24.9307 302.801
167100 9.81211 7.94947 7.24237 25.0039 310.65
167200 9.81688 7.76455 7.41659 24.998 304.358
167300 9.53447 7.67192 7.38202 24.5884 302.909
167400 9.22875 7.80568 7.15572 24.1902 288.571
167500 9.15489 7.83145 6.99399 23.9803 292.923
167600 9.30605 7.81358 7.16888 24.2885 303.127
167700 9.48229 7.69925 7.22216 24.4037 319.264
167800 9.30629 7.7797 7.1053 24.1913 302.059
167900 9.29059 7.64487 7.24427 24.1797 298.964
168000 9.42732 7.53974 7.43389 24.4009 297.153
168100 9.51041 7.64647 7.45188 24.6088 286.759
168200 9.54214 7.75826 7.46214 24.7625 272.096
168300 9.78524 7.73812 7.54649 25.0699 289.442
168400 10.1487 7.78721 7.47981 25.4157 301.819
168500 10.3819 7.94879 7.35315 25.6838 301.574
168600 10.1774 8.24117 7.32866 25.7472 302.924
168700 10.0503 8.04209 7.29228 25.3847 294.762
168800 10.2641 7.76486 7.34194 25.3709 280.937
168900 10.2901 7.57668 7.31328 25.18 289.6
169000 10.4323 7.68483 7.31943 25.4366 307.448
169100 10.2625 7.9273 7.34059 25.5304 308.197
169200 10.1418 7.97361 7.26166 25.377 303.119
169300 9.94272 8.04659 7.12683 25.1161 281.963
169400 9.94405 8.06429 7.19152 25.1999 283.103
169500 9.76498 8.20048 7.25766 25.2231 292.36
169600 9.82876 8.15762 7.26482 25.2512 291.96
169700 10.1279 7.91307 7.35627 25.3972 311.127
169800 10.3796 7.74137 7.31955 25.4406 304.339
169900 10.519 7.5124 7.24456 25.2759 287.089
170000 10.4045 7.30711 7.34617 25.0578 283.034
170100 10.3365 7.19139 7.46846 24.9963 291.299
170200 10.1718 7.20352 7.3751 24.7504 302.513
170300 10.1017 7.53945 7.14772 24.7889 305.5
170400 10.1692 7.6603 7.07811 24.9076 306.592
170500 10.5519 7.49199 6.99858 25.0424 288.737
170600 10.7219 7.19632 6.902 24.8202 277.443
170700 10.7541 7.03105 7.02354 24.8087 307.679
170800 10.7558 7.20621 7.19815 25.1601 307.351
170900 10.8659 7.43517 7.27582 25.5769 300.843
171000 10.7547 7.41935 7.21456 25.3886 302.376
171100 10.936 7.40154 7.05439 25.3919 286.773
171200 11.2011 7.40182 7.21997 25.8229 292.761
171300 11.3244 7.37604 7.29594 25.9964 303.768
171400 11.0981 7.09918 7.35537 25.5526 316.355
171500 10.6814 6.88964 7.31677 24.8878 308.149
171600 10.6791 6.98402 7.20327 24.8664 302.085
171700 11.0679 6.94444 7.1761 25.1885 291.188
171800 11.2577 7.00326 7.27565 25.5366 304.875
171900 11.2072 7.03356 7.37446 25.6152 302.653
172000 11.0975 7.35693 7.43721 25.8917 300.088
172100 10.8052 7.43893 7.45759 25.7018 322.606
172200 10.4144 7.30889 7.29451 25.0178 303.833
172300 10.3802 7.23782 7.17673 24.7947 293.523
172400 10.7594 7.15503 7.16908 25.0835 289.251
172500 10.8448 6.95088 7.2901 25.0858 301.91
172600 10.7912 6.70597 7.43656 24.9337 306.168
172700 10.8262 6.37118 7.26787 24.4653 308.233
172800 10.9258 6.39371 7.23481 24.5544 299.546
172900 10.9297 6.43647 7.34704 24.7132 292.264
173000 11.0469 6.43513 7.26338 24.7454 305.173
173100 11.1656 6.64091 7.29558 25.1021 310.678
173200 11.0677 6.60863 7.40877 25.0851 306.774
173300 10.644 6.76579 7.45189 24.8617 297.195
173400 10.5431 6.79868 7.45617 24.7979 282.435
173500 10.8432 6.78997 7.40003 25.0332 297.026
173600 11.0152 6.70238 7.31622 25.0338 312.257
173700 10.9482 6.68947 7.31659 24.9542 312.836
173800 10.8516 6.74125 7.2212 24.8141 296.819
173900 10.7428 6.66007 7.19464 24.5975 299.093
174000 10.6132 6.37472 7.20433 24.1922 293.894
174100 10.4154 6.20167 7.22476 23.8418 307.821
174200 10.3451 6.31131 7.27846 23.9348 319.08
174300 10.5074 6.42589 7.25045 24.1837 310.886
174400 10.6938 6.56366 7.38008 24.6376 300.05
174500 10.4683 6.79888 7.41219 24.6794 298.667
174600 10.2195 6.91723 7.39707 24.5338 291.518
174700 10.1038 6.90928 7.38961 24.4027 307.237
174800 10.0961 7.01298 7.28533 24.3944 327.439
174900 10.0291 6.95836 7.34118 24.3286 308.138
175000 10.0773 6.93372 7.47059 24.4816 296.037
175100 10.2633 6.84973 7.39383 24.5068 302.977
175200 10.3017 6.73346 7.24924 24.2844 292.004
175300 10.3264 6.68052 7.27125 24.2782 280.715
175400 10.3836 6.67306 7.25487 24.3115 286.983
175500 10.3198 6.63221 7.25463 24.2066 308.903
175600 10.2424 6.63035 7.31446 24.1872 306.646
175700 10.3204 6.75059 7.36543 24.4364 304.14
175800 10.5264 6.85678 7.30923 24.6924 291.918
175900 10.5528 6.95086 7.3473 24.851 286.999
176000 10.4913 7.02211 7.2382 24.7516 298.746
176100 10.0083 6.97842 7.41065 24.3974 301.764
176200 9.92858 6.96018 7.43117 24.3199 291.947
176300 10.0046 6.91358 7.35112 24.2693 318.44
176400 10.0362 6.93321 7.45156 24.421 303.417
176500 10.0505 7.1135 7.60648 24.7705 288.181
176600 9.85535 7.39264 7.52584 24.7738 288.615
176700 9.67869 7.44302 7.38781 24.5095 295.396
176800 9.51249 7.4287 7.30796 24.2491 307.55
176900 9.6492 7.59934 7.24324 24.4918 306.222
177000 9.94793 7.92832 7.24957 25.1258 295.533
177100 9.89812 8.09533 7.28121 25.2747 291.227
177200 9.7079 8.07107 7.30723 25.0862 287.411
177300 9.69682 7.93273 7.15886 24.7884 294.917
177400 9.80445 7.75632 7.01825 24.579 306.751
177500 9.71978 7.94906 7.07494 24.7438 304.279
177600 9.65773 8.02055 6.85258 24.5309 304.31
177700 9.6459 8.03747 6.81986 24.5032 291.514
177800 9.8168 8.22355 6.90921 24.9496 274.533
177900 9.79793 8.17263 7.0393 25.0099 289.607
178000 9.92369 7.98777 7.0776 24.9891 304.576
178100 9.9926 7.88425 7.18988 25.0667 297.639
178200 9.96638 7.8349 7.33178 25.1331 316.336
178300 9.86418 7.93816 7.3294 25.1317 297.281
178400 9.9516 8.00776 7.43367 25.393 286.824
178500 10.1216 8.07398 7.51857 25.7141 290.625
178600 10.0385 7.90782 7.60838 25.5547 297.638
178700 10.003 7.5481 7.50804 25.0591 309.731
178800 10.0374 7.27954 7.45553 24.7725 301.072
178900 10.1417 7.15926 7.39105 24.692 307.967
179000 10.2893 6.96615 7.34599 24.6015 295.55
179100 10.0806 6.96289 7.30343 24.3469 298.578
179200 9.89355 7.08743 7.27503 24.256 292.005
179300 9.90275 7.24487 7.23125 24.3789 302.25
179400 9.78242 7.44472 7.10116 24.3283 303.665
179500 9.86082 7.56728 6.99814 24.4262 308.905
179600 9.78183 7.31759 7.02927 24.1287 296.498
179700 9.68744 6.99655 7.11816 23.8021 300.753
179800 9.69547 7.00412 7.02007 23.7197 283.159
179900 9.81301 7.15303 7.00747 23.9735 286.517
180000 9.85412 7.37429 7.12594 24.3543 309.339
180100 9.95208 7.4472 7.22398 24.6233 301.169
180200 9.8125 7.6208 7.12574 24.559 302.452
180300 9.53373 7.53086 7.05155 24.1161 292.802
180400 9.57877 7.52436 7.22818 24.3313 295.912
180500 9.79269 7.5983 7.35457 24.7456 277.905
180600 9.93429 7.49827 7.24527 24.6778 295.139
180700 10.1872 7.24464 7.12547 24.5573 309.932
180800 10.3908 7.06134 7.00014 24.4523 296.812
180900 10.4444 7.23776 7.02167 24.7038 296.153
181000 10.4879 7.47916 7.19913 25.1662 304.983
181100 10.5595 7.46622 7.24812 25.2739 322.219
181200 10.2624 7.70885 7.34289 25.3141 303.037
181300 9.9423 7.82858 7.41945 25.1903 293.565
181400 9.95842 7.6948 7.53943 25.1927 293.574
181500 10.14 7.69056 7.42258 25.2532 307.998
181600 10.1184 7.69221 7.13097 24.9416 314.21
181700 9.94546 7.63117 7.1046 24.6812 290.294
181800 9.91917 7.49925 7.10242 24.5208 287.311
181900 10.1342 7.38206 7.20552 24.7217 295.191
182000 10.1596 7.48997 7.30385 24.9534 304.67
182100 10.302 7.63664 7.38512 25.3237 309.879
182200 10.4426 7.87682 7.36856 25.6879 307.668
182300 10.0762 7.65217 7.35595 25.0844 301.662
182400 9.97817 7.52985 7.1844 24.6924 291.106
182500 9.93344 7.71457 7.04891 24.6969 299.35
182600 9.7405 7.71247 6.93301 24.386 314.451
182700 9.67022 7.77948 6.82627 24.276 321.872
182800 9.8437 7.69357 6.83012 24.3674 303.86
182900 10.0756 7.60983 6.8687 24.5541 293.665
183000 10.4206 7.77188 6.99 25.1825 301.11
183100 10.3983 7.86489 7.00346 25.2667 293.977
183200 10.2039 7.61683 6.90302 24.7238 280.126
183300 10.4347 7.57914 6.90258 24.9165 296.92
183400 10.4862 7.51617 6.94935 24.9517 304.154
183500 10.3462 7.67093 7.04567 25.0628 309.603
183600 10.2995 7.80875 6.87224 24.9805 305.721
183700 10.4518 7.93211 6.76858 25.1525 294.56
183800 10.7322 8.06118 6.93783 25.7312 295.764
183900 10.7354 8.04427 7.03156 25.8113 290.235
184000 10.6817 7.89656 7.24589 25.8242 298.866
184100 10.5617 7.80994 7.40124 25.7729 307.544
184200 10.5898 7.79605 7.47851 25.8643 314.119
184300 10.5188 7.74779 7.5378 25.8044 286.885
184400 10.2855 7.42523 7.35859 25.0693 291.681
184500 10.0436 7.43141 7.27263 24.7476 299.024
184600 9.92993 7.86214 7.36706 25.1591 303.761
184700 10.0776 8.053 7.38231 25.5129 311.66
184800 10.2603 7.94588 7.44465 25.6509 296.091
184900 10.3225 7.7562 7.40276 25.4815 289.414
185000 10.2777 7.78554 7.16317 25.2264 288.576
185100 10.1354 8.02094 7.05544 25.2117 295.092
185200 9.91393 8.00431 7.33084 25.2491 305.157
185300 9.92352 7.8446 7.28401 25.0521 309.063
185400 10.276 7.52616 7.38349 25.1857 301.638
185500 10.1798 7.33826 7.41701 24.9351 289.309
185600 10.1549 7.40788 7.35358 24.9163 294.259
185700 10.1395 7.35497 7.14181 24.6363 289.672
185800 10.2408 7.50349 7.15312 24.8974 297.943
185900 10.3599 7.69588 7.29567 25.3514 300.597
186000 10.4014 7.56621 7.26595 25.2336 302.114
186100 10.177 7.56559 7.23757 24.9801 299.277
186200 10.4286 7.59483 7.09657 25.12 317.462
186300 10.6605 7.72233 6.93953 25.3223 306.477
186400 10.6227 7.66107 7.0256 25.3093 299.364
186500 10.377 7.51329 7.13899 25.0293 293.15
186600 10.1053 7.48641 7.06046 24.6522 291.639
186700 10.0536 7.36129 7.20023 24.6151 302.847
186800 10.0534 7.27567 7.27024 24.5993 317.305
186900 10.1388 7.45743 7.30904 24.9053 309.478
187000 10.2132 7.61408 7.31571 25.143 316.737
187100 10.1627 7.61962 7.43788 25.2202 296.594
187200 10.1852 7.67219 7.45829 25.3157 293.229
187300 10.2856 7.70383 7.49098 25.4804 287.217
187400 10.2568 7.63536 7.43857 25.3307 308.012
187500 10.0629 7.61715 7.32919 25.0093 314.88
187600 9.80786 7.79691 7.2951 24.8999 302.603
187700 9.78573 7.86703 7.24304 24.8958 288.949
187800 9.97572 7.85572 7.2756 25.107 292.646
187900 10.1687 7.85887 7.26272 25.2903 298.379
188000 10.3211 7.94122 7.14467 25.407 309.462
188100 10.3324 7.95045 7.37037 25.6532 305.419
188200 10.1316 7.70458 7.23738 25.0735 298.339
188300 10.1392 7.58363 7.09226 24.8151 286.102
188400 10.134 7.48378 7.08786 24.7057 286.236
188500 10.2135 7.61311 6.99508 24.8217 298.974
188600 10.3128 7.63139 7.05253 24.9967 309.061
188700 10.3143 7.77328 7.05501 25.1426 304.738
188800 10.1786 7.74985 7.02121 24.9497 286.503
188900 10.103 7.7491 6.96435 24.8165 297.912
189000 10.0914 7.71751 7.11335 24.9223 302.195
189100 10.0098 7.70318 7.2104 24.9234 306.927
189200 10.2226 7.75053 7.39484 25.368 320.283
189300 10.2296 7.84151 7.40166 25.4728 297.173
189400 10.1451 7.89905 7.45355 25.4977 295.427
189500 10.4338 7.93345 7.48032 25.8476 291.254
189600 10.5089 7.8152 7.54914 25.8733 305.374
189700 10.4543 7.72901 7.51367 25.697 322.22
189800 10.2659 7.68689 7.3774 25.3302 291.038
189900 10.1042 7.62513 7.40873 25.1381 293.994
190000 10.1429 7.7448 7.51417 25.4019 293.208
190100 10.0798 7.61025 7.50833 25.1984 301.406
190200 9.94809 7.47492 7.43376 24.8568 306.511
190300 9.94767 7.52194 7.48151 24.9511 307.64
190400 10.0682 7.56469 7.35901 24.9919 285.221
190500 10.0117 7.49514 7.32505 24.8319 284.34
190600 10.1518 7.50605 7.25724 24.9151 299.004
190700 10.2813 7.43098 7.21112 24.9234 301.872
190800 10.1551 7.41659 7.0845 24.6562 301.159
190900 10.0683 7.64915 6.86702 24.5844 303.798
191000 10.2165 7.66429 6.94695 24.8278 280.927
191100 10.2529 7.78123 6.96801 25.0022 276.755
191200 10.0215 7.6506 6.98304 24.6551 290.724
191300 9.99698 7.57774 7.15074 24.7255 295.084
191400 10.025 7.7245 7.09389 24.8434 306.852
191500 10.1415 7.76166 7.19815 25.1013 302.297
191600 10.3913 7.93857 7.34068 25.6706 288.797
191700 10.6614 8.07938 7.40474 26.1455 287.072
191800 10.7343 8.10569 7.49341 26.3334 288.927
191900 10.5432 7.91376 7.42476 25.8818 306.533
192000 10.3178 7.71503 7.30924 25.342 303.099
192100 10.0866 7.56095 7.31269 24.9602 300.301
192200 9.92281 7.64881 7.34511 24.9167 301.07
192300 10.1253 7.53714 7.4809 25.1433 285.325
192400 10.3071 7.45309 7.40354 25.1637 281.681
192500 10.1539 7.53889 7.34814 25.0409 302.394
192600 9.9958 7.52668 7.53819 25.0607 310.993
192700 10.0929 7.43482 7.51729 25.045 300.32
192800 10.0044 7.50065 7.38496 24.89 303.634
192900 10.116 7.62886 7.28753 25.0324 308.152
193000 10.1801 7.77347 7.05631 25.0099 296.544
193100 10.1615 7.77177 6.94187 24.8751 298.903
193200 10.2423 7.77665 6.96306 24.982 304.266
193300 10.5023 7.82581 6.8125 25.1406 310.485
193400 10.6466 7.93495 6.87688 25.4585 317.625
193500 10.4629 7.77317 6.97717 25.2132 303.923
193600 10.2029 7.77388 6.96693 24.9437 298.471
193700 10.1237 7.74153 6.97169 24.8369 293.022
193800 10.3328 7.67625 7.02293 25.032 301.205
193900 10.4709 7.41594 6.93245 24.8193 305.736
194000 10.4229 7.35694 6.93378 24.7136 320.524
194100 10.295 7.50284 6.84726 24.6451 311.213
194200 10.0812 7.63073 6.67332 24.3852 289.183
194300 10.1598 7.44915 6.66502 24.274 297.664
194400 10.3006 7.26302 6.90918 24.4728 292.184
194500 10.3763 7.21172 6.99191 24.58 306.605
194600 10.3086 7.15434 7.10633 24.5693 309.138
194700 10.3339 7.29112 7.32968 24.9547 314.567
194800 10.3989 7.3559 7.55125 25.3061 299.676
194900 10.3243 7.2243 7.40288 24.9515 301.112
195000 10.2868 7.08596 7.2697 24.6425 299.29
195100 10.3212 7.08075 7.25839 24.6603 300.655
195200 10.3717 6.96024 7.34611 24.6781 284.77
195300 10.4044 7.14697 7.38096 24.9323 288.576
195400 10.4027 7.48874 7.31006 25.2015 296.336
195500 10.3078 7.73599 7.37279 25.4166 307.921
195600 10.3381 7.8931 7.24602 25.4772 301.248
195700 10.4683 7.77575 7.14038 25.3844 294.502
195800 10.4271 7.89198 7.09747 25.4166 288.306
195900 10.409 8.09685 7.06794 25.5737 281.254
196000 10.5848 7.9428 7.22389 25.7515 297.065
196100 10.5769 7.8275 7.38998 25.7944 307.538
196200 10.4288 7.86456 7.48294 25.7763 305.384
196300 10.2187 8.06503 7.47866 25.7624 296.444
196400 10.323 8.01796 7.50259 25.8436 289.514
196500 10.3905 8.1162 7.38898 25.8956 301.738
196600 10.4739 8.00943 7.32147 25.8048 311.367
196700 10.4864 7.69338 7.39828 25.5781 315.032
196800 10.3671 7.56574 7.48195 25.4148 300.017
196900 10.5072 7.54491 7.55016 25.6022 286.456
197000 10.4169 7.38638 7.44521 25.2485 301.148
197100 10.279 7.23372 7.44368 24.9564 299.099
197200 10.2053 7.1614 7.49255 24.8592 311.382
197300 9.98094 7.07742 7.61611 24.6745 319.775
197400 9.91054 7.26701 7.57829 24.7558 323.054
197500 9.79926 7.48123 7.50261 24.7831 311.562
197600 9.85851 7.65595 7.40484 24.9193 300.954
197700 10.0549 7.71933 7.50157 25.2758 299.317
197800 10.0299 7.69519 7.38523 25.1103 293.196
197900 9.91763 7.74237 7.30331 24.9633 284.959
198000 10.1455 7.86799 7.18694 25.2005 288.853
198100 10.4668 7.79169 7.00817 25.2666 306.48
198200 10.5275 7.74779 7.18824 25.4635 296.074
198300 10.5668 7.72294 7.42972 25.7194 319.027
198400 10.6145 7.71565 7.46367 25.7938 303.879
198500 10.5729 7.77891 7.1818 25.5336 286.997
198600 10.2725 7.8475 7.08341 25.2034 299.273
198700 10.0349 7.8769 7.16873 25.0805 295.023
198800 9.98381 8.11574 7.19643 25.296 307.883
198900 10.1911 8.15095 7.25477 25.5968 309.258
199000 10.3229 7.90344 7.43711 25.6635 300.781
199100 10.2962 7.76939 7.37231 25.4379 295.891
199200 10.2571 7.7663 7.36834 25.3918 282.21
199300 10.0972 7.78029 7.22196 25.0995 303.839
199400 10.1275 7.74982 7.29395 25.1713 304.646
199500 10.3649 7.77152 7.19693 25.3334 302.3
199600 10.2546 7.81027 7.31401 25.3789 289.659
199700 10.1941 7.97494 7.46958 25.6386 285.796
199800 10.1489 8.24467 7.51097 25.9046 296.849
199900 10.2786 8.25206 7.58539 26.1161 308.717
200000 10.3485 7.94327 7.5898 25.8816 306.232
