# Stress and strain vectors, 333U-50C-33-vasp, positive deformation 6
# eps sig1 sig2 sig3 sig4 sig5 sig6
0 -0 -0 -0 -0 -0 -0
0.0400000000000002 0.278032900297241 -0.360520880961429 0.133801388369084 0.111295415257326 -0.136929850698545 -0.447789678543246
0.08 -0.362603109781335 -0.789583677042453 -0.384498169484705 -0.159290951011847 0.274291695326829 -0.200560077985322
0.12 0.0972424072350672 -0.241908743779029 0.018272239847769 0.130260159125191 -0.0769633880460979 0.44900477488189
0.16 -0.614516521721572 -0.438018444533569 0.23600011101628 0.0897097520462888 0.30258720597815 0.573992118570113
0.2 -0.175771815895147 -0.307864875509189 0.326181181798542 -0.0107073136949154 -0.249043258404133 0.734596500618433
0.24 -0.389587027958796 -0.768870157217126 -0.271834073187252 0.0798919913259208 0.230378530915324 1.26734697771528
0.28 -0.525676879173586 -0.648913126924469 0.00953754700409176 -0.00568058336595784 0.0536490360681187 1.07418472607883
0.32 -0.620325793740548 -0.982269254318414 -0.353888347689451 -0.034150497586313 -0.186174858955099 1.37997587113733
0.36 0.133616881629446 -0.96856367298509 0.168471507628221 -0.161684744652575 0.202604717121553 1.4519993599753
0.4 -0.076792400626292 -0.80017172487566 0.117960012180325 -0.146661878134255 0.353641888737397 1.82562632078285
0.44 0.270063248375805 -1.1906702736923 -0.152377639732269 0.220508237418085 0.0141800247248281 1.71803860692552
0.48 0.527576945700491 -0.205813245806875 0.626881814281129 0.0952385149187993 0.0356497005357363 1.71318206183081
0.52 0.0583301193323774 -1.0084747455631 0.197014609533917 0.0175675644625574 0.164912693870118 1.69820258381742
0.56 0.466319811193426 -0.299987192374812 0.529072743980619 -0.0774295857433671 0.34568451485027 1.87626599880328
0.6 1.13135223478715 -0.25497642105904 0.687781957801857 -0.327937893589022 0.154566918307867 2.12355851255194
0.64 0.560259673218825 -0.180802916874266 0.888266165784871 0.262670627088411 0.168451326233613 1.9146097067141
0.68 0.787461712137098 -1.03644774634412 -0.154294453510025 0.215259628697547 0.155189493406405 2.20889248388809
0.72 0.279611917099245 -1.27153982546001 -0.396861169807828 -0.305643639456418 -0.180789112034321 1.77380203585856
0.76 0.944742579676849 -0.836234235588371 -0.177682561977091 -0.505640768518011 -0.322917943243071 2.06844534025094
0.8 0.853428716443181 -0.928629619310315 -0.699736125605878 -0.416209735667591 -0.585205289642005 2.0591998484873
0.84 0.827681789113602 -0.913298103086012 -0.160814630349099 -0.221634836571012 -0.691669557276043 1.77961782187371
0.88 0.576590787772309 -1.04785857028739 -0.316017976427376 -0.219576572621392 -0.97458459491017 1.75737843733777
0.92 0.744914275475643 -0.594143255188321 -0.236315930769599 -0.117633767490447 -0.786886921143235 1.95964783518444
0.96 1.31400232142412 -0.432293805307683 -0.155011366611073 -0.298894373297781 -1.07998545604637 2.14754922236873
1 1.57252180605878 -0.441556854439962 0.185990463352136 -0.261130596658229 -0.916452803864296 2.40433574238654
1.04 1.48575948614645 -0.510529330807003 -0.494438593499212 -0.352249733461022 -0.943521801035452 2.55523380502778
1.08 1.84589903600016 0.0378998110470503 -0.400325302402493 -0.523008279161151 -1.1130827670281 2.87606184104385
1.12 2.13521695370844 -0.0187102439896833 0.476439235485791 -0.564626342828877 -1.04309386557384 2.80232206335668
1.16 2.35627466056909 0.185870124531593 0.228652506253757 -0.777580899773385 -0.916867256364016 2.73074907086206
1.2 0.651278043881185 -1.01250982828761 0.00690611035898228 -1.19783792326879 -0.907732582564413 2.51336033056654
1.24 1.1049334632279 -0.567260967738712 -0.0537358308618556 -1.47047278030329 -0.901745974109635 2.6760604181222
1.28 1.72721312883508 -0.333936025143342 0.389974071246775 -0.691786793573386 -1.09001793295162 2.81984318899906
1.32 1.38938638459792 -1.00332952072619 0.0282216552830561 -0.660073231632741 -0.980100255078757 2.87183367816208
1.36 1.46618381301489 -0.627496946925193 0.0510046578317379 -0.878911905123125 -0.86488316829068 2.79237824013137
1.4 1.51684311179871 -0.564301961631624 -0.286770477027501 -0.963420370132033 -1.03710020549617 2.69617407597885
1.44 1.56663440735116 -0.592436117568382 0.253313538898046 -1.0561625109019 -0.853224842879807 2.66866148180195
1.48 1.74337928037934 -0.887136415802398 -0.637705757804329 -0.819017449363378 -1.02266061330061 2.84091591605537
1.52 3.15471494964156 0.0812298243058776 0.496727652094901 -0.578713867086999 -1.10635256123652 3.03770684817042
1.56 2.5630032405858 -0.0523689389979107 0.0171252517142732 -0.433986826398011 -1.3140007709282 3.04555749775078
1.6 3.08932249756494 0.254895333346807 0.186605672994329 -0.17528687320797 -1.34972524794896 3.4158063533768
1.64 2.68826972221311 0.157294441243581 -0.459047650732104 -0.253190786912836 -1.17734126259517 3.78321233548121
1.68 2.67264186380503 -0.719889578305581 -0.219973837130044 -0.561939598163313 -1.37295542726292 3.13655303949638
1.72 1.43188068668338 -1.3585079763994 -1.49433529594988 -0.323453589635676 -0.862599680872272 2.37886496030678
1.76 1.97554221154552 -0.969869296900372 -0.236525105264494 -0.018269777602901 -1.21573623213624 2.4690896306746
1.8 2.12890162883018 -0.580743545373784 -0.346487310042406 -0.0658172806826426 -1.09697218902293 2.77481746923241
1.84 1.68231965237438 -1.01287592827566 -1.00213216387723 -0.160891274967141 -1.30973413421498 2.91546388504829
1.88 1.84022059775726 -1.20487207013938 -0.288321967204981 -0.0576377764092859 -1.05173271900635 3.11677220667994
1.92 1.4668376638365 -1.16869779879403 -0.475167554939679 -0.165645871079146 -0.989252000194234 3.10888819484814
1.96 2.14418570600863 -1.09506407244041 -0.275451357494707 -0.273923791978712 -1.27002836274509 3.49312205360359
2 1.76589589337806 -1.08884952458955 -0.294808899944329 -0.266451125350229 -1.08423438956679 2.66213120293056
