# Time-averaged data for fix myMSD
# TimeStep MSD_X MSD_Y MSD_Z MSD_Total Temperture
100 0.42556 0.613148 0.399493 1.4382 1661.01
200 0.987724 1.12778 0.859724 2.97523 909.981
300 1.22352 1.04305 0.951364 3.21793 594.931
400 1.34096 1.01667 0.954617 3.31225 417.898
500 1.47089 1.11736 1.06138 3.64963 375.623
600 1.48587 1.25555 1.06253 3.80395 346.238
700 1.50577 1.32633 1.09403 3.92613 290.592
800 1.44339 1.29238 1.15525 3.89103 265.876
900 1.46442 1.36179 1.2088 4.03501 280.282
1000 1.48024 1.4498 1.19245 4.12249 295.343
1100 1.41664 1.62518 1.21988 4.26171 316.81
1200 1.39589 1.74841 1.21458 4.35887 329.247
1300 1.47534 1.83718 1.30779 4.62031 310.768
1400 1.54863 1.85916 1.37614 4.78393 285.157
1500 1.54515 1.78035 1.51815 4.84365 272.816
1600 1.50638 1.84811 1.52774 4.88224 291.388
1700 1.61379 1.91539 1.49772 5.0269 344.579
1800 1.67605 1.90491 1.49449 5.07546 335.44
1900 1.67565 2.04718 1.41035 5.13318 283.453
2000 1.67823 2.13822 1.41197 5.22842 260.158
2100 1.76433 2.15238 1.43057 5.34728 285.462
2200 1.84569 2.10108 1.41514 5.36192 309.96
2300 2.03123 2.13064 1.40352 5.56539 332.48
2400 2.10937 2.191 1.39749 5.69785 315.853
2500 2.22147 2.16771 1.42834 5.81752 293.868
2600 2.30309 2.1568 1.49132 5.95122 303.405
2700 2.30807 2.1966 1.55043 6.0551 296.358
2800 2.25692 2.2206 1.63152 6.10904 302.655
2900 2.24849 2.19527 1.72015 6.16391 292.706
3000 2.35746 2.25639 1.79282 6.40667 288.27
3100 2.40757 2.25475 1.7438 6.40613 296.251
3200 2.40066 2.21251 1.74623 6.3594 293.068
3300 2.5043 2.19331 1.78213 6.47975 305.722
3400 2.50696 2.17579 1.83088 6.51364 327.279
3500 2.53039 2.13522 1.86611 6.53172 299.478
3600 2.4957 2.20129 1.97216 6.66915 292.882
3700 2.66136 2.11911 2.09313 6.8736 280.044
3800 2.78158 2.10211 2.13402 7.0177 299.923
3900 2.77261 2.19581 2.19979 7.16821 321.414
4000 2.77127 2.30643 2.28751 7.36522 300.203
4100 2.69365 2.4863 2.35711 7.53706 325.238
4200 2.61215 2.61923 2.37755 7.60893 295.465
4300 2.54422 2.67359 2.44363 7.66144 286.517
4400 2.517 2.7327 2.36186 7.61156 266.881
4500 2.45852 2.74513 2.38311 7.58676 295.261
4600 2.48957 2.69001 2.25671 7.43629 321.225
4700 2.52645 2.69558 2.1814 7.40343 325.481
4800 2.44352 2.74217 2.09232 7.278 298.345
4900 2.37374 2.70336 2.16519 7.24229 279.977
5000 2.49131 2.69573 2.18045 7.36749 281.714
5100 2.50205 2.7313 2.17936 7.41271 306.007
5200 2.52193 2.75608 2.17239 7.45041 319.769
5300 2.54802 2.85158 2.21614 7.61573 310.928
5400 2.66264 2.93718 2.27799 7.8778 294.118
5500 2.77453 3.00966 2.37429 8.15848 278.827
5600 2.783 2.9626 2.52263 8.26823 303.539
5700 2.81787 2.90177 2.61318 8.33282 307.908
5800 2.82851 2.82889 2.60861 8.26601 309.239
5900 2.69755 2.77916 2.53151 8.00823 304.799
6000 2.68407 2.76134 2.47324 7.91865 283.444
6100 2.72139 2.66889 2.53976 7.93004 286.242
6200 2.6866 2.69975 2.42463 7.81098 299.967
6300 2.78028 2.80457 2.45362 8.03847 313.762
6400 2.72231 2.76569 2.44911 7.93711 314.691
6500 2.72501 2.78373 2.42925 7.93798 308.186
6600 2.60585 2.86479 2.48917 7.95981 300.72
6700 2.69967 2.95748 2.4817 8.13884 287.113
6800 2.72796 3.02269 2.44755 8.1982 281.633
6900 2.70889 2.93416 2.5073 8.15035 293.556
7000 2.59898 2.86865 2.46619 7.93382 317.922
7100 2.5615 2.91183 2.51805 7.99138 311.579
7200 2.63849 2.87024 2.59704 8.10577 300.342
7300 2.74539 2.83668 2.63604 8.21811 289.768
7400 2.82561 2.87076 2.5002 8.19656 289.011
7500 2.73343 2.89107 2.4342 8.0587 299.972
7600 2.58484 2.8122 2.43715 7.8342 309.788
7700 2.50753 2.75098 2.56961 7.82811 304.6
7800 2.5722 2.73816 2.657 7.96736 297.658
7900 2.70029 2.741 2.78343 8.22472 297.187
8000 2.70314 2.69269 2.8717 8.26753 298.044
8100 2.72725 2.71156 2.98233 8.42115 301.501
8200 2.64329 2.65909 2.97207 8.27444 295.221
8300 2.64773 2.5684 2.87644 8.09257 302.063
8400 2.60508 2.62702 2.92123 8.15333 303.376
8500 2.55286 2.51051 2.95937 8.02273 309.463
8600 2.55688 2.49309 2.87917 7.92913 297.533
8700 2.56514 2.59806 2.81988 7.98308 288.313
8800 2.54576 2.50829 2.88241 7.93646 291.372
8900 2.52731 2.53214 2.84769 7.90715 300.478
9000 2.60678 2.61681 2.63305 7.85664 317.596
9100 2.66502 2.75684 2.54986 7.97172 312.49
9200 2.78284 2.76777 2.53625 8.08686 291.636
9300 2.81704 2.79638 2.49493 8.10834 293.93
9400 2.62794 2.83625 2.44737 7.91156 298.759
9500 2.54162 2.93251 2.44128 7.91541 315.708
9600 2.55121 2.93186 2.54455 8.02762 316.397
9700 2.60763 2.90819 2.54811 8.06394 298.707
9800 2.58974 2.86837 2.61455 8.07266 289.78
9900 2.54393 2.82962 2.6394 8.01295 291.741
10000 2.54243 2.68824 2.66454 7.89521 311.179
10100 2.5337 2.62086 2.58237 7.73693 306.514
10200 2.62821 2.63468 2.60315 7.86604 304.524
10300 2.61893 2.61886 2.78804 8.02583 292.252
10400 2.60577 2.63435 2.8732 8.11332 282.333
10500 2.61276 2.82084 2.84203 8.27563 303.091
10600 2.69875 2.81746 2.76041 8.27662 304.807
10700 2.70261 2.69352 2.75937 8.1555 301.352
10800 2.62787 2.6943 2.72747 8.04964 294.691
10900 2.59536 2.73136 2.7685 8.09521 288.754
11000 2.7218 2.65808 2.8422 8.22208 285.602
11100 2.79417 2.77126 2.86331 8.42873 299.466
11200 2.77839 2.78657 2.90866 8.47362 298.687
11300 2.61418 2.6241 2.80152 8.03981 298.242
11400 2.4078 2.60242 2.83199 7.84221 301.807
11500 2.44999 2.71101 2.85096 8.01197 317.746
11600 2.6838 2.80534 2.9266 8.41574 324.275
11700 2.7489 2.87315 2.97659 8.59864 312.199
11800 2.74829 2.83241 2.87846 8.45916 297.237
11900 2.66302 2.77079 2.80123 8.23504 288.945
12000 2.63614 2.79607 2.77834 8.21056 305.189
12100 2.74694 2.85725 2.61755 8.22174 296.689
12200 2.78868 3.05737 2.53415 8.3802 327.497
12300 2.8349 3.14834 2.5428 8.52604 308.391
12400 2.85542 3.04162 2.54981 8.44685 279.508
12500 3.02036 3.14063 2.49482 8.65581 291.098
12600 3.00103 3.18906 2.42399 8.61408 312.6
12700 2.90503 3.16921 2.43649 8.51074 306.778
12800 2.91527 3.1935 2.40352 8.51229 290.5
12900 2.98775 3.20251 2.32194 8.51221 280.21
13000 2.95628 3.16162 2.22459 8.34249 283.303
13100 2.84326 3.09388 2.18312 8.12027 306.263
13200 2.73056 3.0624 2.17413 7.96708 291.536
13300 2.62443 3.07572 2.17488 7.87504 307.867
13400 2.57995 2.99736 2.35106 7.92838 305.929
13500 2.63483 3.01089 2.48784 8.13356 296.011
13600 2.72942 3.19545 2.52009 8.44496 275.265
13700 2.67395 3.23964 2.54519 8.45879 300.924
13800 2.71112 3.19492 2.59812 8.50416 302.123
13900 2.7894 3.2924 2.68252 8.76432 304.008
14000 2.61869 3.37403 2.6383 8.63103 304.951
14100 2.54542 3.43479 2.73567 8.71587 299.15
14200 2.49246 3.44621 2.75414 8.6928 298.075
14300 2.55852 3.44157 2.77069 8.77078 296.588
14400 2.56295 3.40608 2.7491 8.71813 307.518
14500 2.61208 3.47416 2.8075 8.89374 291.69
14600 2.58091 3.37181 2.84038 8.7931 280.322
14700 2.50363 3.32673 2.90038 8.73074 290.808
14800 2.5469 3.38317 2.95947 8.88954 298.968
14900 2.58718 3.36474 3.01976 8.97168 315.88
15000 2.57503 3.31236 3.08492 8.97232 309.309
15100 2.68429 3.16117 2.95495 8.80041 300.177
15200 2.79536 3.08488 2.90524 8.78548 298.618
15300 2.82178 3.01695 2.86534 8.70407 298.375
15400 2.80311 3.11501 2.90205 8.82017 304.687
15500 2.76425 3.18689 2.90615 8.85729 333.746
15600 2.73906 3.08808 2.89466 8.7218 320.021
15700 2.68412 3.07902 2.84084 8.60397 305.933
15800 2.6875 3.11357 2.82407 8.62515 300.222
15900 2.67967 3.062 2.8386 8.58026 295.258
16000 2.63595 2.89989 2.87793 8.41377 299.423
16100 2.65131 2.90398 2.81651 8.37179 304.911
16200 2.83183 2.96996 2.96226 8.76405 302.385
16300 2.78584 2.95815 2.81173 8.55572 310.351
16400 2.77102 2.91803 2.88657 8.57562 295.802
16500 2.81908 3.02567 2.87327 8.71803 295.789
16600 2.86107 3.11238 2.94414 8.91759 299.738
16700 2.90201 3.09647 2.99716 8.99565 284.716
16800 2.93054 2.98606 2.986 8.9026 295.741
16900 2.92706 2.85995 3.10236 8.88937 298.735
17000 3.08472 2.75841 3.20529 9.04841 317.574
17100 3.19418 2.705 3.1841 9.08327 310.342
17200 3.17677 2.67273 3.14597 8.99546 291.093
17300 3.18258 2.66999 3.1242 8.97677 294.462
17400 3.08511 2.65471 2.96269 8.70251 296.439
17500 3.03454 2.61932 3.04735 8.7012 319.251
17600 2.95717 2.62357 3.09693 8.67767 312.027
17700 2.91459 2.63956 3.08968 8.64383 307.002
17800 2.81774 2.65168 3.09204 8.56145 300.57
17900 2.85365 2.69465 3.22284 8.77114 287.218
18000 2.90005 2.75417 3.19054 8.84476 297.6
18100 2.88335 2.80425 3.14349 8.83108 312.11
18200 2.99478 2.89072 3.10972 8.99523 319.018
18300 3.04639 3.06544 3.18931 9.30114 305.473
18400 3.08022 3.1573 3.23157 9.4691 309.003
18500 3.27283 3.18634 3.21083 9.67001 291.174
18600 3.42786 3.02122 3.23074 9.67982 291.051
18700 3.41381 2.98033 3.30437 9.69851 299.033
18800 3.34681 2.9825 3.40455 9.73386 315.287
18900 3.32423 2.96587 3.29048 9.58058 312.322
19000 3.3235 3.01629 3.40916 9.74894 290.106
19100 3.36031 3.14591 3.48473 9.99095 286.65
19200 3.3067 3.26295 3.22921 9.79886 300.346
19300 3.35954 3.22492 3.22654 9.811 306.994
19400 3.3007 3.22242 3.37837 9.90149 305.969
19500 3.24869 3.2284 3.34339 9.82048 295.235
19600 3.1767 3.29994 3.40628 9.88293 287.367
19700 3.16903 3.40259 3.42176 9.99338 306.821
19800 3.16896 3.26377 3.46741 9.90015 306.69
19900 3.21401 3.26039 3.51006 9.98445 281.15
20000 3.18416 3.36466 3.50961 10.0584 276.332
20100 3.05651 3.48869 3.45255 9.99775 298.413
20200 3.15661 3.53554 3.45967 10.1518 303.167
20300 3.20237 3.44005 3.56725 10.2097 303.516
20400 3.24192 3.37016 3.39354 10.0056 301.261
20500 3.18796 3.20339 3.33498 9.72633 283.538
20600 3.04332 3.13177 3.26988 9.44497 298.263
20700 2.96089 3.13586 3.33086 9.4276 319.418
20800 3.04418 3.14707 3.4674 9.65864 316.157
20900 3.1561 3.27145 3.43759 9.86513 297.903
21000 3.27923 3.30873 3.45651 10.0445 298.872
21100 3.34631 3.42737 3.53687 10.3105 297.987
21200 3.31269 3.53137 3.73925 10.5833 282.195
21300 3.2877 3.49343 3.79183 10.573 311.015
21400 3.24912 3.47034 3.86993 10.5894 310.554
21500 3.2305 3.51841 3.91763 10.6665 302.171
21600 3.1676 3.57699 3.79342 10.538 289.872
21700 3.09581 3.59078 3.6157 10.3023 304.958
21800 3.05466 3.73574 3.45604 10.2464 292.132
21900 3.21603 3.85237 3.48616 10.5546 299.014
22000 3.31667 3.7655 3.53209 10.6143 319.755
22100 3.29392 3.62823 3.53809 10.4602 315.906
22200 3.24829 3.48928 3.55754 10.2951 297.21
22300 3.30026 3.37424 3.68941 10.3639 295.437
22400 3.31256 3.41508 3.75197 10.4796 294.821
22500 3.34652 3.33258 3.70243 10.3815 304.811
22600 3.39802 3.15108 3.58234 10.1314 321.794
22700 3.43183 3.03008 3.38369 9.8456 301.115
22800 3.33548 3.02998 3.3459 9.71136 294.963
22900 3.37287 3.07005 3.45007 9.89298 282.025
23000 3.25406 3.14918 3.51094 9.91418 279.452
23100 3.29664 3.19394 3.51047 10.0011 287.382
23200 3.54572 3.2995 3.43022 10.2754 303.325
23300 3.48868 3.37494 3.34602 10.2096 305.925
23400 3.45562 3.24214 3.51211 10.2099 297.81
23500 3.46457 3.32794 3.63617 10.4287 279.807
23600 3.47487 3.40237 3.49234 10.3696 293.962
23700 3.52908 3.51103 3.50774 10.5479 305.057
23800 3.48586 3.56888 3.54613 10.6009 313.906
23900 3.49596 3.51106 3.34766 10.3547 297.876
24000 3.41077 3.40052 3.3236 10.1349 294.78
24100 3.38229 3.37601 3.2948 10.0531 290.339
24200 3.3554 3.32432 3.33753 10.0173 318.34
24300 3.54773 3.48612 3.44097 10.4748 334.643
24400 3.69207 3.49313 3.42665 10.6118 300.313
24500 3.7812 3.39183 3.41769 10.5907 288.805
24600 3.8011 3.32878 3.36003 10.4899 293.486
24700 3.75809 3.27213 3.35242 10.3826 309.359
24800 3.68013 3.05539 3.34278 10.0783 311.055
24900 3.54245 3.14826 3.37686 10.0676 305.695
25000 3.57756 3.33688 3.35354 10.268 287.291
25100 3.63072 3.3176 3.46567 10.414 286.567
25200 3.71078 3.23155 3.59277 10.5351 284.393
25300 3.66069 3.27021 3.57857 10.5095 296.157
25400 3.7345 3.46004 3.56879 10.7633 302.637
25500 3.8821 3.60631 3.71614 11.2045 312.2
25600 3.86861 3.54331 3.77088 11.1828 306.949
25700 3.99346 3.47086 3.59419 11.0585 290.9
25800 4.21224 3.26346 3.57408 11.0498 292.433
25900 4.45988 3.20532 3.54726 11.2125 296.857
26000 4.64345 3.15638 3.6248 11.4246 301.604
26100 4.64613 3.13383 3.70298 11.4829 305.461
26200 4.73073 3.09025 3.53764 11.3586 303.512
26300 4.91821 3.07924 3.46671 11.4642 296.636
26400 5.05818 3.13445 3.36899 11.5616 295.096
26500 5.1364 3.22345 3.40512 11.765 295.008
26600 5.08647 3.35414 3.59509 12.0357 300.749
26700 4.99559 3.42118 3.61328 12.03 319.759
26800 5.02546 3.48207 3.5916 12.0991 312.008
26900 4.93663 3.52471 3.64463 12.106 293.161
27000 4.95677 3.6286 3.59138 12.1767 296.046
27100 5.07828 3.54928 3.60263 12.2302 302.605
27200 5.12236 3.3754 3.68286 12.1806 306.828
27300 5.08103 3.27597 3.71023 12.0672 319.863
27400 4.98557 3.13128 3.48687 11.6037 309.357
27500 4.85972 3.12815 3.20783 11.1957 297.726
27600 4.65318 3.2627 3.25879 11.1747 295.109
27700 4.46522 3.61975 3.24156 11.3265 301.828
27800 4.57455 3.62012 3.20079 11.3955 310.48
27900 4.49176 3.36847 3.3376 11.1978 286.373
28000 4.44347 3.30615 3.46525 11.2149 293.315
28100 4.43712 3.34173 3.53678 11.3156 303.605
28200 4.52684 3.35267 3.41077 11.2903 319.906
28300 4.54505 3.4968 3.31337 11.3552 298.763
28400 4.3205 3.56509 3.28965 11.1752 286.693
28500 4.37098 3.58724 3.3148 11.273 297.753
28600 4.23817 3.68379 3.37833 11.3003 293.165
28700 4.08474 3.60522 3.21129 10.9012 295.89
28800 4.1664 3.49653 3.16056 10.8235 309.063
28900 4.17357 3.44317 3.14301 10.7598 308.612
29000 4.1714 3.46889 3.30202 10.9423 282.62
29100 4.31946 3.40237 3.36293 11.0848 278.423
29200 4.29393 3.50787 3.24682 11.0486 298.61
29300 4.40345 3.56771 3.16537 11.1365 305.427
29400 4.40841 3.50498 3.19748 11.1109 303.744
29500 4.41129 3.38929 3.30263 11.1032 291.12
29600 4.49327 3.29793 3.40896 11.2002 275.94
29700 4.49035 3.36794 3.34188 11.2002 283.739
29800 4.43127 3.37443 3.4705 11.2762 301.955
29900 4.49582 3.3935 3.46885 11.3582 303.432
30000 4.5324 3.2544 3.4104 11.1972 301.585
30100 4.60089 3.20967 3.42497 11.2355 294.044
30200 4.5832 3.30421 3.47101 11.3584 293.693
30300 4.5837 3.31708 3.53799 11.4388 299.67
30400 4.52058 3.36655 3.57228 11.4594 303.83
30500 4.44082 3.37416 3.59019 11.4052 312.928
30600 4.48612 3.27458 3.45015 11.2109 313.137
30700 4.46826 3.33731 3.40184 11.2074 290.371
30800 4.52581 3.37697 3.44795 11.3507 293.64
30900 4.62005 3.38162 3.61806 11.6197 299.91
31000 4.56072 3.38039 3.80273 11.7438 298.34
31100 4.631 3.40659 3.8597 11.8973 317.948
31200 4.5636 3.4594 3.83389 11.8569 321.021
31300 4.37612 3.42068 3.90485 11.7016 308.212
31400 4.19869 3.43164 4.01745 11.6478 295.846
31500 4.28999 3.45098 4.06017 11.8011 301.88
31600 4.37762 3.48063 3.99946 11.8577 287.511
31700 4.32554 3.49799 3.95847 11.782 279.836
31800 4.41916 3.61278 4.07038 12.1023 300.901
31900 4.48099 3.71769 4.23965 12.4383 307.655
32000 4.51907 3.61175 4.20466 12.3355 309.768
32100 4.4952 3.64936 4.13391 12.2785 298.815
32200 4.45943 3.81153 4.0132 12.2842 285.675
32300 4.43109 3.75513 3.92876 12.115 299.625
32400 4.53167 3.53711 3.93548 12.0043 297.469
32500 4.39824 3.52477 3.71076 11.6338 302.399
32600 4.48132 3.53536 3.45075 11.4674 307.959
32700 4.34871 3.47166 3.3794 11.1998 324.407
32800 4.25312 3.4098 3.36451 11.0274 301.421
32900 4.14585 3.38823 3.38281 10.9169 302.075
33000 4.09302 3.41093 3.44533 10.9493 292.6
33100 4.03632 3.37082 3.43188 10.839 295.212
33200 3.91502 3.34693 3.5438 10.8057 320.348
33300 4.07303 3.27699 3.70839 11.0584 327.724
33400 4.03916 3.20638 3.72366 10.9692 299.896
33500 3.95793 3.16749 3.83228 10.9577 288.788
33600 4.11942 3.21246 3.89911 11.231 306.387
33700 4.21588 3.24262 3.92367 11.3822 309.934
33800 4.35006 3.23005 4.07728 11.6574 298.874
33900 4.36499 3.30113 4.15116 11.8173 283.364
34000 4.27209 3.29178 4.262 11.8259 299.341
34100 4.20611 3.27943 4.19953 11.6851 309.911
34200 4.1737 3.42346 4.13224 11.7294 316.086
34300 4.43246 3.62453 4.19693 12.2539 314.997
34400 4.57568 3.65837 4.22376 12.4578 305.378
34500 4.53146 3.64666 4.24215 12.4203 288.564
34600 4.47294 3.5814 4.13763 12.192 297.455
34700 4.44779 3.59799 4.13136 12.1771 301.529
34800 4.51626 3.63383 4.03531 12.1854 310.14
34900 4.50687 3.67964 4.03464 12.2212 319.97
35000 4.59019 3.64779 4.09785 12.3358 317.648
35100 4.60004 3.6039 4.16799 12.3719 299.683
35200 4.70084 3.75014 4.28052 12.7315 287.103
35300 4.63727 3.94551 4.42103 13.0038 308.034
35400 4.53564 3.87348 4.45602 12.8651 309.636
35500 4.64144 3.81058 4.35195 12.804 297.453
35600 4.66051 3.79765 4.32714 12.7853 292.148
35700 4.6937 3.72969 4.23707 12.6605 283.472
35800 4.71093 3.58204 4.21043 12.5034 292.807
35900 4.71178 3.44791 4.19747 12.3572 302.1
36000 4.68532 3.42974 4.09153 12.2066 314.309
36100 4.72904 3.4658 4.12123 12.3161 302.668
36200 4.87418 3.51144 4.0972 12.4828 294.966
36300 4.99549 3.53725 4.06112 12.5939 283.884
36400 4.92359 3.7168 4.27008 12.9105 281.326
36500 4.67175 3.56957 4.438 12.6793 297.359
36600 4.63699 3.4344 4.4371 12.5085 308.391
36700 4.72319 3.38823 4.47015 12.5816 318.596
36800 4.85191 3.46259 4.38423 12.6987 292.549
36900 4.87371 3.44626 4.36882 12.6888 298.076
37000 4.79184 3.46582 4.39048 12.6481 295.511
37100 4.75965 3.4985 4.34059 12.5987 310.405
37200 4.79312 3.61342 4.23665 12.6432 326.214
37300 4.60378 3.76281 4.32444 12.691 326.231
37400 4.49742 3.86438 4.21053 12.5723 293.935
37500 4.42679 3.96626 4.1984 12.5915 307.215
37600 4.26033 4.12327 4.19487 12.5785 298.969
37700 4.13559 4.23008 4.18983 12.5555 289.65
37800 4.20334 4.26303 4.35286 12.8192 301.402
37900 4.29753 4.19293 4.55266 13.0431 308.332
38000 4.27598 4.09384 4.66877 13.0386 310.196
38100 4.22267 4.09958 4.598 12.9202 311.875
38200 4.16461 4.29892 4.62559 13.0891 302.054
38300 4.0601 4.35076 4.82969 13.2405 294.135
38400 4.13961 4.28998 4.86406 13.2937 290.426
38500 4.26908 4.4602 4.65423 13.3835 312.623
38600 4.29218 4.63761 4.55035 13.4801 305.328
38700 4.43356 4.91187 4.55524 13.9007 313.473
38800 4.36687 4.97096 4.70997 14.0478 291.462
38900 4.13112 4.99845 4.7103 13.8399 300.231
39000 4.21222 5.11019 4.50839 13.8308 309.773
39100 4.1684 5.1629 4.43938 13.7707 300.582
39200 4.3054 5.23165 4.27148 13.8085 288.082
39300 4.20539 5.46743 4.29042 13.9632 295.043
39400 4.18024 5.43461 4.33171 13.9466 301.143
39500 4.42452 5.28465 4.48958 14.1988 325.834
39600 4.58992 5.15615 4.5311 14.2772 319.266
39700 4.445 5.1886 4.57035 14.2039 299.165
39800 4.3292 5.25619 4.5271 14.1125 297.245
39900 4.25255 5.52282 4.61914 14.3945 297.833
40000 4.09314 5.56998 4.54781 14.2109 305.294
40100 4.07283 5.33883 4.48265 13.8943 308.798
40200 4.10678 5.16643 4.50096 13.7742 288.916
40300 4.06457 5.25633 4.55084 13.8717 281.632
40400 4.01134 5.35009 4.40569 13.7671 298.148
40500 3.90887 5.32895 4.58878 13.8266 296.835
40600 3.90704 5.36017 4.84666 14.1139 311.109
40700 4.05196 5.40497 5.02041 14.4773 302.947
40800 4.12716 5.40344 5.13255 14.6632 289.962
40900 4.15274 5.33153 5.10384 14.5881 294.587
41000 4.19727 5.48685 5.12155 14.8057 296.098
41100 4.32116 5.7005 4.94716 14.9688 293.454
41200 4.44089 5.81433 5.08648 15.3417 302.685
41300 4.59061 5.66245 5.196 15.4491 307.073
41400 4.56398 5.52994 5.38583 15.4797 294.858
41500 4.54189 5.67931 5.44971 15.6709 277.077
41600 4.43982 5.75673 5.3769 15.5735 290.112
41700 4.51016 5.86619 5.19909 15.5754 305.769
41800 4.54081 5.89716 5.137 15.575 308.165
41900 4.45861 6.14745 5.10925 15.7153 289.224
42000 4.4588 6.37746 5.15778 15.994 281.286
42100 4.54493 6.4738 5.2436 16.2623 301.512
42200 4.56552 6.51052 5.32683 16.4029 303.609
42300 4.64486 6.46346 5.2565 16.3648 310.45
42400 4.8215 6.44359 5.13401 16.3991 289.537
42500 4.96673 6.56227 5.20248 16.7315 303.781
42600 5.11792 6.69093 5.27283 17.0817 312.397
42700 5.24024 6.83734 5.1887 17.2663 304.317
42800 5.24148 6.78049 5.05696 17.0789 307.542
42900 5.39596 6.92251 4.98289 17.3014 284.347
43000 5.41654 7.06312 4.93228 17.4119 288.486
43100 5.17658 7.14321 4.98478 17.3046 307.606
43200 5.13891 7.24498 4.87605 17.2599 302.456
43300 5.12325 7.25307 4.88048 17.2568 302.693
43400 5.01499 7.2699 4.9851 17.27 289.527
43500 5.02542 7.08272 5.08205 17.1902 272.241
43600 4.90915 6.9019 5.12365 16.9347 287.758
43700 4.99684 7.05296 5.41199 17.4618 295.209
43800 5.19708 7.09618 5.66521 17.9585 290.738
43900 4.9817 7.05484 5.9692 18.0057 312.894
44000 5.08574 6.99859 5.95212 18.0365 303.624
44100 5.12371 6.97637 5.73576 17.8358 284.508
44200 5.07342 7.0117 5.72777 17.8129 298.003
44300 4.97128 7.04321 5.69653 17.711 303.388
44400 4.94306 7.37486 5.56755 17.8855 324.47
44500 5.06999 7.62247 5.46639 18.1588 322.892
44600 5.12691 7.59498 5.46069 18.1826 310.245
44700 5.18316 7.5024 5.67113 18.3567 286.526
44800 5.13936 7.56183 5.68666 18.3879 295.831
44900 5.22444 7.56374 5.48123 18.2694 308.954
45000 5.47182 7.4947 5.35262 18.3191 308.568
45100 5.60217 7.47111 5.43065 18.5039 315.668
45200 5.43661 7.10334 5.46621 18.0062 291.018
45300 5.35492 6.92608 5.41852 17.6995 289.55
45400 5.47911 6.77832 5.40824 17.6657 296.425
45500 5.70541 6.74272 5.34402 17.7921 302.116
45600 5.83372 6.75665 5.25234 17.8427 315.801
45700 5.7619 6.88974 5.3035 17.9552 309.769
45800 5.8932 7.00094 5.40088 18.295 288.04
45900 6.00023 7.05679 5.45164 18.5087 297.223
46000 5.98797 6.95868 5.45161 18.3983 292.154
46100 6.12548 6.82042 5.52613 18.472 306.196
46200 5.90753 6.97632 5.55162 18.4355 311.913
46300 5.86808 6.88726 5.44 18.1953 303.731
46400 5.92851 6.7804 5.39765 18.1066 285.132
46500 5.84207 6.67504 5.44624 17.9633 288.581
46600 5.92893 6.63333 5.45618 18.0184 294.286
46700 6.04031 6.44153 5.33605 17.8179 302.118
46800 6.23527 6.30988 5.31134 17.8565 307.944
46900 6.37667 6.38608 5.32837 18.0911 306.386
47000 6.38656 6.47704 5.34756 18.2112 289.084
47100 6.22152 6.28841 5.23569 17.7456 279.653
47200 5.98484 6.12133 5.14916 17.2553 303.486
47300 5.84349 6.09577 5.17742 17.1167 307.472
47400 5.77993 6.05693 5.12836 16.9652 301.916
47500 5.7794 6.09266 5.20647 17.0785 293.128
47600 5.80967 6.13807 5.30825 17.256 286.387
47700 5.84063 6.17467 5.33168 17.347 285.142
47800 5.84821 6.29731 5.34996 17.4955 295.691
47900 5.76827 6.33102 5.19387 17.2932 307.638
48000 5.80428 6.40019 5.14651 17.351 296.056
48100 5.84253 6.28591 5.1667 17.2951 301.293
48200 5.85253 6.3037 5.0846 17.2408 301.71
48300 5.82642 6.39012 5.1633 17.3798 284.975
48400 5.85403 6.47951 5.22681 17.5603 289.335
48500 5.80601 6.50129 5.32499 17.6323 302.15
48600 5.83495 6.36378 5.33933 17.5381 304.251
48700 5.83662 6.39377 5.3404 17.5708 312.616
48800 5.7097 6.44244 5.28126 17.4334 299.784
48900 5.51444 6.42943 5.3567 17.3006 291.526
49000 5.44034 6.39391 5.45867 17.2929 293.319
49100 5.39639 6.38681 5.49408 17.2773 299.04
49200 5.33275 6.35676 5.45189 17.1414 293.341
49300 5.299 6.18907 5.26952 16.7576 301.687
49400 5.40526 6.22235 5.20318 16.8308 313.768
49500 5.59888 6.26557 5.25245 17.1169 307.947
49600 5.33994 6.13885 5.44918 16.928 293.538
49700 4.96847 6.16246 5.46821 16.5991 301.707
49800 5.03524 6.16707 5.50907 16.7114 288.476
49900 5.19415 6.19019 5.48158 16.8659 300.834
50000 5.32596 6.54701 5.44439 17.3174 312.79
50100 5.39254 6.87512 5.39884 17.6665 314.821
50200 5.34058 6.86953 5.38191 17.592 306.817
50300 5.164 6.71716 5.60219 17.4834 290.836
50400 4.85195 6.69956 5.63879 17.1903 299.221
50500 4.8575 6.71994 5.51088 17.0883 295.162
50600 4.81631 6.47726 5.5174 16.811 305.147
50700 4.74114 6.2636 5.54941 16.5542 317.93
50800 4.65199 6.21619 5.52283 16.391 313.949
50900 4.72098 6.13914 5.54831 16.4084 287.423
51000 4.75645 6.10224 5.60573 16.4644 288.786
51100 4.69968 6.08291 5.64337 16.426 302.572
51200 4.77492 5.89399 5.74119 16.4101 301.037
51300 4.65376 5.88232 5.65134 16.1874 316.426
51400 4.54507 5.84844 5.60295 15.9965 329.74
51500 4.54453 5.89699 5.42445 15.866 309.281
51600 4.72195 6.18679 5.42878 16.3375 294.917
51700 4.83248 6.21644 5.53939 16.5883 298.439
51800 4.64983 6.30422 5.67804 16.6321 295.022
51900 4.57547 6.36073 5.65612 16.5923 287.09
52000 4.68212 6.4182 5.61733 16.7176 305.006
52100 4.70631 6.41044 5.50428 16.621 319.167
52200 4.68034 6.48727 5.29274 16.4604 300.865
52300 4.69973 6.5389 5.43905 16.6777 291.64
52400 4.85768 6.59822 5.45665 16.9126 293.217
52500 4.85352 6.84342 5.52771 17.2247 296.88
52600 4.86743 6.87283 5.59924 17.3395 304.48
52700 4.93045 6.92486 5.47864 17.3339 295.903
52800 5.00952 6.92167 5.46835 17.3995 317.172
52900 5.04329 7.02827 5.48363 17.5552 313.958
53000 4.95379 7.41202 5.40526 17.7711 311.047
53100 4.80478 7.65525 5.48943 17.9495 296.638
53200 4.61279 7.73373 5.64373 17.9903 298.662
53300 4.47215 7.88433 5.64555 18.002 301.288
53400 4.47884 8.04671 5.56742 18.093 309.995
53500 4.66104 7.8858 5.44708 17.9939 315.781
53600 4.89331 7.59588 5.27365 17.7628 305.207
53700 4.92936 7.41031 5.20234 17.542 284.416
53800 4.91007 7.50155 5.04526 17.4569 288.109
53900 4.80735 7.51615 4.96576 17.2893 303.645
54000 4.77993 7.76136 4.84143 17.3827 310.568
54100 4.96327 7.78842 4.76191 17.5136 299.576
54200 5.15246 7.94818 4.79691 17.8976 299.975
54300 5.05627 8.015 4.84144 17.9127 296.743
54400 5.0323 8.08139 4.8756 17.9893 298.804
54500 5.06242 8.22545 4.94622 18.2341 311.603
54600 5.21172 8.1719 5.16241 18.546 330.848
54700 5.35502 8.1062 5.34127 18.8025 313.966
54800 5.56408 8.13942 5.42315 19.1267 302.933
54900 5.55901 8.17826 5.49743 19.2347 283.437
55000 5.43605 8.00001 5.61434 19.0504 302.114
55100 5.23094 7.69538 5.79177 18.7181 314.285
55200 4.92307 7.5908 6.01022 18.5241 308.892
55300 4.82079 7.62951 6.13633 18.5866 286.868
55400 4.93592 7.47907 6.0234 18.4384 285.945
55500 4.9769 7.60486 5.84319 18.4249 295.514
55600 4.79239 7.82226 5.81859 18.4332 310.987
55700 4.58412 7.8713 5.87497 18.3304 305.32
55800 4.53258 7.73973 5.87472 18.147 306.931
55900 4.62505 7.5907 5.79861 18.0144 296.588
56000 4.63225 7.58677 5.79655 18.0156 283.92
56100 4.62192 7.65618 5.95523 18.2333 269.551
56200 4.57354 7.98863 6.15082 18.713 273.713
56300 4.53321 8.17352 6.28393 18.9907 290.011
56400 4.56536 8.01654 6.35383 18.9357 294.784
56500 4.5965 7.84416 6.35524 18.7959 310.177
56600 4.76623 7.69059 6.21634 18.6732 306.883
56700 5.02668 7.54934 6.11608 18.6921 289.427
56800 5.16383 7.26767 6.05724 18.4887 281.215
56900 5.19682 7.11776 6.00048 18.3151 300.87
57000 5.05704 7.30805 5.90397 18.2691 312.63
57100 4.89844 7.54423 5.72841 18.1711 309.452
57200 4.75431 7.82644 5.69334 18.2741 291.756
57300 4.70886 8.15481 5.65178 18.5154 294.037
57400 4.80811 8.2985 5.71916 18.8258 312.816
57500 4.87542 8.22604 5.86193 18.9634 310.28
57600 5.09146 8.45982 5.85999 19.4113 315.273
57700 5.22698 8.69205 5.84702 19.7661 307.025
57800 5.28676 8.50256 5.89673 19.6861 294.761
57900 5.28265 8.42852 5.89757 19.6087 296.126
58000 5.18143 8.27917 5.87469 19.3353 300.981
58100 5.26322 8.15904 5.83105 19.2533 305.574
58200 5.19657 8.08433 5.88433 19.1652 322.312
58300 5.12249 8.12091 6.0065 19.2499 314.796
58400 5.03139 8.45884 6.0678 19.558 283.609
58500 5.0291 8.56241 6.0087 19.6002 297.57
58600 5.00188 8.36528 6.20693 19.5741 298.12
58700 4.99797 8.21883 6.28781 19.5046 320.786
58800 5.04137 8.26763 6.42404 19.733 297.504
58900 5.11419 8.30163 6.4853 19.9011 282.619
59000 5.08681 8.14934 6.41646 19.6526 298.172
59100 4.92244 7.69639 6.41824 19.0371 313.895
59200 4.84419 7.46902 6.43054 18.7437 290.574
59300 4.77249 7.50928 6.19968 18.4815 284.022
59400 4.71013 7.58977 6.16495 18.4649 283.898
59500 4.65917 7.59395 6.0924 18.3455 305.025
59600 4.76902 7.59902 6.20868 18.5767 298.314
59700 4.8617 7.5782 6.27704 18.7169 309.15
59800 4.84361 7.41527 6.33728 18.5961 297.533
59900 4.77818 7.23207 6.51906 18.5293 287.887
60000 4.61948 7.22169 6.63504 18.4762 293.4
60100 4.71111 7.26959 6.66915 18.6499 295.518
60200 4.82056 7.44534 6.70387 18.9698 304.93
60300 4.99351 7.42536 6.68572 19.1046 323.653
60400 5.01915 7.45526 6.90914 19.3835 321.113
60500 5.04064 7.40914 7.09879 19.5486 311.262
60600 4.96809 7.35331 7.11822 19.4396 297.719
60700 4.98053 7.59377 7.00109 19.5754 300.231
60800 4.98798 7.37328 6.92735 19.2886 285.935
60900 4.94321 7.3694 7.09857 19.4112 289.357
61000 5.00609 7.60355 7.06769 19.6773 307.572
61100 5.07012 7.67936 6.8515 19.601 317.91
61200 4.99954 7.53828 6.9228 19.4606 302.638
61300 4.79746 7.33072 6.89216 19.0203 290.707
61400 4.7527 7.28562 6.97396 19.0123 291.247
61500 4.79327 7.28818 6.8783 18.9597 305.338
61600 4.94532 7.23023 6.89492 19.0705 314.512
61700 4.96784 7.1082 6.92756 19.0036 292.026
61800 4.9333 7.19188 6.88742 19.0126 284.398
61900 5.0589 7.25897 6.91501 19.2329 291.766
62000 5.16558 7.46103 6.79024 19.4169 303.356
62100 5.12429 7.71892 6.66733 19.5105 312.065
62200 5.0605 7.82655 6.66166 19.5487 307.171
62300 5.07746 7.93767 6.87802 19.8931 285.952
62400 4.89223 7.88243 6.84035 19.615 283.104
62500 4.85115 7.81135 6.77368 19.4362 292.727
62600 4.95602 8.0043 6.91011 19.8704 309.468
62700 5.03188 7.91833 6.97865 19.9289 305.773
62800 5.21462 7.78573 7.07345 20.0738 296.549
62900 5.35642 7.76538 7.02007 20.1419 273.835
63000 5.60391 7.79453 6.96088 20.3593 290.413
63100 5.54695 7.83099 6.96373 20.3417 301.381
63200 5.14811 7.77763 7.03422 19.96 297.523
63300 4.84409 7.76844 6.99963 19.6122 303.843
63400 4.77352 7.5845 6.95867 19.3167 303.467
63500 4.80315 7.35486 6.83544 18.9934 282.416
63600 4.7942 7.21206 6.76291 18.7692 283.183
63700 4.77758 7.22679 6.81319 18.8176 296.334
63800 4.88995 7.20512 6.72801 18.8231 307.457
63900 4.99511 7.09656 6.63638 18.7281 297.539
64000 5.23933 7.1077 6.66166 19.0087 306.192
64100 5.30449 7.25062 6.71161 19.2667 281.676
64200 5.25495 7.42429 6.75771 19.437 286.161
64300 5.36787 7.66914 6.85686 19.8939 297.067
64400 5.30104 7.50428 6.78047 19.5858 311.553
64500 5.21491 7.47084 6.70731 19.3931 295.585
64600 5.15547 7.48458 6.69756 19.3376 303.975
64700 5.05336 7.39414 6.57972 19.0272 301.002
64800 5.04521 7.44809 6.49968 18.993 278.873
64900 5.12479 7.56451 6.53881 19.2281 279.62
65000 5.15033 7.50578 6.59128 19.2474 303.43
65100 5.21388 7.6558 6.54877 19.4185 301.972
65200 5.23227 7.64041 6.50769 19.3804 306.537
65300 5.18631 7.75399 6.43657 19.3769 297.591
65400 5.1581 7.90267 6.49514 19.5559 274.784
65500 5.13655 7.83541 6.51124 19.4832 285.093
65600 5.00074 7.77022 6.55631 19.3273 316.538
65700 4.93828 7.69568 6.42737 19.0613 294.937
65800 5.06702 7.86445 6.25472 19.1862 299.775
65900 5.32797 8.16725 6.24067 19.7359 302.223
66000 5.41321 8.31998 6.31304 20.0462 313.456
66100 5.62164 8.34865 6.3809 20.3512 306.128
66200 5.78976 8.23543 6.33218 20.3574 294.716
66300 5.9676 8.39 6.4655 20.8231 291.532
66400 6.00168 8.42116 6.57461 20.9975 290.822
66500 6.01368 8.43309 6.59693 21.0437 309.172
66600 5.88318 8.30106 6.63855 20.8228 318.335
66700 5.76901 8.16651 6.63596 20.5715 304.871
66800 5.54005 8.29504 6.64897 20.4841 290.366
66900 5.60168 8.18923 6.75857 20.5495 298.142
67000 5.46262 8.04435 6.75774 20.2647 299.267
67100 5.39643 8.10641 6.69398 20.1968 302.084
67200 5.29186 8.36872 6.63488 20.2955 329.473
67300 5.46847 8.55989 6.72372 20.7521 326.408
67400 5.7153 8.68328 6.61716 21.0157 303.715
67500 5.77573 8.52347 6.6192 20.9184 296.69
67600 5.71975 8.23321 6.6841 20.6371 291.519
67700 5.68887 8.0995 6.99472 20.7831 301.518
67800 5.71643 8.00495 7.02996 20.7513 312.834
67900 5.78321 8.08294 7.13606 21.0022 325.812
68000 5.78186 8.0549 7.23441 21.0712 297.665
68100 5.84904 7.8052 7.25062 20.9049 285.96
68200 5.94081 7.90563 7.36908 21.2155 300.785
68300 6.10288 8.12605 7.49114 21.7201 315.774
68400 6.21415 8.06653 7.44982 21.7305 309.808
68500 6.18385 8.2528 7.41075 21.8474 290.891
68600 6.22725 8.35265 7.37934 21.9592 297.837
68700 6.33122 8.32182 7.24811 21.9012 296.696
68800 6.46577 8.51285 7.2837 22.2623 305.812
68900 6.67875 8.57285 7.53497 22.7866 321.842
69000 6.88634 8.50212 7.81667 23.2051 315.129
69100 6.83115 8.60867 7.87117 23.311 309.087
69200 6.87882 8.5914 7.85679 23.327 299.168
69300 6.97822 8.58285 7.82605 23.3871 305.367
69400 7.02507 8.52585 7.64219 23.1931 294.699
69500 6.94749 8.54445 7.66213 23.1541 292.348
69600 6.7004 8.63759 7.92738 23.2654 292.325
69700 6.76411 8.73545 8.15388 23.6534 321.453
69800 6.98696 8.72515 8.20481 23.9169 316.097
69900 7.05855 8.73496 8.18884 23.9824 311.496
70000 7.24847 8.65631 8.21194 24.1167 301.582
70100 7.35243 8.72504 8.20594 24.2834 296.936
70200 7.42775 8.51787 8.29805 24.2437 294.238
70300 7.3785 8.5463 8.23078 24.1556 304.488
70400 7.31243 8.61774 8.10163 24.0318 326.211
70500 7.22735 8.72834 8.0532 24.0089 318.863
70600 6.90754 8.74494 7.76981 23.4223 307.153
70700 6.7743 8.71687 7.64737 23.1385 293.346
70800 6.71557 9.00267 7.60504 23.3233 291.634
70900 6.75144 9.04803 7.50994 23.3094 307.098
71000 6.6199 8.82545 7.54479 22.9901 305.815
71100 6.78429 8.59819 7.68448 23.067 304.655
71200 6.94404 8.57543 7.79494 23.3144 302.252
71300 7.10764 8.71953 7.80297 23.6301 303.179
71400 7.17772 8.84075 7.75853 23.777 292.271
71500 6.97106 9.18095 7.71944 23.8715 303.245
71600 6.74981 9.47905 7.57522 23.8041 317.522
71700 6.47567 9.9215 7.72797 24.1251 316.663
71800 6.22581 10.069 7.89447 24.1893 294.414
71900 6.17452 9.98539 7.7122 23.8721 290.712
72000 6.31847 10.2879 7.51432 24.1207 291.191
72100 6.34729 10.6649 7.41748 24.4297 307.644
72200 6.34581 10.8345 7.46243 24.6428 311.7
72300 6.32307 10.7209 7.58258 24.6266 313.255
72400 6.40566 10.6877 7.74008 24.8335 300.331
72500 6.63908 10.8962 7.88942 25.4247 298.531
72600 6.66859 10.9299 7.82102 25.4195 297.037
72700 6.68758 10.8678 7.75089 25.3063 295.193
72800 6.60551 10.8082 7.69863 25.1123 314.226
72900 6.52406 10.6431 7.8206 24.9878 318.929
73000 6.42582 10.4056 8.05516 24.8866 300.367
73100 6.32279 10.5476 8.14642 25.0169 292.271
73200 6.21165 10.8789 8.28574 25.3763 294.571
73300 6.22599 11.1899 8.33101 25.7469 309.698
73400 6.20837 11.3351 8.26241 25.8059 320.152
73500 6.33871 11.1623 8.19568 25.6967 316.156
73600 6.28947 11.1697 8.1273 25.5865 302.637
73700 6.09983 10.9884 8.09166 25.1799 294.582
73800 6.00042 10.8296 8.08222 24.9122 291.685
73900 6.02491 10.4898 7.95733 24.472 293.278
74000 6.1619 10.4045 8.01205 24.5784 301.925
74100 6.35027 10.2916 7.97396 24.6159 312.211
74200 6.47874 10.1756 8.15879 24.8131 307.135
74300 6.515 10.0928 8.12752 24.7353 292.008
74400 6.29413 9.89718 7.99959 24.1909 297.698
74500 6.011 9.87172 8.05999 23.9427 296.308
74600 5.82807 9.80045 8.01569 23.6442 298.889
74700 5.79605 9.6901 8.14006 23.6262 314.822
74800 5.71411 9.80275 8.04665 23.5635 293.025
74900 5.66164 9.90336 8.0625 23.6275 286.861
75000 5.72647 9.8019 8.03148 23.5599 294.603
75100 5.69629 9.84914 7.95869 23.5041 299.13
75200 5.68159 9.89787 8.03965 23.6191 307.48
75300 5.77306 9.82617 8.17631 23.7755 298.45
75400 5.69964 9.90834 8.13972 23.7477 293.412
75500 5.69685 9.83394 8.12698 23.6578 304.876
75600 5.75239 9.71869 8.08625 23.5573 306.824
75700 5.86898 9.49962 8.03255 23.4012 292.841
75800 6.13271 9.2901 8.11788 23.5407 303.574
75900 6.33429 9.30123 8.15403 23.7895 305.458
76000 6.39056 9.57812 8.01919 23.9879 289.291
76100 6.4005 10.0408 8.15208 24.5934 280.087
76200 6.32119 10.1342 8.41697 24.8724 294.248
76300 6.17225 10.207 8.6758 25.055 308.65
76400 6.12543 10.2673 8.61789 25.0106 306.432
76500 6.25607 10.2952 8.5566 25.1079 308.42
76600 6.49807 10.4582 8.60137 25.5576 296.052
76700 6.76155 10.8415 8.71321 26.3162 298.773
76800 7.07034 11.134 8.82335 27.0277 304.393
76900 7.06359 11.1723 8.96877 27.2047 301.335
77000 7.08837 11.2042 8.93306 27.2256 308.115
77100 7.0479 11.3175 8.80548 27.1709 292.276
77200 7.00115 11.2115 8.87465 27.0873 287.862
77300 7.12252 11.1903 9.08948 27.4023 301.49
77400 7.3154 11.283 9.19481 27.7932 311.803
77500 7.26466 11.3187 9.28581 27.8692 305.977
77600 7.45958 11.4563 9.27273 28.1886 291.649
77700 7.57844 11.4976 8.96567 28.0417 283.803
77800 7.6157 11.5324 8.99235 28.1404 301.948
77900 7.68771 11.4713 9.17811 28.3371 303.174
78000 7.74575 11.6914 8.97482 28.4119 314.939
78100 7.7782 11.9316 8.93107 28.6408 303.967
78200 7.60375 12.1764 9.22866 29.0088 299.067
78300 7.46713 12.3835 9.43603 29.2867 297.413
78400 7.5715 12.5815 9.54216 29.6952 292.418
78500 7.64625 12.9456 9.67526 30.2671 300.159
78600 7.46111 13.2579 9.63585 30.3549 296.845
78700 7.46731 13.4219 9.46957 30.3588 293.618
78800 7.66909 13.5649 9.13403 30.368 314.2
78900 7.85438 13.8322 8.95251 30.6391 303.179
79000 7.95911 14.0704 9.10811 31.1376 292.879
79100 8.02955 14.3125 9.24974 31.5918 284.575
79200 8.04324 14.5786 9.34485 31.9667 294.076
79300 8.08935 14.6182 9.42294 32.1305 307.137
79400 8.0517 14.7727 9.37465 32.1991 309.785
79500 8.12195 14.6418 9.46518 32.2289 306.282
79600 8.24957 14.4895 9.39697 32.136 293.762
79700 8.41891 14.2272 9.53051 32.1766 292.75
79800 8.44216 14.08 9.67363 32.1958 303.873
79900 8.31408 14.5681 9.71296 32.5951 300.503
80000 7.94055 14.6793 9.69203 32.3119 292.855
80100 7.69336 14.9328 9.58749 32.2136 314.983
80200 7.59458 15.1517 9.67446 32.4207 323.85
80300 7.57555 15.4064 9.77355 32.7555 312.552
80400 7.54823 15.5384 9.89628 32.9829 304.475
80500 7.75157 15.6581 9.96882 33.3785 299.193
80600 7.77247 15.9741 9.86829 33.6148 291.59
80700 7.8664 15.7956 9.69407 33.3561 304.873
80800 7.95299 15.6465 9.39627 32.9958 310.464
80900 8.04831 16.074 9.04862 33.1709 323.087
81000 8.04328 16.5584 8.79496 33.3966 295.149
81100 8.20937 16.68 8.73175 33.6211 290.227
81200 8.42794 16.6273 8.70996 33.7652 297.46
81300 8.55979 16.5799 8.901 34.0406 299.03
81400 8.69207 16.2651 8.96505 33.9222 315.322
81500 8.69184 16.1067 8.99151 33.79 298.009
81600 8.78415 15.7468 9.22771 33.7587 294.292
81700 8.74497 15.7134 9.49656 33.9549 289.478
81800 8.62468 16.0961 9.75473 34.4755 301.453
81900 8.69855 16.4502 10.0007 35.1495 318.533
82000 8.60732 16.7534 10.1477 35.5085 311.911
82100 8.46252 17.0516 10.0971 35.6112 301.756
82200 8.32111 17.2979 9.97858 35.5976 301.298
82300 8.08298 17.389 10.0566 35.5285 295.651
82400 7.86472 17.0659 10.0143 34.9449 290.847
82500 7.88285 16.8222 10.0537 34.7588 306.155
82600 8.15365 16.2789 10.1238 34.5563 314.563
82700 8.49152 15.6657 10.1252 34.2824 320.755
82800 8.60821 15.3 10.0638 33.972 301.371
82900 8.53106 15.0553 10.0857 33.672 290.791
83000 8.57678 15.0217 10.4176 34.0161 292.145
83100 8.64101 15.3075 10.6014 34.5499 309.883
83200 8.66803 15.5509 10.6171 34.8361 313.113
83300 8.37872 15.723 10.6819 34.7837 292.443
83400 8.19552 15.6858 10.3977 34.279 287.098
83500 8.28227 14.9464 10.4484 33.6771 296.55
83600 8.34756 14.3818 10.7574 33.4868 315.161
83700 8.22008 14.0427 10.7348 32.9975 307.123
83800 8.15841 13.5191 10.7 32.3776 277.793
83900 8.20384 13.3841 10.8128 32.4008 288.56
84000 8.35675 13.5215 10.9229 32.8011 288.311
84100 8.68323 13.5743 10.9029 33.1605 300.986
84200 9.07681 13.4972 11.1869 33.7609 307.702
84300 9.06363 13.7957 11.5212 34.3805 308.227
84400 8.9306 14.1277 11.9556 35.0139 298.312
84500 8.7203 14.0555 11.9367 34.7125 277.354
84600 8.56097 14.2684 12.018 34.8474 288.083
84700 8.22505 14.2381 12.1215 34.5846 300.491
84800 8.15255 14.2243 11.9375 34.3143 294.143
84900 8.25605 14.0599 11.9856 34.3015 317.923
85000 8.43456 14.2809 12.0698 34.7853 311.551
85100 8.74372 14.5493 12.0805 35.3735 289.512
85200 9.05776 14.5215 11.8703 35.4495 289.511
85300 9.02709 14.8248 11.8037 35.6556 304.056
85400 9.23687 15.2013 11.9694 36.4076 311.734
85500 9.39317 15.0124 12.0807 36.4862 303.391
85600 9.14017 14.6689 12.038 35.8471 315.374
85700 8.82958 14.2504 11.8214 34.9013 321.02
85800 8.68376 14.2914 11.6999 34.675 312.706
85900 8.54536 14.0533 11.6401 34.2388 295.107
86000 8.35465 14.0225 11.5624 33.9396 295.14
86100 8.23472 14.2243 11.6426 34.1016 293.258
86200 8.24828 14.5172 11.8081 34.5735 313.121
86300 8.3399 14.762 12.0885 35.1904 315.376
86400 8.49555 15.3649 12.1553 36.0157 311.674
86500 8.73706 15.891 12.2886 36.9166 299.5
86600 9.23475 16.1303 12.4953 37.8603 311.54
86700 9.52509 16.6948 12.644 38.8638 293.383
86800 9.61817 17.0818 12.5431 39.2431 296.067
86900 9.74566 17.0531 12.6236 39.4224 297.89
87000 9.8232 17.3047 12.8658 39.9936 275.876
87100 9.84241 17.8248 12.94 40.6071 285.694
87200 9.84689 17.9485 12.9524 40.7478 293.393
87300 9.8887 18.1857 12.9932 41.0676 304.207
87400 9.56079 18.5984 12.9725 41.1317 313.229
87500 9.1856 18.7335 12.9415 40.8606 286.53
87600 8.86771 19.1183 13.0051 40.9911 292.85
87700 8.73122 19.1817 13.037 40.9498 298.933
87800 8.55634 19.074 13.0167 40.6471 296.143
87900 8.49077 18.6968 13.1757 40.3633 311.922
88000 8.60351 18.1659 13.1819 39.9513 291.827
88100 8.70075 17.4738 12.8129 38.9874 279.128
88200 8.6213 17.0777 12.7344 38.4334 283.261
88300 8.51438 16.3115 12.5429 37.3687 304.541
88400 8.39137 16.0505 12.3619 36.8037 302.659
88500 8.3858 16.1561 12.2247 36.7666 299.712
88600 8.34819 16.1476 11.968 36.4638 314.546
88700 8.38664 16.6704 12.1231 37.1801 297.43
88800 8.28334 17.0644 12.4426 37.7903 292.054
88900 8.11353 17.293 12.6332 38.0397 288.087
89000 8.30127 17.5333 12.8065 38.641 302.734
89100 8.5274 17.3487 12.5858 38.4618 314.076
89200 8.69174 17.1436 12.2865 38.1219 323.516
89300 8.5322 17.255 12.1421 37.9293 308.784
89400 8.26921 17.6161 12.2678 38.1531 301.844
89500 8.2362 18.038 12.4089 38.6831 289.052
89600 8.26312 18.2657 12.2304 38.7593 294.068
89700 8.17145 18.5393 12.0015 38.7123 306.351
89800 7.99608 18.772 12.0577 38.8258 317.249
89900 7.67242 18.699 12.3011 38.6726 309.95
90000 7.33027 18.9644 12.146 38.4407 293.765
90100 7.22656 19.0408 12.0967 38.364 292.926
90200 7.32934 18.9731 12.111 38.4135 303.04
90300 7.41667 19.5159 12.2126 39.1452 307.351
90400 7.49876 19.9525 12.0503 39.5016 290.926
90500 7.33833 20.1154 11.9296 39.3833 303.841
90600 6.86566 20.0865 11.9426 38.8948 334.281
90700 6.42952 19.7868 11.8845 38.1009 330.472
90800 6.23598 19.5562 12.0873 37.8795 305.798
90900 6.30497 19.637 12.107 38.049 293.959
91000 6.6203 20.0364 12.0455 38.7022 293.839
91100 6.59851 20.2344 12.218 39.0508 294.401
91200 6.47512 20.8478 12.0758 39.3988 304.685
91300 6.52798 21.325 12.1028 39.9558 315.255
91400 6.8169 21.6929 11.5887 40.0985 312.182
91500 7.00367 21.9397 11.2189 40.1622 296.362
91600 7.02023 21.8463 11.2396 40.1061 292.819
91700 6.93898 22.5694 11.0357 40.5442 288.36
91800 6.82181 23.1033 11.0963 41.0214 307.222
91900 6.73356 23.1714 11.1786 41.0836 308.184
92000 6.59339 23.1412 11.321 41.0556 307.411
92100 6.51893 24.1814 11.4525 42.1528 278.408
92200 6.67103 24.8347 11.8483 43.354 293.194
92300 6.90155 25.1607 12.17 44.2322 301.632
92400 7.12931 25.5344 12.6762 45.3399 304.907
92500 7.38512 25.3422 13.343 46.0703 309.19
92600 7.57389 25.3616 13.7212 46.6567 285.855
92700 7.50548 25.3264 13.8393 46.6712 280.956
92800 7.53318 25.6935 13.8648 47.0915 294.361
92900 7.57858 26.2863 14.0218 47.8867 298.991
93000 7.72212 27.1298 14.1338 48.9857 306.493
93100 7.97724 27.7259 14.2272 49.9304 296.383
93200 8.10031 28.0386 14.3468 50.4857 302.314
93300 7.94956 28.1606 14.5645 50.6747 318.36
93400 7.89036 28.7991 14.8962 51.5857 304.502
93500 8.193 28.8477 15.0712 52.1119 299.078
93600 8.53919 28.2836 15.025 51.8478 281.67
93700 8.7706 27.8469 14.7696 51.3871 303.1
93800 8.88242 27.9698 14.6232 51.4754 298.932
93900 9.04315 27.8897 14.331 51.2639 301.553
94000 8.97412 27.5728 14.2123 50.7593 299.804
94100 8.90252 26.7687 14.1462 49.8175 293.417
94200 8.91724 26.5734 14.1866 49.6772 279.883
94300 8.64783 26.4631 14.2864 49.3974 279.428
94400 8.70596 26.134 14.2704 49.1104 297.094
94500 8.85961 26.0232 14.4463 49.329 300.16
94600 8.99207 25.5523 14.7408 49.2852 303.336
94700 9.16424 25.3024 14.7688 49.2355 301.856
94800 9.3454 25.3358 14.7512 49.4325 292.723
94900 9.59205 25.2546 14.6714 49.518 314.562
95000 9.67648 25.0507 14.5515 49.2787 316.537
95100 9.85901 24.8263 14.452 49.1374 294.446
95200 9.92382 24.534 14.3792 48.8371 298.272
95300 9.9945 24.351 14.6167 48.9622 286.809
95400 9.89411 23.6743 15.0575 48.6259 305.076
95500 10.0148 23.1811 15.2604 48.4563 320.187
95600 10.4848 23.3422 15.3722 49.1993 304.918
95700 10.8259 23.232 15.2765 49.3345 299.803
95800 10.9768 23.5927 15.0788 49.6483 287.502
95900 10.8873 24.137 14.8535 49.8778 291.118
96000 10.7634 24.3699 14.8877 50.021 298.109
96100 10.4713 24.7916 14.9357 50.1986 315.516
96200 10.2296 25.0785 14.7706 50.0786 305.35
96300 10.1434 25.5219 14.6165 50.2818 302.749
96400 10.3948 25.5747 14.3163 50.2859 282.164
96500 10.5057 25.418 14.2067 50.1304 298.099
96600 10.5399 24.9887 14.251 49.7796 300.388
96700 10.5804 25.2682 14.419 50.2676 303.693
96800 11.0349 25.3674 14.4732 50.8755 319.987
96900 11.4686 25.4308 14.3219 51.2214 320.4
97000 11.8863 25.6724 14.458 52.0167 304.444
97100 12.2428 25.5958 14.8036 52.6423 299.684
97200 12.6593 25.8118 15.1185 53.5895 295.28
97300 12.8406 26.5226 15.4516 54.8147 300.525
97400 12.8662 27.0754 15.661 55.6027 313.783
97500 12.8567 27.0301 15.7992 55.686 322.716
97600 13.0672 26.8828 15.6513 55.6013 309.267
97700 12.9289 26.9091 15.5323 55.3703 294.612
97800 12.899 26.6445 15.4243 54.9678 295.749
97900 12.7422 26.5788 15.5427 54.8637 305.484
98000 12.6627 26.7022 16.0593 55.4242 307.57
98100 12.5125 27.3455 16.4422 56.3002 296.683
98200 12.595 28.0302 17.0206 57.6458 295.236
98300 12.7646 28.7643 17.2601 58.7889 286.732
98400 13.2492 28.9621 17.1866 59.3979 300.295
98500 13.7729 28.6364 17.0323 59.4416 305.432
98600 13.7958 28.4008 16.8903 59.087 319.805
98700 13.8205 28.3366 17.1066 59.2638 307.391
98800 14.0233 28.7923 17.4426 60.2582 299.554
98900 14.206 28.8053 17.6306 60.6419 299.415
99000 14.2355 28.4955 17.7849 60.516 299.389
99100 14.3647 27.8557 18.0737 60.294 296.093
99200 14.4622 27.7927 18.0697 60.3245 268.778
99300 14.5917 27.9158 18.149 60.6565 287.121
99400 14.4839 27.5751 18.0292 60.0882 303.497
99500 14.3914 27.3088 17.997 59.6972 300.758
99600 14.1941 27.1272 18.1785 59.4998 301.403
99700 14.1568 26.7437 18.429 59.3294 289.601
99800 14.6607 26.7071 18.7039 60.0717 283.785
99900 15.0826 26.3106 18.6776 60.0708 305.4
100000 15.1457 26.0268 18.5001 59.6726 305.051
100100 15.136 26.1864 18.5106 59.833 310.659
100200 14.8185 26.3016 18.4774 59.5976 292.78
100300 14.57 26.7511 18.1443 59.4655 283.464
100400 14.5632 27.5637 17.8036 59.9306 300.236
100500 14.3721 28.1544 17.5224 60.0489 294.94
100600 13.9997 28.4646 17.435 59.8993 313.805
100700 13.8025 27.9448 17.259 59.0062 313.746
100800 13.761 27.949 17.2593 58.9692 309.437
100900 13.7212 28.3985 17.4188 59.5386 294.419
101000 13.8636 28.6307 17.6675 60.1619 297.159
101100 14.2131 28.4359 18.0075 60.6565 310.774
101200 14.6752 28.2002 17.9258 60.8012 306.828
101300 15.0222 28.42 17.8837 61.3259 299.37
101400 15.1343 28.2483 18.0294 61.412 294.53
101500 15.0772 28.408 17.9905 61.4757 283.895
101600 14.6416 28.7769 17.9765 61.395 298.955
101700 14.35 28.7146 17.7458 60.8104 300.782
101800 14.183 28.7427 17.619 60.5447 310.956
101900 14.4225 28.7945 17.7585 60.9756 299.744
102000 14.3125 29.0131 17.6539 60.9795 301.232
102100 14.0882 29.6287 17.6595 61.3764 283.928
102200 13.6778 29.8256 17.9462 61.4497 300.306
102300 13.3633 30.0867 17.9748 61.4247 312.3
102400 13.2747 30.1029 18.0913 61.4688 308.561
102500 13.1881 30.0916 18.1719 61.4516 295.605
102600 13.3554 29.729 18.151 61.2354 299.48
102700 13.3368 29.5019 18.1963 61.035 292.601
102800 13.3422 29.8648 18.0868 61.2938 285.536
102900 13.3673 30.4279 17.9237 61.719 272.691
103000 13.4066 30.1834 17.9881 61.5781 298.996
103100 13.6844 30.0377 18.1861 61.9082 304.616
103200 13.9529 30.402 18.1708 62.5257 307.274
103300 14.0916 30.4835 17.9889 62.5641 289.574
103400 14.0699 30.4021 18.1101 62.5821 288.845
103500 14.0637 30.7125 18.4439 63.2202 278.756
103600 14.0555 31.3868 18.3067 63.749 294.639
103700 14.2393 31.4341 18.2178 63.8912 318.97
103800 14.6061 30.9435 17.9427 63.4923 311.462
103900 15.2128 30.7373 17.8217 63.7717 289.686
104000 15.3403 31.0463 17.8341 64.2207 293.129
104100 15.5378 31.4333 17.6774 64.6486 300.535
104200 15.8355 31.3276 17.6421 64.8052 307.908
104300 15.9594 31.5439 17.5241 65.0275 317.379
104400 16.285 31.9417 17.4333 65.66 308.1
104500 16.6889 32.1987 17.2143 66.102 298.504
104600 17.1205 32.2278 16.852 66.2003 322.899
104700 17.1124 32.2157 16.6829 66.011 316.234
104800 16.9794 32.3191 16.7592 66.0577 310.132
104900 17.0962 31.9801 17.1298 66.2061 303.047
105000 17.3217 31.613 17.6015 66.5361 294.92
105100 17.4711 31.181 17.7085 66.3606 296.432
105200 17.2533 30.3726 18.1129 65.7388 306.48
105300 17.3636 30.0177 18.2042 65.5855 321.669
105400 17.758 29.8589 18.1606 65.7775 320.406
105500 18.0965 30.0389 17.7819 65.9173 307.675
105600 18.2411 29.9335 17.753 65.9276 294.074
105700 18.1222 29.5118 17.7847 65.4188 286.972
105800 18.1666 29.3262 17.4769 64.9697 307.738
105900 18.4203 29.0109 17.3103 64.7415 320.226
106000 18.6621 28.5127 17.2171 64.3918 306.968
106100 18.7943 27.8913 17.0631 63.7487 299.186
106200 18.9884 27.0528 16.7135 62.7547 294.93
106300 19.3512 26.8344 16.7134 62.8991 293.291
106400 19.8528 26.9752 16.6433 63.4713 311.141
106500 20.4141 26.7751 16.9558 64.1449 315.355
106600 21.0264 26.3415 17.1396 64.5075 300.136
106700 21.1892 26.258 17.0935 64.5407 289.084
106800 21.0366 26.5127 17.138 64.6873 296.616
106900 20.7795 26.4693 17.012 64.2607 306.684
107000 20.7811 26.2938 17.2333 64.3082 295.104
107100 20.5776 26.5326 17.2302 64.3403 289.963
107200 20.4249 26.4024 17.1757 64.003 286.331
107300 20.5392 26.0949 17.2319 63.866 284.639
107400 20.9109 26.1488 17.0958 64.1555 295.707
107500 21.3231 26.2836 16.9835 64.5902 311.77
107600 21.2426 26.601 16.8861 64.7296 301.982
107700 21.2572 26.7132 16.7834 64.7538 290.344
107800 21.5641 26.3548 16.536 64.4549 288.506
107900 22.2055 25.9938 16.1588 64.3581 318.157
108000 22.7797 25.8843 15.8653 64.5292 310.733
108100 23.4238 26.1369 15.6888 65.2495 308.183
108200 23.8563 25.8014 15.4254 65.0832 294.735
108300 23.7042 26.0516 15.5063 65.2621 293.872
108400 23.4209 26.2847 15.7407 65.4463 299.489
108500 23.0429 26.4492 15.6016 65.0937 307.41
108600 22.7706 26.6896 15.5807 65.041 334.022
108700 22.7807 26.1596 15.4931 64.4334 329.829
108800 22.5912 26.3158 15.453 64.36 318.158
108900 22.2304 26.8084 15.3174 64.3562 305.352
109000 21.8889 27.1869 15.093 64.1688 293.188
109100 21.6137 27.1348 14.8989 63.6474 292.63
109200 21.5982 27.1382 14.7225 63.459 306.593
109300 21.5546 27.1753 14.4618 63.1917 305.813
109400 21.1574 27.0314 14.3547 62.5435 326.713
109500 20.7097 27.0642 14.4092 62.1831 306.742
109600 20.385 27.1501 14.477 62.012 295.093
109700 20.214 26.9154 14.4056 61.535 303.928
109800 20.0377 26.2576 14.4395 60.7349 296.339
109900 19.7925 25.6063 14.4155 59.8143 292.337
110000 19.5526 25.3979 14.5989 59.5494 282.156
110100 19.377 25.301 14.6567 59.3347 298.342
110200 19.0041 25.0521 14.5365 58.5926 314.612
110300 18.9291 24.684 14.4238 58.0369 301.499
110400 19.0041 24.1342 14.4339 57.5722 303.351
110500 18.8783 23.8319 14.2186 56.9289 274.115
110600 18.7988 23.7916 14.0314 56.6217 274.679
110700 18.8268 23.4341 13.8625 56.1234 297.505
110800 18.8418 23.2674 13.754 55.8632 308.188
110900 18.7914 22.9456 13.6741 55.411 290.911
111000 18.753 23.5397 13.8691 56.1618 307.849
111100 18.7607 23.9934 13.9108 56.6649 315.794
111200 18.897 24.1208 13.9923 57.0102 308.881
111300 18.6691 24.7504 13.9309 57.3503 295.58
111400 18.5004 24.9779 13.8209 57.2992 292.826
111500 18.4289 25.0684 13.8257 57.323 298.007
111600 18.7488 25.041 14.018 57.8078 303.745
111700 18.514 24.9044 14.2738 57.6922 319.711
111800 18.1611 24.7639 14.4856 57.4106 326.577
111900 18.0596 24.8743 14.2073 57.1412 303.538
112000 17.9799 25.0824 14.1571 57.2194 294.522
112100 17.6435 25.4131 13.849 56.9056 300.365
112200 17.356 25.7441 13.8365 56.9366 319.269
112300 17.1929 25.6548 14.0178 56.8655 290.011
112400 17.1305 25.8735 14.2775 57.2815 275.605
112500 17.0524 26.0157 14.3777 57.4458 293.466
112600 16.9565 25.6204 14.3873 56.9641 296.147
112700 16.9649 25.6265 14.2819 56.8734 298.957
112800 16.915 25.7104 14.2375 56.8629 308.384
112900 17.0568 26.0721 14.3748 57.5037 304.734
113000 16.9977 26.1806 14.5305 57.7088 312.543
113100 16.5382 26.0193 14.7577 57.3151 306.387
113200 16.2945 25.5018 14.5368 56.333 295.454
113300 16.2185 25.1491 14.6593 56.027 289.91
113400 16.2945 24.726 14.6592 55.6797 296.941
113500 16.2173 24.7403 14.9636 55.9212 322.067
113600 15.9217 24.5163 15.0757 55.5137 315.39
113700 16.0611 24.4653 14.9888 55.5152 300.729
113800 16.7259 24.3697 15.0524 56.148 302.456
113900 16.9461 23.9426 15.1902 56.0789 288.689
114000 16.9219 23.4734 15.3009 55.6962 302.985
114100 16.9983 22.8941 15.2801 55.1725 315.743
114200 17.0485 22.3978 15.4258 54.8721 313.656
114300 16.8935 21.6956 15.4424 54.0316 305.374
114400 16.612 21.3526 15.4389 53.4035 293.996
114500 16.5351 21.3627 15.6309 53.5287 302.613
114600 16.4826 21.2331 15.7762 53.4919 299.844
114700 16.4192 20.9716 15.8425 53.2333 285.477
114800 16.4369 20.731 15.8878 53.0558 315.236
114900 16.3135 20.1404 15.9841 52.438 311.849
115000 16.2084 19.7172 16.0696 51.9952 300.08
115100 16.3048 19.2001 16.0364 51.5414 296.577
115200 16.1864 19.4049 16.1036 51.6949 281.915
115300 15.8696 19.8995 15.9516 51.7207 297.619
115400 15.9281 20.0795 15.7707 51.7783 301.506
115500 15.9155 20.1078 15.459 51.4823 299.385
115600 16.2538 20.1169 15.5143 51.885 303.206
115700 16.3383 20.1369 15.5266 52.0018 292.063
115800 16.2032 20.0074 15.4865 51.6971 286.232
115900 16.1657 20.0376 15.5053 51.7085 284.517
116000 15.9567 20.1716 15.6308 51.7591 308.011
116100 15.6509 20.3689 15.7796 51.7993 318.435
116200 15.5368 20.5437 16.019 52.0995 304.009
116300 15.7773 20.7213 15.986 52.4847 284.35
116400 15.8545 20.554 15.847 52.2555 290.351
116500 15.7917 20.6408 16.028 52.4605 299.491
116600 15.8422 20.7757 16.1913 52.8092 322.797
116700 16.097 20.8825 16.2902 53.2696 299.306
116800 16.1183 21.0143 16.2254 53.358 293.48
116900 16.1623 20.7122 16.1508 53.0253 297.074
117000 16.3837 20.2999 16.2955 52.9791 305.553
117100 16.3822 20.2775 16.536 53.1957 322.573
117200 16.3267 20.3179 16.6498 53.2944 306.175
117300 16.2649 20.0572 16.4608 52.783 298.521
117400 16.116 19.9196 16.2341 52.2697 298.629
117500 16.0455 20.0694 16.2434 52.3582 287.194
117600 16.1296 20.0913 16.3753 52.5963 289.765
117700 15.9255 20.3316 16.2959 52.553 321.59
117800 15.5922 20.6704 16.3318 52.5944 316.483
117900 15.2066 20.7867 16.1866 52.1799 291.795
118000 15.211 21.049 16.1683 52.4283 290.448
118100 15.1866 21.2098 16.2922 52.6885 304.937
118200 15.2548 21.6993 16.5038 53.4579 326.458
118300 15.2326 21.9597 16.5315 53.7238 331.215
118400 15.0963 22.2366 16.7663 54.0992 307.807
118500 14.8911 22.6364 16.6924 54.2199 289.559
118600 14.742 22.8973 16.414 54.0533 293.529
118700 14.5433 23.3784 16.1433 54.065 304.562
118800 14.5385 23.8422 15.8321 54.2128 309.356
118900 14.5473 23.8662 15.8462 54.2597 308.728
119000 14.5636 24.1012 15.8459 54.5107 296.84
119100 14.7979 24.3437 15.7973 54.9389 288.593
119200 14.7314 24.4917 15.5933 54.8164 294.744
119300 14.6217 24.594 15.3644 54.5801 294.777
119400 14.6706 24.5574 15.5716 54.7997 313.377
119500 14.6267 24.1543 15.8352 54.6162 320.157
119600 14.2819 23.1219 16.0393 53.443 299.053
119700 14.0053 22.8355 16.1765 53.0174 295.516
119800 14.0139 22.4039 15.9566 52.3745 292.189
119900 13.9792 21.9055 15.779 51.6638 311.077
120000 13.9773 21.6166 15.4596 51.0535 316.137
