# Stress and strain vectors, 333U-50C-48_eq, negative deformation 4
# eps sig1 sig2 sig3 sig4 sig5 sig6
0 -0 -0 -0 -0 -0 -0
-0.000400000000000002 -0.34694782454813 -1.17418643766005 -0.604116742201734 0.0293063424175837 0.19680623255548 -0.069151509021195
-0.000799999999999922 -0.0329024735792148 -0.527677871403445 -0.884082812568964 0.0634964326153619 -0.452978478861777 -0.111556693417866
-0.00120000000000005 -0.187276961518948 -0.233094331939765 -0.707203800227224 0.355909300701379 0.0102083949079149 -0.00416465913042728
-0.00159999999999998 0.0745859815362301 -0.656851115128893 -0.818353325510312 0.126394944165936 0.106863478241882 0.0250583363269461
-0.0019999999999999 -0.177844360984746 -0.92777878010916 -0.584798011550856 0.378420751594099 -0.0369579633413438 -0.209589956117464
-0.00240000000000003 -0.315489629739685 -0.701232664591858 -0.456277215831498 0.381893469834691 -0.062941883150567 -0.176000688689044
-0.00279999999999995 0.112352881600149 -0.289979041011622 -0.323184942622859 0.522722167331936 0.0724768867659972 -0.0212492170639003
-0.00320000000000008 -0.151963046932702 -0.956571669765275 -0.327250572170442 0.304887483814966 0.013237044417108 0.356625541611387
-0.00360000000000001 0.922123052928803 0.24286730406174 -0.00123239242724719 0.077326326219088 -0.0640637974163582 -0.025740074708308
-0.00399999999999993 -0.558617608855332 -0.645371023885944 -0.530825443205159 0.0488688505288586 -0.0291414901820366 0.152866026109409
-0.00440000000000006 -0.456264666183089 -1.09337180102824 -0.745625931133839 0.171208821723496 0.279044756076898 0.00618589044472829
-0.00479999999999998 0.0321940238950239 -0.587548987086972 -0.929496793409846 0.758505380378114 0.280848675014749 0.0447525907459817
-0.0051999999999999 -0.255649962321854 -1.30503631222623 -1.06003866861946 0.0411525036989883 0.239427381387498 -0.253337874095687
-0.00560000000000004 0.0612070930733244 -0.436013341154557 -0.639140452310448 0.137151968700425 -0.0292537193273264 -0.0940402337749422
-0.00599999999999994 0.294054718851807 -0.370741181062138 -0.529897679948711 0.321530047272798 -0.090144311100809 -0.304754498004206
-0.00640000000000006 -0.0213487424022415 -0.501467935842164 -0.781761874292901 0.0572164928738987 -0.0334825919327653 -0.0433225921665353
-0.0068 -0.283570655783054 -0.634097848905962 -0.534547396876143 0.028975950769837 -0.0176208479335335 0.123616017830467
-0.00719999999999994 -0.327775632412534 -0.675751742889614 -0.515719178141967 0.0791247904830976 -0.188962932659688 0.238045531337575
-0.00760000000000006 -0.0837706421962594 -0.666444639034831 -0.750477745516665 0.420921378991917 0.0454083179585055 -0.121545023349437
-0.008 -0.00832924867985795 -0.422193610012961 -0.540881046415782 0.0831774411255438 -0.0993202413743043 0.12099445037002
-0.00839999999999988 0.23189376668495 -0.98853657488039 -1.03837464733284 0.245801750536692 0.357402308594078 -0.0779274973723137
-0.00880000000000006 0.0661521370280782 -0.684734293419695 -0.61823905829384 0.071777995987166 -0.306344639997872 0.196736872569405
-0.00919999999999994 0.292644236912624 -0.542878529848687 -0.520168261234947 0.202247134255176 0.0891462819207273 0.285450854453011
-0.00960000000000012 0.301317225863786 -1.20717024058296 -0.633396972687813 0.0130493078661482 0.080572736647984 0.130296064771727
-0.01 0.311355167610702 -0.096313790183692 -0.33038870816288 0.0204642617747366 -0.235562591093324 0.0644749889898058
-0.0103999999999999 0.190754119945913 -0.800440719222646 -1.08693143541033 0.455901311887056 0.220642621603203 0.025605200021279
-0.0108000000000001 -0.107832246086605 -0.199794559085437 -0.680541809337923 0.0493074138778689 -0.220953507149158 -0.19398906561904
-0.0112 -0.669856810255777 -1.2668806283422 -1.0253716980544 0.357745220555602 0.143619304879141 -0.090279714014774
-0.0115999999999999 0.160882922435034 -0.327715362095107 -0.197647727289845 0.11022287817161 0.0541636215427494 -0.0128781520471548
-0.0120000000000001 -0.359750486181368 -1.01900041835089 -0.418189809335367 0.384772488364839 0.156898925641985 0.093872896085442
-0.0123999999999999 -0.171710060053287 -0.459019595228854 -0.324441305196185 0.0483151623853419 -0.0697590645957318 0.126239711146874
-0.0128000000000001 -0.65912976742609 -0.752433455115769 -0.647382512403695 0.167923935877822 0.22020060366729 -0.0852567428716326
-0.0132 0.172960967486767 -0.922206496946071 -0.646684112396662 -0.183191041453684 -0.187362768676112 0.0565460660006326
-0.0135999999999999 0.0449929481768307 -0.996880626080376 -0.361938667582335 -0.137161614361642 0.00999757791970626 0.308343396271717
-0.0140000000000001 0.289957317235789 -0.64803889910825 -0.15154111641957 0.209266113554203 0.0651719082497678 -0.0544615266510804
-0.0144 -0.371057952576197 -1.24765846095113 -0.824379113643557 0.270210127814315 0.11162659360381 0.242118688252513
-0.0147999999999999 -0.272676961182145 -0.561013614892205 -0.628441476653805 0.412021564496605 0.202306828960558 -0.279037052570556
-0.0152000000000001 -0.174989546250163 -0.681150475654008 -0.865083923835487 0.169049744089431 -0.0117813356632562 -0.191689819257311
-0.0155999999999999 -0.0628771866218095 -0.273901569830706 -0.65354838131176 0.27900178624591 -0.0376201573855808 -0.136107752469529
-0.0160000000000001 0.128849656256667 -1.11400452745065 -0.592551935659719 0.101626436102483 -0.00590196228463428 0.00824752866791006
-0.0164 -0.56264305810499 -0.79999865879323 -1.06928766496305 -0.0592833266491584 -0.230226437186724 0.180210629330321
-0.0167999999999999 0.282260040851132 -0.1266497855666 -0.514069179045625 -0.235937294208184 0.0575225834845746 0.0349910535260636
-0.0172000000000001 0.133237386008717 -0.41712606602814 -0.386592400844781 -0.0687345094769467 -0.069508397413743 0.231019847312649
-0.0176 -0.458571477512114 -1.06467202205713 -0.964873286136246 0.0352997313944867 0.0530691195370385 0.00473936936308639
-0.0179999999999999 -0.138223200138148 -0.468264517968682 -0.616087156886662 0.0653625510688738 0.188813371923473 -0.0966163753488447
-0.0184000000000001 -0.79521715933546 -0.96411072741799 -1.18985784694194 0.197847217950624 0.335405835469772 -0.11762447816746
-0.0188 -0.611897443941294 -0.253753617334208 -0.597895682903657 0.258232543063954 -0.0634500574690638 -0.17319808421064
-0.0191999999999999 0.861188562322134 -0.221418535436529 -0.0221612802065309 -0.156798101827086 -0.134160780653219 0.137646199012554
-0.0196 0.429385525838475 -0.617273736068676 -0.55057675423105 0.0993841754332334 0.165359860776793 0.191236300627443
-0.0199999999999999 -0.303718318442127 -0.345373281559015 -0.622883248804104 -0.0608341391300996 0.392701197661446 -0.195549413896964
