# Stress and strain vectors, 333-HD-100C-11, positive deformation 6
# eps sig1 sig2 sig3 sig4 sig5 sig6
0 -0 -0 -0 -0 -0 -0
0.00019999999999979 -1.02655594909373 -0.527294717801864 -0.931220041188313 -0.0488095113237112 0.313172801465163 -0.307976073456424
0.000399999999999984 -1.36374270117976 -0.438283615749334 -1.13542895139591 -0.414720062854326 -0.132046093205135 -0.392989797725136
0.000600000000000176 -1.37615554415149 -0.710011006781921 -1.42915972677444 0.164826613015879 -0.168866673668172 -0.285352986034173
0.000799999999999966 -1.27065672011691 -0.571103913756325 -1.27469386168064 -0.229030912168133 0.313062718311474 -0.205999468011776
0.000999999999999756 -1.50620265094062 -0.770918948192717 -1.48149473246228 -0.155887350860889 -0.648952551301554 -0.439793596779495
0.00119999999999995 -1.16482887306159 -0.51213537909536 -1.33051475128056 -0.26815106593267 -0.558493905454354 -0.827361298685015
0.00140000000000014 -1.14098528246131 -0.45280150306272 -1.53751176687266 0.567021308543986 0.180652603011433 -0.348198796843073
0.00159999999999993 -1.67917121952287 -0.596351263191347 -1.7948485642147 0.303109652395794 -0.0544500125966242 -0.452545610677589
0.00180000000000012 -0.979031033681158 -0.670075893872001 -1.64282218591597 -0.0664944846477777 0.608469677111705 -0.47029761740741
0.00199999999999992 -0.911471112500822 -0.482973068524928 -1.01451150226659 -0.339596520222629 0.509781233390703 -0.44051979806963
0.00220000000000011 -0.816713942082892 -0.34231962346629 -0.986410269471418 -0.0516177096258035 -0.0156606157157628 -0.407334465167062
0.0023999999999999 -0.381969263240636 -0.494922112522915 -0.895233463417376 -0.0417266797426161 0.171840833800408 -0.6267012378113
0.0026000000000001 -1.07747944957079 -0.759250152174747 -1.36409037571004 -0.281884020557412 -0.08067432258359 -0.431533120923153
0.00279999999999989 -1.62957838608509 -0.880915287831961 -2.02108858218813 -0.0538212875016917 0.367134687893747 -0.155880903523387
0.00300000000000008 -0.616540808105093 -0.444782310907568 -1.11793685052949 -0.084408368257186 0.40832437892363 -0.251415355510065
0.00319999999999987 -1.44532224151032 -0.816673899885958 -1.33603692195069 0.207027404167052 0.18363827068569 -0.333279277381618
0.00340000000000006 -1.85657566239309 -1.04936380482425 -1.28729908765809 0.0917253000222765 0.0609621650254462 -0.232186794911631
0.00359999999999985 -1.4251484095564 -0.862301512323931 -1.24881976253809 -0.449519411818068 0.38585954644098 -0.259935764261814
0.00380000000000005 -1.11154410335285 -0.32569093190234 -1.0036480011633 -0.214832180569177 -0.136469708678813 -0.308557458548901
0.00400000000000024 -1.10369343346221 -0.562617515362419 -1.47369248635027 0.152698086581243 0.220805818340851 0.0347378907338233
0.00420000000000003 -1.15357043142302 -1.08709061424985 -1.42712683774377 -0.370990649942681 0.143054477966429 -0.360566135007017
0.00439999999999982 -0.860916124063708 -0.439009182398617 -0.995700163769123 -0.391649778095162 0.139212715999175 -0.495798032231371
0.00460000000000001 -0.631849278886382 -0.493718441520154 -0.901773021311896 -0.43467856659325 -0.4361365802947 -0.288089717065882
0.00480000000000021 -1.18146258243349 -0.852412496378069 -1.32389623249884 -0.116401391129122 -0.0933602807592285 -0.659768265055935
0.00499999999999999 -1.77372340937607 -0.683274755100592 -1.97330136567451 -0.189980490971662 -0.088309314985271 -0.267498789443295
0.00519999999999978 -0.799031991069083 -0.377431741086474 -1.33466075219811 -0.166335182193332 0.0712110146903002 -0.520979735976798
0.00539999999999998 -0.532055841655244 -0.607222599146797 -1.26917555946365 -0.0788159210719561 0.198214373352632 -0.346214667946029
0.00560000000000017 -1.50008606370429 -0.949810399539462 -2.00427183479708 0.00610552426267156 -0.0625993087687846 -0.639420793676097
0.00579999999999994 -0.625922608209936 -0.396612027692536 -0.781322880864379 0.234928906170056 -0.372272994222402 -0.620159708812002
0.00599999999999977 -1.75471355988089 -0.984651159925311 -1.67499281735303 -0.00685662192127008 -0.214206979753935 -0.532636386616363
0.00619999999999994 -1.57375395294054 -0.478592019189549 -1.13126523884466 -0.0930194281557783 -0.321922640401692 -0.630985289462667
0.00640000000000011 -0.808607486622605 0.0939999156599278 -0.779429487381924 -0.220058509177928 -0.127558440914888 -0.280342520738946
0.00659999999999994 -1.63268564862332 -0.21843506316012 -1.04282359146216 -0.102093717213805 -0.237498149677358 -0.254373312204468
0.00680000000000011 -0.970759132888557 0.025658182742642 -0.672028335743527 -0.388662829875532 -0.0196124427027351 -0.269103259176192
0.00699999999999989 -1.51611157189245 -0.632982449887639 -1.58431964636352 -0.166312851817173 -0.2729423427857 -0.515533830850969
0.00720000000000011 -0.869106529433938 0.0545202904324357 -0.771812840320707 -0.095307802759177 -0.267460586605058 -0.641374953987215
0.00739999999999989 -1.69256965775153 -0.826380430723131 -1.11975840375056 -0.451286672726461 -0.688589837132765 -0.223075127345849
0.00760000000000011 -1.1926051984044 -0.530911347696808 -0.945593343498207 -0.262151815354117 -0.458833187062602 -0.671545705613442
0.00779999999999989 -1.25568927361269 -0.668645512586896 -1.35033388261828 -0.106876544261022 -0.285314102255874 -0.365287025628742
0.00800000000000006 -0.934329027379577 -0.901656616238055 -1.41116102279445 -0.0632120742928318 -0.346596943102752 -0.550429961643505
0.00819999999999989 -1.48393914618104 -1.34793843216634 -1.89524589919437 -0.0793598150006369 -0.100319681249598 -0.170548668844268
0.00840000000000006 -0.847362630362441 -0.748493426030932 -1.02599169009225 0.222352630350739 0.40214695831578 -0.389444754189062
0.00859999999999983 -1.50756234397374 -1.14249712390168 -1.57795970302026 0.0441183173407078 0.077332397777561 -0.627989535831345
0.00880000000000006 -0.613378594894646 -0.328299715201976 -0.602045407577488 0.221161549775752 -0.362864203640888 -0.36328574535826
0.00900000000000023 -1.00337013859863 -0.34301249158736 -0.965311193689253 -0.0950641112249233 -0.0877824707429448 -0.340257750419242
0.0092 -0.812133664765019 -0.331724183210093 -1.17868694236346 -0.21410809334859 -0.00815260755049802 -0.291368697477791
0.00939999999999983 -1.4600403844762 -0.553651924419772 -0.579367305180033 -0.0601906200455452 -0.192671690955958 -0.353082199181
0.0096 -1.32602318054784 -0.0470033718569684 -0.779590039725688 0.205322225354848 -0.224796206764571 -0.285915992687098
0.00980000000000023 -1.09736793781415 -0.837010953352417 -1.35570006879498 -0.662359187260912 -0.270425316313502 -0.251051543516102
0.01 -0.506678938924204 -0.12142184167733 -0.679482821480773 -0.548663529023976 -0.488009204175107 -0.210253430038254
0.0101999999999998 -1.37958676500568 -0.160747005698185 -1.18960890883032 -0.127349902026823 -0.173609016634075 -0.477958721265586
0.0104 -1.16980966343527 -0.121388445672326 -0.824249978869928 -0.285113455974166 -0.254001914281434 -0.0923873834332597
0.0106000000000002 -0.794274157670586 -0.357821268345689 -0.661828832629342 -0.279088265744471 -0.569799342845422 -0.296429452671077
0.0107999999999999 -1.1373972581887 -0.466887628066239 -1.25655811542679 -0.0342266836964197 -0.329848296305467 -0.443072183872267
0.0109999999999998 -0.765670613459427 -0.413411518112169 -0.842624354748581 -0.481717593349608 -0.25417975029771 -0.209989960784904
0.0111999999999999 -0.868913063235941 -0.531319011745432 -1.19505193162849 0.263476185289774 0.00199964265391056 -0.362481393185704
0.0114000000000001 -1.43250515511801 -0.735526000424481 -1.5734303867862 0.191619475216668 -0.392325739150276 -0.702002446230633
0.0115999999999999 -0.410177633205684 -0.658714061281329 -1.11277175524403 0.0517491271975022 -0.280679416808013 -0.51784021257723
0.0118000000000001 -0.842721500551649 -0.430941244018769 -1.16744777347874 -0.219422537533004 -0.353311047223182 -0.273142664177463
0.0119999999999999 -0.711067380864092 -0.155936072873177 -0.943380818989769 0.101356048868275 -0.155345089267782 -0.486831137870941
0.0122000000000001 -1.84889303606318 -0.756769804755462 -1.8454262044832 0.14300380446607 0.0443829462298166 -0.768592292972844
0.0123999999999999 -2.22401862327224 -0.963482059719077 -1.95358218270707 0.286308236963 -0.592126555292771 -0.485729672344996
0.0126000000000001 -1.5277945879916 -0.337903452934295 -1.33955078480036 -0.024588197757874 -0.0900618726397623 -0.247869417182201
0.0127999999999999 -0.835019021342096 -0.667131500552879 -1.21752501403785 0.106572117836636 -0.426404145010134 -0.160499375252299
0.0130000000000001 -1.30887823085578 -0.40955536840095 -1.30886223607241 -0.126835420137769 -0.246189799894828 -0.283132152863948
0.0131999999999999 -1.17043126433126 -0.730519190972869 -1.62601235207431 -0.166566117671884 -0.145772967555685 -0.343227440711199
0.0134000000000001 -1.65252019997163 -0.533761563959547 -1.83279717580005 -0.187238688900433 -0.129649273370826 -0.787171120089043
0.0135999999999998 -0.932564988982365 -0.836723965246391 -1.21485862566134 -0.382063913367179 -0.428575471338834 -0.534957085388199
0.0138000000000001 -1.07379039629796 -0.138598057405162 -0.874309889240515 0.0232956033836873 -0.264023786016625 -0.572900639318211
0.0140000000000002 -1.49469903416379 -1.03125911394288 -1.9152124712007 0.00802586915117567 -0.376162762118824 -0.364661152566673
0.0142 -1.26097216511393 -0.291484146106257 -0.841502412128359 -0.0326600255381716 -0.248437227058831 -0.543126263236013
0.0143999999999998 -1.50519819902155 -0.813325891444573 -1.611440502528 -0.0767061118961316 -0.0643617068223523 -0.356591233340519
0.0146 -1.13232795312741 -0.506722638232201 -1.06872519266591 -0.485889687477363 -0.281480633295392 -0.646741642804454
0.0148000000000002 -1.20330049763847 -0.582710627931044 -1.14987550484193 -0.288056067448662 -0.389309462667395 -0.837937571734334
0.015 -1.34869207013524 -0.646403999131867 -1.23794308981959 0.116654457526217 -0.253794938018165 -0.487309255965985
0.0151999999999998 -0.459248013195245 -0.185896085909551 -0.746917960581109 0.143099428035282 -0.0273506377953338 -0.366420411255132
0.0153999999999999 -1.46147621298316 -0.416340981564858 -1.29973027176359 -0.346987974372855 -0.40746694090979 -0.39283042051938
0.0156000000000002 -0.958270462292908 0.132781076843133 -1.20188509865544 -0.454541104750914 -0.269482019305267 -0.381859943714786
0.0157999999999999 -1.10748479708339 -0.509202358778991 -1.28221905299243 -0.321886408541577 -0.45870193519537 -0.207401159026368
0.0159999999999997 -1.11144411626861 -0.81378863291501 -1.47361952817715 -0.378830966277948 -0.226375227516436 -0.189218006994214
0.0161999999999999 -1.16719145192549 -0.638710899823974 -1.53149447902377 0.443396861564456 -0.370449993863981 -0.262874672213908
0.0164000000000001 -0.836116179195049 -0.757261746497596 -1.27105333974593 -0.088699539657562 -0.0812181011379794 -0.30181190093232
0.0165999999999999 -0.877563713642259 -0.339780722083361 -0.611591794266773 -0.494176617183309 -0.373066648923294 -0.539061653720443
0.0168000000000001 -1.22605488742893 -0.383619563390341 -1.01267806381563 -0.315043257758516 -0.00879625704066941 -0.457053040607661
0.0169999999999999 -1.70557642462592 -0.571709477012613 -1.33466515078942 -0.167279802686801 -0.493613149718784 -0.266852112578366
0.0172000000000001 -1.42754729698566 -0.921395575168691 -1.43799692252046 0.190067527566003 -0.170674838628039 -0.00663155732238205
0.0173999999999999 -1.47263260455281 -0.442857326604094 -1.20030839763629 -0.423965867103403 -0.549534103499625 -0.286567068918346
0.0176000000000001 -1.10840757119825 -0.00244432895258722 -1.04913097255312 -0.0801238265278807 -0.250633438947846 -0.0589103941447742
0.0177999999999999 -0.762581572374352 -0.181361436194019 -0.712392993889583 -0.267476962093045 -0.409714018949111 -0.0995963428581278
0.0180000000000001 -0.962168589531112 0.337157930350327 -0.612370368166066 -0.0183481347789422 -0.0174171440237011 -0.154780543254174
0.0181999999999998 -1.09607614486583 -0.393940863040366 -1.34376079490481 -0.219771787266938 -0.138704266929065 -0.0849579659637861
0.0184000000000001 -0.967657467262069 -0.656666928154819 -1.04669361997132 0.112511214148968 -0.301985864525136 0.10122705481435
0.0185999999999998 -0.861798228487006 -0.719926662203114 -1.37936016350114 -0.19675202908419 -0.325235739926589 -0.295725104317473
0.0188000000000001 -1.41536193738893 -0.543422896169628 -1.51310638231059 -0.586571506806735 -0.415951041289576 -0.410447192607516
0.0190000000000002 -1.35636049407972 -0.227836313175736 -1.19256639682684 -0.0763486021268588 -0.0415211916398 -0.0969297845670884
0.0192 -0.991635003286842 -0.282407134355418 -1.05493211757081 -0.356439306110617 -0.181685100491031 -0.203372885714355
0.0193999999999998 -1.64790957600467 -0.623507759628588 -1.58792939854507 0.0459317837610995 -0.012981730918428 -0.317253573062752
0.0196 -1.51151015875634 -0.496823978836627 -1.46188466353368 0.300697533005317 -0.418311309490095 -0.603058433669741
0.0198000000000002 -0.953256009140039 -0.400236252965305 -1.16450910934532 -0.23607703695315 -0.0307734788291922 -0.314340270045432
0.02 -0.978374344285456 -0.633962980196485 -1.2358381256641 -0.456009952284066 -0.159042492937924 -0.169736436099583
