# 20eq+50run
123455
Voigt notation:
Bulk modulus: 71.1844 Gpa
Shear modulus: 43.7086 Gpa
Young's modulus: 108.8476 Gpa
Poisson's ratio: 0.2452

123456
Voigt notation:
Bulk modulus: 148.3418 Gpa
Shear modulus: 34.2643 Gpa
Young's modulus: 95.4442 Gpa
Poisson's ratio: 0.3928

Crystal is mechanically unstable: stiffness marix is not positive definite.

# 20eq+200run
123456
Voigt notation:
Bulk modulus: 161.3292 Gpa
Shear modulus: 20.6831 Gpa
Young's modulus: 59.5064 Gpa
Poisson's ratio: 0.4385

Crystal is mechanically unstable: stiffness marix is not positive definite.

# 100eq+1000run
Voigt notation:
Bulk modulus: 149.8903 Gpa
Shear modulus: 43.4377 Gpa
Young's modulus: 118.8338 Gpa
Poisson's ratio: 0.3679