# Stress and strain vectors, 333U-50C-26_eq, negative deformation 6
# eps sig1 sig2 sig3 sig4 sig5 sig6
0 -0 -0 -0 -0 -0 -0
-0.000399999999999981 0.404018219044719 0.365045508859628 0.100726310431195 -0.270276723345287 -0.0990749408197105 -0.127722721019234
-0.00079999999999996 0.419269756926516 0.626747027357703 0.252434812568915 -0.275691719820726 0.224082669045576 -0.175751347092397
-0.00119999999999994 0.0520492888392714 -0.213433152770238 0.195792507453503 -0.12005784797853 0.336922979086568 -0.138639019417464
-0.00159999999999992 0.913822862078117 0.179528474463067 0.48280649200731 -0.342051767178881 0.121741082055835 -0.33489956370697
-0.0019999999999999 0.303745427256987 0.19755014239915 0.385108934239695 -0.251845138760198 0.166742568543682 -0.38539364890357
-0.00239999999999989 0.449301331994829 0.342618264866514 0.558622527796821 -0.0497981002164761 -0.239495611258757 -0.227120179216387
-0.00279999999999986 0.393862998866959 0.469368772231375 0.436877214804175 -0.209846896216461 -0.0100414768048275 -0.394760755857809
-0.00320000000000005 0.139321880975011 0.0582544869696816 0.208378790036724 -0.234873518758557 0.183202744642083 -0.265215470729125
-0.00360000000000003 0.0607134448440363 0.567963136015658 0.639032120828075 -0.143629159267819 0.503028375432934 -0.0389217250532929
-0.00400000000000001 -0.12630249611579 0.015914931411814 0.237482648170024 -0.32263136842973 0.334827708844063 -0.144498752977087
-0.00439999999999999 0.690184481207846 0.124427508347665 0.528995620790503 -0.25615230553937 0.176263805114685 0.065659265206211
-0.00479999999999997 -0.156192854229767 0.028230123055898 0.566877264584675 -0.13178835146322 0.162331148289196 0.203691361008047
-0.00520000000000015 0.232317933181901 0.436385200216513 0.542280864133318 -0.275776939512147 0.253643560124896 0.0344796789677227
-0.00560000000000014 0.0419778159321623 0.573728898494502 0.20450893607801 -0.141942989178265 0.138868707216853 -0.153724120354679
-0.00600000000000011 0.436428606688499 0.682892703687519 0.975325448203477 -0.197137626777394 0.186208289219174 -0.288393489401231
-0.00640000000000011 -0.326190031104355 -0.288794219705222 0.643765854570136 -0.318233909288019 0.295954109521861 -0.0420875755930843
-0.00680000000000006 0.577292404278062 -0.170503230703891 0.0688172716354376 -0.12169081011348 0.057053472349359 -0.066332603390971
-0.00720000000000006 0.320845266545418 -0.149189849963411 0.307319149468378 -0.282578507246856 -0.0424463909916574 -0.054415276264428
-0.00760000000000006 0.275584239677153 -0.313738847715188 -0.0365839177057058 -0.206804396035987 0.0228818770601072 -0.112713549063316
-0.008 0.278436566385761 0.232165366305193 0.81905193261514 -0.22889958179476 0.125152946663318 -0.246960565521516
-0.0084 0.245920160568319 0.631718501677587 0.376278069862087 -0.115318837370671 -0.011322291845983 0.0599226920450458
-0.0088 -0.128472562423781 0.176189748971941 0.19633169834755 -0.140357823237357 0.277875811826544 0.0543784903733207
-0.00919999999999994 0.31606342244242 0.288959460274159 0.577461836816408 -0.176628573855002 0.236933066232143 -0.136381280774871
-0.00959999999999994 0.0318144104373939 -0.421149419438112 -0.0280995295982121 -0.250433275909864 0.146910329133849 -0.0327601641817451
-0.00999999999999994 0.397996076305013 0.267078438429186 0.327094955704232 -0.353249441705182 -0.0745515625981975 -0.238868391541344
-0.0103999999999999 0.169384836821484 0.231798759076387 0.44555971442808 -0.0760501142377194 0.0522824111402684 -0.177481608230874
-0.0107999999999999 -0.365343378450757 -0.161049404696673 0.42124261164037 -0.367946029508057 0.0175484461274044 -0.133636007662209
-0.0112000000000001 0.280015256225447 0.156600810205633 0.259717873734113 -0.292848330972242 0.153807270406039 -0.0221128043054606
-0.0116000000000001 0.0483559189885752 0.343709518872845 0.375885582875954 -0.106960748832436 0.172775054747713 -0.24333826310257
-0.012 0.0263489865932075 0.337596885391662 0.0326685941004404 0.0593876662083277 0.105122483846149 0.0606190950504374
-0.0124 0.383319068523842 -0.0362457140905886 0.537017731999788 -0.151593986617861 -0.0862192160066006 -0.316352448366237
-0.0128 0.576575440498564 0.777259134933536 0.955848468829166 -0.303816945825242 0.129701046610961 -0.360212376591021
-0.0132000000000002 0.268314884128212 0.64417266047415 0.202976056667466 -0.445545262818051 -0.212630023793729 -0.319014339063724
-0.0136000000000002 -0.026794526649496 0.373458617326543 0.394533555346345 -0.0523469445938267 0.0716348152717951 -0.291521276493987
-0.0140000000000001 0.752956469446952 0.283089576128127 -0.180141307202711 -0.100118527464252 0.2426458856089 -0.358200550229966
-0.0144000000000001 -0.0888396670308652 0.32841311499161 0.475538894748057 0.0154106344504612 0.25717155920578 -0.174541296455239
-0.0148000000000001 0.0327322511413589 0.59241849400108 0.471214223785823 -0.23240382206334 -0.026976388045711 -0.19845126860347
-0.0152000000000001 0.368035500935944 0.895226030084566 1.08564638297225 -0.226503624941008 -0.0154544437890998 -0.488918694022942
-0.0156000000000001 0.904100556569359 0.473478670666641 0.608399396947791 0.177139106672069 0.185141882631073 -0.631969903816455
-0.0160000000000001 0.305253549440771 0.598137044801053 0.435312367523072 0.0326528251755201 0.117158600628935 -0.588516840177126
-0.0164 0.0623836724761195 0.0909636143589331 0.354630776957685 -0.087192077660567 -0.0277428615483834 -0.432467253304045
-0.0168 0.307422202236205 0.330030023990737 0.071617873734516 -0.0943410827035817 0.113542881728775 -0.152607845738812
-0.0172 0.322469565767244 0.648067144726168 0.53095517113525 0.0561259430079809 -0.131656025451453 -0.141213792543947
-0.0175999999999999 0.335190271909566 0.593050485032996 0.497585154481987 -0.114985404052171 0.0901801044233831 -0.387130927041155
-0.0179999999999999 0.206485632763418 0.603554635885167 0.817011678802323 -0.112805264249177 -0.0544898849973668 -0.0115603153375224
-0.0183999999999999 0.0871663276465874 0.730957429128242 0.638700351313928 -0.151604653425854 -0.160301406154799 -0.255866836775858
-0.0187999999999999 -0.0858043611567282 -0.0633848901775932 0.134822143546139 0.128366285702098 0.167920911338164 -0.390586983030541
-0.0192000000000001 0.496414199459889 0.465578123879741 0.536825946990865 0.0695279791387495 -0.0200557589786815 -0.377303613254676
-0.0196000000000001 0.860356669178318 1.1150656530145 0.289871658842423 -0.260556232371375 -0.0434930327423002 -0.393795466597282
-0.0200000000000001 0.0866288169675169 0.137208909702663 -0.0306570600905115 -0.201193640485286 0.0225196329815703 -0.29678344268072
