# Stress and strain vectors, 333U-50C-5-vasp, negative deformation 4
# eps sig1 sig2 sig3 sig4 sig5 sig6
0 -0 -0 -0 -0 -0 -0
-0.00399999999999991 0.755296192090021 1.07443539612806 0.442550193910624 0.337843272646424 -0.0562553121769634 0.211072882902853
-0.00799999999999987 0.931436225370562 1.07206731582153 0.00285702451931904 0.110377194057995 0.0286893563556543 0.490571354378256
-0.0119999999999999 1.19240015964759 0.916286825715629 0.306989920298967 0.0726095190441333 -0.255618016500553 0.465957956728964
-0.0159999999999999 0.892439281670095 1.152496951988 0.518934723869812 0.138176504224996 -0.147047444560362 0.335148975275578
-0.0199999999999999 0.733667270184536 0.699838299434186 0.067295298784419 0.219970091463736 -0.0778135010391055 0.102648934808789
-0.0240000000000001 0.615135117602393 0.567072759321406 0.412871104392378 0.0338407908560765 -0.294041428736301 0.294542649197968
-0.0280000000000001 1.01030664754954 1.14457266444498 0.804663715876712 0.226101770465903 0.0934978847986901 0.284662399207325
-0.0320000000000001 1.41016332408505 1.07071177743734 0.807747893295012 0.264033964604803 -0.20553247351901 0.304048056746041
-0.0360000000000001 1.14715389632889 0.833306590550638 0.221707875789261 0.14252659256639 -0.125581817549307 0.307583758891231
-0.0400000000000001 0.726538287718118 1.01314190413933 0.281354636801571 -0.0229391349877481 -0.124560833076937 0.0890693015205574
-0.0440000000000001 1.09379244382035 0.523207956852018 0.312609473471469 0.31420968762869 -0.215974448075407 0.297918191708173
-0.0480000000000001 0.768696210856492 1.12446076508964 0.203109282355279 -0.273827718956206 -0.128727665559737 0.271178614661322
-0.0520000000000001 0.905328002906735 1.06775515869276 0.194927704392873 -0.0896956285214028 -0.108236120813366 0.309130458583749
-0.0560000000000001 0.738158983547987 1.26290348131666 0.182663254100932 -0.267979483909519 -0.130391484392101 0.158417249568868
-0.0600000000000001 0.678119463228832 0.970030853357733 0.254843070955547 -0.17952849341194 0.0561869639440517 0.422601074888266
-0.064 0.902060316287069 1.61139321009787 0.435428583940569 -0.371049262098552 0.0133059377328072 0.544320615713062
-0.068 0.871573330859418 1.6364560436528 0.634878475484063 0.132767146745454 -0.230388770314085 0.467998292177302
-0.072 0.238647024530822 1.4974680041223 0.327883843884146 0.0706002888327388 -0.0961518658239186 0.170127307517984
-0.076 0.400774396987171 1.26324051903686 0.1815385459119 -0.0994214040191603 -0.160077399419716 0.25099043006251
-0.08 0.425361134052315 1.38750229617764 0.139353551817974 -0.271121802530039 -0.255754685337106 0.247416758057681
-0.084 0.577859518448202 1.40252799950586 -0.194638794371914 -0.287269567206619 0.162781438953279 0.11996617769328
-0.088 0.665456787896002 1.3873825379096 -0.0972965583307221 -0.33402884773757 -0.0286899260609903 0.340303932196683
-0.092 -0.162767563295777 0.682071797511344 -0.654129516064361 -0.401794530192176 0.0792721737775076 0.122343645262078
-0.096 -0.0570678624868633 1.00395534401226 -0.526424537101607 -0.413726913664239 0.0236240412682371 0.452540496694252
-0.1 0.680127360592915 1.45905288645521 0.311862792204594 -0.208485281579192 0.100492081057002 0.415952552157183
-0.104 0.13612885593429 0.881137706261047 0.0243034743724679 -0.473061537350775 0.237186529108878 0.286381052329015
-0.108 0.249306867781515 1.03367408181361 0.230086760162873 -0.321207813115723 0.129297926746982 0.250335902854623
-0.112 -0.104921839375913 1.01724173024038 -0.0441409767173531 -0.371041759362766 -2.48596198002452e-05 0.248546053925497
-0.116 0.348860514201897 1.63834124029173 0.0295289896814887 -0.582380946830211 0.0939002686862857 0.239526298342631
-0.12 0.409547233379485 1.31098495005301 -0.150020128264562 -0.644748274195595 0.113977893158886 0.21745218069937
-0.124 0.205402303758504 0.845077239669101 -0.32676878191376 -0.271916498342093 -0.0313221933893422 0.196206723395263
-0.128 0.0567253060602717 0.948530923283978 -0.290166676182874 -0.422583811715965 -0.0892404344930703 0.229620381456036
-0.132 0.811361790245907 0.936513671442749 0.316993365312014 -0.457652141855875 -0.255088255124443 0.123800939163244
-0.136 0.863711361289399 1.43850154620938 0.284740285822527 -0.523344011036351 -0.29152251479344 0.228365829695073
-0.14 0.428496609354713 1.63015561153347 0.152184882104711 -0.470856159420681 -0.144858174876144 0.155069828771756
-0.144 0.158020978898323 1.18980154275437 -0.0799794952935807 -0.643999741043409 -0.06370881650124 0.424240636685704
-0.148 0.2803455079465 1.27968343409423 0.224340677911159 -0.665414095511852 -0.10445704350302 0.539859277626198
-0.152 0.283995716479869 1.28275713536097 -0.380132719521553 -0.746262680779241 0.105134041303144 0.427220917129433
-0.156 0.448393750728206 0.784498399110062 -0.427731091224968 -0.790307518299755 0.130586848637827 0.357583664110527
-0.16 0.516750555842541 1.1858180704164 0.134800453265638 -0.783251982244348 0.129810631102508 0.0606292623423845
-0.164 0.453648893812298 1.52859681263059 0.254342631419928 -0.849912364762272 0.171082348669228 0.184208726536365
-0.168 1.04111065689072 1.34879854703341 0.436296439102911 -0.886241359719231 -0.196026939288628 0.221297966212679
-0.172 0.571766618911382 1.31299353091563 0.21017804811395 -0.696447730064428 -0.206637685927575 0.04628878367387
-0.176 -0.0221800142479733 0.698817149549906 -0.386577176709477 -0.572459827133053 -0.134070703531127 0.445581829435743
-0.18 0.261858742174508 1.34775544110936 0.00460520690372553 -0.632741635825588 -0.178842301171459 0.273888903308625
-0.184 0.971343911581009 1.04222956211334 0.130807152073603 -0.919991638210275 -0.257801232792022 0.269252124839102
-0.188 0.883354579820924 1.20939913558239 -0.0749328405421158 -0.510014127656482 -0.139273780992605 0.27736747629837
-0.192 0.420302730673098 0.918626436017702 -0.224150629836424 -0.899745671019407 0.177774299805193 0.37206561802284
-0.196 0.497958363774881 1.45846513399642 0.0921425305568344 -0.739321658853913 -0.153794765349489 0.653897170923192
-0.2 0.584967455934874 1.00524119434305 -0.161906965524532 -0.686679262683986 -0.328197492120885 0.187815274017166
