# Time-averaged data for fix myMSD
# TimeStep MSD_X MSD_Y MSD_Z MSD_Total Temperture
100 0.0155635 0.0138947 0.0150963 0.0445546 182.48
200 0.0604334 0.0548678 0.0644673 0.179769 215.273
300 0.109875 0.0858603 0.112273 0.308008 272.581
400 0.136502 0.0931718 0.141706 0.37138 315.4
500 0.168357 0.134577 0.188855 0.491789 326.99
600 0.226474 0.192646 0.221922 0.641042 325.401
700 0.261028 0.212915 0.257819 0.731762 307.915
800 0.290494 0.260104 0.302925 0.853523 308.426
900 0.305123 0.265978 0.306829 0.877929 297.82
1000 0.315929 0.29454 0.297632 0.908101 288.99
1100 0.319948 0.333849 0.315312 0.969109 326.346
1200 0.352553 0.362137 0.360883 1.07557 329.628
1300 0.365207 0.389066 0.349051 1.10332 324.959
1400 0.400096 0.409311 0.383815 1.19322 308.482
1500 0.421337 0.438244 0.4263 1.28588 305.028
1600 0.462864 0.455198 0.434494 1.35256 295.447
1700 0.482971 0.453903 0.474331 1.4112 294.85
1800 0.487464 0.456268 0.486764 1.4305 298.152
1900 0.514193 0.505697 0.534625 1.55452 306.294
2000 0.541451 0.585256 0.593368 1.72008 299.238
2100 0.552248 0.596768 0.578878 1.72789 307.739
2200 0.57898 0.59546 0.603299 1.77774 309.673
2300 0.605139 0.579359 0.621667 1.80617 310.835
2400 0.641774 0.582003 0.669645 1.89342 304.58
2500 0.692922 0.589443 0.70414 1.9865 311.344
2600 0.715527 0.61725 0.733024 2.0658 352.365
2700 0.775771 0.645353 0.744637 2.16576 337.918
2800 0.786994 0.687208 0.756167 2.23037 315.21
2900 0.737917 0.715894 0.763654 2.21746 297.227
3000 0.778119 0.705405 0.753269 2.23679 282.112
3100 0.76994 0.693523 0.803689 2.26715 294.905
3200 0.738676 0.726944 0.814712 2.28033 305.023
3300 0.780194 0.744839 0.799494 2.32453 307.866
3400 0.801125 0.74686 0.787656 2.33564 311.796
3500 0.830317 0.766496 0.806466 2.40328 293.011
3600 0.87514 0.750767 0.787786 2.41369 314.339
3700 0.883263 0.701581 0.799629 2.38447 314.775
3800 0.885096 0.741433 0.846261 2.47279 311.799
3900 0.833002 0.765301 0.849541 2.44784 305.31
4000 0.828396 0.790398 0.808384 2.42718 298.661
4100 0.798063 0.805921 0.763878 2.36786 296.846
4200 0.755071 0.758019 0.772298 2.28539 309.302
4300 0.727016 0.759456 0.760769 2.24724 300.167
4400 0.751231 0.799514 0.725747 2.27649 291.987
4500 0.746001 0.776834 0.696642 2.21948 303.961
4600 0.775953 0.806561 0.678015 2.26053 300.226
4700 0.762936 0.848206 0.707668 2.31881 306.003
4800 0.746059 0.877282 0.738847 2.36219 299.4
4900 0.770537 0.897753 0.763332 2.43162 290.359
5000 0.729078 0.87637 0.774743 2.38019 295.108
5100 0.700937 0.879699 0.780716 2.36135 301.992
5200 0.740484 0.889174 0.780412 2.41007 310.854
5300 0.775148 0.863908 0.803639 2.4427 311.418
5400 0.746783 0.85197 0.806352 2.4051 308.892
5500 0.734019 0.84813 0.793688 2.37584 292.903
5600 0.722342 0.821301 0.784998 2.32864 289.887
5700 0.767983 0.800626 0.800706 2.36932 303.625
5800 0.816181 0.799327 0.80958 2.42509 311.803
5900 0.825337 0.832173 0.784673 2.44218 301.668
6000 0.817334 0.838735 0.766766 2.42283 285.832
6100 0.807632 0.839968 0.754783 2.40238 338.59
6200 0.777993 0.817586 0.709786 2.30537 323.063
6300 0.775625 0.823924 0.695506 2.29506 317.7
6400 0.809483 0.82779 0.683256 2.32053 301.916
6500 0.803797 0.836362 0.684643 2.3248 290.071
6600 0.756146 0.795065 0.703887 2.2551 294.048
6700 0.785228 0.772287 0.7027 2.26022 306.967
6800 0.78153 0.789991 0.695706 2.26723 308.463
6900 0.79352 0.81206 0.716833 2.32241 297.955
7000 0.757292 0.81504 0.706142 2.27847 291.994
7100 0.787456 0.832585 0.706673 2.32671 309.179
7200 0.783639 0.835584 0.707787 2.32701 296.857
7300 0.788786 0.842904 0.707864 2.33955 300.956
7400 0.758043 0.857686 0.711029 2.32676 293.085
7500 0.759159 0.849179 0.714022 2.32236 292.716
7600 0.783953 0.840339 0.724045 2.34834 294.963
7700 0.777154 0.85655 0.745032 2.37874 305.643
7800 0.771695 0.891347 0.733308 2.39635 305.349
7900 0.806835 0.896534 0.744682 2.44805 312.959
8000 0.805806 0.875607 0.772831 2.45424 305.727
8100 0.790319 0.862203 0.80913 2.46165 291.829
8200 0.799161 0.877598 0.814041 2.4908 287.339
8300 0.784902 0.899934 0.77397 2.45881 305.732
8400 0.774 0.911842 0.765801 2.45164 315.003
8500 0.806446 0.90686 0.779861 2.49317 295.199
8600 0.836407 0.899636 0.767193 2.50324 300.814
8700 0.823838 0.899642 0.716558 2.44004 297.795
8800 0.782635 0.880959 0.715486 2.37908 300.481
8900 0.747463 0.844754 0.742276 2.33449 298.266
9000 0.755263 0.842409 0.731135 2.32881 317.842
9100 0.764364 0.851698 0.741496 2.35756 322.913
9200 0.757797 0.860587 0.747048 2.36543 310.351
9300 0.76497 0.857497 0.722501 2.34497 299.925
9400 0.799703 0.855029 0.736402 2.39113 298.743
9500 0.797849 0.85232 0.742955 2.39312 294.233
9600 0.796441 0.878936 0.752712 2.42809 291.562
9700 0.820712 0.907513 0.798742 2.52697 308.385
9800 0.867872 0.904238 0.829969 2.60208 309.496
9900 0.877909 0.879769 0.874787 2.63247 301.77
10000 0.855146 0.866813 0.880522 2.60248 288.59
10100 0.819193 0.863728 0.832962 2.51588 287.065
10200 0.813695 0.863328 0.788934 2.46596 296.125
10300 0.799694 0.872264 0.806884 2.47884 292.461
10400 0.775834 0.846681 0.804661 2.42718 302.829
10500 0.78283 0.819842 0.785702 2.38837 309.691
10600 0.731096 0.848805 0.774484 2.35439 294.729
10700 0.756228 0.8609 0.746093 2.36322 290.449
10800 0.787833 0.88143 0.750641 2.4199 286.599
10900 0.79039 0.871554 0.742671 2.40462 294.81
11000 0.785905 0.871078 0.729023 2.38601 304.559
11100 0.820086 0.861754 0.731988 2.41383 310.44
11200 0.828407 0.893011 0.767187 2.48861 293.931
11300 0.846847 0.917439 0.788306 2.55259 290.491
11400 0.830339 0.903859 0.773222 2.50742 296.658
11500 0.789593 0.912018 0.772822 2.47443 294.67
11600 0.820305 0.901136 0.772615 2.49406 305.525
11700 0.817614 0.86352 0.798184 2.47932 307.381
11800 0.808089 0.865094 0.825402 2.49859 301.407
11900 0.789344 0.887893 0.829732 2.50697 299.435
12000 0.81429 0.904654 0.814617 2.53356 284.435
12100 0.814641 0.905572 0.817007 2.53722 290.766
12200 0.789478 0.872621 0.78697 2.44907 303.207
12300 0.783983 0.874283 0.76931 2.42758 297.733
12400 0.783645 0.852182 0.768676 2.4045 308.177
12500 0.783028 0.852278 0.739296 2.3746 302.743
12600 0.762067 0.864598 0.730636 2.3573 287.134
12700 0.783485 0.886305 0.728452 2.39824 289.951
12800 0.808464 0.887804 0.737322 2.43359 299.758
12900 0.824981 0.869625 0.742217 2.43682 305.7
13000 0.818575 0.863648 0.757306 2.43953 300.373
13100 0.813233 0.870155 0.760104 2.44349 303.896
13200 0.796787 0.874265 0.796128 2.46718 298.438
13300 0.779542 0.865813 0.815691 2.46105 281.697
13400 0.763843 0.878249 0.831745 2.47384 287.012
13500 0.767883 0.909312 0.877775 2.55497 303.289
13600 0.788775 0.88148 0.905558 2.57581 303.91
13700 0.797311 0.866742 0.862602 2.52666 299.52
13800 0.81516 0.875557 0.835939 2.52666 294.16
13900 0.822543 0.871485 0.830002 2.52403 292.892
14000 0.790047 0.840865 0.806113 2.43702 295.85
14100 0.759733 0.814374 0.808527 2.38263 309.985
14200 0.756316 0.825439 0.815413 2.39717 310.273
14300 0.784811 0.830193 0.796658 2.41166 300.31
14400 0.798026 0.837843 0.800846 2.43672 289.101
14500 0.79127 0.834963 0.82763 2.45386 289.65
14600 0.825484 0.840839 0.837011 2.50333 302.437
14700 0.823071 0.843512 0.840479 2.50706 309.377
14800 0.796751 0.855535 0.855048 2.50733 299.022
14900 0.782057 0.864239 0.895208 2.5415 279.56
15000 0.797759 0.882568 0.91905 2.59938 285.722
15100 0.856916 0.897245 0.950584 2.70475 289.828
15200 0.87368 0.912981 0.954399 2.74106 301.324
15300 0.910539 0.875808 0.940366 2.72671 306.89
15400 0.900945 0.855086 0.879692 2.63572 295.844
15500 0.865582 0.871537 0.854174 2.59129 290.065
15600 0.87344 0.89858 0.894647 2.66667 281.178
15700 0.886421 0.92078 0.875729 2.68293 289.464
15800 0.838551 0.882937 0.814974 2.53646 297.76
15900 0.827865 0.849398 0.791839 2.4691 308.486
16000 0.829405 0.867437 0.817659 2.5145 301.73
16100 0.82382 0.875161 0.812005 2.51099 292.32
16200 0.806549 0.86317 0.819899 2.48962 290.381
16300 0.816902 0.863285 0.860286 2.54047 296.75
16400 0.848126 0.872275 0.885995 2.6064 311.579
16500 0.845075 0.861561 0.900813 2.60745 312.439
16600 0.821814 0.855523 0.890373 2.56771 293.054
16700 0.820068 0.853153 0.850888 2.52411 292.366
16800 0.847011 0.872151 0.868748 2.58791 302.792
16900 0.866713 0.941291 0.885362 2.69337 318.991
17000 0.893242 0.934446 0.880417 2.70811 312.15
17100 0.917319 0.949882 0.855705 2.72291 312.362
17200 0.963744 0.973156 0.887039 2.82394 304.649
17300 0.932727 0.940536 0.93782 2.81108 300.165
17400 0.950222 0.916878 0.974544 2.84164 286.639
17500 0.963999 0.899666 1.00525 2.86891 302.918
17600 0.947962 0.87798 1.02044 2.84638 308.205
17700 0.912632 0.882366 0.987902 2.7829 316.029
17800 0.94167 0.892507 0.925582 2.75976 302.707
17900 0.944051 0.861061 0.91351 2.71862 297.601
18000 0.895798 0.864691 0.862218 2.62271 296.972
18100 0.890755 0.831599 0.850803 2.57316 293.071
18200 0.921451 0.838239 0.833894 2.59358 306.279
18300 0.919207 0.854366 0.846951 2.62052 309.329
18400 0.888666 0.866632 0.827577 2.58287 307.367
18500 0.885585 0.852981 0.851119 2.58968 301.873
18600 0.877489 0.848363 0.855749 2.5816 295.882
18700 0.892556 0.844003 0.849538 2.5861 302.173
18800 0.905606 0.838642 0.853302 2.59755 295.906
18900 0.940243 0.848541 0.824816 2.6136 310.165
19000 0.972696 0.837654 0.846412 2.65676 316.872
19100 0.962183 0.843578 0.879709 2.68547 311.67
19200 0.964191 0.831346 0.878349 2.67388 328.46
19300 0.980866 0.821742 0.875774 2.67838 305.368
19400 0.922429 0.829606 0.924179 2.67621 291.675
19500 0.856745 0.83182 0.919999 2.60856 296.599
19600 0.861472 0.853581 0.925996 2.64105 298.646
19700 0.957954 0.883248 0.916997 2.7582 316.303
19800 0.962532 0.854061 0.892527 2.70912 316.4
19900 0.973356 0.848751 0.929409 2.75152 300.043
20000 0.985626 0.85558 0.940357 2.78156 300.498
20100 0.977111 0.830341 0.925411 2.73286 299.411
20200 0.956218 0.809568 0.936776 2.70256 290.937
20300 0.921948 0.815486 0.895964 2.6334 299.887
20400 0.92142 0.837686 0.928162 2.68727 305.141
20500 0.911323 0.820057 0.945973 2.67735 313.975
20600 0.88305 0.834097 0.940235 2.65738 306.995
20700 0.897096 0.833706 0.922729 2.65353 296.578
20800 0.8911 0.797478 0.928664 2.61724 292.107
20900 0.88698 0.806226 0.950017 2.64322 299.448
21000 0.898446 0.808692 0.95238 2.65952 306.402
21100 0.923338 0.797259 0.916661 2.63726 311.56
21200 0.887592 0.769297 0.889078 2.54597 294.915
21300 0.853436 0.780842 0.939907 2.57418 293.763
21400 0.858841 0.798778 0.972575 2.63019 304.916
21500 0.916241 0.81181 0.975903 2.70395 295.808
21600 0.932727 0.81027 0.977279 2.72028 298.414
21700 0.973376 0.842251 0.987839 2.80347 305.126
21800 0.990024 0.854996 0.989022 2.83404 300.312
21900 0.933856 0.8077 0.973716 2.71527 301.705
22000 0.939407 0.757974 0.962639 2.66002 296.753
22100 0.949409 0.764159 0.951418 2.66498 301.734
22200 0.929745 0.817583 0.997272 2.7446 297.608
22300 0.934388 0.843282 1.00558 2.78325 295.351
22400 0.903025 0.819563 0.967007 2.6896 297.467
22500 0.876332 0.813247 0.941634 2.63121 305.569
22600 0.882608 0.817404 0.95049 2.6505 318.41
22700 0.900904 0.843037 0.980154 2.72409 310.727
22800 0.920136 0.831644 1.00388 2.75566 294.87
22900 0.943502 0.831729 0.983128 2.75836 300.531
23000 0.96987 0.815881 1.03372 2.81947 318.621
23100 0.975758 0.83703 1.09693 2.90972 312.291
23200 0.985087 0.872594 1.06648 2.92416 301.662
23300 0.962965 0.866021 1.02436 2.85334 293.741
23400 0.957036 0.870246 0.997041 2.82432 288.251
23500 0.949725 0.845929 0.958772 2.75443 304.66
23600 0.985394 0.842526 0.974644 2.80256 310.26
23700 0.999947 0.817702 0.97474 2.79239 296.262
23800 1.02231 0.832992 0.950577 2.80588 295.478
23900 1.01756 0.83982 0.99212 2.8495 285.243
24000 0.98812 0.82787 1.01635 2.83234 286.212
24100 0.973643 0.811251 0.998888 2.78378 305.804
24200 0.966342 0.809103 1.01106 2.7865 301.687
24300 0.952933 0.818067 1.00596 2.77696 305.669
24400 0.95918 0.825648 1.03974 2.82457 294.657
24500 0.936577 0.822658 1.05782 2.81706 292.424
24600 0.904353 0.800912 1.02452 2.72979 282.748
24700 0.911803 0.782254 1.00899 2.70305 291.589
24800 0.893858 0.776769 0.966898 2.63752 295.562
24900 0.908529 0.771132 0.947425 2.62709 300.673
25000 0.941587 0.790038 0.952154 2.68378 315.148
25100 0.923822 0.789876 0.956796 2.67049 292.603
25200 0.880434 0.800568 0.942473 2.62347 294.118
25300 0.902772 0.788501 0.964755 2.65603 297.498
25400 0.895452 0.763098 0.962637 2.62119 297.491
25500 0.880584 0.740317 0.976936 2.59784 299.571
25600 0.874673 0.742714 0.979733 2.59712 310.283
25700 0.874379 0.738929 0.974555 2.58786 322.353
25800 0.887408 0.734293 0.96794 2.58964 307.689
25900 0.896787 0.753788 1.01705 2.66763 290.497
26000 0.935433 0.769761 1.02854 2.73373 302.147
26100 0.979873 0.807188 1.01906 2.80612 303.084
26200 1.00165 0.801766 1.04835 2.85177 294.695
26300 0.997496 0.77619 1.03007 2.80375 284.852
26400 1.00956 0.764812 1.00964 2.78401 290.336
26500 0.985713 0.765356 0.988092 2.73916 305.691
26600 0.964679 0.735062 0.977875 2.67762 310.702
26700 0.975706 0.761235 0.998864 2.73581 295.893
26800 0.940539 0.774868 1.02156 2.73697 295.506
26900 0.882173 0.760929 1.01181 2.65491 307.193
27000 0.877579 0.77132 1.00933 2.65823 326.053
27100 0.89249 0.803971 1.00266 2.69912 313.786
27200 0.893391 0.844576 0.978774 2.71674 296.668
27300 0.91959 0.830268 1.0131 2.76296 299.582
27400 0.95032 0.818696 1.03183 2.80084 300.948
27500 0.943782 0.845705 1.04524 2.83473 291.517
27600 0.944773 0.868487 1.06958 2.88284 294.049
27700 0.944939 0.854996 1.08431 2.88425 290.294
27800 0.940646 0.842906 1.07126 2.85481 312.056
27900 0.903071 0.85396 1.02069 2.77772 313.287
28000 0.890641 0.856372 0.979029 2.72604 292.338
28100 0.89528 0.827011 0.975552 2.69784 294.176
28200 0.878267 0.786788 1.00457 2.66962 307.083
28300 0.88371 0.781442 0.964846 2.63 310.226
28400 0.885575 0.811094 0.940673 2.63734 305.378
28500 0.894602 0.830217 0.960326 2.68515 292.238
28600 0.919043 0.839789 0.953859 2.71269 290.586
28700 0.913413 0.830004 0.91591 2.65933 301.247
28800 0.8916 0.784603 0.942439 2.61864 318.675
28900 0.922485 0.807629 0.978703 2.70882 319.259
29000 0.952076 0.850272 1.03158 2.83393 302.693
29100 0.944999 0.841713 1.03011 2.81682 295.095
29200 0.958713 0.84117 1.01862 2.8185 302.534
29300 0.97245 0.880022 1.02776 2.88023 296.602
29400 0.948327 0.913596 1.02416 2.88608 310.744
29500 0.930375 0.90526 1.01365 2.84928 315.171
29600 0.961181 0.9045 0.971189 2.83687 305.465
29700 0.984409 0.887388 0.966417 2.83821 299.96
29800 1.03566 0.861872 0.985707 2.88324 301.605
29900 1.01786 0.875878 1.0244 2.91814 289.005
30000 1.00103 0.906919 1.00176 2.9097 305.542
30100 1.05236 0.908398 0.984916 2.94567 312.268
30200 1.06911 0.948455 0.989445 3.00701 308.15
30300 1.01591 0.932166 0.976228 2.92431 297.105
30400 1.01126 0.918354 0.979533 2.90915 288.955
30500 1.05494 0.946431 0.976726 2.97809 295.315
30600 1.08151 0.914479 0.995683 2.99167 307.149
30700 1.11959 0.939154 0.996406 3.05515 310.689
30800 1.13018 0.983594 1.03256 3.14633 287.875
30900 1.13956 0.972396 1.02032 3.13227 285.131
31000 1.11713 0.993565 1.00066 3.11135 299.513
31100 1.12793 0.985587 0.996177 3.1097 295.621
31200 1.1258 0.970486 1.04718 3.14346 305.009
31300 1.15834 0.969951 1.01263 3.14093 307.936
31400 1.17504 0.968103 0.991364 3.13451 298.86
31500 1.15207 0.982256 0.991137 3.12547 295.356
31600 1.14751 0.982847 0.999526 3.12988 293.327
31700 1.12937 0.999886 0.996431 3.12569 304.128
31800 1.15622 1.01379 1.01504 3.18505 310.493
31900 1.17627 1.01223 1.02479 3.21329 312.516
32000 1.21003 0.962869 0.982591 3.15549 295.166
32100 1.25573 0.967198 0.959562 3.18249 297.069
32200 1.20813 0.991074 0.952378 3.15158 296.898
32300 1.18958 1.00244 0.944864 3.13688 304.634
32400 1.18962 0.957429 0.963648 3.1107 320.638
32500 1.1796 0.934172 0.969713 3.08349 315.234
32600 1.12739 0.953959 1.00435 3.0857 305.624
32700 1.1036 0.966564 0.981541 3.0517 302.474
32800 1.1322 0.970153 0.939003 3.04136 301.262
32900 1.16344 0.987304 0.904393 3.05513 295.552
33000 1.15519 0.97675 0.909457 3.04139 278.155
33100 1.12623 0.962483 0.931374 3.02009 277.641
33200 1.14545 0.980304 0.957893 3.08365 282.04
33300 1.13883 1.00163 0.958942 3.0994 293.841
33400 1.10983 0.984198 0.989485 3.08351 304.975
33500 1.10797 0.963516 0.977357 3.04884 309.01
33600 1.13899 0.960977 0.954265 3.05424 300.026
33700 1.13792 0.947073 1.00713 3.09213 286.709
33800 1.16199 0.965964 0.998258 3.12621 283.784
33900 1.12111 0.967369 0.990631 3.07911 292.773
34000 1.04949 0.964126 0.92398 2.9376 304.642
34100 1.04608 0.971221 0.9415 2.9588 301.64
34200 1.08073 0.990785 0.968106 3.03962 290.952
34300 1.10219 0.998191 0.941431 3.04182 286.145
34400 1.12606 1.01867 1.00402 3.14875 283.227
34500 1.11407 1.00717 1.03493 3.15617 308.452
34600 1.10971 0.953017 1.0272 3.08993 308.144
34700 1.10403 0.900765 0.976782 2.98158 301.468
34800 1.12014 0.910182 0.965501 2.99582 290.275
34900 1.12364 0.892669 0.951687 2.968 292.337
35000 1.15078 0.895025 0.921024 2.96683 304.157
35100 1.153 0.872302 0.893753 2.91906 300.334
35200 1.09264 0.84439 0.902314 2.83934 303.914
35300 1.07788 0.871295 0.902077 2.85126 296.556
35400 1.1358 0.894177 0.908117 2.9381 294.982
35500 1.12437 0.89872 0.932635 2.95573 290.189
35600 1.10923 0.962619 0.961168 3.03301 299.682
35700 1.16509 0.949709 0.974783 3.08959 306.512
35800 1.14817 0.944136 0.987187 3.0795 306.141
35900 1.14331 0.940847 1.00224 3.0864 315.988
36000 1.11497 0.971339 0.988031 3.07434 300.901
36100 1.11652 0.984347 1.00288 3.10374 295.284
36200 1.14597 1.00871 1.01166 3.16634 290.866
36300 1.1773 1.03812 1.02965 3.24507 293.595
36400 1.16374 1.02127 1.05051 3.23553 308.789
36500 1.12583 1.05611 1.0387 3.22065 301.445
36600 1.12685 1.03801 1.02451 3.18936 306.715
36700 1.12391 1.05448 0.995094 3.17348 295.489
36800 1.14774 1.03545 1.02142 3.2046 289.321
36900 1.14492 1.02829 1.03001 3.20322 298.187
37000 1.16262 1.00361 1.04315 3.20938 295.446
37100 1.13341 0.982193 1.0481 3.16371 301.108
37200 1.12289 1.01681 1.02355 3.16325 297.858
37300 1.13884 1.01939 1.01456 3.17279 310.035
37400 1.13222 1.03301 1.01625 3.18148 302.124
37500 1.12683 1.03828 1.00659 3.1717 306.442
37600 1.10863 1.04363 1.02443 3.17668 293.44
37700 1.08797 1.05575 1.07834 3.22207 297.58
37800 1.14516 1.08405 1.09436 3.32358 287.977
37900 1.14365 1.08523 1.12131 3.3502 294.618
38000 1.13231 1.06961 1.13528 3.3372 312.476
38100 1.08389 1.13069 1.07838 3.29296 306.11
38200 1.06084 1.13319 1.04716 3.24119 296.166
38300 1.08608 1.09658 1.06096 3.24363 294.028
38400 1.15617 1.10266 1.0438 3.30263 299.993
38500 1.12624 1.13777 1.03141 3.29541 310.808
38600 1.14427 1.16211 1.02655 3.33293 320.088
38700 1.15891 1.19034 1.05161 3.40087 301.018
38800 1.1172 1.18323 1.07103 3.37146 292.682
38900 1.1492 1.15748 1.05713 3.36382 299.473
39000 1.16184 1.13024 1.07937 3.37145 303.209
39100 1.15841 1.14477 1.07714 3.38032 308.742
39200 1.1333 1.0921 1.04426 3.26966 302.563
39300 1.11838 1.09562 1.00061 3.21461 293.61
39400 1.10842 1.10327 1.0198 3.23149 296.563
39500 1.11367 1.10039 0.997633 3.21169 299.149
39600 1.09332 1.11115 1.04295 3.24742 315.093
39700 1.10187 1.13928 1.03314 3.27429 314.505
39800 1.16537 1.12791 1.03701 3.33029 310.754
39900 1.15083 1.13158 1.02263 3.30504 298.58
40000 1.13819 1.14972 1.02209 3.30999 299.589
40100 1.20399 1.15324 1.0084 3.36562 300.006
40200 1.23307 1.14371 1.03828 3.41507 281.761
40300 1.23235 1.15029 1.07468 3.45731 287.287
40400 1.20017 1.16699 1.12923 3.49638 297.372
40500 1.16859 1.15882 1.15263 3.48003 303.178
40600 1.17228 1.11497 1.11065 3.3979 303.789
40700 1.1249 1.12142 1.11153 3.35785 291.317
40800 1.10582 1.1143 1.08074 3.30086 292.277
40900 1.07078 1.08161 1.06357 3.21597 288.668
41000 1.07914 1.14673 1.06661 3.29248 302.187
41100 1.06933 1.14027 1.05915 3.26875 309.42
41200 1.05647 1.11607 1.03733 3.20986 302.221
41300 1.07222 1.10576 1.08987 3.26785 289.399
41400 1.06674 1.0952 1.1127 3.27465 289.827
41500 1.08885 1.06497 1.09233 3.24615 286.985
41600 1.14667 1.09494 1.05346 3.29507 303.629
41700 1.14452 1.13823 1.02738 3.31013 304.672
41800 1.09486 1.11425 1.03404 3.24315 304.668
41900 1.12768 1.12276 1.04082 3.29127 292.921
42000 1.17252 1.10894 1.04122 3.32268 289.718
42100 1.14678 1.12717 1.06272 3.33667 301.087
42200 1.1808 1.14924 1.06825 3.3983 315.149
42300 1.16319 1.13815 1.0796 3.38094 307.723
42400 1.14236 1.11586 1.08608 3.3443 307.204
42500 1.13713 1.17795 1.0961 3.41118 302.181
42600 1.22483 1.20394 1.07095 3.49972 302.349
42700 1.19975 1.21695 1.09528 3.51198 295.799
42800 1.16172 1.19912 1.08354 3.44438 297.885
42900 1.16027 1.24615 1.11761 3.52402 312.296
43000 1.17878 1.2894 1.08663 3.55481 312.434
43100 1.16311 1.24308 1.07389 3.48009 306.139
43200 1.16279 1.15461 1.07269 3.39008 303.711
43300 1.20559 1.17963 1.06544 3.45066 295.728
43400 1.19924 1.1778 1.04757 3.42461 305.14
43500 1.2045 1.15867 1.03304 3.39622 290.122
43600 1.19503 1.12306 1.01059 3.32868 290.876
43700 1.22135 1.11475 1.00515 3.34126 293.187
43800 1.15407 1.15645 1.01995 3.33047 300.77
43900 1.121 1.12056 1.06988 3.31144 309.098
44000 1.13078 1.10861 1.08624 3.32564 303.044
44100 1.18126 1.14546 1.05916 3.38589 297.155
44200 1.19809 1.16661 1.06911 3.43381 288.65
44300 1.18933 1.17375 1.03998 3.40306 294.03
44400 1.18026 1.19945 1.03448 3.4142 297.297
44500 1.1939 1.14612 1.05187 3.39189 303.937
44600 1.16447 1.1564 1.0347 3.35557 305.345
44700 1.15483 1.20151 1.05285 3.40918 306.551
44800 1.16769 1.19538 1.05398 3.41705 293.883
44900 1.15811 1.16732 1.03624 3.36166 291.806
45000 1.1235 1.16558 1.06449 3.35358 293.885
45100 1.13012 1.13125 1.03048 3.29185 307.582
45200 1.18995 1.17535 1.04026 3.40556 312.696
45300 1.2312 1.21212 1.05901 3.50233 297.066
45400 1.2563 1.22204 1.11602 3.59436 298.445
45500 1.22277 1.21527 1.12998 3.56802 302.805
45600 1.20446 1.21576 1.12494 3.54516 301.374
45700 1.19878 1.23228 1.1287 3.55976 297.317
45800 1.18921 1.21646 1.09192 3.49759 304.749
45900 1.22171 1.19256 1.03176 3.44603 310.835
46000 1.26447 1.17237 1.05213 3.48897 311.766
46100 1.27402 1.16767 1.10227 3.54395 292.731
46200 1.22897 1.11208 1.07574 3.41678 295.452
46300 1.23885 1.12083 1.07465 3.43433 300.02
46400 1.23709 1.15572 1.08441 3.47721 311.826
46500 1.24758 1.19895 1.12803 3.57457 317.42
46600 1.16594 1.21474 1.08631 3.46699 307.221
46700 1.14067 1.20519 1.04171 3.38757 299.864
46800 1.19653 1.19546 1.02621 3.4182 298.161
46900 1.20681 1.15359 1.03411 3.39451 299.654
47000 1.18748 1.17383 1.04515 3.40646 302.425
47100 1.14723 1.19907 1.05507 3.40137 310.605
47200 1.12701 1.15601 1.05042 3.33344 307.569
47300 1.17669 1.16581 1.07478 3.41728 295.678
47400 1.19022 1.1685 1.08677 3.44549 286.38
47500 1.21117 1.1892 1.07436 3.47473 301.673
47600 1.23918 1.20023 1.08757 3.52698 313.864
47700 1.28139 1.18379 1.06611 3.53128 316.2
47800 1.30552 1.20124 1.06336 3.57012 302.188
47900 1.25799 1.19689 1.06639 3.52128 306.068
48000 1.19722 1.20429 1.07587 3.47737 298.291
48100 1.20227 1.21403 1.06764 3.48395 283.762
48200 1.18426 1.22616 1.08055 3.49098 305.742
48300 1.20876 1.21426 1.0335 3.45652 312.477
48400 1.18592 1.20657 1.07147 3.46396 317.786
48500 1.19179 1.19529 1.11633 3.50341 294.594
48600 1.22599 1.18765 1.10734 3.52098 299.765
48700 1.16262 1.16462 1.05316 3.38039 298.192
48800 1.12944 1.15579 1.06011 3.34534 286.924
48900 1.1285 1.14746 1.07842 3.35438 300.781
49000 1.12461 1.15667 1.09495 3.37623 315.932
49100 1.13996 1.14391 1.05649 3.34036 308.296
49200 1.14652 1.16995 1.09355 3.41002 296.103
49300 1.18652 1.15806 1.10333 3.44792 293.652
49400 1.19962 1.17314 1.065 3.43776 312.838
49500 1.27158 1.2251 1.06973 3.5664 293.892
49600 1.27668 1.23216 1.09491 3.60375 284.875
49700 1.29802 1.24301 1.08964 3.63067 289.467
49800 1.295 1.25026 1.12543 3.6707 301.011
49900 1.24783 1.22789 1.14355 3.61927 300.695
50000 1.21745 1.21393 1.15931 3.59068 301.336
50100 1.20512 1.21089 1.15152 3.56754 300.412
50200 1.18964 1.18908 1.13192 3.51064 290.129
50300 1.2139 1.20517 1.13904 3.55811 283.594
50400 1.22998 1.187 1.1157 3.53267 285.281
50500 1.25901 1.18162 1.12051 3.56115 308.413
50600 1.28938 1.21922 1.09862 3.60723 321.95
50700 1.32286 1.26214 1.08351 3.66851 317.53
50800 1.31276 1.23777 1.08254 3.63306 310.492
50900 1.37626 1.19911 1.05862 3.63398 293.023
51000 1.37671 1.21628 1.02704 3.62003 300.392
51100 1.31219 1.20133 1.03943 3.55295 292.892
51200 1.26586 1.19146 1.0645 3.52183 303.663
51300 1.20497 1.18833 1.07231 3.46562 307.992
51400 1.18809 1.18834 1.04716 3.42359 319.629
51500 1.22484 1.21677 1.05409 3.4957 296.35
51600 1.26091 1.25312 1.0553 3.56933 294.503
51700 1.24991 1.25477 1.10175 3.60643 294.66
51800 1.23038 1.26801 1.04314 3.54153 307.461
51900 1.23868 1.22825 1.04268 3.50961 314.29
52000 1.22197 1.19227 1.078 3.49225 311.111
52100 1.19122 1.17341 1.08717 3.4518 302.787
52200 1.2476 1.23476 1.05578 3.53813 293.924
52300 1.18448 1.25904 1.04263 3.48615 286.191
52400 1.17014 1.25175 1.09034 3.51224 305.941
52500 1.21176 1.22984 1.08159 3.5232 312.274
52600 1.20416 1.19644 1.05016 3.45077 301.972
52700 1.24051 1.22007 1.04669 3.50727 275.663
52800 1.24199 1.20758 1.04504 3.49461 285.852
52900 1.21757 1.15188 1.05546 3.42491 297.743
53000 1.21196 1.17263 1.07439 3.45898 305.77
53100 1.28858 1.18449 1.09755 3.57063 311.307
53200 1.29668 1.17562 1.10859 3.58088 298.349
53300 1.2857 1.15136 1.12187 3.55893 292.805
53400 1.2678 1.11101 1.14204 3.52085 302.089
53500 1.28572 1.12511 1.09207 3.5029 302.178
53600 1.23062 1.12035 1.06117 3.41215 302.15
53700 1.22338 1.12885 1.05499 3.40723 308.469
53800 1.23162 1.15747 1.038 3.42709 313.538
53900 1.27811 1.20906 1.0314 3.51857 300.273
54000 1.24654 1.21108 1.06143 3.51905 285.631
54100 1.24841 1.19693 1.05597 3.50131 298.155
54200 1.25893 1.21976 1.08399 3.56268 306.703
54300 1.26837 1.2135 1.10226 3.58413 302.523
54400 1.25725 1.16835 1.09623 3.52184 303.47
54500 1.25375 1.15709 1.0704 3.48125 296.093
54600 1.30293 1.10926 1.05486 3.46705 300.102
54700 1.32226 1.14335 1.064 3.52961 304.249
54800 1.29192 1.14615 1.05736 3.49543 322.558
54900 1.27231 1.16496 1.04849 3.48576 318.086
55000 1.28545 1.16292 1.0523 3.50067 302.916
55100 1.28386 1.12658 1.03134 3.44178 303.776
55200 1.26172 1.07612 0.952148 3.28999 302.646
55300 1.23956 1.07731 0.982236 3.29911 289.669
55400 1.28245 1.12816 1.04586 3.45647 289.707
55500 1.27706 1.14417 1.02995 3.45118 283.35
55600 1.2853 1.1734 1.06989 3.5286 283.652
55700 1.34703 1.15451 1.07818 3.57972 303.098
55800 1.38544 1.15102 1.07985 3.61631 302.284
55900 1.36799 1.14227 1.06529 3.57554 305.463
56000 1.29173 1.18544 1.03298 3.51014 290.332
56100 1.25998 1.15974 1.02394 3.44366 295.207
56200 1.26594 1.13309 1.03227 3.43131 293.554
56300 1.26617 1.11348 1.04391 3.42356 306.763
56400 1.24461 1.13818 1.12346 3.50625 305.985
56500 1.27022 1.13712 1.12189 3.52923 302.309
56600 1.2278 1.14336 1.08749 3.45865 284.511
56700 1.22961 1.15103 1.07272 3.45336 292.486
56800 1.27954 1.13049 1.07103 3.48106 298.524
56900 1.27563 1.14442 1.02851 3.44856 302.928
57000 1.29103 1.15961 1.02921 3.47985 293.01
57100 1.32811 1.14643 1.03038 3.50492 309.367
57200 1.3252 1.16634 1.09863 3.59018 316.325
57300 1.288 1.17259 1.15479 3.61538 307.676
57400 1.25635 1.14378 1.14596 3.54609 299.381
57500 1.27563 1.15387 1.14937 3.57887 293.604
57600 1.37201 1.14539 1.16998 3.68739 302.424
57700 1.41332 1.16729 1.16558 3.74619 306.697
57800 1.3631 1.12839 1.11577 3.60727 312.321
57900 1.35012 1.13078 1.09312 3.57402 296.638
58000 1.38567 1.12105 1.10411 3.61084 289.018
58100 1.36436 1.1482 1.11011 3.62268 299.437
58200 1.31908 1.17211 1.11051 3.6017 301.308
58300 1.29666 1.15736 1.08571 3.53972 326.564
58400 1.29178 1.11207 1.09126 3.49511 305.383
58500 1.25775 1.11692 1.0876 3.46227 297.194
58600 1.24545 1.10635 1.05939 3.41119 291.923
58700 1.24465 1.11588 1.10942 3.46994 290.262
58800 1.20214 1.09688 1.0987 3.39771 307.113
58900 1.24534 1.10165 1.07468 3.42166 309.242
59000 1.28614 1.09751 1.06469 3.44834 296.676
59100 1.30855 1.13729 1.09212 3.53797 292.339
59200 1.31327 1.1672 1.08885 3.56932 289.702
59300 1.34769 1.13924 1.09977 3.58671 290.311
59400 1.32075 1.11997 1.08075 3.52147 309.442
59500 1.29708 1.12929 1.09367 3.52004 305.943
59600 1.29148 1.14995 1.13482 3.57625 301.539
59700 1.28811 1.13708 1.16178 3.58697 285.145
59800 1.29652 1.1202 1.13886 3.55558 280.658
59900 1.31833 1.15807 1.10707 3.58346 291.778
60000 1.33453 1.18684 1.07169 3.59306 301.241
60100 1.29433 1.16799 1.03836 3.50068 300.37
60200 1.31177 1.13998 1.01846 3.47021 307.071
60300 1.29106 1.12226 1.01884 3.43216 305.959
60400 1.34914 1.1318 1.03551 3.51645 298.19
60500 1.33146 1.15589 1.04769 3.53504 299.724
60600 1.27267 1.14716 1.05857 3.4784 303.339
60700 1.28978 1.16812 1.11182 3.56971 309.783
60800 1.32617 1.17919 1.14795 3.65331 298.853
60900 1.33082 1.19491 1.17287 3.6986 288.351
61000 1.3839 1.21943 1.16217 3.7655 295.123
61100 1.43237 1.18326 1.17564 3.79126 300.963
61200 1.39709 1.19056 1.16997 3.75762 310.651
61300 1.40235 1.17596 1.12438 3.70269 296.316
61400 1.38673 1.15841 1.11383 3.65896 293.693
61500 1.32066 1.15434 1.08648 3.56148 288.078
61600 1.29763 1.11976 1.06104 3.47843 301.952
61700 1.30322 1.1262 1.0537 3.48312 307.891
61800 1.3018 1.10255 1.07684 3.48119 302.541
61900 1.25632 1.12004 1.09251 3.46886 303.506
62000 1.27535 1.13436 1.11103 3.52074 284.465
62100 1.25702 1.16103 1.1088 3.52685 292.755
62200 1.29332 1.18387 1.11641 3.5936 296.244
62300 1.34896 1.22395 1.13516 3.70807 308.574
62400 1.37286 1.191 1.09008 3.65393 316.892
62500 1.37061 1.17482 1.07172 3.61715 296.037
62600 1.36231 1.19497 1.0579 3.61518 304.396
62700 1.32355 1.18085 1.07789 3.58229 286.886
62800 1.33633 1.19192 1.08921 3.61745 297.606
62900 1.39194 1.17248 1.07666 3.64108 309.31
63000 1.39349 1.17125 1.0753 3.64003 304.184
63100 1.32835 1.16978 1.08743 3.58556 302.187
63200 1.33114 1.16115 1.10111 3.5934 289.178
63300 1.40183 1.14809 1.10445 3.65436 284.372
63400 1.38135 1.14233 1.0728 3.59648 282.421
63500 1.3522 1.14992 1.05502 3.55714 292.248
63600 1.36457 1.19165 1.05807 3.61429 291.222
63700 1.40421 1.16684 1.04284 3.61388 303.738
63800 1.38167 1.19462 1.01848 3.59476 303.776
63900 1.36113 1.19685 1.02333 3.58131 302.028
64000 1.34709 1.1576 1.04435 3.54904 285.381
64100 1.34702 1.16498 1.06976 3.58177 285.701
64200 1.35796 1.15477 1.04801 3.56075 296.842
64300 1.38103 1.13993 1.04618 3.56714 300.338
64400 1.42314 1.16137 1.06229 3.6468 304.706
64500 1.4314 1.17349 1.09596 3.70085 302.135
64600 1.44776 1.1817 1.06675 3.69621 293.953
64700 1.44692 1.20546 1.06566 3.71804 284.237
64800 1.35523 1.1773 1.08017 3.6127 292.466
64900 1.32865 1.13907 1.07944 3.54716 314.058
65000 1.33258 1.18289 1.0952 3.61068 303.007
65100 1.34919 1.18568 1.04505 3.57991 293.746
65200 1.34383 1.14912 1.03202 3.52497 298.758
65300 1.37268 1.1423 1.07703 3.592 294.543
65400 1.45259 1.14312 1.09121 3.68692 296.902
65500 1.50154 1.20432 1.12573 3.83159 310.304
65600 1.52713 1.20972 1.17707 3.91392 303.518
65700 1.47827 1.21361 1.19158 3.88346 292.941
65800 1.4236 1.20587 1.15461 3.78408 296.265
65900 1.39236 1.16333 1.13477 3.69046 282.6
66000 1.40934 1.16074 1.08549 3.65557 284.367
66100 1.38806 1.13697 1.05766 3.58269 306.05
66200 1.33348 1.14694 1.0727 3.55312 302.665
66300 1.33954 1.15607 1.06203 3.55764 311.144
66400 1.37247 1.17486 1.05509 3.60242 291.479
66500 1.37791 1.16819 1.0899 3.63601 293.06
66600 1.339 1.14074 1.13967 3.61941 297.655
66700 1.41931 1.16383 1.15105 3.73419 304.681
66800 1.45328 1.15364 1.13067 3.73759 303.999
66900 1.43708 1.13911 1.10266 3.67885 315.337
67000 1.44086 1.16362 1.08516 3.68964 298.734
67100 1.38495 1.17382 1.06851 3.62728 294.979
67200 1.43897 1.18882 1.09008 3.71786 290.27
67300 1.46908 1.1733 1.11055 3.75293 296.596
67400 1.52695 1.18293 1.10716 3.81704 308.979
67500 1.48098 1.19847 1.08198 3.76143 303.912
67600 1.45292 1.17937 1.088 3.72028 305.464
67700 1.47045 1.16943 1.12197 3.76185 306.715
67800 1.42646 1.13806 1.08022 3.64474 293.651
67900 1.38037 1.10933 1.06385 3.55354 297.135
68000 1.3335 1.13678 1.04316 3.51345 309.822
68100 1.36344 1.17315 1.03517 3.57176 292.79
68200 1.37131 1.16878 1.07482 3.61491 287.355
68300 1.42247 1.1406 1.08826 3.65134 284.644
68400 1.4032 1.16745 1.10141 3.67206 295.712
68500 1.34491 1.13406 1.08596 3.56493 307.286
68600 1.339 1.13125 1.08146 3.55171 303.54
68700 1.35092 1.14499 1.09873 3.59463 295.11
68800 1.41307 1.16309 1.09532 3.67148 285.841
68900 1.42956 1.18966 1.11262 3.73183 298.273
69000 1.45073 1.16456 1.13534 3.75063 309.685
69100 1.4791 1.14733 1.10003 3.72646 308.607
69200 1.48307 1.14527 1.10488 3.73322 300.407
69300 1.46474 1.15941 1.15411 3.77825 293.571
69400 1.41157 1.18033 1.14302 3.73491 287.079
69500 1.39958 1.14633 1.0764 3.62231 301.927
69600 1.43021 1.11935 1.02957 3.57914 308.095
69700 1.40814 1.09983 1.04801 3.55598 300.642
69800 1.38459 1.08109 1.06442 3.5301 295.055
69900 1.34932 1.07709 1.06259 3.48901 299.811
70000 1.2978 1.08518 1.08877 3.47175 286.77
70100 1.36042 1.17288 1.13617 3.66947 288.398
70200 1.41511 1.15956 1.17447 3.74913 302.11
70300 1.38724 1.13614 1.10133 3.62471 309.984
70400 1.37337 1.13612 1.05407 3.56356 295.271
70500 1.33819 1.14904 1.11003 3.59725 301.752
70600 1.36142 1.12828 1.14297 3.63267 288.977
70700 1.41526 1.11391 1.12345 3.65262 281.284
70800 1.41611 1.12114 1.11832 3.65557 291.27
70900 1.41945 1.1199 1.11642 3.65577 306.13
71000 1.45864 1.16866 1.13743 3.76473 301.474
71100 1.38272 1.17438 1.13137 3.68846 300.367
71200 1.37297 1.17414 1.0985 3.64561 281.317
71300 1.40268 1.19617 1.11935 3.7182 293.132
71400 1.38835 1.17644 1.12688 3.69166 311.719
71500 1.36844 1.16353 1.12931 3.66129 298.075
71600 1.3574 1.16492 1.12765 3.64996 299.269
71700 1.35255 1.15775 1.09241 3.60271 301.79
71800 1.4259 1.13686 1.05164 3.61441 296.824
71900 1.42892 1.16094 1.06669 3.65655 283.196
72000 1.42591 1.17104 1.09478 3.69173 293.785
72100 1.47163 1.17226 1.13412 3.77802 299.74
72200 1.51845 1.17204 1.17887 3.86936 302.08
72300 1.53979 1.16305 1.17063 3.87346 300.243
72400 1.49805 1.17858 1.14211 3.81874 306.478
72500 1.49067 1.1825 1.09842 3.77159 302.085
72600 1.49656 1.18953 1.09598 3.78207 298.756
72700 1.40997 1.16395 1.07535 3.64927 291.411
72800 1.39663 1.14102 1.07884 3.61649 290.064
72900 1.3682 1.1292 1.07166 3.56906 302.859
73000 1.28266 1.13235 1.1189 3.53391 315.65
73100 1.30943 1.13131 1.12696 3.5677 302.9
73200 1.43284 1.17115 1.08489 3.68888 295.201
73300 1.41167 1.17999 1.0882 3.67986 295.471
73400 1.37598 1.16397 1.06263 3.60258 299.25
73500 1.35725 1.14182 1.08257 3.58164 297.077
73600 1.36736 1.14798 1.11616 3.63151 297.896
73700 1.41933 1.18977 1.12833 3.73743 302.22
73800 1.39987 1.19274 1.14097 3.73358 299.719
73900 1.38447 1.19227 1.12514 3.70188 293.777
74000 1.38517 1.1642 1.14926 3.69863 297.116
74100 1.39153 1.14609 1.1479 3.68551 300.014
74200 1.35867 1.14451 1.15215 3.65533 307.661
74300 1.37617 1.14501 1.11927 3.64045 308.962
74400 1.39172 1.1816 1.1332 3.70651 289.877
74500 1.34624 1.16902 1.11091 3.62617 284.008
74600 1.40327 1.20569 1.12461 3.73357 309.213
74700 1.44101 1.197 1.17731 3.81532 312.535
74800 1.4117 1.16655 1.18121 3.75946 310.375
74900 1.48862 1.22315 1.20202 3.9138 295.261
75000 1.48863 1.18214 1.20624 3.877 299.676
75100 1.42645 1.187 1.19209 3.80554 301.766
75200 1.34356 1.19918 1.1587 3.70144 291.271
75300 1.36109 1.20935 1.09656 3.667 284.979
75400 1.42734 1.20061 1.10709 3.73505 299.207
75500 1.45506 1.18608 1.12634 3.76748 308.712
75600 1.43848 1.15838 1.16256 3.75943 303.917
75700 1.44704 1.16144 1.15897 3.76745 305.429
75800 1.43435 1.15051 1.14882 3.73367 277.428
75900 1.37796 1.15031 1.14534 3.67361 295.174
76000 1.3822 1.14349 1.15584 3.68153 295.82
76100 1.36705 1.13612 1.16001 3.66318 306.678
76200 1.37039 1.17823 1.1726 3.72121 300.994
76300 1.37518 1.19197 1.13682 3.70397 310.212
76400 1.44339 1.16247 1.10137 3.70723 293.56
76500 1.46794 1.16425 1.09236 3.72455 288.335
76600 1.4357 1.1754 1.09931 3.71041 294.802
76700 1.42403 1.19301 1.08685 3.70389 307.37
76800 1.42521 1.17191 1.11959 3.71671 308.655
76900 1.45098 1.16234 1.14107 3.75439 306.56
77000 1.46967 1.1493 1.12387 3.74284 305.592
77100 1.43123 1.15302 1.1207 3.70495 293.77
77200 1.43062 1.14771 1.1598 3.73813 299.377
77300 1.35406 1.14822 1.13071 3.63299 313.153
77400 1.33438 1.13814 1.09769 3.57021 315.769
77500 1.36438 1.12601 1.1231 3.61349 315.647
77600 1.38882 1.10202 1.14941 3.64026 303.591
77700 1.40792 1.13966 1.1367 3.68428 293.444
77800 1.40993 1.16885 1.1247 3.70348 294.453
77900 1.41371 1.16336 1.11455 3.69162 298.861
78000 1.41658 1.14797 1.09973 3.66428 316.296
78100 1.36698 1.11802 1.06469 3.54969 310.232
78200 1.33881 1.11561 1.08553 3.53994 303.198
78300 1.33376 1.10541 1.12326 3.56243 306.933
78400 1.35598 1.07297 1.13533 3.56427 296.816
78500 1.42097 1.15229 1.13937 3.71263 294.641
78600 1.43318 1.15016 1.12931 3.71265 296.484
78700 1.39963 1.16083 1.09181 3.65226 296.432
78800 1.42408 1.14055 1.09154 3.65617 315.955
78900 1.42331 1.15846 1.03731 3.61908 310.391
79000 1.38182 1.12119 1.04103 3.54404 300.187
79100 1.32865 1.14019 1.0646 3.53344 297.302
79200 1.31721 1.08285 1.0803 3.48035 296.927
79300 1.38982 1.08981 1.12493 3.60455 296.437
79400 1.38588 1.13891 1.12029 3.64507 316.776
79500 1.37755 1.14651 1.1373 3.66135 307.313
79600 1.43545 1.1372 1.14315 3.7158 308.176
79700 1.48494 1.16417 1.08851 3.73763 302.736
79800 1.39827 1.13973 1.05814 3.59615 298.118
79900 1.36945 1.15119 1.02559 3.54624 295.849
80000 1.35794 1.16553 1.04013 3.5636 293.361
80100 1.38312 1.17015 1.0556 3.60887 289.006
80200 1.41878 1.15972 1.0723 3.6508 311.192
80300 1.42923 1.17276 1.10485 3.70685 310.524
80400 1.4535 1.19098 1.15766 3.80214 296.083
80500 1.46105 1.18729 1.16823 3.81657 290.476
80600 1.44895 1.19508 1.13391 3.77794 295.934
80700 1.49731 1.19186 1.10649 3.79566 310.368
80800 1.47285 1.18288 1.15512 3.81085 312.506
80900 1.44324 1.21982 1.16387 3.82692 297.569
81000 1.40887 1.18101 1.12953 3.71941 295.737
81100 1.41081 1.15761 1.06691 3.63534 294.139
81200 1.43473 1.147 1.04837 3.63009 306.79
81300 1.40437 1.14225 1.0325 3.57912 317.346
81400 1.38567 1.1252 1.07611 3.58698 308.584
81500 1.34306 1.15492 1.10444 3.60243 304.838
81600 1.3675 1.17587 1.1354 3.67877 293.476
81700 1.36546 1.1763 1.13024 3.672 303.025
81800 1.41457 1.17529 1.15529 3.74514 310.739
81900 1.45142 1.18815 1.20578 3.84534 307.692
82000 1.42797 1.20098 1.17054 3.79948 311.014
82100 1.42687 1.23187 1.16836 3.8271 309.616
82200 1.42904 1.23259 1.16657 3.8282 286.959
82300 1.42654 1.24882 1.15588 3.83124 298.984
82400 1.41732 1.25206 1.18661 3.85599 304.856
82500 1.43287 1.26206 1.1798 3.87473 312.15
82600 1.47132 1.25578 1.19895 3.92606 301.846
82700 1.41322 1.22163 1.19933 3.83417 293.669
82800 1.39009 1.2273 1.20149 3.81889 285.829
82900 1.42316 1.22358 1.2097 3.85644 294.096
83000 1.40358 1.19986 1.17966 3.7831 302.877
83100 1.40184 1.24878 1.15212 3.80273 305.919
83200 1.36699 1.2086 1.14956 3.72515 297.252
83300 1.34538 1.19233 1.17482 3.71253 294.871
83400 1.35908 1.16781 1.1463 3.67319 283.778
83500 1.37618 1.18911 1.15517 3.72047 297.842
83600 1.43396 1.211 1.15559 3.80055 311.644
83700 1.42078 1.17821 1.13432 3.73332 302.946
83800 1.42959 1.16359 1.11017 3.70334 287.22
83900 1.42114 1.18543 1.09633 3.7029 298.075
84000 1.41721 1.19161 1.10467 3.71349 310.478
84100 1.40103 1.19513 1.14379 3.73995 314.4
84200 1.36716 1.20125 1.14821 3.71662 303.879
84300 1.38841 1.19898 1.14387 3.73125 304.249
84400 1.4297 1.1656 1.16556 3.76086 298.656
84500 1.40034 1.16716 1.17355 3.74105 291.758
84600 1.36442 1.18914 1.21064 3.7642 311.049
84700 1.38399 1.19431 1.1991 3.7774 318.897
84800 1.41063 1.19976 1.1566 3.767 295.077
84900 1.4342 1.22523 1.14181 3.80124 283.248
85000 1.40655 1.20974 1.14841 3.7647 304.796
85100 1.40411 1.17166 1.1574 3.73317 306.981
85200 1.41568 1.17192 1.1252 3.7128 309.989
85300 1.41734 1.17319 1.10763 3.69816 293.495
85400 1.41068 1.17128 1.12286 3.70482 285.814
85500 1.40831 1.14993 1.11812 3.67636 294.614
85600 1.39609 1.142 1.14217 3.68027 295.466
85700 1.37463 1.14 1.16524 3.67987 304.058
85800 1.38401 1.12819 1.16961 3.68182 299.787
85900 1.32229 1.16476 1.18323 3.67029 294.616
86000 1.37304 1.16667 1.13973 3.67944 297.772
86100 1.45677 1.15909 1.10675 3.72261 299.586
86200 1.44684 1.18071 1.08903 3.71657 295.932
86300 1.47088 1.19183 1.12777 3.79047 303.016
86400 1.5149 1.18672 1.17248 3.8741 313.205
86500 1.47225 1.17682 1.15912 3.80818 305.726
86600 1.41789 1.15079 1.13752 3.7062 289.604
86700 1.39734 1.18397 1.11037 3.69169 297.122
86800 1.37094 1.18352 1.07627 3.63073 299.241
86900 1.30454 1.14599 1.03895 3.48948 306.239
87000 1.29285 1.11092 0.998201 3.40198 306.921
87100 1.24115 1.13746 1.04517 3.42379 313.664
87200 1.22267 1.1652 1.08865 3.47652 306.61
87300 1.26902 1.14387 1.11092 3.52381 309.343
87400 1.36431 1.11105 1.13456 3.60991 294.054
87500 1.39176 1.13522 1.11401 3.64099 301.942
87600 1.38136 1.10897 1.10095 3.59128 289.107
87700 1.40681 1.14978 1.11367 3.67026 293.631
87800 1.40781 1.1577 1.11623 3.68173 308.442
87900 1.40405 1.15651 1.14038 3.70094 319.889
88000 1.44038 1.16599 1.13425 3.74061 303.167
88100 1.41779 1.15203 1.12963 3.69945 291.39
88200 1.35547 1.14115 1.14575 3.64236 296.228
88300 1.33285 1.09803 1.11664 3.54753 299.774
88400 1.33137 1.13035 1.07792 3.53963 316.511
88500 1.37025 1.13824 1.0588 3.56729 309.75
88600 1.34723 1.18543 1.09873 3.63139 299.437
88700 1.34603 1.18995 1.13177 3.66775 299.368
88800 1.36679 1.16105 1.14229 3.67014 296.13
88900 1.36294 1.192 1.14416 3.69911 286.495
89000 1.40407 1.18623 1.11741 3.70771 299.299
89100 1.37659 1.20024 1.10604 3.68287 310.078
89200 1.36655 1.1734 1.10619 3.64614 304.423
89300 1.42246 1.18888 1.13302 3.74436 305.393
89400 1.43442 1.1851 1.15541 3.77492 286.293
89500 1.4229 1.17908 1.17271 3.77469 287.714
89600 1.40091 1.23159 1.18819 3.82069 295.72
89700 1.42108 1.224 1.20412 3.8492 307.847
89800 1.40813 1.2349 1.17358 3.81661 299.511
89900 1.4045 1.25018 1.17554 3.83023 302.475
90000 1.38489 1.22906 1.15113 3.76508 281.89
90100 1.39643 1.20375 1.10752 3.70769 287.982
90200 1.38078 1.15849 1.11686 3.65613 295.737
90300 1.37212 1.11719 1.08564 3.57496 295.368
90400 1.40558 1.14291 1.08192 3.6304 305.691
90500 1.41514 1.16315 1.10492 3.6832 302.419
90600 1.40174 1.16228 1.15211 3.71614 287.551
90700 1.41489 1.15151 1.1363 3.70269 289.311
90800 1.41419 1.15759 1.14441 3.71619 282.055
90900 1.42063 1.1671 1.14413 3.73186 296.305
91000 1.43598 1.18691 1.1577 3.78059 304.151
91100 1.44008 1.18856 1.15307 3.78171 306.975
91200 1.44077 1.18571 1.15633 3.78281 292.148
91300 1.4231 1.18294 1.12794 3.73398 292.815
91400 1.42415 1.16468 1.11444 3.70327 286.924
91500 1.43842 1.1702 1.10905 3.71768 294.973
91600 1.39821 1.19394 1.1027 3.69484 305.292
91700 1.43942 1.20229 1.12435 3.76606 309.327
91800 1.45621 1.1513 1.10667 3.71419 305.082
91900 1.35462 1.18347 1.10103 3.63912 288.025
92000 1.32722 1.16986 1.10718 3.60425 290.909
92100 1.33317 1.18103 1.117 3.6312 311.499
92200 1.34704 1.22049 1.11812 3.68564 304.365
92300 1.34393 1.20716 1.11263 3.66371 289.991
92400 1.34394 1.20406 1.12195 3.66996 285.917
92500 1.35833 1.20018 1.07914 3.63765 285.615
92600 1.41232 1.19059 1.10648 3.7094 301.024
92700 1.44014 1.20481 1.12996 3.77491 307.187
92800 1.39571 1.19705 1.11875 3.71151 300.715
92900 1.40903 1.2247 1.12487 3.7586 295.477
93000 1.41811 1.19424 1.14772 3.76008 285.609
93100 1.46284 1.19419 1.17479 3.83181 305.184
93200 1.45078 1.17927 1.17157 3.80162 305.4
93300 1.4425 1.16775 1.09303 3.70327 303.009
93400 1.41429 1.16775 1.05445 3.63648 295.478
93500 1.38072 1.14309 1.06203 3.58584 290.74
93600 1.38954 1.13753 1.11045 3.63752 277.031
93700 1.39582 1.13913 1.13273 3.66768 289.686
93800 1.36622 1.13048 1.13534 3.63204 306.993
93900 1.41563 1.13949 1.11333 3.66845 305.318
94000 1.45093 1.17195 1.0856 3.70848 301.046
94100 1.42976 1.19593 1.11412 3.7398 288.796
94200 1.43044 1.18194 1.11692 3.7293 286.44
94300 1.4152 1.18046 1.11921 3.71487 296.061
94400 1.3544 1.18747 1.10921 3.65107 302.792
94500 1.3575 1.18829 1.11313 3.65892 305.206
94600 1.40909 1.22393 1.16411 3.79713 299.459
94700 1.37362 1.18397 1.12407 3.68166 293.955
94800 1.37691 1.20773 1.07973 3.66437 287.76
94900 1.38151 1.19447 1.14878 3.72476 293.907
95000 1.39654 1.16886 1.12065 3.68605 302.94
95100 1.35611 1.16281 1.11941 3.63832 316.936
95200 1.36036 1.2007 1.12298 3.68404 297.491
95300 1.40123 1.20328 1.13313 3.73764 294.224
95400 1.42204 1.20636 1.14015 3.76855 291.923
95500 1.39238 1.19166 1.13365 3.71768 292.384
95600 1.3976 1.20586 1.07715 3.6806 302.884
95700 1.37852 1.25881 1.07978 3.71712 309.561
95800 1.33841 1.25103 1.09873 3.68816 306.984
95900 1.3551 1.2529 1.05868 3.66668 289.5
96000 1.39887 1.24903 1.05685 3.70475 287.64
96100 1.35577 1.17394 1.06723 3.59693 300.973
96200 1.36109 1.11757 1.0827 3.56137 312.363
96300 1.37128 1.14668 1.07957 3.59753 300.497
96400 1.37504 1.15547 1.0804 3.61091 299.136
96500 1.39215 1.14881 1.11394 3.65491 295.783
96600 1.38188 1.15137 1.11324 3.64649 283.085
96700 1.44519 1.17265 1.1053 3.72313 280.749
96800 1.45405 1.15179 1.12292 3.72876 288.026
96900 1.45595 1.15247 1.1053 3.71373 300.493
97000 1.41052 1.22465 1.11268 3.74784 298.91
97100 1.36977 1.22503 1.1475 3.74229 308.392
97200 1.36926 1.20872 1.15102 3.72901 304.11
97300 1.40966 1.22637 1.12776 3.7638 290.468
97400 1.43152 1.22746 1.13052 3.7895 289.202
97500 1.41495 1.21811 1.16225 3.79531 296.077
97600 1.39455 1.22874 1.12999 3.75328 294.866
97700 1.40533 1.20835 1.10151 3.71519 303.55
97800 1.43644 1.17968 1.1136 3.72972 297.748
97900 1.38527 1.1868 1.1605 3.73257 302.766
98000 1.36778 1.18782 1.13256 3.68815 283.981
98100 1.38803 1.16796 1.12234 3.67833 284.233
98200 1.38559 1.18872 1.08993 3.66424 297.313
98300 1.36145 1.15302 1.06539 3.57986 300.837
98400 1.32462 1.15934 1.08886 3.57282 307.477
98500 1.30801 1.16221 1.12103 3.59125 300.465
98600 1.35508 1.14921 1.09812 3.60241 294.133
98700 1.41169 1.17501 1.11281 3.69952 286.247
98800 1.4423 1.20423 1.12051 3.76704 292.754
98900 1.47062 1.19311 1.13315 3.79688 297.394
99000 1.46079 1.14879 1.16155 3.77112 301.572
99100 1.42074 1.15202 1.13073 3.70349 302.96
99200 1.39906 1.14138 1.14573 3.68617 300.327
99300 1.36852 1.16376 1.14623 3.67851 275.718
99400 1.34947 1.17368 1.15511 3.67826 291.417
99500 1.34993 1.15649 1.14974 3.65616 295.17
99600 1.36838 1.16824 1.11643 3.65305 303.254
99700 1.38516 1.16955 1.08606 3.64076 303.767
99800 1.42192 1.22007 1.09947 3.74145 310.181
99900 1.40211 1.23079 1.08788 3.72078 297.104
100000 1.37167 1.23225 1.08722 3.69114 300.054
100100 1.3603 1.22965 1.08046 3.67042 299.76
100200 1.38179 1.22568 1.07459 3.68206 289.282
100300 1.3838 1.17084 1.12535 3.67999 301.269
100400 1.37468 1.15409 1.22193 3.75069 303.786
100500 1.37002 1.21206 1.26687 3.84895 309.392
100600 1.37014 1.22404 1.2408 3.83499 310.679
100700 1.41458 1.20012 1.18067 3.79537 299.29
100800 1.3495 1.16713 1.1414 3.65803 288.015
100900 1.37419 1.20083 1.11475 3.68977 297.86
101000 1.43814 1.2407 1.10889 3.78773 304.507
101100 1.44389 1.24072 1.12323 3.80784 306.897
101200 1.4504 1.19903 1.16039 3.80982 295.613
101300 1.4261 1.18844 1.15119 3.76573 283.713
101400 1.38607 1.19205 1.17342 3.75154 283.012
101500 1.4054 1.21012 1.17643 3.79195 295.773
101600 1.46329 1.22138 1.18642 3.87108 301.398
101700 1.45408 1.18275 1.21767 3.8545 300.447
101800 1.43892 1.18642 1.20577 3.83111 306.441
101900 1.45581 1.15979 1.17092 3.78652 307.701
102000 1.46692 1.20751 1.15233 3.82676 297.23
102100 1.39721 1.27059 1.16775 3.83554 291.662
102200 1.37737 1.24243 1.15962 3.77942 288.104
102300 1.40372 1.28144 1.11804 3.8032 306.053
102400 1.36913 1.26164 1.1483 3.77907 300.371
102500 1.34889 1.25409 1.1583 3.76128 299.32
102600 1.36109 1.18076 1.1628 3.70465 301.962
102700 1.32651 1.18029 1.1933 3.7001 293.66
102800 1.36794 1.1717 1.17411 3.71375 277.969
102900 1.33859 1.15565 1.13992 3.63416 286.752
103000 1.32483 1.16336 1.14941 3.6376 305.691
103100 1.35708 1.18284 1.14631 3.68623 302.206
103200 1.35469 1.17894 1.16473 3.69836 293.207
103300 1.30929 1.2006 1.16928 3.67917 295.15
103400 1.33058 1.21176 1.12376 3.66611 306.702
103500 1.38871 1.22587 1.12479 3.73937 314.946
103600 1.38635 1.21169 1.2002 3.79824 299.399
103700 1.34771 1.23007 1.2108 3.78857 297.981
103800 1.37333 1.18566 1.2037 3.76269 292.531
103900 1.36049 1.16222 1.17655 3.69926 288.792
104000 1.38503 1.11837 1.13657 3.63996 298.818
104100 1.37785 1.11896 1.13047 3.62727 305.272
104200 1.37373 1.13018 1.14997 3.65388 302.72
104300 1.3798 1.11257 1.14683 3.63919 291.006
104400 1.36763 1.10943 1.13698 3.61403 290.66
104500 1.35073 1.14181 1.10772 3.60026 290.225
104600 1.3428 1.11947 1.11131 3.57358 305.013
104700 1.31809 1.1422 1.12017 3.58046 304.683
104800 1.31642 1.15164 1.06586 3.53392 303.333
104900 1.33643 1.15913 1.09016 3.58571 302.388
105000 1.36154 1.14646 1.10782 3.61583 290.544
105100 1.34421 1.13923 1.131 3.61444 277.244
105200 1.27017 1.1277 1.13008 3.52794 279.148
105300 1.28718 1.13319 1.16191 3.58229 292.278
105400 1.33754 1.16653 1.15235 3.65642 304.132
105500 1.40969 1.17231 1.11997 3.70197 297.876
105600 1.40484 1.16217 1.07884 3.64585 304.021
105700 1.41537 1.18768 1.12312 3.72617 305.961
105800 1.38283 1.18322 1.10436 3.67041 296.095
105900 1.32158 1.16729 1.09244 3.58131 286.344
106000 1.34386 1.10899 1.10034 3.55319 295.597
106100 1.35935 1.10015 1.13351 3.593 298.611
106200 1.34646 1.08269 1.10849 3.53763 302.455
106300 1.29993 1.10406 1.07336 3.47735 309.27
106400 1.27165 1.13233 1.08437 3.48835 295.736
106500 1.34261 1.15001 1.09088 3.58351 288.406
106600 1.3863 1.10929 1.09921 3.5948 289.688
106700 1.38698 1.12406 1.10036 3.61141 310.064
106800 1.29532 1.12882 1.10335 3.5275 303.241
106900 1.28754 1.12295 1.08947 3.49996 304.391
107000 1.34156 1.11583 1.08696 3.54436 292.354
107100 1.39272 1.13231 1.07965 3.60468 294.658
107200 1.3678 1.15158 1.0773 3.59668 286.408
107300 1.34 1.1935 1.11048 3.64398 294.234
107400 1.35249 1.23554 1.0863 3.67433 306.576
107500 1.37306 1.26378 1.09805 3.73488 298.852
107600 1.40426 1.22895 1.14854 3.78174 310.631
107700 1.4072 1.21495 1.15696 3.7791 306.761
107800 1.42585 1.20822 1.17152 3.8056 293.395
107900 1.46556 1.21176 1.13085 3.80817 296.164
108000 1.46067 1.19331 1.12961 3.78358 298.764
108100 1.42502 1.21467 1.11483 3.75452 312.34
108200 1.39 1.23255 1.13456 3.75712 310.7
108300 1.3904 1.22058 1.14832 3.7593 287.469
108400 1.4284 1.188 1.13337 3.74978 291.21
108500 1.49459 1.17453 1.11282 3.78195 293.36
108600 1.48121 1.19839 1.13804 3.81764 303.759
108700 1.409 1.18386 1.12548 3.71834 307.228
108800 1.4113 1.19273 1.11931 3.72334 299.944
108900 1.38831 1.19839 1.13221 3.71891 298.193
109000 1.37661 1.22989 1.12653 3.73303 286.598
109100 1.36997 1.20257 1.10364 3.67618 294.501
109200 1.33273 1.20112 1.14202 3.67588 300.129
109300 1.34111 1.14283 1.12835 3.6123 305.614
109400 1.36388 1.16682 1.14763 3.67833 299.729
109500 1.369 1.1611 1.13986 3.66996 292.246
109600 1.41364 1.19227 1.10052 3.70644 276.631
109700 1.47299 1.20787 1.11434 3.7952 291.636
109800 1.48616 1.2184 1.15527 3.85983 288.221
109900 1.46776 1.22829 1.17458 3.87064 303.596
110000 1.43519 1.26151 1.21544 3.91214 303.785
110100 1.40384 1.22695 1.24642 3.87721 305.092
110200 1.3777 1.25314 1.2223 3.85315 289.266
110300 1.40557 1.21097 1.17355 3.79009 288.015
110400 1.39565 1.21779 1.14623 3.75967 296.648
110500 1.39992 1.2345 1.12134 3.75575 301.053
110600 1.46454 1.24754 1.1051 3.81718 301.537
110700 1.46006 1.25699 1.15027 3.86732 302.042
110800 1.45211 1.24511 1.1702 3.86742 303.565
110900 1.45075 1.26498 1.16967 3.88541 278.737
111000 1.45749 1.2891 1.2029 3.94948 285.843
111100 1.45413 1.26172 1.24564 3.9615 289.46
111200 1.48201 1.26998 1.23019 3.98218 299.506
111300 1.43998 1.2687 1.21864 3.92732 308.973
111400 1.42207 1.22825 1.22166 3.87199 302.429
111500 1.40234 1.20223 1.16885 3.77342 293.919
111600 1.39082 1.18153 1.14893 3.72128 287.665
111700 1.40737 1.19495 1.13174 3.73406 303.187
111800 1.42802 1.24273 1.14322 3.81397 308.895
111900 1.41805 1.27481 1.16854 3.8614 313.875
112000 1.41891 1.22534 1.21503 3.85928 292.373
112100 1.43951 1.24552 1.20996 3.89499 297.038
112200 1.42508 1.2502 1.23123 3.90651 299.996
112300 1.41798 1.22324 1.19633 3.83756 304.72
112400 1.43569 1.19494 1.15497 3.7856 312.221
112500 1.44398 1.19626 1.14579 3.78604 302.331
112600 1.45331 1.22856 1.13888 3.82075 304.569
112700 1.4168 1.25129 1.15551 3.82361 282.774
112800 1.43332 1.24505 1.16207 3.84045 295.606
112900 1.38854 1.20459 1.16614 3.75927 302.796
113000 1.40071 1.18513 1.12883 3.71467 295.258
113100 1.40942 1.19897 1.13049 3.73888 305.989
113200 1.35849 1.22251 1.14545 3.72646 296.03
113300 1.38465 1.1926 1.14127 3.71853 302.328
113400 1.38215 1.19265 1.16145 3.73624 304.89
113500 1.3411 1.17476 1.15957 3.67543 293.391
113600 1.37168 1.17519 1.15392 3.70079 286.298
113700 1.37811 1.19313 1.15845 3.72969 287.198
113800 1.35481 1.17377 1.12765 3.65623 300.209
113900 1.35038 1.17433 1.14218 3.66689 308.667
114000 1.31833 1.20767 1.14231 3.6683 303.643
114100 1.34137 1.21424 1.14237 3.69798 288.398
114200 1.33412 1.13415 1.1679 3.63617 289.125
114300 1.37248 1.15957 1.15906 3.69111 294.257
114400 1.41044 1.1846 1.18993 3.78497 305.237
114500 1.44531 1.17324 1.18586 3.80441 302.167
114600 1.45818 1.17469 1.14518 3.77805 300.239
114700 1.49782 1.18483 1.10901 3.79165 282.299
114800 1.48768 1.18411 1.13987 3.81165 297.201
114900 1.44973 1.16842 1.13749 3.75564 313.992
115000 1.44229 1.17176 1.12484 3.73889 303.856
115100 1.39005 1.16137 1.15442 3.70584 299.537
115200 1.35414 1.21169 1.16265 3.72848 294.062
115300 1.38394 1.19486 1.16265 3.74146 288.178
115400 1.38629 1.20888 1.18464 3.77981 297.079
115500 1.39001 1.24534 1.20756 3.84291 300.427
115600 1.39864 1.20896 1.17243 3.78004 308.377
115700 1.39756 1.19728 1.16002 3.75485 305.313
115800 1.45169 1.2206 1.1499 3.82218 288.22
115900 1.45205 1.23203 1.156 3.84008 287.346
116000 1.42642 1.22895 1.1886 3.84397 301.863
116100 1.43243 1.19635 1.18395 3.81273 307.659
116200 1.43977 1.17338 1.17602 3.78917 298.753
116300 1.41206 1.1482 1.21376 3.77402 291.674
116400 1.38295 1.13416 1.21218 3.7293 280.237
116500 1.39312 1.16837 1.18845 3.74994 290.752
116600 1.35495 1.17152 1.17347 3.69994 301.374
116700 1.30862 1.19851 1.14047 3.6476 301.606
116800 1.28998 1.2021 1.1371 3.62918 300.44
116900 1.31464 1.2236 1.15218 3.69043 296.689
117000 1.38469 1.2288 1.17014 3.78362 271.998
117100 1.41909 1.23234 1.16993 3.82136 290.723
117200 1.46551 1.25596 1.17052 3.89199 299.428
117300 1.44415 1.24904 1.16928 3.86247 304.914
117400 1.46029 1.24839 1.15589 3.86456 300.195
117500 1.4797 1.31479 1.18073 3.97522 301.656
117600 1.4259 1.27573 1.23168 3.93332 283.429
117700 1.40326 1.24556 1.24805 3.89686 287.588
117800 1.40781 1.25077 1.21668 3.87527 299.656
117900 1.42571 1.21884 1.18653 3.83107 304.064
118000 1.34923 1.15597 1.14818 3.65338 307.104
118100 1.34902 1.12656 1.13369 3.60927 297.14
118200 1.39339 1.13325 1.08998 3.61662 283.438
118300 1.44055 1.11045 1.07531 3.62631 288.995
118400 1.46671 1.12378 1.08517 3.67566 307.062
118500 1.4512 1.15563 1.14817 3.755 303.42
118600 1.44575 1.16896 1.16362 3.77832 296.118
118700 1.45519 1.21246 1.17728 3.84492 295.558
118800 1.44527 1.21095 1.18198 3.83819 302.381
118900 1.41863 1.20918 1.14198 3.7698 304.772
119000 1.3892 1.23773 1.1359 3.76282 319.781
119100 1.40279 1.24768 1.1629 3.81336 295.829
119200 1.3953 1.22412 1.18169 3.80111 288.544
119300 1.42187 1.22566 1.16543 3.81295 297.311
119400 1.43341 1.18075 1.16304 3.77719 302.281
119500 1.40094 1.14878 1.17809 3.72782 301.574
119600 1.39277 1.16473 1.1467 3.7042 309.181
119700 1.36571 1.12765 1.08713 3.58049 315.379
119800 1.3733 1.08969 1.07056 3.53355 306.43
119900 1.4006 1.11621 1.0892 3.60601 304.71
120000 1.39753 1.10568 1.08708 3.59029 286.089
120100 1.39132 1.09172 1.09827 3.58131 304.494
120200 1.40266 1.11988 1.08456 3.6071 298.937
120300 1.42787 1.16592 1.1245 3.71829 319.899
120400 1.40645 1.16412 1.16496 3.73553 334.534
120500 1.41812 1.17698 1.19005 3.78515 308.174
120600 1.43519 1.21422 1.21087 3.86028 300.276
120700 1.43497 1.21014 1.22189 3.86701 292.059
120800 1.45517 1.19061 1.18892 3.83469 301.834
120900 1.41462 1.1942 1.17248 3.7813 299.337
121000 1.39177 1.18072 1.1637 3.73619 313.68
121100 1.44529 1.1348 1.13729 3.71738 302.972
121200 1.42468 1.11703 1.14393 3.68565 287.447
121300 1.32491 1.15807 1.11701 3.59999 289.876
121400 1.3117 1.10574 1.07283 3.49028 293.474
121500 1.32992 1.12021 1.10781 3.55794 314.644
121600 1.41576 1.1522 1.12472 3.69268 308.3
121700 1.41557 1.15526 1.1542 3.72503 300.129
121800 1.433 1.15496 1.20449 3.79245 286.085
121900 1.4421 1.14793 1.19162 3.78164 305.819
122000 1.41913 1.18447 1.18691 3.79051 300.536
122100 1.40439 1.24062 1.15807 3.80308 298.874
122200 1.4241 1.22701 1.17583 3.82694 299.484
122300 1.44721 1.19041 1.19466 3.83228 304.476
122400 1.4183 1.1734 1.16883 3.76053 303.342
122500 1.41507 1.14637 1.14687 3.7083 307.832
122600 1.35356 1.19653 1.1577 3.7078 300.356
122700 1.33898 1.14452 1.1044 3.58789 289.92
122800 1.39048 1.14671 1.13099 3.66818 291.924
122900 1.43792 1.17987 1.16456 3.78236 301.976
123000 1.43925 1.19444 1.17143 3.80513 306.131
123100 1.43398 1.22253 1.16538 3.82188 303.319
123200 1.42453 1.18834 1.16478 3.77765 302.325
123300 1.41135 1.2299 1.16826 3.80951 286.36
123400 1.41622 1.23577 1.15848 3.81047 303.055
123500 1.42091 1.19992 1.15693 3.77776 322.046
123600 1.42168 1.20174 1.16297 3.78639 305.955
123700 1.43344 1.19144 1.1685 3.79338 301.677
123800 1.43413 1.19505 1.17101 3.80019 296.143
123900 1.38842 1.2135 1.15702 3.75894 286.716
124000 1.37487 1.23764 1.15616 3.76867 289.737
124100 1.42942 1.18627 1.14306 3.75875 304.747
124200 1.43205 1.23866 1.13823 3.80895 305.97
124300 1.43508 1.25675 1.16043 3.85226 303.987
124400 1.42819 1.24721 1.20019 3.87559 293.708
124500 1.45002 1.23042 1.19436 3.87479 296.449
124600 1.47287 1.25409 1.15741 3.88436 281.646
124700 1.44892 1.24174 1.13669 3.82735 291.092
124800 1.46392 1.24062 1.16789 3.87244 300.059
124900 1.47225 1.29607 1.16698 3.93529 297.353
125000 1.43834 1.23015 1.17641 3.8449 309.133
125100 1.40414 1.22075 1.15543 3.78032 297.267
125200 1.43819 1.25279 1.13996 3.83093 283.664
125300 1.43766 1.2173 1.16062 3.81558 292.389
125400 1.37741 1.22476 1.22731 3.82948 308.451
125500 1.37647 1.19673 1.23285 3.80605 308.869
125600 1.40845 1.2494 1.17057 3.82841 302.965
125700 1.43805 1.24148 1.2149 3.89443 300.895
125800 1.49787 1.26789 1.18796 3.95373 295.992
125900 1.46462 1.2583 1.18389 3.90682 296.502
126000 1.43896 1.28993 1.20916 3.93805 299.787
126100 1.45467 1.25817 1.22197 3.93481 294.818
126200 1.43174 1.257 1.18255 3.8713 302.255
126300 1.39396 1.27336 1.19799 3.86531 309.051
126400 1.36826 1.276 1.19818 3.84244 302.745
126500 1.38274 1.26688 1.16986 3.81948 302.557
126600 1.37032 1.2486 1.16285 3.78177 288.825
126700 1.37242 1.18393 1.1727 3.72904 289.963
126800 1.41236 1.19548 1.14216 3.75 299.827
126900 1.45465 1.21208 1.1188 3.78553 305.367
127000 1.45142 1.24004 1.12183 3.8133 303.458
127100 1.52284 1.2757 1.16108 3.95962 303.473
127200 1.47189 1.26288 1.22044 3.95521 293.673
127300 1.40867 1.28227 1.23231 3.92325 299.473
127400 1.40579 1.3089 1.22805 3.94274 297.927
127500 1.40212 1.32017 1.24304 3.96533 296.659
127600 1.40237 1.29895 1.2485 3.94981 316.77
127700 1.36551 1.31437 1.19798 3.87786 317.822
127800 1.42959 1.26931 1.14285 3.84175 306.542
127900 1.42514 1.23725 1.15168 3.81407 296.886
128000 1.41625 1.2376 1.13784 3.7917 301.782
128100 1.44108 1.22427 1.18536 3.85071 295.164
128200 1.37717 1.20975 1.19374 3.78066 289.639
128300 1.38056 1.18371 1.15888 3.72314 272.374
128400 1.41618 1.20272 1.17503 3.79393 295.706
128500 1.39261 1.19694 1.198 3.78755 301.412
128600 1.40572 1.17846 1.16623 3.7504 301.529
128700 1.41264 1.17323 1.16609 3.75197 309.419
128800 1.38699 1.1755 1.1739 3.73639 300.909
128900 1.36798 1.19014 1.18666 3.74478 284.549
129000 1.34451 1.20051 1.17093 3.71595 290.354
129100 1.34518 1.21896 1.17846 3.7426 298.407
129200 1.3433 1.24893 1.22777 3.82 300.067
129300 1.34981 1.24124 1.25311 3.84415 307.629
129400 1.36508 1.23524 1.27058 3.87089 306.365
129500 1.42385 1.25266 1.23066 3.90718 285.145
129600 1.45832 1.2212 1.225 3.90452 293.352
129700 1.45496 1.24635 1.20608 3.9074 306.03
129800 1.45352 1.28659 1.17949 3.9196 309.764
129900 1.44674 1.21434 1.16619 3.82728 311.196
130000 1.37228 1.18803 1.13898 3.69928 300.023
130100 1.33102 1.22002 1.15614 3.70718 300.594
130200 1.36298 1.23609 1.16207 3.76115 290.879
130300 1.3585 1.23987 1.16884 3.7672 302.788
130400 1.35333 1.24454 1.20294 3.80081 317.497
130500 1.35428 1.28214 1.20263 3.83905 311.375
130600 1.40516 1.29656 1.21947 3.92119 308.96
130700 1.437 1.29014 1.23084 3.95798 300.227
130800 1.44227 1.2394 1.2148 3.89646 292.948
130900 1.44573 1.24103 1.22594 3.9127 298.237
131000 1.38678 1.24948 1.21595 3.8522 303.632
131100 1.39696 1.23075 1.23358 3.86129 321.045
131200 1.43843 1.19474 1.208 3.84117 299.696
131300 1.38177 1.21467 1.19638 3.79281 303.289
131400 1.34622 1.23919 1.20058 3.786 297.441
131500 1.35482 1.23292 1.16424 3.75199 289.931
131600 1.38947 1.20577 1.12267 3.7179 307.651
131700 1.38277 1.23148 1.15459 3.76884 319.057
131800 1.37637 1.26764 1.18264 3.82665 305.61
131900 1.30181 1.25418 1.17938 3.73537 303.361
132000 1.27788 1.15982 1.14477 3.58247 294.491
132100 1.29872 1.18338 1.17156 3.65366 291.388
132200 1.35778 1.18071 1.17843 3.71692 298.871
132300 1.35542 1.16055 1.19856 3.71452 301.449
132400 1.33592 1.17507 1.24668 3.75768 301.977
132500 1.3129 1.19909 1.20961 3.7216 297.668
132600 1.29586 1.18893 1.16877 3.65357 295.054
132700 1.3484 1.18002 1.16063 3.68904 282.644
132800 1.37173 1.18683 1.14866 3.70722 288.542
132900 1.36615 1.20886 1.15047 3.72549 305.819
133000 1.36938 1.2657 1.19379 3.82886 300.288
133100 1.41165 1.23238 1.19907 3.8431 302.469
133200 1.42008 1.24005 1.15361 3.81374 303.278
133300 1.37046 1.204 1.16469 3.73916 284.494
133400 1.33885 1.22334 1.16603 3.72822 285.739
133500 1.31835 1.17508 1.16304 3.65647 301.023
133600 1.32875 1.1319 1.14321 3.60387 304.791
133700 1.33406 1.13111 1.10884 3.57401 301.998
133800 1.2893 1.13382 1.12405 3.54718 304.68
133900 1.3024 1.09997 1.09987 3.50224 288.362
134000 1.29919 1.10251 1.03369 3.43539 277.218
134100 1.2823 1.11579 1.05798 3.45608 282.359
134200 1.26216 1.12899 1.08166 3.47281 301.23
134300 1.30805 1.16022 1.11376 3.58203 297.462
134400 1.31437 1.15901 1.13529 3.60867 304.734
134500 1.28988 1.15214 1.12739 3.56941 307.963
134600 1.33889 1.20805 1.1255 3.67243 291.74
134700 1.37353 1.22306 1.18226 3.77886 283.999
134800 1.35937 1.17371 1.16902 3.7021 296.433
134900 1.31199 1.18148 1.12905 3.62253 312.529
135000 1.28488 1.16752 1.09954 3.55195 299.796
135100 1.31593 1.17819 1.12633 3.62045 299.423
135200 1.30265 1.17435 1.1139 3.5909 300.909
135300 1.26425 1.1432 1.0948 3.50225 303.896
135400 1.25016 1.18242 1.13487 3.56744 311.204
135500 1.28065 1.18969 1.13734 3.60767 309.324
135600 1.30343 1.18756 1.15642 3.6474 304.236
135700 1.34899 1.20576 1.16506 3.71981 290.414
135800 1.40222 1.23254 1.14504 3.7798 300.212
135900 1.49145 1.2294 1.10902 3.82987 299.998
136000 1.46775 1.19228 1.12907 3.7891 309.08
136100 1.43076 1.22309 1.13977 3.79362 313.175
136200 1.40639 1.22318 1.16025 3.78982 308.433
136300 1.42932 1.21134 1.14314 3.7838 300.313
136400 1.36335 1.1607 1.15792 3.68197 292.664
136500 1.31851 1.1865 1.176 3.68101 299.852
136600 1.33096 1.18606 1.19214 3.70916 303.43
136700 1.34631 1.15884 1.14375 3.6489 314.248
136800 1.31679 1.16697 1.12568 3.60944 308.818
136900 1.3194 1.16725 1.10291 3.58957 289.474
137000 1.30783 1.19287 1.06325 3.56396 283.24
137100 1.30196 1.14132 1.08362 3.5269 299.055
137200 1.33687 1.11288 1.10499 3.55475 310.681
137300 1.37395 1.17884 1.11828 3.67107 300.195
137400 1.35944 1.17768 1.16581 3.70293 300.926
137500 1.34445 1.14675 1.206 3.6972 300.168
137600 1.39388 1.16044 1.23958 3.79391 300.505
137700 1.4252 1.21376 1.22829 3.86726 302.665
137800 1.3888 1.21361 1.23183 3.83424 305.198
137900 1.38819 1.19811 1.22449 3.81079 303.689
138000 1.43051 1.23904 1.20986 3.87941 293.474
138100 1.4436 1.23619 1.16292 3.8427 286.525
138200 1.38454 1.18828 1.15716 3.72997 300.326
138300 1.2793 1.20481 1.15872 3.64283 305.049
138400 1.30832 1.16507 1.16479 3.63818 312.197
138500 1.3295 1.18422 1.16798 3.68171 302.434
138600 1.36473 1.14224 1.20408 3.71105 297.848
138700 1.36644 1.19995 1.2516 3.81799 295.475
138800 1.43147 1.21265 1.22479 3.86891 304.347
138900 1.43981 1.23402 1.1772 3.85103 303.58
139000 1.3889 1.19559 1.16294 3.74742 290.959
139100 1.3943 1.24018 1.15361 3.78809 280.171
139200 1.37721 1.22311 1.15503 3.75536 294.907
139300 1.27692 1.22737 1.16525 3.66954 302.973
139400 1.31374 1.21091 1.17652 3.70117 306.734
139500 1.37889 1.2372 1.21181 3.82789 304.604
139600 1.40779 1.22981 1.26131 3.89891 290.057
139700 1.42292 1.23944 1.28163 3.94399 284.548
139800 1.39706 1.25802 1.25046 3.90554 293.54
139900 1.40566 1.25751 1.19873 3.86191 295.314
140000 1.42495 1.23973 1.20251 3.86719 301.355
140100 1.43386 1.27598 1.17214 3.88198 300.528
140200 1.46938 1.28392 1.16784 3.92114 317.024
140300 1.50351 1.30033 1.18933 3.99317 322.794
140400 1.46228 1.27807 1.18275 3.9231 298.44
140500 1.44624 1.25595 1.22884 3.93102 293.162
140600 1.41395 1.2402 1.28577 3.93991 296.493
140700 1.38466 1.22436 1.28082 3.88983 302.619
140800 1.3967 1.21444 1.24903 3.86017 309.855
140900 1.41912 1.24748 1.22341 3.89001 319.561
141000 1.42566 1.22645 1.26864 3.92075 302.844
141100 1.42821 1.23694 1.25897 3.92412 287.371
141200 1.47232 1.20788 1.20143 3.88163 300.222
141300 1.47117 1.16326 1.18666 3.8211 312.992
141400 1.41326 1.17928 1.1995 3.79204 294.52
141500 1.43838 1.2094 1.21041 3.85819 282.764
141600 1.44006 1.17631 1.1812 3.79756 290.478
141700 1.37574 1.15757 1.12887 3.66219 307.023
141800 1.3964 1.14368 1.12224 3.66232 308.139
141900 1.39705 1.15736 1.13302 3.68742 297.519
142000 1.32515 1.17244 1.14077 3.63836 298.677
142100 1.30376 1.2254 1.16138 3.69053 295.695
142200 1.31647 1.21184 1.23215 3.76046 273.635
142300 1.33827 1.25629 1.26567 3.86022 289.203
142400 1.3109 1.26663 1.23348 3.81101 299.296
142500 1.34583 1.30634 1.24783 3.9 304.907
142600 1.39133 1.26275 1.25918 3.91326 303.329
142700 1.36857 1.2314 1.24128 3.84125 296.865
142800 1.42029 1.18093 1.24737 3.84859 289.407
142900 1.46307 1.22363 1.19951 3.8862 283.202
143000 1.45479 1.16066 1.18267 3.79811 300.652
143100 1.41599 1.18959 1.18003 3.78562 304.118
143200 1.38961 1.13766 1.1893 3.71657 301.283
143300 1.39211 1.1598 1.18159 3.73351 294.468
143400 1.37827 1.21915 1.22441 3.82183 288.636
143500 1.36634 1.30373 1.24976 3.91984 303.013
143600 1.37565 1.29494 1.26304 3.93363 310.926
143700 1.36731 1.28152 1.25308 3.90191 313.756
143800 1.36477 1.24241 1.18149 3.78866 294.621
143900 1.37047 1.22886 1.15565 3.75498 289.856
144000 1.37465 1.17887 1.12876 3.68228 296.01
144100 1.43577 1.18877 1.18776 3.8123 298.476
144200 1.48157 1.16783 1.21761 3.86702 301.486
144300 1.44256 1.18908 1.21295 3.8446 303.251
144400 1.44385 1.20685 1.21259 3.86329 300.112
144500 1.42948 1.17622 1.17744 3.78313 301.187
144600 1.38533 1.22493 1.15618 3.76644 299.035
144700 1.3577 1.22197 1.1447 3.72437 290.123
144800 1.38349 1.2133 1.11181 3.7086 297.856
144900 1.37172 1.18881 1.0958 3.65632 287.366
145000 1.36827 1.18137 1.11512 3.66475 310.611
145100 1.36963 1.14261 1.1668 3.67905 311.938
145200 1.37615 1.14728 1.18396 3.70739 297.301
145300 1.34649 1.18416 1.16982 3.70047 291.822
145400 1.31325 1.20345 1.21426 3.73096 303.802
145500 1.28592 1.21398 1.19932 3.69922 316.312
145600 1.31107 1.26319 1.15864 3.7329 317.429
145700 1.40854 1.27404 1.16001 3.84259 299.424
145800 1.41502 1.25431 1.18015 3.84948 295.699
145900 1.37918 1.20168 1.20058 3.78144 297.323
146000 1.3615 1.21462 1.16561 3.74173 303.761
146100 1.33761 1.16805 1.17536 3.68103 305.673
146200 1.32109 1.15512 1.18496 3.66118 318.945
146300 1.33874 1.12184 1.1297 3.59029 309.551
146400 1.37 1.11627 1.1118 3.59807 297.044
146500 1.32389 1.07965 1.10086 3.5044 297.683
146600 1.34943 1.09802 1.12499 3.57245 303.44
146700 1.32687 1.08082 1.1155 3.52319 289.093
146800 1.27569 1.08731 1.10399 3.46699 284.475
146900 1.31811 1.11154 1.10116 3.53082 293.994
147000 1.31037 1.12972 1.1124 3.5525 302.952
147100 1.33952 1.10485 1.15442 3.5988 312.509
147200 1.4327 1.13296 1.18888 3.75453 308.056
147300 1.46245 1.12091 1.19978 3.78314 298.748
147400 1.38939 1.09773 1.20682 3.69394 294.657
147500 1.36908 1.12272 1.17776 3.66956 294.418
147600 1.41363 1.12709 1.17405 3.71478 307.209
147700 1.43449 1.15758 1.19638 3.78845 302.908
147800 1.38536 1.15379 1.17639 3.71554 284.41
147900 1.35375 1.16823 1.17827 3.70025 278.663
148000 1.36874 1.15111 1.16576 3.68562 288.601
148100 1.39947 1.12736 1.16905 3.69588 302.407
148200 1.37766 1.14471 1.11818 3.64055 301.536
148300 1.39845 1.1115 1.09831 3.60826 299.919
148400 1.40812 1.09054 1.13462 3.63328 301.133
148500 1.36821 1.10473 1.142 3.61494 300.229
148600 1.35521 1.08777 1.11508 3.55805 316.93
148700 1.34904 1.10187 1.17312 3.62403 293.995
148800 1.34037 1.11956 1.18621 3.64614 285.725
148900 1.36681 1.11536 1.13877 3.62094 303.392
149000 1.35359 1.1319 1.119 3.60448 308.538
149100 1.38622 1.16864 1.16195 3.71681 318.959
149200 1.41631 1.1937 1.18668 3.79669 298.851
149300 1.4152 1.15052 1.21052 3.77625 301.076
149400 1.39378 1.14173 1.20158 3.73709 295.726
149500 1.3909 1.11809 1.13026 3.63925 304.745
149600 1.40157 1.13924 1.13512 3.67592 318.595
149700 1.37317 1.14239 1.15143 3.66699 310.603
149800 1.381 1.13043 1.1824 3.69383 298.92
149900 1.45902 1.20089 1.18799 3.8479 290.544
150000 1.47254 1.18081 1.1825 3.83585 295.075
150100 1.4092 1.19207 1.21399 3.81526 304.944
150200 1.41442 1.21006 1.22281 3.84729 296.297
150300 1.39652 1.21477 1.18906 3.80034 298.838
150400 1.35174 1.1848 1.17307 3.7096 299.828
150500 1.35381 1.10148 1.14085 3.59613 309.365
150600 1.35699 1.04376 1.09895 3.4997 288.348
150700 1.3151 1.0732 1.09919 3.48749 283.981
150800 1.35902 1.13826 1.11394 3.61122 300.53
150900 1.38543 1.15784 1.14852 3.69179 305.323
151000 1.35458 1.16609 1.15999 3.68066 298.347
151100 1.33863 1.20066 1.17384 3.71312 302.488
151200 1.37869 1.18416 1.21525 3.7781 301.259
151300 1.38226 1.17308 1.18046 3.7358 292.674
151400 1.41231 1.15159 1.18868 3.75258 291.95
151500 1.41609 1.16529 1.20921 3.79059 289.397
151600 1.42728 1.16911 1.20123 3.79763 301.226
151700 1.38244 1.18228 1.14962 3.71435 312.888
151800 1.38434 1.13873 1.11702 3.64008 305.368
151900 1.37545 1.12882 1.0887 3.59297 291.101
152000 1.34382 1.14886 1.13296 3.62563 294.232
152100 1.36103 1.17689 1.15405 3.69197 304.957
152200 1.41777 1.18084 1.16923 3.76784 320.643
152300 1.43091 1.19141 1.13089 3.75322 319.535
152400 1.42177 1.19944 1.13296 3.75417 303.682
152500 1.46134 1.18553 1.17323 3.8201 307.955
152600 1.46972 1.16435 1.22716 3.86123 294.384
152700 1.47962 1.17086 1.24356 3.89403 293.201
152800 1.46048 1.18545 1.2434 3.88933 291.022
152900 1.48226 1.2142 1.23333 3.92978 297.336
153000 1.53239 1.2675 1.19438 3.99427 313.92
153100 1.56071 1.23357 1.20291 3.99719 307.688
153200 1.53805 1.24713 1.19125 3.97643 303.669
153300 1.4352 1.19724 1.19499 3.82743 293.214
153400 1.41911 1.21812 1.19912 3.83635 299.73
153500 1.45042 1.23813 1.22881 3.91736 303.982
153600 1.45592 1.21788 1.22134 3.89514 303.78
153700 1.42811 1.17868 1.22453 3.83132 321.518
153800 1.4085 1.19259 1.12552 3.72661 314.664
153900 1.3593 1.18418 1.12266 3.66613 292.8
154000 1.34317 1.15559 1.10236 3.60112 295.645
154100 1.32382 1.16806 1.1319 3.62377 310.203
154200 1.33031 1.20259 1.14885 3.68175 301.656
154300 1.37633 1.19303 1.22057 3.78993 298.19
154400 1.43949 1.18939 1.24317 3.87204 286.519
154500 1.44872 1.16823 1.15255 3.76951 294.518
154600 1.4162 1.17703 1.13811 3.73134 310.56
154700 1.41919 1.17816 1.12869 3.72604 303.442
154800 1.46233 1.21488 1.19524 3.87244 304.079
154900 1.48217 1.2346 1.19718 3.91394 301.284
155000 1.46432 1.22647 1.21989 3.91068 305.5
155100 1.55002 1.23939 1.2846 4.07401 287.276
155200 1.56756 1.24767 1.31782 4.13304 294.521
155300 1.54822 1.26338 1.28938 4.10097 315.178
155400 1.47122 1.26341 1.22185 3.95648 309.885
155500 1.42408 1.22503 1.19858 3.84769 294.327
155600 1.41963 1.17971 1.16619 3.76553 298.313
155700 1.39606 1.1782 1.16426 3.73852 292.598
155800 1.39099 1.20602 1.21307 3.81008 286.729
155900 1.41957 1.22195 1.22442 3.86594 291.787
156000 1.41785 1.22152 1.20969 3.84906 305.73
156100 1.41089 1.20273 1.25688 3.8705 303.977
156200 1.42851 1.18598 1.24003 3.85452 307.153
156300 1.45704 1.18488 1.19751 3.83943 303.056
156400 1.49227 1.19322 1.23019 3.91568 298.631
156500 1.49356 1.18254 1.27061 3.9467 287.754
156600 1.44939 1.17022 1.21018 3.8298 286.665
156700 1.40782 1.15129 1.13243 3.69154 305.893
156800 1.41449 1.14759 1.14179 3.70387 312.847
156900 1.42338 1.18244 1.11865 3.72446 307.023
157000 1.36277 1.1737 1.14618 3.68265 295.054
157100 1.36626 1.13758 1.19061 3.69446 303.139
157200 1.37211 1.14799 1.19314 3.71324 290.622
157300 1.3865 1.15674 1.20411 3.74735 296.654
157400 1.34928 1.17206 1.21964 3.74098 313.598
157500 1.34607 1.14858 1.17042 3.66507 311.158
157600 1.41623 1.15476 1.15665 3.72764 297.241
157700 1.40296 1.12126 1.20835 3.73257 296.31
157800 1.4732 1.12412 1.22928 3.8266 298.939
157900 1.43703 1.14915 1.20396 3.79014 293.636
158000 1.44412 1.17516 1.18712 3.80639 314.45
158100 1.48196 1.17417 1.18644 3.84257 316.547
158200 1.49453 1.20579 1.22047 3.92079 300.604
158300 1.4069 1.17049 1.20789 3.78528 301.28
158400 1.3809 1.12517 1.20078 3.70684 288.596
158500 1.38174 1.11626 1.17242 3.67042 305.812
158600 1.3538 1.11476 1.18723 3.6558 313.786
158700 1.32343 1.11186 1.15884 3.59412 315.838
158800 1.35351 1.13819 1.14489 3.63658 310.136
158900 1.36845 1.13303 1.13026 3.63173 297.716
159000 1.40453 1.1368 1.12104 3.66237 288.11
159100 1.38775 1.13157 1.15053 3.66985 303.061
159200 1.37415 1.1683 1.19106 3.73351 317.465
159300 1.36031 1.16959 1.17251 3.70241 308.386
159400 1.34814 1.15307 1.16844 3.66965 301.738
159500 1.407 1.17306 1.12035 3.70041 297.37
159600 1.42148 1.15294 1.13238 3.7068 287.751
159700 1.39323 1.15995 1.14993 3.70311 307.846
159800 1.38731 1.17139 1.14981 3.70851 313.878
159900 1.33731 1.15334 1.16285 3.65351 307.595
160000 1.29674 1.14694 1.13049 3.57417 290.795
160100 1.3106 1.08356 1.13229 3.52645 300.612
160200 1.3318 1.12459 1.16078 3.61717 300.8
160300 1.33814 1.11196 1.16821 3.61832 308.016
160400 1.33298 1.1117 1.19694 3.64161 311.993
160500 1.33019 1.15434 1.20583 3.69036 303.034
160600 1.36254 1.17613 1.19908 3.73775 289.525
160700 1.42119 1.18119 1.1876 3.78998 296.808
160800 1.47161 1.16838 1.17396 3.81395 297.041
160900 1.43728 1.14341 1.19269 3.77338 314.032
161000 1.39226 1.18626 1.23253 3.81106 305.699
161100 1.43249 1.21619 1.19681 3.84548 305.057
161200 1.46475 1.17977 1.18159 3.82611 301.773
161300 1.4246 1.19009 1.23528 3.84997 299.625
161400 1.36669 1.15594 1.22618 3.74882 296.161
161500 1.37757 1.19643 1.22042 3.79442 301.273
161600 1.39237 1.2007 1.17592 3.769 301.165
161700 1.42777 1.18354 1.13122 3.74253 297.071
161800 1.46421 1.218 1.1628 3.84501 303.017
161900 1.53295 1.26599 1.23678 4.03571 313.259
162000 1.53817 1.24601 1.25894 4.04311 309.799
162100 1.54237 1.25965 1.26522 4.06724 300.3
162200 1.55986 1.26195 1.28021 4.10202 291.279
162300 1.58623 1.26308 1.23806 4.08737 294.081
162400 1.61343 1.25648 1.20932 4.07923 300.984
162500 1.56033 1.2568 1.19652 4.01366 310.283
162600 1.53312 1.25943 1.20081 3.99335 294.75
162700 1.48655 1.27458 1.2183 3.97942 278.762
162800 1.45761 1.22532 1.17305 3.85598 289.498
162900 1.48375 1.21049 1.1807 3.87494 297.768
163000 1.47 1.16922 1.19268 3.8319 307.238
163100 1.44385 1.18395 1.19522 3.82302 304.536
163200 1.39572 1.21308 1.16271 3.77151 281.933
163300 1.39318 1.20327 1.16378 3.76024 281.596
163400 1.41323 1.18812 1.18982 3.79118 296.033
163500 1.42266 1.18202 1.22279 3.82747 302.465
163600 1.41018 1.15061 1.20077 3.76156 305.205
163700 1.43818 1.15984 1.18781 3.78583 301.536
163800 1.44772 1.17079 1.16246 3.78097 291.927
163900 1.49208 1.16911 1.18698 3.84817 279.706
164000 1.48823 1.16313 1.19224 3.8436 296.193
164100 1.48957 1.16603 1.19227 3.84786 294.192
164200 1.50156 1.18382 1.22333 3.90871 306.849
164300 1.50881 1.23218 1.2359 3.9769 298.551
164400 1.49579 1.22408 1.19222 3.91209 293.087
164500 1.52133 1.24404 1.20969 3.97506 291.207
164600 1.48803 1.18645 1.22768 3.90217 289.011
164700 1.46059 1.23224 1.18587 3.8787 291.248
164800 1.50264 1.20464 1.178 3.88528 305.271
164900 1.50763 1.17242 1.18583 3.86587 309.817
165000 1.47459 1.19314 1.16667 3.8344 292.241
165100 1.43061 1.19856 1.13052 3.75969 292.859
165200 1.42818 1.19541 1.15912 3.78271 295.33
165300 1.42143 1.18638 1.17538 3.78318 293.68
165400 1.40759 1.15133 1.17532 3.73424 303.641
165500 1.42087 1.19066 1.17801 3.78955 307.104
165600 1.48047 1.16712 1.21624 3.86383 303.642
165700 1.43148 1.13965 1.23921 3.81034 287.137
165800 1.41339 1.16808 1.23539 3.81686 292.249
165900 1.46941 1.20724 1.22107 3.89772 306.957
166000 1.52112 1.18827 1.17851 3.88789 311.05
166100 1.44736 1.19332 1.12126 3.76194 310.748
166200 1.38627 1.21333 1.12474 3.72434 305.849
166300 1.45887 1.21763 1.16586 3.84236 293.516
166400 1.49917 1.2433 1.18214 3.92461 299.417
166500 1.44192 1.21295 1.1875 3.84236 300.399
166600 1.3921 1.17562 1.19278 3.76051 297.041
166700 1.36925 1.15927 1.19053 3.71904 307.555
166800 1.41147 1.16338 1.17334 3.74819 318.397
166900 1.42666 1.1735 1.19625 3.79641 308.276
167000 1.42716 1.1459 1.1823 3.75536 298.72
167100 1.39644 1.14395 1.12126 3.66165 291.115
167200 1.39622 1.16246 1.14134 3.70002 307.851
167300 1.43221 1.17484 1.19397 3.80102 315.981
167400 1.45173 1.20285 1.20051 3.8551 320.23
167500 1.40581 1.17977 1.22008 3.80566 299.783
167600 1.38942 1.21906 1.24508 3.85356 294.711
167700 1.41984 1.20407 1.2253 3.8492 302.019
167800 1.35352 1.19333 1.20023 3.74708 306.043
167900 1.41455 1.19478 1.15007 3.75939 310.413
168000 1.42253 1.22833 1.14758 3.79844 295.252
168100 1.38416 1.2345 1.17557 3.79422 286.976
168200 1.39776 1.24972 1.16346 3.81094 292.654
168300 1.42679 1.23688 1.18364 3.84731 303.453
168400 1.45227 1.2665 1.21317 3.93194 310.41
168500 1.47848 1.28695 1.24611 4.01154 299.834
168600 1.44808 1.25086 1.24309 3.94203 293.85
168700 1.42771 1.23802 1.22029 3.88602 294.575
168800 1.45784 1.26406 1.23527 3.95717 308.039
168900 1.47593 1.24571 1.27867 4.00031 314.176
169000 1.46023 1.29262 1.2546 4.00746 302.275
169100 1.48352 1.28032 1.23929 4.00314 300.133
169200 1.54754 1.29039 1.21985 4.05778 295.131
169300 1.49113 1.29305 1.20656 3.99074 299.727
169400 1.43209 1.30345 1.17377 3.90931 299.164
169500 1.40836 1.34631 1.17367 3.92834 298.902
169600 1.43677 1.30904 1.19285 3.93866 304.286
169700 1.50585 1.30792 1.20047 4.01424 294.396
169800 1.53986 1.29036 1.19011 4.02032 293.592
169900 1.52929 1.2558 1.1843 3.9694 313.351
170000 1.45775 1.20906 1.21015 3.87695 317.42
170100 1.39554 1.18552 1.2126 3.79366 302.882
170200 1.36639 1.18079 1.18927 3.73645 297.576
170300 1.35695 1.18495 1.13495 3.67686 290.945
170400 1.39388 1.18848 1.14679 3.72915 299.356
170500 1.45426 1.16626 1.17895 3.79947 317.873
170600 1.45069 1.17785 1.16921 3.79775 310.64
170700 1.43967 1.18183 1.14958 3.77107 308.651
170800 1.36604 1.16392 1.12838 3.65834 300.93
170900 1.31536 1.14072 1.19129 3.64738 295.631
171000 1.28913 1.16619 1.23674 3.69205 304.798
171100 1.32696 1.2122 1.20466 3.74381 312.51
171200 1.28623 1.24879 1.20013 3.73515 307.169
171300 1.32917 1.23418 1.19206 3.75542 292.608
171400 1.33941 1.2288 1.16793 3.73614 287.632
171500 1.35245 1.25843 1.18979 3.80068 297.978
171600 1.3934 1.24347 1.19404 3.8309 313.439
171700 1.38433 1.2227 1.1944 3.80143 308.583
171800 1.38803 1.22695 1.18149 3.79647 297.097
171900 1.41114 1.20061 1.17075 3.7825 299.067
172000 1.41887 1.29208 1.22742 3.93837 291.049
172100 1.47605 1.29933 1.25055 4.02594 277.127
172200 1.48738 1.30694 1.23074 4.02506 285.9
172300 1.47229 1.2478 1.2235 3.9436 302.138
172400 1.46068 1.25232 1.20948 3.92248 300.818
172500 1.4644 1.23215 1.16714 3.8637 303.716
172600 1.44754 1.23982 1.16141 3.84877 302.812
172700 1.46288 1.22507 1.13977 3.82772 317.655
172800 1.49715 1.30378 1.11772 3.91865 311.241
172900 1.49045 1.27081 1.18302 3.94427 300.531
173000 1.49528 1.25697 1.25234 4.00459 304.184
173100 1.50442 1.29119 1.26575 4.06135 295.168
173200 1.49117 1.27387 1.31354 4.07859 291.608
173300 1.46348 1.28871 1.2893 4.04149 307.034
173400 1.46321 1.25832 1.23186 3.95339 311.512
173500 1.49383 1.28126 1.23927 4.01436 308.341
173600 1.50963 1.27039 1.18966 3.96968 299.833
173700 1.53833 1.26783 1.18525 3.99141 295.537
173800 1.48956 1.30617 1.24943 4.04515 295.9
173900 1.44861 1.27604 1.21218 3.93684 302.617
174000 1.45979 1.26978 1.21203 3.94161 311.194
174100 1.4396 1.26164 1.21934 3.92058 302.764
174200 1.37943 1.24443 1.22356 3.84742 288.87
174300 1.39666 1.22331 1.22238 3.84236 292.211
174400 1.47514 1.23519 1.22357 3.93391 304.348
174500 1.51595 1.2341 1.22324 3.97329 305.788
174600 1.48346 1.29277 1.21889 3.99512 305.844
174700 1.5014 1.28464 1.28228 4.06833 298.707
174800 1.53316 1.33342 1.27238 4.13896 294.207
174900 1.52793 1.29704 1.25452 4.07948 283.123
175000 1.54129 1.31264 1.22892 4.08284 274.839
175100 1.50552 1.28364 1.21534 4.0045 282.148
175200 1.47217 1.26412 1.25041 3.9867 305.707
175300 1.49591 1.26626 1.24372 4.00589 311.82
175400 1.48138 1.27875 1.2159 3.97604 293.435
175500 1.44012 1.25337 1.22338 3.91688 291.426
175600 1.45167 1.22744 1.21555 3.89467 288.026
175700 1.47592 1.23269 1.21499 3.92361 310.329
175800 1.51055 1.24993 1.20362 3.9641 303.438
175900 1.48037 1.27287 1.14334 3.89658 305.347
176000 1.50575 1.25353 1.17449 3.93376 292.813
176100 1.51457 1.23673 1.23534 3.98663 289.19
176200 1.54419 1.28293 1.2674 4.09452 288.234
176300 1.55532 1.27663 1.26599 4.09794 306.145
176400 1.55475 1.30864 1.2357 4.09909 301.184
176500 1.55426 1.33462 1.22152 4.1104 298.929
176600 1.50278 1.35331 1.25931 4.1154 299.853
176700 1.47955 1.33821 1.26615 4.08392 302.942
176800 1.49865 1.35456 1.2678 4.121 304.037
176900 1.50467 1.33362 1.25939 4.09767 303.22
177000 1.48928 1.28622 1.22069 3.99619 285.691
177100 1.47788 1.29733 1.20145 3.97666 290.11
177200 1.45806 1.28512 1.19256 3.93573 305.214
177300 1.40681 1.2564 1.20597 3.86918 306.232
177400 1.42512 1.25253 1.1769 3.85455 303.932
177500 1.46284 1.27586 1.16593 3.90462 294.993
177600 1.47517 1.27646 1.25662 4.00825 290.665
177700 1.50952 1.32857 1.29388 4.13197 289.282
177800 1.46693 1.27656 1.28123 4.02472 282.127
177900 1.41999 1.32404 1.31249 4.05652 302.501
178000 1.45079 1.34993 1.29697 4.09769 300.814
178100 1.50275 1.30717 1.23066 4.04059 304.086
178200 1.51761 1.28428 1.26635 4.06824 295.046
178300 1.52248 1.30567 1.28204 4.11019 281.622
178400 1.51696 1.31549 1.24118 4.07363 298.495
178500 1.54036 1.26042 1.24378 4.04456 309.686
178600 1.51421 1.27207 1.29732 4.08361 303.258
178700 1.49891 1.30528 1.30924 4.11343 303.097
178800 1.524 1.35815 1.28818 4.17033 297.896
178900 1.51369 1.33997 1.28331 4.13697 286.716
179000 1.51259 1.36217 1.30081 4.17557 286.584
179100 1.51945 1.35708 1.27777 4.15431 284.141
179200 1.49015 1.35645 1.27783 4.12442 292.174
179300 1.46377 1.37095 1.28254 4.11725 304.962
179400 1.50769 1.34993 1.30618 4.1638 309.111
179500 1.52986 1.34403 1.2854 4.15929 295.405
179600 1.52282 1.36031 1.28693 4.17005 292.663
179700 1.49724 1.3452 1.3125 4.15495 289.132
179800 1.51096 1.36992 1.32004 4.20093 304.059
179900 1.54532 1.38844 1.27811 4.21188 307.287
180000 1.50146 1.29771 1.26841 4.06759 311.571
180100 1.51859 1.27196 1.22905 4.01959 302.359
180200 1.55241 1.29616 1.23326 4.08182 288.788
180300 1.56251 1.31003 1.23897 4.11151 302.107
180400 1.60699 1.33984 1.23658 4.1834 298
180500 1.62991 1.34587 1.21749 4.19327 312.67
180600 1.63705 1.32228 1.21951 4.17885 322.827
180700 1.58645 1.29138 1.25901 4.13684 313.284
180800 1.56546 1.26321 1.25908 4.08775 304.188
180900 1.57128 1.25513 1.20232 4.02873 296.132
181000 1.59095 1.28541 1.22924 4.10561 288.498
181100 1.54296 1.27382 1.26308 4.07986 293.962
181200 1.47332 1.28536 1.25302 4.0117 314.414
181300 1.42043 1.2519 1.24431 3.91664 297.554
181400 1.42336 1.20943 1.18321 3.81601 304.231
181500 1.44212 1.26085 1.20406 3.90703 289.769
181600 1.4346 1.31127 1.23468 3.98055 285.209
181700 1.45553 1.33805 1.21358 4.00716 300.88
181800 1.52616 1.29887 1.16648 3.9915 312.883
181900 1.51073 1.30412 1.18569 4.00053 301.773
182000 1.52532 1.25006 1.16506 3.94045 295.69
182100 1.49552 1.24035 1.15638 3.89225 298.543
182200 1.40708 1.21167 1.14915 3.7679 289.965
182300 1.38878 1.19693 1.17043 3.75615 295.939
182400 1.40747 1.21897 1.19472 3.82116 310.735
182500 1.45514 1.21121 1.23568 3.90202 310.553
182600 1.47184 1.19952 1.21938 3.89074 298.268
182700 1.44956 1.25752 1.21791 3.92499 295.51
182800 1.46013 1.23052 1.18241 3.87307 296.04
182900 1.48972 1.25429 1.14079 3.8848 295.113
183000 1.48635 1.23485 1.12715 3.84835 308.103
183100 1.48426 1.26518 1.11604 3.86548 311.332
183200 1.45653 1.20106 1.12226 3.77986 311.029
183300 1.45816 1.22763 1.1876 3.87339 293.563
183400 1.45445 1.2496 1.19933 3.90337 294.002
183500 1.42816 1.23949 1.23092 3.89857 294.998
183600 1.44801 1.22744 1.25894 3.93438 310.546
183700 1.43681 1.28919 1.23686 3.96286 310.474
183800 1.43918 1.26819 1.18622 3.89358 301.752
183900 1.39924 1.20329 1.17195 3.77447 302.419
184000 1.43836 1.19986 1.15676 3.79498 295.274
184100 1.49421 1.22966 1.17168 3.89554 301.355
184200 1.52506 1.21047 1.16139 3.89691 315.345
184300 1.51287 1.2749 1.2117 3.99947 318.801
184400 1.47965 1.26512 1.18958 3.93434 303.696
184500 1.47135 1.18089 1.18493 3.83717 301.711
184600 1.42983 1.18053 1.14115 3.75151 292.971
184700 1.3847 1.17027 1.11865 3.67361 300.895
184800 1.36602 1.21649 1.16139 3.7439 306.798
184900 1.36387 1.21095 1.18764 3.76247 313.97
185000 1.41125 1.20167 1.20652 3.81944 315.884
185100 1.39338 1.19422 1.22551 3.81311 304.929
185200 1.38045 1.22956 1.15932 3.76932 305.823
185300 1.37131 1.21345 1.15814 3.7429 295.112
185400 1.3416 1.23894 1.12755 3.70809 292.67
185500 1.41489 1.21744 1.1129 3.74524 308.076
185600 1.41828 1.25029 1.12254 3.79111 313.657
185700 1.47394 1.21771 1.16745 3.8591 314.684
185800 1.50654 1.19672 1.18442 3.88768 304.63
185900 1.46816 1.17242 1.17903 3.81962 295.408
186000 1.4673 1.16471 1.15373 3.78573 308.76
186100 1.40202 1.17176 1.12931 3.70309 289.562
186200 1.37237 1.17787 1.1925 3.74274 278.09
186300 1.37424 1.26023 1.21001 3.84448 289.754
186400 1.38358 1.23367 1.21695 3.8342 301.856
186500 1.38934 1.2826 1.20389 3.87583 304.768
186600 1.43813 1.26864 1.21843 3.92519 303.263
186700 1.4544 1.29522 1.23448 3.9841 291.976
186800 1.50182 1.26864 1.19301 3.96346 294.05
186900 1.57291 1.28268 1.16198 4.01757 299.483
187000 1.56128 1.26689 1.1761 4.00427 304.924
187100 1.48589 1.24418 1.17876 3.90883 312.745
187200 1.49044 1.24871 1.25273 3.99188 305.042
187300 1.52106 1.27948 1.25929 4.05984 293.626
187400 1.48391 1.26354 1.25226 3.99971 289.683
187500 1.47697 1.26294 1.24152 3.98144 301.663
187600 1.44417 1.26348 1.18314 3.89079 309.929
187700 1.4472 1.27031 1.19551 3.91302 308.963
187800 1.45858 1.30209 1.19694 3.95761 287.57
187900 1.45685 1.31345 1.20912 3.97942 288.101
188000 1.44076 1.27704 1.22058 3.93837 303.695
188100 1.47271 1.25038 1.26011 3.9832 304.365
188200 1.51568 1.2822 1.29575 4.09364 304.101
188300 1.53093 1.28568 1.23654 4.05314 305.371
188400 1.52677 1.30497 1.22002 4.05176 291.54
188500 1.51739 1.2754 1.21475 4.00754 289.185
188600 1.50945 1.19979 1.1886 3.89784 297.104
188700 1.51764 1.18566 1.18194 3.88523 303.084
188800 1.51475 1.19314 1.20012 3.90801 303.542
188900 1.4754 1.25166 1.23711 3.96418 308.924
189000 1.4771 1.26576 1.22942 3.97227 299.736
189100 1.4722 1.30896 1.23397 4.01513 293.48
189200 1.46307 1.35036 1.28104 4.09446 300.215
189300 1.47105 1.37245 1.28167 4.12517 309.963
189400 1.50085 1.36165 1.24226 4.10476 305.102
189500 1.55372 1.34311 1.24362 4.14046 297.376
189600 1.50096 1.33073 1.22728 4.05897 288.721
189700 1.47092 1.3048 1.18744 3.96316 300.113
189800 1.45102 1.28233 1.18354 3.91689 309.227
189900 1.44124 1.29247 1.2177 3.95141 308.874
190000 1.44157 1.29668 1.26568 4.00393 300.255
190100 1.47232 1.30225 1.26177 4.03634 284.355
190200 1.47953 1.29318 1.24081 4.01351 293.985
190300 1.47889 1.25402 1.24582 3.97872 306.96
190400 1.45708 1.25004 1.20046 3.90759 314.681
190500 1.42065 1.29638 1.17381 3.89083 301.166
190600 1.37182 1.28855 1.15693 3.8173 294.65
190700 1.38494 1.25586 1.20368 3.84447 291.725
190800 1.42948 1.28896 1.26467 3.98311 291.962
190900 1.43183 1.28499 1.26376 3.98059 310.682
191000 1.49272 1.27191 1.24475 4.00939 314.106
191100 1.49595 1.28028 1.24918 4.02541 292.226
191200 1.49393 1.31236 1.21378 4.02007 289.861
191300 1.4977 1.34477 1.19267 4.03514 293.353
191400 1.47811 1.31965 1.22599 4.02375 290.602
191500 1.4674 1.29478 1.25986 4.02204 299.634
191600 1.50241 1.32923 1.21345 4.04509 314.212
191700 1.47197 1.2844 1.24172 3.99809 302.406
191800 1.42439 1.34321 1.24539 4.01299 289.918
191900 1.40287 1.28801 1.27049 3.96136 291.572
192000 1.42901 1.28628 1.2672 3.98249 298.127
192100 1.43382 1.32861 1.2173 3.97973 303.88
192200 1.46088 1.31614 1.20599 3.98301 300.322
192300 1.49298 1.31093 1.17656 3.98048 315.144
192400 1.51836 1.30648 1.17262 3.99746 311.916
192500 1.45253 1.26716 1.1632 3.88289 295.92
192600 1.39555 1.26312 1.19165 3.85032 291.051
192700 1.36121 1.23087 1.17622 3.7683 299.695
192800 1.44481 1.18775 1.15084 3.78339 298.598
192900 1.49403 1.22447 1.18238 3.90088 312.795
193000 1.4963 1.22093 1.16731 3.88453 324.048
193100 1.47039 1.18486 1.15062 3.80587 315.077
193200 1.44719 1.2244 1.11953 3.79112 298.395
193300 1.44186 1.23299 1.10536 3.78022 289.312
193400 1.39126 1.25288 1.1503 3.79444 295.173
193500 1.4004 1.28359 1.16418 3.84818 303.422
193600 1.46704 1.27121 1.16006 3.89831 308.938
193700 1.47816 1.3023 1.15575 3.93621 313.66
193800 1.43309 1.27688 1.15032 3.86029 295.43
193900 1.47699 1.27687 1.16429 3.91814 296.989
194000 1.48613 1.26736 1.18382 3.93731 285.038
194100 1.41834 1.29371 1.19567 3.90771 297.635
194200 1.3928 1.29736 1.19567 3.88584 309.093
194300 1.42353 1.29457 1.15392 3.87202 306.949
194400 1.46112 1.27236 1.15866 3.89214 300.413
194500 1.45895 1.282 1.2433 3.98424 301.883
194600 1.4911 1.26444 1.19987 3.95541 296.38
194700 1.48772 1.29332 1.16242 3.94346 296.937
194800 1.47416 1.27278 1.18857 3.93551 285.467
194900 1.51405 1.29449 1.20452 4.01306 284.253
195000 1.5454 1.30791 1.16333 4.01664 293.225
195100 1.46422 1.29231 1.14789 3.90442 298.003
195200 1.44822 1.25883 1.14353 3.85057 309.225
195300 1.45169 1.21828 1.14452 3.81448 302.673
195400 1.44768 1.22753 1.12674 3.80195 289.869
195500 1.43513 1.19892 1.11849 3.75253 283.141
195600 1.44923 1.24818 1.12826 3.82568 285.14
195700 1.45786 1.28693 1.16372 3.90852 290.62
195800 1.4232 1.2968 1.15862 3.87861 296.931
195900 1.37678 1.25567 1.16682 3.79927 297.837
196000 1.35885 1.26125 1.2018 3.8219 313.184
196100 1.37618 1.23705 1.1754 3.78863 304.622
196200 1.38573 1.18983 1.16771 3.74327 292.894
196300 1.35329 1.20251 1.16031 3.71611 294.564
196400 1.3703 1.25179 1.17815 3.80024 299.804
196500 1.43817 1.28159 1.18039 3.90015 297.295
196600 1.40341 1.31328 1.1728 3.88948 316.898
196700 1.43347 1.26189 1.19204 3.8874 313.347
196800 1.4704 1.25403 1.1972 3.92163 300.211
196900 1.49517 1.27342 1.20003 3.96862 293.625
197000 1.4829 1.29758 1.20243 3.98291 296.029
197100 1.46822 1.3011 1.21148 3.9808 305.313
197200 1.45474 1.30668 1.23021 3.99162 311.639
197300 1.44306 1.31338 1.23026 3.9867 309.91
197400 1.45582 1.29904 1.23345 3.98831 306.965
197500 1.43906 1.3192 1.13901 3.89727 297.232
197600 1.44092 1.29421 1.15067 3.8858 295.657
197700 1.47021 1.33745 1.19149 3.99916 291.394
197800 1.43878 1.32731 1.24498 4.01107 303.164
197900 1.42745 1.2839 1.22643 3.93778 309.597
198000 1.44941 1.29165 1.23676 3.97782 304.543
198100 1.49857 1.28526 1.25553 4.03936 290.709
198200 1.53016 1.2938 1.25258 4.07655 303.342
198300 1.48082 1.29508 1.22382 3.99972 310.523
198400 1.47619 1.27984 1.21378 3.96981 318.064
198500 1.50289 1.27549 1.20962 3.98799 315.446
198600 1.52631 1.2718 1.24181 4.03992 294.999
198700 1.51524 1.30679 1.25362 4.07565 296.404
198800 1.49446 1.28606 1.2675 4.04802 296.396
198900 1.50717 1.28809 1.24752 4.04278 308.975
199000 1.51827 1.22545 1.18875 3.93247 318.625
199100 1.55543 1.26423 1.15947 3.97913 309.172
199200 1.50064 1.27107 1.14369 3.91539 302.901
199300 1.48161 1.23154 1.18324 3.89639 290.178
199400 1.50594 1.26327 1.17302 3.94223 299.935
199500 1.50809 1.25831 1.1671 3.9335 310.035
199600 1.48762 1.26791 1.18828 3.94381 317.418
199700 1.48612 1.2555 1.18731 3.92893 314.652
199800 1.54842 1.26577 1.24275 4.05695 303.077
199900 1.54586 1.29216 1.25471 4.09272 299.443
200000 1.54403 1.283 1.22787 4.0549 292.758
