# Stress and strain vectors, 333-HD-100C-20-VASP, negative deformation 2
# eps sig1 sig2 sig3 sig4 sig5 sig6
0 -0 -0 -0 -0 -0 -0
-0.00199999999999994 0.702082433272889 -0.521157582516744 -0.993158762540168 -0.440361664093627 0.416634025581066 0.0576751014922135
-0.00400000000000001 0.46472927525212 -0.858243991815661 -0.307332461618357 -0.457447897675232 0.433970546151486 0.273748169318422
-0.00599999999999996 0.387198061414027 -1.01970045988348 -1.13523107074286 -0.364775650695731 0.148014053772219 -0.0374885759628054
-0.008 0.498321110316354 -0.763001592579382 -0.977107949404602 -0.354086418273024 0.230217424570538 0.351019400282598
-0.01 0.383174928597246 -1.20451778584092 -1.23341769600853 -0.360448834912693 0.665209902684054 -0.175608684845179
-0.0120000000000001 -0.174150241161601 -1.74214469140412 -1.54661580225919 -0.461991570270297 0.126974649365582 0.0472125272103895
-0.014 0.252108452080716 -1.59778097459986 -1.32513752732949 -0.265080776505556 0.104931509914153 0.0349596130076806
-0.0160000000000001 0.444668794394784 -1.42347289366512 -1.14093788871449 -0.36699216608308 0.260487316236503 0.00693532457286303
-0.018 0.0389473985719531 -1.3827169001187 -1.08217006438688 -0.37646011235878 0.0328624950096329 -0.160017788819004
-0.0199999999999999 0.33630730716022 -1.47635646423759 -0.973038237117634 -0.503180255326856 0.16729269679629 -0.106333542111255
-0.022 -0.0415150796857418 -2.44052492012129 -1.62804732603025 -0.372655229838847 0.312842861901795 0.0489292032655749
-0.024 0.0684132589679308 -2.50426310494119 -1.51951334939944 -0.576987115491095 0.158541205505926 0.210716873614397
-0.0260000000000001 0.0354735394486622 -2.19064442931685 -1.26762901165663 -0.703483556330918 0.44360418164328 0.33543233641013
-0.028 -0.498454568806937 -2.18684879751164 -1.69677155882364 -0.734198478466507 0.37110885460507 -0.00435466482374082
-0.0300000000000001 -0.515055754614244 -2.63484621821457 -1.72960295298158 -0.735112702733426 0.517473996731523 -0.0607745424154554
-0.032 -0.35626602332327 -2.94482021586741 -2.14905157648115 -0.622506527350964 0.422931215481834 -0.0983357539397272
-0.0340000000000001 0.040558996293349 -2.93604103175324 -1.44293058178996 -0.810565237795947 0.274258561269409 0.0566865069470065
-0.036 -0.122559350905097 -2.99322459744221 -1.90978817562131 -0.602553808934255 0.308931465858725 0.0312468002564809
-0.0379999999999999 -0.469711019532896 -3.18666035872571 -2.0104959904892 -0.706637345922322 0.0972953578597378 -0.229229532404172
-0.04 -0.47899767224659 -3.46274751545449 -1.83349304694414 -0.784130938398 0.40540440224652 0.00335121028131292
-0.042 -0.110214142181415 -3.27763603604051 -2.03312162476102 -0.578105303597003 0.497027161672105 -0.175229575180161
-0.0440000000000001 -0.821245769581573 -4.32207678465813 -2.29119858033368 -0.677047157076268 0.223150015491999 -0.154000314372475
-0.046 -0.897063064798358 -3.68748475761549 -2.03882437522335 -1.07477850801313 0.280051309579808 -0.0514567474763598
-0.0480000000000001 -0.584169682956281 -4.03615700428692 -2.97068848147965 -0.761926707172194 0.661548715266656 -0.188142541295444
-0.05 -1.11909123744832 -4.16293287808997 -2.56757159819442 -0.512929950069753 0.484010243432456 -0.0461001980253104
-0.0519999999999999 -1.17857212406934 -3.97448215323937 -2.26850721208285 -0.725656353026144 0.798994979808063 -0.100571142318709
-0.054 -0.979896470780662 -4.18970542301526 -2.80771283183517 -0.810175576114622 0.600885357294891 -0.160717417728564
-0.056 -1.55406375434462 -4.75667557698233 -2.73248626185847 -0.996929674109457 0.611411696376494 -0.0845732058644347
-0.0580000000000001 -1.22973212786939 -4.38541582731524 -2.39233906683144 -0.843559056692816 0.534496047323491 -0.277681135038453
-0.06 -1.63180259962781 -5.06807537414165 -2.7480393294354 -0.870332873948137 0.628084343272401 -0.0436492701178678
-0.0620000000000001 -1.77229256589635 -4.9071014718689 -2.73893320479384 -0.783123830734645 0.296092619344367 0.105197367633355
-0.064 -1.60180684771475 -5.42411222724718 -3.26939738179792 -0.682297194419945 0.356209330810786 -0.0978059550276389
-0.0660000000000001 -1.92312492014866 -5.01551285180286 -2.99679957233215 -0.574154521593017 0.398235860812247 0.199160414512691
-0.068 -2.05847487575505 -5.15717614661505 -3.19594291338434 -0.538584440480407 0.343356502616811 -0.000422356648995182
-0.07 -2.40157085182978 -5.76235366430447 -3.76424127487474 -0.442373785307239 0.700592101070781 0.371412941624289
-0.0720000000000001 -1.92047323542032 -5.54314110759705 -3.33010142493908 -0.698815729467345 0.593765169152241 0.182048882464681
-0.074 -1.83049058273021 -5.60032883427424 -3.31880586984144 -0.918612631314281 0.643844268885704 0.327016627566354
-0.076 -1.85316574230782 -5.61874174065261 -3.63262215807529 -0.278462435148399 0.102311591161368 0.0344136285249854
-0.078 -2.72223650593256 -6.31198852600793 -4.11636529207266 -0.292799972058901 0.432482325086348 -0.0164034068245639
-0.08 -2.45813670252049 -6.18714037402492 -3.92563622307258 -0.982712611800534 0.232952855739911 -0.0917419177507097
-0.082 -2.92532267407629 -6.13827658410279 -3.96878227564518 -0.535127697605672 0.520668107330753 0.0333757703328954
-0.084 -2.80071732509431 -6.42657696200864 -3.72462189019221 -1.15390987269568 0.0643467158231492 -0.283854016234187
-0.086 -2.53930128366925 -6.6641228583293 -3.93806454400407 -1.27141471392497 0.427075895502392 -0.182675461644943
-0.088 -2.37039909474515 -6.61118795150988 -3.74030823343633 -0.902536210337614 0.189346621358339 -0.303280150720848
-0.09 -2.59775261594221 -7.02879998980172 -3.67193133050819 -0.91429228730887 0.287904040795338 -0.175684742252625
-0.092 -3.5231710253585 -8.18485002125501 -5.39536104104115 -0.992594023354577 0.122168593774081 0.26579927127407
-0.094 -2.5698508622088 -6.85104604424885 -3.78983624063823 -0.582421586054693 0.115193300891054 0.00605771779651152
-0.096 -2.60833545639843 -6.9727700814376 -4.57222416825007 -0.724374523671131 0.314640936631847 0.209204393328948
-0.098 -2.82230758546069 -7.58437921137557 -4.44011911478474 -0.889191668350477 0.218166262331615 0.2075128049429
-0.1 -2.88979906007119 -7.14065282184597 -4.56999598747853 -0.765432156862851 -0.31725451716292 0.245711377476809
