# Stress and strain vectors, 0.lmpdata/333-EXP-27, negative deformation 6
# eps sig1 sig2 sig3 sig4 sig5 sig6
0 -0 -0 -0 -0 -0 -0
-0.000400000000000008 -3.35466418854722 -2.91783058670575 -4.07707030549893 -0.00354009454312101 0.0668915631165937 -0.0979627837127967
-0.000800000000000018 -0.754462189572403 -0.506275858997921 -0.78317773724014 -0.173376438376488 0.300017091421189 -0.136785669720107
-0.00120000000000002 -0.266387442458586 -0.661525764044116 -0.257411662007646 -0.224824993860549 0.262036110508079 -0.0837188564810357
-0.00160000000000004 -0.85477820771001 -1.01947423914932 -0.403220807652867 -0.106850533377921 0.301468197270956 0.0255962249963983
-0.00200000000000004 -0.296208119634712 0.0738018327098176 -0.125975583515277 0.128354427194998 -0.00632246918184652 -0.0902893745338096
-0.00240000000000005 -0.0311226944395263 -0.0518636030047813 0.000774871206364195 -0.188824916595531 0.171233809079248 -0.233895256289039
-0.00279999999999995 0.185288441975999 0.679255459911208 0.395998852300963 -0.0728002284589759 0.0283231181452437 -0.276059591139436
-0.00319999999999996 0.190152462391998 0.0726808288400998 -0.358927013961479 0.180426733334735 -0.0213529314082578 -0.262941438323502
-0.00359999999999997 0.330991710394105 0.465051998199588 0.348086757347288 0.347453712900287 0.195722319257827 -0.0631059722424123
-0.00399999999999998 0.114262533165506 0.800546364684074 0.239922302821039 0.206278465002912 0.163945457552623 -0.44256393098493
-0.00439999999999998 -0.120466238524145 0.518917063250769 0.458083267463321 0.21362757635885 0.17953071896441 -0.10959056144692
-0.00479999999999999 -0.524632299335859 0.405426096269209 -0.0934836221511683 0.224296546667298 0.228792628758374 -0.178853612626848
-0.0052 -0.122787293799499 0.348742017119959 0.0981568539558884 0.375792857302643 0.187542540982722 -0.12000473950287
-0.00560000000000001 -0.0178077151422514 0.385328794473182 0.120672777627565 0.393939218341324 0.00376734366946522 -0.222348937501752
-0.00600000000000002 -0.0275808249502118 0.410278826786632 0.250549240347441 0.166059804509154 0.364801494113931 -0.254317230515159
-0.0064 1.02675452083751 0.356170273522879 0.253512612211023 0.359463024868741 0.235581568401423 -0.584954444212789
-0.00680000000000006 -0.67182019078777 -0.395111724374716 -0.340367217404605 0.0733826460546955 -0.0340845733795468 -0.0566050831408765
-0.00720000000000006 -0.589083637857941 0.27207049523145 0.592069376597482 0.239935903964619 0.286210813520818 -0.0634055502512433
-0.00759999999999994 -0.501226842468338 -0.240347113450744 -0.146095517442677 0.124941081621659 0.0842732182422737 0.296420082663166
-0.00799999999999994 0.0898427282130539 0.175923653439902 0.154156871263303 0.468501121427533 -0.340175540828218 0.0453817017748165
-0.00839999999999994 -0.272941157178637 0.108698739686722 0.0116736919094991 0.170655794798494 -0.167799375203499 -0.0247282638633183
-0.00879999999999994 -0.147086393909102 -0.0806388185600073 -0.190796709193876 0.106687578620968 0.0412801177913019 0.114566366621307
-0.0092 -0.740262771932667 0.267756596909467 -0.265882363266627 -0.0459789591982726 0.292278232326689 -0.0657363384153871
-0.0096 0.145667803243365 0.357751986639382 -0.153346039131824 0.17510011712499 0.171101674102273 -0.0632875591731511
-0.01 -0.643518921677939 0.033389987402152 -0.512851132958259 -0.187033356156754 0.0322541707327537 -0.296119964721109
-0.0104 -0.288270106599387 0.271648341961644 -0.362724134905234 0.0588579144335978 0.239851397548748 -0.128719569880771
-0.0108 -0.415490670988589 -0.0434004690289966 -0.718317946654711 0.218260808405649 -0.136466608269542 -0.00838914146950295
-0.0112 -0.111347289879753 0.0186321911438515 0.165329009557965 0.0916917412744485 0.159147171535986 0.00303423014855983
-0.0116 0.0602676406947195 0.309253992644641 0.836121646232519 0.12915813012922 -0.194543697556668 -0.0260543481492384
-0.0120000000000001 0.192312757593186 0.561299750179372 0.219079387119755 0.582372649883135 -0.227008770649203 0.0127958207914239
-0.0124000000000001 -0.118609242696611 -0.137756102818537 -0.0384600490052427 -0.089531951856679 -0.205062310516006 0.185749195485751
-0.0127999999999999 -0.462426246950759 -0.383428636347353 -0.296928142115389 -0.00801329263941191 -0.129674861990359 0.155981445395321
-0.0131999999999999 -0.636862792537023 -0.204684222142618 -0.319445601214694 0.0020211724787134 0.0464123110553115 0.0650980614447912
-0.0135999999999999 -0.0727657473182488 0.0505234484135286 0.0878054672857364 0.00127606170474848 0.17386715972005 0.189650349076228
-0.014 0.108807131195062 0.532665893093316 0.684018852483386 -0.080622104085742 0.235125411572614 0.0561002109417039
-0.0144 0.104556286181152 0.284843319815092 -0.076947724744493 -0.0501790922978633 -0.239220188216349 -0.133599363101448
-0.0148 -0.0922999381231592 1.05107027176895 0.837433332017751 0.167661063332938 -0.571077185859527 0.532928299160242
-0.0152 -0.357414320492915 -0.360156553047451 0.118010518763694 -0.0118364264509356 -0.353965101480665 0.0996598702620402
-0.0156 0.358315036204304 0.942819427787994 0.705597338313987 0.132834674319087 -0.320207633181454 0.240873658938766
-0.016 0.189962648452195 0.393402982162358 0.179989032653729 0.251357987287124 -0.279541660239155 -0.304844648190171
-0.0164 0.263999383462745 0.0774472859332022 0.0860893805021188 0.241409823392564 -0.2111558936626 -0.211876361688945
-0.0168 0.552388795144126 0.955709958561768 0.851540755237306 -0.0339520347587001 -0.613439297772522 0.0973903680170788
-0.0172000000000001 -0.0134631312320711 -0.280134870060875 0.0495329096318942 -0.125543987202723 -0.231845805488645 -0.0764646254733123
-0.0175999999999999 0.358924670080832 0.906220248493162 0.825050521002378 0.355569012888038 -0.108227949063468 -0.0831958469991492
-0.0179999999999999 0.451859796613546 0.670517912483048 1.3923915188948 0.310346027342014 -0.264739992467963 -0.00386681221471925
-0.0183999999999999 -0.756485576603079 0.440860167824794 -0.0485467539622964 0.155949157753565 -0.510109494454323 0.198581070073556
-0.0187999999999999 -0.326967522500615 0.581570088819382 0.282563032822006 -0.0104013932063102 -0.618701289379736 -0.14016214767946
-0.0192 0.100901650632063 0.437243473843755 0.070607226273455 0.398927736215876 -0.591803125395066 -0.0654035014098182
-0.0196 -0.310160744738914 -0.289929522321833 -0.0496673889264793 0.315119299446918 -0.287036046805546 -0.260643474299156
-0.02 0.48804339428133 0.447853633123458 0.324939026313867 0.227570451245715 -0.210561237669623 -0.00196408027621139
