# Stress and strain vectors, 333-HD-100C-20, positive deformation 5
# eps sig1 sig2 sig3 sig4 sig5 sig6
0 -0 -0 -0 -0 -0 -0
0.00020000000000009 1.04421938697154 -0.26846159691675 -0.813466149392528 0.320124869575215 0.0641083192515985 0.225227618077119
0.000400000000000031 0.987639073004828 -0.321955863041556 -0.743579353507206 0.586950776802776 -0.208275595087993 0.401252284977818
0.000599999999999973 1.53280486138608 -0.296765000154001 0.147896972407465 0.20090779977855 -0.0893957402580249 0.33361319207886
0.000799999999999911 1.41153572182472 0.0401280799954776 0.360136664716828 0.204645582411082 0.0655073540239274 0.464837178515123
0.00100000000000012 1.57934568294396 -0.512380397561935 -0.485367538915751 0.25685697331317 0.0252571339071015 0.389418869702829
0.00120000000000006 1.42091029826405 -0.178969793434496 0.00201922088826744 0.251506699890229 0.153208550091644 0.450018255571574
0.0014 1.18445516054526 -0.497022825846646 -0.146339699844922 0.661141004041835 0.202498526002956 0.419519552188169
0.00159999999999994 1.48417656139792 -0.38011582010478 -0.0149213779771675 0.0688423272985021 0.178215102865654 0.368117805305275
0.00179999999999989 1.51670287261366 -0.445844810102268 0.119089011352477 0.159197261700378 0.194089898103112 0.457585593943688
0.00200000000000009 1.24322606315135 -0.155209987251619 0.123273101099837 0.745431696022116 0.132574531875873 0.570809249372372
0.00220000000000003 1.49530811943149 -0.306432177201912 -0.0255023149501422 0.45140949586885 -0.0201474871909088 0.231177714926481
0.00239999999999997 0.979703678624689 -0.534831113798085 -0.288909746852946 0.125143033796012 0.10176079625589 0.59290765082282
0.00259999999999992 2.27322519122903 0.48222759423535 0.603207451575712 0.0695819871914799 0.375544018837658 0.557058887962771
0.00280000000000012 0.819285584938176 -0.852532876797511 -0.450925808473795 0.0647205691296367 0.225795631650434 0.402289273420128
0.00300000000000006 1.68820952172384 0.0533050941725181 -0.0576093107189994 -0.0753749942758264 0.110898074233028 0.238249897510639
0.0032 1.14945283773562 -0.203514448912427 -0.251930139567849 0.291892133616767 -0.163410153320893 0.301633881033767
0.00339999999999995 1.32791452546469 -0.334487753276291 -0.239820498928459 0.142080824506923 -0.0905412966940943 0.320366034386189
0.00359999999999989 1.28353303356984 -0.205582976137619 -0.461589228488464 0.237459584579836 -0.190258287188065 0.136977181450088
0.00380000000000009 1.00603656786085 -0.604785452926618 -0.222935274863203 0.249538121814195 -0.288694874929314 0.49092406927926
0.00400000000000003 1.86415541751287 0.604520630117082 0.714758118352784 0.277851118063499 0.0264466898257885 0.459003008069796
0.00419999999999998 0.808782752153021 -0.464090682052673 0.0170436400964087 0.304314057201474 0.0868678053231104 0.505520151764837
0.00439999999999992 1.46476852900358 -0.352545480312388 -0.224798502167537 0.475773819460222 0.100766249319307 0.248642594352511
0.00460000000000012 1.59875085233978 0.130445631680237 0.205008061661078 0.240526158390915 0.146065710775242 0.376214982621193
0.00480000000000006 1.07843210875809 -0.614023916400602 -0.576766398813513 0.519927180804039 0.587619450833373 0.394098488475179
0.00500000000000001 0.826643130963672 -0.683726462968713 -0.592751535039176 0.531788638566551 0.112802946487002 0.414191319643943
0.00519999999999995 1.47038683615145 -0.621180252122146 -0.0913330907215141 0.266334248102488 -0.255716814928887 0.323150961139041
0.00539999999999989 1.63312513533982 -0.542516581334093 0.0502407955409743 0.145956853700202 -0.0354597762730813 0.517123208324167
0.00560000000000009 0.979258844463709 -1.2472441350042 -1.05847053559106 0.173888484324695 -0.16759216949535 0.148193150201248
0.00580000000000004 1.63521229909231 -0.0821153686887279 -0.019810994269259 0.331243284751712 0.0548315177120458 0.238538201971477
0.00599999999999998 1.26532775154119 -0.322956182290269 -0.268726082823787 0.743061382202526 0.158380858810198 0.332048708791697
0.00619999999999992 1.55864714420563 -0.535139062329691 -0.170948179697346 0.0253697526346448 0.45947415269035 0.485165110109422
0.00640000000000012 1.3221314660944 -0.530933981430459 -0.31718415320994 -0.153653072165157 0.125216758521981 0.661854068662744
0.00660000000000007 1.09012289751651 -0.246592969494242 -0.289442114152455 0.145256121571105 0.161725023368778 0.68163520356516
0.00680000000000001 1.47990035753854 -0.0195907599694875 0.187872812495486 0.51173653784158 0.323152207250167 -0.0183668553116595
0.00699999999999995 0.782282433432948 -0.363356753631258 -0.230254278142953 0.604827363265856 0.137865462341673 0.235186268446034
0.00719999999999989 1.22532699505721 -0.379300244619343 -0.239543440315006 0.266313243251939 0.0844467229134053 0.475000178935459
0.0074000000000001 1.39523539465953 -0.508940048733023 -0.38657569870511 0.172215066661063 0.232921251144899 0.713429857654188
0.0076 2.08408922767413 -0.0327504782580389 0.151556174365203 0.10653978606658 -0.107288494606578 0.50637121986021
0.0078 1.10213769516852 -0.286085846806693 -0.0769060545038926 0.37882338706698 -0.142074310908038 0.2981498073616
0.00799999999999993 1.09205931003799 -0.148254039127881 -0.07396920530226 0.589064843262495 -0.326259599294348 0.282426426678821
0.00820000000000015 0.940036811555611 -0.455453543294358 -0.242594255250166 0.297784452589842 -0.103679074500799 0.219052930140408
0.00840000000000007 1.83576623051429 -0.195697006388171 -0.0793355191989519 -0.102525238682774 0.136643092324973 0.553383951794299
0.0086 0.871456858748128 -0.870906946337669 -0.918526540370493 0.0566717236220027 0.144483968790807 0.314897363988311
0.00879999999999993 2.13165288251767 -0.334703936656096 -0.24979218093186 0.21477385495826 0.203413360896576 0.538228755577182
0.00899999999999992 1.11205739852729 -0.669374183270038 -0.364726892239735 0.454346937211522 0.0596966269549625 0.224261217233651
0.00920000000000007 0.980949340092073 -0.422964800345927 -0.429282764120644 0.168884322515657 0.416659921576213 0.345828125758057
0.0094 1.52791945708029 -0.589005463492073 -0.113360042276103 0.249118801423491 0.237319553790839 0.43541567377512
0.0096 1.26548223327013 -0.593482454473285 -0.238770486999482 0.229352399157361 0.153335677112608 0.24518014145778
0.00979999999999993 1.06945288231425 -0.531079657216477 -0.561537902613134 0.102540939351658 0.0353873320048586 0.206098516737028
0.0100000000000001 1.44242014054566 -0.0889702552736434 -0.0415858469044133 0.0863929937848298 0.0250245452180579 0.561956942592534
0.0102000000000001 1.94520655403101 0.146544988610393 0.163364599640061 0.124131092365472 0.049618309188645 0.299166181832077
0.0104 1.59273331726197 -0.480276133775042 -0.10309230211424 0.388747083302409 0.472888714454706 0.46490835579094
0.0105999999999999 1.54128827320055 -0.195293549947582 -0.0747512466149877 0.633214538208741 0.0544430395337842 0.288010060764116
0.0107999999999999 1.65545351649912 0.100607414876613 0.190921434329471 0.143354282231224 -0.131702247054842 0.756713478657654
0.0110000000000001 1.46576276583461 -0.366535980440656 0.0629050284678681 0.541643971944367 0.16893407070265 0.401593958676335
0.0112 1.436527644422 -0.338316516339633 -0.321914958053744 0.663155190808532 0.129529727339209 0.466490974434148
0.0114 1.46560442555384 -0.00727938032397951 -0.504772823013623 0.2849158652969 0.159555907873977 0.487417812728509
0.0115999999999999 1.51910706450699 -0.0772580870703869 -0.181306023454155 0.270328128574054 -0.213275312143959 0.562913958719139
0.0118000000000001 0.942715783467961 -0.763832440641405 -0.603545404299252 0.00202648753175068 0.063533047714277 0.417533159678062
0.0120000000000001 1.45898972544007 -0.128049624012408 -0.0403667692931709 0.142834671263624 0.000105095546806447 0.459338480758228
0.0122 1.12658687515007 -0.27789470044052 0.0834556477259134 0.383574358891507 0.0840813218190024 0.256824746581733
0.0123999999999999 1.12454829325844 -0.181581480318235 -0.0758644748993829 0.486209742489127 0.142794228359686 0.40005489329031
0.0125999999999999 1.2152186213396 -0.735064648305642 -0.390784065349631 0.683928968324659 0.232410195016787 0.595869151254989
0.0128000000000001 1.57541497124643 -0.0187616808266043 0.0827433706417387 0.290770472253266 0.135640222039077 0.281033897878084
0.0130000000000001 1.48754252925729 -0.593334919293883 0.15738692832151 0.188044410857621 -0.136665676573021 0.156669876430081
0.0132 1.87335972459622 -0.227201612750173 -0.0303793539353372 0.171124720449719 0.191529959369632 0.392502895149516
0.0133999999999999 1.73977890474954 -0.227982084617637 -0.379094289216798 0.117873831936722 0.230118601974916 0.365946502655464
0.0136000000000002 1.37251895120126 -0.135959553592624 -0.163754933711711 0.0938207155330513 -0.0416048041230716 0.422640322148033
0.0138000000000001 0.612297950626266 -0.690425994506793 -0.655093753429307 -0.0074939982034902 0.209024384617145 0.240719799593869
0.014 1.31442570706982 -0.3996244662926 -0.0807652514783202 0.389196376133855 0.0232155071905772 0.150276333208755
0.0141999999999999 1.75705664681324 -0.602095398392413 -0.277665557245876 -0.0492892427054731 -0.153630951580432 0.233000667243865
0.0143999999999999 1.16313595954844 -0.238497769590425 -0.214449969621927 0.0663300440772205 -0.132424993313332 0.225170366387701
0.0146000000000001 1.27259267795656 0.160297845614887 -0.275042411034683 0.336356760938049 0.268348583465708 0.107680118952246
0.0148000000000001 1.83107388004379 -0.0738454367558412 0.360689273139368 0.343560015823015 0.149348136495581 0.522693188008448
0.015 1.46678722415702 -0.557729807666048 -0.149281181092686 0.160642870792611 0.146927541681296 0.64116013771966
0.0151999999999999 0.864845042472855 -0.501217387611521 -0.272404782445552 0.482543039493897 0.263284766580896 0.494049454475266
0.0154000000000001 1.33201212543861 -0.058745508753642 0.163350264177964 0.592267979423388 0.00744719543231095 0.448629915102206
0.0156000000000001 0.846467918872872 -0.451773664162224 -0.195509691931139 0.0884406841904497 0.181194260882284 0.637320865773317
0.0158 1.76564548822876 0.096047644344267 0.0338046578247697 0.358902054584294 0.491869809568928 0.405360025688649
0.0159999999999999 1.57651485229148 -0.0873373024161166 0.179426295285612 0.053416198300442 0.1950162561719 0.452918791752464
0.0161999999999999 0.503477835488013 -0.562908354919035 -0.664166233259749 0.382270604122217 0.050448435212744 0.143661294742751
0.0164000000000001 1.39635101709302 -0.642585226697124 -0.132331104555433 0.363669877961934 0.0542289106856426 0.461029812572493
0.0166000000000001 1.76074540671496 -0.0901809003035321 -0.171133449287531 0.515942216391216 -0.00105703765707109 0.330876397713218
0.0168 1.81004151274007 -0.106920820380966 -0.214687633565549 0.132687477530893 0.0539199680359536 0.312977729865301
0.0169999999999999 1.42040171039876 -0.620026867333514 -0.307517795289264 0.301126333467685 -0.0996724004792024 0.403017919279788
0.0172000000000001 1.44988035505246 -0.158493563784141 -0.330001330928731 0.282581682402785 0.132348003697776 0.245484663410716
0.0174000000000001 0.863182167396615 -0.647755508881903 -0.993014741605761 0.461513795449018 0.167006098279422 0.351834199498602
0.0176 1.19538083997979 -0.176130004360567 -0.349837696531485 0.115666021127489 -0.0326562904161139 0.627647724058299
0.0177999999999999 1.9645761395573 -0.553486455273766 -0.163564118262996 0.444495592381173 0.180084521823118 0.477512387662158
0.0179999999999999 0.90935727924254 -0.154651332135232 -0.512369374390208 0.714998840902594 0.190434096732682 0.149975617535162
0.0182000000000001 1.19784420183096 -0.666416275390504 -0.568840215948339 0.261269693469249 -0.0326856698620224 0.399837534949988
0.0184000000000001 1.3202070305563 -0.423161477390113 -0.339063682088576 0.0391889972493918 0.149707005217053 0.206568431507696
0.0186 0.887391956036263 -0.782382025184627 -0.371856312354701 0.303272645435868 0.452256471952393 0.317978769296503
0.0187999999999999 1.14824251351271 -0.207806264447436 -0.253778207900708 0.346952929435185 0.395263096422213 0.415597645612461
0.0190000000000002 0.584854050541453 -0.500462061758312 -0.801483968874178 0.506932139357823 0.279185952424189 0.329943613036295
0.0192000000000001 1.33059410493425 -0.0145654538827456 0.0547775018368001 0.23786412151677 0.240946908039284 0.43752874474388
0.0194 1.33508541603313 -0.458229921233827 -0.180871986606509 0.337308556979033 0.119491794984203 0.427272909503316
0.0195999999999999 1.54463608230867 -0.270635976895482 0.0655694593134953 0.627839615000092 0.394458849077477 0.426434629017659
0.0197999999999999 1.03932498773919 -0.438123262996356 -0.295464403173597 0.550029435632308 0.378663962152496 0.0017576809290531
0.0200000000000001 1.18688970231577 -0.550405268843972 -0.302633708035294 0.301285524088221 0.382687689157699 0.242430812172801
