# Time-averaged data for fix myMSD
# TimeStep MSD_X MSD_Y MSD_Z MSD_Total Temperture
100 0.014197 0.0130177 0.0150525 0.0422672 490.419
200 0.0395546 0.0336904 0.0305348 0.10378 413.599
300 0.052149 0.0456603 0.0391922 0.137002 365.277
400 0.0639118 0.0653014 0.0554031 0.184616 324.441
500 0.0823221 0.0754927 0.0732129 0.231028 299.816
600 0.0805355 0.0836088 0.083246 0.24739 280.018
700 0.0823755 0.0919688 0.0962494 0.270594 289.205
800 0.0933652 0.0875898 0.107783 0.288738 292.231
900 0.0964874 0.0903185 0.10902 0.295826 317.72
1000 0.113378 0.0997617 0.139497 0.352636 311.851
1100 0.118146 0.106639 0.158144 0.382928 300.431
1200 0.131704 0.125558 0.165365 0.422627 296.642
1300 0.134892 0.148382 0.176148 0.459422 291.978
1400 0.147458 0.162836 0.188872 0.499166 289.722
1500 0.160451 0.169496 0.19945 0.529397 302.74
1600 0.171723 0.182465 0.207165 0.561353 306.307
1700 0.169463 0.172038 0.197563 0.539064 313.16
1800 0.156972 0.169233 0.186094 0.512299 306.906
1900 0.16617 0.167568 0.205587 0.539325 295.927
2000 0.153863 0.12809 0.192687 0.474639 294.621
2100 0.14331 0.117716 0.163375 0.424401 286.542
2200 0.154431 0.127188 0.17606 0.457679 300.574
2300 0.172114 0.139095 0.20352 0.514729 308.36
2400 0.191052 0.151663 0.224747 0.567462 301.411
2500 0.194326 0.151479 0.230372 0.576177 297.671
2600 0.186117 0.137624 0.2224 0.546142 289.96
2700 0.207074 0.131398 0.226626 0.565098 284.284
2800 0.22557 0.150382 0.240559 0.616511 291.859
2900 0.23623 0.163185 0.261795 0.661209 297.71
3000 0.236744 0.159688 0.270857 0.667289 298.454
3100 0.223055 0.163887 0.256939 0.64388 309.436
3200 0.216217 0.168997 0.238516 0.62373 297.515
3300 0.195099 0.16141 0.228238 0.584747 288.486
3400 0.19265 0.155968 0.227178 0.575796 286.968
3500 0.189225 0.142245 0.223838 0.555307 292.324
3600 0.178634 0.137057 0.221268 0.536959 303.085
3700 0.1835 0.150533 0.252206 0.586239 299.262
3800 0.201076 0.167621 0.275053 0.64375 296.875
3900 0.21471 0.179824 0.272558 0.667092 305.334
4000 0.245544 0.182354 0.287796 0.715694 313.848
4100 0.242061 0.187261 0.293679 0.723001 306.777
4200 0.216157 0.193484 0.279524 0.689165 292.443
4300 0.214322 0.185798 0.276373 0.676492 296.613
4400 0.212359 0.191795 0.270273 0.674428 294.175
4500 0.209359 0.207071 0.27809 0.69452 317.007
4600 0.20523 0.19278 0.308163 0.706173 319.741
4700 0.205461 0.182486 0.302966 0.690913 304.921
4800 0.208336 0.186764 0.304172 0.699273 297.841
4900 0.229472 0.186487 0.316979 0.732939 299.726
5000 0.248389 0.187574 0.308737 0.744699 287.998
5100 0.246045 0.205069 0.315448 0.766562 289.058
5200 0.240715 0.225172 0.329073 0.794959 308.775
5300 0.252257 0.232571 0.333912 0.818739 305.638
5400 0.2273 0.220695 0.315766 0.763761 301.68
5500 0.209874 0.201763 0.307129 0.718766 296.48
5600 0.205801 0.210841 0.310269 0.726911 287.177
5700 0.2314 0.230083 0.346416 0.807899 287.357
5800 0.25187 0.245776 0.36221 0.859856 292.411
5900 0.258912 0.234732 0.354568 0.848213 304.149
6000 0.247493 0.242273 0.355058 0.844824 299.012
6100 0.249179 0.249273 0.35535 0.853803 302.449
6200 0.264893 0.264234 0.373163 0.90229 306.595
6300 0.24214 0.260873 0.357965 0.860977 307.82
6400 0.237494 0.258188 0.352992 0.848673 293.023
6500 0.242301 0.259778 0.380103 0.882182 295.27
6600 0.247433 0.259708 0.389842 0.896983 293.298
6700 0.231866 0.24405 0.386099 0.862014 300.162
6800 0.244937 0.251494 0.380952 0.877384 314.746
6900 0.242985 0.263546 0.384043 0.890573 308.28
7000 0.238227 0.241287 0.35022 0.829735 301.74
7100 0.235709 0.224047 0.338634 0.79839 296.8
7200 0.251148 0.237512 0.372343 0.861003 294.566
7300 0.253481 0.22908 0.374817 0.857378 303.26
7400 0.257074 0.241377 0.384772 0.883223 300.236
7500 0.253202 0.265615 0.402156 0.920973 313.087
7600 0.261743 0.27826 0.406225 0.946228 315.99
7700 0.281592 0.296174 0.430868 1.00863 305.443
7800 0.284379 0.300495 0.428421 1.0133 298.048
7900 0.279423 0.279089 0.424634 0.983146 292.999
8000 0.282698 0.266349 0.433375 0.982422 303.99
8100 0.27502 0.254329 0.428262 0.957611 312.617
8200 0.254489 0.253282 0.408989 0.91676 313.904
8300 0.238511 0.244265 0.403362 0.886138 303.207
8400 0.232441 0.228852 0.380628 0.841922 292.706
8500 0.22257 0.226227 0.375988 0.824785 294.335
8600 0.201452 0.232895 0.347681 0.782028 300.448
8700 0.199878 0.234148 0.351662 0.785688 309.314
8800 0.207369 0.2493 0.374204 0.830873 293.806
8900 0.213285 0.246855 0.384265 0.844406 284.591
9000 0.193872 0.246666 0.374779 0.815317 297.616
9100 0.180936 0.2405 0.361473 0.782908 301.311
9200 0.198639 0.236824 0.347899 0.783362 308.569
9300 0.207094 0.225705 0.334863 0.767662 307.85
9400 0.212069 0.246276 0.36648 0.824825 302.971
9500 0.215404 0.258174 0.391191 0.864769 298.863
9600 0.220124 0.248759 0.400189 0.869072 300.073
9700 0.229123 0.246497 0.408825 0.884445 299.299
9800 0.220559 0.25998 0.420017 0.900557 295.722
9900 0.226377 0.262095 0.432013 0.920485 299.883
10000 0.245996 0.26888 0.431981 0.946857 308.679
10100 0.265011 0.284504 0.448434 0.99795 302.808
10200 0.266502 0.27246 0.456118 0.995081 298.31
10300 0.265048 0.267491 0.435618 0.968157 290.19
10400 0.280078 0.280497 0.462282 1.02286 286.952
10500 0.284567 0.295781 0.462058 1.04241 308.006
10600 0.290313 0.321463 0.467479 1.07925 306.045
10700 0.29685 0.320318 0.465211 1.08238 305.167
10800 0.293883 0.307088 0.457854 1.05882 308.659
10900 0.282163 0.290607 0.442832 1.0156 292.314
11000 0.27915 0.284574 0.426448 0.990172 296.618
11100 0.294836 0.273017 0.450224 1.01808 309.075
11200 0.294566 0.251573 0.473103 1.01924 305.076
11300 0.285131 0.249998 0.485742 1.02087 318.039
11400 0.281314 0.26334 0.475198 1.01985 297.845
11500 0.280634 0.255923 0.456148 0.992705 297.083
11600 0.264913 0.270635 0.436711 0.97226 291.443
11700 0.280445 0.277224 0.463318 1.02099 300.533
11800 0.291784 0.288728 0.476792 1.0573 312.381
11900 0.2884 0.286139 0.480961 1.0555 305.701
12000 0.289132 0.286856 0.48235 1.05834 305.887
12100 0.306945 0.298187 0.505826 1.11096 295.749
12200 0.315715 0.316873 0.501942 1.13453 289.156
12300 0.305865 0.321478 0.480566 1.10791 300.222
12400 0.291077 0.3254 0.493766 1.11024 301.137
12500 0.292059 0.324238 0.496387 1.11268 295.387
12600 0.288397 0.322199 0.525814 1.13641 284.808
12700 0.28702 0.325557 0.56675 1.17933 294.726
12800 0.294826 0.322555 0.554536 1.17192 301.809
12900 0.284961 0.307811 0.535244 1.12802 319.598
13000 0.258857 0.293977 0.524904 1.07774 296.455
13100 0.237933 0.276625 0.509517 1.02408 289.218
13200 0.262516 0.277902 0.524718 1.06514 302.228
13300 0.279613 0.289246 0.584681 1.15354 299.656
13400 0.28664 0.293393 0.594327 1.17436 297.493
13500 0.2911 0.284648 0.573282 1.14903 297.721
13600 0.296337 0.292683 0.575216 1.16424 316.556
13700 0.312703 0.300553 0.576126 1.18938 308.077
13800 0.324685 0.296127 0.570544 1.19136 298.144
13900 0.318014 0.298826 0.610093 1.22693 286.201
14000 0.309302 0.29398 0.622879 1.22616 301.198
14100 0.294996 0.29097 0.625898 1.21186 297.548
14200 0.297794 0.322023 0.618647 1.23846 307.445
14300 0.282777 0.312282 0.578467 1.17353 323.031
14400 0.300086 0.308679 0.586276 1.19504 315.377
14500 0.298587 0.307908 0.616098 1.22259 300.268
14600 0.307845 0.292787 0.598844 1.19948 300.803
14700 0.310514 0.292402 0.593438 1.19635 295.915
14800 0.31073 0.293716 0.595846 1.20029 295.437
14900 0.309179 0.297496 0.585793 1.19247 300.402
15000 0.293906 0.290838 0.591605 1.17635 313.989
15100 0.304755 0.307587 0.609306 1.22165 302.537
15200 0.309685 0.304244 0.605771 1.2197 298.634
15300 0.29952 0.316449 0.620206 1.23617 297.294
15400 0.290506 0.338341 0.639845 1.26869 289.376
15500 0.302485 0.3489 0.638301 1.28969 280.263
15600 0.317175 0.345657 0.650307 1.31314 284.236
15700 0.327635 0.354995 0.688636 1.37127 290.401
15800 0.324584 0.358246 0.678578 1.36141 303.563
15900 0.319345 0.344362 0.676752 1.34046 303.27
16000 0.319114 0.347122 0.682342 1.34858 306.982
16100 0.322251 0.329193 0.682142 1.33359 297.925
16200 0.311469 0.314937 0.679303 1.30571 294.659
16300 0.324126 0.312151 0.681013 1.31729 287.478
16400 0.323877 0.297798 0.676079 1.29775 296.429
16500 0.310183 0.288085 0.699097 1.29737 310.309
16600 0.287565 0.29291 0.70882 1.2893 304.09
16700 0.298792 0.309489 0.714324 1.32261 302.612
16800 0.335431 0.326791 0.719274 1.3815 293.574
16900 0.346576 0.340416 0.74386 1.43085 291.296
17000 0.319792 0.334488 0.74543 1.39971 288.869
17100 0.332106 0.334103 0.768998 1.43521 289.507
17200 0.348693 0.331607 0.748495 1.42879 296.599
17300 0.329757 0.324006 0.738395 1.39216 309.603
17400 0.325765 0.32537 0.713338 1.36447 299.211
17500 0.319068 0.340022 0.737342 1.39643 302.649
17600 0.318196 0.348828 0.746783 1.41381 284.92
17700 0.322553 0.346739 0.759368 1.42866 289.427
17800 0.325429 0.344451 0.758628 1.42851 293.695
17900 0.304302 0.338353 0.738269 1.38092 299.213
18000 0.304433 0.340198 0.754431 1.39906 300.002
18100 0.288338 0.323244 0.751188 1.36277 302.584
18200 0.270383 0.313144 0.735799 1.31933 302.735
18300 0.28367 0.296086 0.747294 1.32705 312.261
18400 0.289809 0.304897 0.768309 1.36301 301.62
18500 0.293109 0.336985 0.763737 1.39383 294.937
18600 0.306826 0.361772 0.784812 1.45341 281.353
18700 0.317874 0.359281 0.797784 1.47494 294.649
18800 0.317984 0.337606 0.777387 1.43298 308.431
18900 0.32065 0.323118 0.737593 1.38136 305.175
19000 0.33562 0.332442 0.751216 1.41928 296.534
19100 0.337706 0.340125 0.77285 1.45068 298.132
19200 0.321911 0.340603 0.793057 1.45557 295.002
19300 0.304712 0.330568 0.812726 1.44801 291.638
19400 0.293362 0.314481 0.805607 1.41345 295.605
19500 0.297888 0.331138 0.790073 1.4191 303.187
19600 0.328777 0.359963 0.782483 1.47122 297.614
19700 0.296361 0.344358 0.779772 1.42049 314.767
19800 0.26466 0.32971 0.784651 1.37902 309.454
19900 0.268512 0.316122 0.777911 1.36255 289.349
20000 0.283042 0.309901 0.783601 1.37654 295.603
20100 0.296039 0.315888 0.817677 1.4296 306.497
20200 0.306822 0.316222 0.860159 1.4832 312.201
20300 0.333123 0.312135 0.861659 1.50692 290.449
20400 0.330302 0.29795 0.853155 1.48141 286.309
20500 0.32078 0.274362 0.873171 1.46831 285.023
20600 0.297631 0.263614 0.842972 1.40422 298.379
20700 0.276261 0.260418 0.801619 1.3383 303.941
20800 0.289537 0.289896 0.808442 1.38787 312.907
20900 0.30182 0.305912 0.807512 1.41524 306.767
21000 0.307652 0.3065 0.810916 1.42507 281.848
21100 0.313961 0.300383 0.81296 1.4273 302.732
21200 0.316975 0.322114 0.85354 1.49263 307.201
21300 0.330084 0.330119 0.883147 1.54335 299.857
21400 0.33701 0.326272 0.891003 1.55429 278.566
21500 0.330535 0.331505 0.911362 1.5734 278.5
21600 0.314975 0.35206 0.944343 1.61138 295.246
21700 0.308865 0.368084 0.952739 1.62969 301.531
21800 0.310139 0.346663 0.888229 1.54503 305.336
21900 0.304372 0.332448 0.865254 1.50207 299.591
22000 0.302585 0.341601 0.871464 1.51565 294.228
22100 0.293928 0.334404 0.904607 1.53294 285.829
22200 0.295218 0.321023 0.916434 1.53267 291.332
22300 0.298713 0.331644 0.896562 1.52692 308.274
22400 0.288324 0.354885 0.91365 1.55686 304.324
22500 0.284335 0.330866 0.946467 1.56167 303.993
22600 0.307073 0.311684 0.960525 1.57928 304.95
22700 0.317431 0.327364 0.9871 1.6319 293.609
22800 0.29856 0.351816 0.999483 1.64986 276.938
22900 0.296773 0.345736 0.999481 1.64199 280.689
23000 0.296807 0.339404 0.990575 1.62679 293.082
23100 0.313518 0.376079 1.02204 1.71163 296.168
23200 0.322933 0.386413 1.01745 1.72679 307.175
23300 0.322314 0.370631 0.987809 1.68075 303.021
23400 0.318778 0.354309 0.957093 1.63018 301.95
23500 0.291749 0.371148 0.976118 1.63901 296.983
23600 0.303499 0.367177 1.01012 1.6808 291.709
23700 0.322122 0.378605 1.0658 1.76653 287.111
23800 0.330721 0.397494 1.09401 1.82222 301.525
23900 0.350158 0.397882 1.11032 1.85836 304.665
24000 0.367409 0.385149 1.13953 1.89209 306.557
24100 0.364323 0.40127 1.08994 1.85553 301.436
24200 0.374177 0.394747 1.01666 1.78558 288.48
24300 0.389561 0.405853 1.02584 1.82125 295.918
24400 0.380605 0.411705 1.05556 1.84787 290.796
24500 0.348706 0.394276 1.08626 1.82924 302.011
24600 0.353905 0.392611 1.11983 1.86634 305.591
24700 0.345072 0.385755 1.17051 1.90134 295.435
24800 0.314041 0.407303 1.18357 1.90491 299.722
24900 0.326224 0.416155 1.14774 1.89012 312.196
25000 0.352972 0.418308 1.10159 1.87287 305.437
25100 0.355871 0.41738 1.08117 1.85443 307.145
25200 0.365424 0.415831 1.08396 1.86522 293.134
25300 0.370226 0.417596 1.08516 1.87298 291.973
25400 0.380018 0.423305 1.12514 1.92846 295.567
25500 0.359447 0.433958 1.1262 1.9196 308.64
25600 0.350787 0.414469 1.13737 1.90263 309.006
25700 0.34862 0.394344 1.15713 1.9001 313.05
25800 0.340604 0.39022 1.14288 1.87371 301.135
25900 0.329862 0.395058 1.15904 1.88396 285.136
26000 0.367054 0.428957 1.17256 1.96857 303.68
26100 0.392858 0.431734 1.20066 2.02525 309.522
26200 0.385645 0.438163 1.26444 2.08825 305.043
26300 0.376202 0.439452 1.24816 2.06381 288.56
26400 0.372949 0.439979 1.21559 2.02852 290.096
26500 0.364023 0.432112 1.19948 1.99561 299.303
26600 0.357701 0.404784 1.19253 1.95501 302.16
26700 0.340532 0.418773 1.19114 1.95044 309.033
26800 0.325359 0.41975 1.16144 1.90655 313.362
26900 0.340186 0.42582 1.18529 1.95129 306.743
27000 0.346543 0.424247 1.2176 1.98839 294.636
27100 0.347809 0.428691 1.22373 2.00024 306.15
27200 0.346313 0.429706 1.2215 1.99752 292.174
27300 0.332173 0.436298 1.23173 2.0002 284.309
27400 0.332492 0.455511 1.23861 2.02662 281.155
27500 0.348153 0.475768 1.24832 2.07224 291.027
27600 0.360367 0.480579 1.30368 2.14463 298.477
27700 0.343216 0.461759 1.32015 2.12512 313.693
27800 0.318735 0.44527 1.27109 2.03509 308.448
27900 0.322577 0.415651 1.22704 1.96526 300.679
28000 0.326936 0.395163 1.23576 1.95786 298.385
28100 0.330729 0.398939 1.26407 1.99374 292.598
28200 0.341262 0.399166 1.24903 1.98946 295.251
28300 0.32981 0.40229 1.23772 1.96982 307.74
28400 0.328118 0.394503 1.23266 1.95528 319.741
28500 0.336488 0.386173 1.23314 1.9558 311.334
28600 0.349549 0.404975 1.29275 2.04727 299.491
28700 0.335065 0.412446 1.33019 2.0777 293.667
28800 0.329072 0.404148 1.3358 2.06902 293.679
28900 0.345955 0.39533 1.31382 2.05511 306.178
29000 0.357904 0.397759 1.3017 2.05736 302.225
29100 0.318271 0.420413 1.32664 2.06533 310.874
29200 0.317169 0.432632 1.34562 2.09543 307.038
29300 0.328524 0.43619 1.38524 2.14995 296.192
29400 0.341068 0.435037 1.42077 2.19688 293.534
29500 0.333283 0.44584 1.40397 2.18309 287.43
29600 0.34559 0.455084 1.39792 2.19859 306.259
29700 0.358968 0.434204 1.39234 2.18551 308.255
29800 0.352295 0.414987 1.38238 2.14967 292.787
29900 0.344476 0.419522 1.35935 2.12335 284.459
30000 0.329748 0.40694 1.316 2.05269 292.303
30100 0.319418 0.399399 1.34871 2.06753 303.356
30200 0.305507 0.383699 1.41953 2.10873 301.489
30300 0.319758 0.378283 1.41181 2.10985 311.447
30400 0.330921 0.399853 1.41714 2.14792 297.212
30500 0.328608 0.423304 1.40463 2.15654 299.728
30600 0.316007 0.409272 1.36089 2.08617 295.563
30700 0.320653 0.411852 1.32237 2.05487 308.431
30800 0.348983 0.412173 1.3823 2.14345 303.313
30900 0.339484 0.423377 1.45029 2.21315 318.054
31000 0.327588 0.447774 1.53409 2.30945 304.963
31100 0.344885 0.454224 1.56816 2.36727 294.729
31200 0.36305 0.461288 1.54457 2.36891 290.768
31300 0.352034 0.455203 1.51793 2.32517 300.443
31400 0.338753 0.442875 1.49329 2.27492 318.913
31500 0.338709 0.443725 1.50028 2.28271 308.399
31600 0.337036 0.434277 1.50385 2.27517 302.521
31700 0.347237 0.415318 1.5264 2.28896 303.9
31800 0.353956 0.432784 1.57227 2.35901 295.205
31900 0.354578 0.453156 1.58976 2.3975 295.803
32000 0.34931 0.486021 1.58317 2.4185 303.56
32100 0.334944 0.474096 1.59437 2.40341 306.729
32200 0.333101 0.440403 1.61393 2.38743 309.814
32300 0.336168 0.408654 1.61961 2.36443 304.078
32400 0.327926 0.389849 1.56503 2.2828 294.383
32500 0.332547 0.38517 1.48734 2.20506 296.777
32600 0.365367 0.390955 1.48732 2.24364 285.493
32700 0.366789 0.398144 1.50288 2.26781 292.858
32800 0.367728 0.416308 1.57936 2.3634 308.615
32900 0.372708 0.413005 1.60388 2.38959 314.958
33000 0.368809 0.401139 1.5835 2.35345 299.57
33100 0.359239 0.411828 1.57249 2.34356 298.049
33200 0.344656 0.41993 1.64095 2.40554 301.202
33300 0.337437 0.420037 1.66837 2.42584 295.216
33400 0.351784 0.427459 1.67276 2.452 301.937
33500 0.342895 0.418381 1.69239 2.45366 307.706
33600 0.311861 0.399674 1.68545 2.39698 319.332
33700 0.33462 0.396078 1.73221 2.46291 301.765
33800 0.356474 0.409079 1.75259 2.51814 293.658
33900 0.362521 0.439174 1.77923 2.58092 299.906
34000 0.361679 0.473058 1.78621 2.62095 302.355
34100 0.338005 0.45784 1.77286 2.56871 303.627
34200 0.334869 0.427458 1.71975 2.48208 309.455
34300 0.348694 0.434263 1.71684 2.4998 302.402
34400 0.351656 0.441546 1.75949 2.5527 288.728
34500 0.387346 0.440519 1.77501 2.60287 290.411
34600 0.379593 0.452052 1.76964 2.60128 307.569
34700 0.343855 0.454506 1.80719 2.60555 307.992
34800 0.358613 0.456357 1.80711 2.62208 307.283
34900 0.372368 0.449938 1.81182 2.63412 301.286
35000 0.364357 0.418193 1.79566 2.57821 309.84
35100 0.344615 0.392844 1.77858 2.51604 293.552
35200 0.34514 0.404691 1.80886 2.55869 299.47
35300 0.339865 0.438094 1.8287 2.60666 301.394
35400 0.346923 0.446213 1.85453 2.64767 314.868
35500 0.345455 0.433583 1.78072 2.55976 309.396
35600 0.343388 0.426148 1.76726 2.5368 292.121
35700 0.335552 0.43933 1.81331 2.58819 295.912
35800 0.34098 0.446834 1.85826 2.64608 300.283
35900 0.357614 0.425334 1.86634 2.64929 304.862
36000 0.358162 0.447076 1.87659 2.68183 315.591
36100 0.366512 0.467045 1.86704 2.7006 312.572
36200 0.361682 0.455685 1.8905 2.70787 304.238
36300 0.33838 0.436982 1.9318 2.70716 302.338
36400 0.318349 0.40295 1.91052 2.63182 292.136
36500 0.300052 0.378311 1.86266 2.54103 288.98
36600 0.304544 0.384423 1.8809 2.56986 285.901
36700 0.324207 0.384367 1.86523 2.5738 278.474
36800 0.312528 0.403135 1.85359 2.56925 298.369
36900 0.309168 0.401125 1.80574 2.51603 304.358
37000 0.309987 0.430411 1.82482 2.56522 305.566
37100 0.309377 0.438863 1.86762 2.61586 300.897
37200 0.31637 0.433343 1.89141 2.64112 287.39
37300 0.328553 0.43037 1.93695 2.69587 284.74
37400 0.350668 0.46994 1.9674 2.788 306.259
37500 0.369872 0.459877 1.96881 2.79856 306.274
37600 0.370202 0.434944 1.99641 2.80156 302.242
37700 0.35217 0.423619 2.03852 2.81431 296.41
37800 0.345652 0.409669 2.04252 2.79784 290.579
37900 0.349539 0.404437 2.03232 2.78629 288.134
38000 0.351338 0.404884 2.01187 2.7681 295.206
38100 0.342394 0.421987 2.00523 2.76961 306.262
38200 0.356401 0.439053 2.01653 2.81199 306.298
38300 0.369782 0.458453 2.04316 2.87139 299.19
38400 0.375093 0.45466 2.03688 2.86664 290.486
38500 0.3783 0.441182 2.06874 2.88822 282.132
38600 0.370762 0.421304 2.08876 2.88083 294.105
38700 0.363739 0.42657 2.1406 2.93091 312.577
38800 0.35662 0.449405 2.15024 2.95626 295.794
38900 0.328775 0.451788 2.16568 2.94624 298.948
39000 0.333348 0.45804 2.25983 3.05122 300.241
39100 0.372841 0.470227 2.24164 3.08471 297.239
39200 0.393284 0.477503 2.2489 3.11969 287.146
39300 0.386903 0.503468 2.29477 3.18514 299.159
39400 0.377495 0.499456 2.34028 3.21723 311.269
39500 0.378935 0.499178 2.32762 3.20573 304.771
39600 0.375227 0.485783 2.24965 3.11066 305.65
39700 0.370418 0.466574 2.19203 3.02902 291.672
39800 0.374733 0.445282 2.20992 3.02994 294.307
39900 0.388698 0.427152 2.217 3.03286 292.737
40000 0.384507 0.419669 2.198 3.00218 307.412
40100 0.389546 0.407401 2.23425 3.0312 311.216
40200 0.386729 0.425376 2.27352 3.08562 300.542
40300 0.359632 0.439148 2.29939 3.09817 291.701
40400 0.380108 0.446193 2.25462 3.08092 284.02
40500 0.374042 0.433603 2.26642 3.07407 285.903
40600 0.367808 0.409895 2.32504 3.10274 295.978
40700 0.379441 0.411271 2.39009 3.1808 304.869
40800 0.388974 0.439123 2.39393 3.22202 304.141
40900 0.390423 0.440612 2.34144 3.17247 308.295
41000 0.397459 0.444467 2.33558 3.1775 289.463
41100 0.421688 0.455485 2.36839 3.24556 292.246
41200 0.413601 0.46351 2.39323 3.27034 297.541
41300 0.398518 0.494297 2.43373 3.32654 307.678
41400 0.386868 0.487256 2.43199 3.30611 301.963
41500 0.367263 0.464322 2.37455 3.20613 302.796
41600 0.373872 0.452355 2.38039 3.20662 304.338
41700 0.379566 0.462681 2.43346 3.27571 302.389
41800 0.387415 0.470392 2.49573 3.35353 292.115
41900 0.38864 0.492889 2.49995 3.38148 296.484
42000 0.402488 0.50613 2.5599 3.46851 297.989
42100 0.430669 0.530045 2.50879 3.4695 304.084
42200 0.433307 0.545704 2.51965 3.49866 289.824
42300 0.420513 0.528206 2.54019 3.48891 298.258
42400 0.389617 0.517194 2.5711 3.47791 303.441
42500 0.373297 0.505817 2.61049 3.4896 314.267
42600 0.347768 0.502253 2.66519 3.51521 309.124
42700 0.340713 0.476987 2.63309 3.45079 293.704
42800 0.365838 0.467275 2.53583 3.36894 291.693
42900 0.380754 0.485712 2.53994 3.40641 302.19
43000 0.394007 0.475554 2.55982 3.42938 301.254
43100 0.401451 0.464955 2.57382 3.44022 312.949
43200 0.407366 0.466615 2.63686 3.51084 315.271
43300 0.38247 0.479615 2.70091 3.56299 316.286
43400 0.364443 0.490622 2.71331 3.56838 300.058
43500 0.347984 0.490196 2.73472 3.5729 297.944
43600 0.352082 0.485829 2.70633 3.54424 299.662
43700 0.345181 0.464067 2.68205 3.49129 286.825
43800 0.332556 0.45242 2.65885 3.44382 302.873
43900 0.351636 0.460002 2.64156 3.4532 317.476
44000 0.38394 0.445285 2.67498 3.50421 300.639
44100 0.412993 0.458401 2.74344 3.61484 297.286
44200 0.419417 0.461126 2.76944 3.64998 296.378
44300 0.421762 0.475223 2.72946 3.62644 300.477
44400 0.406235 0.494527 2.71055 3.61131 326.359
44500 0.410551 0.486564 2.67461 3.57172 309.467
44600 0.403734 0.517725 2.72858 3.65004 301.062
44700 0.424117 0.534913 2.80112 3.76015 295.763
44800 0.433295 0.524409 2.88212 3.83982 294.519
44900 0.414998 0.515639 2.90886 3.8395 305.302
45000 0.395896 0.514918 2.88291 3.79372 318.549
45100 0.385835 0.49361 2.83763 3.71707 326.462
45200 0.396382 0.479051 2.79075 3.66619 309.097
45300 0.4173 0.474666 2.74926 3.64122 301.897
45400 0.412938 0.455494 2.76424 3.63267 289.319
45500 0.388279 0.439702 2.82079 3.64877 299.287
45600 0.388583 0.45827 2.84415 3.691 311.571
45700 0.390838 0.503715 2.88442 3.77897 317.116
45800 0.398423 0.537003 2.93548 3.87091 301.958
45900 0.394445 0.53037 2.95545 3.88027 285.542
46000 0.397979 0.504536 2.99178 3.8943 295.823
46100 0.390805 0.486121 2.91549 3.79241 308.801
46200 0.400729 0.462371 2.88614 3.74924 301.597
46300 0.39118 0.443987 2.90853 3.74369 311.513
46400 0.393219 0.467199 2.85663 3.71705 311.115
46500 0.382845 0.472328 2.81376 3.66893 302.988
46600 0.358906 0.451914 2.79338 3.6042 296.997
46700 0.346269 0.443517 2.85833 3.64812 295.163
46800 0.334628 0.445197 2.94101 3.72083 292.961
46900 0.347222 0.443765 2.94129 3.73228 317.885
47000 0.370209 0.447559 2.9213 3.73907 312.511
47100 0.364326 0.465027 2.87638 3.70573 329.72
47200 0.362289 0.489992 2.86302 3.7153 371.352
47300 0.387382 0.510169 2.95494 3.85249 360.311
47400 0.387916 0.548448 3.0773 4.01367 346.809
47500 0.411168 0.577804 3.16212 4.15109 320.045
47600 0.44116 0.586939 3.31942 4.34752 284.144
47700 0.447816 0.576155 3.45163 4.47561 294.004
47800 0.464444 0.560908 3.43879 4.46415 279.745
47900 0.47603 0.548913 3.39195 4.41689 306.557
48000 0.480372 0.574761 3.37699 4.43213 305.545
48100 0.460985 0.578109 3.37266 4.41176 306.495
48200 0.46378 0.539776 3.40525 4.40881 292.925
48300 0.495246 0.497271 3.45346 4.44598 293.021
48400 0.527042 0.481952 3.49919 4.50818 307.204
48500 0.569428 0.508017 3.54647 4.62392 301.373
48600 0.610678 0.56831 3.64832 4.82731 295.306
48700 0.655861 0.649709 3.62405 4.92962 289.02
48800 0.723049 0.692771 3.67526 5.09108 295.218
48900 0.736304 0.704343 3.69382 5.13447 305.903
49000 0.73757 0.73364 3.69786 5.16907 302.555
49100 0.76841 0.734 3.72818 5.23059 289.931
49200 0.744597 0.724987 3.76695 5.23653 304.825
49300 0.719545 0.675973 3.70784 5.10335 314.327
49400 0.71167 0.644858 3.7021 5.05863 304.5
49500 0.690733 0.606183 3.71976 5.01668 307.093
49600 0.633598 0.579344 3.70681 4.91975 307.793
49700 0.584049 0.569961 3.69679 4.8508 286.13
49800 0.575852 0.550559 3.78259 4.909 298.884
49900 0.625731 0.560306 3.79535 4.98139 309.779
50000 0.648813 0.577378 3.84172 5.06791 321.921
50100 0.67889 0.608373 3.89245 5.17971 321.867
50200 0.721629 0.608767 3.87548 5.20587 309.996
50300 0.702781 0.606063 3.83629 5.14513 299.969
50400 0.663621 0.613927 3.79127 5.06882 297.445
50500 0.615306 0.648859 3.76104 5.02521 289.707
50600 0.625938 0.654962 3.75932 5.04022 295.873
50700 0.649452 0.660442 3.89289 5.20278 313.215
50800 0.657508 0.638208 3.91805 5.21377 308.357
50900 0.655059 0.61248 3.87185 5.13939 303.371
51000 0.632693 0.587292 3.87006 5.09004 297.945
51100 0.63235 0.599996 3.91948 5.15182 300.049
51200 0.647394 0.613731 4.06854 5.32966 295.168
51300 0.628279 0.617558 4.1243 5.37014 308.936
51400 0.626683 0.608535 4.0293 5.26452 304.303
51500 0.626372 0.597916 3.87815 5.10243 310.013
51600 0.615334 0.577034 3.85013 5.0425 289.732
51700 0.600661 0.553134 3.79786 4.95165 289.558
51800 0.591221 0.528127 3.91396 5.03331 300.341
51900 0.598413 0.500937 4.0911 5.19045 309.009
52000 0.594347 0.505303 4.13537 5.23502 309.424
52100 0.567606 0.533682 4.15726 5.25854 304.949
52200 0.551534 0.550104 4.07121 5.17284 300.6
52300 0.570434 0.552252 4.01882 5.14151 286.528
52400 0.586914 0.57668 4.02295 5.18655 304.517
52500 0.640067 0.591775 4.12658 5.35842 329.746
52600 0.664846 0.602084 4.34181 5.60874 368.259
52700 0.660526 0.616796 4.47006 5.74738 358.763
52800 0.646302 0.62718 4.70905 5.98253 317.282
52900 0.680698 0.642941 4.80487 6.1285 298.967
53000 0.701825 0.6659 4.80599 6.17372 282.913
53100 0.725868 0.66498 4.6968 6.08765 296.891
53200 0.750725 0.658384 4.56838 5.97749 305.016
53300 0.776465 0.712969 4.36193 5.85137 305.96
53400 0.781796 0.758796 4.28411 5.8247 306.434
53500 0.785398 0.779059 4.26479 5.82925 291.262
53600 0.801352 0.785998 4.18577 5.77312 286.317
53700 0.831109 0.805996 4.27796 5.91506 316.551
53800 0.851952 0.808279 4.47041 6.13065 309.32
53900 0.885261 0.773567 4.62831 6.28713 284.633
54000 0.875218 0.735839 4.64314 6.2542 285.529
54100 0.846425 0.736255 4.73698 6.31966 294.454
54200 0.804143 0.777021 4.65518 6.23634 298.255
54300 0.773797 0.784093 4.54929 6.10718 300.702
54400 0.761898 0.752843 4.44536 5.9601 302.332
54500 0.736334 0.73815 4.41428 5.88876 294.981
54600 0.720885 0.670493 4.46169 5.85306 286.233
54700 0.720158 0.579172 4.59354 5.89287 291.915
54800 0.711014 0.564788 4.76569 6.0415 301.475
54900 0.702223 0.568642 4.88497 6.15584 303.211
55000 0.689798 0.601764 4.90397 6.19554 304.702
55100 0.715558 0.655415 4.90909 6.28006 302.741
55200 0.732379 0.680729 4.88808 6.30119 291.188
55300 0.726617 0.669263 4.80542 6.20131 285.584
55400 0.714308 0.682059 4.77993 6.17629 277.945
55500 0.717515 0.697035 4.75875 6.1733 286.359
55600 0.751807 0.725286 4.7311 6.20819 300.245
55700 0.777054 0.758407 4.74849 6.28395 307.975
55800 0.811037 0.778927 4.78754 6.37751 303.28
55900 0.820118 0.838971 4.83832 6.49741 301.168
56000 0.826139 0.852757 4.71735 6.39624 289.267
56100 0.855598 0.852613 4.74781 6.45602 285.23
56200 0.887991 0.85845 4.86895 6.61539 298.441
56300 0.887228 0.878664 4.90134 6.66723 310.664
56400 0.883739 0.871509 4.95729 6.71254 297.252
56500 0.922606 0.840026 5.01035 6.77298 305.417
56600 0.930541 0.82332 4.99498 6.74884 298.316
56700 0.898519 0.816197 4.99372 6.70844 286.02
56800 0.864426 0.828926 5.0786 6.77196 291.655
56900 0.848624 0.83534 4.9816 6.66556 287.435
57000 0.844366 0.823072 4.91681 6.58425 306.639
57100 0.804266 0.818372 4.90483 6.52747 304.122
57200 0.763756 0.814473 4.8848 6.46303 299.397
57300 0.776146 0.813088 5.0213 6.61053 287.168
57400 0.771197 0.807815 5.10903 6.68804 288.407
57500 0.798908 0.830568 5.22738 6.85686 302.068
57600 0.819545 0.866988 5.27593 6.96246 307.368
57700 0.867566 0.883204 5.19751 6.94828 310.206
57800 0.915098 0.891165 5.10324 6.9095 297.297
57900 0.945063 0.923797 5.00489 6.87375 288.697
58000 0.983397 0.946085 4.95597 6.88545 290.766
58100 1.01922 0.948914 5.15883 7.12696 298.792
58200 1.02503 0.940901 5.26868 7.23462 300.4
58300 1.0359 0.945165 5.32316 7.30423 307.102
58400 1.03061 0.934106 5.40487 7.36959 293.219
58500 1.00675 0.947364 5.40636 7.36048 294.344
58600 1.00606 0.965657 5.4303 7.40201 311.558
58700 1.05681 1.01531 5.4483 7.52041 322.743
58800 1.09619 1.09517 5.43395 7.62531 307.788
58900 1.14934 1.17843 5.54873 7.8765 291.096
59000 1.20958 1.27306 5.66861 8.15125 302.343
59100 1.24609 1.33247 5.6577 8.23626 305.375
59200 1.24604 1.32386 5.64583 8.21573 300.451
59300 1.29681 1.33557 5.6296 8.26198 312.509
59400 1.40475 1.30691 5.5203 8.23196 294.036
59500 1.45886 1.21451 5.50899 8.18236 293.897
59600 1.44179 1.153 5.51443 8.10922 289.736
59700 1.45504 1.08925 5.61137 8.15566 306.189
59800 1.4667 1.05117 5.71837 8.23624 310.065
59900 1.44148 1.095 5.63433 8.17081 304.581
60000 1.50727 1.1276 5.61797 8.25284 294.312
60100 1.55017 1.12676 5.80422 8.48115 297.736
60200 1.53405 1.10821 5.77085 8.41311 290.018
60300 1.52858 1.077 5.66159 8.26717 291.485
60400 1.53738 1.08586 5.60136 8.2246 296.934
60500 1.50287 1.12848 5.57707 8.20842 307.026
60600 1.46074 1.11913 5.57335 8.15323 301.265
60700 1.40671 1.10915 5.54656 8.06242 300.552
60800 1.40049 1.13474 5.55092 8.08615 282.972
60900 1.40685 1.17106 5.57396 8.15187 294.311
61000 1.4709 1.16471 5.73964 8.37525 305.775
61100 1.51123 1.21038 5.99061 8.71221 312.767
61200 1.54345 1.25851 6.08601 8.88797 305.882
61300 1.52996 1.26461 6.14234 8.93691 304.325
61400 1.49901 1.30911 6.16945 8.97757 304.521
61500 1.50074 1.34187 6.10734 8.94995 300.178
61600 1.5607 1.34285 5.97356 8.87711 299.186
61700 1.54448 1.35921 6.03705 8.94074 289.429
61800 1.4773 1.38408 6.06461 8.92599 280.319
61900 1.47837 1.38714 6.02895 8.89446 286.096
62000 1.48218 1.31781 6.13055 8.93055 302.799
62100 1.51042 1.27518 6.2081 8.9937 297.312
62200 1.60024 1.25011 6.22553 9.07588 296.271
62300 1.6383 1.18925 6.29627 9.12382 316.498
62400 1.6801 1.15971 6.30898 9.14879 306.922
62500 1.75032 1.18835 6.39221 9.33088 294.362
62600 1.77329 1.22586 6.41359 9.41275 296.526
62700 1.75357 1.25619 6.38722 9.39699 296.918
62800 1.72005 1.32911 6.41803 9.46719 308.633
62900 1.68601 1.40535 6.2907 9.38207 320.129
63000 1.6552 1.41703 6.19969 9.27191 311.339
63100 1.64247 1.39618 6.20178 9.24043 290.759
63200 1.65192 1.35935 6.29665 9.30792 304.585
63300 1.69334 1.35552 6.3113 9.36016 301.022
63400 1.69582 1.37263 6.35831 9.42676 289.137
63500 1.68719 1.39791 6.51643 9.60152 284.081
63600 1.69013 1.42836 6.53451 9.653 296.06
63700 1.69517 1.46854 6.5601 9.7238 358.332
63800 1.75471 1.47786 6.79641 10.029 351.244
63900 1.80237 1.46217 6.98935 10.2539 334.408
64000 1.84667 1.49623 7.08435 10.4273 315.335
64100 1.95886 1.49012 7.18361 10.6326 293.109
64200 2.09708 1.4641 7.28546 10.8466 288.358
64300 2.18877 1.39946 7.38043 10.9687 293.674
64400 2.23199 1.35091 7.29161 10.8745 307.754
64500 2.22745 1.30578 7.29933 10.8326 309.46
64600 2.23436 1.2903 7.27911 10.8038 294.665
64700 2.2041 1.30735 7.22559 10.737 293.072
64800 2.11419 1.3691 7.32169 10.805 297.353
64900 2.08177 1.46406 7.3432 10.889 317.547
65000 2.00205 1.53291 7.50029 11.0353 316.357
65100 1.89347 1.62344 7.66001 11.1769 312.013
65200 1.84063 1.66928 7.62338 11.1333 293.009
65300 1.83363 1.67017 7.65541 11.1592 303.091
65400 1.82351 1.63787 7.66523 11.1266 301.562
65500 1.76889 1.58115 7.69565 11.0457 289.39
65600 1.7006 1.51668 7.71319 10.9305 288.707
65700 1.6979 1.44447 7.64706 10.7894 301.473
65800 1.71357 1.38749 7.51953 10.6206 314.403
65900 1.66878 1.35323 7.58357 10.6056 305.024
66000 1.60053 1.36477 7.70011 10.6654 295.608
66100 1.5571 1.37999 7.64364 10.5807 290.78
66200 1.53635 1.44353 7.65177 10.6316 290.68
66300 1.49728 1.47281 7.79275 10.7628 300.957
66400 1.47748 1.47196 7.8995 10.8489 313.687
66500 1.54213 1.41279 7.79823 10.7531 311.13
66600 1.50282 1.35492 7.74536 10.6031 299.307
66700 1.37405 1.2967 7.69476 10.3655 303.258
66800 1.3243 1.20527 7.64083 10.1704 286.855
66900 1.32195 1.14218 7.65745 10.1216 298.035
67000 1.26415 1.16572 7.65744 10.0873 321.037
67100 1.22008 1.20706 7.79163 10.2188 314.595
67200 1.24659 1.22391 7.82221 10.2927 307.794
67300 1.27331 1.21834 7.81004 10.3017 300.386
67400 1.27303 1.24546 7.92883 10.4473 296.454
67500 1.26587 1.24724 8.00663 10.5197 289.25
67600 1.27003 1.19622 8.01942 10.4857 308.916
67700 1.33025 1.16528 7.94635 10.4419 313.276
67800 1.35667 1.16257 7.9535 10.4727 299.673
67900 1.347 1.16961 7.90656 10.4232 294.664
68000 1.33623 1.18178 7.84587 10.3639 292.331
68100 1.32408 1.15727 7.87762 10.359 293.843
68200 1.27434 1.1631 7.91601 10.3534 304.289
68300 1.23164 1.20126 7.93665 10.3696 307.463
68400 1.2374 1.19149 7.91545 10.3443 305.498
68500 1.28101 1.22527 7.97318 10.4795 305.244
68600 1.26716 1.22969 7.99711 10.494 298.635
68700 1.22887 1.20099 7.96517 10.395 286.735
68800 1.28294 1.15494 8.01024 10.4481 299.043
68900 1.34696 1.1513 8.123 10.6213 308.906
69000 1.35792 1.18449 8.23629 10.7787 304.386
69100 1.32802 1.18826 8.29333 10.8096 307.409
69200 1.31186 1.18925 8.23975 10.7409 291.174
69300 1.25749 1.18456 8.15189 10.5939 284.631
69400 1.20873 1.2356 8.07372 10.5181 301.327
69500 1.19591 1.27254 8.02314 10.4916 306.42
69600 1.20415 1.23941 8.08553 10.5291 304.522
69700 1.21992 1.21615 8.06723 10.5033 294.024
69800 1.21593 1.15716 8.05204 10.4251 285.774
69900 1.22848 1.13307 8.14558 10.5071 290.75
70000 1.25401 1.15573 8.27462 10.6844 299.764
70100 1.28288 1.1485 8.39445 10.8258 308.441
70200 1.34941 1.14167 8.50524 10.9963 305.674
70300 1.36863 1.1699 8.4782 11.0167 298.3
70400 1.40333 1.17539 8.42548 11.0042 285.626
70500 1.40159 1.17551 8.44914 11.0262 293.016
70600 1.34409 1.23509 8.47257 11.0518 309.81
70700 1.30306 1.23607 8.40113 10.9403 314.112
70800 1.31362 1.20371 8.37542 10.8928 294.67
70900 1.27736 1.21244 8.41059 10.9004 294.799
71000 1.27891 1.21284 8.55783 11.0496 290.697
71100 1.3368 1.1838 8.66441 11.185 302.942
71200 1.32007 1.15173 8.78402 11.2558 317.574
71300 1.27464 1.19224 8.85794 11.3248 311.75
71400 1.29241 1.16937 8.81387 11.2756 301.924
71500 1.31598 1.20752 8.6724 11.1959 290.814
71600 1.32737 1.26866 8.52298 11.119 306.064
71700 1.29607 1.27455 8.55123 11.1218 303.637
71800 1.28395 1.23217 8.67514 11.1913 300.343
71900 1.32297 1.21602 8.75971 11.2987 292.645
72000 1.32951 1.21819 8.73743 11.2851 294.819
72100 1.30418 1.227 8.69247 11.2237 297.969
72200 1.30195 1.24262 8.63618 11.1807 311.337
72300 1.34179 1.27272 8.73091 11.3454 307.33
72400 1.34559 1.27141 8.90109 11.5181 306.965
72500 1.31149 1.25438 8.97731 11.5432 293.457
72600 1.29512 1.25804 9.15023 11.7034 293.595
72700 1.32355 1.30806 9.23861 11.8702 297.511
72800 1.37103 1.32993 9.11009 11.811 311.836
72900 1.41329 1.33479 8.99898 11.7471 311.779
73000 1.41734 1.32243 8.96382 11.7036 325.57
73100 1.40854 1.24813 9.03763 11.6943 309.535
73200 1.38087 1.17925 9.08419 11.6443 302.465
73300 1.32422 1.17415 9.10533 11.6037 299.287
73400 1.26915 1.18157 9.17717 11.6279 283.622
73500 1.22057 1.17981 9.21576 11.6161 307.023
73600 1.23107 1.12889 9.26096 11.6209 306.346
73700 1.21985 1.18424 9.27193 11.676 305.655
73800 1.22615 1.21719 9.25454 11.6979 309.766
73900 1.26981 1.19965 9.24962 11.7191 300.926
74000 1.31152 1.23845 9.28452 11.8345 289.728
74100 1.32169 1.28165 9.23764 11.841 293.701
74200 1.31979 1.24929 9.17591 11.745 289.802
74300 1.39556 1.18371 9.17902 11.7583 312.349
74400 1.41097 1.15242 9.3139 11.8773 303.671
74500 1.30949 1.14988 9.32945 11.7888 296.188
74600 1.24773 1.12369 9.3773 11.7487 306.748
74700 1.2141 1.06823 9.52105 11.8034 298.422
74800 1.16815 1.09532 9.49866 11.7621 284.854
74900 1.147 1.11566 9.38488 11.6475 279.516
75000 1.17222 1.12496 9.42833 11.7255 294.665
75100 1.20451 1.15247 9.32744 11.6844 297.719
75200 1.26637 1.19875 9.30284 11.768 303.62
75300 1.32516 1.24157 9.29894 11.8657 301.807
75400 1.31874 1.27565 9.39444 11.9888 316.283
75500 1.31776 1.31349 9.52269 12.1539 295.785
75600 1.36656 1.2491 9.61428 12.2299 293.261
75700 1.32755 1.23788 9.76374 12.3292 303.049
75800 1.29441 1.20774 9.9384 12.4406 293.245
75900 1.3672 1.18631 9.92418 12.4777 283.861
76000 1.34711 1.20756 9.84924 12.4039 297.103
76100 1.27745 1.23978 9.89453 12.4118 316.038
76200 1.27803 1.18664 9.83538 12.3001 306.318
76300 1.27226 1.11842 9.76205 12.1527 293.784
76400 1.24006 1.10286 9.68302 12.0259 287.46
76500 1.2345 1.12565 9.68699 12.0471 302.553
76600 1.25736 1.12913 9.743 12.1295 308.449
76700 1.26911 1.13636 9.71712 12.1226 307.268
76800 1.21995 1.2083 9.68837 12.1166 302.995
76900 1.19636 1.26705 9.73727 12.2007 285.921
77000 1.23632 1.31243 9.81452 12.3633 295.976
77100 1.26623 1.27904 9.99122 12.5365 308.087
77200 1.23138 1.25912 10.1486 12.6391 317.773
77300 1.22492 1.27737 10.2275 12.7298 309.063
77400 1.24189 1.1778 10.2298 12.6495 296.603
77500 1.23136 1.14972 10.1717 12.5528 294.398
77600 1.20879 1.18058 10.1699 12.5592 295.454
77700 1.23434 1.16187 10.1919 12.5881 305.585
77800 1.26681 1.18074 10.1553 12.6028 309.417
77900 1.29816 1.3031 10.1425 12.7438 303.545
78000 1.35454 1.36833 10.1074 12.8303 293.399
78100 1.42264 1.34972 10.0639 12.8362 290.798
78200 1.42733 1.35192 10.1282 12.9074 297.961
78300 1.39082 1.31776 10.3092 13.0178 308.957
78400 1.35006 1.23052 10.3817 12.9623 317.696
78500 1.26997 1.18175 10.4978 12.9496 297.34
78600 1.17736 1.19268 10.6035 12.9736 285.241
78700 1.17132 1.17445 10.6721 13.0179 298.92
78800 1.17532 1.19857 10.6596 13.0335 308.582
78900 1.17391 1.22682 10.6754 13.0761 311.817
79000 1.19036 1.19837 10.6644 13.0531 290.502
79100 1.18647 1.20144 10.6255 13.0134 289.274
79200 1.16952 1.20296 10.4548 12.8273 290.821
79300 1.18514 1.18528 10.3292 12.6996 299.751
79400 1.22218 1.13676 10.2891 12.648 309.436
79500 1.24988 1.12724 10.3815 12.7587 297.934
79600 1.22397 1.19112 10.3929 12.808 295.394
79700 1.25035 1.23385 10.4944 12.9786 288.641
79800 1.27962 1.2706 10.724 13.2742 282.539
79900 1.28282 1.25695 10.8293 13.3691 294.437
80000 1.26931 1.24406 10.8707 13.3841 297.95
80100 1.301 1.208 11.0198 13.5288 311.462
80200 1.31953 1.17068 11.0148 13.505 304.86
80300 1.31386 1.18491 10.967 13.4657 294.49
80400 1.31056 1.18876 10.8713 13.3706 293.911
80500 1.32658 1.229 10.8194 13.375 295.666
80600 1.33857 1.24881 10.8588 13.4462 305.487
80700 1.32416 1.27225 11.0054 13.6018 298.961
80800 1.29785 1.29575 10.9752 13.5688 283.345
80900 1.31973 1.2732 11.0774 13.6703 291.307
81000 1.35139 1.303 11.0946 13.749 293.164
81100 1.31682 1.35809 11.0991 13.774 303.997
81200 1.30032 1.33292 11.1843 13.8175 306.297
81300 1.29602 1.24192 11.1637 13.7016 303.711
81400 1.26278 1.21063 11.0673 13.5407 287.753
81500 1.25602 1.1985 10.8434 13.298 280.472
81600 1.29252 1.15905 10.7623 13.2138 299.41
81700 1.30624 1.17358 10.826 13.3058 306.443
81800 1.2782 1.20969 10.9548 13.4427 314.017
81900 1.26174 1.19738 11.0924 13.5516 298.121
82000 1.25085 1.17264 11.3245 13.748 302.144
82100 1.24402 1.20699 11.5155 13.9665 284.061
82200 1.23246 1.28284 11.5144 14.0297 298.001
82300 1.26767 1.25915 11.2953 13.8221 304.637
82400 1.32403 1.26226 11.2489 13.8352 304.677
82500 1.37459 1.2922 11.2939 13.9607 298.955
82600 1.39823 1.3118 11.3607 14.0707 303.01
82700 1.42208 1.32815 11.4317 14.1819 287.978
82800 1.43859 1.35301 11.4776 14.2692 294.197
82900 1.43954 1.35223 11.5462 14.338 310.016
83000 1.40751 1.31628 11.4016 14.1254 311.727
83100 1.38458 1.30848 11.3669 14.06 304.236
83200 1.36815 1.26643 11.4284 14.063 289.973
83300 1.31862 1.20058 11.3943 13.9135 290.728
83400 1.29985 1.19148 11.4461 13.9374 295.847
83500 1.26434 1.18402 11.5997 14.0481 306.036
83600 1.23142 1.18813 11.6338 14.0533 306.754
83700 1.19042 1.196 11.6291 14.0155 305.355
83800 1.20897 1.21171 11.7632 14.1838 299.47
83900 1.22195 1.2215 11.825 14.2685 299.657
84000 1.21314 1.1951 11.7207 14.129 295.35
84100 1.18765 1.21921 11.7093 14.1161 296.611
84200 1.20705 1.2302 11.7239 14.1612 302.708
84300 1.24583 1.25458 11.8121 14.3126 293.649
84400 1.24187 1.24793 11.9122 14.402 314.779
84500 1.27083 1.24766 11.8935 14.412 306.784
84600 1.28946 1.24157 12.0336 14.5646 297.227
84700 1.33082 1.20534 12.1223 14.6584 288.008
84800 1.34448 1.16825 12.0942 14.607 290.139
84900 1.37278 1.14591 12.0232 14.5418 300.103
85000 1.35766 1.16144 12.0796 14.5987 302.89
85100 1.33851 1.17047 12.1044 14.6134 296.301
85200 1.36801 1.16473 12.0177 14.5505 310.825
85300 1.36872 1.16266 12.1228 14.6542 291.178
85400 1.34597 1.17306 12.3019 14.8209 280.274
85500 1.33376 1.22556 12.2404 14.7997 294.082
85600 1.34671 1.24892 12.1559 14.7515 291.527
85700 1.31837 1.3122 12.2076 14.8382 307.01
85800 1.26567 1.32332 12.2223 14.8113 302.938
85900 1.27328 1.26799 12.3312 14.8724 301.307
86000 1.2935 1.21253 12.415 14.9211 278.014
86100 1.2387 1.17461 12.4388 14.8521 281.455
86200 1.19613 1.1713 12.4098 14.7772 298.164
86300 1.24231 1.15384 12.2653 14.6614 288.181
86400 1.30262 1.15 12.312 14.7646 300.427
86500 1.32346 1.21103 12.4037 14.9382 313.596
86600 1.35854 1.22878 12.5178 15.1051 299.258
86700 1.4316 1.2553 12.6512 15.338 299.996
86800 1.47755 1.24176 12.7358 15.4552 290.519
86900 1.42897 1.20834 12.8258 15.4631 299.993
87000 1.41408 1.20265 12.8327 15.4495 307.332
87100 1.43061 1.18233 12.8975 15.5105 304.316
87200 1.36175 1.17233 12.9813 15.5154 309.346
87300 1.29787 1.19327 12.9587 15.4499 286.176
87400 1.32717 1.16068 12.8678 15.3556 281.291
87500 1.38462 1.15493 12.8533 15.3928 303.548
87600 1.29284 1.19612 12.7874 15.2763 305.855
87700 1.21652 1.21463 12.6909 15.122 298.669
87800 1.24752 1.19847 12.571 15.017 287.164
87900 1.27198 1.20608 12.5294 15.0075 298.16
88000 1.25229 1.2609 12.5843 15.0975 291.934
88100 1.29037 1.3384 12.6651 15.2939 297.093
88200 1.37416 1.35789 12.8079 15.54 315.776
88300 1.42202 1.31898 12.9199 15.6609 305.702
88400 1.40808 1.37284 13.0491 15.83 295.681
88500 1.41395 1.39887 13.2669 16.0797 301.517
88600 1.41654 1.35072 13.4491 16.2164 297.967
88700 1.36552 1.29115 13.4092 16.0659 303.982
88800 1.32461 1.24434 13.2295 15.7985 297.858
88900 1.28476 1.21311 13.0932 15.591 289.018
89000 1.2329 1.20433 13.1234 15.5606 288.16
89100 1.20519 1.18904 13.2167 15.6109 290.937
89200 1.20853 1.19879 13.3455 15.7528 300.661
89300 1.20959 1.23019 13.2691 15.7089 305.189
89400 1.20608 1.22048 13.3407 15.7672 305.072
89500 1.20155 1.19826 13.3261 15.7259 298.109
89600 1.19356 1.18116 13.4403 15.815 285.733
89700 1.2011 1.18263 13.4776 15.8613 279.277
89800 1.19949 1.17275 13.5375 15.9098 291.063
89900 1.19732 1.19272 13.6117 16.0018 305.383
90000 1.18709 1.20958 13.5168 15.9135 298.843
90100 1.20356 1.19566 13.4086 15.8079 302.571
90200 1.19547 1.19652 13.4516 15.8435 296.198
90300 1.15451 1.19587 13.4735 15.8238 297.102
90400 1.13127 1.20131 13.4588 15.7914 304.232
90500 1.16445 1.19779 13.4665 15.8288 298.669
90600 1.20329 1.22775 13.6275 16.0585 286.421
90700 1.19699 1.20642 13.7985 16.2019 295.931
90800 1.21595 1.1956 13.9314 16.3429 303.768
90900 1.30612 1.21037 13.9743 16.4908 307.531
91000 1.31015 1.20031 13.8302 16.3406 312.187
91100 1.33462 1.21385 13.7194 16.2679 298.326
91200 1.33677 1.25912 13.744 16.3399 291.331
91300 1.29919 1.2969 13.8447 16.4407 293.552
91400 1.30939 1.3675 13.8503 16.5272 303.175
91500 1.34142 1.36408 13.8901 16.5956 306.878
91600 1.36123 1.337 13.8951 16.5933 299.417
91700 1.33821 1.31775 13.9866 16.6425 299.051
91800 1.34342 1.24932 13.9955 16.5882 298.239
91900 1.35435 1.18763 13.8881 16.4301 294.134
92000 1.38968 1.20817 14.0691 16.667 287.754
92100 1.41057 1.19735 14.2342 16.8422 294.859
92200 1.37823 1.18604 14.3322 16.8965 306.171
92300 1.345 1.21692 14.3342 16.8961 311.037
92400 1.34636 1.25294 14.2812 16.8805 291.94
92500 1.3617 1.24787 14.2388 16.8483 280.127
92600 1.34398 1.24198 14.2711 16.8571 293.104
92700 1.36089 1.28889 14.3903 17.0401 290.593
92800 1.40596 1.2895 14.2841 16.9795 302.829
92900 1.42199 1.26743 14.3577 17.0471 308.381
93000 1.38273 1.2744 14.4994 17.1566 299.651
93100 1.34719 1.28882 14.6884 17.3244 294.283
93200 1.3621 1.26259 14.7019 17.3266 285.703
93300 1.34084 1.26094 14.6198 17.2216 285.137
93400 1.26253 1.26688 14.7378 17.2672 288.704
93500 1.18535 1.21824 14.7309 17.1345 300.48
93600 1.1871 1.21268 14.4992 16.899 313.563
93700 1.20106 1.24767 14.4028 16.8515 298.871
93800 1.177 1.24103 14.5107 16.9287 289.703
93900 1.21166 1.19029 14.4102 16.8122 294.876
94000 1.30662 1.17383 14.377 16.8575 291.128
94100 1.35814 1.20173 14.5328 17.0927 293.092
94200 1.4091 1.23192 14.706 17.347 304.024
94300 1.43399 1.21343 14.7904 17.4378 309.758
94400 1.44737 1.19748 14.9513 17.5962 299.602
94500 1.42014 1.24028 15.1022 17.7626 291.621
94600 1.36903 1.25267 15.1036 17.7253 286.429
94700 1.32128 1.24299 14.9718 17.536 293.416
94800 1.31003 1.23812 14.8739 17.4221 297.931
94900 1.34074 1.20314 14.8857 17.4295 306.531
95000 1.25386 1.12677 14.8576 17.2383 301.704
95100 1.17926 1.09597 14.8902 17.1655 300.72
95200 1.21216 1.05055 14.8525 17.1152 283.457
95300 1.21588 1.05266 14.8882 17.1567 293.431
95400 1.24437 1.13878 14.9742 17.3574 294.893
95500 1.28671 1.20737 14.9512 17.4453 302.889
95600 1.34955 1.25705 15.0764 17.683 311.692
95700 1.35419 1.31812 15.3273 17.9996 299.512
95800 1.36657 1.36251 15.5918 18.3209 290.064
95900 1.4004 1.3433 15.706 18.4497 291.965
96000 1.42578 1.34931 15.6856 18.4607 296.917
96100 1.44113 1.29548 15.5795 18.3161 322.42
96200 1.41678 1.25117 15.3518 18.0197 301.734
96300 1.39524 1.23843 15.1875 17.8212 301.675
96400 1.39169 1.25654 15.1809 17.8292 295.482
96500 1.34607 1.281 15.3058 17.9329 297.008
96600 1.31248 1.25974 15.4864 18.0586 292.048
96700 1.28325 1.25093 15.5852 18.1194 292.672
96800 1.23972 1.29054 15.7396 18.2699 306.114
96900 1.19819 1.31022 15.9061 18.4145 312.844
97000 1.21774 1.28594 15.9207 18.4243 300.617
97100 1.20068 1.20076 15.8446 18.246 292.479
97200 1.14571 1.19197 15.7365 18.0742 292.291
97300 1.13169 1.21008 15.6459 17.9876 294.628
97400 1.13263 1.21858 15.6137 17.9649 300.161
97500 1.13887 1.17071 15.625 17.9346 302.15
97600 1.15597 1.14037 15.7522 18.0485 309.017
97700 1.15984 1.13606 15.8577 18.1536 297.698
97800 1.16408 1.09303 15.9486 18.2057 286.307
97900 1.21859 1.12296 15.9921 18.3337 288.273
98000 1.25883 1.20531 16.0309 18.4951 295.054
98100 1.26847 1.21828 16.0522 18.539 308.832
98200 1.32418 1.23334 15.9437 18.5012 309.381
98300 1.41102 1.26372 15.8625 18.5372 295.271
98400 1.3947 1.28241 16.0414 18.7185 288.512
98500 1.38937 1.32181 16.2554 18.9665 297.442
98600 1.44687 1.30979 16.1423 18.899 298.432
98700 1.38564 1.27339 16.2196 18.8787 308.499
98800 1.29651 1.27732 16.3062 18.88 298.105
98900 1.30235 1.26372 16.1705 18.7366 289.339
99000 1.30462 1.27373 16.1645 18.7429 284.417
99100 1.23893 1.27171 16.0961 18.6068 299.146
99200 1.23956 1.26826 16.1341 18.642 297.976
99300 1.29086 1.25999 16.1799 18.7308 305.177
99400 1.31271 1.23984 16.0714 18.6239 298.436
99500 1.31645 1.22655 16.0577 18.6007 297.49
99600 1.33485 1.21359 16.2455 18.7939 294.847
99700 1.31732 1.18265 16.4428 18.9428 294.658
99800 1.25015 1.21222 16.6641 19.1264 302.67
99900 1.21951 1.19961 16.8106 19.2297 310.649
100000 1.21102 1.18759 16.8104 19.209 317.351
100100 1.22052 1.19194 16.5725 18.985 304.675
100200 1.25307 1.19262 16.4213 18.867 292.106
100300 1.27626 1.22446 16.3373 18.8381 294.865
100400 1.30802 1.2246 16.3095 18.8421 308.201
100500 1.31751 1.21708 16.3816 18.9162 312.23
100600 1.31637 1.21326 16.3935 18.9232 302.599
100700 1.28638 1.17651 16.5581 19.021 295.514
100800 1.28659 1.16648 16.7169 19.17 287.247
100900 1.28994 1.1458 16.7935 19.2292 301.809
101000 1.25948 1.14638 16.881 19.2868 305.433
101100 1.25727 1.14596 16.918 19.3212 313.08
101200 1.25073 1.16955 16.8876 19.3079 318.311
101300 1.26322 1.17315 16.749 19.1853 303.546
101400 1.28418 1.15233 16.8173 19.2538 295.532
101500 1.30502 1.1576 16.9995 19.4621 296.86
101600 1.31757 1.20053 17.1091 19.6272 296.168
101700 1.34724 1.21316 17.3628 19.9232 308.206
101800 1.34255 1.20335 17.5457 20.0916 314.051
101900 1.35045 1.29283 17.5279 20.1711 301.632
102000 1.3717 1.35924 17.4519 20.1829 299.453
102100 1.36953 1.36456 17.4316 20.1657 294.255
102200 1.36569 1.34573 17.2045 19.916 302.453
102300 1.37336 1.3158 17.1815 19.8707 297.172
102400 1.40403 1.32836 17.1601 19.8925 298.535
102500 1.40765 1.34706 17.1533 19.908 310.985
102600 1.35789 1.3285 17.3204 20.0068 313.685
102700 1.32807 1.3327 17.536 20.1967 304.569
102800 1.31537 1.29285 17.6233 20.2315 295.959
102900 1.30328 1.27333 17.5866 20.1632 300.927
103000 1.2579 1.26369 17.6506 20.1722 304.694
103100 1.24905 1.22249 17.6131 20.0847 300.183
103200 1.26722 1.19902 17.5516 20.0178 309.107
103300 1.23448 1.19906 17.4975 19.931 314.245
103400 1.231 1.20527 17.5429 19.9791 305.561
103500 1.27581 1.2042 17.55 20.03 293.186
103600 1.29105 1.21673 17.6227 20.1305 294.435
103700 1.29104 1.22981 17.8035 20.3244 308.245
103800 1.28041 1.24104 17.9462 20.4677 300.692
103900 1.32075 1.24021 17.9841 20.5451 294.764
104000 1.34538 1.20071 17.8596 20.4057 284.411
104100 1.32811 1.17023 17.9026 20.401 296.534
104200 1.28435 1.15338 17.9892 20.4269 299.565
104300 1.27161 1.14328 18.0431 20.4579 309.469
104400 1.26854 1.14354 17.9113 20.3234 311.241
104500 1.23788 1.22099 17.8059 20.2648 298.94
104600 1.21675 1.25317 17.9746 20.4445 300.749
104700 1.23514 1.25612 18.136 20.6273 296.225
104800 1.25825 1.26704 18.2989 20.8242 302.069
104900 1.25476 1.26169 18.2861 20.8026 300.302
105000 1.25997 1.29336 18.1861 20.7395 314.307
105100 1.31095 1.28763 18.2246 20.8232 307.839
105200 1.37736 1.26513 18.2197 20.8622 304.483
105300 1.38859 1.27789 18.1941 20.8606 292.641
105400 1.38079 1.26312 18.2171 20.861 289.429
105500 1.41929 1.23783 18.3934 21.0505 308.513
105600 1.43861 1.23446 18.4792 21.1523 316.388
105700 1.39113 1.24536 18.5499 21.1864 317.117
105800 1.35917 1.27155 18.7412 21.3719 306.441
105900 1.35953 1.26916 18.8835 21.5122 301.478
106000 1.34363 1.23892 18.7636 21.3462 296.423
106100 1.29738 1.24757 18.7124 21.2573 290.683
106200 1.26141 1.20525 18.7731 21.2398 295.31
106300 1.28658 1.17425 18.792 21.2529 311.835
106400 1.28869 1.16217 18.7938 21.2447 312.308
106500 1.27214 1.16124 18.6847 21.1181 294.876
106600 1.27298 1.20994 18.6753 21.1582 301.728
106700 1.26055 1.25487 18.814 21.3295 293.546
106800 1.24642 1.27139 18.6292 21.147 292.424
106900 1.2578 1.31849 18.6346 21.2109 308.989
107000 1.28026 1.32965 18.6812 21.2911 307.92
107100 1.27879 1.33935 18.8622 21.4803 295.422
107200 1.28263 1.31376 18.9325 21.5289 289.841
107300 1.33891 1.26572 19.0546 21.6592 294.848
107400 1.35458 1.28496 19.157 21.7966 300.233
107500 1.36289 1.32956 19.2858 21.9782 305.342
107600 1.39805 1.29172 19.2363 21.9261 313.435
107700 1.41627 1.27003 19.0495 21.7358 300.204
107800 1.38965 1.26244 19.1234 21.7755 301.455
107900 1.37011 1.24124 19.3029 21.9142 305.048
108000 1.32822 1.27232 19.352 21.9526 302.821
108100 1.27286 1.26282 19.4716 22.0073 287.387
108200 1.24885 1.2323 19.5255 22.0067 275.44
108300 1.22734 1.25471 19.5443 22.0263 290.308
108400 1.24682 1.23423 19.4116 21.8926 300.004
108500 1.27965 1.23165 19.2886 21.7999 309.082
108600 1.25248 1.25006 19.2091 21.7116 300.878
108700 1.22632 1.24879 19.3 21.7751 296.768
108800 1.20442 1.20563 19.5009 21.9109 287.251
108900 1.19159 1.15688 19.5755 21.924 291.434
109000 1.20387 1.14425 19.6248 21.9729 302.613
109100 1.23683 1.13663 19.6425 22.0159 312.364
109200 1.2451 1.15173 19.6951 22.0919 303.391
109300 1.28048 1.21004 19.7188 22.2094 301.187
109400 1.35643 1.26977 19.6471 22.2733 297.633
109500 1.3951 1.28082 19.6409 22.3168 286.184
109600 1.41959 1.26673 19.7909 22.4772 287.021
109700 1.40618 1.24647 19.9045 22.5571 301.628
109800 1.35843 1.21114 19.9102 22.4797 313.506
109900 1.32696 1.18957 20.017 22.5335 295.266
110000 1.31241 1.16327 20.0971 22.5728 289.427
110100 1.30463 1.1815 20.0881 22.5743 292.075
110200 1.30689 1.21084 20.0632 22.5809 293.739
110300 1.30105 1.23736 20.0993 22.6377 296.701
110400 1.30297 1.28644 20.1098 22.6992 308.284
110500 1.30704 1.30081 20.0678 22.6756 301.42
110600 1.30471 1.30496 20.0265 22.6362 287.388
110700 1.29506 1.27704 20.1172 22.6893 279.266
110800 1.29608 1.21484 20.3313 22.8423 281.857
110900 1.34184 1.14833 20.2072 22.6974 297.636
111000 1.38471 1.13023 20.157 22.672 295.169
111100 1.37771 1.21771 20.5044 23.0998 318.282
111200 1.38006 1.23585 20.6506 23.2666 301.896
111300 1.38772 1.26602 20.7535 23.4072 295.898
111400 1.377 1.29327 20.5674 23.2377 282.113
111500 1.34849 1.29322 20.434 23.0758 296.239
111600 1.29972 1.27663 20.4091 22.9854 313.235
111700 1.23919 1.22859 20.4464 22.9142 301.321
111800 1.20883 1.1841 20.3712 22.7641 294.369
111900 1.20964 1.17303 20.292 22.6747 291.611
112000 1.20239 1.1653 20.3115 22.6792 289.531
112100 1.2215 1.19339 20.4922 22.9071 297.113
112200 1.22998 1.2715 20.7652 23.2667 307.238
112300 1.29325 1.2983 20.8395 23.431 314.317
112400 1.3831 1.28296 20.8372 23.5033 292.174
112500 1.39548 1.27287 20.9734 23.6418 294.898
112600 1.41367 1.28448 21.0196 23.7177 294.154
112700 1.47118 1.26412 21.0552 23.7905 301.321
112800 1.46152 1.23104 20.9958 23.6884 314.804
112900 1.38639 1.2247 21.0155 23.6265 306.453
113000 1.39938 1.21513 21.1607 23.7752 292.551
113100 1.41061 1.22392 21.1434 23.778 287.411
113200 1.3367 1.24172 21.1041 23.6825 291.511
113300 1.26882 1.26965 21.1638 23.7023 299.958
113400 1.24462 1.23866 21.1228 23.6061 309.428
113500 1.23092 1.23237 21.0115 23.4748 304.98
113600 1.18479 1.24819 21.1116 23.5446 287.291
113700 1.20893 1.20931 21.1362 23.5544 287.547
113800 1.25611 1.20128 21.1096 23.5669 289.348
113900 1.26802 1.21914 21.3372 23.8244 305.142
114000 1.2987 1.19907 21.3788 23.8765 304.244
114100 1.34645 1.20434 21.2911 23.8419 294.916
114200 1.3524 1.25619 21.3095 23.918 301.625
114300 1.35484 1.2539 21.3732 23.9819 311.868
114400 1.35261 1.22952 21.6655 24.2477 300.35
114500 1.34022 1.23653 21.9482 24.525 296.87
114600 1.38232 1.28307 21.9234 24.5888 291.848
114700 1.4301 1.28685 21.9449 24.6618 294.207
114800 1.43756 1.29057 22.0971 24.8252 309.875
114900 1.40436 1.26172 22.0978 24.7638 317.704
115000 1.41069 1.25591 22.1084 24.775 303.707
115100 1.37596 1.25436 22.1624 24.7927 298.948
115200 1.3488 1.23151 22.1619 24.7422 296.056
115300 1.33248 1.24569 22.0253 24.6034 301.273
115400 1.31591 1.25182 22.105 24.6727 302.378
115500 1.25108 1.20558 22.1567 24.6134 295.886
115600 1.22015 1.19015 22.2366 24.6469 287.195
115700 1.23101 1.19009 22.1247 24.5458 285.446
115800 1.2286 1.23035 22.1058 24.5648 301.004
115900 1.27547 1.26614 22.1455 24.6871 312.443
116000 1.30891 1.28806 22.0808 24.6777 301.522
116100 1.32654 1.34406 22.0995 24.7701 289.199
116200 1.31463 1.36798 22.1374 24.82 288.014
116300 1.30523 1.2787 22.2068 24.7908 276.891
116400 1.31217 1.25825 22.2143 24.7847 279.578
116500 1.2925 1.21417 22.3856 24.8923 292.538
116600 1.30021 1.15692 22.5655 25.0227 299.435
116700 1.32657 1.15129 22.5811 25.059 304.829
116800 1.30574 1.17354 22.5144 24.9937 307.392
116900 1.27136 1.19433 22.4978 24.9635 303.05
117000 1.2732 1.20616 22.6694 25.1487 288.309
117100 1.28489 1.24096 22.6001 25.126 293.764
117200 1.25586 1.23762 22.4217 24.9152 302.92
117300 1.27637 1.28111 22.3998 24.9572 306.04
117400 1.29654 1.30661 22.4999 25.103 306.756
117500 1.31016 1.31533 22.6855 25.3109 297.243
117600 1.33357 1.28729 22.7486 25.3695 305.772
117700 1.29371 1.3042 22.6499 25.2478 300.659
117800 1.26779 1.29617 22.5518 25.1158 284.565
117900 1.28266 1.26326 22.4659 25.0118 285.549
118000 1.26971 1.23325 22.5551 25.0581 301.234
118100 1.19061 1.22105 22.8162 25.2279 303.05
118200 1.19216 1.2049 23.0003 25.3973 304.381
118300 1.21496 1.15054 22.9837 25.3492 294.189
118400 1.1973 1.15738 23.0299 25.3845 287.214
118500 1.19932 1.16221 23.1207 25.4823 291.034
118600 1.24078 1.14858 23.1674 25.5567 314.433
118700 1.29832 1.16992 23.1748 25.643 309.147
118800 1.32927 1.18976 23.2122 25.7312 300.084
118900 1.33317 1.25708 23.3607 25.951 294.334
119000 1.34939 1.27162 23.2826 25.9036 296.173
119100 1.37542 1.23225 23.1216 25.7293 301.255
119200 1.35176 1.26449 23.3971 26.0133 302.396
119300 1.30633 1.29472 23.681 26.2821 299.974
119400 1.29424 1.2541 23.7819 26.3303 310.619
119500 1.30787 1.20875 23.626 26.1427 316.361
119600 1.28824 1.26778 23.6758 26.2318 310.218
119700 1.26869 1.2831 23.6102 26.162 299.572
119800 1.29653 1.26096 23.4376 25.9951 287.889
119900 1.30809 1.29549 23.5112 26.1148 303.437
120000 1.31328 1.32107 23.4957 26.1301 304.298
