# Stress and strain vectors, 333U-50C-26-vasp, positive deformation 2
# eps sig1 sig2 sig3 sig4 sig5 sig6
0 -0 -0 -0 -0 -0 -0
0.00200000000000006 1.41785960995371 1.01369376283708 0.845842486736238 -0.117150317569244 -0.179842727620969 -0.00915604212088025
0.004 1.90797749764282 1.65358976553018 1.27559173824316 0.151504576607112 -0.0654811770361479 -0.102698111963113
0.00599999999999994 1.23788600713072 1.31181680811641 0.914797312936381 -0.0424241683148242 -0.0932271794644673 -0.0383731207535458
0.008 0.94312491577446 0.991470694642196 0.542981547600679 0.0789164427602076 -0.201873079074193 -0.139175512524381
0.0100000000000001 1.65522782139397 1.11499350632689 1.33122775388331 -0.0396806154808848 -0.325492115386863 -0.138022162951387
0.012 0.963169127631533 1.0187422317513 0.61780495668838 -0.0718330698542671 -0.549427329195126 -0.128490294520637
0.0140000000000001 1.43506400320844 1.26388983435402 0.992430589579674 -0.107161511940424 -0.317683600514548 -0.00187674809759024
0.016 1.57388484852297 1.5477342146167 0.99283597805619 -0.230169966925893 0.0932015801301788 0.0206113606985642
0.0180000000000001 1.53133179238176 1.61624684461343 1.01019521026743 -0.0987126273224055 0.115393059478924 0.147678817462434
0.02 1.81795454323239 1.34578572858044 1.12368661634929 -0.183734099223885 0.247062031676955 -0.0458976447997382
0.0219999999999999 1.69550373399147 1.61300929967241 1.36098783035228 -0.243908379407975 -0.0903251764803647 -0.059967334995392
0.024 1.72714579529152 1.61808410963576 1.09064841556799 -0.23984532103933 -0.259856437515319 -0.166895332747831
0.0260000000000001 0.938200943114337 1.31071109483576 0.88649512605593 -0.159654881158898 -0.0477374140519688 -0.0835503198391423
0.028 1.24737937297704 1.88861742422592 0.917834878248963 0.0776162000271244 0.102792636413671 0.0397271039005385
0.0299999999999999 0.952090581890208 1.37052824452188 0.63018241282165 0.0859805647661234 0.0190486201765307 0.286203459358498
0.032 1.34906082333096 1.59800905775256 0.574634895084586 0.0863346208033808 -0.0605557802688906 0.300732787567983
0.0340000000000001 1.63767416278212 2.17596403020909 1.35360761019911 0.0107671495614416 -0.044526999310579 -0.00688077089911312
0.036 1.55414777917937 1.98362952351557 1.32656191487309 0.151346271469397 -0.295397818139452 -0.122740336632933
0.0379999999999999 1.49949510455243 2.03404134409979 1.22813911413973 -0.271898517615418 -0.241813222668172 -0.253986804044841
0.04 1.54985652506146 2.02306132622761 0.970092167791026 -0.202904585647993 0.000332552181637022 -0.175931304905988
0.0420000000000001 1.56349910288569 2.21215719447572 0.721431178455699 0.199635205526447 0.0209257663123015 -0.177818038151205
0.044 1.61250220154307 2.19305770811443 1.25691878761731 0.0369781373808223 -0.0574725708990182 -0.198327318719997
0.0459999999999999 1.95195882200866 2.20092948588208 1.38850459016989 -0.0590615216433457 0.0465932874366741 -0.340028966887496
0.048 1.41669200238785 2.4697266011029 1.28399742675137 -0.137243121692022 -0.191149893466639 -0.0884716434200083
0.05 1.08998492635101 1.69284098580671 0.790663946940597 0.129654686092212 -0.256241092591991 -0.39330764724646
0.052 1.32967442834405 2.35880439575237 0.837818736420383 0.0168766046623164 0.0361263031682633 -0.347108588592456
0.0539999999999999 1.33053592436555 2.02012694781461 0.837362892003047 0.123727357203545 0.0776368116473064 -0.217063715763208
0.056 1.36548491012625 2.37346135558096 1.19458646104502 0.260485880546264 -0.0942985364484551 -0.274510267265265
0.0579999999999999 1.99160917644371 2.95587785212358 1.61283089456429 0.151458089134949 -0.133686698383425 -0.165743259948517
0.0599999999999999 1.86999781135006 2.70214092182473 1.32612490816937 -0.174515392356748 0.0637072844006758 -0.0843410403661665
0.0619999999999999 1.33025258825462 2.10331475267282 1.10816213182606 0.131688914256864 -0.274265290799119 -0.314923800499333
0.0639999999999999 1.59985967354835 2.80929694992621 1.2646491767122 0.0674252448473888 -0.31537297827841 -0.252431762000342
0.066 1.42529908860056 2.60588679426466 1.09293936395996 0.0565876527277267 -0.00338257529561019 -0.223864859731142
0.068 1.63074548440526 2.71035178560396 1.37064654850514 0.0234437248523643 0.21966242295539 -0.385009298847747
0.07 1.89037693272115 2.55529001907403 1.15719844372163 0.149523481938838 0.10723273956889 -0.165666129216914
0.072 1.55517122939404 3.18959971905818 1.76130960430393 0.0404723327609364 -0.100693507335079 -0.194422934758175
0.074 2.10257719425601 3.33770827209385 1.70185648744316 0.148257859045313 -0.0326013156184389 -0.21739952402491
0.076 1.92865959765707 3.39684323619366 1.41775733492733 0.0894488053242878 0.132955192769464 -0.310849804808501
0.078 1.56417317825763 2.83210320115031 1.30969202034408 0.0924785341085292 0.006800723083847 -0.416808283633842
0.08 1.65715110693439 3.02916636369773 1.21053265616084 -0.160189553949149 -0.19245753024146 -0.201969692434433
0.082 1.42953963617331 2.88100204598782 1.38984651538607 0.0826905672337854 0.021861735830818 -0.455351804927894
0.084 1.56658297017738 2.74506843323761 1.2689981904623 0.0346016469538548 -0.0472671646910093 -0.365085974504607
0.086 1.68884708010556 2.78940555336363 1.18382094084414 0.151297948509366 0.120971870911796 -0.3560282332053
0.088 1.3843490964078 2.65753846202291 0.891939778756126 0.083412829048439 0.0479452330975201 -0.324582142493567
0.09 1.67404645716137 3.03977249619507 1.44181676658109 0.2615356973213 -0.0396496417925912 -0.193652129928262
0.092 1.72680512268215 3.00377009666452 1.14825847270687 0.315441344041634 -0.118789654649286 -0.235421574188053
0.094 2.5295309299124 3.74506793525541 1.70441738854324 0.0977451633554398 0.198224333420789 -0.194191088928892
0.096 2.27013279080119 3.72467483039685 1.76258535681893 0.232877393485055 0.0257373791702472 -0.0801735522199155
0.098 1.81327371209733 3.09876068389621 1.60429693276251 0.215230539363237 0.123585156652693 -0.268737265300753
0.1 1.86538874747945 3.2883077952845 1.30030721071145 0.440055353117911 0.250205254534632 -0.233215851562836
