# Stress and strain vectors, 333-RV-32-vasp, positive deformation 5
# eps sig1 sig2 sig3 sig4 sig5 sig6
0 -0 -0 -0 -0 -0 -0
0.0399999999999999 -0.780481739537053 -1.20280096492319 -0.151384127826942 0.110834680675925 0.492893685120552 0.11928233391784
0.08 -0.233712439963311 -0.978583406927488 0.132590726030347 0.316591447172632 0.359716977337097 0.553696511106105
0.12 -1.03660553147749 -1.88192894066836 -0.711560874277115 0.430134070391165 0.3250846915854 0.372286557324208
0.16 -0.731625069329335 -1.26145291803954 -0.863542602638768 -0.0232901886033797 0.261450766880464 0.25730235095055
0.2 -0.0237573233232384 -0.863490486494614 0.00955521363546107 0.426910148798191 0.0616889217436957 0.375697864144275
0.24 0.116840039201161 -0.73207224046432 -0.275451350886612 0.362732351042229 0.857814943722351 0.341787618424973
0.28 -0.223154258462836 -0.677648771439523 0.110615349349649 -0.0527836343105222 0.341604419281563 0.423396368177772
0.32 -0.518599435915511 -1.02710168236783 -0.446915358585323 -0.339525050501298 0.825203658560087 0.103666592290003
0.36 -0.0726572336749198 -0.800305196180371 -0.492095791700287 -0.0455632513048568 0.938167033838229 0.227990984119548
0.4 0.236682230104241 -0.309141894913861 -0.383655904746128 -0.0913651311131752 0.133349840060589 0.529835367567074
0.44 -0.369964357448221 -0.378611546790233 -0.954218781552346 0.0499796310196963 0.288575905327245 0.361742006181207
0.48 -0.568585526085042 -0.588091573062164 -0.860905863510263 0.14190477891942 0.852073265768657 0.378784853622414
0.52 -0.0500690520438773 -0.659228720286521 -0.230883958828806 0.0918481615068186 0.679824319354457 0.423268737671078
0.56 -0.291985805418089 -1.2063958391179 -0.478978154768615 -0.036733178681123 1.18520366431646 0.486150418941898
0.6 -0.0149395537835978 -0.639375514955426 -0.351667545293808 -0.175634140341223 1.1085058413887 0.165064538570313
0.64 -0.395315079490565 -1.07582152087491 -0.588043270302033 -0.096937290441628 1.2122532749634 0.272958573599547
0.68 -0.0989082684648315 -0.963898971895215 -0.315156536553835 -0.131041203800116 1.18215423117776 0.0763928511291485
0.72 0.10755350038885 -0.347205414216968 -0.993326899130616 -0.0807602298549569 1.0477844668124 0.464125366990614
0.76 0.268601712750764 -0.899049888825334 -0.220195146503936 -0.10584773118156 1.33832146552175 0.177119789494284
0.8 -0.156319456941265 -1.15724522808743 -0.840312384061544 0.104327696720701 1.31819655057488 0.0829452456163696
0.84 -0.287042195520218 -1.13967880775721 -0.606782231521101 0.0873663119693743 1.29296164818763 0.00486054754292674
0.88 0.266842744570931 -0.655919270289159 -0.635276683996687 0.0928930983093834 1.49373908286101 0.18359646183563
0.92 0.477132511330536 -0.593864322550692 -0.743357590857825 0.199064849423786 1.15306487794116 0.348582969519408
0.96 0.143297683778788 -1.09039334398919 -0.877504969345967 0.13675004298437 1.09781039367755 0.190421705605481
1 -0.594676673354876 -0.911504835986559 -0.72230295350527 0.537400467496309 0.811673505806724 0.328394270862624
1.04 -0.643785970047345 -0.721789800206603 -1.06116314506389 0.127727313906128 0.709007067576729 0.319199931743591
1.08 -0.519702647868811 -1.09847596365701 -0.854253818703377 0.198123049660623 0.709142669149485 0.535245301119615
1.12 -0.858469951437652 -1.34452637866967 -1.42681848152835 0.289128229622173 0.780803571427467 0.401203295525376
1.16 -0.720677621711396 -0.772578198895876 -0.991973047575039 0.312078799455225 0.760794660519038 0.389574116701408
1.2 -0.286213763703312 -0.527083852584114 -0.552470120120678 0.0974864405903975 0.557798609922389 0.456991207370271
1.24 0.207195160496335 -0.194720781284896 -0.583332698776826 -0.143761100358896 0.18607739166695 0.127723089728909
1.28 -0.40011883299776 -0.899363108038229 -1.1592825707381 -0.331819354209799 0.376619481636957 -0.061243751381293
1.32 0.0788352971056009 -0.642389239361311 -0.628678613922787 -0.176211878977282 0.712852952339051 0.023838947416856
1.36 0.383314270824901 -0.163080727885488 -0.0358228105783353 0.12047180529177 1.188751172477 0.230328306889875
1.4 0.0514608354828902 -0.541256275453632 -0.242952199137836 0.153446970894949 1.05149810456186 0.272550378770985
1.44 -0.103258198392054 -0.526621616686705 -0.986492384175074 0.00185556131308259 1.04208038923824 0.43987658190934
1.48 0.253002225767926 -0.763014023633355 -0.318515729890087 0.0429686427928579 1.21521901194818 0.22815506790934
1.52 0.144947222917971 -0.241940145404748 0.410728432701163 0.285098957153345 1.33125752117266 0.0811152705569161
1.56 0.243116185629411 -0.735985443653522 -0.324899794977686 0.181939952539298 1.24681089296023 0.267702875313488
1.6 0.505385433825997 -0.686784269864914 -0.209870156050087 0.0847769291765366 1.57892752850663 0.220478841465579
1.64 0.739288354766567 -0.348880323085044 0.477788746090188 0.362811074388892 1.5067828792388 0.123390537775583
1.68 0.156597902028072 -0.68111886489868 -0.483037138355027 0.329653665614621 1.32725288288258 0.184350994417009
1.72 0.246207961872395 -0.80965895462396 -0.0139538423048987 0.6370732316496 1.6615291732651 -0.123514857267394
1.76 0.19931241185186 -1.01434030644866 -0.288755356217116 0.344020644496547 1.1775596023133 0.137116843600915
1.8 0.309365409953584 -0.249482012615694 -0.4591773958589 0.333146915529774 1.1173391969442 0.048025062094091
1.84 -1.09757888523515 -1.09629983342582 -1.0417148688591 0.613861040859113 0.883630850495538 0.240787980909609
1.88 -1.45412164597872 -1.21204812771304 -1.03425792755889 0.5321602926993 0.43783547111924 -0.261808095349301
1.92 -1.15656722880292 -1.3043408902015 -1.3591131828699 0.274271205460903 0.356855726484645 -0.384575441034589
1.96 -0.612886119442966 -0.390200227781044 -1.11490044085103 0.522600701704035 0.535799372397503 -0.139044158694492
2 -0.352719802328756 -0.456168986818145 -1.13125772585859 -0.092658678142669 0.504414664557454 0.0436615615246855
