# Time-averaged data for fix myMSD
# TimeStep MSD_X MSD_Y MSD_Z MSD_Total Temperture
100 0.0168891 0.013037 0.0183009 0.048227 186.478
200 0.0799859 0.0685413 0.082215 0.230742 254.639
300 0.183669 0.179936 0.176444 0.54005 321.843
400 0.275906 0.305744 0.279701 0.861351 361.559
500 0.317849 0.367655 0.299906 0.985409 331.042
600 0.329625 0.370757 0.302896 1.00328 320.378
700 0.326027 0.36227 0.31376 1.00206 301.255
800 0.33533 0.366595 0.321934 1.02386 297.372
900 0.375241 0.39845 0.360244 1.13394 286.296
1000 0.420459 0.466652 0.392501 1.27961 301.247
1100 0.47658 0.486382 0.426695 1.38966 319.346
1200 0.48482 0.500153 0.407441 1.39241 317.095
1300 0.483249 0.534084 0.429777 1.44711 300.782
1400 0.517311 0.565192 0.481702 1.56421 299.082
1500 0.511009 0.563098 0.513469 1.58758 289.742
1600 0.508919 0.574598 0.464046 1.54756 309.837
1700 0.499346 0.639706 0.468679 1.60773 324.891
1800 0.527654 0.677442 0.523585 1.72868 306.465
1900 0.514703 0.686635 0.491272 1.69261 289.021
2000 0.486881 0.672092 0.449229 1.6082 296.874
2100 0.481411 0.667045 0.414838 1.56329 335.52
2200 0.496748 0.673203 0.425345 1.5953 331.947
2300 0.574877 0.710129 0.427396 1.7124 304.404
2400 0.602992 0.702475 0.403686 1.70915 299.192
2500 0.637645 0.751114 0.443945 1.8327 284.488
2600 0.664908 0.782509 0.494885 1.9423 300.663
2700 0.667443 0.850587 0.507336 2.02536 295.176
2800 0.645733 0.919999 0.543959 2.10969 314.899
2900 0.661503 0.913785 0.597381 2.17267 304.158
3000 0.685583 0.919692 0.591029 2.1963 301.785
3100 0.699204 0.841646 0.576709 2.11756 296.573
3200 0.696808 0.782923 0.546005 2.02574 296.785
3300 0.685463 0.765751 0.534905 1.98612 299.14
3400 0.647744 0.790702 0.531253 1.9697 292.67
3500 0.638422 0.78088 0.534278 1.95358 309.788
3600 0.611614 0.786467 0.556858 1.95494 313.171
3700 0.593864 0.856877 0.575847 2.02659 292.604
3800 0.53053 0.938268 0.556754 2.02555 295.938
3900 0.471664 0.861948 0.50465 1.83826 298.457
4000 0.502076 0.83285 0.521609 1.85653 300.279
4100 0.512717 0.878015 0.567708 1.95844 310.645
4200 0.53674 0.868488 0.575218 1.98045 305.302
4300 0.556379 0.88766 0.55045 1.99449 306.051
4400 0.547955 0.925771 0.572656 2.04638 297.403
4500 0.559952 0.907747 0.62235 2.09005 305.412
4600 0.616234 0.880307 0.695335 2.19188 306.598
4700 0.676758 0.877991 0.738733 2.29348 320.911
4800 0.687218 0.902992 0.757418 2.34763 320.065
4900 0.697738 0.914465 0.772931 2.38514 314.026
5000 0.718633 0.892066 0.743065 2.35376 293.913
5100 0.754927 0.861861 0.784601 2.40139 299.829
5200 0.784874 0.855242 0.786153 2.42627 277.829
5300 0.707393 0.868016 0.757659 2.33307 311.389
5400 0.663254 0.875317 0.743608 2.28218 312.21
5500 0.66744 0.83398 0.725418 2.22684 306.12
5600 0.660898 0.861378 0.698843 2.22112 298.312
5700 0.688891 0.879838 0.675699 2.24443 294.663
5800 0.726906 0.841396 0.690181 2.25848 290.86
5900 0.749494 0.834772 0.69971 2.28398 309.894
6000 0.72951 0.885025 0.689065 2.3036 304.427
6100 0.756067 0.896823 0.709701 2.36259 310.405
6200 0.753882 0.937304 0.696732 2.38792 281.786
6300 0.788016 0.978776 0.694018 2.46081 292.776
6400 0.746744 0.981064 0.675555 2.40336 303.265
6500 0.715822 0.958801 0.654362 2.32898 302.04
6600 0.682915 0.964804 0.675224 2.32294 313.538
6700 0.688576 0.945337 0.678818 2.31273 310.168
6800 0.668463 0.910835 0.66602 2.24532 300.322
6900 0.630609 0.904729 0.643766 2.1791 300.256
7000 0.644268 0.91106 0.681323 2.23665 286.577
7100 0.634767 0.891216 0.666411 2.19239 303.741
7200 0.615813 0.871224 0.680606 2.16764 311.24
7300 0.606485 0.906133 0.731964 2.24458 308.689
7400 0.611744 0.878867 0.743384 2.23399 302.956
7500 0.626805 0.86954 0.732329 2.22867 297.567
7600 0.627678 0.874063 0.726126 2.22787 295.467
7700 0.647324 0.907046 0.703385 2.25775 296.954
7800 0.679237 0.954255 0.681803 2.31529 299.755
7900 0.703344 0.958492 0.68496 2.3468 304.22
8000 0.775386 0.929565 0.699105 2.40406 300.839
8100 0.834324 0.977421 0.683634 2.49538 286.521
8200 0.851314 0.942834 0.690442 2.48459 293.589
8300 0.892215 0.943498 0.702716 2.53843 319.921
8400 0.890099 0.968446 0.69857 2.55711 320.952
8500 0.909256 0.99931 0.716949 2.62551 304.893
8600 0.97222 1.02602 0.741477 2.73972 301.89
8700 0.944005 1.0818 0.754226 2.78003 302.439
8800 0.921066 1.09351 0.727862 2.74243 291.492
8900 0.910615 1.09068 0.740056 2.74135 286.384
9000 0.867536 1.054 0.782165 2.7037 289.323
9100 0.867452 1.0365 0.796623 2.70058 304.584
9200 0.871257 1.02844 0.765939 2.66564 311.855
9300 0.86652 1.09414 0.738597 2.69925 299.617
9400 0.873826 1.03161 0.706353 2.61179 290.279
9500 0.892005 1.01285 0.723299 2.62816 297.935
9600 0.843996 1.04333 0.718431 2.60575 307.545
9700 0.79781 0.991424 0.724163 2.5134 313.625
9800 0.76279 0.962128 0.732477 2.45739 319.487
9900 0.765201 0.953992 0.75793 2.47712 312.781
10000 0.755939 0.970392 0.770659 2.49699 294.493
10100 0.742426 0.954709 0.746419 2.44355 297.468
10200 0.752147 1.00381 0.73863 2.49459 316.231
10300 0.735871 1.02084 0.723072 2.47979 299.695
10400 0.757577 0.975426 0.71182 2.44482 281.57
10500 0.7428 0.937214 0.702357 2.38237 284.408
10600 0.718647 0.928797 0.714611 2.36205 310.41
10700 0.700362 0.927949 0.720364 2.34867 308.657
10800 0.674938 0.907066 0.705627 2.28763 299.638
10900 0.666917 0.920546 0.703397 2.29086 298.687
11000 0.685649 0.948607 0.771514 2.40577 283.669
11100 0.686033 0.961966 0.784141 2.43214 298.643
11200 0.676543 0.939838 0.792672 2.40905 311.474
11300 0.686522 0.923336 0.812938 2.4228 311.066
11400 0.673175 0.892415 0.808049 2.37364 311.678
11500 0.655825 0.909101 0.805832 2.37076 316.204
11600 0.667728 0.944808 0.825135 2.43767 300.251
11700 0.680172 0.990277 0.866937 2.53739 282.787
11800 0.69327 0.994721 0.837788 2.52578 301.55
11900 0.686836 0.954392 0.814023 2.45525 312.976
12000 0.705427 0.917831 0.831994 2.45525 305.595
12100 0.712656 0.888154 0.797248 2.39806 304.413
12200 0.707864 0.871035 0.769211 2.34811 295.578
12300 0.711384 0.896988 0.782413 2.39079 298.627
12400 0.736458 0.905467 0.811143 2.45307 314.986
12500 0.753726 0.928238 0.833701 2.51567 318.462
12600 0.738135 0.960668 0.885874 2.58468 321.395
12700 0.720573 0.965384 0.88408 2.57004 293.164
12800 0.701491 1.01829 0.896495 2.61628 295.929
12900 0.706957 1.02713 0.899628 2.63372 299.204
13000 0.721244 1.03852 0.899686 2.65945 306.046
13100 0.731402 1.08372 0.917469 2.73259 313.925
13200 0.723071 1.06095 0.877945 2.66197 311.941
13300 0.731224 1.04764 0.841887 2.62075 293.46
13400 0.740215 1.08468 0.873413 2.69831 301.548
13500 0.783309 1.08189 0.914597 2.77979 292.274
13600 0.813392 1.04209 0.948722 2.8042 309.521
13700 0.838518 0.980288 0.981804 2.80061 333.731
13800 0.813179 0.961514 0.893638 2.66833 323.478
13900 0.738279 0.892155 0.842137 2.47257 304.637
14000 0.741291 0.907602 0.820923 2.46982 297.936
14100 0.733445 0.929575 0.810425 2.47345 288.628
14200 0.724087 0.945752 0.816391 2.48623 290.327
14300 0.73091 0.975954 0.7968 2.50366 305.557
14400 0.746859 0.987891 0.803156 2.53791 312.706
14500 0.780477 0.987464 0.845632 2.61357 296.922
14600 0.792587 0.961186 0.917701 2.67147 292.839
14700 0.7869 0.989415 0.881543 2.65786 308.115
14800 0.777572 1.01682 0.89866 2.69305 319.182
14900 0.766912 1.01639 0.915749 2.69905 313.183
15000 0.758561 1.02903 0.968669 2.75626 304.02
15100 0.796896 1.03016 0.99791 2.82496 291.329
15200 0.796892 1.05371 1.01625 2.86685 294.692
15300 0.797427 1.05869 1.00937 2.86548 308.775
15400 0.82572 1.06029 1.01996 2.90597 310.425
15500 0.790624 1.05946 1.03178 2.88186 299.966
15600 0.736732 1.02033 0.990934 2.74799 282.97
15700 0.730946 0.955598 0.956817 2.64336 300.221
15800 0.750656 0.931626 0.862692 2.54497 310.321
15900 0.742659 0.959963 0.843116 2.54574 298.865
16000 0.74587 0.973032 0.827279 2.54618 292.358
16100 0.715735 0.938799 0.828879 2.48341 297.321
16200 0.729176 0.963528 0.820734 2.51344 304.443
16300 0.757661 1.02668 0.886214 2.67055 297.868
16400 0.746305 1.05372 0.923624 2.72365 301.458
16500 0.740451 0.998299 0.891531 2.63028 306.258
16600 0.725868 0.922066 0.855285 2.50322 329.585
16700 0.699527 0.89028 0.796681 2.38649 306.336
16800 0.726252 0.87689 0.786898 2.39004 305.452
16900 0.788548 0.918986 0.879286 2.58682 292.216
17000 0.791157 0.954802 0.919416 2.66538 293.568
17100 0.773303 0.935173 0.907886 2.61636 304.647
17200 0.761294 0.929992 0.877759 2.56904 322.845
17300 0.752708 0.96983 0.867914 2.59045 310.897
17400 0.798906 0.998768 0.913041 2.71072 297.117
17500 0.809151 0.970507 0.90419 2.68385 290.302
17600 0.760206 0.951133 0.892243 2.60358 309.296
17700 0.779119 0.970671 0.903333 2.65312 307.399
17800 0.815728 0.979917 0.897728 2.69337 292.063
17900 0.821467 1.00695 0.859945 2.68836 286.631
18000 0.832885 0.984865 0.866937 2.68469 288.635
18100 0.831736 0.976032 0.895146 2.70291 298.541
18200 0.832403 0.94227 0.877327 2.652 298.48
18300 0.8065 0.943718 0.811415 2.56163 299.885
18400 0.808429 0.973387 0.766386 2.5482 309.491
18500 0.794319 1.01521 0.750194 2.55972 304.073
18600 0.781673 1.05963 0.779902 2.6212 282.259
18700 0.795873 1.05704 0.829546 2.68246 285.113
18800 0.83016 1.03418 0.866821 2.73116 292.668
18900 0.858698 1.04014 0.83775 2.73659 305.696
19000 0.840924 1.04721 0.799632 2.68777 305.365
19100 0.829714 1.04142 0.813524 2.68466 296.238
19200 0.820101 1.02209 0.826553 2.66875 290.374
19300 0.8088 0.998955 0.825457 2.63321 292.017
19400 0.806564 1.00838 0.864972 2.67992 313.463
19500 0.848734 1.07423 0.942672 2.86564 317.352
19600 0.83414 1.09347 0.932324 2.85993 307.175
19700 0.842454 1.07656 0.883574 2.80259 295.517
19800 0.874095 1.11918 0.871321 2.86459 298.862
19900 0.887807 1.14167 0.915188 2.94466 297.408
20000 0.89633 1.1372 0.930309 2.96384 302.234
20100 0.897058 1.12059 0.97609 2.99374 321.508
20200 0.92446 1.13545 0.950822 3.01073 326.387
20300 0.933941 1.21254 0.914944 3.06142 320.912
20400 0.993698 1.20126 0.925688 3.12065 301.326
20500 1.02073 1.13726 0.895661 3.05366 297.613
20600 0.969379 1.11637 0.89699 2.98274 287.562
20700 1.01741 1.14704 0.909547 3.074 299.17
20800 1.08099 1.25581 0.979568 3.31637 307.116
20900 1.16298 1.36276 1.0669 3.59264 311.161
21000 1.26871 1.39522 1.01405 3.67798 308.376
21100 1.25803 1.40211 0.991017 3.65116 295.048
21200 1.25664 1.4238 0.975637 3.65608 287.286
21300 1.27126 1.4829 0.990784 3.74495 291.759
21400 1.29047 1.54632 1.02654 3.86332 301.213
21500 1.2569 1.56797 0.995886 3.82075 313.287
21600 1.27663 1.53132 1.02868 3.83662 310.651
21700 1.32046 1.46331 0.98341 3.76718 299.807
21800 1.28325 1.46925 0.990347 3.74286 296.675
21900 1.22743 1.46432 1.03981 3.73156 297.671
22000 1.17397 1.43693 1.0554 3.6663 301.18
22100 1.15111 1.35232 1.06194 3.56538 314.862
22200 1.14163 1.33164 1.03278 3.50605 315.442
22300 1.19174 1.3836 1.02868 3.60403 294.598
22400 1.14762 1.39281 1.03773 3.57816 293.32
22500 1.13714 1.3843 1.05516 3.57659 297.685
22600 1.15979 1.35935 1.0815 3.60065 300.296
22700 1.18625 1.30159 1.11768 3.60553 314.347
22800 1.2113 1.24387 1.12666 3.58184 309.658
22900 1.22182 1.24879 1.01696 3.48757 297.372
23000 1.2079 1.27594 0.973413 3.45725 292.571
23100 1.17748 1.32383 0.981482 3.48279 284.384
23200 1.13994 1.29346 0.984389 3.41778 310.147
23300 1.14325 1.23059 0.985471 3.3593 320.703
23400 1.17077 1.22589 0.959238 3.3559 299.678
23500 1.14205 1.20791 0.890509 3.24047 292.288
23600 1.08042 1.24817 0.930258 3.25884 294.171
23700 1.1102 1.29454 0.982288 3.38703 307.341
23800 1.10367 1.32404 0.981338 3.40905 322.126
23900 1.08005 1.25591 0.96238 3.29834 319.172
24000 1.06634 1.18967 0.940519 3.19653 305.487
24100 1.07152 1.21847 0.932764 3.22276 301.324
24200 1.02837 1.24057 0.949076 3.21802 285.705
24300 1.06805 1.2558 0.959121 3.28297 295.158
24400 1.12102 1.31428 0.908895 3.3442 318.788
24500 1.16027 1.31018 0.892389 3.36284 315.506
24600 1.19774 1.30176 0.912288 3.41179 298.306
24700 1.24198 1.32859 0.995756 3.56633 302.351
24800 1.27463 1.39019 1.03249 3.69731 291.885
24900 1.26846 1.37603 1.02978 3.67427 289.944
25000 1.2576 1.32021 1.02598 3.60379 277.204
25100 1.21335 1.2608 0.980702 3.45485 290.492
25200 1.18612 1.227 0.958973 3.37209 303.418
25300 1.12563 1.2205 0.94462 3.29075 312.953
25400 1.08551 1.17894 0.942029 3.20648 302.77
25500 1.07407 1.20091 0.95582 3.2308 294.726
25600 1.09225 1.24196 0.989153 3.32336 294.923
25700 1.11129 1.28991 0.994612 3.39581 294.777
25800 1.1296 1.29492 1.0307 3.45522 297.335
25900 1.09158 1.36299 1.02524 3.47981 305.527
26000 1.03195 1.40423 0.982537 3.41872 302.806
26100 1.029 1.40376 1.02955 3.46231 321.803
26200 1.13389 1.42015 0.988707 3.54274 324.457
26300 1.1765 1.37937 0.953781 3.50965 307.165
26400 1.1763 1.27811 0.906028 3.36044 293.371
26500 1.20224 1.25168 0.90307 3.35698 298.582
26600 1.17559 1.27733 0.928132 3.38106 297.53
26700 1.1598 1.27844 0.90812 3.34636 316.672
26800 1.24482 1.35453 0.924552 3.5239 308.897
26900 1.27645 1.37315 0.92617 3.57578 288.09
27000 1.22365 1.39181 0.890341 3.5058 281.904
27100 1.14596 1.4115 0.850284 3.40774 302.185
27200 1.14636 1.40133 0.828228 3.37592 298.705
27300 1.14954 1.38938 0.874498 3.41342 305.685
27400 1.19735 1.39169 0.92988 3.51893 305.52
27500 1.25847 1.43432 1.0244 3.71719 281.404
27600 1.2921 1.50022 1.09992 3.89225 283.091
27700 1.29145 1.49205 1.02343 3.80693 299.372
27800 1.25986 1.42502 0.956409 3.64129 302.587
27900 1.19161 1.37032 0.956941 3.51887 304.551
28000 1.16584 1.32483 0.924522 3.41519 293.213
28100 1.14867 1.34923 0.914982 3.41289 281.441
28200 1.18038 1.35539 0.942602 3.47837 290.036
28300 1.1771 1.34605 0.93697 3.46013 316.955
28400 1.15833 1.35473 0.929077 3.44214 302.897
28500 1.20296 1.37296 0.91714 3.49306 301.171
28600 1.21382 1.32998 0.886414 3.43021 283.202
28700 1.22072 1.30783 0.867478 3.39602 297.121
28800 1.24298 1.3386 0.928223 3.50981 312.923
28900 1.21191 1.34951 0.978401 3.53981 326.719
29000 1.24164 1.32101 1.00574 3.56838 297.909
29100 1.25178 1.35077 1.01956 3.62211 298.625
29200 1.26292 1.35198 1.07494 3.68983 297.271
29300 1.3165 1.3998 1.08076 3.79706 298.126
29400 1.32134 1.40919 1.04417 3.7747 301.179
29500 1.26676 1.43136 0.990606 3.68873 313.658
29600 1.23166 1.41799 0.962794 3.61245 306.803
29700 1.26465 1.43739 0.94339 3.64544 298.435
29800 1.27565 1.42615 0.924398 3.6262 296.743
29900 1.23035 1.36343 0.919663 3.51344 301.36
30000 1.1755 1.3596 0.921629 3.45673 300.69
30100 1.17461 1.33379 0.852838 3.36124 294.726
30200 1.1837 1.31623 0.846603 3.34654 297.849
30300 1.15468 1.30309 0.861772 3.31955 292.662
30400 1.19106 1.28398 0.891076 3.36611 303.428
30500 1.26061 1.3223 0.924475 3.50739 306.701
30600 1.27362 1.37143 0.935279 3.58032 308.231
30700 1.24796 1.3877 0.934407 3.57007 295.631
30800 1.20137 1.39749 0.986472 3.58534 284.324
30900 1.16728 1.39412 1.03607 3.59747 290.353
31000 1.11929 1.38426 0.990187 3.49374 313.61
31100 1.07376 1.35586 0.95389 3.38351 306.368
31200 1.07526 1.35818 0.949418 3.38286 289.358
31300 1.07207 1.3428 0.937235 3.3521 294.155
31400 1.09614 1.37759 0.890839 3.36457 316.834
31500 1.11512 1.40927 0.920566 3.44495 318.606
31600 1.12139 1.42481 0.899036 3.44524 308.425
31700 1.18562 1.43365 0.902532 3.5218 299.692
31800 1.25335 1.46207 0.90967 3.62509 319.42
31900 1.22479 1.45714 0.876683 3.55861 304.206
32000 1.18162 1.43262 0.926792 3.54103 295.229
32100 1.19338 1.4058 0.984496 3.58368 298.245
32200 1.17369 1.35146 1.0004 3.52555 292.054
32300 1.11943 1.36536 0.96099 3.44577 293.852
32400 1.13404 1.37577 0.993131 3.50294 318.138
32500 1.18842 1.39714 1.00419 3.58975 301.707
32600 1.1964 1.45019 0.993709 3.6403 297.153
32700 1.20571 1.52338 1.00138 3.73047 287.665
32800 1.23339 1.50282 0.979384 3.7156 281.885
32900 1.26809 1.4731 0.946845 3.68803 276.296
33000 1.23653 1.44354 0.926479 3.60655 288.043
33100 1.16639 1.41209 0.882679 3.46116 299.42
33200 1.15551 1.37252 0.883547 3.41158 295.235
33300 1.1588 1.29981 0.90093 3.35954 312.134
33400 1.19463 1.25959 0.880134 3.33435 307.099
33500 1.20533 1.24152 0.858915 3.30577 290.867
33600 1.18696 1.28562 0.858481 3.33107 291.866
33700 1.18267 1.30846 0.829692 3.32082 296.631
33800 1.21728 1.34986 0.904483 3.47163 311.58
33900 1.23365 1.3856 0.945704 3.56496 321.054
34000 1.18013 1.43506 0.965107 3.5803 307.635
34100 1.15621 1.3958 0.952701 3.50471 309.25
34200 1.16489 1.38588 0.933885 3.48466 308.355
34300 1.1285 1.38335 0.941023 3.45287 302.451
34400 1.14359 1.34197 0.963746 3.44931 296.911
34500 1.17441 1.32583 0.95264 3.45289 277.945
34600 1.19372 1.31552 0.9432 3.45244 307.757
34700 1.26505 1.32078 0.937436 3.52327 306.624
34800 1.23753 1.36304 0.914816 3.51538 308.958
34900 1.21769 1.44059 0.886611 3.54489 296.794
35000 1.27756 1.4936 0.921199 3.69236 285.662
35100 1.31705 1.49415 0.921939 3.73315 297.942
35200 1.33363 1.51868 0.91199 3.7643 305.962
35300 1.3561 1.51388 0.930481 3.80047 307.429
35400 1.34765 1.52635 1.00568 3.87968 305.967
35500 1.37177 1.57543 1.00975 3.95696 286.271
35600 1.37287 1.5835 0.989445 3.94582 294.463
35700 1.43529 1.55064 1.03036 4.01629 299.577
35800 1.39596 1.51073 1.03354 3.94022 329.965
35900 1.3937 1.53319 1.00471 3.93159 313.458
36000 1.38546 1.57919 1.0211 3.98574 310.513
36100 1.39293 1.5262 1.10448 4.0236 301.514
36200 1.41083 1.4979 1.07648 3.98521 294.147
36300 1.38545 1.4944 1.05143 3.93128 301.976
36400 1.34739 1.48117 1.04897 3.87753 302.394
36500 1.27945 1.44202 1.05395 3.77543 302.674
36600 1.30614 1.3604 1.05648 3.72302 312.727
36700 1.32999 1.38093 1.02876 3.73969 307.163
36800 1.27952 1.42325 1.04409 3.74687 290.41
36900 1.28093 1.46345 1.05793 3.80231 289.34
37000 1.29859 1.45661 1.04748 3.80268 303.248
37100 1.28473 1.43356 1.03891 3.7572 318.095
37200 1.29956 1.42893 1.01927 3.74776 313.109
37300 1.33494 1.41568 1.02274 3.77337 299.466
37400 1.39604 1.41873 1.0455 3.86027 298.616
37500 1.4512 1.47621 1.04767 3.97508 298.032
37600 1.429 1.52948 1.03038 3.98885 287.83
37700 1.39192 1.49129 1.00527 3.88848 298.691
37800 1.39675 1.45686 1.01932 3.87292 303.631
37900 1.40165 1.42738 1.00285 3.83188 314.353
38000 1.35365 1.42879 0.989902 3.77235 309.44
38100 1.34151 1.38681 1.02887 3.75719 290.306
38200 1.34258 1.3837 1.0307 3.75698 291.773
38300 1.32368 1.48104 1.02565 3.83037 298.351
38400 1.2778 1.52756 1.06184 3.86719 309.135
38500 1.29457 1.56989 1.11562 3.98008 293.486
38600 1.2986 1.56375 1.10281 3.96516 288.623
38700 1.31856 1.54847 1.09466 3.96169 288.302
38800 1.33929 1.5153 1.08802 3.94262 299.304
38900 1.37191 1.48632 1.06883 3.92706 306.479
39000 1.37352 1.4274 1.07316 3.87408 305.373
39100 1.34439 1.39942 1.0402 3.784 313.591
39200 1.31978 1.45008 1.03017 3.80003 305.04
39300 1.33371 1.51668 1.07308 3.92347 291.802
39400 1.32673 1.53794 1.07407 3.93873 297.596
39500 1.35649 1.55648 1.07911 3.99208 286.575
39600 1.3843 1.63681 1.13123 4.15234 294.125
39700 1.43154 1.70792 1.15447 4.29392 310.8
39800 1.44209 1.68214 1.14428 4.2685 310.891
39900 1.4753 1.71736 1.13823 4.33089 295.445
40000 1.50015 1.74874 1.15637 4.40526 292.298
40100 1.54266 1.71286 1.19412 4.44964 301.418
40200 1.49709 1.72881 1.24853 4.47443 323.681
40300 1.44423 1.75972 1.26211 4.46606 323.693
40400 1.4249 1.71618 1.19769 4.33877 309.459
40500 1.38626 1.68768 1.11188 4.18583 303.429
40600 1.3573 1.68796 1.1624 4.20765 299.842
40700 1.29743 1.69699 1.17793 4.17235 284.374
40800 1.27733 1.70273 1.22701 4.20707 298.719
40900 1.29807 1.70163 1.2676 4.2673 317.683
41000 1.3184 1.69249 1.34102 4.35192 306.373
41100 1.32037 1.73426 1.34663 4.40127 301.738
41200 1.31246 1.69299 1.39734 4.40278 298.688
41300 1.32985 1.58428 1.30308 4.21721 298.814
41400 1.29052 1.57302 1.22548 4.08902 282.894
41500 1.24197 1.6671 1.18207 4.09114 288.708
41600 1.20021 1.67126 1.20534 4.07682 297.385
41700 1.20322 1.65795 1.21838 4.07954 302.922
41800 1.20917 1.61932 1.23587 4.06436 303.881
41900 1.18981 1.62052 1.2332 4.04353 300.602
42000 1.18279 1.60934 1.22497 4.0171 289.879
42100 1.23779 1.60728 1.21923 4.0643 283.045
42200 1.24828 1.62496 1.21648 4.08973 283.96
42300 1.27392 1.7084 1.21317 4.19549 303.8
42400 1.31479 1.73671 1.15099 4.20249 296.277
42500 1.33478 1.66521 1.12845 4.12845 308.142
42600 1.33714 1.67508 1.15802 4.17025 311.174
42700 1.33347 1.65945 1.21108 4.204 300.405
42800 1.3793 1.69721 1.23948 4.31599 287.774
42900 1.36586 1.72988 1.30219 4.39793 305.523
43000 1.38984 1.69797 1.31328 4.40109 305.064
43100 1.414 1.67871 1.27206 4.36477 303.937
43200 1.37559 1.69478 1.19131 4.26168 292.769
43300 1.39585 1.69626 1.17737 4.26948 277.151
43400 1.38715 1.67078 1.22583 4.28377 295.428
43500 1.37149 1.65278 1.23452 4.25879 313.057
43600 1.38708 1.65681 1.22221 4.2661 303.042
43700 1.37772 1.67601 1.19006 4.24379 292.488
43800 1.3666 1.71975 1.15747 4.24382 284.456
43900 1.30305 1.73982 1.1335 4.17637 269.601
44000 1.30287 1.68509 1.19608 4.18403 275.558
44100 1.29344 1.57526 1.19481 4.06351 293.346
44200 1.30733 1.54959 1.1585 4.01542 306.92
44300 1.3229 1.58943 1.0753 3.98762 303.372
44400 1.33535 1.58123 1.07064 3.98722 304.389
44500 1.33838 1.60685 1.09631 4.04155 293.768
44600 1.34153 1.65364 1.09574 4.0909 299.514
44700 1.35933 1.70392 1.15302 4.21628 287.539
44800 1.35102 1.73265 1.15715 4.24082 287.209
44900 1.32421 1.71782 1.10717 4.14921 299.161
45000 1.27421 1.6629 1.14817 4.08528 305.725
45100 1.25327 1.62695 1.19537 4.0756 296.121
45200 1.24121 1.58613 1.19392 4.02126 308.203
45300 1.18824 1.57382 1.17731 3.93937 298.457
45400 1.18487 1.62392 1.15203 3.96082 282.619
45500 1.21968 1.62294 1.15682 3.99944 295.231
45600 1.26898 1.66307 1.13501 4.06706 296.455
45700 1.25756 1.7785 1.17993 4.21599 309.68
45800 1.24843 1.81232 1.2035 4.26425 302.484
45900 1.29259 1.78323 1.26222 4.33803 293.408
46000 1.31389 1.73626 1.3201 4.37025 301.864
46100 1.35511 1.64549 1.32431 4.3249 282.193
46200 1.38593 1.62877 1.31619 4.33089 279.565
46300 1.3653 1.58906 1.32946 4.28382 291.689
46400 1.33356 1.60923 1.35224 4.29503 303.574
46500 1.33489 1.6876 1.3219 4.3444 301.01
46600 1.3615 1.77327 1.3843 4.51907 302.721
46700 1.37374 1.79072 1.33258 4.49704 303.576
46800 1.37253 1.81025 1.33877 4.52155 295.511
46900 1.36218 1.791 1.30902 4.46219 291.229
47000 1.30235 1.71482 1.29732 4.31449 286.997
47100 1.24232 1.66266 1.3169 4.22189 314.193
47200 1.20157 1.67495 1.29095 4.16747 312.013
47300 1.20021 1.65241 1.35719 4.2098 296.245
47400 1.2149 1.64234 1.43096 4.2882 289.561
47500 1.21103 1.71157 1.47858 4.40118 282.088
47600 1.21467 1.68967 1.46328 4.36762 279.74
47700 1.25298 1.67188 1.42725 4.35211 298.438
47800 1.28371 1.75608 1.41126 4.45105 305.149
47900 1.30765 1.79743 1.33228 4.43736 307.376
48000 1.26113 1.71466 1.27121 4.24701 303.449
48100 1.26701 1.75535 1.21782 4.24018 283.101
48200 1.30927 1.75335 1.17892 4.24154 294.066
48300 1.33206 1.72609 1.1505 4.20864 297.785
48400 1.34049 1.7365 1.17634 4.25334 291.306
48500 1.29895 1.73436 1.15632 4.18962 313.036
48600 1.27453 1.65925 1.18417 4.11796 304.491
48700 1.28836 1.62215 1.21852 4.12903 299.55
48800 1.26733 1.59656 1.21592 4.07981 304.147
48900 1.23199 1.56353 1.20002 3.99555 285.476
49000 1.20876 1.57356 1.16059 3.94291 273.822
49100 1.20641 1.57372 1.14349 3.92362 300.584
49200 1.20037 1.58051 1.1649 3.94578 299.616
49300 1.20055 1.59548 1.15657 3.95261 308.015
49400 1.18748 1.57931 1.14683 3.91362 293.945
49500 1.21592 1.65492 1.11374 3.98457 290.495
49600 1.30947 1.697 1.13184 4.13831 281.35
49700 1.37808 1.75908 1.16169 4.29885 289.148
49800 1.37752 1.79442 1.15072 4.32266 305.233
49900 1.34066 1.77376 1.15021 4.26463 306.24
50000 1.37108 1.78989 1.24918 4.41015 306.548
50100 1.38746 1.74669 1.31522 4.44937 289.72
50200 1.39196 1.70917 1.43976 4.5409 285.654
50300 1.42375 1.68294 1.3778 4.48449 291.114
50400 1.42559 1.66636 1.28643 4.37838 301.871
50500 1.43031 1.73142 1.27302 4.43474 298.545
50600 1.41497 1.77929 1.25517 4.44943 308.903
50700 1.40122 1.85069 1.26612 4.51803 320.266
50800 1.3816 1.88725 1.39339 4.66224 321.504
50900 1.39627 1.83009 1.49691 4.72327 303.305
51000 1.41892 1.77306 1.45276 4.64474 293.187
51100 1.47365 1.76049 1.41425 4.64839 307.104
51200 1.4755 1.74269 1.36877 4.58696 294.566
51300 1.44219 1.70445 1.3674 4.51405 289.966
51400 1.44044 1.73236 1.33853 4.51133 295.44
51500 1.41271 1.76002 1.32457 4.4973 310.92
51600 1.34857 1.76641 1.2662 4.38118 308.743
51700 1.31661 1.76373 1.27321 4.35355 300.707
51800 1.29475 1.7778 1.28821 4.36077 282.382
51900 1.28227 1.86855 1.31861 4.46943 293.08
52000 1.2798 1.88297 1.37931 4.54208 299.235
52100 1.2899 1.8092 1.36816 4.46726 302.456
52200 1.2823 1.75672 1.32187 4.36089 313.54
52300 1.29622 1.78316 1.30293 4.38231 304.992
52400 1.27607 1.73692 1.27541 4.2884 289.46
52500 1.27986 1.70171 1.22943 4.21101 293.834
52600 1.28949 1.61593 1.1601 4.06552 296.382
52700 1.34239 1.65254 1.23104 4.22597 315.196
52800 1.35352 1.67914 1.27132 4.30398 317.364
52900 1.4018 1.68861 1.2509 4.34131 298.039
53000 1.45141 1.70742 1.23107 4.3899 302.101
53100 1.4496 1.73329 1.19013 4.37302 296.699
53200 1.42688 1.79396 1.14839 4.36923 303.298
53300 1.40957 1.85602 1.15797 4.42356 316.089
53400 1.32992 1.81649 1.13098 4.27738 323.352
53500 1.27882 1.80907 1.17754 4.26544 299.942
53600 1.26099 1.84319 1.22783 4.33202 296.897
53700 1.28292 1.85978 1.25898 4.40168 302.239
53800 1.27344 1.84106 1.26818 4.38268 300.518
53900 1.30646 1.81116 1.24925 4.36687 295.656
54000 1.34914 1.78969 1.23933 4.37815 285.62
54100 1.37318 1.76915 1.26518 4.40751 302.422
54200 1.35513 1.75128 1.25226 4.35868 309.311
54300 1.31361 1.80625 1.28982 4.40968 316.116
54400 1.29286 1.80829 1.27687 4.37803 291.751
54500 1.26049 1.8439 1.25171 4.35609 292.571
54600 1.26313 1.88987 1.21127 4.36427 292.049
54700 1.29167 1.84239 1.19045 4.32452 309.939
54800 1.32862 1.76748 1.18623 4.28232 312.917
54900 1.39449 1.78679 1.18889 4.37017 287.679
55000 1.37809 1.75304 1.18604 4.31717 284.156
55100 1.36324 1.69602 1.25774 4.31699 294.895
55200 1.36323 1.69777 1.23209 4.2931 304.248
55300 1.33998 1.67253 1.20034 4.21285 302.419
55400 1.31616 1.66329 1.18032 4.15977 306.425
55500 1.27832 1.6801 1.18636 4.14478 298.61
55600 1.27783 1.66175 1.1651 4.10467 296.653
55700 1.30474 1.64278 1.17954 4.12706 295.021
55800 1.27129 1.63155 1.20291 4.10575 302.292
55900 1.25991 1.62708 1.25056 4.13754 301.226
56000 1.2782 1.59362 1.26969 4.14151 314.796
56100 1.30153 1.60308 1.30497 4.20958 310.316
56200 1.31384 1.62614 1.27824 4.21823 300.817
56300 1.32299 1.67783 1.27407 4.27489 297.946
56400 1.32834 1.73569 1.22512 4.28915 289.024
56500 1.33582 1.73192 1.18243 4.25017 305.1
56600 1.31771 1.65317 1.21693 4.1878 316.659
56700 1.27969 1.66064 1.19152 4.13185 316.046
56800 1.27403 1.67477 1.17531 4.1241 312.931
56900 1.29768 1.65588 1.21787 4.17143 307.361
57000 1.34626 1.70332 1.27931 4.32889 291.999
57100 1.3913 1.67012 1.2245 4.28592 295.607
57200 1.36315 1.65961 1.22339 4.24615 300.752
57300 1.33998 1.68821 1.18712 4.21531 318.69
57400 1.28966 1.6583 1.15802 4.10598 317.494
57500 1.24868 1.56995 1.16819 3.98681 300.328
57600 1.2742 1.58414 1.15056 4.0089 296.276
57700 1.25695 1.57971 1.1497 3.98636 286.441
57800 1.24198 1.5563 1.04564 3.84392 293.945
57900 1.22839 1.5553 1.02921 3.81289 308.334
58000 1.21881 1.53842 1.05449 3.81172 309.368
58100 1.20931 1.52309 1.09592 3.82831 291.984
58200 1.20927 1.53086 1.17647 3.91659 297.477
58300 1.21392 1.58614 1.13738 3.93744 289.192
58400 1.22802 1.61767 1.1799 4.02559 279.957
58500 1.2335 1.60317 1.23399 4.07066 290.805
58600 1.29514 1.5887 1.146 4.02984 309.364
58700 1.35466 1.5982 1.12886 4.08172 304.837
58800 1.3765 1.58405 1.10793 4.06847 295.821
58900 1.40057 1.59267 1.09315 4.08639 283.561
59000 1.39336 1.59128 1.12249 4.10713 277.881
59100 1.422 1.60629 1.1613 4.18959 298.947
59200 1.37208 1.67387 1.18757 4.23352 310.481
59300 1.35132 1.68749 1.21099 4.24979 298.406
59400 1.35294 1.66686 1.20336 4.22316 299.97
59500 1.34347 1.63818 1.24334 4.22499 284.716
59600 1.31959 1.59806 1.21572 4.13337 282.068
59700 1.28643 1.60063 1.14728 4.03435 314.648
59800 1.33019 1.65307 1.16228 4.14554 302.192
59900 1.35799 1.63452 1.21358 4.20609 304.401
60000 1.38304 1.66881 1.24143 4.29328 296.108
60100 1.36154 1.70868 1.23339 4.30361 283.246
60200 1.33488 1.68086 1.22934 4.24507 284.002
60300 1.33647 1.68252 1.25667 4.27565 307.286
60400 1.34625 1.70802 1.21637 4.27065 305.898
60500 1.40081 1.73064 1.19817 4.32963 305.77
60600 1.40583 1.71532 1.21796 4.33911 290.628
60700 1.39071 1.75048 1.24302 4.38421 282.93
60800 1.43061 1.74669 1.23474 4.41204 292.429
60900 1.40236 1.70462 1.26243 4.36941 306.516
61000 1.32802 1.65905 1.27331 4.26038 301.905
61100 1.2652 1.64426 1.22736 4.13682 303.587
61200 1.21651 1.62947 1.17506 4.02104 297.556
61300 1.20317 1.59416 1.19746 3.99479 282.884
61400 1.16151 1.58698 1.18242 3.9309 293.294
61500 1.15666 1.63367 1.20003 3.99036 310.404
61600 1.23588 1.65544 1.21239 4.1037 305.468
61700 1.27686 1.67975 1.22207 4.17867 301.233
61800 1.31323 1.71986 1.22047 4.25356 291.475
61900 1.33467 1.76147 1.19977 4.29591 286.384
62000 1.31735 1.72496 1.16686 4.20916 271.372
62100 1.28322 1.68905 1.19496 4.16723 282.951
62200 1.32836 1.65828 1.23251 4.21915 294.756
62300 1.34973 1.66324 1.22497 4.23793 294.471
62400 1.38602 1.74189 1.21798 4.34588 306.785
62500 1.39936 1.77534 1.23414 4.40884 311.541
62600 1.41185 1.731 1.23579 4.37865 292.302
62700 1.39224 1.68693 1.23159 4.31075 287.667
62800 1.38236 1.69642 1.25735 4.33613 295.135
62900 1.36398 1.68843 1.32811 4.38052 308.167
63000 1.36673 1.70424 1.37114 4.44212 304.607
63100 1.32154 1.72891 1.32698 4.37743 295.421
63200 1.27676 1.67707 1.29334 4.24716 296.762
63300 1.24132 1.58832 1.25357 4.08321 278.449
63400 1.26555 1.50585 1.20133 3.97273 295.898
63500 1.28006 1.46757 1.21399 3.96162 306.623
63600 1.29828 1.48558 1.22136 4.00522 304.762
63700 1.32849 1.57141 1.23786 4.13775 301.312
63800 1.29844 1.60881 1.15144 4.05869 281.015
63900 1.30996 1.58955 1.12109 4.0206 279.943
64000 1.30126 1.62954 1.15251 4.08331 277.969
64100 1.27841 1.69677 1.14874 4.12392 290.833
64200 1.29198 1.71655 1.18484 4.19337 306.905
64300 1.2855 1.71858 1.18764 4.19172 307.774
64400 1.30027 1.7052 1.19879 4.20426 293.174
64500 1.33061 1.70356 1.1659 4.20007 284.778
64600 1.34431 1.72624 1.15282 4.22337 292.628
64700 1.40231 1.70083 1.23681 4.33995 304.378
64800 1.46364 1.73551 1.23868 4.43782 312.781
64900 1.39646 1.76893 1.24103 4.40642 307.037
65000 1.36802 1.76985 1.19276 4.33063 298.088
65100 1.37182 1.81707 1.22047 4.40936 290.641
65200 1.41389 1.811 1.23741 4.4623 297.48
65300 1.38258 1.78627 1.22548 4.39432 316.635
65400 1.39933 1.77273 1.24464 4.4167 304.451
65500 1.37302 1.72175 1.33266 4.42742 309.37
65600 1.27489 1.67546 1.32941 4.27976 300.422
65700 1.24187 1.64076 1.34514 4.22776 286.935
65800 1.27011 1.64543 1.41042 4.32597 280.144
65900 1.31714 1.65698 1.37566 4.34978 300.412
66000 1.37761 1.62926 1.32343 4.33029 300.041
66100 1.4354 1.60065 1.33017 4.36622 312.116
66200 1.40156 1.55648 1.36015 4.31818 300.934
66300 1.39616 1.56992 1.38212 4.3482 281.216
66400 1.43052 1.59581 1.40411 4.43044 298.336
66500 1.49746 1.61442 1.48538 4.59727 291.887
66600 1.51873 1.67836 1.44556 4.64265 307.287
66700 1.50945 1.74982 1.35812 4.61739 314.496
66800 1.50636 1.78038 1.33337 4.62012 316.804
66900 1.51358 1.85194 1.36754 4.73306 310.94
67000 1.47187 1.828 1.34758 4.64746 299.181
67100 1.42948 1.77849 1.38842 4.59639 290.417
67200 1.40757 1.72733 1.36514 4.50004 301.025
67300 1.36428 1.66516 1.34838 4.37782 297.746
67400 1.35304 1.68068 1.34504 4.37877 308.971
67500 1.28459 1.72772 1.27088 4.28318 312.271
67600 1.26406 1.70947 1.23639 4.20993 307.638
67700 1.30564 1.64222 1.14018 4.08804 289.529
67800 1.35675 1.69571 1.12303 4.1755 295.697
67900 1.34261 1.67253 1.10348 4.11862 301.274
68000 1.31781 1.69516 1.12293 4.13591 308.25
68100 1.35193 1.66942 1.23229 4.25363 315.971
68200 1.38177 1.63468 1.22193 4.23839 311.961
68300 1.40503 1.57968 1.28318 4.26788 289.756
68400 1.39004 1.54698 1.2978 4.23482 298.854
68500 1.40417 1.52775 1.3129 4.24481 292.563
68600 1.39274 1.48726 1.33083 4.21083 303.671
68700 1.41134 1.52889 1.36622 4.30644 315.402
68800 1.38885 1.6309 1.3505 4.37025 312.482
68900 1.40041 1.74219 1.31476 4.45736 294.913
69000 1.38519 1.78263 1.27409 4.4419 295.815
69100 1.41297 1.77334 1.28942 4.47573 290.912
69200 1.46681 1.81324 1.30591 4.58595 302.817
69300 1.4744 1.80632 1.29499 4.57571 315.217
69400 1.46852 1.7845 1.30212 4.55514 301.64
69500 1.50394 1.70343 1.29963 4.507 300.472
69600 1.46492 1.72201 1.32166 4.50859 296.671
69700 1.37302 1.68601 1.3009 4.35993 300.32
69800 1.37462 1.69696 1.27977 4.35135 316.677
69900 1.39441 1.75166 1.29846 4.44453 305.17
70000 1.34579 1.78523 1.25458 4.38561 289.702
70100 1.32591 1.70241 1.20788 4.2362 289.877
70200 1.34085 1.65865 1.22025 4.21976 294.83
70300 1.33275 1.67589 1.28509 4.29374 298.603
70400 1.31234 1.62364 1.33573 4.27171 315.116
70500 1.30369 1.62842 1.34663 4.27874 292.865
70600 1.27745 1.6421 1.31143 4.23098 307.47
70700 1.20261 1.62557 1.26941 4.09759 292.867
70800 1.19814 1.62653 1.25065 4.07532 287.238
70900 1.21438 1.60428 1.30074 4.1194 285.818
71000 1.28233 1.64035 1.31565 4.23833 293.565
71100 1.30878 1.64944 1.32358 4.2818 315.828
71200 1.38505 1.65407 1.26205 4.30116 302.375
71300 1.37535 1.67997 1.32005 4.37537 295.242
71400 1.3835 1.71247 1.34129 4.43727 289.499
71500 1.42111 1.74312 1.29943 4.46365 287.916
71600 1.41376 1.80622 1.23894 4.45892 304.347
71700 1.41617 1.85146 1.32556 4.5932 309.37
71800 1.43645 1.84473 1.41991 4.70109 300.842
71900 1.46366 1.84755 1.46141 4.77262 292.419
72000 1.49436 1.85323 1.46242 4.81001 284.665
72100 1.53015 1.79654 1.46305 4.78974 292.214
72200 1.51048 1.7779 1.44301 4.73139 303.722
72300 1.50302 1.7627 1.38921 4.65493 316.038
72400 1.47414 1.71931 1.29805 4.4915 294.618
72500 1.41012 1.7114 1.25455 4.37607 295.217
72600 1.35301 1.72664 1.27716 4.35681 290.101
72700 1.31539 1.68361 1.28884 4.28784 302.258
72800 1.35279 1.69561 1.31403 4.36243 311.72
72900 1.30458 1.74654 1.34895 4.40007 311.283
73000 1.21689 1.8002 1.33799 4.35509 291.907
73100 1.20732 1.79018 1.24478 4.24228 283.447
73200 1.21268 1.69406 1.2097 4.11645 296.582
73300 1.21101 1.71593 1.23965 4.16659 300.674
73400 1.16428 1.71646 1.22563 4.10637 298.333
73500 1.16168 1.61071 1.24833 4.02072 300.139
73600 1.22134 1.51314 1.30686 4.04134 308.558
73700 1.2301 1.52831 1.32466 4.08307 296.745
73800 1.21236 1.6108 1.28308 4.10624 295.726
73900 1.2484 1.64839 1.29488 4.19167 281.977
74000 1.23741 1.63214 1.32715 4.19671 278.066
74100 1.20636 1.68077 1.33156 4.21868 300.263
74200 1.18789 1.72546 1.33245 4.2458 301.475
74300 1.20674 1.70852 1.34067 4.25593 304.232
74400 1.28929 1.64741 1.3436 4.2803 302.825
74500 1.31902 1.65464 1.33161 4.30527 283.86
74600 1.36111 1.70773 1.36165 4.43049 288.369
74700 1.34716 1.713 1.33303 4.39319 292.392
74800 1.32135 1.70205 1.24346 4.26686 309.915
74900 1.32399 1.6746 1.25324 4.25184 299.402
75000 1.3558 1.695 1.27308 4.32387 295.092
75100 1.28165 1.68069 1.32103 4.28336 307.018
75200 1.24676 1.59914 1.34261 4.1885 285.339
75300 1.23208 1.58082 1.28784 4.10074 288.431
75400 1.22658 1.58192 1.27489 4.0834 307.418
75500 1.21323 1.59055 1.1919 3.99569 308.208
75600 1.21614 1.60159 1.11078 3.92851 314.015
75700 1.25061 1.59034 1.08348 3.92442 297.45
75800 1.26032 1.6238 1.1071 3.99122 299.051
75900 1.27864 1.67071 1.12831 4.07767 294.093
76000 1.2732 1.64466 1.16731 4.08518 303.776
76100 1.24866 1.64512 1.24453 4.13831 323.654
76200 1.2663 1.70269 1.25454 4.22353 300.482
76300 1.30075 1.70857 1.26751 4.27682 292.905
76400 1.35939 1.70763 1.26441 4.33143 293.355
76500 1.41402 1.79131 1.31641 4.52174 298.328
76600 1.43053 1.74425 1.35319 4.52797 294.316
76700 1.48237 1.70892 1.35702 4.54831 319.492
76800 1.49037 1.68342 1.3377 4.5115 322.292
76900 1.43318 1.71259 1.28017 4.42595 304.607
77000 1.36188 1.70605 1.26867 4.3366 289.702
77100 1.36712 1.72081 1.26245 4.35038 301.948
77200 1.34796 1.74349 1.28795 4.3794 310.486
77300 1.30937 1.73341 1.33462 4.3774 315.412
77400 1.27834 1.67929 1.26726 4.2249 304.498
77500 1.25781 1.70148 1.19907 4.15835 290.951
77600 1.22991 1.68861 1.18924 4.10776 286.209
77700 1.25449 1.69612 1.21906 4.16967 304.142
77800 1.23101 1.66178 1.21102 4.10381 307.367
77900 1.21008 1.61888 1.20227 4.03122 305.175
78000 1.20852 1.65781 1.18394 4.05027 305.447
78100 1.22101 1.66976 1.21797 4.10874 302.478
78200 1.24422 1.60246 1.2066 4.05328 289.552
78300 1.20072 1.57906 1.15197 3.93175 278.531
78400 1.16691 1.65537 1.15579 3.97807 287.417
78500 1.24709 1.65636 1.14345 4.04689 313.397
78600 1.29386 1.68183 1.18788 4.16357 305.897
78700 1.35302 1.68306 1.20626 4.24234 301.018
78800 1.40817 1.6995 1.22253 4.33021 282.187
78900 1.48113 1.72816 1.22189 4.43118 285.882
79000 1.52211 1.72958 1.23378 4.48547 310.296
79100 1.53973 1.72926 1.22669 4.49568 311.848
79200 1.49009 1.72927 1.23197 4.45133 303.011
79300 1.45013 1.77395 1.25482 4.4789 293.096
79400 1.47186 1.76345 1.23184 4.46714 295.247
79500 1.46312 1.72353 1.28272 4.46937 291.237
79600 1.46274 1.72526 1.29987 4.48787 302.189
79700 1.45569 1.71432 1.2488 4.41881 307.743
79800 1.50451 1.72382 1.30318 4.53152 298.279
79900 1.53695 1.80973 1.31993 4.6666 290.315
80000 1.50636 1.85774 1.24081 4.60491 283.366
80100 1.46941 1.79606 1.23689 4.50236 298.966
80200 1.42067 1.7468 1.2287 4.39618 309.512
80300 1.39156 1.72153 1.235 4.3481 314.598
80400 1.3741 1.67334 1.19623 4.24367 291.05
80500 1.32794 1.61886 1.14812 4.09493 290.235
80600 1.3208 1.56615 1.20101 4.08795 285.508
80700 1.32089 1.57971 1.22077 4.12138 297.59
80800 1.35138 1.6592 1.24123 4.25181 297.07
80900 1.35999 1.6969 1.2603 4.31719 305.561
81000 1.43445 1.62214 1.27547 4.33206 309.3
81100 1.47503 1.63669 1.29683 4.40855 291.226
81200 1.4538 1.71164 1.35975 4.5252 289.816
81300 1.44575 1.77161 1.37119 4.58855 284.983
81400 1.45701 1.85469 1.40342 4.71512 308.433
81500 1.4889 1.88496 1.46808 4.84193 308.86
81600 1.54672 1.86704 1.42708 4.84084 305.633
81700 1.54692 1.81669 1.40687 4.77049 299.045
81800 1.58994 1.76829 1.40245 4.76068 283.761
81900 1.54045 1.75409 1.38248 4.67701 302.706
82000 1.4972 1.75986 1.41652 4.67358 299.449
82100 1.41649 1.75029 1.37587 4.54265 300.145
82200 1.30322 1.77106 1.3256 4.39988 301.497
82300 1.25929 1.74338 1.32372 4.32639 289.979
82400 1.23244 1.75404 1.30342 4.2899 284.579
82500 1.19399 1.7421 1.24684 4.18293 282.86
82600 1.18274 1.66254 1.20584 4.05112 304.525
82700 1.17434 1.57887 1.25313 4.00634 311.673
82800 1.19269 1.5704 1.30309 4.06618 298.251
82900 1.18092 1.52364 1.35739 4.06195 287.305
83000 1.16253 1.51573 1.42613 4.10439 289.739
83100 1.15498 1.54824 1.35447 4.05769 318.124
83200 1.13343 1.56304 1.27983 3.9763 301.251
83300 1.1467 1.57397 1.30474 4.02541 302.926
83400 1.18168 1.60488 1.30353 4.09009 290.914
83500 1.22839 1.65973 1.30971 4.19783 295.608
83600 1.25081 1.66591 1.28902 4.20574 296.094
83700 1.28366 1.6889 1.30967 4.28223 289.651
83800 1.30247 1.75592 1.28474 4.34313 303.488
83900 1.26923 1.77964 1.30341 4.35228 300.973
84000 1.28418 1.77646 1.32634 4.38697 293.554
84100 1.33765 1.77348 1.33703 4.44816 305.93
84200 1.31112 1.77997 1.25564 4.34673 318.418
84300 1.31227 1.76299 1.20149 4.27676 315.247
84400 1.28975 1.7193 1.20282 4.21187 289.483
84500 1.2456 1.6547 1.21665 4.11695 305.583
84600 1.23387 1.62431 1.23592 4.0941 297.581
84700 1.2167 1.62997 1.23346 4.08013 295.659
84800 1.22352 1.64364 1.23337 4.10053 305.264
84900 1.17922 1.62699 1.15265 3.95886 315.805
85000 1.18845 1.63421 1.13186 3.95452 309.164
85100 1.21579 1.64218 1.10446 3.96243 291.827
85200 1.16488 1.61987 1.12188 3.90663 295.857
85300 1.14958 1.61196 1.12481 3.88635 301.896
85400 1.15102 1.62694 1.21224 3.99021 293.929
85500 1.17929 1.59695 1.21434 3.99057 305.098
85600 1.18614 1.58936 1.21644 3.99194 319.634
85700 1.23436 1.67471 1.22145 4.13053 314.554
85800 1.24309 1.69647 1.20242 4.14198 301.744
85900 1.25173 1.64221 1.1613 4.05524 299.814
86000 1.32175 1.65912 1.18336 4.16423 299.003
86100 1.34618 1.67731 1.16918 4.19267 298.152
86200 1.33128 1.68365 1.1959 4.21084 298.283
86300 1.31706 1.64999 1.27661 4.24366 308.325
86400 1.38136 1.66659 1.33357 4.38152 309.778
86500 1.40704 1.65022 1.36469 4.42195 305.843
86600 1.39522 1.65757 1.31688 4.36967 296.955
86700 1.36789 1.6618 1.36409 4.39379 288.367
86800 1.35378 1.71447 1.34742 4.41567 297.712
86900 1.35041 1.78069 1.34905 4.48015 304.358
87000 1.34135 1.78117 1.42455 4.54708 318.305
87100 1.35206 1.75459 1.38937 4.49602 332.721
87200 1.33669 1.68183 1.30955 4.32806 315.368
87300 1.27708 1.64595 1.34636 4.2694 303.849
87400 1.23672 1.64267 1.32955 4.20895 303.491
87500 1.21143 1.64345 1.28049 4.13536 289.29
87600 1.26246 1.62934 1.29733 4.18913 288.016
87700 1.31732 1.62887 1.31871 4.26489 312.117
87800 1.41683 1.65463 1.33454 4.406 316.926
87900 1.4694 1.65032 1.3456 4.46532 306.327
88000 1.51584 1.6429 1.35426 4.513 287.967
88100 1.50784 1.67085 1.34819 4.52687 297.914
88200 1.48166 1.63489 1.33567 4.45222 302.81
88300 1.48583 1.63199 1.31415 4.43197 323.762
88400 1.51286 1.66971 1.31179 4.49436 334.596
88500 1.48501 1.74231 1.28706 4.51439 307.112
88600 1.46231 1.74805 1.30112 4.51148 302.186
88700 1.43433 1.69644 1.23992 4.37069 298.526
88800 1.42758 1.67305 1.26233 4.36296 287.855
88900 1.4534 1.69553 1.27815 4.42708 295.09
89000 1.39662 1.71317 1.2385 4.3483 304.54
89100 1.33728 1.73705 1.16841 4.24274 310.029
89200 1.30621 1.67507 1.17593 4.15721 310.116
89300 1.29653 1.65487 1.2027 4.1541 288.655
89400 1.27107 1.70072 1.24452 4.2163 298.561
89500 1.28077 1.72889 1.30851 4.31817 299.472
89600 1.30442 1.67134 1.29286 4.26862 294.316
89700 1.35024 1.65713 1.27656 4.28392 297.991
89800 1.32672 1.63572 1.28996 4.2524 314.099
89900 1.29435 1.616 1.35396 4.26431 310.739
90000 1.23393 1.61527 1.35963 4.20884 293.687
90100 1.22515 1.63606 1.37275 4.23396 287.743
90200 1.23145 1.70204 1.34904 4.28252 288.09
90300 1.26492 1.70961 1.38541 4.35995 310.81
90400 1.31482 1.72897 1.41281 4.4566 306.311
90500 1.35816 1.72124 1.329 4.40841 306.77
90600 1.40582 1.74039 1.36991 4.51612 301.816
90700 1.37835 1.75037 1.34113 4.46984 295.435
90800 1.37517 1.76459 1.31256 4.45232 292.372
90900 1.42275 1.77578 1.33278 4.53131 302.544
91000 1.45962 1.78602 1.27239 4.51804 309.723
91100 1.42692 1.76575 1.20957 4.40224 302.196
91200 1.43666 1.78559 1.23864 4.46088 299.771
91300 1.42438 1.85285 1.25264 4.52986 293.495
91400 1.40061 1.89081 1.21211 4.50353 286.184
91500 1.37433 1.83828 1.18976 4.40236 292.516
91600 1.37288 1.78539 1.25138 4.40965 304.291
91700 1.35897 1.7128 1.21915 4.29093 317.524
91800 1.32719 1.66657 1.23526 4.22902 308.878
91900 1.32222 1.69989 1.29105 4.31317 292.223
92000 1.36009 1.67182 1.31297 4.34487 297.542
92100 1.38131 1.592 1.35023 4.32353 295.694
92200 1.36188 1.61946 1.32697 4.30831 305.132
92300 1.26561 1.69402 1.31609 4.27573 319.471
92400 1.21957 1.70234 1.26477 4.18668 322.368
92500 1.26661 1.71801 1.3292 4.31382 303.718
92600 1.33494 1.74813 1.3195 4.40256 305.733
92700 1.36218 1.76472 1.36488 4.49178 284.778
92800 1.37247 1.72273 1.32234 4.41754 304.352
92900 1.40957 1.7262 1.29826 4.43403 309.103
93000 1.36749 1.74913 1.3448 4.46141 303.803
93100 1.3357 1.70796 1.34308 4.38674 296.654
93200 1.33253 1.64035 1.26966 4.24254 287.372
93300 1.38822 1.71884 1.2615 4.36856 288.83
93400 1.43763 1.79153 1.29709 4.52626 308.607
93500 1.47858 1.85622 1.28253 4.61733 301.95
93600 1.49826 1.85216 1.21131 4.56173 300.496
93700 1.43519 1.78614 1.25429 4.47561 303.45
93800 1.43386 1.73843 1.25945 4.43174 288.633
93900 1.41194 1.72544 1.28306 4.42044 283.565
94000 1.36477 1.72267 1.37036 4.45781 288.276
94100 1.33494 1.70968 1.39487 4.4395 298.539
94200 1.41898 1.73435 1.38598 4.53931 306.66
94300 1.47657 1.74713 1.37077 4.59447 300.141
94400 1.50854 1.72265 1.34203 4.57322 291.435
94500 1.48701 1.68794 1.32374 4.49869 278.595
94600 1.46088 1.68393 1.32593 4.47073 286.983
94700 1.47087 1.69156 1.36596 4.52839 295.674
94800 1.45358 1.67678 1.31546 4.44582 298.894
94900 1.46197 1.73053 1.24762 4.44012 305.715
95000 1.48659 1.72732 1.16455 4.37846 296.669
95100 1.48747 1.7066 1.20048 4.39456 294.181
95200 1.46691 1.67045 1.22061 4.35797 303.127
95300 1.48519 1.65163 1.21624 4.35305 306.464
95400 1.46075 1.65171 1.20455 4.31702 313.973
95500 1.43763 1.69561 1.2576 4.39084 303.569
95600 1.43977 1.71697 1.25101 4.40775 285.902
95700 1.42569 1.75521 1.25738 4.43829 299.315
95800 1.42088 1.70952 1.30399 4.43439 302.497
95900 1.39853 1.7176 1.30682 4.42294 315.619
96000 1.3674 1.72856 1.29242 4.38838 318.658
96100 1.29987 1.70778 1.21919 4.22684 298.29
96200 1.22008 1.71476 1.18311 4.11796 287.735
96300 1.22108 1.64399 1.17585 4.04091 292.667
96400 1.27338 1.585 1.20245 4.06084 310.973
96500 1.2653 1.57121 1.20105 4.03755 310.997
96600 1.26478 1.56911 1.16527 3.99916 293.89
96700 1.28681 1.5989 1.18147 4.06717 286.649
96800 1.32312 1.66047 1.23132 4.21491 285.506
96900 1.35196 1.68797 1.22499 4.26493 303.784
97000 1.35181 1.69713 1.25353 4.30247 301.312
97100 1.3547 1.71948 1.26783 4.34202 309.634
97200 1.3679 1.72715 1.2636 4.35866 297.579
97300 1.36943 1.68972 1.20871 4.26787 290.014
97400 1.34928 1.62284 1.18772 4.15983 294.201
97500 1.31769 1.66173 1.23317 4.21259 293.782
97600 1.328 1.74006 1.25465 4.32271 305.498
97700 1.31941 1.80072 1.25752 4.37765 313.945
97800 1.36217 1.7991 1.21949 4.38076 308.633
97900 1.42573 1.80432 1.20449 4.43453 292.763
98000 1.38387 1.8157 1.21456 4.41413 294.743
98100 1.33618 1.76171 1.20661 4.30449 295.724
98200 1.29316 1.71047 1.20256 4.2062 292.827
98300 1.2608 1.69701 1.15465 4.11246 315.556
98400 1.20467 1.65898 1.12215 3.98581 322.25
98500 1.1908 1.65354 1.1706 4.01493 298.826
98600 1.22724 1.65694 1.23151 4.11568 284.977
98700 1.25646 1.68278 1.24447 4.18371 291.838
98800 1.25299 1.72243 1.24971 4.22512 311.872
98900 1.23494 1.69018 1.29611 4.22123 307.472
99000 1.23632 1.67418 1.34448 4.25499 292.367
99100 1.23671 1.67562 1.40699 4.31932 283.133
99200 1.22257 1.63773 1.34804 4.20834 291.669
99300 1.21034 1.6837 1.29554 4.18957 294.116
99400 1.21676 1.72772 1.25707 4.20154 298.38
99500 1.2088 1.74246 1.23558 4.18684 299.18
99600 1.20758 1.77389 1.2632 4.24467 310.811
99700 1.23165 1.82456 1.29715 4.35336 296.474
99800 1.26391 1.78968 1.2443 4.29789 290.49
99900 1.27998 1.79019 1.23219 4.30237 290.566
100000 1.28787 1.84398 1.22372 4.35556 305.866
100100 1.30117 1.86324 1.23434 4.39876 302.349
100200 1.2987 1.86844 1.24071 4.40784 307.871
100300 1.23623 1.7839 1.21045 4.23058 310.004
100400 1.19206 1.66052 1.19654 4.04912 293.949
100500 1.19425 1.59866 1.20561 3.99852 295.282
100600 1.23852 1.57781 1.29495 4.11128 299.345
100700 1.25986 1.60039 1.33744 4.19769 309.706
100800 1.28905 1.64108 1.33045 4.26058 300.172
100900 1.29915 1.7176 1.31996 4.33671 305.331
101000 1.32125 1.7916 1.34434 4.45719 288.21
101100 1.31429 1.81041 1.42428 4.54897 290.085
101200 1.30757 1.80489 1.39557 4.50803 291.073
101300 1.28166 1.78186 1.42738 4.4909 315.558
101400 1.2846 1.72376 1.39767 4.40603 309.621
101500 1.3041 1.65422 1.37748 4.3358 300.642
101600 1.32205 1.65359 1.3341 4.30974 290.119
101700 1.30479 1.68351 1.3322 4.3205 295.372
101800 1.27114 1.6659 1.30025 4.23728 296.198
101900 1.25005 1.69041 1.30509 4.24555 299.64
102000 1.22991 1.75635 1.30308 4.28933 296.181
102100 1.24477 1.78568 1.33542 4.36588 302.602
102200 1.2217 1.76323 1.31462 4.29956 325.477
102300 1.22886 1.72688 1.34852 4.30426 315.497
102400 1.25791 1.70922 1.36192 4.32905 287.329
102500 1.23239 1.69514 1.3009 4.22843 299.221
102600 1.1986 1.69313 1.28781 4.17954 296.384
102700 1.16123 1.63321 1.28676 4.0812 303.86
102800 1.20738 1.62448 1.28969 4.12155 319.032
102900 1.28724 1.63925 1.28737 4.21387 305.805
103000 1.3648 1.67606 1.29759 4.33844 280.527
103100 1.41696 1.74173 1.32611 4.4848 298.31
103200 1.44793 1.83841 1.33294 4.61927 302.92
103300 1.43232 1.81837 1.37548 4.62617 310.629
103400 1.41685 1.81649 1.3559 4.58923 300.48
103500 1.40286 1.82585 1.35563 4.58434 286.99
103600 1.38751 1.84571 1.31241 4.54563 283.615
103700 1.38872 1.79945 1.34329 4.53146 294.61
103800 1.29827 1.71979 1.36413 4.38219 312.135
103900 1.20686 1.76646 1.28921 4.26253 306.3
104000 1.22243 1.74085 1.26283 4.22612 295.531
104100 1.21296 1.74804 1.24157 4.20257 287.04
104200 1.19492 1.74288 1.19641 4.13421 273.661
104300 1.23068 1.65162 1.23022 4.11251 284.602
104400 1.23331 1.59743 1.24297 4.07371 306.588
104500 1.22603 1.6299 1.26015 4.11608 316.823
104600 1.23656 1.66652 1.31768 4.22076 300.189
104700 1.23833 1.62223 1.3236 4.18416 290.689
104800 1.20946 1.68316 1.35008 4.24271 294.045
104900 1.19902 1.80516 1.33394 4.33813 301.62
105000 1.1905 1.80008 1.31858 4.30916 301.143
105100 1.1848 1.79514 1.3868 4.36675 294.769
105200 1.21674 1.77329 1.37193 4.36197 305.117
105300 1.25408 1.8105 1.36835 4.43294 306.722
105400 1.24247 1.77031 1.38241 4.39519 299.613
105500 1.23549 1.70837 1.42141 4.36527 277.007
105600 1.23832 1.69259 1.39266 4.32358 289.98
105700 1.23561 1.64243 1.29181 4.16985 298.325
105800 1.24292 1.64768 1.25283 4.14342 301.207
105900 1.23793 1.67711 1.27825 4.1933 306.157
106000 1.18903 1.63693 1.29305 4.11902 297.105
106100 1.15054 1.60467 1.26096 4.01616 281.434
106200 1.11405 1.62536 1.34747 4.08688 289.217
106300 1.07923 1.60734 1.36655 4.05313 303.673
106400 1.0872 1.63234 1.32286 4.0424 304.803
106500 1.13281 1.70112 1.36181 4.19573 300.736
106600 1.17607 1.72457 1.44618 4.34681 300.066
106700 1.19204 1.76039 1.49214 4.44457 303.609
106800 1.27794 1.81119 1.46075 4.54988 281.709
106900 1.31834 1.82138 1.41846 4.55818 267.233
107000 1.31508 1.80122 1.35852 4.47482 277.489
107100 1.35414 1.79968 1.30641 4.46023 285.761
107200 1.33742 1.7622 1.3083 4.40792 306.649
107300 1.28406 1.70562 1.29343 4.28311 310.146
107400 1.26817 1.64506 1.2744 4.18763 303.324
107500 1.25527 1.61585 1.31177 4.18289 294.802
107600 1.27914 1.61032 1.25792 4.14739 278.228
107700 1.30014 1.6679 1.24363 4.21167 300.599
107800 1.26421 1.71244 1.29779 4.27445 311.818
107900 1.25432 1.71352 1.21288 4.18073 308.543
108000 1.26361 1.76923 1.21484 4.24768 301.138
108100 1.27561 1.79013 1.17575 4.24149 297.734
108200 1.24123 1.7487 1.17305 4.16298 289.206
108300 1.23167 1.77767 1.21841 4.22774 302.948
108400 1.30073 1.77565 1.20674 4.28312 303.492
108500 1.30789 1.65926 1.26041 4.22756 294.539
108600 1.25317 1.66485 1.20675 4.12478 301.087
108700 1.23986 1.70413 1.24816 4.19216 308.29
108800 1.26263 1.72905 1.28292 4.2746 295.865
108900 1.24884 1.77012 1.27624 4.2952 290.008
109000 1.27011 1.82601 1.28422 4.38034 284.78
109100 1.3197 1.86034 1.27193 4.45197 294.587
109200 1.32396 1.86715 1.37602 4.56713 313.8
109300 1.342 1.85645 1.39859 4.59705 300.238
109400 1.30751 1.85554 1.37774 4.54078 290.28
109500 1.30339 1.84546 1.33113 4.47998 289.682
109600 1.31857 1.87469 1.22944 4.4227 317.339
109700 1.29716 1.88297 1.22145 4.40158 314.133
109800 1.28226 1.83956 1.23711 4.35894 297.844
109900 1.32779 1.81258 1.2111 4.35147 292.169
110000 1.34885 1.79147 1.24254 4.38286 297.095
110100 1.35082 1.733 1.23898 4.3228 296.677
110200 1.37186 1.73328 1.23716 4.3423 302.2
110300 1.42312 1.79722 1.25472 4.47506 299.701
110400 1.40192 1.81641 1.29849 4.51683 303.01
110500 1.37492 1.86284 1.33533 4.57309 305.946
110600 1.31143 1.84383 1.29863 4.45389 296.054
110700 1.26076 1.82279 1.31098 4.39453 295.386
110800 1.18785 1.80079 1.26456 4.2532 294.573
110900 1.20286 1.69719 1.21631 4.11636 314.806
111000 1.19777 1.5976 1.14868 3.94404 317.073
111100 1.19671 1.61699 1.13123 3.94493 295.099
111200 1.22463 1.64537 1.20209 4.07209 278.929
111300 1.24242 1.64913 1.18798 4.07953 309.408
111400 1.23611 1.70244 1.15155 4.0901 302.038
111500 1.23639 1.78615 1.14497 4.16751 291.873
111600 1.22273 1.83544 1.10706 4.16523 299.508
111700 1.21842 1.84093 1.17496 4.23432 304.409
111800 1.25027 1.87114 1.20206 4.32347 300.828
111900 1.28556 1.87812 1.22116 4.38483 293.535
112000 1.29995 1.82801 1.24362 4.37158 299.294
112100 1.35029 1.83118 1.2825 4.46397 293.646
112200 1.44092 1.88511 1.32676 4.65279 304.071
112300 1.52904 1.87031 1.38885 4.78819 312.86
112400 1.52051 1.85857 1.37526 4.75433 315.3
112500 1.49384 1.88203 1.34678 4.72265 297.833
112600 1.45649 1.94057 1.33532 4.73238 284.524
112700 1.49585 1.96502 1.36851 4.82938 295.843
112800 1.50827 1.93008 1.34635 4.78469 308.436
112900 1.44652 1.83141 1.30673 4.58466 312.132
113000 1.37905 1.79039 1.29654 4.46597 287.576
113100 1.29225 1.77733 1.24785 4.31743 289.64
113200 1.24358 1.70433 1.14669 4.0946 288.405
113300 1.16577 1.67268 1.08687 3.92533 302.819
113400 1.15129 1.66911 1.09857 3.91897 298.58
113500 1.17858 1.67511 1.11771 3.97141 304.734
113600 1.2402 1.71866 1.14664 4.1055 301.68
113700 1.28355 1.72066 1.1278 4.13201 287.604
113800 1.30359 1.74983 1.09621 4.14963 280.988
113900 1.30736 1.76855 1.0945 4.17041 302.593
114000 1.29003 1.74037 1.08778 4.11818 309.453
114100 1.25519 1.73194 1.13668 4.12381 298.383
114200 1.23651 1.80874 1.15762 4.20287 298.49
114300 1.24493 1.8391 1.15557 4.2396 288.731
114400 1.2741 1.8674 1.12754 4.26903 277.644
114500 1.28118 1.84159 1.09914 4.22191 289.535
114600 1.30583 1.81446 1.19041 4.31069 305.432
114700 1.2926 1.80435 1.24328 4.34023 302.049
114800 1.30094 1.77994 1.21709 4.29797 298.092
114900 1.27138 1.70176 1.16595 4.1391 296.184
115000 1.29151 1.65027 1.11154 4.05332 276.211
115100 1.27765 1.66504 1.05378 3.99647 280.145
115200 1.24556 1.70194 1.04148 3.98898 305.014
115300 1.20402 1.70688 1.06636 3.97726 301.115
115400 1.18911 1.74698 1.07181 4.00789 296.668
115500 1.20964 1.74002 1.13265 4.0823 300.875
115600 1.23426 1.71378 1.13803 4.08607 322.966
115700 1.23151 1.68559 1.19386 4.11095 312.293
115800 1.25912 1.6604 1.16006 4.07959 298.95
115900 1.22545 1.63856 1.18151 4.04552 293.698
116000 1.18512 1.61856 1.14508 3.94876 304.157
116100 1.16912 1.6411 1.17288 3.9831 294.706
116200 1.18196 1.62954 1.19171 4.00321 296.21
116300 1.1603 1.57829 1.18854 3.92713 322.274
116400 1.2205 1.57627 1.16263 3.9594 310.736
116500 1.21261 1.61017 1.15457 3.97735 299.229
116600 1.1777 1.65015 1.17696 4.00482 294.289
116700 1.16496 1.69962 1.12708 3.99166 298.635
116800 1.18031 1.72885 1.10899 4.01816 298.998
116900 1.17345 1.74385 1.12598 4.04328 301.557
117000 1.21293 1.7192 1.19376 4.12589 309.64
117100 1.25222 1.72771 1.25389 4.23383 302.155
117200 1.23731 1.75567 1.20781 4.20079 300.435
117300 1.22609 1.71816 1.19508 4.13933 285.853
117400 1.25174 1.70857 1.16387 4.12418 288.5
117500 1.27396 1.69841 1.20464 4.177 309.312
117600 1.27721 1.70547 1.13301 4.11569 311.11
117700 1.25264 1.70729 1.11313 4.07306 300.872
117800 1.2498 1.70119 1.10448 4.05547 298.968
117900 1.23658 1.68758 1.11885 4.04301 291.599
118000 1.22273 1.68544 1.17503 4.08319 290.582
118100 1.20432 1.69618 1.23141 4.1319 307.103
118200 1.24218 1.70251 1.28704 4.23173 308.858
118300 1.19387 1.6757 1.27405 4.14363 305.886
118400 1.17971 1.71315 1.25603 4.14889 293.814
118500 1.19507 1.79668 1.27021 4.26195 288.593
118600 1.25998 1.84385 1.32481 4.42863 287.966
118700 1.31615 1.76791 1.32205 4.40612 296.096
118800 1.3593 1.73792 1.35755 4.45477 293.071
118900 1.33903 1.77529 1.34769 4.46201 298.158
119000 1.32266 1.77135 1.31235 4.40636 309.238
119100 1.32782 1.78566 1.32633 4.43981 324.094
119200 1.32835 1.70818 1.44905 4.48558 292.632
119300 1.29682 1.70598 1.41227 4.41507 292.248
119400 1.30922 1.76811 1.40246 4.47979 293.672
119500 1.33526 1.80465 1.39836 4.53827 304.592
119600 1.33831 1.77994 1.35585 4.4741 313.463
119700 1.30463 1.77501 1.28116 4.3608 314.54
119800 1.23855 1.77452 1.15828 4.17135 294.358
119900 1.24692 1.73392 1.09257 4.07341 281.752
120000 1.26703 1.72927 1.1136 4.1099 303.496
120100 1.2589 1.75798 1.16767 4.18455 315.901
120200 1.24998 1.76222 1.2026 4.2148 295.115
120300 1.20448 1.70864 1.22088 4.13401 298.116
120400 1.20594 1.64094 1.27031 4.1172 280.72
120500 1.19302 1.66032 1.26929 4.12263 287.43
120600 1.17718 1.68336 1.27099 4.13152 294.805
120700 1.21144 1.73909 1.30545 4.25598 299.451
120800 1.23525 1.74118 1.32631 4.30274 305.442
120900 1.28482 1.692 1.30656 4.28337 299.197
121000 1.30115 1.66856 1.25853 4.22824 285.498
121100 1.29485 1.65436 1.26143 4.21064 276.887
121200 1.33465 1.64775 1.31251 4.29491 297.92
121300 1.33659 1.71754 1.3885 4.44264 300.806
121400 1.3305 1.80919 1.43042 4.57011 300.977
121500 1.30929 1.85329 1.39693 4.55951 301.334
121600 1.28132 1.86394 1.37157 4.51683 300.829
121700 1.18687 1.79602 1.31651 4.2994 291.585
121800 1.21028 1.77931 1.29652 4.28611 290.167
121900 1.20523 1.75512 1.314 4.27436 301.345
122000 1.22019 1.74809 1.24228 4.21056 310.276
122100 1.23297 1.71633 1.21491 4.16421 311.193
122200 1.25387 1.69096 1.18374 4.12858 304.79
122300 1.28467 1.67197 1.19917 4.15581 296.928
122400 1.30263 1.66703 1.19767 4.16732 291.331
122500 1.26553 1.61836 1.20392 4.0878 308.615
122600 1.17425 1.57032 1.23196 3.97653 313.529
122700 1.15075 1.58862 1.30245 4.04182 297.846
122800 1.15198 1.63065 1.30405 4.08668 283.832
122900 1.19711 1.72952 1.29508 4.22171 286.787
123000 1.24526 1.78614 1.32666 4.35807 304.396
123100 1.26096 1.85148 1.31817 4.43061 305.342
123200 1.26265 1.87793 1.3238 4.46438 304.737
123300 1.2699 1.86814 1.31092 4.44896 293.027
123400 1.26318 1.7984 1.24932 4.3109 284.417
123500 1.23116 1.70348 1.14405 4.07869 279.509
123600 1.22086 1.63976 1.11592 3.97653 290.678
123700 1.22339 1.64392 1.11795 3.98527 301.818
123800 1.26071 1.68376 1.19324 4.13772 301.017
123900 1.27604 1.67953 1.26084 4.21641 293.896
124000 1.24836 1.63911 1.25349 4.14097 308.489
124100 1.18712 1.67901 1.2787 4.14483 318.4
124200 1.17735 1.6509 1.25779 4.08604 303.479
124300 1.1775 1.61481 1.23313 4.02544 296.327
124400 1.21578 1.65702 1.21845 4.09125 294.994
124500 1.245 1.64114 1.27551 4.16166 306.811
124600 1.26497 1.57853 1.41073 4.25424 298.716
124700 1.27127 1.6448 1.49324 4.40931 308.855
124800 1.28376 1.74864 1.46959 4.50198 307.802
124900 1.3207 1.82228 1.35525 4.49823 280.274
125000 1.31141 1.88341 1.2961 4.49092 288.817
125100 1.32574 1.86612 1.34097 4.53284 309.127
125200 1.3558 1.87345 1.35478 4.58402 301.905
125300 1.3609 1.85607 1.32948 4.54644 307.735
125400 1.3788 1.8161 1.28762 4.48253 296.529
125500 1.33805 1.77586 1.28395 4.39786 296.212
125600 1.33278 1.65402 1.23926 4.22606 288.622
125700 1.30946 1.5692 1.2629 4.14156 291.827
125800 1.31497 1.57515 1.27583 4.16596 288.781
125900 1.29509 1.64635 1.24993 4.19136 300.826
126000 1.25502 1.68612 1.28509 4.22622 313.796
126100 1.20127 1.68826 1.24269 4.13221 302.567
126200 1.15755 1.72793 1.22095 4.10643 288.559
126300 1.12228 1.74811 1.19497 4.06537 292.186
126400 1.12702 1.76576 1.15581 4.04859 301.549
126500 1.17452 1.78146 1.16057 4.11655 292.512
126600 1.20977 1.73152 1.19913 4.14042 300.627
126700 1.21376 1.73412 1.21439 4.16227 309.197
126800 1.22325 1.71419 1.18518 4.12262 311.525
126900 1.23146 1.63758 1.14627 4.01531 309.927
127000 1.23092 1.61135 1.16407 4.00634 289.497
127100 1.21756 1.64757 1.17985 4.04498 294.272
127200 1.23306 1.69263 1.17441 4.10009 295.745
127300 1.28191 1.74525 1.20381 4.23097 300.18
127400 1.28072 1.78116 1.19866 4.26053 313.642
127500 1.29212 1.7779 1.17161 4.24162 312.702
127600 1.28902 1.7726 1.14965 4.21126 306.321
127700 1.25916 1.69453 1.12031 4.07399 300.955
127800 1.17868 1.67771 1.12239 3.97878 296.347
127900 1.10181 1.69057 1.15423 3.94661 296.31
128000 1.06895 1.67245 1.15472 3.89612 300.917
128100 1.05147 1.61856 1.19375 3.86378 321.718
128200 1.04362 1.61237 1.19705 3.85304 305.833
128300 1.02193 1.62306 1.14364 3.78863 299.269
128400 1.05267 1.61211 1.08303 3.74781 299.843
128500 1.08285 1.62988 1.12601 3.83874 298.176
128600 1.12025 1.68744 1.13547 3.94317 298.258
128700 1.2187 1.70959 1.19251 4.12079 319.521
128800 1.29029 1.69241 1.1967 4.17939 314.865
128900 1.34594 1.71519 1.22348 4.28461 308.295
129000 1.39208 1.75875 1.24493 4.39576 299.447
129100 1.46741 1.74987 1.31663 4.53391 294.427
129200 1.4982 1.77189 1.39577 4.66586 296.467
129300 1.51165 1.76182 1.42355 4.69702 314.338
129400 1.48677 1.81513 1.38641 4.6883 320.458
129500 1.37647 1.84 1.29815 4.51462 308.472
129600 1.34622 1.75983 1.29393 4.39998 305.403
129700 1.35029 1.69255 1.28352 4.32637 302.852
129800 1.29489 1.67113 1.36112 4.32714 286.537
129900 1.22487 1.66095 1.33549 4.22131 294.789
130000 1.22815 1.70545 1.28984 4.22344 322.043
130100 1.20107 1.66379 1.24028 4.10514 311.484
130200 1.21479 1.6297 1.19124 4.03573 302.436
130300 1.21169 1.66753 1.26228 4.1415 299.405
130400 1.18989 1.63019 1.31866 4.13874 298.646
130500 1.16552 1.61023 1.3827 4.15845 302.103
130600 1.16304 1.61424 1.43859 4.21587 307.53
130700 1.17564 1.64492 1.45526 4.27582 284.327
130800 1.28348 1.65534 1.43168 4.3705 296.889
130900 1.36519 1.65268 1.39222 4.41009 301.553
131000 1.39096 1.65706 1.36811 4.41613 320.969
131100 1.38542 1.72893 1.38215 4.49651 305.37
131200 1.36203 1.83799 1.33501 4.53502 292.272
131300 1.3361 1.85576 1.31591 4.50776 296.398
131400 1.30485 1.82224 1.31995 4.44704 292.337
131500 1.29626 1.80561 1.29856 4.40042 290.513
131600 1.2907 1.78912 1.30854 4.38836 321.097
131700 1.29702 1.77939 1.35578 4.43218 310.336
131800 1.28193 1.74658 1.35439 4.38289 284.483
131900 1.25656 1.70594 1.34202 4.30452 281.097
132000 1.26441 1.6964 1.32495 4.28575 299.127
132100 1.24821 1.71283 1.33011 4.29115 305.065
132200 1.28477 1.71993 1.30401 4.30871 308.139
132300 1.29189 1.72734 1.31419 4.33341 291.375
132400 1.25451 1.68824 1.29245 4.23521 284.053
132500 1.20628 1.68743 1.30999 4.2037 292.625
132600 1.1993 1.70791 1.28746 4.19467 297.555
132700 1.16278 1.65983 1.19633 4.01895 306.302
132800 1.15802 1.64036 1.11402 3.9124 308.133
132900 1.16552 1.6156 1.09874 3.87985 301.199
133000 1.18555 1.6362 1.15523 3.97698 291.017
133100 1.22577 1.6468 1.20223 4.07479 286.337
133200 1.28987 1.61551 1.18858 4.09396 315.777
133300 1.31853 1.62652 1.18032 4.12537 321.464
133400 1.29161 1.63855 1.18126 4.11142 303.876
133500 1.2747 1.67459 1.16652 4.11581 287.36
133600 1.28955 1.72727 1.13996 4.15679 299.951
133700 1.30632 1.69974 1.15952 4.16558 304.465
133800 1.30654 1.78922 1.21602 4.31178 318.108
133900 1.29213 1.8625 1.2563 4.41093 319.372
134000 1.2666 1.84428 1.19407 4.30495 308.5
134100 1.2481 1.78755 1.16948 4.20512 299.807
134200 1.21859 1.78269 1.1762 4.17748 300.471
134300 1.20587 1.78141 1.26622 4.25349 297.056
134400 1.22656 1.79344 1.31316 4.33316 284.886
134500 1.20896 1.74771 1.26838 4.22505 286.653
134600 1.22821 1.68606 1.26294 4.1772 292.692
134700 1.29414 1.69418 1.21508 4.20339 298.489
134800 1.32478 1.72476 1.24457 4.29411 304.452
134900 1.31278 1.75842 1.27686 4.34806 303.52
135000 1.32567 1.82109 1.24173 4.3885 294.944
135100 1.35064 1.83349 1.17067 4.3548 288.433
135200 1.37403 1.74607 1.13892 4.25902 290.507
135300 1.33821 1.77609 1.14059 4.2549 302.593
135400 1.35542 1.77751 1.1156 4.24853 310.706
135500 1.36968 1.71901 1.17027 4.25896 309.45
135600 1.41452 1.68481 1.22913 4.32845 290.39
135700 1.43641 1.73872 1.24662 4.42175 287.668
135800 1.41609 1.77923 1.24427 4.43958 285.703
135900 1.41232 1.75055 1.22552 4.38839 299.505
136000 1.378 1.66097 1.18503 4.22399 301.81
136100 1.37386 1.60443 1.22094 4.19922 309.257
136200 1.35307 1.61493 1.20702 4.17501 285.639
136300 1.30271 1.6204 1.18246 4.10557 285.717
136400 1.31966 1.66089 1.19235 4.17289 290.18
136500 1.33583 1.7122 1.21289 4.26092 293.495
136600 1.31302 1.77155 1.24863 4.3332 295.003
136700 1.28694 1.80777 1.28404 4.37874 308.215
136800 1.31006 1.79719 1.33471 4.44196 303.675
136900 1.27692 1.76252 1.30885 4.34829 312.726
137000 1.27072 1.73907 1.3079 4.31769 299.888
137100 1.30134 1.74292 1.31191 4.35617 294.36
137200 1.34066 1.76575 1.27187 4.37829 295.209
137300 1.34474 1.73422 1.23649 4.31545 283.454
137400 1.2921 1.72575 1.29596 4.3138 306.05
137500 1.29317 1.66071 1.33754 4.29141 320.134
137600 1.32057 1.65254 1.38871 4.36182 311.618
137700 1.34711 1.61118 1.33499 4.29327 292.36
137800 1.40378 1.60283 1.31058 4.31719 293.417
137900 1.35963 1.62245 1.32586 4.30793 302.6
138000 1.37608 1.62885 1.317 4.32193 315.695
138100 1.43686 1.67221 1.30995 4.41902 296.939
138200 1.43052 1.72206 1.25828 4.41086 288.639
138300 1.43283 1.70909 1.18419 4.3261 290.994
138400 1.3949 1.64069 1.17657 4.21216 287.851
138500 1.31647 1.61343 1.16088 4.09078 311.151
138600 1.31212 1.64177 1.12703 4.08092 305.763
138700 1.33925 1.62915 1.17049 4.13888 288.952
138800 1.2728 1.5885 1.2192 4.08049 298.419
138900 1.25468 1.64984 1.21679 4.12131 311.476
139000 1.27062 1.7158 1.24028 4.22671 314.214
139100 1.27202 1.79951 1.22338 4.2949 314.251
139200 1.3023 1.76336 1.22234 4.288 307.688
139300 1.27194 1.6864 1.2358 4.19413 299.212
139400 1.25011 1.63496 1.20579 4.09086 287.436
139500 1.23081 1.60615 1.23207 4.06903 296.339
139600 1.20935 1.6008 1.26101 4.07116 308.955
139700 1.16718 1.61387 1.23347 4.01452 319.928
139800 1.17983 1.57024 1.23484 3.98491 304.438
139900 1.15492 1.55485 1.31914 4.02891 303.425
140000 1.09673 1.59322 1.33484 4.02479 298.773
140100 1.09633 1.59708 1.27708 3.97049 291.685
140200 1.12895 1.61037 1.27818 4.0175 311.983
140300 1.17906 1.59802 1.20761 3.9847 324.502
140400 1.1941 1.60728 1.17614 3.97751 310.546
140500 1.16734 1.64667 1.12331 3.93732 302.704
140600 1.18674 1.63407 1.15048 3.97129 301.764
140700 1.23646 1.61607 1.17447 4.027 291.409
140800 1.29925 1.61763 1.2002 4.11707 299.065
140900 1.30633 1.60551 1.20151 4.11335 320.278
141000 1.3209 1.58764 1.16189 4.07043 307.689
141100 1.29513 1.59783 1.1331 4.02605 308.689
141200 1.24454 1.633 1.12267 4.00022 303.373
141300 1.25257 1.65418 1.1092 4.01595 294.062
141400 1.24964 1.68776 1.10222 4.03962 303.448
141500 1.25852 1.70473 1.19237 4.15562 303.557
141600 1.31734 1.69448 1.24134 4.25316 310.289
141700 1.43726 1.6945 1.2167 4.34846 321.193
141800 1.42991 1.70389 1.18511 4.3189 303.704
141900 1.43888 1.64004 1.17255 4.25148 290.664
142000 1.38421 1.68941 1.1632 4.23681 299.431
142100 1.37675 1.70304 1.19146 4.27125 303.534
142200 1.37238 1.64702 1.26704 4.28643 304.972
142300 1.35458 1.67847 1.26455 4.2976 313.049
142400 1.28585 1.69286 1.27682 4.25553 315.72
142500 1.25985 1.622 1.30566 4.1875 300.809
142600 1.23681 1.5605 1.24217 4.03947 291.595
142700 1.25896 1.55626 1.16259 3.97781 298.373
142800 1.29058 1.5719 1.14681 4.0093 304.706
142900 1.34973 1.62478 1.17357 4.14808 297.527
143000 1.34241 1.60345 1.20878 4.15464 298.033
143100 1.33422 1.63499 1.2121 4.18131 293.732
143200 1.26674 1.6695 1.19666 4.1329 298.308
143300 1.23741 1.6186 1.19037 4.04638 314.021
143400 1.26979 1.5841 1.13149 3.98538 317.432
143500 1.25832 1.58975 1.11418 3.96224 298.31
143600 1.24646 1.65818 1.16958 4.07422 300.74
143700 1.26088 1.64825 1.1175 4.02663 288.394
143800 1.31781 1.65035 1.13256 4.10072 304.693
143900 1.35584 1.65616 1.14094 4.15294 303.245
144000 1.35602 1.66912 1.11303 4.13817 312.123
144100 1.28684 1.68221 1.11646 4.08551 285.311
144200 1.2412 1.66674 1.11218 4.02012 290.851
144300 1.212 1.62364 1.09254 3.92818 297.431
144400 1.20831 1.63802 1.11646 3.96278 303.682
144500 1.14652 1.59346 1.11607 3.85605 300.792
144600 1.12673 1.56476 1.14399 3.83548 323.576
144700 1.16505 1.62072 1.16215 3.94793 339.784
144800 1.23782 1.68573 1.14801 4.07156 311.479
144900 1.28602 1.69438 1.18205 4.16246 301.351
145000 1.3533 1.66707 1.1758 4.19617 296.355
145100 1.33099 1.64003 1.16993 4.14095 290.039
145200 1.31764 1.66832 1.15725 4.14321 303.517
145300 1.32852 1.69521 1.22159 4.24532 315.944
145400 1.33939 1.70386 1.30916 4.3524 316.306
145500 1.34686 1.76366 1.33304 4.44357 294.163
145600 1.35326 1.77737 1.32236 4.45299 284.614
145700 1.31918 1.78465 1.28657 4.39039 301.141
145800 1.36176 1.79118 1.24369 4.39663 308.845
145900 1.37341 1.77788 1.24702 4.3983 306.174
146000 1.37012 1.74681 1.23894 4.35587 293.6
146100 1.3322 1.66061 1.21205 4.20486 285.254
146200 1.32375 1.57934 1.14871 4.05181 281.564
146300 1.26659 1.60012 1.18065 4.04737 302.563
146400 1.22615 1.6333 1.19876 4.05821 304.076
146500 1.21536 1.58397 1.20103 4.00036 300.572
146600 1.21813 1.56006 1.15902 3.93721 285.312
146700 1.24226 1.59865 1.14868 3.98959 280.01
146800 1.27295 1.6122 1.11284 3.99799 297.481
146900 1.32993 1.60894 1.1151 4.05396 313.607
147000 1.3821 1.60394 1.14941 4.13544 298.377
147100 1.45316 1.64549 1.15315 4.25181 297.285
147200 1.453 1.66441 1.14719 4.26461 295.748
147300 1.39849 1.62439 1.11716 4.14004 276.319
147400 1.3475 1.6235 1.1389 4.10991 278.101
147500 1.33609 1.59234 1.15838 4.08681 290.376
147600 1.35213 1.62283 1.20356 4.17851 301.714
147700 1.33487 1.64105 1.21859 4.19451 303.36
147800 1.312 1.67221 1.17623 4.16045 313.908
147900 1.30241 1.69052 1.18454 4.17746 301.745
148000 1.32866 1.6711 1.17606 4.17582 283.89
148100 1.30743 1.63867 1.17102 4.11712 293.465
148200 1.30792 1.62801 1.13627 4.07219 304.28
148300 1.30428 1.56598 1.10612 3.97638 301.775
148400 1.27226 1.50283 1.1255 3.90059 301.528
148500 1.26523 1.5109 1.14531 3.92144 297.449
148600 1.24402 1.55613 1.16897 3.96912 304.837
148700 1.22193 1.61018 1.18608 4.0182 295.832
148800 1.18961 1.70516 1.16586 4.06062 283.076
148900 1.19747 1.71543 1.09685 4.00975 289.275
149000 1.22505 1.73125 1.08968 4.04599 287.302
149100 1.26571 1.76909 1.07697 4.11177 305.497
149200 1.24745 1.78736 1.13274 4.16755 304.327
149300 1.24125 1.76167 1.17788 4.1808 308.643
149400 1.21414 1.73295 1.20312 4.15022 291.045
149500 1.19523 1.74742 1.14916 4.09181 291.157
149600 1.24648 1.70928 1.13203 4.08779 286.708
149700 1.28168 1.65794 1.15607 4.09568 303.387
149800 1.3063 1.66345 1.16554 4.13528 297.329
149900 1.31611 1.68472 1.14798 4.14881 299.688
150000 1.28959 1.68996 1.17042 4.14998 303.458
150100 1.22837 1.66686 1.18371 4.07894 304.435
150200 1.19468 1.65489 1.21836 4.06793 323.419
150300 1.18902 1.69202 1.17302 4.05406 306.041
150400 1.18629 1.7376 1.10988 4.03377 293.967
150500 1.2133 1.77259 1.09886 4.08475 288.401
150600 1.20473 1.76399 1.07646 4.04518 295.018
150700 1.20037 1.76189 1.10257 4.06483 312.971
150800 1.20318 1.791 1.12725 4.12143 306.823
150900 1.14384 1.76384 1.17426 4.08194 297.143
151000 1.18539 1.72363 1.14661 4.05563 300.699
151100 1.23451 1.67151 1.14578 4.0518 294.723
151200 1.20885 1.60894 1.13665 3.95443 293.257
151300 1.20624 1.62602 1.125 3.95726 291.582
151400 1.2143 1.67116 1.16143 4.04689 294.768
151500 1.244 1.69457 1.16378 4.10236 313.998
151600 1.22592 1.66558 1.17345 4.06495 308.835
151700 1.25035 1.68608 1.18606 4.12249 295.643
151800 1.23033 1.72611 1.1626 4.11904 286.212
151900 1.20819 1.6957 1.11314 4.01704 295.039
152000 1.16601 1.64394 1.07186 3.88181 298.745
152100 1.20434 1.59239 1.15393 3.95065 307.284
152200 1.23404 1.61505 1.21991 4.06899 314.147
152300 1.26085 1.66765 1.2195 4.14801 304.078
152400 1.26304 1.76448 1.1966 4.22412 296.854
152500 1.28362 1.83307 1.20521 4.3219 286.111
152600 1.29499 1.79655 1.27138 4.36292 295.272
152700 1.30338 1.76098 1.25794 4.32229 312.708
152800 1.32115 1.69999 1.24179 4.26293 309.829
152900 1.26307 1.68007 1.22004 4.16318 302.055
153000 1.25266 1.6972 1.1849 4.13475 289.648
153100 1.26799 1.70234 1.13806 4.10839 299.966
153200 1.24996 1.71277 1.14435 4.10708 312.621
153300 1.29061 1.72128 1.2053 4.2172 315.601
153400 1.33051 1.76714 1.22561 4.32326 309.028
153500 1.35693 1.74702 1.22292 4.32688 301.322
153600 1.35613 1.69615 1.23872 4.29099 297.587
153700 1.34909 1.71915 1.24666 4.31491 294.926
153800 1.36425 1.73993 1.26015 4.36433 292.26
153900 1.34437 1.72936 1.26512 4.33885 304.504
154000 1.35479 1.69332 1.29324 4.34135 312.06
154100 1.3827 1.67027 1.27248 4.32545 304.624
154200 1.30673 1.69905 1.25764 4.26342 295.134
154300 1.25247 1.74868 1.248 4.24915 286.463
154400 1.26833 1.76621 1.22888 4.26343 297.191
154500 1.28678 1.72622 1.16772 4.18072 299.195
154600 1.28028 1.756 1.17252 4.2088 291.394
154700 1.25138 1.78167 1.19887 4.23192 313.063
154800 1.22164 1.73982 1.20114 4.1626 335.209
154900 1.18582 1.69374 1.20273 4.08229 302.471
155000 1.14998 1.70836 1.18326 4.0416 302.085
155100 1.10467 1.67232 1.19281 3.96979 298.183
155200 1.1132 1.60739 1.18238 3.90297 291.129
155300 1.13802 1.61953 1.17277 3.93031 299.76
155400 1.15138 1.64306 1.11879 3.91323 300.134
155500 1.20166 1.6958 1.12322 4.02069 308.413
155600 1.26442 1.74847 1.15472 4.16761 321.564
155700 1.2856 1.73706 1.15723 4.17989 301.061
155800 1.24777 1.73032 1.20274 4.18082 303.107
155900 1.25327 1.68194 1.14876 4.08397 301.145
156000 1.26458 1.64737 1.15744 4.06938 295.058
156100 1.32544 1.63361 1.21571 4.17476 295.441
156200 1.39766 1.65906 1.26734 4.32406 308.255
156300 1.39915 1.69799 1.29157 4.38871 312.31
156400 1.3561 1.74622 1.33039 4.4327 310.191
156500 1.30872 1.72496 1.27472 4.30841 290.118
156600 1.32183 1.72616 1.21563 4.26361 293.947
156700 1.31413 1.77718 1.16684 4.25814 296.932
156800 1.30805 1.78938 1.16174 4.25916 308.229
156900 1.30425 1.80011 1.18061 4.28496 319.599
157000 1.29754 1.75712 1.2397 4.29436 305.071
157100 1.25488 1.70262 1.22599 4.18349 288.028
157200 1.26777 1.68458 1.19468 4.14703 289.121
157300 1.25363 1.71471 1.19026 4.15861 310.78
157400 1.25197 1.73893 1.17109 4.16199 309.398
157500 1.23888 1.75701 1.17074 4.16664 298.725
157600 1.25877 1.73602 1.09942 4.09421 278.304
157700 1.30974 1.66619 1.03832 4.01424 289.922
157800 1.32504 1.62148 1.05899 4.0055 301.071
157900 1.32126 1.62409 1.16012 4.10547 308.567
158000 1.34732 1.63733 1.2263 4.21095 300.587
158100 1.33692 1.63662 1.22003 4.19358 279.627
158200 1.33227 1.70463 1.17354 4.21043 280.165
158300 1.28801 1.71697 1.1384 4.14338 305.754
158400 1.28134 1.78938 1.1442 4.21493 314.066
158500 1.31371 1.83367 1.12469 4.27208 299.063
158600 1.35837 1.84285 1.14808 4.3493 286.193
158700 1.41923 1.85277 1.19321 4.46521 287.774
158800 1.3959 1.81052 1.23409 4.44051 307.65
158900 1.35159 1.77107 1.26013 4.3828 315.267
159000 1.2888 1.71603 1.24213 4.24695 308.476
159100 1.25512 1.71905 1.22451 4.19869 289.912
159200 1.23744 1.68606 1.23501 4.15851 291.981
159300 1.24338 1.60982 1.2126 4.06581 305.014
159400 1.21094 1.62714 1.20454 4.04263 305.975
159500 1.2147 1.64472 1.20649 4.06592 278.277
159600 1.20341 1.62828 1.21115 4.04284 284.663
159700 1.22269 1.65163 1.23445 4.10878 297.172
159800 1.23674 1.70133 1.25042 4.1885 305.819
159900 1.23151 1.7705 1.26815 4.27016 307.186
160000 1.25075 1.83656 1.3055 4.39281 300.368
160100 1.28409 1.85245 1.2944 4.43094 286.076
160200 1.33949 1.79714 1.20832 4.34494 283.904
160300 1.41146 1.79045 1.17552 4.37744 285.831
160400 1.4311 1.73679 1.22317 4.39106 300.197
160500 1.47044 1.71072 1.25992 4.44108 298.832
160600 1.45248 1.72601 1.30358 4.48207 308.427
160700 1.42081 1.72651 1.24825 4.39558 305.663
160800 1.40472 1.73746 1.20883 4.351 293.244
160900 1.36158 1.72317 1.20056 4.28532 282.916
161000 1.30136 1.73213 1.24532 4.27881 297.053
161100 1.23652 1.70842 1.25495 4.19989 303.074
161200 1.22877 1.66851 1.24557 4.14285 314.302
161300 1.20399 1.73346 1.2833 4.22075 301.547
161400 1.21663 1.7497 1.29607 4.26241 300.059
161500 1.21599 1.68398 1.2946 4.19457 292.335
161600 1.22723 1.6495 1.27064 4.14737 282
161700 1.25482 1.67412 1.22291 4.15185 271.316
161800 1.2551 1.70359 1.25358 4.21227 287.679
161900 1.31151 1.68289 1.25793 4.25233 301.192
162000 1.34898 1.68161 1.30327 4.33386 293.958
162100 1.3443 1.73736 1.34752 4.42918 303.921
162200 1.3365 1.7692 1.31137 4.41708 324.506
162300 1.33032 1.73563 1.30264 4.3686 304.928
162400 1.2982 1.7287 1.30037 4.32727 302.556
162500 1.24687 1.72598 1.32462 4.29747 299.32
162600 1.21369 1.73506 1.30038 4.24913 292.108
162700 1.26256 1.72001 1.2614 4.24396 282.264
162800 1.27092 1.71042 1.22849 4.20984 300.684
162900 1.25536 1.71002 1.26268 4.22806 309.797
163000 1.28428 1.64625 1.23933 4.16986 317.539
163100 1.27693 1.55897 1.23913 4.07503 285.839
163200 1.18677 1.52616 1.2373 3.95024 288.986
163300 1.15466 1.55733 1.25632 3.96831 293.256
163400 1.18033 1.58292 1.23875 4.00201 301.991
163500 1.20586 1.53474 1.21286 3.95346 298.576
163600 1.20021 1.55394 1.18444 3.93859 310.721
163700 1.22999 1.64481 1.17626 4.05105 321.536
163800 1.24703 1.68787 1.17794 4.11284 312.387
163900 1.21419 1.69265 1.15827 4.06511 304.875
164000 1.19516 1.76041 1.18285 4.13842 297.903
164100 1.18714 1.7652 1.17878 4.13112 292.164
164200 1.18301 1.71848 1.17559 4.07708 311.886
164300 1.19265 1.6893 1.18985 4.0718 313.724
164400 1.21336 1.74461 1.15611 4.11408 321.188
164500 1.20326 1.76122 1.16854 4.13302 301.239
164600 1.23357 1.72945 1.15171 4.11473 298.651
164700 1.25993 1.7747 1.15321 4.18784 287.302
164800 1.32469 1.82374 1.15946 4.30789 305.554
164900 1.30381 1.82202 1.17466 4.30049 306.561
165000 1.24754 1.78108 1.14183 4.17045 323.686
165100 1.23051 1.74419 1.16277 4.13747 314.784
165200 1.22538 1.73698 1.16798 4.13033 297.002
165300 1.20545 1.70707 1.16437 4.0769 302.869
165400 1.18925 1.65796 1.11551 3.96272 299.551
165500 1.18079 1.64528 1.10543 3.9315 284.163
165600 1.18092 1.65668 1.14355 3.98115 284.748
165700 1.17917 1.6387 1.15316 3.97103 296.394
165800 1.19328 1.59892 1.15147 3.94366 301.758
165900 1.19687 1.54497 1.18302 3.92486 304.197
166000 1.21132 1.57051 1.18122 3.96305 303.063
166100 1.25722 1.61891 1.15552 4.03166 289.144
166200 1.25547 1.62226 1.14255 4.02028 286.307
166300 1.24377 1.64897 1.14832 4.04106 291.379
166400 1.26894 1.66346 1.15112 4.08352 296.749
166500 1.26664 1.67396 1.14344 4.08404 303.015
166600 1.28457 1.68737 1.19869 4.17063 299.158
166700 1.29792 1.651 1.27603 4.22495 295.555
166800 1.35107 1.65756 1.31305 4.32168 299.584
166900 1.3627 1.69003 1.33077 4.3835 302.691
167000 1.34159 1.76638 1.27926 4.38723 307.773
167100 1.36978 1.80534 1.25413 4.42925 310.432
167200 1.42623 1.81522 1.25659 4.49804 316.332
167300 1.4568 1.88161 1.28161 4.62002 286.308
167400 1.47851 1.87307 1.27017 4.62175 296.221
167500 1.5096 1.79865 1.34019 4.64844 296.124
167600 1.5264 1.78195 1.34412 4.65246 309.582
167700 1.53554 1.76949 1.31905 4.62408 310.556
167800 1.50243 1.76052 1.31858 4.58153 305.216
167900 1.51395 1.76986 1.28444 4.56825 302.219
168000 1.46889 1.72283 1.266 4.45773 296.049
168100 1.39031 1.7522 1.31666 4.45917 295.725
168200 1.36066 1.81819 1.34442 4.52327 295.227
168300 1.30597 1.78055 1.29639 4.38291 297.973
168400 1.30302 1.73817 1.21675 4.25794 306.241
168500 1.33689 1.71738 1.15145 4.20573 290.945
168600 1.26785 1.73436 1.09841 4.10061 277.811
168700 1.2514 1.71094 1.06148 4.02382 289.782
168800 1.27056 1.69842 1.12243 4.09141 302.336
168900 1.30359 1.77404 1.14285 4.22048 301.156
169000 1.24703 1.75419 1.19585 4.19706 310.828
169100 1.21557 1.68769 1.17666 4.07992 283.397
169200 1.20953 1.6406 1.14117 3.99131 294.144
169300 1.23363 1.59357 1.11445 3.94165 290.049
169400 1.239 1.56468 1.13136 3.93503 287.281
169500 1.22985 1.57299 1.09421 3.89706 301.239
169600 1.27727 1.62337 1.13548 4.03612 308.902
169700 1.33143 1.67058 1.1921 4.19411 303.456
169800 1.3422 1.72331 1.25755 4.32306 292.422
169900 1.3767 1.74354 1.3184 4.43864 275.786
170000 1.39509 1.81816 1.32384 4.53708 279.861
170100 1.3944 1.89902 1.39252 4.68594 291.88
170200 1.40792 1.84199 1.3738 4.62371 297.024
170300 1.37599 1.77795 1.34485 4.49879 306.482
170400 1.36347 1.74171 1.32208 4.42725 301.1
170500 1.34771 1.7076 1.31646 4.37177 300.813
170600 1.32785 1.72066 1.27581 4.32432 288.008
170700 1.36465 1.73661 1.32941 4.43068 287.951
170800 1.3772 1.7564 1.34397 4.47757 290.081
170900 1.35928 1.75261 1.31398 4.42587 317.92
171000 1.3908 1.78776 1.2649 4.44347 302.913
171100 1.36488 1.77408 1.21877 4.35773 288.83
171200 1.35694 1.68087 1.22781 4.26563 296.829
171300 1.33364 1.68732 1.26628 4.28724 323.73
171400 1.33119 1.70827 1.30666 4.34612 317.228
171500 1.33936 1.72411 1.29732 4.36078 301.566
171600 1.33393 1.73256 1.27956 4.34605 302.97
171700 1.31364 1.77032 1.29571 4.37966 299.668
171800 1.38008 1.85305 1.32692 4.56004 285.687
171900 1.42012 1.90546 1.32898 4.65456 275.49
172000 1.44007 1.88821 1.28507 4.61335 295.006
172100 1.4769 1.82248 1.23017 4.52955 311.882
172200 1.53766 1.81005 1.23414 4.58184 303.717
172300 1.5227 1.80174 1.24934 4.57378 286.614
172400 1.46702 1.70977 1.19526 4.37205 292.565
172500 1.41242 1.67502 1.2085 4.29593 304.221
172600 1.33842 1.6411 1.26321 4.24272 306.222
172700 1.31622 1.6338 1.30327 4.2533 312.545
172800 1.30933 1.70824 1.36482 4.38239 302.639
172900 1.31575 1.68665 1.35093 4.35334 298.496
173000 1.38072 1.72397 1.33023 4.43492 303.838
173100 1.38157 1.76281 1.32347 4.46785 294.817
173200 1.44169 1.7837 1.35556 4.58095 301.236
173300 1.45761 1.78257 1.34289 4.58308 307.35
173400 1.43004 1.70411 1.29207 4.42622 319.008
173500 1.38896 1.63373 1.30413 4.32682 320.387
173600 1.30165 1.62504 1.28098 4.20767 307.091
173700 1.23481 1.55935 1.25005 4.0442 291.936
173800 1.19758 1.47219 1.22747 3.89724 302.433
173900 1.20084 1.50968 1.21771 3.92824 302.484
174000 1.21772 1.57274 1.19947 3.98993 295.355
174100 1.24723 1.58245 1.18818 4.01787 289.974
174200 1.28434 1.5875 1.19619 4.06803 298.685
174300 1.27917 1.66148 1.24514 4.18579 298.099
174400 1.24985 1.67141 1.22347 4.14473 320.08
174500 1.216 1.64445 1.21792 4.07837 307.27
174600 1.23184 1.61869 1.23528 4.0858 295.424
174700 1.27501 1.61712 1.22039 4.11252 291.118
174800 1.29475 1.66122 1.29841 4.25438 287.351
174900 1.31256 1.67325 1.31681 4.30262 305.293
175000 1.30559 1.63983 1.2877 4.23312 301.443
175100 1.28524 1.61028 1.2278 4.12332 304.785
175200 1.25342 1.57273 1.21565 4.0418 323.484
175300 1.26689 1.59503 1.1834 4.04531 315.075
175400 1.22898 1.6402 1.18096 4.05013 300.262
175500 1.21047 1.64183 1.18237 4.03468 296.573
175600 1.19123 1.56554 1.18826 3.94503 299.121
175700 1.16633 1.57114 1.25483 3.9923 301.669
175800 1.12349 1.57062 1.2645 3.95862 283.408
175900 1.12283 1.55639 1.24117 3.92039 288.634
176000 1.16524 1.58157 1.18896 3.93577 307.059
176100 1.16054 1.59993 1.16033 3.9208 312.429
176200 1.21562 1.62425 1.16451 4.00438 301.091
176300 1.2386 1.63578 1.1231 3.99748 287.106
176400 1.29281 1.64675 1.12613 4.06568 301.253
176500 1.30292 1.63874 1.11203 4.05369 293.616
176600 1.33821 1.62925 1.15221 4.11967 305.332
176700 1.344 1.6686 1.22302 4.23562 298.421
176800 1.37177 1.75377 1.26634 4.39187 285.451
176900 1.35566 1.76638 1.29679 4.41883 292.919
177000 1.37653 1.74902 1.30493 4.43048 285.706
177100 1.3838 1.7809 1.31059 4.47528 299.508
177200 1.38094 1.82592 1.30843 4.51529 304.952
177300 1.41844 1.79194 1.25518 4.46556 301.174
177400 1.41024 1.72415 1.27348 4.40787 300.472
177500 1.45627 1.63022 1.30751 4.394 287.126
177600 1.44281 1.61796 1.29738 4.35815 285.944
177700 1.4284 1.63857 1.23733 4.3043 282.789
177800 1.39813 1.65973 1.2788 4.33666 304.591
177900 1.36748 1.64424 1.31187 4.32358 310.517
178000 1.34593 1.62957 1.2331 4.2086 294.719
178100 1.28987 1.63721 1.21917 4.14625 292.482
178200 1.2507 1.59502 1.18373 4.02945 290.677
178300 1.30338 1.58999 1.18414 4.07752 283.016
178400 1.33961 1.55672 1.21401 4.11035 289.417
178500 1.34149 1.55495 1.25566 4.1521 310.882
178600 1.37573 1.6219 1.27425 4.27188 300.652
178700 1.37526 1.62359 1.26346 4.26231 298.877
178800 1.33231 1.62092 1.2571 4.21033 289.298
178900 1.28493 1.67353 1.27723 4.23569 287.469
179000 1.30143 1.67243 1.24895 4.22281 312.275
179100 1.29429 1.69349 1.21312 4.2009 310.107
179200 1.37196 1.7814 1.22478 4.37815 295.938
179300 1.35633 1.76355 1.22248 4.34236 296.591
179400 1.35202 1.70827 1.2696 4.32989 292.611
179500 1.29485 1.74901 1.25343 4.29729 303.845
179600 1.28177 1.76235 1.17485 4.21896 309.03
179700 1.34437 1.72769 1.15183 4.22389 311.583
179800 1.39852 1.7539 1.14297 4.29539 303.028
179900 1.44666 1.74368 1.20375 4.39409 288.964
180000 1.38757 1.71071 1.26898 4.36726 295.379
180100 1.31772 1.63554 1.27184 4.22511 300.153
180200 1.31229 1.63994 1.22869 4.18092 313.019
180300 1.29413 1.6114 1.24313 4.14865 326.314
180400 1.27049 1.54253 1.19602 4.00903 310.208
180500 1.21729 1.55782 1.15961 3.93472 296.376
180600 1.24346 1.56397 1.1595 3.96694 292.157
180700 1.21826 1.61126 1.21535 4.04487 301.674
180800 1.18892 1.65087 1.19739 4.03718 313.291
180900 1.1886 1.65509 1.15448 3.99816 312.477
181000 1.19894 1.7225 1.17374 4.09518 308.19
181100 1.24257 1.74077 1.17001 4.15334 301.554
181200 1.25242 1.71822 1.15611 4.12674 284.232
181300 1.26618 1.69856 1.16325 4.12799 293.475
181400 1.33355 1.65856 1.21525 4.20736 305.495
181500 1.40247 1.61906 1.27114 4.29267 304.388
181600 1.42382 1.64269 1.29512 4.36163 304.298
181700 1.3571 1.70304 1.28631 4.34645 300.405
181800 1.37382 1.72481 1.30749 4.40612 286.784
181900 1.42906 1.7186 1.29546 4.44312 272.664
182000 1.42027 1.72667 1.2722 4.41914 285.571
182100 1.34487 1.73652 1.27295 4.35434 306.866
182200 1.33535 1.75547 1.30792 4.39873 305.296
182300 1.33253 1.72213 1.28192 4.33658 301.225
182400 1.34994 1.70936 1.21733 4.27662 286.825
182500 1.40001 1.7486 1.19156 4.34017 288.659
182600 1.4306 1.73302 1.2262 4.38982 308.222
182700 1.37388 1.68462 1.29926 4.35776 309.868
182800 1.37074 1.67035 1.34147 4.38256 303.372
182900 1.32604 1.6852 1.31016 4.32139 298.822
183000 1.29264 1.71029 1.26944 4.27237 285.43
183100 1.29661 1.7187 1.22419 4.2395 294.753
183200 1.2976 1.67118 1.24872 4.2175 307.595
183300 1.29411 1.61435 1.29343 4.20189 311.216
183400 1.31434 1.67164 1.25789 4.24387 299.01
183500 1.34245 1.74285 1.29853 4.38383 293.499
183600 1.33051 1.77973 1.27602 4.38626 291.124
183700 1.36227 1.77292 1.29755 4.43274 309.418
183800 1.4084 1.74221 1.32019 4.47081 316.286
183900 1.41624 1.74768 1.32179 4.48571 309.351
184000 1.40016 1.72685 1.35583 4.48284 298.972
184100 1.39525 1.70783 1.35205 4.45513 288.791
184200 1.4241 1.67263 1.35107 4.4478 298.79
184300 1.46884 1.69634 1.32099 4.48617 305.173
184400 1.47125 1.68746 1.37677 4.53549 301.894
184500 1.46283 1.71313 1.39273 4.56869 295.77
184600 1.50349 1.75506 1.40482 4.66336 281.158
184700 1.51445 1.79837 1.38749 4.7003 284.154
184800 1.51626 1.78351 1.42642 4.72619 302.413
184900 1.47087 1.76893 1.45566 4.69546 311.446
185000 1.42218 1.75074 1.44693 4.61985 308.304
185100 1.35865 1.74407 1.4789 4.58163 287.76
185200 1.32089 1.76048 1.47298 4.55436 284.988
185300 1.31803 1.72389 1.41658 4.4585 300.5
185400 1.35249 1.65741 1.35399 4.36389 300.691
185500 1.36499 1.61098 1.29221 4.26817 307.591
185600 1.36986 1.59178 1.31364 4.27528 298.737
185700 1.31498 1.59838 1.33184 4.2452 288.874
185800 1.27853 1.69601 1.36008 4.33461 289.024
185900 1.29673 1.70369 1.3841 4.38453 302.759
186000 1.32069 1.67879 1.33505 4.33453 314.866
186100 1.30463 1.71766 1.34376 4.36605 309.825
186200 1.35626 1.77352 1.32494 4.45471 290.419
186300 1.30877 1.79144 1.25546 4.35567 289.871
186400 1.30031 1.73085 1.25453 4.28568 298.719
186500 1.37505 1.72158 1.2941 4.39074 298.609
186600 1.37706 1.70963 1.32618 4.41287 299.672
186700 1.38976 1.72645 1.29247 4.40868 310.7
186800 1.43696 1.71816 1.24366 4.39878 311.352
186900 1.46425 1.72534 1.27672 4.46632 318.677
187000 1.50941 1.77358 1.32865 4.61164 297.122
187100 1.54405 1.78525 1.41785 4.74715 295.305
187200 1.5449 1.78459 1.51824 4.84773 299.35
187300 1.53636 1.80863 1.56246 4.90745 298.85
187400 1.52478 1.82919 1.56804 4.92202 301.763
187500 1.48752 1.82138 1.46025 4.76914 319.332
187600 1.46596 1.80252 1.37568 4.64416 305.338
187700 1.48569 1.8054 1.26993 4.56102 299.842
187800 1.4699 1.78198 1.30734 4.55922 298.766
187900 1.49102 1.71827 1.33567 4.54496 295.765
188000 1.43294 1.64185 1.30239 4.37718 301.882
188100 1.3652 1.55803 1.27376 4.19699 307.692
188200 1.30853 1.55829 1.23564 4.10245 312.333
188300 1.28862 1.54695 1.19674 4.03231 302.883
188400 1.25038 1.60312 1.15535 4.00885 291.598
188500 1.23556 1.60126 1.18962 4.02643 287.236
188600 1.19161 1.62609 1.21247 4.03018 301.809
188700 1.14527 1.65355 1.19568 3.9945 314.614
188800 1.09553 1.63981 1.21101 3.94634 312.145
188900 1.04056 1.63451 1.16419 3.83926 298.848
189000 1.08171 1.61346 1.15798 3.85315 288.004
189100 1.12984 1.62198 1.19033 3.94215 297.099
189200 1.15296 1.56497 1.23736 3.95529 309.91
189300 1.14014 1.52762 1.21429 3.88205 314.191
189400 1.18636 1.56005 1.23771 3.98412 312.693
189500 1.17354 1.57886 1.20244 3.95485 310.169
189600 1.19025 1.60011 1.21298 4.00334 300.044
189700 1.26232 1.59222 1.22289 4.07743 304.78
189800 1.30681 1.63159 1.23537 4.17377 283.572
189900 1.34029 1.64018 1.21833 4.1988 293.954
190000 1.35621 1.69243 1.20341 4.25204 299.837
190100 1.35822 1.68019 1.19946 4.23787 311.466
190200 1.36812 1.70501 1.21375 4.28688 314.874
190300 1.36136 1.71855 1.2424 4.32232 291.227
190400 1.35125 1.7456 1.26635 4.36319 288.674
190500 1.32911 1.75122 1.23653 4.31686 309.651
190600 1.33171 1.74307 1.25325 4.32803 302.991
190700 1.36375 1.74135 1.22249 4.32759 294.685
190800 1.32852 1.71951 1.21125 4.25929 295.76
190900 1.34662 1.70811 1.19447 4.24921 292.158
191000 1.37295 1.70381 1.19044 4.2672 307.469
191100 1.36395 1.75106 1.19598 4.31099 311.548
191200 1.3526 1.69408 1.20429 4.25097 297.83
191300 1.38567 1.69381 1.27104 4.35052 297.324
191400 1.40787 1.7638 1.3248 4.49646 294.875
191500 1.40322 1.7828 1.32184 4.50786 285.276
191600 1.38325 1.79305 1.34495 4.52125 286.849
191700 1.39674 1.85117 1.38508 4.63298 309.627
191800 1.41476 1.83239 1.35475 4.60191 308.096
191900 1.42487 1.79231 1.29094 4.50812 296.103
192000 1.44345 1.76571 1.27549 4.48465 284.199
192100 1.43239 1.74281 1.2811 4.4563 294.14
192200 1.42387 1.70331 1.28456 4.41175 311.896
192300 1.3889 1.70586 1.31369 4.40845 308.764
192400 1.38205 1.72359 1.3321 4.43773 303.972
192500 1.34949 1.74003 1.33125 4.42076 288.824
192600 1.36469 1.74249 1.31255 4.41972 284.078
192700 1.31848 1.72575 1.25071 4.29494 305.787
192800 1.28104 1.69775 1.2347 4.21349 305.628
192900 1.30244 1.73684 1.19694 4.23622 297.762
193000 1.34106 1.74758 1.20992 4.29856 293.801
193100 1.34728 1.77375 1.24105 4.36208 302.874
193200 1.41207 1.73996 1.25959 4.41161 306.983
193300 1.43814 1.72321 1.28032 4.44167 303.303
193400 1.43996 1.68172 1.30211 4.4238 309.718
193500 1.43952 1.63206 1.3155 4.38707 278.275
193600 1.39355 1.6537 1.37755 4.42479 297.487
193700 1.33806 1.65912 1.41338 4.41057 310.262
193800 1.33511 1.63801 1.34401 4.31714 306.093
193900 1.31422 1.66786 1.38936 4.37144 298.737
194000 1.29574 1.65789 1.3205 4.27412 301.88
194100 1.33841 1.65047 1.2943 4.28319 308.462
194200 1.33966 1.63984 1.30591 4.28541 288.24
194300 1.25515 1.65048 1.25971 4.16534 281.348
194400 1.26761 1.70307 1.24735 4.21804 288.175
194500 1.31028 1.71687 1.22683 4.25398 301.316
194600 1.325 1.71349 1.23304 4.27153 299.131
194700 1.31317 1.80359 1.22749 4.34425 302.702
194800 1.32171 1.87033 1.22026 4.4123 280.174
194900 1.37078 1.82198 1.21466 4.40742 298.105
195000 1.41208 1.7394 1.24921 4.40068 316.643
195100 1.43004 1.70312 1.26892 4.40208 311.513
195200 1.47003 1.74305 1.28197 4.49506 292.947
195300 1.47971 1.71407 1.29505 4.48883 301.614
195400 1.4976 1.68169 1.29081 4.4701 295.302
195500 1.49224 1.71753 1.26606 4.47583 295.514
195600 1.42873 1.68704 1.25015 4.36592 312.153
195700 1.39736 1.68122 1.27164 4.35022 323.788
195800 1.41713 1.67284 1.28216 4.37213 314.226
195900 1.42282 1.6627 1.31067 4.39619 294.741
196000 1.40801 1.60639 1.32866 4.34306 291.891
196100 1.45912 1.62432 1.37632 4.45976 288.009
196200 1.45746 1.67828 1.37106 4.5068 295.488
196300 1.42519 1.72313 1.31664 4.46497 311.809
196400 1.43142 1.70653 1.28117 4.41911 309.43
196500 1.43545 1.7217 1.26454 4.42169 292.968
196600 1.42549 1.76561 1.22815 4.41924 299.61
196700 1.42673 1.76194 1.18432 4.37299 301.008
196800 1.45629 1.77243 1.18013 4.40885 301.084
196900 1.46196 1.73276 1.2272 4.42192 301.258
197000 1.44453 1.66447 1.23875 4.34775 288.926
197100 1.37034 1.69715 1.25642 4.32391 294.163
197200 1.33632 1.69644 1.24282 4.27559 304.493
197300 1.332 1.67934 1.29603 4.30738 319.065
197400 1.33015 1.66868 1.33075 4.32957 297.228
197500 1.30732 1.70461 1.31897 4.3309 285.027
197600 1.26556 1.7333 1.32301 4.32187 285.944
197700 1.26622 1.70792 1.29975 4.27389 312.293
197800 1.30879 1.73006 1.34327 4.38212 310.005
197900 1.2925 1.70003 1.33335 4.32588 292.05
198000 1.24964 1.71489 1.33547 4.3 301.42
198100 1.2634 1.69841 1.3664 4.32822 295.809
198200 1.22038 1.67524 1.29136 4.18698 306.459
198300 1.20278 1.63175 1.2782 4.11274 322.169
198400 1.18628 1.58116 1.18667 3.9541 304.697
198500 1.15612 1.58022 1.13879 3.87512 300.318
198600 1.17397 1.6246 1.1607 3.95927 290.87
198700 1.21067 1.67733 1.23129 4.11929 300.287
198800 1.259 1.71836 1.21872 4.19608 296.779
198900 1.21549 1.71443 1.18827 4.11819 298.898
199000 1.18373 1.72756 1.20316 4.11444 321.113
199100 1.16446 1.70661 1.21203 4.0831 314.491
199200 1.17594 1.66092 1.19381 4.03068 297.856
199300 1.20495 1.6687 1.20756 4.08122 289.892
199400 1.2526 1.63235 1.22787 4.11282 298.333
199500 1.35068 1.61031 1.23292 4.1939 316.708
199600 1.42737 1.68617 1.26958 4.38312 299.628
199700 1.47286 1.73572 1.28514 4.49372 289.198
199800 1.46185 1.73223 1.33301 4.5271 300.38
199900 1.39138 1.68816 1.33944 4.41897 312.7
200000 1.40034 1.62396 1.33525 4.35955 306.57
