# Time-averaged data for fix myMSD
# TimeStep MSD_X MSD_Y MSD_Z MSD_Total Temperture
100 0.0156485 0.0151893 0.02135 0.0521878 176.828
200 0.0820734 0.0768167 0.102136 0.261026 255.022
300 0.194649 0.137312 0.20369 0.535651 299.124
400 0.296162 0.222694 0.310651 0.829507 337.243
500 0.395872 0.306076 0.394757 1.09671 305.395
600 0.50002 0.374059 0.488365 1.36244 293.626
700 0.55504 0.451684 0.538294 1.54502 302.568
800 0.581866 0.495965 0.55785 1.63568 290.732
900 0.625559 0.543368 0.658185 1.82711 288.586
1000 0.701831 0.626606 0.694545 2.02298 302.84
1100 0.733602 0.68628 0.757044 2.17693 333.399
1200 0.754844 0.771674 0.776514 2.30303 321.356
1300 0.804223 0.890193 0.746001 2.44042 313.093
1400 0.810627 0.992615 0.742477 2.54572 304.865
1500 0.787517 1.02489 0.759031 2.57144 327.063
1600 0.794517 1.1306 0.796405 2.72153 356.392
1700 0.831891 1.05713 0.758058 2.64708 337.385
1800 0.910719 1.00449 0.807995 2.7232 310.397
1900 0.997661 1.02968 0.763287 2.79063 303.691
2000 1.10087 1.1099 0.804904 3.01567 299.81
2100 1.22213 1.14898 0.885588 3.25669 321.192
2200 1.32701 1.16523 0.995649 3.48789 311.731
2300 1.3553 1.28536 1.06908 3.70974 309.808
2400 1.39042 1.31857 1.14311 3.85209 313.276
2500 1.47151 1.33229 1.11697 3.92077 305.814
2600 1.56574 1.28871 1.05684 3.91129 306.56
2700 1.54034 1.27368 1.09441 3.90842 298.059
2800 1.45117 1.30293 1.18572 3.93981 391.806
2900 1.33272 1.37275 1.37547 4.08094 392.897
3000 1.27599 1.34724 1.57259 4.19582 355.481
3100 1.32642 1.3552 1.5527 4.23432 324.719
3200 1.47217 1.39829 1.59877 4.46923 291.696
3300 1.55349 1.41547 1.65658 4.62554 276.742
3400 1.58353 1.34964 1.60641 4.53959 293.253
3500 1.61529 1.30007 1.56647 4.48183 304.484
3600 1.60062 1.36328 1.57841 4.54232 306.691
3700 1.58656 1.49692 1.66436 4.74783 312.024
3800 1.61657 1.55462 1.74084 4.91203 290.577
3900 1.59513 1.47201 1.56007 4.62721 297.467
4000 1.56788 1.43918 1.53001 4.53707 289.097
4100 1.62231 1.53659 1.49911 4.658 310.272
4200 1.61324 1.53623 1.58849 4.73796 307.7
4300 1.62002 1.50952 1.62702 4.75656 303.825
4400 1.61136 1.57142 1.56957 4.75235 286.254
4500 1.66107 1.50033 1.65384 4.81524 285.434
4600 1.76445 1.46926 1.69577 4.92948 307.487
4700 1.86811 1.43043 1.65775 4.95629 309.299
4800 1.83575 1.4088 1.78228 5.02683 310.899
4900 1.65461 1.55931 1.736 4.94992 310.878
5000 1.52533 1.62359 1.7558 4.90472 309.602
5100 1.5373 1.62211 1.7479 4.90731 290.65
5200 1.61707 1.68961 1.76915 5.07584 296.969
5300 1.7979 1.69525 1.67373 5.16688 304.356
5400 1.88737 1.65954 1.67697 5.22387 303.136
5500 1.73155 1.67742 1.7572 5.16617 324.372
5600 1.52842 1.68168 1.7536 4.9637 311.414
5700 1.39501 1.63363 1.78207 4.8107 307.317
5800 1.37887 1.60173 1.78173 4.76232 291.201
5900 1.3206 1.5509 1.77217 4.64367 312.484
6000 1.18232 1.58871 1.78676 4.55779 304.556
6100 1.11362 1.58397 1.70858 4.40616 287.884
6200 1.08126 1.47069 1.68073 4.23268 308.457
6300 1.0516 1.4274 1.67085 4.14985 294.087
6400 0.977366 1.47919 1.68839 4.14495 291.954
6500 0.963267 1.47596 1.71 4.14923 290.885
6600 0.97829 1.52899 1.64545 4.15273 315.255
6700 1.04289 1.53811 1.59228 4.17328 314.522
6800 1.02033 1.53777 1.59693 4.15503 301.409
6900 0.986384 1.57431 1.58256 4.14325 289.386
7000 1.02716 1.45346 1.51957 4.00018 299.425
7100 1.13635 1.38465 1.53825 4.05925 315.242
7200 1.232 1.3525 1.5622 4.14669 286.178
7300 1.39295 1.43465 1.5562 4.38379 288.703
7400 1.41018 1.45996 1.59966 4.4698 314.248
7500 1.2726 1.53276 1.59815 4.40351 335.081
7600 1.20109 1.55134 1.53821 4.29064 307.389
7700 1.20251 1.5113 1.52999 4.2438 296.952
7800 1.28576 1.46408 1.53505 4.28489 290.564
7900 1.3108 1.42712 1.52344 4.26136 291.834
8000 1.24874 1.4897 1.54427 4.2827 287.658
8100 1.23736 1.42768 1.5676 4.23264 319.296
8200 1.24403 1.42559 1.57476 4.24439 313.934
8300 1.27869 1.46375 1.56718 4.30962 308.047
8400 1.25827 1.53782 1.61983 4.41592 351.517
8500 1.24706 1.61177 1.66782 4.52664 336.167
8600 1.19499 1.73625 1.70793 4.63916 316.218
8700 1.19176 1.92775 1.62305 4.74256 317.858
8800 1.23366 2.04861 1.6261 4.90837 308.933
8900 1.30103 2.10732 1.6773 5.08565 298.103
9000 1.41287 2.12074 1.78212 5.31574 308.19
9100 1.48023 2.13641 1.84484 5.46148 315.555
9200 1.58384 2.13556 1.8328 5.5522 313.123
9300 1.65589 2.28916 1.78932 5.73437 313.849
9400 1.73808 2.32068 1.79771 5.85646 307.52
9500 1.75558 2.27046 1.95023 5.97627 314.151
9600 1.85972 2.35754 1.96356 6.18082 302.902
9700 1.93546 2.56608 1.94691 6.44844 296.857
9800 2.28201 2.80042 1.91845 7.00088 289.275
9900 2.67962 2.97315 1.95437 7.60714 304.678
10000 2.78896 3.06722 1.89649 7.75268 323.282
10100 2.79641 2.97671 1.97263 7.74574 318.973
10200 2.84715 2.99028 1.91925 7.75668 303.872
10300 2.93671 2.95558 1.92947 7.82175 309.362
10400 2.92667 2.86407 1.97091 7.76165 300.925
10500 2.645 2.71082 2.00466 7.36049 300.034
10600 2.51483 2.53709 1.96433 7.01624 292.376
10700 2.4747 2.49066 1.89692 6.86228 310.705
10800 2.4828 2.50766 1.90921 6.89967 338.22
10900 2.69327 2.59608 1.96551 7.25486 314.594
11000 2.86815 2.67047 2.10133 7.63995 307.956
11100 2.9254 2.76763 2.1021 7.79513 295.186
11200 2.9121 2.78603 2.00366 7.7018 285.017
11300 3.00118 2.68426 2.07922 7.76466 304.847
11400 2.88843 2.47131 2.16277 7.52251 309.944
11500 2.60753 2.33358 2.10842 7.04953 303.976
11600 2.33531 2.28174 2.09052 6.70757 292.736
11700 2.29283 2.30329 2.03758 6.63371 302.821
11800 2.19417 2.24474 2.05611 6.49502 299.865
11900 2.22321 2.1785 2.03777 6.43949 287.39
12000 2.19256 2.2156 2.04869 6.45684 300.493
12100 2.25588 2.28091 2.09358 6.63037 311.29
12200 2.38095 2.28707 2.1513 6.81932 309.251
12300 2.45374 2.20541 2.17504 6.8342 301.831
12400 2.48933 2.2186 2.2185 6.92643 292.123
12500 2.54767 2.1499 2.18851 6.88608 293.736
12600 2.67008 2.00988 2.0749 6.75486 302.562
12700 2.87887 2.00992 2.12959 7.01838 310.978
12800 3.01585 2.12521 2.22476 7.36582 281.615
12900 3.18575 2.15202 2.2546 7.59238 279.391
13000 3.16478 2.16841 2.12484 7.45803 293.362
13100 3.02385 2.26218 2.02022 7.30625 310.062
13200 3.02124 2.38894 2.05029 7.46047 301.512
13300 2.98896 2.52262 2.19975 7.71132 298.047
13400 2.95225 2.61482 2.2451 7.81218 288.095
13500 2.90023 2.55636 2.20269 7.65928 281.926
13600 2.76127 2.47812 2.18003 7.41943 285.367
13700 2.68183 2.55126 2.12444 7.35753 297.029
13800 2.59349 2.57804 2.13025 7.30178 298.005
13900 2.43652 2.70099 2.12308 7.26059 314.229
14000 2.37188 2.72768 2.08633 7.18589 297.892
14100 2.29285 2.74854 2.14369 7.18508 299.085
14200 2.20746 2.76642 2.12729 7.10117 290.731
14300 2.13671 2.65429 2.1059 6.8969 298.041
14400 2.08322 2.36464 2.07092 6.51878 286.773
14500 2.17637 2.27977 2.05967 6.51581 308.453
14600 2.04791 2.44951 2.08555 6.58297 303.963
14700 2.08877 2.55822 2.16198 6.80897 308.673
14800 2.19035 2.67095 2.2219 7.0832 292.218
14900 2.19704 2.7327 2.27508 7.20482 289.109
15000 2.20085 2.62606 2.3121 7.139 298.696
15100 2.21032 2.60342 2.37797 7.19171 300.93
15200 2.30662 2.65264 2.49718 7.45644 306.229
15300 2.22775 2.80695 2.68363 7.71833 290.908
15400 2.25139 2.98793 2.91467 8.154 305.457
15500 2.205 3.10704 3.00652 8.31856 298.164
15600 2.11719 2.95488 2.93525 8.00732 297.864
15700 2.03412 2.79007 2.99818 7.82237 278.203
15800 2.056 2.72568 2.92713 7.70881 284.115
15900 2.03068 2.66027 2.87219 7.56314 308.734
16000 2.11885 2.67294 2.85864 7.65043 297.98
16100 2.29827 2.81241 2.83213 7.9428 314.343
16200 2.63495 3.02437 2.77865 8.43798 301.102
16300 2.79675 3.19508 2.75631 8.74813 290.222
16400 2.73879 3.27212 2.61961 8.63053 290.606
16500 2.80299 3.25032 2.5655 8.61881 287.127
16600 2.57251 3.14732 2.62141 8.34125 298.738
16700 2.38926 3.19987 2.68753 8.27667 315.643
16800 2.46019 3.14773 2.7865 8.39442 298.775
16900 2.50681 3.14903 2.90636 8.5622 296.728
17000 2.63798 3.15448 3.01833 8.81078 283.036
17100 2.67598 3.29474 3.04981 9.02052 285.635
17200 2.65946 3.39285 3.11699 9.16929 294.877
17300 2.7296 3.25748 3.15536 9.14244 302.649
17400 2.6529 3.11383 2.95932 8.72605 310.385
17500 2.55138 2.90605 2.85091 8.30834 304.897
17600 2.6817 2.69579 2.74361 8.12111 289.104
17700 2.95734 2.55883 2.78925 8.30542 283.768
17800 3.09956 2.4325 2.79658 8.32864 291.099
17900 2.96465 2.34311 2.84026 8.14802 311.532
18000 2.86135 2.38491 2.86508 8.11135 309.548
18100 2.91395 2.51546 2.79279 8.22219 300.808
18200 2.98226 2.70953 2.77452 8.46631 293.571
18300 3.06078 2.66545 2.84505 8.57128 294.621
18400 3.10824 2.46 2.99963 8.56786 308.341
18500 3.06296 2.35924 3.1331 8.5553 329.219
18600 3.13463 2.30344 3.18364 8.62171 322.502
18700 3.24958 2.37185 3.21321 8.83464 310.372
18800 3.14228 2.67343 3.26892 9.08463 291.381
18900 3.02886 3.00823 3.11583 9.15292 298.889
19000 3.07518 3.28344 2.92458 9.28321 299.147
19100 3.05582 3.26041 3.04068 9.35691 298.865
19200 3.01345 3.18409 3.33538 9.53292 304.548
19300 2.97866 3.12318 3.30192 9.40377 311.451
19400 2.92463 3.00644 2.95222 8.88329 299.949
19500 2.94513 2.91308 2.64771 8.50592 291.125
19600 2.79788 2.90163 2.43576 8.13527 287.664
19700 2.66883 2.89247 2.28989 7.85118 293.527
19800 2.52363 2.83461 2.10842 7.46666 308.059
19900 2.42697 3.07023 1.95398 7.45118 306.073
20000 2.4234 3.15516 1.91987 7.49842 298.705
