# Time-averaged data for fix myMSD
# TimeStep MSD_X MSD_Y MSD_Z MSD_Total Temperture
100 0.0183388 0.0180193 0.0151888 0.0515469 182.619
200 0.0732182 0.0663105 0.0645576 0.204086 235.951
300 0.142745 0.137838 0.135882 0.416464 287.362
400 0.212794 0.202928 0.196957 0.612679 307.572
500 0.266455 0.233809 0.24626 0.746524 316.781
600 0.309082 0.261434 0.263039 0.833556 315.608
700 0.348197 0.305073 0.289386 0.942656 318.174
800 0.394615 0.332214 0.286894 1.01372 307.282
900 0.407975 0.356156 0.305482 1.06961 313.053
1000 0.42332 0.367136 0.349257 1.13971 317.997
1100 0.428701 0.386581 0.41348 1.22876 304.622
1200 0.416389 0.393173 0.430504 1.24007 297.326
1300 0.394672 0.365911 0.409636 1.17022 286.752
1400 0.407752 0.393493 0.408386 1.20963 305.749
1500 0.418773 0.428401 0.405727 1.2529 320.499
1600 0.446965 0.439526 0.402501 1.28899 299.423
1700 0.472029 0.474099 0.412602 1.35873 329.361
1800 0.478639 0.507158 0.39855 1.38435 330.684
1900 0.479071 0.522557 0.39941 1.40104 318.115
2000 0.474305 0.549996 0.419114 1.44342 320.206
2100 0.480495 0.590216 0.44535 1.51606 301.955
2200 0.493557 0.609115 0.447298 1.54997 307.263
2300 0.525085 0.624431 0.482133 1.63165 315.941
2400 0.523072 0.631464 0.507227 1.66176 305.146
2500 0.542796 0.635568 0.527158 1.70552 303.755
2600 0.555996 0.64864 0.553359 1.75799 302.589
2700 0.585469 0.682927 0.565476 1.83387 306.521
2800 0.5747 0.722329 0.569069 1.8661 307.752
2900 0.582929 0.754744 0.559353 1.89703 301.184
3000 0.615563 0.791968 0.569054 1.97658 315.894
3100 0.692502 0.82275 0.594628 2.10988 322.712
3200 0.705703 0.812052 0.593274 2.11103 311.126
3300 0.759037 0.813334 0.583918 2.15629 309.72
3400 0.817532 0.827483 0.582991 2.22801 304.734
3500 0.82659 0.808238 0.596943 2.23177 335.867
3600 0.826077 0.838027 0.619864 2.28397 312.885
3700 0.825924 0.837915 0.618161 2.282 300.758
3800 0.855095 0.884407 0.646065 2.38557 300.165
3900 0.792072 0.862555 0.63907 2.2937 308.03
4000 0.742867 0.837034 0.596264 2.17617 298.374
4100 0.774993 0.848387 0.606703 2.23008 305.721
4200 0.783822 0.855758 0.613408 2.25299 315.628
4300 0.863259 0.859637 0.628992 2.35189 319.596
4400 0.895364 0.862667 0.625972 2.384 300.509
4500 0.952716 0.901917 0.650733 2.50537 321.626
4600 1.02846 0.942354 0.697471 2.66828 310.858
4700 1.04425 0.921708 0.696806 2.66276 305.108
4800 1.05949 0.899309 0.704943 2.66374 294.763
4900 1.07299 0.921408 0.744692 2.73909 296.507
5000 1.09546 0.889024 0.777325 2.76181 306.674
5100 1.10247 0.910148 0.781592 2.79421 332.142
5200 1.06175 0.897672 0.788699 2.74812 325.622
5300 1.03674 0.968393 0.812087 2.81722 314.267
5400 1.09882 1.05244 0.805224 2.95649 302.678
5500 1.14054 1.06975 0.815647 3.02594 297.654
5600 1.14965 1.05441 0.786816 2.99087 297.386
5700 1.19868 1.02229 0.76388 2.98485 298.811
5800 1.28718 1.04914 0.773255 3.10958 294.573
5900 1.25513 1.11007 0.770144 3.13534 289.742
6000 1.20061 1.103 0.752867 3.05649 308.569
6100 1.22928 1.09815 0.785165 3.11259 300.007
6200 1.21793 1.1317 0.85091 3.20054 293.603
6300 1.26636 1.16551 0.854944 3.28681 299.655
6400 1.32377 1.16684 0.845708 3.33632 294.071
6500 1.29788 1.18026 0.869151 3.34729 286.353
6600 1.21839 1.25446 0.918737 3.39158 273.182
6700 1.23963 1.27372 0.958248 3.47159 297.099
6800 1.27637 1.2706 1.05034 3.59731 306.279
6900 1.18457 1.25675 1.10231 3.54363 311.869
7000 1.18557 1.27354 1.17543 3.63454 302.313
7100 1.33074 1.2995 1.19407 3.8243 285.172
7200 1.32975 1.29392 1.22247 3.84614 290.289
7300 1.25033 1.261 1.2494 3.76074 306.519
7400 1.28478 1.23545 1.23285 3.75308 314.319
7500 1.26143 1.26335 1.26581 3.79059 300.372
7600 1.35461 1.24487 1.25427 3.85375 295.077
7700 1.47107 1.219 1.29818 3.98825 294.48
7800 1.40294 1.28377 1.33788 4.02459 325.995
7900 1.36568 1.35815 1.41725 4.14108 320.797
8000 1.34359 1.36979 1.45254 4.16592 312.144
8100 1.37936 1.34134 1.44204 4.16274 307.821
8200 1.45875 1.3278 1.45767 4.24422 303.693
8300 1.51724 1.34628 1.54271 4.40622 296.052
8400 1.55367 1.4115 1.62166 4.58683 297.17
8500 1.61805 1.49103 1.65335 4.76243 294.515
8600 1.6699 1.49854 1.72904 4.89748 317.578
8700 1.63723 1.48408 1.71149 4.8328 320.841
8800 1.61911 1.47784 1.77185 4.8688 304.552
8900 1.62073 1.48777 1.73507 4.84357 294.87
9000 1.55357 1.50686 1.73529 4.79572 305.665
9100 1.59585 1.50016 1.72297 4.81898 291.594
9200 1.52209 1.47075 1.68577 4.6786 291.644
9300 1.46637 1.45351 1.61897 4.53885 283.425
9400 1.53915 1.45367 1.56834 4.56116 291.006
9500 1.56763 1.48043 1.58689 4.63496 312.619
9600 1.53412 1.46073 1.56395 4.55879 306.747
9700 1.62341 1.46257 1.55366 4.63964 295.852
9800 1.61654 1.45375 1.56989 4.64018 299.085
9900 1.56924 1.47984 1.61396 4.66304 294.764
10000 1.61185 1.53204 1.6492 4.79309 287.314
10100 1.6107 1.62995 1.71302 4.95367 292.888
10200 1.54941 1.64257 1.82305 5.01502 308.224
10300 1.51598 1.63495 1.90123 5.05216 306.179
10400 1.51357 1.69401 1.8892 5.09678 315.674
10500 1.55835 1.75275 1.86824 5.17934 315.31
10600 1.54044 1.74594 1.85863 5.14501 307.408
10700 1.49054 1.72277 1.82539 5.03869 293.28
10800 1.45346 1.68114 1.82719 4.96179 290.975
10900 1.46455 1.70121 1.83359 4.99936 295.806
11000 1.55632 1.67896 1.78551 5.02079 316.649
11100 1.63231 1.65723 1.78806 5.07759 330.684
11200 1.63742 1.64032 1.74244 5.02018 314.101
11300 1.61262 1.61622 1.78633 5.01517 295.025
11400 1.55674 1.55544 1.83224 4.94442 296.179
11500 1.54642 1.5905 1.85417 4.99109 295.078
11600 1.57203 1.68526 1.85877 5.11606 306.868
11700 1.58792 1.70749 1.84266 5.13808 312.987
11800 1.54968 1.67321 1.8034 5.02629 313.835
11900 1.57059 1.67316 1.81605 5.05979 307.587
12000 1.54512 1.70128 1.78503 5.03143 298.173
12100 1.47835 1.64731 1.78182 4.90747 291.106
12200 1.4489 1.61733 1.75825 4.82448 301.322
12300 1.37412 1.63106 1.78671 4.7919 301.181
12400 1.37698 1.63199 1.77352 4.7825 317.409
12500 1.46101 1.68064 1.83419 4.97584 318.497
12600 1.491 1.63894 1.88084 5.01079 302.552
12700 1.58947 1.67142 1.87708 5.13798 298.701
12800 1.62831 1.753 1.93188 5.31319 310.462
12900 1.62069 1.81551 1.93339 5.36959 287.211
13000 1.65503 1.81985 1.93879 5.41367 287.874
13100 1.67599 1.79324 1.91627 5.3855 307.406
13200 1.66494 1.87786 1.93851 5.48131 303.081
13300 1.68874 1.9007 1.89755 5.48699 308.764
13400 1.65057 1.88597 1.94047 5.47701 298.662
13500 1.62262 1.8444 1.94805 5.41507 293.373
13600 1.64777 1.82202 1.9796 5.44939 302.557
13700 1.67609 1.83611 1.99461 5.50681 307.414
13800 1.67545 1.88765 2.05489 5.61799 305.28
13900 1.64008 1.93101 2.07232 5.64341 302.654
14000 1.6469 2.00176 2.11476 5.76343 292.988
14100 1.66964 2.01814 2.10363 5.79142 285.881
14200 1.67339 1.99793 2.02663 5.69795 304.849
14300 1.64266 1.94571 1.89099 5.47936 312.822
14400 1.56943 1.90227 1.75526 5.22696 308.053
14500 1.50519 1.8812 1.71608 5.10247 303.576
14600 1.49046 1.80794 1.75017 5.04857 296.329
14700 1.52975 1.76383 1.76854 5.06213 297.803
14800 1.59005 1.79293 1.82712 5.2101 306.891
14900 1.72079 1.79565 1.90277 5.41922 300.96
15000 1.67523 1.79905 1.96579 5.44007 304.45
15100 1.59101 1.8124 1.96188 5.36529 295.35
15200 1.5986 1.82385 1.94343 5.36588 298.998
15300 1.62356 1.81746 1.86353 5.30455 301.669
15400 1.68593 1.78191 1.81341 5.28125 291.97
15500 1.73027 1.80167 1.82212 5.35407 293.771
15600 1.70219 1.84562 1.87789 5.42571 294.089
15700 1.65183 1.88034 1.91433 5.4465 310.75
15800 1.57851 1.86924 1.9486 5.39636 313.618
15900 1.54577 1.85404 2.05739 5.45721 308.06
16000 1.56472 1.88271 2.05559 5.50303 294.235
16100 1.56669 1.85373 2.02532 5.44575 294.883
16200 1.61467 1.83918 1.97754 5.43139 301.624
16300 1.64906 1.9034 1.94456 5.49702 314.372
16400 1.61469 1.9368 1.92226 5.47374 314.928
16500 1.58894 1.91598 1.87017 5.37508 301.116
16600 1.5662 1.83304 1.8748 5.27404 289.834
16700 1.53039 1.78282 1.82932 5.14252 292.846
16800 1.53498 1.75281 1.83958 5.12737 313.134
16900 1.55967 1.79427 1.87064 5.22458 334.476
17000 1.62273 1.80717 1.89428 5.32418 331.933
17100 1.68172 1.83673 1.91883 5.43727 317.853
17200 1.69132 1.8305 1.95883 5.48065 300.705
17300 1.69826 1.86121 2.00458 5.56405 297.314
17400 1.68808 1.92389 2.03099 5.64296 285.797
17500 1.69527 1.93122 2.04875 5.67523 292.175
17600 1.71511 1.91028 2.05353 5.67892 307.432
17700 1.74887 1.90298 2.02651 5.67835 309.637
17800 1.72173 1.889 1.97412 5.58484 297.823
17900 1.69515 1.90776 1.92104 5.52395 295.074
18000 1.67736 1.92176 1.87197 5.47108 286.651
18100 1.6404 1.8619 1.89021 5.39251 292.803
18200 1.61363 1.84943 1.89584 5.35891 311.119
18300 1.5995 1.89036 1.92853 5.41839 303.374
18400 1.62901 1.9152 1.97412 5.51833 290.426
18500 1.63587 1.86743 1.93839 5.44169 299.935
18600 1.64059 1.88399 1.95519 5.47977 301.929
18700 1.61805 1.92018 2.03346 5.57169 322.808
18800 1.64865 1.96266 2.06236 5.67366 302.207
18900 1.67278 1.97469 2.07579 5.72325 301.271
19000 1.68521 1.9349 2.0191 5.63921 289.902
19100 1.64604 1.80778 2.04971 5.50352 296.683
19200 1.65118 1.85234 2.0292 5.53272 302.596
19300 1.7117 1.9729 1.99718 5.68178 316.513
19400 1.70271 2.03788 1.95608 5.69667 300.982
19500 1.69444 2.00597 1.92917 5.62958 304.918
19600 1.67024 2.06192 1.86322 5.59537 294.012
19700 1.64762 2.1178 1.85853 5.62395 299.48
19800 1.65849 2.11495 1.81742 5.59086 286.02
19900 1.69831 2.12486 1.83054 5.65371 276.255
20000 1.67302 2.0512 1.84528 5.56951 291.562
