# Stress and strain vectors, 333-EXP-1-vasp, positive deformation 1
# eps sig1 sig2 sig3 sig4 sig5 sig6
0 -0 -0 -0 -0 -0 -0
0.00200000000000002 -0.823691470265167 0.175628413211236 0.0678800311405164 -0.349573644431151 0.0687603360636773 0.441009712419343
0.00400000000000005 -0.254758295778336 0.359530231216945 0.619412801284304 0.000907361922775581 -0.144683849830656 0.475141108399393
0.00599999999999995 -0.169880521685641 0.792947434635896 0.580357472996077 -0.0165375112323026 0.105895444487366 0.51800463521019
0.008 0.0502193838030758 1.20429423736179 1.03379500869637 -0.204195832525363 0.0396398915479672 0.312146526063148
0.01 -0.398557375864792 0.634066667762455 0.770094692397365 -0.345693944342291 0.15956009032919 0.349635410425007
0.012 -0.197439301048701 0.939161420545468 0.746015181653052 -0.478974222159889 0.106753040673215 0.17258688459672
0.0140000000000001 0.338178010237724 1.53911394768149 1.09098540397478 -0.0710099181506977 0.106297923000959 0.135879623486357
0.0159999999999999 -0.164249739712144 0.700224893149517 0.503149776740634 0.347179578044072 -0.0270563206570577 0.39321228151117
0.018 0.216757679163602 0.886977696428168 0.708474958369982 0.0612758136897094 -0.24295526267392 0.00347635636541212
0.02 0.727387880445106 0.681342594972882 0.619214945294992 -0.188308148425967 -0.229522446099747 0.304592042716927
0.022 0.793293700120632 1.04768071629967 0.528215276783497 -0.20029033649047 -0.36595484602592 0.260683788355438
0.0240000000000001 0.427220598816513 0.530265664962327 0.458134265131285 0.0259189990173326 -0.109662931783568 -0.0159465334689379
0.0259999999999999 0.465919559135384 0.720690623674015 0.62910150005572 -0.127026218424338 -0.0485993719278655 0.308185296143878
0.0279999999999999 0.767076805637186 0.823193828434705 0.118659266615424 -0.136821657620084 -0.0503099301621234 0.281673674709911
0.03 1.16813930113384 0.928698271344497 0.687431839303451 -0.158294744997965 -0.095750828301745 0.00369955529249412
0.032 1.1534366699659 1.04316167391319 1.09509031772109 -0.067698553683772 0.29442659874552 0.37925127105287
0.034 1.40878078634177 1.43577819025707 1.49864654492937 -0.0610339368476659 -0.120216963251479 0.131162560439309
0.0359999999999999 1.26680355987148 1.1082271754019 1.36359970807531 -0.253673965544001 -0.251617294284189 0.0737844934913163
0.0379999999999999 1.12345711297499 0.584083318210715 0.847859377202345 -0.150968818634914 0.165325370600819 0.13980918508651
0.04 1.50106032748053 0.363843763100609 0.665419443314983 -0.124899138172833 -0.0900551194141886 0.260526803280148
0.042 1.55507180483397 0.249491413820052 0.433692633496618 -0.225983389713568 -0.0627578623808404 0.415292929540566
0.044 1.92912588669891 0.787850092285281 0.95912834692535 -0.228815926513374 0.165050786417504 0.125905142321211
0.0459999999999999 1.728283022797 0.980045973701038 0.903361569179939 -0.068352886968765 -0.0590129590590845 0.0736241085557348
0.0479999999999999 1.64030897648006 1.04923979444167 1.28194350280794 -0.0372102905636593 -0.19269327376356 -0.0490498803049634
0.05 2.10192311617904 0.905954870171068 1.36235499559208 -0.0948031280389332 -0.139884813089748 0.154214952835167
0.052 1.99535655988787 1.10440102886493 0.805840991954624 -0.0777870694812421 -0.0771271958754651 0.0175999835771309
0.054 1.47965661743349 0.919768587634317 0.454842877936005 0.00106265256568931 0.0632430190679736 -0.0321348144161896
0.0559999999999999 1.74035629667358 0.858528107952753 1.08088877972414 -0.0458961526315929 0.0111049993416592 0.0153924069211234
0.0579999999999999 2.67043694974875 1.36500268296863 0.99114940331041 -0.281107545591157 0.0486461984853856 0.063780771405008
0.06 2.21627662414421 0.674278367167985 0.760759201419154 -0.118108781286409 0.0123880336439749 0.349250576930861
0.062 2.66486844324279 1.12547294926508 1.22820990321686 -0.13339912792826 0.0524766110880466 -0.0383863239437705
0.064 2.52970481672258 0.679534578086662 0.725335026585665 -0.136580919158828 0.100057902324216 -0.0350461132678838
0.0659999999999999 2.62048076231898 0.378461342906085 0.519926901015303 0.0835740685768176 0.0245728960602273 0.0848424071349351
0.068 2.52623047842953 0.947454227834282 0.874293019112039 -0.0290708911539994 0.18736646375454 0.113230311844955
0.07 2.80531047662133 1.40356662775838 1.65020354325839 0.0280561946679874 0.066250202988464 -0.0226229784824557
0.072 2.50011584373628 0.997881380039326 0.852970014406951 -0.122964053296843 -0.0901749604447293 0.00387195852312307
0.074 2.43704646304281 1.08509594927905 0.945027245031876 0.0428368343878977 -0.239831345060603 0.256726323256803
0.076 2.81444920523394 1.49992532923228 0.909932227058409 -0.131486386427544 -0.252119541019082 -0.00165918066689933
0.078 2.61523457745354 0.794647995404185 0.832508292042156 -0.0268729659618462 -0.116345020594473 0.200608755553443
0.08 1.8249858754412 0.477588148654478 0.228761062972347 0.2073134356798 -0.0351931412790983 0.226948088812357
0.082 2.0752837827445 0.492124283219126 0.546376733157701 0.321903268827824 -0.277403827424415 0.120139345065628
0.084 3.01006632877947 0.55379104675558 0.563429787351221 0.0565181652073689 -0.415256003620906 -0.0368487106616452
0.086 3.11527063208456 1.06984143237739 0.726604061690791 0.026805917675978 -0.258695937656569 0.0847009596231104
0.088 3.0066463574813 1.26535312740992 0.692119640120989 -0.249415252089695 0.00127568440983963 0.0868924639515655
0.09 2.43827236414748 1.08510378966713 0.692901412862175 -0.0565264851137822 -0.12633320891943 0.280577545841893
0.092 2.93655123807901 0.845288993162455 0.956378640875022 -0.00614967070873783 0.0723298410666352 0.181258240737173
0.094 2.96110550609329 1.15739532784903 0.970139311056208 0.125958146613285 0.178912593467807 -0.0639671785159339
0.096 2.55033636898967 0.630574918870839 0.574574615858754 0.0214216847921404 0.101687313528983 0.249133539447259
0.098 3.19005182504 0.895513448710308 0.527417223427365 0.0182358800000461 -0.114498715222029 -0.0271548776284392
0.1 2.76170392622983 0.776528761849852 0.245991330302375 0.12075266458595 0.104542690480757 0.227382651141056
